[2018-09-09T16:11:12.422] [ERROR] err - [login][POST][502]: timeout
[2018-09-09T16:21:30.865] [ERROR] err - [login][POST][500]: { Error: getaddrinfo ENOTFOUND http http:80
    at errnoException (dns.js:50:10)
    at GetAddrInfoReqWrap.onlookup [as oncomplete] (dns.js:92:26)
  code: 'ENOTFOUND',
  errno: 'ENOTFOUND',
  syscall: 'getaddrinfo',
  hostname: 'http',
  host: 'http',
  port: 80 }
[2018-09-09T16:31:47.310] [ERROR] err - [login][POST][500]: { Error: getaddrinfo ENOTFOUND http http:80
    at errnoException (dns.js:50:10)
    at GetAddrInfoReqWrap.onlookup [as oncomplete] (dns.js:92:26)
  code: 'ENOTFOUND',
  errno: 'ENOTFOUND',
  syscall: 'getaddrinfo',
  hostname: 'http',
  host: 'http',
  port: 80 }
[2018-09-09T16:33:52.700] [ERROR] err - [login][POST][500]: { Error: getaddrinfo ENOTFOUND http http:80
    at errnoException (dns.js:50:10)
    at GetAddrInfoReqWrap.onlookup [as oncomplete] (dns.js:92:26)
  code: 'ENOTFOUND',
  errno: 'ENOTFOUND',
  syscall: 'getaddrinfo',
  hostname: 'http',
  host: 'http',
  port: 80 }
[2018-09-09T16:40:17.101] [ERROR] err - [login][POST][500]: { Error: getaddrinfo ENOTFOUND http http:80
    at errnoException (dns.js:50:10)
    at GetAddrInfoReqWrap.onlookup [as oncomplete] (dns.js:92:26)
  code: 'ENOTFOUND',
  errno: 'ENOTFOUND',
  syscall: 'getaddrinfo',
  hostname: 'http',
  host: 'http',
  port: 80 }
[2018-09-09T16:41:33.505] [ERROR] err - [login][POST][500]: { Error: getaddrinfo ENOTFOUND http http:80
    at errnoException (dns.js:50:10)
    at GetAddrInfoReqWrap.onlookup [as oncomplete] (dns.js:92:26)
  code: 'ENOTFOUND',
  errno: 'ENOTFOUND',
  syscall: 'getaddrinfo',
  hostname: 'http',
  host: 'http',
  port: 80 }
[2018-09-09T16:45:47.709] [ERROR] err - [warehouse/Query?token=eyJhcHBLZXkiOiI1ZTYwYjdhNi1kZGQ5LTRhOTctYThhMy1hMzE3OGJkYjYwMDQiLCJhdXRoSW5mbyI6ImV5SmhiR2NpT2lKUVV6STFOaUo5LmV5SmhZMk5sYzNOZmRHOXJaVzRpT2lJME1XUmxOVFk1TkMxak9UZzFMVFJtWkdVdE9Ea3laaTAyTWpCbE56VTJOR0UyWVRBaUxDSnpkV0lpT2lKbExXTnZiVzFsY21ObElpd2laR0YwWVhNaU9pSTNOMlE1WVRSaE5ESmxNV0kyTWpVMU1HUTBZekU1TXpNNFltUm1NMlZtTXlJc0ltVjRjQ0k2TVRVek5qVXhNamMwTlgwLllDNVVnbW43Vk9UX19lZURXVWJXZXdPM2pPZXpBVGFsYVZvOFJqT2kwb1Y1c0pvVEY3SjNhV3NwRGlDM2hSMlRoNVJHYThSTFJBekIzV3F0Xzl4SDR3T1dWZ0JPVUFDWWsxYlZaeVJIaldMb1ZGeURja281TFQ4cjhWQURLcDk2ekpNZmJaSVVCMHRZOTFRTVUwM1NVdzk1eWdiM3pGSjE5NWxQc043eVFtOCIsIm9yZ0lkIjoiIn0=][POST][500]: { Error: connect ETIMEDOUT 122.14.221.177:8088
    at Object._errnoException (util.js:992:11)
    at _exceptionWithHostPort (util.js:1014:20)
    at TCPConnectWrap.afterConnect [as oncomplete] (net.js:1186:14)
  code: 'ETIMEDOUT',
  errno: 'ETIMEDOUT',
  syscall: 'connect',
  address: '122.14.221.177',
  port: 8088 }
[2018-09-09T16:49:18.458] [ERROR] err - [Project/Query?token=eyJhcHBLZXkiOiI1ZTYwYjdhNi1kZGQ5LTRhOTctYThhMy1hMzE3OGJkYjYwMDQiLCJhdXRoSW5mbyI6ImV5SmhiR2NpT2lKUVV6STFOaUo5LmV5SmhZMk5sYzNOZmRHOXJaVzRpT2lKaVptUXlaakF5TlMwM05qWmtMVFE0TkRRdFlqZzBaQzB6TURJMk9EWTFOemRtTldFaUxDSnpkV0lpT2lKbExXTnZiVzFsY21ObElpd2laR0YwWVhNaU9pSTNOMlE1WVRSaE5ESmxNV0kyTWpVMU1HUTBZekU1TXpNNFltUm1NMlZtTXlJc0ltVjRjQ0k2TVRVek5qVXhNamsxTm4wLktLX2t2eWZVRVhqd3NxNWlQLUFCRUVVVmdYQllESEVvQjc1NUs3UFQwdkU1NFAzY3VPLTRndUVteW5tMDY2enJveC1xbC1VNXJKeC00d2t6NXhhVnBZRWNhOWlVV0VQd09UbWpyRmNWc0F0QkFlUjNQdFdZMXRWaUhYaFlnZ2xwb0hKU2xIdFBjc0JXbDlYaVdaZGJlZFR2WnFucXdHdUljdU5obzl0S1laUSIsIm9yZ0lkIjoiIn0=][POST][500]: { Error: connect ETIMEDOUT 122.14.221.177:8088
    at Object._errnoException (util.js:992:11)
    at _exceptionWithHostPort (util.js:1014:20)
    at TCPConnectWrap.afterConnect [as oncomplete] (net.js:1186:14)
  code: 'ETIMEDOUT',
  errno: 'ETIMEDOUT',
  syscall: 'connect',
  address: '122.14.221.177',
  port: 8088 }
[2018-09-09T17:12:20.327] [ERROR] err - [login][POST][500]: { Error: connect ETIMEDOUT 122.14.221.177:8088
    at Object._errnoException (util.js:992:11)
    at _exceptionWithHostPort (util.js:1014:20)
    at TCPConnectWrap.afterConnect [as oncomplete] (net.js:1186:14)
  code: 'ETIMEDOUT',
  errno: 'ETIMEDOUT',
  syscall: 'connect',
  address: '122.14.221.177',
  port: 8088 }
[2018-09-09T17:12:31.128] [ERROR] err - [login][POST][500]: { Error: connect ETIMEDOUT 122.14.221.177:8088
    at Object._errnoException (util.js:992:11)
    at _exceptionWithHostPort (util.js:1014:20)
    at TCPConnectWrap.afterConnect [as oncomplete] (net.js:1186:14)
  code: 'ETIMEDOUT',
  errno: 'ETIMEDOUT',
  syscall: 'connect',
  address: '122.14.221.177',
  port: 8088 }
[2018-09-09T21:42:41.412] [ERROR] err - [login][POST][500]: { Error: connect ETIMEDOUT 122.14.221.177:8088
    at Object._errnoException (util.js:992:11)
    at _exceptionWithHostPort (util.js:1014:20)
    at TCPConnectWrap.afterConnect [as oncomplete] (net.js:1186:14)
  code: 'ETIMEDOUT',
  errno: 'ETIMEDOUT',
  syscall: 'connect',
  address: '122.14.221.177',
  port: 8088 }
[2018-09-09T21:47:39.373] [ERROR] err - [login][POST][500]: { Error: connect ETIMEDOUT 122.14.221.177:8088
    at Object._errnoException (util.js:992:11)
    at _exceptionWithHostPort (util.js:1014:20)
    at TCPConnectWrap.afterConnect [as oncomplete] (net.js:1186:14)
  code: 'ETIMEDOUT',
  errno: 'ETIMEDOUT',
  syscall: 'connect',
  address: '122.14.221.177',
  port: 8088 }
[2018-09-09T21:47:39.374] [ERROR] err - [login][POST][500]: { Error: connect ETIMEDOUT 122.14.221.177:8088
    at Object._errnoException (util.js:992:11)
    at _exceptionWithHostPort (util.js:1014:20)
    at TCPConnectWrap.afterConnect [as oncomplete] (net.js:1186:14)
  code: 'ETIMEDOUT',
  errno: 'ETIMEDOUT',
  syscall: 'connect',
  address: '122.14.221.177',
  port: 8088 }
[2018-09-09T21:48:14.143] [ERROR] err - [login][POST][500]: { Error: connect ETIMEDOUT 122.14.221.177:8088
    at Object._errnoException (util.js:992:11)
    at _exceptionWithHostPort (util.js:1014:20)
    at TCPConnectWrap.afterConnect [as oncomplete] (net.js:1186:14)
  code: 'ETIMEDOUT',
  errno: 'ETIMEDOUT',
  syscall: 'connect',
  address: '122.14.221.177',
  port: 8088 }
[2018-09-09T21:48:26.594] [ERROR] err - [login][POST][500]: { Error: connect ETIMEDOUT 122.14.221.177:8088
    at Object._errnoException (util.js:992:11)
    at _exceptionWithHostPort (util.js:1014:20)
    at TCPConnectWrap.afterConnect [as oncomplete] (net.js:1186:14)
  code: 'ETIMEDOUT',
  errno: 'ETIMEDOUT',
  syscall: 'connect',
  address: '122.14.221.177',
  port: 8088 }
[2018-09-09T21:48:41.968] [ERROR] err - [login][POST][500]: { Error: connect ETIMEDOUT 122.14.221.177:8088
    at Object._errnoException (util.js:992:11)
    at _exceptionWithHostPort (util.js:1014:20)
    at TCPConnectWrap.afterConnect [as oncomplete] (net.js:1186:14)
  code: 'ETIMEDOUT',
  errno: 'ETIMEDOUT',
  syscall: 'connect',
  address: '122.14.221.177',
  port: 8088 }
[2018-09-09T21:50:28.618] [ERROR] err - [inventory/Query?token=eyJhcHBLZXkiOiI1ZTYwYjdhNi1kZGQ5LTRhOTctYThhMy1hMzE3OGJkYjYwMDQiLCJhdXRoSW5mbyI6ImV5SmhiR2NpT2lKUVV6STFOaUo5LmV5SmhZMk5sYzNOZmRHOXJaVzRpT2lKbVl6STRNamxoWkMweE9UbGxMVFJsTm1JdE9EWTJaUzAxWWpBelptVTFZV1ppWm1VaUxDSnpkV0lpT2lKbExXTnZiVzFsY21ObElpd2laR0YwWVhNaU9pSTNOMlE1WVRSaE5ESmxNV0kyTWpVMU1HUTBZekU1TXpNNFltUm1NMlZtTXlJc0ltVjRjQ0k2TVRVek5qVXpNVEF5Tm4wLldaYVpaczdTd3RkMk1Oby1rU1dLUDNYMVpwNTlYTHd4Nlg0NG1KUFppaTdjbHpKZDNLQmd3UTJ4Vmg5Z3RHV291VU10YkVQNHJCdDg0SThQOGQyS1RhMjgzNlloZkZKTjFxWmkwNU02dE5aeHh1Z3I1VVpiY0ozRmdFb0xWTF9lcFlIMVpvNF94bi1CbUlKYjEwTWtBbGV1SlJXRTRLdkRSNmZERUVpN0c5ayIsIm9yZ0lkIjoiIn0=][POST][500]: { Error: connect ETIMEDOUT 122.14.221.177:8088
    at Object._errnoException (util.js:992:11)
    at _exceptionWithHostPort (util.js:1014:20)
    at TCPConnectWrap.afterConnect [as oncomplete] (net.js:1186:14)
  code: 'ETIMEDOUT',
  errno: 'ETIMEDOUT',
  syscall: 'connect',
  address: '122.14.221.177',
  port: 8088 }
[2018-09-09T21:50:56.084] [ERROR] err - [person/Query?token=eyJhcHBLZXkiOiI1ZTYwYjdhNi1kZGQ5LTRhOTctYThhMy1hMzE3OGJkYjYwMDQiLCJhdXRoSW5mbyI6ImV5SmhiR2NpT2lKUVV6STFOaUo5LmV5SmhZMk5sYzNOZmRHOXJaVzRpT2lKbVpXUTNaVEEyWmkwNVpUWTVMVFExTURJdFlXTmpNeTAxWW1RMlpUUmhZemM0TlRZaUxDSnpkV0lpT2lKbExXTnZiVzFsY21ObElpd2laR0YwWVhNaU9pSTNOMlE1WVRSaE5ESmxNV0kyTWpVMU1HUTBZekU1TXpNNFltUm1NMlZtTXlJc0ltVjRjQ0k2TVRVek5qVXpNVEExTTMwLkhBNzZxMVZWelRha042WWU1MXY4NlV0Z2VNRV81RnM4TkVmdzdIWmNfSnBsNzJPS2RkQko0QUVzanpBNExTemlWUHdyZkdiOUZTRV9GNl9sNmtCMnNzRUF4UnhVbnRMNkNqV3NoZzJKbXFhN1NnTERpVlA0eXEyLTJFVTBtSWwtaG5GTUhDckZEeUVwTnZEelVlT2VqSHdFRmk4NEtGd1VpZnNCSXZEWG4xMCIsIm9yZ0lkIjoiIn0=][POST][500]: { Error: connect ETIMEDOUT 122.14.221.177:8088
    at Object._errnoException (util.js:992:11)
    at _exceptionWithHostPort (util.js:1014:20)
    at TCPConnectWrap.afterConnect [as oncomplete] (net.js:1186:14)
  code: 'ETIMEDOUT',
  errno: 'ETIMEDOUT',
  syscall: 'connect',
  address: '122.14.221.177',
  port: 8088 }
[2018-09-09T21:50:56.145] [ERROR] err - [Project/Query?token=eyJhcHBLZXkiOiI1ZTYwYjdhNi1kZGQ5LTRhOTctYThhMy1hMzE3OGJkYjYwMDQiLCJhdXRoSW5mbyI6ImV5SmhiR2NpT2lKUVV6STFOaUo5LmV5SmhZMk5sYzNOZmRHOXJaVzRpT2lJeU5EaGlZV1poWVMxbU4yWTFMVFJoTVRRdFltSTROeTB4TldVelpUVXlOemRqTW1JaUxDSnpkV0lpT2lKbExXTnZiVzFsY21ObElpd2laR0YwWVhNaU9pSTNOMlE1WVRSaE5ESmxNV0kyTWpVMU1HUTBZekU1TXpNNFltUm1NMlZtTXlJc0ltVjRjQ0k2TVRVek5qVXpNVEExTTMwLkNiQy1HX2dfbVpZUU45a2c4NVE0WkYxbFNfWmdxQkhfOU5FWGM5bzdGblROdVVRRHpaQ1JVWkRvRE9CLWlJeFhEWE1HYjRmUGJFOGJpTEktS0tra0QzUXhGU3ZUSVNRTXc5Z29Va1FlMVpsNktINzZrUklwLTdYWnQ5S09GQ0ZjWHVBZmI5cmx6b3JhM1BXMHhoOHFTV0tzdHF4MlRja2FmWWV4VWtNeTZUVSIsIm9yZ0lkIjoiIn0=][POST][500]: { Error: connect ETIMEDOUT 122.14.221.177:8088
    at Object._errnoException (util.js:992:11)
    at _exceptionWithHostPort (util.js:1014:20)
    at TCPConnectWrap.afterConnect [as oncomplete] (net.js:1186:14)
  code: 'ETIMEDOUT',
  errno: 'ETIMEDOUT',
  syscall: 'connect',
  address: '122.14.221.177',
  port: 8088 }
[2018-09-09T21:50:56.225] [ERROR] err - [warehouse/Query?token=eyJhcHBLZXkiOiI1ZTYwYjdhNi1kZGQ5LTRhOTctYThhMy1hMzE3OGJkYjYwMDQiLCJhdXRoSW5mbyI6ImV5SmhiR2NpT2lKUVV6STFOaUo5LmV5SmhZMk5sYzNOZmRHOXJaVzRpT2lJNU5HSTNNalppT0MxbVpEQTRMVFJoWWpFdE9ETXlaaTFsTldObU9USm1ZVEl3Tm1FaUxDSnpkV0lpT2lKbExXTnZiVzFsY21ObElpd2laR0YwWVhNaU9pSTNOMlE1WVRSaE5ESmxNV0kyTWpVMU1HUTBZekU1TXpNNFltUm1NMlZtTXlJc0ltVjRjQ0k2TVRVek5qVXpNVEExTTMwLmg0ZkhqNzFObXY0T3k5ay1SZGI4VGk3dEFISWVoTDJ0dHlab3JMX0xIWERKV1VPRnpER3VhekRCQ1RjZkVIdFFER0pUcXhtTk93aTRKd01VM3d1Ull4WEVXMFcxSXUteWpnSnoxdko1Qy1LSElXaEZyRG5teDl1Z094cGdPR1MxaUVUc1RmVTBOeFdwbnVOWGVBYjE2d0JaRDJuNHc0TXZYdEVJMlVUT1JiZyIsIm9yZ0lkIjoiIn0=][POST][500]: { Error: connect ETIMEDOUT 122.14.221.177:8088
    at Object._errnoException (util.js:992:11)
    at _exceptionWithHostPort (util.js:1014:20)
    at TCPConnectWrap.afterConnect [as oncomplete] (net.js:1186:14)
  code: 'ETIMEDOUT',
  errno: 'ETIMEDOUT',
  syscall: 'connect',
  address: '122.14.221.177',
  port: 8088 }
[2018-09-09T21:52:49.127] [ERROR] err - [person/Query?token=eyJhcHBLZXkiOiI1ZTYwYjdhNi1kZGQ5LTRhOTctYThhMy1hMzE3OGJkYjYwMDQiLCJhdXRoSW5mbyI6ImV5SmhiR2NpT2lKUVV6STFOaUo5LmV5SmhZMk5sYzNOZmRHOXJaVzRpT2lJNE16azBZMll4TVMwek1XUmpMVFExWVRndFlqazJaaTAxWVRSaE9XWTVZMlZoWm1ZaUxDSnpkV0lpT2lKbExXTnZiVzFsY21ObElpd2laR0YwWVhNaU9pSTNOMlE1WVRSaE5ESmxNV0kyTWpVMU1HUTBZekU1TXpNNFltUm1NMlZtTXlJc0ltVjRjQ0k2TVRVek5qVXpNVEUyTm4wLkZ4dlB6QzFjaXVickxSbmI5U3NPV29qSlNHMlRDY3dka2N6bE40TXlMcDh1QzRzc1hlS1A4dVEtTmNXbzJpb3NLOWFXRE5qMk5YZFk1ODNBMUxJaVhXSUVGOWhHb2ZVaEVIcG5QejlkRjlJU0FFSE5UQnJvalQydHBGSVpNWjIyelU4UF82VXVlN0RFSUpHdFR1N0JpTHEyX0czOXFlb3VEY3VFenEyb2VhTSIsIm9yZ0lkIjoiIn0=][POST][500]: { Error: connect ETIMEDOUT 122.14.221.177:8088
    at Object._errnoException (util.js:992:11)
    at _exceptionWithHostPort (util.js:1014:20)
    at TCPConnectWrap.afterConnect [as oncomplete] (net.js:1186:14)
  code: 'ETIMEDOUT',
  errno: 'ETIMEDOUT',
  syscall: 'connect',
  address: '122.14.221.177',
  port: 8088 }
