[2018-09-26T22:47:43.702] [ERROR] err - [saleDelivery/QueryExecuting?token=eyJhcHBLZXkiOiI1ZTYwYjdhNi1kZGQ5LTRhOTctYThhMy1hMzE3OGJkYjYwMDQiLCJhdXRoSW5mbyI6ImV5SmhiR2NpT2lKUVV6STFOaUo5LmV5SmhZMk5sYzNOZmRHOXJaVzRpT2lJM04yUXdOak5rWmkweU5qVXlMVFJqTVRZdFlqbGlNaTFpT0RCbVpEWXdZelEwTm1FaUxDSnpkV0lpT2lKbExXTnZiVzFsY21ObElpd2laR0YwWVhNaU9pSTNOMlE1WVRSaE5ESmxNV0kyTWpVMU1HUTBZekU1TXpNNFltUm1NMlZtTXlJc0ltVjRjQ0k2TVRVek9EQXdNekkyTjMwLmJBS0lHM3lWOEFsM25kSEU5RW9RVUk3eUxxaldqWDB2TUxFaDFSWUJnZXJMVFBlUGRZTDNQLUEzZDZURXk3R3hDTUkwbXBacWdWMXlxeEpfU2h0UTNJdkFFMjR1Z19EMkM1T0FRNmdMUFd3Y2daQjZpNmcwOTRaV0ZSOWlfbUdKWXdHR0xzX3E2bGRLY2pmR0N1MVVtblZkS3pxUndidFE0UXBkNTNSYWlUVSIsIm9yZ0lkIjoiIn0=][POST][400]: { timestamp: '2018-09-26T14:47:47.419+0000',
  status: 400,
  error: 'Bad Request',
  message: 'JSON parse error: Cannot deserialize instance of `net.mlike.chenhui.one.dto.SearchItem[]` out of VALUE_STRING token; nested exception is com.fasterxml.jackson.databind.exc.MismatchedInputException: Cannot deserialize instance of `net.mlike.chenhui.one.dto.SearchItem[]` out of VALUE_STRING token\n at [Source: (PushbackInputStream); line: 1, column: 1]',
  path: '/api/saleDelivery/QueryExecuting' }
[2018-09-26T22:48:47.254] [ERROR] err - [saleDelivery/QueryExecuting?token=eyJhcHBLZXkiOiI1ZTYwYjdhNi1kZGQ5LTRhOTctYThhMy1hMzE3OGJkYjYwMDQiLCJhdXRoSW5mbyI6ImV5SmhiR2NpT2lKUVV6STFOaUo5LmV5SmhZMk5sYzNOZmRHOXJaVzRpT2lKa1ltRXhZekF3WWkwelpUZGlMVFF5TVRndE9UUm1PQzB6WWpFMk1qaG1ZVGMxTkRZaUxDSnpkV0lpT2lKbExXTnZiVzFsY21ObElpd2laR0YwWVhNaU9pSTNOMlE1WVRSaE5ESmxNV0kyTWpVMU1HUTBZekU1TXpNNFltUm1NMlZtTXlJc0ltVjRjQ0k2TVRVek9EQXdNek16TUgwLkZjeC14VEdQRy1qbm9VdDRQWEpwUHVwYzg3Sm8wOFJiRFZmdUEtS05kZndKajR3LVZmbWFVajVBaFA0ZnhXeG5wd1lsYjNWSXZIY2ZIRWVFUW1OVGZ1NndGT1pCcnRTNWs0aGtDWHJmTktFV0xMZ2lVU0VNU0lRTk8wN2IwYUZRSXBHWWRzSWlKbERCR2tXLUJSSzdxblNidFVVZVktV1RuN0dSS0IwSlZjRSIsIm9yZ0lkIjoiIn0=][POST][400]: { timestamp: '2018-09-26T14:48:50.966+0000',
  status: 400,
  error: 'Bad Request',
  message: 'JSON parse error: Cannot deserialize instance of `net.mlike.chenhui.one.dto.SearchItem[]` out of VALUE_STRING token; nested exception is com.fasterxml.jackson.databind.exc.MismatchedInputException: Cannot deserialize instance of `net.mlike.chenhui.one.dto.SearchItem[]` out of VALUE_STRING token\n at [Source: (PushbackInputStream); line: 1, column: 1]',
  path: '/api/saleDelivery/QueryExecuting' }
[2018-09-26T22:48:50.736] [ERROR] err - [saleDelivery/QueryExecuting?token=eyJhcHBLZXkiOiI1ZTYwYjdhNi1kZGQ5LTRhOTctYThhMy1hMzE3OGJkYjYwMDQiLCJhdXRoSW5mbyI6ImV5SmhiR2NpT2lKUVV6STFOaUo5LmV5SmhZMk5sYzNOZmRHOXJaVzRpT2lJNFpEazVNekF5TVMwek9UZGtMVFE0WVdVdFlXVTROQzB3TW1GaFl6QTJPRFl5TlRRaUxDSnpkV0lpT2lKbExXTnZiVzFsY21ObElpd2laR0YwWVhNaU9pSTNOMlE1WVRSaE5ESmxNV0kyTWpVMU1HUTBZekU1TXpNNFltUm1NMlZtTXlJc0ltVjRjQ0k2TVRVek9EQXdNek16TkgwLkdRc1RmWlVjRW5Qd0tJRnlKdTdMd19RNXk0MjlLemcxQ1lMTmFPNjJSd2otNUhuS1BBcWdLZmFQVWY1T29xSF9yY2NfRnoya0FKVGVabEhUSWhLVGJjYmVUNktWNHF4eUQxdE5vVXRBN2FHcXI4amxwZmd0NXA3T3duYWVqT2RLbFRHQ2tnRVdMX00tLTRLNXpGaTlCWHlRQmxHVnpfS09JVWxtS0RUblNXNCIsIm9yZ0lkIjoiIn0=][POST][400]: { timestamp: '2018-09-26T14:48:54.451+0000',
  status: 400,
  error: 'Bad Request',
  message: 'JSON parse error: Cannot deserialize instance of `net.mlike.chenhui.one.dto.SearchItem[]` out of VALUE_STRING token; nested exception is com.fasterxml.jackson.databind.exc.MismatchedInputException: Cannot deserialize instance of `net.mlike.chenhui.one.dto.SearchItem[]` out of VALUE_STRING token\n at [Source: (PushbackInputStream); line: 1, column: 1]',
  path: '/api/saleDelivery/QueryExecuting' }
[2018-09-26T22:49:43.642] [ERROR] err - [saleDelivery/QueryExecuting?token=eyJhcHBLZXkiOiI1ZTYwYjdhNi1kZGQ5LTRhOTctYThhMy1hMzE3OGJkYjYwMDQiLCJhdXRoSW5mbyI6ImV5SmhiR2NpT2lKUVV6STFOaUo5LmV5SmhZMk5sYzNOZmRHOXJaVzRpT2lJNU56Qm1aalZsWXkweFlqSTFMVFJtTmpVdE9HTmpZaTAwTURjek5HSmxPVEZqWlRraUxDSnpkV0lpT2lKbExXTnZiVzFsY21ObElpd2laR0YwWVhNaU9pSTNOMlE1WVRSaE5ESmxNV0kyTWpVMU1HUTBZekU1TXpNNFltUm1NMlZtTXlJc0ltVjRjQ0k2TVRVek9EQXdNek00TjMwLlFpSWdlcW9XRkVKR1ZES3BqZFlKY1dIN1E2TFZUMDlkekd4Umdlb3dUbTU3NHlkUG5LUGhNWjNSOXl2ZEhXczdvR2xtRl9TZVdmQlZvcE5qRG1xSHNWVmdXejVlTTQzLXV4SDdaZzZJa1MzQ1VZOTJIQUxWTFVwNkJraWJ1UzUtZkEyYlNXTEh4eUctNTJhV0tLSktDT2dEenprS1NVR0ZPZjJ6M2JuT2RzTSIsIm9yZ0lkIjoiIn0=][POST][400]: { timestamp: '2018-09-26T14:49:47.357+0000',
  status: 400,
  error: 'Bad Request',
  message: 'JSON parse error: Cannot deserialize instance of `net.mlike.chenhui.one.dto.SearchItem[]` out of VALUE_STRING token; nested exception is com.fasterxml.jackson.databind.exc.MismatchedInputException: Cannot deserialize instance of `net.mlike.chenhui.one.dto.SearchItem[]` out of VALUE_STRING token\n at [Source: (PushbackInputStream); line: 1, column: 1]',
  path: '/api/saleDelivery/QueryExecuting' }
