[2019-02-23T20:23:08.806] [INFO] default - [::1 GET / 200 32ms][ HTTP/1.1 Mozilla/5.0 (Windows NT 6.1; Win64; x64) AppleWebKit/537.36 (KHTML, like Gecko) Chrome/68.0.3440.106 Safari/537.36]
[2019-02-23T20:23:08.842] [INFO] default - [::1 GET /js/jquery.min.js 304 6ms][http://localhost:3000/ HTTP/1.1 Mozilla/5.0 (Windows NT 6.1; Win64; x64) AppleWebKit/537.36 (KHTML, like Gecko) Chrome/68.0.3440.106 Safari/537.36]
[2019-02-23T20:23:08.844] [INFO] default - [::1 GET /js/index.js 304 9ms][http://localhost:3000/ HTTP/1.1 Mozilla/5.0 (Windows NT 6.1; Win64; x64) AppleWebKit/537.36 (KHTML, like Gecko) Chrome/68.0.3440.106 Safari/537.36]
[2019-02-23T20:23:08.847] [INFO] default - [::1 GET /css/style.css 200 14ms][http://localhost:3000/ HTTP/1.1 Mozilla/5.0 (Windows NT 6.1; Win64; x64) AppleWebKit/537.36 (KHTML, like Gecko) Chrome/68.0.3440.106 Safari/537.36]
[2019-02-23T20:23:08.855] [INFO] default - [::1 GET /slider-2.jpg 200 2ms][http://localhost:3000/css/style.css HTTP/1.1 Mozilla/5.0 (Windows NT 6.1; Win64; x64) AppleWebKit/537.36 (KHTML, like Gecko) Chrome/68.0.3440.106 Safari/537.36]
[2019-02-23T20:23:09.338] [INFO] default - [::1 GET /favicon.ico 404 8ms][http://localhost:3000/ HTTP/1.1 Mozilla/5.0 (Windows NT 6.1; Win64; x64) AppleWebKit/537.36 (KHTML, like Gecko) Chrome/68.0.3440.106 Safari/537.36]
[2019-02-23T20:23:31.649] [INFO] default - [::1 POST /Login 200 930ms][http://localhost:3000/ HTTP/1.1 Mozilla/5.0 (Windows NT 6.1; Win64; x64) AppleWebKit/537.36 (KHTML, like Gecko) Chrome/68.0.3440.106 Safari/537.36]
[2019-02-23T20:23:31.708] [INFO] default - [::1 GET / 200 45ms][http://localhost:3000/ HTTP/1.1 Mozilla/5.0 (Windows NT 6.1; Win64; x64) AppleWebKit/537.36 (KHTML, like Gecko) Chrome/68.0.3440.106 Safari/537.36]
[2019-02-23T20:23:31.730] [INFO] default - [::1 GET /css/order.css 200 6ms][http://localhost:3000/ HTTP/1.1 Mozilla/5.0 (Windows NT 6.1; Win64; x64) AppleWebKit/537.36 (KHTML, like Gecko) Chrome/68.0.3440.106 Safari/537.36]
[2019-02-23T20:23:31.735] [INFO] default - [::1 GET /layui/layui.js 200 11ms][http://localhost:3000/ HTTP/1.1 Mozilla/5.0 (Windows NT 6.1; Win64; x64) AppleWebKit/537.36 (KHTML, like Gecko) Chrome/68.0.3440.106 Safari/537.36]
[2019-02-23T20:23:31.735] [INFO] default - [::1 GET /layui/css/layui.css 200 15ms][http://localhost:3000/ HTTP/1.1 Mozilla/5.0 (Windows NT 6.1; Win64; x64) AppleWebKit/537.36 (KHTML, like Gecko) Chrome/68.0.3440.106 Safari/537.36]
[2019-02-23T20:23:31.735] [INFO] default - [::1 GET /ydui/css/ydui.css 200 14ms][http://localhost:3000/ HTTP/1.1 Mozilla/5.0 (Windows NT 6.1; Win64; x64) AppleWebKit/537.36 (KHTML, like Gecko) Chrome/68.0.3440.106 Safari/537.36]
[2019-02-23T20:23:31.743] [INFO] default - [::1 GET /ydui/js/ydui.flexible.js 200 18ms][http://localhost:3000/ HTTP/1.1 Mozilla/5.0 (Windows NT 6.1; Win64; x64) AppleWebKit/537.36 (KHTML, like Gecko) Chrome/68.0.3440.106 Safari/537.36]
[2019-02-23T20:23:31.743] [INFO] default - [::1 GET /jquery-weui/dist/lib/weui.min.css 200 20ms][http://localhost:3000/ HTTP/1.1 Mozilla/5.0 (Windows NT 6.1; Win64; x64) AppleWebKit/537.36 (KHTML, like Gecko) Chrome/68.0.3440.106 Safari/537.36]
[2019-02-23T20:23:31.746] [INFO] default - [::1 GET /jquery/jquery.min.js 200 11ms][http://localhost:3000/ HTTP/1.1 Mozilla/5.0 (Windows NT 6.1; Win64; x64) AppleWebKit/537.36 (KHTML, like Gecko) Chrome/68.0.3440.106 Safari/537.36]
[2019-02-23T20:23:31.747] [INFO] default - [::1 GET /javascript/function.js 200 5ms][http://localhost:3000/ HTTP/1.1 Mozilla/5.0 (Windows NT 6.1; Win64; x64) AppleWebKit/537.36 (KHTML, like Gecko) Chrome/68.0.3440.106 Safari/537.36]
[2019-02-23T20:23:31.748] [INFO] default - [::1 GET /jquery-weui/dist/js/jquery-weui.min.js 200 5ms][http://localhost:3000/ HTTP/1.1 Mozilla/5.0 (Windows NT 6.1; Win64; x64) AppleWebKit/537.36 (KHTML, like Gecko) Chrome/68.0.3440.106 Safari/537.36]
[2019-02-23T20:23:31.797] [INFO] default - [::1 GET /layui/lay/modules/layer.js 200 2ms][http://localhost:3000/ HTTP/1.1 Mozilla/5.0 (Windows NT 6.1; Win64; x64) AppleWebKit/537.36 (KHTML, like Gecko) Chrome/68.0.3440.106 Safari/537.36]
[2019-02-23T20:23:31.804] [INFO] default - [::1 GET /layui/lay/modules/form.js 200 2ms][http://localhost:3000/ HTTP/1.1 Mozilla/5.0 (Windows NT 6.1; Win64; x64) AppleWebKit/537.36 (KHTML, like Gecko) Chrome/68.0.3440.106 Safari/537.36]
[2019-02-23T20:23:31.805] [INFO] default - [::1 GET /layui/css/modules/layer/default/layer.css?v=3.1.1 200 4ms][http://localhost:3000/ HTTP/1.1 Mozilla/5.0 (Windows NT 6.1; Win64; x64) AppleWebKit/537.36 (KHTML, like Gecko) Chrome/68.0.3440.106 Safari/537.36]
[2019-02-23T20:23:31.817] [INFO] default - [::1 GET /layui/css/modules/layer/default/loading-2.gif 200 2ms][http://localhost:3000/layui/css/modules/layer/default/layer.css?v=3.1.1 HTTP/1.1 Mozilla/5.0 (Windows NT 6.1; Win64; x64) AppleWebKit/537.36 (KHTML, like Gecko) Chrome/68.0.3440.106 Safari/537.36]
[2019-02-23T20:23:31.819] [INFO] default - [::1 GET /javascript/index1.js?_=1550924611782 200 1ms][http://localhost:3000/ HTTP/1.1 Mozilla/5.0 (Windows NT 6.1; Win64; x64) AppleWebKit/537.36 (KHTML, like Gecko) Chrome/68.0.3440.106 Safari/537.36]
[2019-02-23T20:23:31.825] [INFO] default - [::1 GET /javascript/order.js?_=1550924611783 200 1ms][http://localhost:3000/ HTTP/1.1 Mozilla/5.0 (Windows NT 6.1; Win64; x64) AppleWebKit/537.36 (KHTML, like Gecko) Chrome/68.0.3440.106 Safari/537.36]
[2019-02-23T20:23:31.831] [INFO] default - [::1 GET /javascript/sales.js?_=1550924611784 200 1ms][http://localhost:3000/ HTTP/1.1 Mozilla/5.0 (Windows NT 6.1; Win64; x64) AppleWebKit/537.36 (KHTML, like Gecko) Chrome/68.0.3440.106 Safari/537.36]
[2019-02-23T20:23:31.842] [INFO] default - [::1 GET /javascript/pullSignal.js?_=1550924611785 200 1ms][http://localhost:3000/ HTTP/1.1 Mozilla/5.0 (Windows NT 6.1; Win64; x64) AppleWebKit/537.36 (KHTML, like Gecko) Chrome/68.0.3440.106 Safari/537.36]
[2019-02-23T20:23:31.851] [INFO] default - [::1 GET /javascript/addApplicationGoods.js?_=1550924611786 200 2ms][http://localhost:3000/ HTTP/1.1 Mozilla/5.0 (Windows NT 6.1; Win64; x64) AppleWebKit/537.36 (KHTML, like Gecko) Chrome/68.0.3440.106 Safari/537.36]
[2019-02-23T20:23:31.878] [INFO] default - [::1 GET /javascript/addReturnRequest.js?_=1550924611787 200 4ms][http://localhost:3000/ HTTP/1.1 Mozilla/5.0 (Windows NT 6.1; Win64; x64) AppleWebKit/537.36 (KHTML, like Gecko) Chrome/68.0.3440.106 Safari/537.36]
[2019-02-23T20:23:31.885] [INFO] default - [::1 GET /javascript/requireGoodsList.js?_=1550924611788 200 2ms][http://localhost:3000/ HTTP/1.1 Mozilla/5.0 (Windows NT 6.1; Win64; x64) AppleWebKit/537.36 (KHTML, like Gecko) Chrome/68.0.3440.106 Safari/537.36]
[2019-02-23T20:23:31.913] [INFO] default - [::1 GET /javascript/tuihuo_requireGoodsList.js?_=1550924611789 200 2ms][http://localhost:3000/ HTTP/1.1 Mozilla/5.0 (Windows NT 6.1; Win64; x64) AppleWebKit/537.36 (KHTML, like Gecko) Chrome/68.0.3440.106 Safari/537.36]
[2019-02-23T20:23:31.936] [INFO] default - [::1 GET /javascript/saleslist.js?_=1550924611790 200 7ms][http://localhost:3000/ HTTP/1.1 Mozilla/5.0 (Windows NT 6.1; Win64; x64) AppleWebKit/537.36 (KHTML, like Gecko) Chrome/68.0.3440.106 Safari/537.36]
[2019-02-23T20:23:31.960] [INFO] default - [::1 GET /javascript/saleslist_goods.js?_=1550924611791 200 8ms][http://localhost:3000/ HTTP/1.1 Mozilla/5.0 (Windows NT 6.1; Win64; x64) AppleWebKit/537.36 (KHTML, like Gecko) Chrome/68.0.3440.106 Safari/537.36]
[2019-02-23T20:23:31.968] [INFO] default - [::1 GET /javascript/productList.js?_=1550924611792 200 1ms][http://localhost:3000/ HTTP/1.1 Mozilla/5.0 (Windows NT 6.1; Win64; x64) AppleWebKit/537.36 (KHTML, like Gecko) Chrome/68.0.3440.106 Safari/537.36]
[2019-02-23T20:23:31.977] [INFO] default - [::1 GET /javascript/selectCustomer.js?_=1550924611793 200 2ms][http://localhost:3000/ HTTP/1.1 Mozilla/5.0 (Windows NT 6.1; Win64; x64) AppleWebKit/537.36 (KHTML, like Gecko) Chrome/68.0.3440.106 Safari/537.36]
[2019-02-23T20:23:31.982] [INFO] default - [::1 GET /javascript/productDetail.js?_=1550924611794 200 1ms][http://localhost:3000/ HTTP/1.1 Mozilla/5.0 (Windows NT 6.1; Win64; x64) AppleWebKit/537.36 (KHTML, like Gecko) Chrome/68.0.3440.106 Safari/537.36]
[2019-02-23T20:23:31.993] [INFO] default - [::1 GET /javascript/tuihuo_productList.js?_=1550924611795 200 4ms][http://localhost:3000/ HTTP/1.1 Mozilla/5.0 (Windows NT 6.1; Win64; x64) AppleWebKit/537.36 (KHTML, like Gecko) Chrome/68.0.3440.106 Safari/537.36]
[2019-02-23T20:23:31.998] [INFO] default - [::1 GET /javascript/tuihuo_saleslist_goods.js?_=1550924611796 200 1ms][http://localhost:3000/ HTTP/1.1 Mozilla/5.0 (Windows NT 6.1; Win64; x64) AppleWebKit/537.36 (KHTML, like Gecko) Chrome/68.0.3440.106 Safari/537.36]
[2019-02-23T20:23:32.008] [INFO] default - [::1 GET /javascript/tuihuo_selectcustomer.js?_=1550924611797 200 2ms][http://localhost:3000/ HTTP/1.1 Mozilla/5.0 (Windows NT 6.1; Win64; x64) AppleWebKit/537.36 (KHTML, like Gecko) Chrome/68.0.3440.106 Safari/537.36]
[2019-02-23T20:23:32.014] [INFO] default - [::1 GET /javascript/tuihuo_salelist.js?_=1550924611798 200 2ms][http://localhost:3000/ HTTP/1.1 Mozilla/5.0 (Windows NT 6.1; Win64; x64) AppleWebKit/537.36 (KHTML, like Gecko) Chrome/68.0.3440.106 Safari/537.36]
[2019-02-23T20:23:32.021] [INFO] default - [::1 GET /javascript/addApplicationGoods_detail.js?_=1550924611799 200 3ms][http://localhost:3000/ HTTP/1.1 Mozilla/5.0 (Windows NT 6.1; Win64; x64) AppleWebKit/537.36 (KHTML, like Gecko) Chrome/68.0.3440.106 Safari/537.36]
[2019-02-23T20:23:32.028] [INFO] default - [::1 GET /javascript/selectproductlist.js?_=1550924611800 200 2ms][http://localhost:3000/ HTTP/1.1 Mozilla/5.0 (Windows NT 6.1; Win64; x64) AppleWebKit/537.36 (KHTML, like Gecko) Chrome/68.0.3440.106 Safari/537.36]
[2019-02-23T20:23:32.033] [INFO] default - [::1 GET /javascript/selectreturnlist.js?_=1550924611801 200 1ms][http://localhost:3000/ HTTP/1.1 Mozilla/5.0 (Windows NT 6.1; Win64; x64) AppleWebKit/537.36 (KHTML, like Gecko) Chrome/68.0.3440.106 Safari/537.36]
[2019-02-23T20:23:32.041] [INFO] default - [::1 GET /javascript/addReturnRequest_detail.js?_=1550924611802 200 2ms][http://localhost:3000/ HTTP/1.1 Mozilla/5.0 (Windows NT 6.1; Win64; x64) AppleWebKit/537.36 (KHTML, like Gecko) Chrome/68.0.3440.106 Safari/537.36]
[2019-02-23T20:23:32.046] [INFO] default - [::1 GET /layui/lay/modules/laytpl.js 200 2ms][http://localhost:3000/ HTTP/1.1 Mozilla/5.0 (Windows NT 6.1; Win64; x64) AppleWebKit/537.36 (KHTML, like Gecko) Chrome/68.0.3440.106 Safari/537.36]
[2019-02-23T20:23:32.072] [INFO] default - [::1 GET /layui/font/iconfont.woff?v=230 200 7ms][http://localhost:3000/layui/css/layui.css HTTP/1.1 Mozilla/5.0 (Windows NT 6.1; Win64; x64) AppleWebKit/537.36 (KHTML, like Gecko) Chrome/68.0.3440.106 Safari/537.36]
[2019-02-23T20:23:36.965] [INFO] default - [::1 GET /layui/css/layui.css 304 3ms][http://localhost:3000/ HTTP/1.1 Mozilla/5.0 (Windows NT 6.1; Win64; x64) AppleWebKit/537.36 (KHTML, like Gecko) Chrome/68.0.3440.106 Safari/537.36]
[2019-02-23T20:23:36.969] [INFO] default - [::1 GET /ydui/css/ydui.css 304 3ms][http://localhost:3000/ HTTP/1.1 Mozilla/5.0 (Windows NT 6.1; Win64; x64) AppleWebKit/537.36 (KHTML, like Gecko) Chrome/68.0.3440.106 Safari/537.36]
[2019-02-23T20:23:36.969] [INFO] default - [::1 GET /jquery-weui/dist/lib/weui.min.css 304 2ms][http://localhost:3000/ HTTP/1.1 Mozilla/5.0 (Windows NT 6.1; Win64; x64) AppleWebKit/537.36 (KHTML, like Gecko) Chrome/68.0.3440.106 Safari/537.36]
[2019-02-23T20:23:36.970] [INFO] default - [::1 GET /css/order.css 304 3ms][http://localhost:3000/ HTTP/1.1 Mozilla/5.0 (Windows NT 6.1; Win64; x64) AppleWebKit/537.36 (KHTML, like Gecko) Chrome/68.0.3440.106 Safari/537.36]
[2019-02-23T20:23:36.971] [INFO] default - [::1 GET /layui/css/modules/layer/default/layer.css?v=3.1.1 304 3ms][http://localhost:3000/ HTTP/1.1 Mozilla/5.0 (Windows NT 6.1; Win64; x64) AppleWebKit/537.36 (KHTML, like Gecko) Chrome/68.0.3440.106 Safari/537.36]
[2019-02-23T20:23:45.798] [INFO] default - [::1 GET /warehouse 200 2415ms][http://localhost:3000/ HTTP/1.1 Mozilla/5.0 (Linux; Android 6.0; Nexus 5 Build/MRA58N) AppleWebKit/537.36 (KHTML, like Gecko) Chrome/68.0.3440.106 Mobile Safari/537.36]
[2019-02-23T20:23:46.326] [INFO] default - [::1 POST /Project 200 2949ms][http://localhost:3000/ HTTP/1.1 Mozilla/5.0 (Linux; Android 6.0; Nexus 5 Build/MRA58N) AppleWebKit/537.36 (KHTML, like Gecko) Chrome/68.0.3440.106 Mobile Safari/537.36]
[2019-02-23T20:23:46.850] [INFO] default - [::1 POST /person 200 3466ms][http://localhost:3000/ HTTP/1.1 Mozilla/5.0 (Linux; Android 6.0; Nexus 5 Build/MRA58N) AppleWebKit/537.36 (KHTML, like Gecko) Chrome/68.0.3440.106 Mobile Safari/537.36]
[2019-02-23T20:25:57.536] [INFO] default - [::1 GET /layui/lay/modules/element.js 200 12ms][http://localhost:3000/ HTTP/1.1 Mozilla/5.0 (Linux; Android 6.0; Nexus 5 Build/MRA58N) AppleWebKit/537.36 (KHTML, like Gecko) Chrome/68.0.3440.106 Mobile Safari/537.36]
[2019-02-23T20:25:57.551] [INFO] default - [::1 GET /layui/css/modules/layer/default/loading-1.gif 200 2ms][http://localhost:3000/layui/css/modules/layer/default/layer.css?v=3.1.1 HTTP/1.1 Mozilla/5.0 (Linux; Android 6.0; Nexus 5 Build/MRA58N) AppleWebKit/537.36 (KHTML, like Gecko) Chrome/68.0.3440.106 Mobile Safari/537.36]
[2019-02-23T20:25:58.772] [INFO] default - [::1 POST /inventory 200 1210ms][http://localhost:3000/ HTTP/1.1 Mozilla/5.0 (Linux; Android 6.0; Nexus 5 Build/MRA58N) AppleWebKit/537.36 (KHTML, like Gecko) Chrome/68.0.3440.106 Mobile Safari/537.36]
[2019-02-23T20:26:00.843] [INFO] default - [::1 POST /currentStockQuery 200 2042ms][http://localhost:3000/ HTTP/1.1 Mozilla/5.0 (Linux; Android 6.0; Nexus 5 Build/MRA58N) AppleWebKit/537.36 (KHTML, like Gecko) Chrome/68.0.3440.106 Mobile Safari/537.36]
[2019-02-23T20:26:05.544] [INFO] default - [::1 POST /QueryInventoryPrice 200 6740ms][http://localhost:3000/ HTTP/1.1 Mozilla/5.0 (Linux; Android 6.0; Nexus 5 Build/MRA58N) AppleWebKit/537.36 (KHTML, like Gecko) Chrome/68.0.3440.106 Mobile Safari/537.36]
[2019-02-23T20:26:14.046] [INFO] default - [::1 GET /partner 200 2071ms][http://localhost:3000/ HTTP/1.1 Mozilla/5.0 (Linux; Android 6.0; Nexus 5 Build/MRA58N) AppleWebKit/537.36 (KHTML, like Gecko) Chrome/68.0.3440.106 Mobile Safari/537.36]
[2019-02-23T20:26:14.441] [INFO] default - [::1 POST /Project 200 2453ms][http://localhost:3000/ HTTP/1.1 Mozilla/5.0 (Linux; Android 6.0; Nexus 5 Build/MRA58N) AppleWebKit/537.36 (KHTML, like Gecko) Chrome/68.0.3440.106 Mobile Safari/537.36]
[2019-02-23T20:26:15.184] [INFO] default - [::1 GET /warehouse 200 3194ms][http://localhost:3000/ HTTP/1.1 Mozilla/5.0 (Linux; Android 6.0; Nexus 5 Build/MRA58N) AppleWebKit/537.36 (KHTML, like Gecko) Chrome/68.0.3440.106 Mobile Safari/537.36]
[2019-02-23T20:26:15.504] [INFO] default - [::1 POST /person 200 3513ms][http://localhost:3000/ HTTP/1.1 Mozilla/5.0 (Linux; Android 6.0; Nexus 5 Build/MRA58N) AppleWebKit/537.36 (KHTML, like Gecko) Chrome/68.0.3440.106 Mobile Safari/537.36]
[2019-02-23T20:30:54.037] [INFO] default - [::1 GET /warehouse 200 1849ms][http://localhost:3000/ HTTP/1.1 Mozilla/5.0 (Linux; Android 6.0; Nexus 5 Build/MRA58N) AppleWebKit/537.36 (KHTML, like Gecko) Chrome/68.0.3440.106 Mobile Safari/537.36]
[2019-02-23T20:30:54.993] [INFO] default - [::1 POST /Project 200 2810ms][http://localhost:3000/ HTTP/1.1 Mozilla/5.0 (Linux; Android 6.0; Nexus 5 Build/MRA58N) AppleWebKit/537.36 (KHTML, like Gecko) Chrome/68.0.3440.106 Mobile Safari/537.36]
[2019-02-23T20:30:55.370] [INFO] default - [::1 POST /person 200 3182ms][http://localhost:3000/ HTTP/1.1 Mozilla/5.0 (Linux; Android 6.0; Nexus 5 Build/MRA58N) AppleWebKit/537.36 (KHTML, like Gecko) Chrome/68.0.3440.106 Mobile Safari/537.36]
[2019-02-23T20:30:57.591] [INFO] default - [::1 POST /inventory 200 1356ms][http://localhost:3000/ HTTP/1.1 Mozilla/5.0 (Linux; Android 6.0; Nexus 5 Build/MRA58N) AppleWebKit/537.36 (KHTML, like Gecko) Chrome/68.0.3440.106 Mobile Safari/537.36]
[2019-02-23T20:30:58.831] [INFO] default - [::1 POST /currentStockQuery 200 1223ms][http://localhost:3000/ HTTP/1.1 Mozilla/5.0 (Linux; Android 6.0; Nexus 5 Build/MRA58N) AppleWebKit/537.36 (KHTML, like Gecko) Chrome/68.0.3440.106 Mobile Safari/537.36]
[2019-02-23T20:31:03.441] [INFO] default - [::1 POST /QueryInventoryPrice 200 5831ms][http://localhost:3000/ HTTP/1.1 Mozilla/5.0 (Linux; Android 6.0; Nexus 5 Build/MRA58N) AppleWebKit/537.36 (KHTML, like Gecko) Chrome/68.0.3440.106 Mobile Safari/537.36]
