[2019-02-24T12:28:30.481] [INFO] default - [::1 GET / 200 32ms][ HTTP/1.1 Mozilla/5.0 (Windows NT 6.1; Win64; x64) AppleWebKit/537.36 (KHTML, like Gecko) Chrome/68.0.3440.106 Safari/537.36]
[2019-02-24T12:28:30.493] [INFO] default - [::1 GET /css/style.css 304 5ms][http://localhost:3000/ HTTP/1.1 Mozilla/5.0 (Windows NT 6.1; Win64; x64) AppleWebKit/537.36 (KHTML, like Gecko) Chrome/68.0.3440.106 Safari/537.36]
[2019-02-24T12:28:30.495] [INFO] default - [::1 GET /js/jquery.min.js 304 5ms][http://localhost:3000/ HTTP/1.1 Mozilla/5.0 (Windows NT 6.1; Win64; x64) AppleWebKit/537.36 (KHTML, like Gecko) Chrome/68.0.3440.106 Safari/537.36]
[2019-02-24T12:28:30.496] [INFO] default - [::1 GET /js/index.js 304 5ms][http://localhost:3000/ HTTP/1.1 Mozilla/5.0 (Windows NT 6.1; Win64; x64) AppleWebKit/537.36 (KHTML, like Gecko) Chrome/68.0.3440.106 Safari/537.36]
[2019-02-24T12:28:30.500] [INFO] default - [::1 GET /slider-2.jpg 304 0ms][http://localhost:3000/css/style.css HTTP/1.1 Mozilla/5.0 (Windows NT 6.1; Win64; x64) AppleWebKit/537.36 (KHTML, like Gecko) Chrome/68.0.3440.106 Safari/537.36]
[2019-02-24T12:28:30.565] [INFO] default - [::1 GET /favicon.ico 404 3ms][http://localhost:3000/ HTTP/1.1 Mozilla/5.0 (Windows NT 6.1; Win64; x64) AppleWebKit/537.36 (KHTML, like Gecko) Chrome/68.0.3440.106 Safari/537.36]
[2019-02-24T12:28:46.809] [INFO] default - [::1 GET /css/style.css 304 14ms][http://localhost:3000/ HTTP/1.1 Mozilla/5.0 (Windows NT 6.1; Win64; x64) AppleWebKit/537.36 (KHTML, like Gecko) Chrome/68.0.3440.106 Safari/537.36]
[2019-02-24T12:28:46.873] [INFO] default - [::1 GET /js/jquery.min.map 404 2ms][ HTTP/1.1 Mozilla/5.0 (Linux; Android 6.0; Nexus 5 Build/MRA58N) AppleWebKit/537.36 (KHTML, like Gecko) Chrome/68.0.3440.106 Mobile Safari/537.36]
[2019-02-24T12:29:40.374] [INFO] default - [::1 GET / 200 8ms][ HTTP/1.1 Mozilla/5.0 (Linux; Android 6.0; Nexus 5 Build/MRA58N) AppleWebKit/537.36 (KHTML, like Gecko) Chrome/68.0.3440.106 Mobile Safari/537.36]
[2019-02-24T12:29:40.412] [INFO] default - [::1 GET /css/style.css 200 9ms][http://localhost:3000/ HTTP/1.1 Mozilla/5.0 (Linux; Android 6.0; Nexus 5 Build/MRA58N) AppleWebKit/537.36 (KHTML, like Gecko) Chrome/68.0.3440.106 Mobile Safari/537.36]
[2019-02-24T12:29:40.413] [INFO] default - [::1 GET /js/index.js 200 7ms][http://localhost:3000/ HTTP/1.1 Mozilla/5.0 (Linux; Android 6.0; Nexus 5 Build/MRA58N) AppleWebKit/537.36 (KHTML, like Gecko) Chrome/68.0.3440.106 Mobile Safari/537.36]
[2019-02-24T12:29:40.415] [INFO] default - [::1 GET /js/jquery.min.js 200 10ms][http://localhost:3000/ HTTP/1.1 Mozilla/5.0 (Linux; Android 6.0; Nexus 5 Build/MRA58N) AppleWebKit/537.36 (KHTML, like Gecko) Chrome/68.0.3440.106 Mobile Safari/537.36]
[2019-02-24T12:29:40.433] [INFO] default - [::1 GET /slider-2.jpg 200 3ms][http://localhost:3000/css/style.css HTTP/1.1 Mozilla/5.0 (Linux; Android 6.0; Nexus 5 Build/MRA58N) AppleWebKit/537.36 (KHTML, like Gecko) Chrome/68.0.3440.106 Mobile Safari/537.36]
[2019-02-24T12:29:40.464] [INFO] default - [::1 GET /js/jquery.min.map 404 2ms][ HTTP/1.1 Mozilla/5.0 (Linux; Android 6.0; Nexus 5 Build/MRA58N) AppleWebKit/537.36 (KHTML, like Gecko) Chrome/68.0.3440.106 Mobile Safari/537.36]
[2019-02-24T12:29:48.794] [INFO] default - [::1 POST /Login 200 5533ms][http://localhost:3000/ HTTP/1.1 Mozilla/5.0 (Linux; Android 6.0; Nexus 5 Build/MRA58N) AppleWebKit/537.36 (KHTML, like Gecko) Chrome/68.0.3440.106 Mobile Safari/537.36]
[2019-02-24T12:29:48.860] [INFO] default - [::1 GET / 200 49ms][http://localhost:3000/ HTTP/1.1 Mozilla/5.0 (Linux; Android 6.0; Nexus 5 Build/MRA58N) AppleWebKit/537.36 (KHTML, like Gecko) Chrome/68.0.3440.106 Mobile Safari/537.36]
[2019-02-24T12:29:48.875] [INFO] default - [::1 GET /layui/css/layui.css 200 3ms][http://localhost:3000/ HTTP/1.1 Mozilla/5.0 (Linux; Android 6.0; Nexus 5 Build/MRA58N) AppleWebKit/537.36 (KHTML, like Gecko) Chrome/68.0.3440.106 Mobile Safari/537.36]
[2019-02-24T12:29:48.883] [INFO] default - [::1 GET /ydui/css/ydui.css 200 7ms][http://localhost:3000/ HTTP/1.1 Mozilla/5.0 (Linux; Android 6.0; Nexus 5 Build/MRA58N) AppleWebKit/537.36 (KHTML, like Gecko) Chrome/68.0.3440.106 Mobile Safari/537.36]
[2019-02-24T12:29:48.887] [INFO] default - [::1 GET /ydui/js/ydui.flexible.js 200 8ms][http://localhost:3000/ HTTP/1.1 Mozilla/5.0 (Linux; Android 6.0; Nexus 5 Build/MRA58N) AppleWebKit/537.36 (KHTML, like Gecko) Chrome/68.0.3440.106 Mobile Safari/537.36]
[2019-02-24T12:29:48.888] [INFO] default - [::1 GET /css/order.css 200 7ms][http://localhost:3000/ HTTP/1.1 Mozilla/5.0 (Linux; Android 6.0; Nexus 5 Build/MRA58N) AppleWebKit/537.36 (KHTML, like Gecko) Chrome/68.0.3440.106 Mobile Safari/537.36]
[2019-02-24T12:29:48.889] [INFO] default - [::1 GET /layui/layui.js 200 8ms][http://localhost:3000/ HTTP/1.1 Mozilla/5.0 (Linux; Android 6.0; Nexus 5 Build/MRA58N) AppleWebKit/537.36 (KHTML, like Gecko) Chrome/68.0.3440.106 Mobile Safari/537.36]
[2019-02-24T12:29:48.889] [INFO] default - [::1 GET /jquery-weui/dist/lib/weui.min.css 200 11ms][http://localhost:3000/ HTTP/1.1 Mozilla/5.0 (Linux; Android 6.0; Nexus 5 Build/MRA58N) AppleWebKit/537.36 (KHTML, like Gecko) Chrome/68.0.3440.106 Mobile Safari/537.36]
[2019-02-24T12:29:48.892] [INFO] default - [::1 GET /jquery/jquery.min.js 200 7ms][http://localhost:3000/ HTTP/1.1 Mozilla/5.0 (Linux; Android 6.0; Nexus 5 Build/MRA58N) AppleWebKit/537.36 (KHTML, like Gecko) Chrome/68.0.3440.106 Mobile Safari/537.36]
[2019-02-24T12:29:48.894] [INFO] default - [::1 GET /jquery-weui/dist/js/jquery-weui.min.js 200 7ms][http://localhost:3000/ HTTP/1.1 Mozilla/5.0 (Linux; Android 6.0; Nexus 5 Build/MRA58N) AppleWebKit/537.36 (KHTML, like Gecko) Chrome/68.0.3440.106 Mobile Safari/537.36]
[2019-02-24T12:29:48.894] [INFO] default - [::1 GET /javascript/function.js 200 4ms][http://localhost:3000/ HTTP/1.1 Mozilla/5.0 (Linux; Android 6.0; Nexus 5 Build/MRA58N) AppleWebKit/537.36 (KHTML, like Gecko) Chrome/68.0.3440.106 Mobile Safari/537.36]
[2019-02-24T12:29:48.948] [INFO] default - [::1 GET /layui/lay/modules/layer.js 200 3ms][http://localhost:3000/ HTTP/1.1 Mozilla/5.0 (Linux; Android 6.0; Nexus 5 Build/MRA58N) AppleWebKit/537.36 (KHTML, like Gecko) Chrome/68.0.3440.106 Mobile Safari/537.36]
[2019-02-24T12:29:48.957] [INFO] default - [::1 GET /layui/css/modules/layer/default/layer.css?v=3.1.1 200 2ms][http://localhost:3000/ HTTP/1.1 Mozilla/5.0 (Linux; Android 6.0; Nexus 5 Build/MRA58N) AppleWebKit/537.36 (KHTML, like Gecko) Chrome/68.0.3440.106 Mobile Safari/537.36]
[2019-02-24T12:29:48.959] [INFO] default - [::1 GET /layui/lay/modules/form.js 200 2ms][http://localhost:3000/ HTTP/1.1 Mozilla/5.0 (Linux; Android 6.0; Nexus 5 Build/MRA58N) AppleWebKit/537.36 (KHTML, like Gecko) Chrome/68.0.3440.106 Mobile Safari/537.36]
[2019-02-24T12:29:48.967] [INFO] default - [::1 GET /layui/css/modules/layer/default/loading-2.gif 200 1ms][http://localhost:3000/layui/css/modules/layer/default/layer.css?v=3.1.1 HTTP/1.1 Mozilla/5.0 (Linux; Android 6.0; Nexus 5 Build/MRA58N) AppleWebKit/537.36 (KHTML, like Gecko) Chrome/68.0.3440.106 Mobile Safari/537.36]
[2019-02-24T12:29:48.984] [INFO] default - [::1 GET /javascript/index1.js?_=1550982588931 200 8ms][http://localhost:3000/ HTTP/1.1 Mozilla/5.0 (Linux; Android 6.0; Nexus 5 Build/MRA58N) AppleWebKit/537.36 (KHTML, like Gecko) Chrome/68.0.3440.106 Mobile Safari/537.36]
[2019-02-24T12:29:48.990] [INFO] default - [::1 GET /javascript/order.js?_=1550982588932 200 2ms][http://localhost:3000/ HTTP/1.1 Mozilla/5.0 (Linux; Android 6.0; Nexus 5 Build/MRA58N) AppleWebKit/537.36 (KHTML, like Gecko) Chrome/68.0.3440.106 Mobile Safari/537.36]
[2019-02-24T12:29:49.004] [INFO] default - [::1 GET /javascript/sales.js?_=1550982588933 200 3ms][http://localhost:3000/ HTTP/1.1 Mozilla/5.0 (Linux; Android 6.0; Nexus 5 Build/MRA58N) AppleWebKit/537.36 (KHTML, like Gecko) Chrome/68.0.3440.106 Mobile Safari/537.36]
[2019-02-24T12:29:49.015] [INFO] default - [::1 GET /javascript/pullSignal.js?_=1550982588934 200 2ms][http://localhost:3000/ HTTP/1.1 Mozilla/5.0 (Linux; Android 6.0; Nexus 5 Build/MRA58N) AppleWebKit/537.36 (KHTML, like Gecko) Chrome/68.0.3440.106 Mobile Safari/537.36]
[2019-02-24T12:29:49.020] [INFO] default - [::1 GET /javascript/addApplicationGoods.js?_=1550982588935 200 1ms][http://localhost:3000/ HTTP/1.1 Mozilla/5.0 (Linux; Android 6.0; Nexus 5 Build/MRA58N) AppleWebKit/537.36 (KHTML, like Gecko) Chrome/68.0.3440.106 Mobile Safari/537.36]
[2019-02-24T12:29:49.027] [INFO] default - [::1 GET /javascript/addReturnRequest.js?_=1550982588936 200 2ms][http://localhost:3000/ HTTP/1.1 Mozilla/5.0 (Linux; Android 6.0; Nexus 5 Build/MRA58N) AppleWebKit/537.36 (KHTML, like Gecko) Chrome/68.0.3440.106 Mobile Safari/537.36]
[2019-02-24T12:29:49.032] [INFO] default - [::1 GET /javascript/requireGoodsList.js?_=1550982588937 200 1ms][http://localhost:3000/ HTTP/1.1 Mozilla/5.0 (Linux; Android 6.0; Nexus 5 Build/MRA58N) AppleWebKit/537.36 (KHTML, like Gecko) Chrome/68.0.3440.106 Mobile Safari/537.36]
[2019-02-24T12:29:49.038] [INFO] default - [::1 GET /javascript/tuihuo_requireGoodsList.js?_=1550982588938 200 1ms][http://localhost:3000/ HTTP/1.1 Mozilla/5.0 (Linux; Android 6.0; Nexus 5 Build/MRA58N) AppleWebKit/537.36 (KHTML, like Gecko) Chrome/68.0.3440.106 Mobile Safari/537.36]
[2019-02-24T12:29:49.044] [INFO] default - [::1 GET /javascript/saleslist.js?_=1550982588939 200 2ms][http://localhost:3000/ HTTP/1.1 Mozilla/5.0 (Linux; Android 6.0; Nexus 5 Build/MRA58N) AppleWebKit/537.36 (KHTML, like Gecko) Chrome/68.0.3440.106 Mobile Safari/537.36]
[2019-02-24T12:29:49.051] [INFO] default - [::1 GET /javascript/saleslist_goods.js?_=1550982588940 200 1ms][http://localhost:3000/ HTTP/1.1 Mozilla/5.0 (Linux; Android 6.0; Nexus 5 Build/MRA58N) AppleWebKit/537.36 (KHTML, like Gecko) Chrome/68.0.3440.106 Mobile Safari/537.36]
[2019-02-24T12:29:49.059] [INFO] default - [::1 GET /javascript/productList.js?_=1550982588941 200 2ms][http://localhost:3000/ HTTP/1.1 Mozilla/5.0 (Linux; Android 6.0; Nexus 5 Build/MRA58N) AppleWebKit/537.36 (KHTML, like Gecko) Chrome/68.0.3440.106 Mobile Safari/537.36]
[2019-02-24T12:29:49.064] [INFO] default - [::1 GET /javascript/selectCustomer.js?_=1550982588942 200 1ms][http://localhost:3000/ HTTP/1.1 Mozilla/5.0 (Linux; Android 6.0; Nexus 5 Build/MRA58N) AppleWebKit/537.36 (KHTML, like Gecko) Chrome/68.0.3440.106 Mobile Safari/537.36]
[2019-02-24T12:29:49.070] [INFO] default - [::1 GET /javascript/productDetail.js?_=1550982588943 200 2ms][http://localhost:3000/ HTTP/1.1 Mozilla/5.0 (Linux; Android 6.0; Nexus 5 Build/MRA58N) AppleWebKit/537.36 (KHTML, like Gecko) Chrome/68.0.3440.106 Mobile Safari/537.36]
[2019-02-24T12:29:49.076] [INFO] default - [::1 GET /javascript/tuihuo_productList.js?_=1550982588944 200 2ms][http://localhost:3000/ HTTP/1.1 Mozilla/5.0 (Linux; Android 6.0; Nexus 5 Build/MRA58N) AppleWebKit/537.36 (KHTML, like Gecko) Chrome/68.0.3440.106 Mobile Safari/537.36]
[2019-02-24T12:29:49.083] [INFO] default - [::1 GET /javascript/tuihuo_saleslist_goods.js?_=1550982588945 200 1ms][http://localhost:3000/ HTTP/1.1 Mozilla/5.0 (Linux; Android 6.0; Nexus 5 Build/MRA58N) AppleWebKit/537.36 (KHTML, like Gecko) Chrome/68.0.3440.106 Mobile Safari/537.36]
[2019-02-24T12:29:49.090] [INFO] default - [::1 GET /javascript/tuihuo_selectcustomer.js?_=1550982588946 200 1ms][http://localhost:3000/ HTTP/1.1 Mozilla/5.0 (Linux; Android 6.0; Nexus 5 Build/MRA58N) AppleWebKit/537.36 (KHTML, like Gecko) Chrome/68.0.3440.106 Mobile Safari/537.36]
[2019-02-24T12:29:49.097] [INFO] default - [::1 GET /javascript/tuihuo_salelist.js?_=1550982588947 200 3ms][http://localhost:3000/ HTTP/1.1 Mozilla/5.0 (Linux; Android 6.0; Nexus 5 Build/MRA58N) AppleWebKit/537.36 (KHTML, like Gecko) Chrome/68.0.3440.106 Mobile Safari/537.36]
[2019-02-24T12:29:49.106] [INFO] default - [::1 GET /javascript/addApplicationGoods_detail.js?_=1550982588948 200 2ms][http://localhost:3000/ HTTP/1.1 Mozilla/5.0 (Linux; Android 6.0; Nexus 5 Build/MRA58N) AppleWebKit/537.36 (KHTML, like Gecko) Chrome/68.0.3440.106 Mobile Safari/537.36]
[2019-02-24T12:29:49.112] [INFO] default - [::1 GET /javascript/selectproductlist.js?_=1550982588949 200 1ms][http://localhost:3000/ HTTP/1.1 Mozilla/5.0 (Linux; Android 6.0; Nexus 5 Build/MRA58N) AppleWebKit/537.36 (KHTML, like Gecko) Chrome/68.0.3440.106 Mobile Safari/537.36]
[2019-02-24T12:29:49.118] [INFO] default - [::1 GET /javascript/selectreturnlist.js?_=1550982588950 200 2ms][http://localhost:3000/ HTTP/1.1 Mozilla/5.0 (Linux; Android 6.0; Nexus 5 Build/MRA58N) AppleWebKit/537.36 (KHTML, like Gecko) Chrome/68.0.3440.106 Mobile Safari/537.36]
[2019-02-24T12:29:49.123] [INFO] default - [::1 GET /javascript/addReturnRequest_detail.js?_=1550982588951 200 1ms][http://localhost:3000/ HTTP/1.1 Mozilla/5.0 (Linux; Android 6.0; Nexus 5 Build/MRA58N) AppleWebKit/537.36 (KHTML, like Gecko) Chrome/68.0.3440.106 Mobile Safari/537.36]
[2019-02-24T12:29:49.130] [INFO] default - [::1 GET /layui/lay/modules/laytpl.js 200 1ms][http://localhost:3000/ HTTP/1.1 Mozilla/5.0 (Linux; Android 6.0; Nexus 5 Build/MRA58N) AppleWebKit/537.36 (KHTML, like Gecko) Chrome/68.0.3440.106 Mobile Safari/537.36]
[2019-02-24T12:29:49.146] [INFO] default - [::1 GET /layui/font/iconfont.woff?v=230 200 1ms][http://localhost:3000/layui/css/layui.css HTTP/1.1 Mozilla/5.0 (Linux; Android 6.0; Nexus 5 Build/MRA58N) AppleWebKit/537.36 (KHTML, like Gecko) Chrome/68.0.3440.106 Mobile Safari/537.36]
[2019-02-24T12:29:55.731] [INFO] default - [::1 POST /Project 200 3152ms][http://localhost:3000/ HTTP/1.1 Mozilla/5.0 (Linux; Android 6.0; Nexus 5 Build/MRA58N) AppleWebKit/537.36 (KHTML, like Gecko) Chrome/68.0.3440.106 Mobile Safari/537.36]
[2019-02-24T12:29:55.809] [INFO] default - [::1 POST /person 200 3225ms][http://localhost:3000/ HTTP/1.1 Mozilla/5.0 (Linux; Android 6.0; Nexus 5 Build/MRA58N) AppleWebKit/537.36 (KHTML, like Gecko) Chrome/68.0.3440.106 Mobile Safari/537.36]
[2019-02-24T12:29:55.966] [INFO] default - [::1 GET /warehouse 200 3384ms][http://localhost:3000/ HTTP/1.1 Mozilla/5.0 (Linux; Android 6.0; Nexus 5 Build/MRA58N) AppleWebKit/537.36 (KHTML, like Gecko) Chrome/68.0.3440.106 Mobile Safari/537.36]
[2019-02-24T12:29:56.897] [INFO] default - [::1 GET /layui/lay/modules/element.js 200 6ms][http://localhost:3000/ HTTP/1.1 Mozilla/5.0 (Linux; Android 6.0; Nexus 5 Build/MRA58N) AppleWebKit/537.36 (KHTML, like Gecko) Chrome/68.0.3440.106 Mobile Safari/537.36]
[2019-02-24T12:29:56.914] [INFO] default - [::1 GET /layui/css/modules/layer/default/loading-1.gif 200 2ms][http://localhost:3000/layui/css/modules/layer/default/layer.css?v=3.1.1 HTTP/1.1 Mozilla/5.0 (Linux; Android 6.0; Nexus 5 Build/MRA58N) AppleWebKit/537.36 (KHTML, like Gecko) Chrome/68.0.3440.106 Mobile Safari/537.36]
[2019-02-24T12:29:59.245] [INFO] default - [::1 POST /inventory 200 2318ms][http://localhost:3000/ HTTP/1.1 Mozilla/5.0 (Linux; Android 6.0; Nexus 5 Build/MRA58N) AppleWebKit/537.36 (KHTML, like Gecko) Chrome/68.0.3440.106 Mobile Safari/537.36]
[2019-02-24T12:30:01.425] [INFO] default - [::1 POST /currentStockQuery 200 2112ms][http://localhost:3000/ HTTP/1.1 Mozilla/5.0 (Linux; Android 6.0; Nexus 5 Build/MRA58N) AppleWebKit/537.36 (KHTML, like Gecko) Chrome/68.0.3440.106 Mobile Safari/537.36]
[2019-02-24T12:30:12.602] [INFO] default - [::1 POST /QueryInventoryPrice 200 13287ms][http://localhost:3000/ HTTP/1.1 Mozilla/5.0 (Linux; Android 6.0; Nexus 5 Build/MRA58N) AppleWebKit/537.36 (KHTML, like Gecko) Chrome/68.0.3440.106 Mobile Safari/537.36]
[2019-02-24T21:09:38.848] [INFO] default - [::1 POST /Project 302 26ms][http://localhost:3000/ HTTP/1.1 Mozilla/5.0 (Linux; Android 6.0; Nexus 5 Build/MRA58N) AppleWebKit/537.36 (KHTML, like Gecko) Chrome/68.0.3440.106 Mobile Safari/537.36]
[2019-02-24T21:09:38.876] [INFO] default - [::1 POST /person 302 20ms][http://localhost:3000/ HTTP/1.1 Mozilla/5.0 (Linux; Android 6.0; Nexus 5 Build/MRA58N) AppleWebKit/537.36 (KHTML, like Gecko) Chrome/68.0.3440.106 Mobile Safari/537.36]
[2019-02-24T21:09:38.880] [INFO] default - [::1 GET /warehouse 302 25ms][http://localhost:3000/ HTTP/1.1 Mozilla/5.0 (Linux; Android 6.0; Nexus 5 Build/MRA58N) AppleWebKit/537.36 (KHTML, like Gecko) Chrome/68.0.3440.106 Mobile Safari/537.36]
[2019-02-24T21:09:38.887] [INFO] default - [::1 GET / 200 14ms][http://localhost:3000/ HTTP/1.1 Mozilla/5.0 (Linux; Android 6.0; Nexus 5 Build/MRA58N) AppleWebKit/537.36 (KHTML, like Gecko) Chrome/68.0.3440.106 Mobile Safari/537.36]
[2019-02-24T21:09:38.906] [INFO] default - [::1 GET / 200 17ms][http://localhost:3000/ HTTP/1.1 Mozilla/5.0 (Linux; Android 6.0; Nexus 5 Build/MRA58N) AppleWebKit/537.36 (KHTML, like Gecko) Chrome/68.0.3440.106 Mobile Safari/537.36]
[2019-02-24T21:09:38.908] [INFO] default - [::1 GET / 200 8ms][http://localhost:3000/ HTTP/1.1 Mozilla/5.0 (Linux; Android 6.0; Nexus 5 Build/MRA58N) AppleWebKit/537.36 (KHTML, like Gecko) Chrome/68.0.3440.106 Mobile Safari/537.36]
[2019-02-24T21:09:42.032] [INFO] default - [::1 GET / 200 2ms][http://localhost:3000/ HTTP/1.1 Mozilla/5.0 (Linux; Android 6.0; Nexus 5 Build/MRA58N) AppleWebKit/537.36 (KHTML, like Gecko) Chrome/68.0.3440.106 Mobile Safari/537.36]
[2019-02-24T21:09:42.292] [INFO] default - [::1 GET /css/style.css 200 6ms][http://localhost:3000/ HTTP/1.1 Mozilla/5.0 (Linux; Android 6.0; Nexus 5 Build/MRA58N) AppleWebKit/537.36 (KHTML, like Gecko) Chrome/68.0.3440.106 Mobile Safari/537.36]
[2019-02-24T21:09:42.295] [INFO] default - [::1 GET /js/index.js 200 7ms][http://localhost:3000/ HTTP/1.1 Mozilla/5.0 (Linux; Android 6.0; Nexus 5 Build/MRA58N) AppleWebKit/537.36 (KHTML, like Gecko) Chrome/68.0.3440.106 Mobile Safari/537.36]
[2019-02-24T21:09:42.297] [INFO] default - [::1 GET /js/jquery.min.js 200 8ms][http://localhost:3000/ HTTP/1.1 Mozilla/5.0 (Linux; Android 6.0; Nexus 5 Build/MRA58N) AppleWebKit/537.36 (KHTML, like Gecko) Chrome/68.0.3440.106 Mobile Safari/537.36]
[2019-02-24T21:09:42.336] [INFO] default - [::1 GET /slider-2.jpg 200 1ms][http://localhost:3000/css/style.css HTTP/1.1 Mozilla/5.0 (Linux; Android 6.0; Nexus 5 Build/MRA58N) AppleWebKit/537.36 (KHTML, like Gecko) Chrome/68.0.3440.106 Mobile Safari/537.36]
[2019-02-24T21:09:42.379] [INFO] default - [::1 GET /js/jquery.min.map 404 4ms][ HTTP/1.1 Mozilla/5.0 (Linux; Android 6.0; Nexus 5 Build/MRA58N) AppleWebKit/537.36 (KHTML, like Gecko) Chrome/68.0.3440.106 Mobile Safari/537.36]
[2019-02-24T21:09:58.981] [INFO] default - [::1 POST /Login 200 1351ms][http://localhost:3000/ HTTP/1.1 Mozilla/5.0 (Linux; Android 6.0; Nexus 5 Build/MRA58N) AppleWebKit/537.36 (KHTML, like Gecko) Chrome/68.0.3440.106 Mobile Safari/537.36]
[2019-02-24T21:09:59.028] [INFO] default - [::1 GET / 200 32ms][http://localhost:3000/ HTTP/1.1 Mozilla/5.0 (Linux; Android 6.0; Nexus 5 Build/MRA58N) AppleWebKit/537.36 (KHTML, like Gecko) Chrome/68.0.3440.106 Mobile Safari/537.36]
[2019-02-24T21:09:59.054] [INFO] default - [::1 GET /ydui/css/ydui.css 200 8ms][http://localhost:3000/ HTTP/1.1 Mozilla/5.0 (Linux; Android 6.0; Nexus 5 Build/MRA58N) AppleWebKit/537.36 (KHTML, like Gecko) Chrome/68.0.3440.106 Mobile Safari/537.36]
[2019-02-24T21:09:59.054] [INFO] default - [::1 GET /layui/css/layui.css 200 10ms][http://localhost:3000/ HTTP/1.1 Mozilla/5.0 (Linux; Android 6.0; Nexus 5 Build/MRA58N) AppleWebKit/537.36 (KHTML, like Gecko) Chrome/68.0.3440.106 Mobile Safari/537.36]
[2019-02-24T21:09:59.057] [INFO] default - [::1 GET /jquery-weui/dist/lib/weui.min.css 200 10ms][http://localhost:3000/ HTTP/1.1 Mozilla/5.0 (Linux; Android 6.0; Nexus 5 Build/MRA58N) AppleWebKit/537.36 (KHTML, like Gecko) Chrome/68.0.3440.106 Mobile Safari/537.36]
[2019-02-24T21:09:59.058] [INFO] default - [::1 GET /ydui/js/ydui.flexible.js 200 10ms][http://localhost:3000/ HTTP/1.1 Mozilla/5.0 (Linux; Android 6.0; Nexus 5 Build/MRA58N) AppleWebKit/537.36 (KHTML, like Gecko) Chrome/68.0.3440.106 Mobile Safari/537.36]
[2019-02-24T21:09:59.059] [INFO] default - [::1 GET /layui/layui.js 200 10ms][http://localhost:3000/ HTTP/1.1 Mozilla/5.0 (Linux; Android 6.0; Nexus 5 Build/MRA58N) AppleWebKit/537.36 (KHTML, like Gecko) Chrome/68.0.3440.106 Mobile Safari/537.36]
[2019-02-24T21:09:59.061] [INFO] default - [::1 GET /css/order.css 200 13ms][http://localhost:3000/ HTTP/1.1 Mozilla/5.0 (Linux; Android 6.0; Nexus 5 Build/MRA58N) AppleWebKit/537.36 (KHTML, like Gecko) Chrome/68.0.3440.106 Mobile Safari/537.36]
[2019-02-24T21:09:59.069] [INFO] default - [::1 GET /jquery/jquery.min.js 200 11ms][http://localhost:3000/ HTTP/1.1 Mozilla/5.0 (Linux; Android 6.0; Nexus 5 Build/MRA58N) AppleWebKit/537.36 (KHTML, like Gecko) Chrome/68.0.3440.106 Mobile Safari/537.36]
[2019-02-24T21:09:59.070] [INFO] default - [::1 GET /javascript/function.js 200 10ms][http://localhost:3000/ HTTP/1.1 Mozilla/5.0 (Linux; Android 6.0; Nexus 5 Build/MRA58N) AppleWebKit/537.36 (KHTML, like Gecko) Chrome/68.0.3440.106 Mobile Safari/537.36]
[2019-02-24T21:09:59.070] [INFO] default - [::1 GET /jquery-weui/dist/js/jquery-weui.min.js 200 14ms][http://localhost:3000/ HTTP/1.1 Mozilla/5.0 (Linux; Android 6.0; Nexus 5 Build/MRA58N) AppleWebKit/537.36 (KHTML, like Gecko) Chrome/68.0.3440.106 Mobile Safari/537.36]
[2019-02-24T21:09:59.126] [INFO] default - [::1 GET /layui/lay/modules/layer.js 200 2ms][http://localhost:3000/ HTTP/1.1 Mozilla/5.0 (Linux; Android 6.0; Nexus 5 Build/MRA58N) AppleWebKit/537.36 (KHTML, like Gecko) Chrome/68.0.3440.106 Mobile Safari/537.36]
[2019-02-24T21:09:59.135] [INFO] default - [::1 GET /layui/css/modules/layer/default/layer.css?v=3.1.1 200 2ms][http://localhost:3000/ HTTP/1.1 Mozilla/5.0 (Linux; Android 6.0; Nexus 5 Build/MRA58N) AppleWebKit/537.36 (KHTML, like Gecko) Chrome/68.0.3440.106 Mobile Safari/537.36]
[2019-02-24T21:09:59.136] [INFO] default - [::1 GET /layui/lay/modules/form.js 200 3ms][http://localhost:3000/ HTTP/1.1 Mozilla/5.0 (Linux; Android 6.0; Nexus 5 Build/MRA58N) AppleWebKit/537.36 (KHTML, like Gecko) Chrome/68.0.3440.106 Mobile Safari/537.36]
[2019-02-24T21:09:59.145] [INFO] default - [::1 GET /layui/css/modules/layer/default/loading-2.gif 200 1ms][http://localhost:3000/layui/css/modules/layer/default/layer.css?v=3.1.1 HTTP/1.1 Mozilla/5.0 (Linux; Android 6.0; Nexus 5 Build/MRA58N) AppleWebKit/537.36 (KHTML, like Gecko) Chrome/68.0.3440.106 Mobile Safari/537.36]
[2019-02-24T21:09:59.163] [INFO] default - [::1 GET /javascript/index1.js?_=1551013799106 200 4ms][http://localhost:3000/ HTTP/1.1 Mozilla/5.0 (Linux; Android 6.0; Nexus 5 Build/MRA58N) AppleWebKit/537.36 (KHTML, like Gecko) Chrome/68.0.3440.106 Mobile Safari/537.36]
[2019-02-24T21:09:59.172] [INFO] default - [::1 GET /javascript/order.js?_=1551013799107 200 3ms][http://localhost:3000/ HTTP/1.1 Mozilla/5.0 (Linux; Android 6.0; Nexus 5 Build/MRA58N) AppleWebKit/537.36 (KHTML, like Gecko) Chrome/68.0.3440.106 Mobile Safari/537.36]
[2019-02-24T21:09:59.183] [INFO] default - [::1 GET /javascript/sales.js?_=1551013799108 200 6ms][http://localhost:3000/ HTTP/1.1 Mozilla/5.0 (Linux; Android 6.0; Nexus 5 Build/MRA58N) AppleWebKit/537.36 (KHTML, like Gecko) Chrome/68.0.3440.106 Mobile Safari/537.36]
[2019-02-24T21:09:59.190] [INFO] default - [::1 GET /javascript/pullSignal.js?_=1551013799109 200 2ms][http://localhost:3000/ HTTP/1.1 Mozilla/5.0 (Linux; Android 6.0; Nexus 5 Build/MRA58N) AppleWebKit/537.36 (KHTML, like Gecko) Chrome/68.0.3440.106 Mobile Safari/537.36]
[2019-02-24T21:09:59.200] [INFO] default - [::1 GET /javascript/addApplicationGoods.js?_=1551013799110 200 2ms][http://localhost:3000/ HTTP/1.1 Mozilla/5.0 (Linux; Android 6.0; Nexus 5 Build/MRA58N) AppleWebKit/537.36 (KHTML, like Gecko) Chrome/68.0.3440.106 Mobile Safari/537.36]
[2019-02-24T21:09:59.207] [INFO] default - [::1 GET /javascript/addReturnRequest.js?_=1551013799111 200 2ms][http://localhost:3000/ HTTP/1.1 Mozilla/5.0 (Linux; Android 6.0; Nexus 5 Build/MRA58N) AppleWebKit/537.36 (KHTML, like Gecko) Chrome/68.0.3440.106 Mobile Safari/537.36]
[2019-02-24T21:09:59.215] [INFO] default - [::1 GET /javascript/requireGoodsList.js?_=1551013799112 200 2ms][http://localhost:3000/ HTTP/1.1 Mozilla/5.0 (Linux; Android 6.0; Nexus 5 Build/MRA58N) AppleWebKit/537.36 (KHTML, like Gecko) Chrome/68.0.3440.106 Mobile Safari/537.36]
[2019-02-24T21:09:59.222] [INFO] default - [::1 GET /javascript/tuihuo_requireGoodsList.js?_=1551013799113 200 2ms][http://localhost:3000/ HTTP/1.1 Mozilla/5.0 (Linux; Android 6.0; Nexus 5 Build/MRA58N) AppleWebKit/537.36 (KHTML, like Gecko) Chrome/68.0.3440.106 Mobile Safari/537.36]
[2019-02-24T21:09:59.231] [INFO] default - [::1 GET /javascript/saleslist.js?_=1551013799114 200 2ms][http://localhost:3000/ HTTP/1.1 Mozilla/5.0 (Linux; Android 6.0; Nexus 5 Build/MRA58N) AppleWebKit/537.36 (KHTML, like Gecko) Chrome/68.0.3440.106 Mobile Safari/537.36]
[2019-02-24T21:09:59.240] [INFO] default - [::1 GET /javascript/saleslist_goods.js?_=1551013799115 200 3ms][http://localhost:3000/ HTTP/1.1 Mozilla/5.0 (Linux; Android 6.0; Nexus 5 Build/MRA58N) AppleWebKit/537.36 (KHTML, like Gecko) Chrome/68.0.3440.106 Mobile Safari/537.36]
[2019-02-24T21:09:59.247] [INFO] default - [::1 GET /javascript/productList.js?_=1551013799116 200 1ms][http://localhost:3000/ HTTP/1.1 Mozilla/5.0 (Linux; Android 6.0; Nexus 5 Build/MRA58N) AppleWebKit/537.36 (KHTML, like Gecko) Chrome/68.0.3440.106 Mobile Safari/537.36]
[2019-02-24T21:09:59.256] [INFO] default - [::1 GET /javascript/selectCustomer.js?_=1551013799117 200 1ms][http://localhost:3000/ HTTP/1.1 Mozilla/5.0 (Linux; Android 6.0; Nexus 5 Build/MRA58N) AppleWebKit/537.36 (KHTML, like Gecko) Chrome/68.0.3440.106 Mobile Safari/537.36]
[2019-02-24T21:09:59.263] [INFO] default - [::1 GET /javascript/productDetail.js?_=1551013799118 200 2ms][http://localhost:3000/ HTTP/1.1 Mozilla/5.0 (Linux; Android 6.0; Nexus 5 Build/MRA58N) AppleWebKit/537.36 (KHTML, like Gecko) Chrome/68.0.3440.106 Mobile Safari/537.36]
[2019-02-24T21:09:59.269] [INFO] default - [::1 GET /javascript/tuihuo_productList.js?_=1551013799119 200 1ms][http://localhost:3000/ HTTP/1.1 Mozilla/5.0 (Linux; Android 6.0; Nexus 5 Build/MRA58N) AppleWebKit/537.36 (KHTML, like Gecko) Chrome/68.0.3440.106 Mobile Safari/537.36]
[2019-02-24T21:09:59.277] [INFO] default - [::1 GET /javascript/tuihuo_saleslist_goods.js?_=1551013799120 200 3ms][http://localhost:3000/ HTTP/1.1 Mozilla/5.0 (Linux; Android 6.0; Nexus 5 Build/MRA58N) AppleWebKit/537.36 (KHTML, like Gecko) Chrome/68.0.3440.106 Mobile Safari/537.36]
[2019-02-24T21:09:59.285] [INFO] default - [::1 GET /javascript/tuihuo_selectcustomer.js?_=1551013799121 200 1ms][http://localhost:3000/ HTTP/1.1 Mozilla/5.0 (Linux; Android 6.0; Nexus 5 Build/MRA58N) AppleWebKit/537.36 (KHTML, like Gecko) Chrome/68.0.3440.106 Mobile Safari/537.36]
[2019-02-24T21:09:59.292] [INFO] default - [::1 GET /javascript/tuihuo_salelist.js?_=1551013799122 200 3ms][http://localhost:3000/ HTTP/1.1 Mozilla/5.0 (Linux; Android 6.0; Nexus 5 Build/MRA58N) AppleWebKit/537.36 (KHTML, like Gecko) Chrome/68.0.3440.106 Mobile Safari/537.36]
[2019-02-24T21:09:59.299] [INFO] default - [::1 GET /javascript/addApplicationGoods_detail.js?_=1551013799123 200 2ms][http://localhost:3000/ HTTP/1.1 Mozilla/5.0 (Linux; Android 6.0; Nexus 5 Build/MRA58N) AppleWebKit/537.36 (KHTML, like Gecko) Chrome/68.0.3440.106 Mobile Safari/537.36]
[2019-02-24T21:09:59.310] [INFO] default - [::1 GET /javascript/selectproductlist.js?_=1551013799124 200 6ms][http://localhost:3000/ HTTP/1.1 Mozilla/5.0 (Linux; Android 6.0; Nexus 5 Build/MRA58N) AppleWebKit/537.36 (KHTML, like Gecko) Chrome/68.0.3440.106 Mobile Safari/537.36]
[2019-02-24T21:09:59.320] [INFO] default - [::1 GET /javascript/selectreturnlist.js?_=1551013799125 200 4ms][http://localhost:3000/ HTTP/1.1 Mozilla/5.0 (Linux; Android 6.0; Nexus 5 Build/MRA58N) AppleWebKit/537.36 (KHTML, like Gecko) Chrome/68.0.3440.106 Mobile Safari/537.36]
[2019-02-24T21:09:59.326] [INFO] default - [::1 GET /javascript/addReturnRequest_detail.js?_=1551013799126 200 2ms][http://localhost:3000/ HTTP/1.1 Mozilla/5.0 (Linux; Android 6.0; Nexus 5 Build/MRA58N) AppleWebKit/537.36 (KHTML, like Gecko) Chrome/68.0.3440.106 Mobile Safari/537.36]
[2019-02-24T21:09:59.333] [INFO] default - [::1 GET /layui/lay/modules/laytpl.js 200 2ms][http://localhost:3000/ HTTP/1.1 Mozilla/5.0 (Linux; Android 6.0; Nexus 5 Build/MRA58N) AppleWebKit/537.36 (KHTML, like Gecko) Chrome/68.0.3440.106 Mobile Safari/537.36]
[2019-02-24T21:09:59.348] [INFO] default - [::1 GET /layui/font/iconfont.woff?v=230 200 1ms][http://localhost:3000/layui/css/layui.css HTTP/1.1 Mozilla/5.0 (Linux; Android 6.0; Nexus 5 Build/MRA58N) AppleWebKit/537.36 (KHTML, like Gecko) Chrome/68.0.3440.106 Mobile Safari/537.36]
[2019-02-24T21:10:11.266] [INFO] default - [::1 POST /Project 200 1758ms][http://localhost:3000/ HTTP/1.1 Mozilla/5.0 (Linux; Android 6.0; Nexus 5 Build/MRA58N) AppleWebKit/537.36 (KHTML, like Gecko) Chrome/68.0.3440.106 Mobile Safari/537.36]
[2019-02-24T21:10:11.583] [INFO] default - [::1 POST /person 200 2070ms][http://localhost:3000/ HTTP/1.1 Mozilla/5.0 (Linux; Android 6.0; Nexus 5 Build/MRA58N) AppleWebKit/537.36 (KHTML, like Gecko) Chrome/68.0.3440.106 Mobile Safari/537.36]
[2019-02-24T21:10:11.928] [INFO] default - [::1 GET /layui/lay/modules/element.js 200 3ms][http://localhost:3000/ HTTP/1.1 Mozilla/5.0 (Linux; Android 6.0; Nexus 5 Build/MRA58N) AppleWebKit/537.36 (KHTML, like Gecko) Chrome/68.0.3440.106 Mobile Safari/537.36]
[2019-02-24T21:10:11.945] [INFO] default - [::1 GET /layui/css/modules/layer/default/loading-1.gif 200 3ms][http://localhost:3000/layui/css/modules/layer/default/layer.css?v=3.1.1 HTTP/1.1 Mozilla/5.0 (Linux; Android 6.0; Nexus 5 Build/MRA58N) AppleWebKit/537.36 (KHTML, like Gecko) Chrome/68.0.3440.106 Mobile Safari/537.36]
[2019-02-24T21:10:12.291] [INFO] default - [::1 GET /warehouse 200 2778ms][http://localhost:3000/ HTTP/1.1 Mozilla/5.0 (Linux; Android 6.0; Nexus 5 Build/MRA58N) AppleWebKit/537.36 (KHTML, like Gecko) Chrome/68.0.3440.106 Mobile Safari/537.36]
[2019-02-24T21:10:13.817] [INFO] default - [::1 POST /inventory 200 1862ms][http://localhost:3000/ HTTP/1.1 Mozilla/5.0 (Linux; Android 6.0; Nexus 5 Build/MRA58N) AppleWebKit/537.36 (KHTML, like Gecko) Chrome/68.0.3440.106 Mobile Safari/537.36]
[2019-02-24T21:10:16.786] [INFO] default - [::1 POST /currentStockQuery 200 2938ms][http://localhost:3000/ HTTP/1.1 Mozilla/5.0 (Linux; Android 6.0; Nexus 5 Build/MRA58N) AppleWebKit/537.36 (KHTML, like Gecko) Chrome/68.0.3440.106 Mobile Safari/537.36]
[2019-02-24T21:10:19.671] [INFO] default - [::1 POST /QueryInventoryPrice 200 5822ms][http://localhost:3000/ HTTP/1.1 Mozilla/5.0 (Linux; Android 6.0; Nexus 5 Build/MRA58N) AppleWebKit/537.36 (KHTML, like Gecko) Chrome/68.0.3440.106 Mobile Safari/537.36]
[2019-02-24T21:12:52.989] [INFO] default - [::1 POST /Project 200 1641ms][http://localhost:3000/ HTTP/1.1 Mozilla/5.0 (Linux; Android 6.0; Nexus 5 Build/MRA58N) AppleWebKit/537.36 (KHTML, like Gecko) Chrome/68.0.3440.106 Mobile Safari/537.36]
[2019-02-24T21:12:53.583] [INFO] default - [::1 GET /warehouse 200 2220ms][http://localhost:3000/ HTTP/1.1 Mozilla/5.0 (Linux; Android 6.0; Nexus 5 Build/MRA58N) AppleWebKit/537.36 (KHTML, like Gecko) Chrome/68.0.3440.106 Mobile Safari/537.36]
[2019-02-24T21:12:53.611] [INFO] default - [::1 POST /person 200 2253ms][http://localhost:3000/ HTTP/1.1 Mozilla/5.0 (Linux; Android 6.0; Nexus 5 Build/MRA58N) AppleWebKit/537.36 (KHTML, like Gecko) Chrome/68.0.3440.106 Mobile Safari/537.36]
[2019-02-24T21:12:56.519] [INFO] default - [::1 GET /warehouse 200 1972ms][http://localhost:3000/ HTTP/1.1 Mozilla/5.0 (Linux; Android 6.0; Nexus 5 Build/MRA58N) AppleWebKit/537.36 (KHTML, like Gecko) Chrome/68.0.3440.106 Mobile Safari/537.36]
[2019-02-24T21:12:56.741] [INFO] default - [::1 POST /Project 200 2197ms][http://localhost:3000/ HTTP/1.1 Mozilla/5.0 (Linux; Android 6.0; Nexus 5 Build/MRA58N) AppleWebKit/537.36 (KHTML, like Gecko) Chrome/68.0.3440.106 Mobile Safari/537.36]
[2019-02-24T21:12:56.908] [INFO] default - [::1 POST /person 200 2360ms][http://localhost:3000/ HTTP/1.1 Mozilla/5.0 (Linux; Android 6.0; Nexus 5 Build/MRA58N) AppleWebKit/537.36 (KHTML, like Gecko) Chrome/68.0.3440.106 Mobile Safari/537.36]
[2019-02-24T21:13:01.965] [INFO] default - [::1 POST /inventory 200 1323ms][http://localhost:3000/ HTTP/1.1 Mozilla/5.0 (Linux; Android 6.0; Nexus 5 Build/MRA58N) AppleWebKit/537.36 (KHTML, like Gecko) Chrome/68.0.3440.106 Mobile Safari/537.36]
[2019-02-24T21:13:47.870] [INFO] default - [::1 GET / 200 19ms][http://localhost:3000/ HTTP/1.1 Mozilla/5.0 (Linux; Android 6.0; Nexus 5 Build/MRA58N) AppleWebKit/537.36 (KHTML, like Gecko) Chrome/68.0.3440.106 Mobile Safari/537.36]
[2019-02-24T21:13:47.894] [INFO] default - [::1 GET /layui/css/layui.css 200 4ms][http://localhost:3000/ HTTP/1.1 Mozilla/5.0 (Linux; Android 6.0; Nexus 5 Build/MRA58N) AppleWebKit/537.36 (KHTML, like Gecko) Chrome/68.0.3440.106 Mobile Safari/537.36]
[2019-02-24T21:13:47.900] [INFO] default - [::1 GET /ydui/css/ydui.css 200 9ms][http://localhost:3000/ HTTP/1.1 Mozilla/5.0 (Linux; Android 6.0; Nexus 5 Build/MRA58N) AppleWebKit/537.36 (KHTML, like Gecko) Chrome/68.0.3440.106 Mobile Safari/537.36]
[2019-02-24T21:13:47.902] [INFO] default - [::1 GET /css/order.css 200 5ms][http://localhost:3000/ HTTP/1.1 Mozilla/5.0 (Linux; Android 6.0; Nexus 5 Build/MRA58N) AppleWebKit/537.36 (KHTML, like Gecko) Chrome/68.0.3440.106 Mobile Safari/537.36]
[2019-02-24T21:13:47.902] [INFO] default - [::1 GET /ydui/js/ydui.flexible.js 200 5ms][http://localhost:3000/ HTTP/1.1 Mozilla/5.0 (Linux; Android 6.0; Nexus 5 Build/MRA58N) AppleWebKit/537.36 (KHTML, like Gecko) Chrome/68.0.3440.106 Mobile Safari/537.36]
[2019-02-24T21:13:47.902] [INFO] default - [::1 GET /layui/layui.js 200 4ms][http://localhost:3000/ HTTP/1.1 Mozilla/5.0 (Linux; Android 6.0; Nexus 5 Build/MRA58N) AppleWebKit/537.36 (KHTML, like Gecko) Chrome/68.0.3440.106 Mobile Safari/537.36]
[2019-02-24T21:13:47.906] [INFO] default - [::1 GET /jquery-weui/dist/lib/weui.min.css 200 10ms][http://localhost:3000/ HTTP/1.1 Mozilla/5.0 (Linux; Android 6.0; Nexus 5 Build/MRA58N) AppleWebKit/537.36 (KHTML, like Gecko) Chrome/68.0.3440.106 Mobile Safari/537.36]
[2019-02-24T21:13:47.909] [INFO] default - [::1 GET /jquery/jquery.min.js 200 4ms][http://localhost:3000/ HTTP/1.1 Mozilla/5.0 (Linux; Android 6.0; Nexus 5 Build/MRA58N) AppleWebKit/537.36 (KHTML, like Gecko) Chrome/68.0.3440.106 Mobile Safari/537.36]
[2019-02-24T21:13:47.919] [INFO] default - [::1 GET /javascript/function.js 200 6ms][http://localhost:3000/ HTTP/1.1 Mozilla/5.0 (Linux; Android 6.0; Nexus 5 Build/MRA58N) AppleWebKit/537.36 (KHTML, like Gecko) Chrome/68.0.3440.106 Mobile Safari/537.36]
[2019-02-24T21:13:47.920] [INFO] default - [::1 GET /jquery-weui/dist/js/jquery-weui.min.js 200 7ms][http://localhost:3000/ HTTP/1.1 Mozilla/5.0 (Linux; Android 6.0; Nexus 5 Build/MRA58N) AppleWebKit/537.36 (KHTML, like Gecko) Chrome/68.0.3440.106 Mobile Safari/537.36]
[2019-02-24T21:13:47.983] [INFO] default - [::1 GET /layui/lay/modules/layer.js 200 1ms][http://localhost:3000/ HTTP/1.1 Mozilla/5.0 (Linux; Android 6.0; Nexus 5 Build/MRA58N) AppleWebKit/537.36 (KHTML, like Gecko) Chrome/68.0.3440.106 Mobile Safari/537.36]
[2019-02-24T21:13:47.992] [INFO] default - [::1 GET /layui/css/modules/layer/default/layer.css?v=3.1.1 200 2ms][http://localhost:3000/ HTTP/1.1 Mozilla/5.0 (Linux; Android 6.0; Nexus 5 Build/MRA58N) AppleWebKit/537.36 (KHTML, like Gecko) Chrome/68.0.3440.106 Mobile Safari/537.36]
[2019-02-24T21:13:47.992] [INFO] default - [::1 GET /layui/lay/modules/form.js 200 1ms][http://localhost:3000/ HTTP/1.1 Mozilla/5.0 (Linux; Android 6.0; Nexus 5 Build/MRA58N) AppleWebKit/537.36 (KHTML, like Gecko) Chrome/68.0.3440.106 Mobile Safari/537.36]
[2019-02-24T21:13:48.004] [INFO] default - [::1 GET /layui/css/modules/layer/default/loading-2.gif 200 1ms][http://localhost:3000/layui/css/modules/layer/default/layer.css?v=3.1.1 HTTP/1.1 Mozilla/5.0 (Linux; Android 6.0; Nexus 5 Build/MRA58N) AppleWebKit/537.36 (KHTML, like Gecko) Chrome/68.0.3440.106 Mobile Safari/537.36]
[2019-02-24T21:13:48.014] [INFO] default - [::1 GET /javascript/index1.js?_=1551014027957 200 1ms][http://localhost:3000/ HTTP/1.1 Mozilla/5.0 (Linux; Android 6.0; Nexus 5 Build/MRA58N) AppleWebKit/537.36 (KHTML, like Gecko) Chrome/68.0.3440.106 Mobile Safari/537.36]
[2019-02-24T21:13:48.025] [INFO] default - [::1 GET /javascript/order.js?_=1551014027958 200 1ms][http://localhost:3000/ HTTP/1.1 Mozilla/5.0 (Linux; Android 6.0; Nexus 5 Build/MRA58N) AppleWebKit/537.36 (KHTML, like Gecko) Chrome/68.0.3440.106 Mobile Safari/537.36]
[2019-02-24T21:13:48.034] [INFO] default - [::1 GET /javascript/sales.js?_=1551014027959 200 2ms][http://localhost:3000/ HTTP/1.1 Mozilla/5.0 (Linux; Android 6.0; Nexus 5 Build/MRA58N) AppleWebKit/537.36 (KHTML, like Gecko) Chrome/68.0.3440.106 Mobile Safari/537.36]
[2019-02-24T21:13:48.040] [INFO] default - [::1 GET /javascript/pullSignal.js?_=1551014027960 200 1ms][http://localhost:3000/ HTTP/1.1 Mozilla/5.0 (Linux; Android 6.0; Nexus 5 Build/MRA58N) AppleWebKit/537.36 (KHTML, like Gecko) Chrome/68.0.3440.106 Mobile Safari/537.36]
[2019-02-24T21:13:48.049] [INFO] default - [::1 GET /javascript/addApplicationGoods.js?_=1551014027961 200 1ms][http://localhost:3000/ HTTP/1.1 Mozilla/5.0 (Linux; Android 6.0; Nexus 5 Build/MRA58N) AppleWebKit/537.36 (KHTML, like Gecko) Chrome/68.0.3440.106 Mobile Safari/537.36]
[2019-02-24T21:13:48.056] [INFO] default - [::1 GET /javascript/addReturnRequest.js?_=1551014027962 200 2ms][http://localhost:3000/ HTTP/1.1 Mozilla/5.0 (Linux; Android 6.0; Nexus 5 Build/MRA58N) AppleWebKit/537.36 (KHTML, like Gecko) Chrome/68.0.3440.106 Mobile Safari/537.36]
[2019-02-24T21:13:48.067] [INFO] default - [::1 GET /javascript/requireGoodsList.js?_=1551014027963 200 2ms][http://localhost:3000/ HTTP/1.1 Mozilla/5.0 (Linux; Android 6.0; Nexus 5 Build/MRA58N) AppleWebKit/537.36 (KHTML, like Gecko) Chrome/68.0.3440.106 Mobile Safari/537.36]
[2019-02-24T21:13:48.073] [INFO] default - [::1 GET /javascript/tuihuo_requireGoodsList.js?_=1551014027964 200 1ms][http://localhost:3000/ HTTP/1.1 Mozilla/5.0 (Linux; Android 6.0; Nexus 5 Build/MRA58N) AppleWebKit/537.36 (KHTML, like Gecko) Chrome/68.0.3440.106 Mobile Safari/537.36]
[2019-02-24T21:13:48.082] [INFO] default - [::1 GET /javascript/saleslist.js?_=1551014027965 200 2ms][http://localhost:3000/ HTTP/1.1 Mozilla/5.0 (Linux; Android 6.0; Nexus 5 Build/MRA58N) AppleWebKit/537.36 (KHTML, like Gecko) Chrome/68.0.3440.106 Mobile Safari/537.36]
[2019-02-24T21:13:48.087] [INFO] default - [::1 GET /javascript/saleslist_goods.js?_=1551014027966 200 1ms][http://localhost:3000/ HTTP/1.1 Mozilla/5.0 (Linux; Android 6.0; Nexus 5 Build/MRA58N) AppleWebKit/537.36 (KHTML, like Gecko) Chrome/68.0.3440.106 Mobile Safari/537.36]
[2019-02-24T21:13:48.097] [INFO] default - [::1 GET /javascript/productList.js?_=1551014027967 200 3ms][http://localhost:3000/ HTTP/1.1 Mozilla/5.0 (Linux; Android 6.0; Nexus 5 Build/MRA58N) AppleWebKit/537.36 (KHTML, like Gecko) Chrome/68.0.3440.106 Mobile Safari/537.36]
[2019-02-24T21:13:48.104] [INFO] default - [::1 GET /javascript/selectCustomer.js?_=1551014027968 200 1ms][http://localhost:3000/ HTTP/1.1 Mozilla/5.0 (Linux; Android 6.0; Nexus 5 Build/MRA58N) AppleWebKit/537.36 (KHTML, like Gecko) Chrome/68.0.3440.106 Mobile Safari/537.36]
[2019-02-24T21:13:48.114] [INFO] default - [::1 GET /javascript/productDetail.js?_=1551014027969 200 5ms][http://localhost:3000/ HTTP/1.1 Mozilla/5.0 (Linux; Android 6.0; Nexus 5 Build/MRA58N) AppleWebKit/537.36 (KHTML, like Gecko) Chrome/68.0.3440.106 Mobile Safari/537.36]
[2019-02-24T21:13:48.121] [INFO] default - [::1 GET /javascript/tuihuo_productList.js?_=1551014027970 200 1ms][http://localhost:3000/ HTTP/1.1 Mozilla/5.0 (Linux; Android 6.0; Nexus 5 Build/MRA58N) AppleWebKit/537.36 (KHTML, like Gecko) Chrome/68.0.3440.106 Mobile Safari/537.36]
[2019-02-24T21:13:48.132] [INFO] default - [::1 GET /javascript/tuihuo_saleslist_goods.js?_=1551014027971 200 2ms][http://localhost:3000/ HTTP/1.1 Mozilla/5.0 (Linux; Android 6.0; Nexus 5 Build/MRA58N) AppleWebKit/537.36 (KHTML, like Gecko) Chrome/68.0.3440.106 Mobile Safari/537.36]
[2019-02-24T21:13:48.139] [INFO] default - [::1 GET /javascript/tuihuo_selectcustomer.js?_=1551014027972 200 1ms][http://localhost:3000/ HTTP/1.1 Mozilla/5.0 (Linux; Android 6.0; Nexus 5 Build/MRA58N) AppleWebKit/537.36 (KHTML, like Gecko) Chrome/68.0.3440.106 Mobile Safari/537.36]
[2019-02-24T21:13:48.148] [INFO] default - [::1 GET /javascript/tuihuo_salelist.js?_=1551014027973 200 1ms][http://localhost:3000/ HTTP/1.1 Mozilla/5.0 (Linux; Android 6.0; Nexus 5 Build/MRA58N) AppleWebKit/537.36 (KHTML, like Gecko) Chrome/68.0.3440.106 Mobile Safari/537.36]
[2019-02-24T21:13:48.154] [INFO] default - [::1 GET /javascript/addApplicationGoods_detail.js?_=1551014027974 200 1ms][http://localhost:3000/ HTTP/1.1 Mozilla/5.0 (Linux; Android 6.0; Nexus 5 Build/MRA58N) AppleWebKit/537.36 (KHTML, like Gecko) Chrome/68.0.3440.106 Mobile Safari/537.36]
[2019-02-24T21:13:48.164] [INFO] default - [::1 GET /javascript/selectproductlist.js?_=1551014027975 200 2ms][http://localhost:3000/ HTTP/1.1 Mozilla/5.0 (Linux; Android 6.0; Nexus 5 Build/MRA58N) AppleWebKit/537.36 (KHTML, like Gecko) Chrome/68.0.3440.106 Mobile Safari/537.36]
[2019-02-24T21:13:48.170] [INFO] default - [::1 GET /javascript/selectreturnlist.js?_=1551014027976 200 1ms][http://localhost:3000/ HTTP/1.1 Mozilla/5.0 (Linux; Android 6.0; Nexus 5 Build/MRA58N) AppleWebKit/537.36 (KHTML, like Gecko) Chrome/68.0.3440.106 Mobile Safari/537.36]
[2019-02-24T21:13:48.176] [INFO] default - [::1 GET /javascript/addReturnRequest_detail.js?_=1551014027977 200 2ms][http://localhost:3000/ HTTP/1.1 Mozilla/5.0 (Linux; Android 6.0; Nexus 5 Build/MRA58N) AppleWebKit/537.36 (KHTML, like Gecko) Chrome/68.0.3440.106 Mobile Safari/537.36]
[2019-02-24T21:13:48.183] [INFO] default - [::1 GET /layui/lay/modules/laytpl.js 200 1ms][http://localhost:3000/ HTTP/1.1 Mozilla/5.0 (Linux; Android 6.0; Nexus 5 Build/MRA58N) AppleWebKit/537.36 (KHTML, like Gecko) Chrome/68.0.3440.106 Mobile Safari/537.36]
[2019-02-24T21:13:48.188] [INFO] default - [::1 GET /layui/lay/modules/element.js 200 1ms][http://localhost:3000/ HTTP/1.1 Mozilla/5.0 (Linux; Android 6.0; Nexus 5 Build/MRA58N) AppleWebKit/537.36 (KHTML, like Gecko) Chrome/68.0.3440.106 Mobile Safari/537.36]
[2019-02-24T21:13:48.196] [INFO] default - [::1 GET /layui/css/modules/layer/default/loading-1.gif 200 1ms][http://localhost:3000/layui/css/modules/layer/default/layer.css?v=3.1.1 HTTP/1.1 Mozilla/5.0 (Linux; Android 6.0; Nexus 5 Build/MRA58N) AppleWebKit/537.36 (KHTML, like Gecko) Chrome/68.0.3440.106 Mobile Safari/537.36]
[2019-02-24T21:13:48.198] [INFO] default - [::1 GET /layui/font/iconfont.woff?v=230 200 1ms][http://localhost:3000/layui/css/layui.css HTTP/1.1 Mozilla/5.0 (Linux; Android 6.0; Nexus 5 Build/MRA58N) AppleWebKit/537.36 (KHTML, like Gecko) Chrome/68.0.3440.106 Mobile Safari/537.36]
[2019-02-24T21:13:49.788] [INFO] default - [::1 POST /inventory 200 1589ms][http://localhost:3000/ HTTP/1.1 Mozilla/5.0 (Linux; Android 6.0; Nexus 5 Build/MRA58N) AppleWebKit/537.36 (KHTML, like Gecko) Chrome/68.0.3440.106 Mobile Safari/537.36]
[2019-02-24T21:13:51.479] [INFO] default - [::1 POST /currentStockQuery 200 1664ms][http://localhost:3000/ HTTP/1.1 Mozilla/5.0 (Linux; Android 6.0; Nexus 5 Build/MRA58N) AppleWebKit/537.36 (KHTML, like Gecko) Chrome/68.0.3440.106 Mobile Safari/537.36]
[2019-02-24T21:13:55.788] [INFO] default - [::1 POST /QueryInventoryPrice 200 5970ms][http://localhost:3000/ HTTP/1.1 Mozilla/5.0 (Linux; Android 6.0; Nexus 5 Build/MRA58N) AppleWebKit/537.36 (KHTML, like Gecko) Chrome/68.0.3440.106 Mobile Safari/537.36]
[2019-02-24T21:13:57.286] [INFO] default - [::1 POST /Project 200 1349ms][http://localhost:3000/ HTTP/1.1 Mozilla/5.0 (Linux; Android 6.0; Nexus 5 Build/MRA58N) AppleWebKit/537.36 (KHTML, like Gecko) Chrome/68.0.3440.106 Mobile Safari/537.36]
[2019-02-24T21:13:57.755] [INFO] default - [::1 GET /warehouse 200 1815ms][http://localhost:3000/ HTTP/1.1 Mozilla/5.0 (Linux; Android 6.0; Nexus 5 Build/MRA58N) AppleWebKit/537.36 (KHTML, like Gecko) Chrome/68.0.3440.106 Mobile Safari/537.36]
[2019-02-24T21:13:58.159] [INFO] default - [::1 POST /person 200 2219ms][http://localhost:3000/ HTTP/1.1 Mozilla/5.0 (Linux; Android 6.0; Nexus 5 Build/MRA58N) AppleWebKit/537.36 (KHTML, like Gecko) Chrome/68.0.3440.106 Mobile Safari/537.36]
[2019-02-24T21:14:00.964] [INFO] default - [::1 POST /person 200 1522ms][http://localhost:3000/ HTTP/1.1 Mozilla/5.0 (Linux; Android 6.0; Nexus 5 Build/MRA58N) AppleWebKit/537.36 (KHTML, like Gecko) Chrome/68.0.3440.106 Mobile Safari/537.36]
[2019-02-24T21:14:01.109] [INFO] default - [::1 POST /Project 200 1675ms][http://localhost:3000/ HTTP/1.1 Mozilla/5.0 (Linux; Android 6.0; Nexus 5 Build/MRA58N) AppleWebKit/537.36 (KHTML, like Gecko) Chrome/68.0.3440.106 Mobile Safari/537.36]
[2019-02-24T21:14:01.448] [INFO] default - [::1 GET /warehouse 200 2013ms][http://localhost:3000/ HTTP/1.1 Mozilla/5.0 (Linux; Android 6.0; Nexus 5 Build/MRA58N) AppleWebKit/537.36 (KHTML, like Gecko) Chrome/68.0.3440.106 Mobile Safari/537.36]
[2019-02-24T21:15:31.572] [INFO] default - [::1 POST /inventory 200 1721ms][http://localhost:3000/ HTTP/1.1 Mozilla/5.0 (Linux; Android 6.0; Nexus 5 Build/MRA58N) AppleWebKit/537.36 (KHTML, like Gecko) Chrome/68.0.3440.106 Mobile Safari/537.36]
[2019-02-24T21:15:34.680] [INFO] default - [::1 POST /currentStockQuery 200 3096ms][http://localhost:3000/ HTTP/1.1 Mozilla/5.0 (Linux; Android 6.0; Nexus 5 Build/MRA58N) AppleWebKit/537.36 (KHTML, like Gecko) Chrome/68.0.3440.106 Mobile Safari/537.36]
[2019-02-24T21:15:38.406] [INFO] default - [::1 POST /QueryInventoryPrice 200 6818ms][http://localhost:3000/ HTTP/1.1 Mozilla/5.0 (Linux; Android 6.0; Nexus 5 Build/MRA58N) AppleWebKit/537.36 (KHTML, like Gecko) Chrome/68.0.3440.106 Mobile Safari/537.36]
[2019-02-24T21:17:39.971] [INFO] default - [::1 GET / 200 26ms][http://localhost:3000/ HTTP/1.1 Mozilla/5.0 (Linux; Android 6.0; Nexus 5 Build/MRA58N) AppleWebKit/537.36 (KHTML, like Gecko) Chrome/68.0.3440.106 Mobile Safari/537.36]
[2019-02-24T21:17:39.990] [INFO] default - [::1 GET /css/style.css 200 6ms][http://localhost:3000/ HTTP/1.1 Mozilla/5.0 (Linux; Android 6.0; Nexus 5 Build/MRA58N) AppleWebKit/537.36 (KHTML, like Gecko) Chrome/68.0.3440.106 Mobile Safari/537.36]
[2019-02-24T21:17:39.993] [INFO] default - [::1 GET /js/jquery.min.js 200 9ms][http://localhost:3000/ HTTP/1.1 Mozilla/5.0 (Linux; Android 6.0; Nexus 5 Build/MRA58N) AppleWebKit/537.36 (KHTML, like Gecko) Chrome/68.0.3440.106 Mobile Safari/537.36]
[2019-02-24T21:17:39.994] [INFO] default - [::1 GET /js/index.js 200 9ms][http://localhost:3000/ HTTP/1.1 Mozilla/5.0 (Linux; Android 6.0; Nexus 5 Build/MRA58N) AppleWebKit/537.36 (KHTML, like Gecko) Chrome/68.0.3440.106 Mobile Safari/537.36]
[2019-02-24T21:17:40.007] [INFO] default - [::1 GET /slider-2.jpg 200 7ms][http://localhost:3000/css/style.css HTTP/1.1 Mozilla/5.0 (Linux; Android 6.0; Nexus 5 Build/MRA58N) AppleWebKit/537.36 (KHTML, like Gecko) Chrome/68.0.3440.106 Mobile Safari/537.36]
[2019-02-24T21:17:40.051] [INFO] default - [::1 GET /js/jquery.min.map 404 3ms][ HTTP/1.1 Mozilla/5.0 (Linux; Android 6.0; Nexus 5 Build/MRA58N) AppleWebKit/537.36 (KHTML, like Gecko) Chrome/68.0.3440.106 Mobile Safari/537.36]
[2019-02-24T21:17:46.221] [INFO] default - [::1 POST /Login 200 703ms][http://localhost:3000/ HTTP/1.1 Mozilla/5.0 (Linux; Android 6.0; Nexus 5 Build/MRA58N) AppleWebKit/537.36 (KHTML, like Gecko) Chrome/68.0.3440.106 Mobile Safari/537.36]
[2019-02-24T21:17:46.260] [INFO] default - [::1 GET / 200 17ms][http://localhost:3000/ HTTP/1.1 Mozilla/5.0 (Linux; Android 6.0; Nexus 5 Build/MRA58N) AppleWebKit/537.36 (KHTML, like Gecko) Chrome/68.0.3440.106 Mobile Safari/537.36]
[2019-02-24T21:17:46.281] [INFO] default - [::1 GET /ydui/js/ydui.flexible.js 200 2ms][http://localhost:3000/ HTTP/1.1 Mozilla/5.0 (Linux; Android 6.0; Nexus 5 Build/MRA58N) AppleWebKit/537.36 (KHTML, like Gecko) Chrome/68.0.3440.106 Mobile Safari/537.36]
[2019-02-24T21:17:46.284] [INFO] default - [::1 GET /layui/css/layui.css 200 10ms][http://localhost:3000/ HTTP/1.1 Mozilla/5.0 (Linux; Android 6.0; Nexus 5 Build/MRA58N) AppleWebKit/537.36 (KHTML, like Gecko) Chrome/68.0.3440.106 Mobile Safari/537.36]
[2019-02-24T21:17:46.284] [INFO] default - [::1 GET /ydui/css/ydui.css 200 9ms][http://localhost:3000/ HTTP/1.1 Mozilla/5.0 (Linux; Android 6.0; Nexus 5 Build/MRA58N) AppleWebKit/537.36 (KHTML, like Gecko) Chrome/68.0.3440.106 Mobile Safari/537.36]
[2019-02-24T21:17:46.289] [INFO] default - [::1 GET /layui/layui.js 200 4ms][http://localhost:3000/ HTTP/1.1 Mozilla/5.0 (Linux; Android 6.0; Nexus 5 Build/MRA58N) AppleWebKit/537.36 (KHTML, like Gecko) Chrome/68.0.3440.106 Mobile Safari/537.36]
[2019-02-24T21:17:46.290] [INFO] default - [::1 GET /css/order.css 200 4ms][http://localhost:3000/ HTTP/1.1 Mozilla/5.0 (Linux; Android 6.0; Nexus 5 Build/MRA58N) AppleWebKit/537.36 (KHTML, like Gecko) Chrome/68.0.3440.106 Mobile Safari/537.36]
[2019-02-24T21:17:46.291] [INFO] default - [::1 GET /jquery-weui/dist/lib/weui.min.css 200 6ms][http://localhost:3000/ HTTP/1.1 Mozilla/5.0 (Linux; Android 6.0; Nexus 5 Build/MRA58N) AppleWebKit/537.36 (KHTML, like Gecko) Chrome/68.0.3440.106 Mobile Safari/537.36]
[2019-02-24T21:17:46.292] [INFO] default - [::1 GET /jquery/jquery.min.js 200 5ms][http://localhost:3000/ HTTP/1.1 Mozilla/5.0 (Linux; Android 6.0; Nexus 5 Build/MRA58N) AppleWebKit/537.36 (KHTML, like Gecko) Chrome/68.0.3440.106 Mobile Safari/537.36]
[2019-02-24T21:17:46.303] [INFO] default - [::1 GET /javascript/function.js 200 6ms][http://localhost:3000/ HTTP/1.1 Mozilla/5.0 (Linux; Android 6.0; Nexus 5 Build/MRA58N) AppleWebKit/537.36 (KHTML, like Gecko) Chrome/68.0.3440.106 Mobile Safari/537.36]
[2019-02-24T21:17:46.307] [INFO] default - [::1 GET /jquery-weui/dist/js/jquery-weui.min.js 200 15ms][http://localhost:3000/ HTTP/1.1 Mozilla/5.0 (Linux; Android 6.0; Nexus 5 Build/MRA58N) AppleWebKit/537.36 (KHTML, like Gecko) Chrome/68.0.3440.106 Mobile Safari/537.36]
[2019-02-24T21:17:46.369] [INFO] default - [::1 GET /layui/lay/modules/layer.js 200 1ms][http://localhost:3000/ HTTP/1.1 Mozilla/5.0 (Linux; Android 6.0; Nexus 5 Build/MRA58N) AppleWebKit/537.36 (KHTML, like Gecko) Chrome/68.0.3440.106 Mobile Safari/537.36]
[2019-02-24T21:17:46.381] [INFO] default - [::1 GET /layui/css/modules/layer/default/layer.css?v=3.1.1 200 2ms][http://localhost:3000/ HTTP/1.1 Mozilla/5.0 (Linux; Android 6.0; Nexus 5 Build/MRA58N) AppleWebKit/537.36 (KHTML, like Gecko) Chrome/68.0.3440.106 Mobile Safari/537.36]
[2019-02-24T21:17:46.382] [INFO] default - [::1 GET /layui/lay/modules/form.js 200 2ms][http://localhost:3000/ HTTP/1.1 Mozilla/5.0 (Linux; Android 6.0; Nexus 5 Build/MRA58N) AppleWebKit/537.36 (KHTML, like Gecko) Chrome/68.0.3440.106 Mobile Safari/537.36]
[2019-02-24T21:17:46.391] [INFO] default - [::1 GET /layui/css/modules/layer/default/loading-2.gif 200 1ms][http://localhost:3000/layui/css/modules/layer/default/layer.css?v=3.1.1 HTTP/1.1 Mozilla/5.0 (Linux; Android 6.0; Nexus 5 Build/MRA58N) AppleWebKit/537.36 (KHTML, like Gecko) Chrome/68.0.3440.106 Mobile Safari/537.36]
[2019-02-24T21:17:46.403] [INFO] default - [::1 GET /javascript/index1.js?_=1551014266351 200 1ms][http://localhost:3000/ HTTP/1.1 Mozilla/5.0 (Linux; Android 6.0; Nexus 5 Build/MRA58N) AppleWebKit/537.36 (KHTML, like Gecko) Chrome/68.0.3440.106 Mobile Safari/537.36]
[2019-02-24T21:17:46.409] [INFO] default - [::1 GET /javascript/order.js?_=1551014266352 200 1ms][http://localhost:3000/ HTTP/1.1 Mozilla/5.0 (Linux; Android 6.0; Nexus 5 Build/MRA58N) AppleWebKit/537.36 (KHTML, like Gecko) Chrome/68.0.3440.106 Mobile Safari/537.36]
[2019-02-24T21:17:46.418] [INFO] default - [::1 GET /javascript/sales.js?_=1551014266353 200 2ms][http://localhost:3000/ HTTP/1.1 Mozilla/5.0 (Linux; Android 6.0; Nexus 5 Build/MRA58N) AppleWebKit/537.36 (KHTML, like Gecko) Chrome/68.0.3440.106 Mobile Safari/537.36]
[2019-02-24T21:17:46.434] [INFO] default - [::1 GET /javascript/pullSignal.js?_=1551014266354 200 3ms][http://localhost:3000/ HTTP/1.1 Mozilla/5.0 (Linux; Android 6.0; Nexus 5 Build/MRA58N) AppleWebKit/537.36 (KHTML, like Gecko) Chrome/68.0.3440.106 Mobile Safari/537.36]
[2019-02-24T21:17:46.443] [INFO] default - [::1 GET /javascript/addApplicationGoods.js?_=1551014266355 200 2ms][http://localhost:3000/ HTTP/1.1 Mozilla/5.0 (Linux; Android 6.0; Nexus 5 Build/MRA58N) AppleWebKit/537.36 (KHTML, like Gecko) Chrome/68.0.3440.106 Mobile Safari/537.36]
[2019-02-24T21:17:46.453] [INFO] default - [::1 GET /javascript/addReturnRequest.js?_=1551014266356 200 1ms][http://localhost:3000/ HTTP/1.1 Mozilla/5.0 (Linux; Android 6.0; Nexus 5 Build/MRA58N) AppleWebKit/537.36 (KHTML, like Gecko) Chrome/68.0.3440.106 Mobile Safari/537.36]
[2019-02-24T21:17:46.458] [INFO] default - [::1 GET /javascript/requireGoodsList.js?_=1551014266357 200 1ms][http://localhost:3000/ HTTP/1.1 Mozilla/5.0 (Linux; Android 6.0; Nexus 5 Build/MRA58N) AppleWebKit/537.36 (KHTML, like Gecko) Chrome/68.0.3440.106 Mobile Safari/537.36]
[2019-02-24T21:17:46.467] [INFO] default - [::1 GET /javascript/tuihuo_requireGoodsList.js?_=1551014266358 200 1ms][http://localhost:3000/ HTTP/1.1 Mozilla/5.0 (Linux; Android 6.0; Nexus 5 Build/MRA58N) AppleWebKit/537.36 (KHTML, like Gecko) Chrome/68.0.3440.106 Mobile Safari/537.36]
[2019-02-24T21:17:46.473] [INFO] default - [::1 GET /javascript/saleslist.js?_=1551014266359 200 1ms][http://localhost:3000/ HTTP/1.1 Mozilla/5.0 (Linux; Android 6.0; Nexus 5 Build/MRA58N) AppleWebKit/537.36 (KHTML, like Gecko) Chrome/68.0.3440.106 Mobile Safari/537.36]
[2019-02-24T21:17:46.482] [INFO] default - [::1 GET /javascript/saleslist_goods.js?_=1551014266360 200 1ms][http://localhost:3000/ HTTP/1.1 Mozilla/5.0 (Linux; Android 6.0; Nexus 5 Build/MRA58N) AppleWebKit/537.36 (KHTML, like Gecko) Chrome/68.0.3440.106 Mobile Safari/537.36]
[2019-02-24T21:17:46.490] [INFO] default - [::1 GET /javascript/productList.js?_=1551014266361 200 2ms][http://localhost:3000/ HTTP/1.1 Mozilla/5.0 (Linux; Android 6.0; Nexus 5 Build/MRA58N) AppleWebKit/537.36 (KHTML, like Gecko) Chrome/68.0.3440.106 Mobile Safari/537.36]
[2019-02-24T21:17:46.501] [INFO] default - [::1 GET /javascript/selectCustomer.js?_=1551014266362 200 2ms][http://localhost:3000/ HTTP/1.1 Mozilla/5.0 (Linux; Android 6.0; Nexus 5 Build/MRA58N) AppleWebKit/537.36 (KHTML, like Gecko) Chrome/68.0.3440.106 Mobile Safari/537.36]
[2019-02-24T21:17:46.508] [INFO] default - [::1 GET /javascript/productDetail.js?_=1551014266363 200 1ms][http://localhost:3000/ HTTP/1.1 Mozilla/5.0 (Linux; Android 6.0; Nexus 5 Build/MRA58N) AppleWebKit/537.36 (KHTML, like Gecko) Chrome/68.0.3440.106 Mobile Safari/537.36]
[2019-02-24T21:17:46.518] [INFO] default - [::1 GET /javascript/tuihuo_productList.js?_=1551014266364 200 2ms][http://localhost:3000/ HTTP/1.1 Mozilla/5.0 (Linux; Android 6.0; Nexus 5 Build/MRA58N) AppleWebKit/537.36 (KHTML, like Gecko) Chrome/68.0.3440.106 Mobile Safari/537.36]
[2019-02-24T21:17:46.527] [INFO] default - [::1 GET /javascript/tuihuo_saleslist_goods.js?_=1551014266365 200 2ms][http://localhost:3000/ HTTP/1.1 Mozilla/5.0 (Linux; Android 6.0; Nexus 5 Build/MRA58N) AppleWebKit/537.36 (KHTML, like Gecko) Chrome/68.0.3440.106 Mobile Safari/537.36]
[2019-02-24T21:17:46.537] [INFO] default - [::1 GET /javascript/tuihuo_selectcustomer.js?_=1551014266366 200 1ms][http://localhost:3000/ HTTP/1.1 Mozilla/5.0 (Linux; Android 6.0; Nexus 5 Build/MRA58N) AppleWebKit/537.36 (KHTML, like Gecko) Chrome/68.0.3440.106 Mobile Safari/537.36]
[2019-02-24T21:17:46.544] [INFO] default - [::1 GET /javascript/tuihuo_salelist.js?_=1551014266367 200 1ms][http://localhost:3000/ HTTP/1.1 Mozilla/5.0 (Linux; Android 6.0; Nexus 5 Build/MRA58N) AppleWebKit/537.36 (KHTML, like Gecko) Chrome/68.0.3440.106 Mobile Safari/537.36]
[2019-02-24T21:17:46.552] [INFO] default - [::1 GET /javascript/addApplicationGoods_detail.js?_=1551014266368 200 1ms][http://localhost:3000/ HTTP/1.1 Mozilla/5.0 (Linux; Android 6.0; Nexus 5 Build/MRA58N) AppleWebKit/537.36 (KHTML, like Gecko) Chrome/68.0.3440.106 Mobile Safari/537.36]
[2019-02-24T21:17:46.557] [INFO] default - [::1 GET /javascript/selectproductlist.js?_=1551014266369 200 1ms][http://localhost:3000/ HTTP/1.1 Mozilla/5.0 (Linux; Android 6.0; Nexus 5 Build/MRA58N) AppleWebKit/537.36 (KHTML, like Gecko) Chrome/68.0.3440.106 Mobile Safari/537.36]
[2019-02-24T21:17:46.565] [INFO] default - [::1 GET /javascript/selectreturnlist.js?_=1551014266370 200 1ms][http://localhost:3000/ HTTP/1.1 Mozilla/5.0 (Linux; Android 6.0; Nexus 5 Build/MRA58N) AppleWebKit/537.36 (KHTML, like Gecko) Chrome/68.0.3440.106 Mobile Safari/537.36]
[2019-02-24T21:17:46.571] [INFO] default - [::1 GET /javascript/addReturnRequest_detail.js?_=1551014266371 200 1ms][http://localhost:3000/ HTTP/1.1 Mozilla/5.0 (Linux; Android 6.0; Nexus 5 Build/MRA58N) AppleWebKit/537.36 (KHTML, like Gecko) Chrome/68.0.3440.106 Mobile Safari/537.36]
[2019-02-24T21:17:46.578] [INFO] default - [::1 GET /layui/lay/modules/laytpl.js 200 3ms][http://localhost:3000/ HTTP/1.1 Mozilla/5.0 (Linux; Android 6.0; Nexus 5 Build/MRA58N) AppleWebKit/537.36 (KHTML, like Gecko) Chrome/68.0.3440.106 Mobile Safari/537.36]
[2019-02-24T21:17:46.600] [INFO] default - [::1 GET /layui/font/iconfont.woff?v=230 200 3ms][http://localhost:3000/layui/css/layui.css HTTP/1.1 Mozilla/5.0 (Linux; Android 6.0; Nexus 5 Build/MRA58N) AppleWebKit/537.36 (KHTML, like Gecko) Chrome/68.0.3440.106 Mobile Safari/537.36]
[2019-02-24T21:17:55.166] [INFO] default - [::1 GET /layui/lay/modules/element.js 200 2ms][http://localhost:3000/ HTTP/1.1 Mozilla/5.0 (Linux; Android 6.0; Nexus 5 Build/MRA58N) AppleWebKit/537.36 (KHTML, like Gecko) Chrome/68.0.3440.106 Mobile Safari/537.36]
[2019-02-24T21:17:55.182] [INFO] default - [::1 GET /layui/css/modules/layer/default/loading-1.gif 200 2ms][http://localhost:3000/layui/css/modules/layer/default/layer.css?v=3.1.1 HTTP/1.1 Mozilla/5.0 (Linux; Android 6.0; Nexus 5 Build/MRA58N) AppleWebKit/537.36 (KHTML, like Gecko) Chrome/68.0.3440.106 Mobile Safari/537.36]
[2019-02-24T21:17:55.956] [INFO] default - [::1 GET /warehouse 200 1871ms][http://localhost:3000/ HTTP/1.1 Mozilla/5.0 (Linux; Android 6.0; Nexus 5 Build/MRA58N) AppleWebKit/537.36 (KHTML, like Gecko) Chrome/68.0.3440.106 Mobile Safari/537.36]
[2019-02-24T21:17:56.009] [INFO] default - [::1 POST /person 200 1929ms][http://localhost:3000/ HTTP/1.1 Mozilla/5.0 (Linux; Android 6.0; Nexus 5 Build/MRA58N) AppleWebKit/537.36 (KHTML, like Gecko) Chrome/68.0.3440.106 Mobile Safari/537.36]
[2019-02-24T21:17:56.589] [INFO] default - [::1 POST /Project 200 2512ms][http://localhost:3000/ HTTP/1.1 Mozilla/5.0 (Linux; Android 6.0; Nexus 5 Build/MRA58N) AppleWebKit/537.36 (KHTML, like Gecko) Chrome/68.0.3440.106 Mobile Safari/537.36]
[2019-02-24T21:17:57.564] [INFO] default - [::1 POST /inventory 200 2380ms][http://localhost:3000/ HTTP/1.1 Mozilla/5.0 (Linux; Android 6.0; Nexus 5 Build/MRA58N) AppleWebKit/537.36 (KHTML, like Gecko) Chrome/68.0.3440.106 Mobile Safari/537.36]
[2019-02-24T21:17:59.171] [INFO] default - [::1 POST /currentStockQuery 200 1591ms][http://localhost:3000/ HTTP/1.1 Mozilla/5.0 (Linux; Android 6.0; Nexus 5 Build/MRA58N) AppleWebKit/537.36 (KHTML, like Gecko) Chrome/68.0.3440.106 Mobile Safari/537.36]
[2019-02-24T21:18:02.958] [INFO] default - [::1 POST /QueryInventoryPrice 200 5376ms][http://localhost:3000/ HTTP/1.1 Mozilla/5.0 (Linux; Android 6.0; Nexus 5 Build/MRA58N) AppleWebKit/537.36 (KHTML, like Gecko) Chrome/68.0.3440.106 Mobile Safari/537.36]
