[2019-01-26T21:12:48.066] [INFO] default - [::1 GET / 200 36ms][ HTTP/1.1 Mozilla/5.0 (Windows NT 6.1; Win64; x64) AppleWebKit/537.36 (KHTML, like Gecko) Chrome/68.0.3440.106 Safari/537.36]
[2019-01-26T21:12:48.110] [INFO] default - [::1 GET /css/style.css 200 17ms][http://localhost:3000/ HTTP/1.1 Mozilla/5.0 (Windows NT 6.1; Win64; x64) AppleWebKit/537.36 (KHTML, like Gecko) Chrome/68.0.3440.106 Safari/537.36]
[2019-01-26T21:12:48.112] [INFO] default - [::1 GET /js/index.js 200 12ms][http://localhost:3000/ HTTP/1.1 Mozilla/5.0 (Windows NT 6.1; Win64; x64) AppleWebKit/537.36 (KHTML, like Gecko) Chrome/68.0.3440.106 Safari/537.36]
[2019-01-26T21:12:48.113] [INFO] default - [::1 GET /js/jquery.min.js 200 19ms][http://localhost:3000/ HTTP/1.1 Mozilla/5.0 (Windows NT 6.1; Win64; x64) AppleWebKit/537.36 (KHTML, like Gecko) Chrome/68.0.3440.106 Safari/537.36]
[2019-01-26T21:12:48.147] [INFO] default - [::1 GET /slider-2.jpg 200 19ms][http://localhost:3000/css/style.css HTTP/1.1 Mozilla/5.0 (Windows NT 6.1; Win64; x64) AppleWebKit/537.36 (KHTML, like Gecko) Chrome/68.0.3440.106 Safari/537.36]
[2019-01-26T21:12:49.469] [INFO] default - [::1 GET /favicon.ico 404 8ms][http://localhost:3000/ HTTP/1.1 Mozilla/5.0 (Windows NT 6.1; Win64; x64) AppleWebKit/537.36 (KHTML, like Gecko) Chrome/68.0.3440.106 Safari/537.36]
[2019-01-26T21:12:56.706] [INFO] default - [::1 POST /Login 200 5432ms][http://localhost:3000/ HTTP/1.1 Mozilla/5.0 (Windows NT 6.1; Win64; x64) AppleWebKit/537.36 (KHTML, like Gecko) Chrome/68.0.3440.106 Safari/537.36]
[2019-01-26T21:12:59.594] [INFO] default - [::1 GET /css/style.css 304 3ms][http://localhost:3000/ HTTP/1.1 Mozilla/5.0 (Windows NT 6.1; Win64; x64) AppleWebKit/537.36 (KHTML, like Gecko) Chrome/68.0.3440.106 Safari/537.36]
[2019-01-26T21:12:59.599] [INFO] default - [::1 GET /js/jquery.min.map 404 3ms][ HTTP/1.1 Mozilla/5.0 (Linux; Android 6.0; Nexus 5 Build/MRA58N) AppleWebKit/537.36 (KHTML, like Gecko) Chrome/68.0.3440.106 Mobile Safari/537.36]
[2019-01-26T21:12:59.605] [INFO] default - [::1 GET / 200 3ms][http://localhost:3000/ HTTP/1.1 Mozilla/5.0 (Linux; Android 6.0; Nexus 5 Build/MRA58N) AppleWebKit/537.36 (KHTML, like Gecko) Chrome/68.0.3440.106 Mobile Safari/537.36]
[2019-01-26T21:12:59.635] [INFO] default - [::1 GET /js/index.js 200 2ms][http://localhost:3000/ HTTP/1.1 Mozilla/5.0 (Linux; Android 6.0; Nexus 5 Build/MRA58N) AppleWebKit/537.36 (KHTML, like Gecko) Chrome/68.0.3440.106 Mobile Safari/537.36]
[2019-01-26T21:12:59.635] [INFO] default - [::1 GET /css/style.css 200 4ms][http://localhost:3000/ HTTP/1.1 Mozilla/5.0 (Linux; Android 6.0; Nexus 5 Build/MRA58N) AppleWebKit/537.36 (KHTML, like Gecko) Chrome/68.0.3440.106 Mobile Safari/537.36]
[2019-01-26T21:12:59.636] [INFO] default - [::1 GET /js/jquery.min.js 200 3ms][http://localhost:3000/ HTTP/1.1 Mozilla/5.0 (Linux; Android 6.0; Nexus 5 Build/MRA58N) AppleWebKit/537.36 (KHTML, like Gecko) Chrome/68.0.3440.106 Mobile Safari/537.36]
[2019-01-26T21:12:59.676] [INFO] default - [::1 GET /slider-2.jpg 200 3ms][http://localhost:3000/css/style.css HTTP/1.1 Mozilla/5.0 (Linux; Android 6.0; Nexus 5 Build/MRA58N) AppleWebKit/537.36 (KHTML, like Gecko) Chrome/68.0.3440.106 Mobile Safari/537.36]
[2019-01-26T21:12:59.724] [INFO] default - [::1 GET /js/jquery.min.map 404 2ms][ HTTP/1.1 Mozilla/5.0 (Linux; Android 6.0; Nexus 5 Build/MRA58N) AppleWebKit/537.36 (KHTML, like Gecko) Chrome/68.0.3440.106 Mobile Safari/537.36]
[2019-01-26T21:14:41.727] [INFO] default - [::1 POST /Login 200 450ms][http://localhost:3000/ HTTP/1.1 Mozilla/5.0 (Linux; Android 6.0; Nexus 5 Build/MRA58N) AppleWebKit/537.36 (KHTML, like Gecko) Chrome/68.0.3440.106 Mobile Safari/537.36]
[2019-01-26T21:15:11.236] [INFO] default - [::1 GET / 200 11ms][http://localhost:3000/ HTTP/1.1 Mozilla/5.0 (Linux; Android 6.0; Nexus 5 Build/MRA58N) AppleWebKit/537.36 (KHTML, like Gecko) Chrome/68.0.3440.106 Mobile Safari/537.36]
[2019-01-26T21:15:11.260] [INFO] default - [::1 GET /css/style.css 200 3ms][http://localhost:3000/ HTTP/1.1 Mozilla/5.0 (Linux; Android 6.0; Nexus 5 Build/MRA58N) AppleWebKit/537.36 (KHTML, like Gecko) Chrome/68.0.3440.106 Mobile Safari/537.36]
[2019-01-26T21:15:11.264] [INFO] default - [::1 GET /js/index.js 200 6ms][http://localhost:3000/ HTTP/1.1 Mozilla/5.0 (Linux; Android 6.0; Nexus 5 Build/MRA58N) AppleWebKit/537.36 (KHTML, like Gecko) Chrome/68.0.3440.106 Mobile Safari/537.36]
[2019-01-26T21:15:11.265] [INFO] default - [::1 GET /js/jquery.min.js 200 7ms][http://localhost:3000/ HTTP/1.1 Mozilla/5.0 (Linux; Android 6.0; Nexus 5 Build/MRA58N) AppleWebKit/537.36 (KHTML, like Gecko) Chrome/68.0.3440.106 Mobile Safari/537.36]
[2019-01-26T21:15:11.285] [INFO] default - [::1 GET /slider-2.jpg 200 3ms][http://localhost:3000/css/style.css HTTP/1.1 Mozilla/5.0 (Linux; Android 6.0; Nexus 5 Build/MRA58N) AppleWebKit/537.36 (KHTML, like Gecko) Chrome/68.0.3440.106 Mobile Safari/537.36]
[2019-01-26T21:15:11.336] [INFO] default - [::1 GET /js/jquery.min.map 404 1ms][ HTTP/1.1 Mozilla/5.0 (Linux; Android 6.0; Nexus 5 Build/MRA58N) AppleWebKit/537.36 (KHTML, like Gecko) Chrome/68.0.3440.106 Mobile Safari/537.36]
[2019-01-26T21:16:07.085] [INFO] default - [::1 POST /Login 200 551ms][http://localhost:3000/ HTTP/1.1 Mozilla/5.0 (Linux; Android 6.0; Nexus 5 Build/MRA58N) AppleWebKit/537.36 (KHTML, like Gecko) Chrome/68.0.3440.106 Mobile Safari/537.36]
[2019-01-26T21:16:08.552] [INFO] default - [::1 GET / 200 5ms][http://localhost:3000/ HTTP/1.1 Mozilla/5.0 (Linux; Android 6.0; Nexus 5 Build/MRA58N) AppleWebKit/537.36 (KHTML, like Gecko) Chrome/68.0.3440.106 Mobile Safari/537.36]
[2019-01-26T21:16:08.577] [INFO] default - [::1 GET /css/style.css 200 4ms][http://localhost:3000/ HTTP/1.1 Mozilla/5.0 (Linux; Android 6.0; Nexus 5 Build/MRA58N) AppleWebKit/537.36 (KHTML, like Gecko) Chrome/68.0.3440.106 Mobile Safari/537.36]
[2019-01-26T21:16:08.583] [INFO] default - [::1 GET /js/index.js 200 7ms][http://localhost:3000/ HTTP/1.1 Mozilla/5.0 (Linux; Android 6.0; Nexus 5 Build/MRA58N) AppleWebKit/537.36 (KHTML, like Gecko) Chrome/68.0.3440.106 Mobile Safari/537.36]
[2019-01-26T21:16:08.584] [INFO] default - [::1 GET /js/jquery.min.js 200 9ms][http://localhost:3000/ HTTP/1.1 Mozilla/5.0 (Linux; Android 6.0; Nexus 5 Build/MRA58N) AppleWebKit/537.36 (KHTML, like Gecko) Chrome/68.0.3440.106 Mobile Safari/537.36]
[2019-01-26T21:16:08.624] [INFO] default - [::1 GET /slider-2.jpg 200 2ms][http://localhost:3000/css/style.css HTTP/1.1 Mozilla/5.0 (Linux; Android 6.0; Nexus 5 Build/MRA58N) AppleWebKit/537.36 (KHTML, like Gecko) Chrome/68.0.3440.106 Mobile Safari/537.36]
[2019-01-26T21:16:08.663] [INFO] default - [::1 GET /js/jquery.min.map 404 3ms][ HTTP/1.1 Mozilla/5.0 (Linux; Android 6.0; Nexus 5 Build/MRA58N) AppleWebKit/537.36 (KHTML, like Gecko) Chrome/68.0.3440.106 Mobile Safari/537.36]
[2019-01-26T22:52:45.642] [INFO] default - [::1 GET / 200 8ms][http://localhost:3000/ HTTP/1.1 Mozilla/5.0 (Linux; Android 6.0; Nexus 5 Build/MRA58N) AppleWebKit/537.36 (KHTML, like Gecko) Chrome/68.0.3440.106 Mobile Safari/537.36]
[2019-01-26T22:52:45.728] [INFO] default - [::1 GET /css/style.css 200 4ms][http://localhost:3000/ HTTP/1.1 Mozilla/5.0 (Linux; Android 6.0; Nexus 5 Build/MRA58N) AppleWebKit/537.36 (KHTML, like Gecko) Chrome/68.0.3440.106 Mobile Safari/537.36]
[2019-01-26T22:52:45.740] [INFO] default - [::1 GET /js/index.js 200 2ms][http://localhost:3000/ HTTP/1.1 Mozilla/5.0 (Linux; Android 6.0; Nexus 5 Build/MRA58N) AppleWebKit/537.36 (KHTML, like Gecko) Chrome/68.0.3440.106 Mobile Safari/537.36]
[2019-01-26T22:52:45.742] [INFO] default - [::1 GET /js/jquery.min.js 200 3ms][http://localhost:3000/ HTTP/1.1 Mozilla/5.0 (Linux; Android 6.0; Nexus 5 Build/MRA58N) AppleWebKit/537.36 (KHTML, like Gecko) Chrome/68.0.3440.106 Mobile Safari/537.36]
[2019-01-26T22:52:45.757] [INFO] default - [::1 GET /slider-2.jpg 200 8ms][http://localhost:3000/css/style.css HTTP/1.1 Mozilla/5.0 (Linux; Android 6.0; Nexus 5 Build/MRA58N) AppleWebKit/537.36 (KHTML, like Gecko) Chrome/68.0.3440.106 Mobile Safari/537.36]
[2019-01-26T22:52:45.829] [INFO] default - [::1 GET /js/jquery.min.map 404 1ms][ HTTP/1.1 Mozilla/5.0 (Linux; Android 6.0; Nexus 5 Build/MRA58N) AppleWebKit/537.36 (KHTML, like Gecko) Chrome/68.0.3440.106 Mobile Safari/537.36]
