[2019-02-25T19:38:24.782] [INFO] default - [::1 GET /favicon.ico 404 18ms][http://localhost:3000/ HTTP/1.1 Mozilla/5.0 (Windows NT 6.1; Win64; x64) AppleWebKit/537.36 (KHTML, like Gecko) Chrome/68.0.3440.106 Safari/537.36]
[2019-02-25T19:38:24.789] [INFO] default - [::1 GET /javascript/index1.js?_=1551094704675 200 49ms][http://localhost:3000/ HTTP/1.1 Mozilla/5.0 (Windows NT 6.1; Win64; x64) AppleWebKit/537.36 (KHTML, like Gecko) Chrome/68.0.3440.106 Safari/537.36]
[2019-02-25T19:38:24.819] [INFO] default - [::1 GET /javascript/order.js?_=1551094704676 200 8ms][http://localhost:3000/ HTTP/1.1 Mozilla/5.0 (Windows NT 6.1; Win64; x64) AppleWebKit/537.36 (KHTML, like Gecko) Chrome/68.0.3440.106 Safari/537.36]
[2019-02-25T19:38:24.842] [INFO] default - [::1 GET /javascript/sales.js?_=1551094704677 200 14ms][http://localhost:3000/ HTTP/1.1 Mozilla/5.0 (Windows NT 6.1; Win64; x64) AppleWebKit/537.36 (KHTML, like Gecko) Chrome/68.0.3440.106 Safari/537.36]
[2019-02-25T19:38:24.858] [INFO] default - [::1 GET /javascript/pullSignal.js?_=1551094704678 200 9ms][http://localhost:3000/ HTTP/1.1 Mozilla/5.0 (Windows NT 6.1; Win64; x64) AppleWebKit/537.36 (KHTML, like Gecko) Chrome/68.0.3440.106 Safari/537.36]
[2019-02-25T19:38:24.882] [INFO] default - [::1 GET /javascript/addApplicationGoods.js?_=1551094704679 200 14ms][http://localhost:3000/ HTTP/1.1 Mozilla/5.0 (Windows NT 6.1; Win64; x64) AppleWebKit/537.36 (KHTML, like Gecko) Chrome/68.0.3440.106 Safari/537.36]
[2019-02-25T19:38:24.902] [INFO] default - [::1 GET /javascript/addReturnRequest.js?_=1551094704680 200 10ms][http://localhost:3000/ HTTP/1.1 Mozilla/5.0 (Windows NT 6.1; Win64; x64) AppleWebKit/537.36 (KHTML, like Gecko) Chrome/68.0.3440.106 Safari/537.36]
[2019-02-25T19:38:24.922] [INFO] default - [::1 GET /javascript/requireGoodsList.js?_=1551094704681 200 9ms][http://localhost:3000/ HTTP/1.1 Mozilla/5.0 (Windows NT 6.1; Win64; x64) AppleWebKit/537.36 (KHTML, like Gecko) Chrome/68.0.3440.106 Safari/537.36]
[2019-02-25T19:38:24.932] [INFO] default - [::1 GET /javascript/tuihuo_requireGoodsList.js?_=1551094704682 200 5ms][http://localhost:3000/ HTTP/1.1 Mozilla/5.0 (Windows NT 6.1; Win64; x64) AppleWebKit/537.36 (KHTML, like Gecko) Chrome/68.0.3440.106 Safari/537.36]
[2019-02-25T19:38:24.942] [INFO] default - [::1 GET /javascript/saleslist.js?_=1551094704683 200 5ms][http://localhost:3000/ HTTP/1.1 Mozilla/5.0 (Windows NT 6.1; Win64; x64) AppleWebKit/537.36 (KHTML, like Gecko) Chrome/68.0.3440.106 Safari/537.36]
[2019-02-25T19:38:24.960] [INFO] default - [::1 GET /javascript/saleslist_goods.js?_=1551094704684 200 10ms][http://localhost:3000/ HTTP/1.1 Mozilla/5.0 (Windows NT 6.1; Win64; x64) AppleWebKit/537.36 (KHTML, like Gecko) Chrome/68.0.3440.106 Safari/537.36]
[2019-02-25T19:38:24.968] [INFO] default - [::1 GET /javascript/productList.js?_=1551094704685 200 1ms][http://localhost:3000/ HTTP/1.1 Mozilla/5.0 (Windows NT 6.1; Win64; x64) AppleWebKit/537.36 (KHTML, like Gecko) Chrome/68.0.3440.106 Safari/537.36]
[2019-02-25T19:38:24.975] [INFO] default - [::1 GET /javascript/selectCustomer.js?_=1551094704686 200 1ms][http://localhost:3000/ HTTP/1.1 Mozilla/5.0 (Windows NT 6.1; Win64; x64) AppleWebKit/537.36 (KHTML, like Gecko) Chrome/68.0.3440.106 Safari/537.36]
[2019-02-25T19:38:24.980] [INFO] default - [::1 GET /javascript/productDetail.js?_=1551094704687 200 1ms][http://localhost:3000/ HTTP/1.1 Mozilla/5.0 (Windows NT 6.1; Win64; x64) AppleWebKit/537.36 (KHTML, like Gecko) Chrome/68.0.3440.106 Safari/537.36]
[2019-02-25T19:38:24.991] [INFO] default - [::1 GET /javascript/tuihuo_productList.js?_=1551094704688 200 3ms][http://localhost:3000/ HTTP/1.1 Mozilla/5.0 (Windows NT 6.1; Win64; x64) AppleWebKit/537.36 (KHTML, like Gecko) Chrome/68.0.3440.106 Safari/537.36]
[2019-02-25T19:38:25.013] [INFO] default - [::1 GET /javascript/tuihuo_saleslist_goods.js?_=1551094704689 200 10ms][http://localhost:3000/ HTTP/1.1 Mozilla/5.0 (Windows NT 6.1; Win64; x64) AppleWebKit/537.36 (KHTML, like Gecko) Chrome/68.0.3440.106 Safari/537.36]
[2019-02-25T19:38:25.077] [INFO] default - [::1 GET /javascript/tuihuo_selectcustomer.js?_=1551094704690 200 2ms][http://localhost:3000/ HTTP/1.1 Mozilla/5.0 (Windows NT 6.1; Win64; x64) AppleWebKit/537.36 (KHTML, like Gecko) Chrome/68.0.3440.106 Safari/537.36]
[2019-02-25T19:38:25.123] [INFO] default - [::1 GET /javascript/tuihuo_salelist.js?_=1551094704691 200 5ms][http://localhost:3000/ HTTP/1.1 Mozilla/5.0 (Windows NT 6.1; Win64; x64) AppleWebKit/537.36 (KHTML, like Gecko) Chrome/68.0.3440.106 Safari/537.36]
[2019-02-25T19:38:25.144] [INFO] default - [::1 GET /javascript/addApplicationGoods_detail.js?_=1551094704692 200 2ms][http://localhost:3000/ HTTP/1.1 Mozilla/5.0 (Windows NT 6.1; Win64; x64) AppleWebKit/537.36 (KHTML, like Gecko) Chrome/68.0.3440.106 Safari/537.36]
[2019-02-25T19:38:25.159] [INFO] default - [::1 GET /javascript/selectproductlist.js?_=1551094704693 200 5ms][http://localhost:3000/ HTTP/1.1 Mozilla/5.0 (Windows NT 6.1; Win64; x64) AppleWebKit/537.36 (KHTML, like Gecko) Chrome/68.0.3440.106 Safari/537.36]
[2019-02-25T19:38:25.168] [INFO] default - [::1 GET /javascript/selectreturnlist.js?_=1551094704694 200 3ms][http://localhost:3000/ HTTP/1.1 Mozilla/5.0 (Windows NT 6.1; Win64; x64) AppleWebKit/537.36 (KHTML, like Gecko) Chrome/68.0.3440.106 Safari/537.36]
[2019-02-25T19:38:25.173] [INFO] default - [::1 GET /javascript/addReturnRequest_detail.js?_=1551094704695 200 1ms][http://localhost:3000/ HTTP/1.1 Mozilla/5.0 (Windows NT 6.1; Win64; x64) AppleWebKit/537.36 (KHTML, like Gecko) Chrome/68.0.3440.106 Safari/537.36]
[2019-02-25T19:38:25.179] [INFO] default - [::1 GET /layui/lay/modules/laytpl.js 304 2ms][http://localhost:3000/ HTTP/1.1 Mozilla/5.0 (Windows NT 6.1; Win64; x64) AppleWebKit/537.36 (KHTML, like Gecko) Chrome/68.0.3440.106 Safari/537.36]
[2019-02-25T19:38:25.190] [INFO] default - [::1 GET /layui/lay/modules/element.js 304 1ms][http://localhost:3000/ HTTP/1.1 Mozilla/5.0 (Windows NT 6.1; Win64; x64) AppleWebKit/537.36 (KHTML, like Gecko) Chrome/68.0.3440.106 Safari/537.36]
[2019-02-25T19:38:25.197] [INFO] default - [::1 GET /layui/css/modules/layer/default/loading-1.gif 304 1ms][http://localhost:3000/layui/css/modules/layer/default/layer.css?v=3.1.1 HTTP/1.1 Mozilla/5.0 (Windows NT 6.1; Win64; x64) AppleWebKit/537.36 (KHTML, like Gecko) Chrome/68.0.3440.106 Safari/537.36]
[2019-02-25T19:38:25.375] [INFO] default - [::1 POST /inventory 302 20ms][http://localhost:3000/ HTTP/1.1 Mozilla/5.0 (Windows NT 6.1; Win64; x64) AppleWebKit/537.36 (KHTML, like Gecko) Chrome/68.0.3440.106 Safari/537.36]
[2019-02-25T19:38:25.403] [INFO] default - [::1 GET / 200 6ms][http://localhost:3000/ HTTP/1.1 Mozilla/5.0 (Windows NT 6.1; Win64; x64) AppleWebKit/537.36 (KHTML, like Gecko) Chrome/68.0.3440.106 Safari/537.36]
[2019-02-25T19:38:38.341] [INFO] default - [::1 GET /layui/css/layui.css 304 4ms][http://localhost:3000/ HTTP/1.1 Mozilla/5.0 (Windows NT 6.1; Win64; x64) AppleWebKit/537.36 (KHTML, like Gecko) Chrome/68.0.3440.106 Safari/537.36]
[2019-02-25T19:38:38.343] [INFO] default - [::1 GET /ydui/css/ydui.css 304 4ms][http://localhost:3000/ HTTP/1.1 Mozilla/5.0 (Windows NT 6.1; Win64; x64) AppleWebKit/537.36 (KHTML, like Gecko) Chrome/68.0.3440.106 Safari/537.36]
[2019-02-25T19:38:38.345] [INFO] default - [::1 GET /css/order.css 304 5ms][http://localhost:3000/ HTTP/1.1 Mozilla/5.0 (Windows NT 6.1; Win64; x64) AppleWebKit/537.36 (KHTML, like Gecko) Chrome/68.0.3440.106 Safari/537.36]
[2019-02-25T19:38:38.346] [INFO] default - [::1 GET /jquery-weui/dist/lib/weui.min.css 304 7ms][http://localhost:3000/ HTTP/1.1 Mozilla/5.0 (Windows NT 6.1; Win64; x64) AppleWebKit/537.36 (KHTML, like Gecko) Chrome/68.0.3440.106 Safari/537.36]
[2019-02-25T19:38:38.352] [INFO] default - [::1 GET /layui/css/modules/layer/default/layer.css?v=3.1.1 304 11ms][http://localhost:3000/ HTTP/1.1 Mozilla/5.0 (Windows NT 6.1; Win64; x64) AppleWebKit/537.36 (KHTML, like Gecko) Chrome/68.0.3440.106 Safari/537.36]
[2019-02-25T19:38:45.375] [INFO] default - [::1 GET / 200 4ms][ HTTP/1.1 Mozilla/5.0 (Linux; Android 6.0; Nexus 5 Build/MRA58N) AppleWebKit/537.36 (KHTML, like Gecko) Chrome/68.0.3440.106 Mobile Safari/537.36]
[2019-02-25T19:38:45.403] [INFO] default - [::1 GET /css/style.css 200 9ms][http://localhost:3000/ HTTP/1.1 Mozilla/5.0 (Linux; Android 6.0; Nexus 5 Build/MRA58N) AppleWebKit/537.36 (KHTML, like Gecko) Chrome/68.0.3440.106 Mobile Safari/537.36]
[2019-02-25T19:38:45.404] [INFO] default - [::1 GET /js/index.js 200 3ms][http://localhost:3000/ HTTP/1.1 Mozilla/5.0 (Linux; Android 6.0; Nexus 5 Build/MRA58N) AppleWebKit/537.36 (KHTML, like Gecko) Chrome/68.0.3440.106 Mobile Safari/537.36]
[2019-02-25T19:38:45.405] [INFO] default - [::1 GET /js/jquery.min.js 200 5ms][http://localhost:3000/ HTTP/1.1 Mozilla/5.0 (Linux; Android 6.0; Nexus 5 Build/MRA58N) AppleWebKit/537.36 (KHTML, like Gecko) Chrome/68.0.3440.106 Mobile Safari/537.36]
[2019-02-25T19:38:45.426] [INFO] default - [::1 GET /slider-2.jpg 200 2ms][http://localhost:3000/css/style.css HTTP/1.1 Mozilla/5.0 (Linux; Android 6.0; Nexus 5 Build/MRA58N) AppleWebKit/537.36 (KHTML, like Gecko) Chrome/68.0.3440.106 Mobile Safari/537.36]
[2019-02-25T19:38:45.516] [INFO] default - [::1 GET /js/jquery.min.map 404 5ms][ HTTP/1.1 Mozilla/5.0 (Linux; Android 6.0; Nexus 5 Build/MRA58N) AppleWebKit/537.36 (KHTML, like Gecko) Chrome/68.0.3440.106 Mobile Safari/537.36]
[2019-02-25T19:38:49.703] [INFO] default - [::1 POST /Login 200 1337ms][http://localhost:3000/ HTTP/1.1 Mozilla/5.0 (Linux; Android 6.0; Nexus 5 Build/MRA58N) AppleWebKit/537.36 (KHTML, like Gecko) Chrome/68.0.3440.106 Mobile Safari/537.36]
[2019-02-25T19:38:49.759] [INFO] default - [::1 GET / 200 41ms][http://localhost:3000/ HTTP/1.1 Mozilla/5.0 (Linux; Android 6.0; Nexus 5 Build/MRA58N) AppleWebKit/537.36 (KHTML, like Gecko) Chrome/68.0.3440.106 Mobile Safari/537.36]
[2019-02-25T19:38:49.779] [INFO] default - [::1 GET /layui/css/layui.css 200 4ms][http://localhost:3000/ HTTP/1.1 Mozilla/5.0 (Linux; Android 6.0; Nexus 5 Build/MRA58N) AppleWebKit/537.36 (KHTML, like Gecko) Chrome/68.0.3440.106 Mobile Safari/537.36]
[2019-02-25T19:38:49.789] [INFO] default - [::1 GET /ydui/js/ydui.flexible.js 200 10ms][http://localhost:3000/ HTTP/1.1 Mozilla/5.0 (Linux; Android 6.0; Nexus 5 Build/MRA58N) AppleWebKit/537.36 (KHTML, like Gecko) Chrome/68.0.3440.106 Mobile Safari/537.36]
[2019-02-25T19:38:49.791] [INFO] default - [::1 GET /css/order.css 200 6ms][http://localhost:3000/ HTTP/1.1 Mozilla/5.0 (Linux; Android 6.0; Nexus 5 Build/MRA58N) AppleWebKit/537.36 (KHTML, like Gecko) Chrome/68.0.3440.106 Mobile Safari/537.36]
[2019-02-25T19:38:49.794] [INFO] default - [::1 GET /jquery-weui/dist/lib/weui.min.css 200 14ms][http://localhost:3000/ HTTP/1.1 Mozilla/5.0 (Linux; Android 6.0; Nexus 5 Build/MRA58N) AppleWebKit/537.36 (KHTML, like Gecko) Chrome/68.0.3440.106 Mobile Safari/537.36]
[2019-02-25T19:38:49.795] [INFO] default - [::1 GET /ydui/css/ydui.css 200 17ms][http://localhost:3000/ HTTP/1.1 Mozilla/5.0 (Linux; Android 6.0; Nexus 5 Build/MRA58N) AppleWebKit/537.36 (KHTML, like Gecko) Chrome/68.0.3440.106 Mobile Safari/537.36]
[2019-02-25T19:38:49.795] [INFO] default - [::1 GET /layui/layui.js 200 10ms][http://localhost:3000/ HTTP/1.1 Mozilla/5.0 (Linux; Android 6.0; Nexus 5 Build/MRA58N) AppleWebKit/537.36 (KHTML, like Gecko) Chrome/68.0.3440.106 Mobile Safari/537.36]
[2019-02-25T19:38:49.801] [INFO] default - [::1 GET /jquery/jquery.min.js 200 14ms][http://localhost:3000/ HTTP/1.1 Mozilla/5.0 (Linux; Android 6.0; Nexus 5 Build/MRA58N) AppleWebKit/537.36 (KHTML, like Gecko) Chrome/68.0.3440.106 Mobile Safari/537.36]
[2019-02-25T19:38:49.807] [INFO] default - [::1 GET /javascript/function.js 200 11ms][http://localhost:3000/ HTTP/1.1 Mozilla/5.0 (Linux; Android 6.0; Nexus 5 Build/MRA58N) AppleWebKit/537.36 (KHTML, like Gecko) Chrome/68.0.3440.106 Mobile Safari/537.36]
[2019-02-25T19:38:49.810] [INFO] default - [::1 GET /jquery-weui/dist/js/jquery-weui.min.js 200 19ms][http://localhost:3000/ HTTP/1.1 Mozilla/5.0 (Linux; Android 6.0; Nexus 5 Build/MRA58N) AppleWebKit/537.36 (KHTML, like Gecko) Chrome/68.0.3440.106 Mobile Safari/537.36]
[2019-02-25T19:38:49.863] [INFO] default - [::1 GET /layui/lay/modules/layer.js 200 2ms][http://localhost:3000/ HTTP/1.1 Mozilla/5.0 (Linux; Android 6.0; Nexus 5 Build/MRA58N) AppleWebKit/537.36 (KHTML, like Gecko) Chrome/68.0.3440.106 Mobile Safari/537.36]
[2019-02-25T19:38:49.879] [INFO] default - [::1 GET /layui/css/modules/layer/default/layer.css?v=3.1.1 200 3ms][http://localhost:3000/ HTTP/1.1 Mozilla/5.0 (Linux; Android 6.0; Nexus 5 Build/MRA58N) AppleWebKit/537.36 (KHTML, like Gecko) Chrome/68.0.3440.106 Mobile Safari/537.36]
[2019-02-25T19:38:49.881] [INFO] default - [::1 GET /layui/lay/modules/form.js 200 2ms][http://localhost:3000/ HTTP/1.1 Mozilla/5.0 (Linux; Android 6.0; Nexus 5 Build/MRA58N) AppleWebKit/537.36 (KHTML, like Gecko) Chrome/68.0.3440.106 Mobile Safari/537.36]
[2019-02-25T19:38:49.895] [INFO] default - [::1 GET /layui/css/modules/layer/default/loading-2.gif 200 1ms][http://localhost:3000/layui/css/modules/layer/default/layer.css?v=3.1.1 HTTP/1.1 Mozilla/5.0 (Linux; Android 6.0; Nexus 5 Build/MRA58N) AppleWebKit/537.36 (KHTML, like Gecko) Chrome/68.0.3440.106 Mobile Safari/537.36]
[2019-02-25T19:38:49.942] [INFO] default - [::1 GET /javascript/index1.js?_=1551094729840 200 4ms][http://localhost:3000/ HTTP/1.1 Mozilla/5.0 (Linux; Android 6.0; Nexus 5 Build/MRA58N) AppleWebKit/537.36 (KHTML, like Gecko) Chrome/68.0.3440.106 Mobile Safari/537.36]
[2019-02-25T19:38:49.963] [INFO] default - [::1 GET /javascript/order.js?_=1551094729841 200 7ms][http://localhost:3000/ HTTP/1.1 Mozilla/5.0 (Linux; Android 6.0; Nexus 5 Build/MRA58N) AppleWebKit/537.36 (KHTML, like Gecko) Chrome/68.0.3440.106 Mobile Safari/537.36]
[2019-02-25T19:38:50.001] [INFO] default - [::1 GET /javascript/sales.js?_=1551094729842 200 23ms][http://localhost:3000/ HTTP/1.1 Mozilla/5.0 (Linux; Android 6.0; Nexus 5 Build/MRA58N) AppleWebKit/537.36 (KHTML, like Gecko) Chrome/68.0.3440.106 Mobile Safari/537.36]
[2019-02-25T19:38:50.029] [INFO] default - [::1 GET /javascript/pullSignal.js?_=1551094729843 200 1ms][http://localhost:3000/ HTTP/1.1 Mozilla/5.0 (Linux; Android 6.0; Nexus 5 Build/MRA58N) AppleWebKit/537.36 (KHTML, like Gecko) Chrome/68.0.3440.106 Mobile Safari/537.36]
[2019-02-25T19:38:50.052] [INFO] default - [::1 GET /javascript/addApplicationGoods.js?_=1551094729844 200 6ms][http://localhost:3000/ HTTP/1.1 Mozilla/5.0 (Linux; Android 6.0; Nexus 5 Build/MRA58N) AppleWebKit/537.36 (KHTML, like Gecko) Chrome/68.0.3440.106 Mobile Safari/537.36]
[2019-02-25T19:38:50.074] [INFO] default - [::1 GET /javascript/addReturnRequest.js?_=1551094729845 200 6ms][http://localhost:3000/ HTTP/1.1 Mozilla/5.0 (Linux; Android 6.0; Nexus 5 Build/MRA58N) AppleWebKit/537.36 (KHTML, like Gecko) Chrome/68.0.3440.106 Mobile Safari/537.36]
[2019-02-25T19:38:50.111] [INFO] default - [::1 GET /javascript/requireGoodsList.js?_=1551094729846 200 7ms][http://localhost:3000/ HTTP/1.1 Mozilla/5.0 (Linux; Android 6.0; Nexus 5 Build/MRA58N) AppleWebKit/537.36 (KHTML, like Gecko) Chrome/68.0.3440.106 Mobile Safari/537.36]
[2019-02-25T19:38:50.124] [INFO] default - [::1 GET /javascript/tuihuo_requireGoodsList.js?_=1551094729847 200 3ms][http://localhost:3000/ HTTP/1.1 Mozilla/5.0 (Linux; Android 6.0; Nexus 5 Build/MRA58N) AppleWebKit/537.36 (KHTML, like Gecko) Chrome/68.0.3440.106 Mobile Safari/537.36]
[2019-02-25T19:38:50.136] [INFO] default - [::1 GET /javascript/saleslist.js?_=1551094729848 200 2ms][http://localhost:3000/ HTTP/1.1 Mozilla/5.0 (Linux; Android 6.0; Nexus 5 Build/MRA58N) AppleWebKit/537.36 (KHTML, like Gecko) Chrome/68.0.3440.106 Mobile Safari/537.36]
[2019-02-25T19:38:50.144] [INFO] default - [::1 GET /javascript/saleslist_goods.js?_=1551094729849 200 1ms][http://localhost:3000/ HTTP/1.1 Mozilla/5.0 (Linux; Android 6.0; Nexus 5 Build/MRA58N) AppleWebKit/537.36 (KHTML, like Gecko) Chrome/68.0.3440.106 Mobile Safari/537.36]
[2019-02-25T19:38:50.174] [INFO] default - [::1 GET /javascript/productList.js?_=1551094729850 200 7ms][http://localhost:3000/ HTTP/1.1 Mozilla/5.0 (Linux; Android 6.0; Nexus 5 Build/MRA58N) AppleWebKit/537.36 (KHTML, like Gecko) Chrome/68.0.3440.106 Mobile Safari/537.36]
[2019-02-25T19:38:50.188] [INFO] default - [::1 GET /javascript/selectCustomer.js?_=1551094729851 200 7ms][http://localhost:3000/ HTTP/1.1 Mozilla/5.0 (Linux; Android 6.0; Nexus 5 Build/MRA58N) AppleWebKit/537.36 (KHTML, like Gecko) Chrome/68.0.3440.106 Mobile Safari/537.36]
[2019-02-25T19:38:50.210] [INFO] default - [::1 GET /javascript/productDetail.js?_=1551094729852 200 4ms][http://localhost:3000/ HTTP/1.1 Mozilla/5.0 (Linux; Android 6.0; Nexus 5 Build/MRA58N) AppleWebKit/537.36 (KHTML, like Gecko) Chrome/68.0.3440.106 Mobile Safari/537.36]
[2019-02-25T19:38:50.226] [INFO] default - [::1 GET /javascript/tuihuo_productList.js?_=1551094729853 200 2ms][http://localhost:3000/ HTTP/1.1 Mozilla/5.0 (Linux; Android 6.0; Nexus 5 Build/MRA58N) AppleWebKit/537.36 (KHTML, like Gecko) Chrome/68.0.3440.106 Mobile Safari/537.36]
[2019-02-25T19:38:50.291] [INFO] default - [::1 GET /javascript/tuihuo_saleslist_goods.js?_=1551094729854 200 12ms][http://localhost:3000/ HTTP/1.1 Mozilla/5.0 (Linux; Android 6.0; Nexus 5 Build/MRA58N) AppleWebKit/537.36 (KHTML, like Gecko) Chrome/68.0.3440.106 Mobile Safari/537.36]
[2019-02-25T19:38:50.311] [INFO] default - [::1 GET /javascript/tuihuo_selectcustomer.js?_=1551094729855 200 1ms][http://localhost:3000/ HTTP/1.1 Mozilla/5.0 (Linux; Android 6.0; Nexus 5 Build/MRA58N) AppleWebKit/537.36 (KHTML, like Gecko) Chrome/68.0.3440.106 Mobile Safari/537.36]
[2019-02-25T19:38:50.328] [INFO] default - [::1 GET /javascript/tuihuo_salelist.js?_=1551094729856 200 1ms][http://localhost:3000/ HTTP/1.1 Mozilla/5.0 (Linux; Android 6.0; Nexus 5 Build/MRA58N) AppleWebKit/537.36 (KHTML, like Gecko) Chrome/68.0.3440.106 Mobile Safari/537.36]
[2019-02-25T19:38:50.370] [INFO] default - [::1 GET /javascript/addApplicationGoods_detail.js?_=1551094729857 200 18ms][http://localhost:3000/ HTTP/1.1 Mozilla/5.0 (Linux; Android 6.0; Nexus 5 Build/MRA58N) AppleWebKit/537.36 (KHTML, like Gecko) Chrome/68.0.3440.106 Mobile Safari/537.36]
[2019-02-25T19:38:50.411] [INFO] default - [::1 GET /javascript/selectproductlist.js?_=1551094729858 200 3ms][http://localhost:3000/ HTTP/1.1 Mozilla/5.0 (Linux; Android 6.0; Nexus 5 Build/MRA58N) AppleWebKit/537.36 (KHTML, like Gecko) Chrome/68.0.3440.106 Mobile Safari/537.36]
[2019-02-25T19:38:50.441] [INFO] default - [::1 GET /javascript/selectreturnlist.js?_=1551094729859 200 11ms][http://localhost:3000/ HTTP/1.1 Mozilla/5.0 (Linux; Android 6.0; Nexus 5 Build/MRA58N) AppleWebKit/537.36 (KHTML, like Gecko) Chrome/68.0.3440.106 Mobile Safari/537.36]
[2019-02-25T19:38:50.475] [INFO] default - [::1 GET /javascript/addReturnRequest_detail.js?_=1551094729860 200 5ms][http://localhost:3000/ HTTP/1.1 Mozilla/5.0 (Linux; Android 6.0; Nexus 5 Build/MRA58N) AppleWebKit/537.36 (KHTML, like Gecko) Chrome/68.0.3440.106 Mobile Safari/537.36]
[2019-02-25T19:38:50.500] [INFO] default - [::1 GET /layui/lay/modules/laytpl.js 200 9ms][http://localhost:3000/ HTTP/1.1 Mozilla/5.0 (Linux; Android 6.0; Nexus 5 Build/MRA58N) AppleWebKit/537.36 (KHTML, like Gecko) Chrome/68.0.3440.106 Mobile Safari/537.36]
[2019-02-25T19:38:50.526] [INFO] default - [::1 GET /layui/font/iconfont.woff?v=230 200 4ms][http://localhost:3000/layui/css/layui.css HTTP/1.1 Mozilla/5.0 (Linux; Android 6.0; Nexus 5 Build/MRA58N) AppleWebKit/537.36 (KHTML, like Gecko) Chrome/68.0.3440.106 Mobile Safari/537.36]
[2019-02-25T19:38:54.535] [INFO] default - [::1 GET /layui/lay/modules/element.js 200 2ms][http://localhost:3000/ HTTP/1.1 Mozilla/5.0 (Linux; Android 6.0; Nexus 5 Build/MRA58N) AppleWebKit/537.36 (KHTML, like Gecko) Chrome/68.0.3440.106 Mobile Safari/537.36]
[2019-02-25T19:38:54.545] [INFO] default - [::1 GET /layui/css/modules/layer/default/loading-1.gif 200 2ms][http://localhost:3000/layui/css/modules/layer/default/layer.css?v=3.1.1 HTTP/1.1 Mozilla/5.0 (Linux; Android 6.0; Nexus 5 Build/MRA58N) AppleWebKit/537.36 (KHTML, like Gecko) Chrome/68.0.3440.106 Mobile Safari/537.36]
[2019-02-25T19:38:54.847] [INFO] default - [::1 POST /Project 200 1414ms][http://localhost:3000/ HTTP/1.1 Mozilla/5.0 (Linux; Android 6.0; Nexus 5 Build/MRA58N) AppleWebKit/537.36 (KHTML, like Gecko) Chrome/68.0.3440.106 Mobile Safari/537.36]
[2019-02-25T19:38:56.129] [INFO] default - [::1 GET /warehouse 200 2690ms][http://localhost:3000/ HTTP/1.1 Mozilla/5.0 (Linux; Android 6.0; Nexus 5 Build/MRA58N) AppleWebKit/537.36 (KHTML, like Gecko) Chrome/68.0.3440.106 Mobile Safari/537.36]
[2019-02-25T19:38:56.279] [INFO] default - [::1 POST /person 200 2840ms][http://localhost:3000/ HTTP/1.1 Mozilla/5.0 (Linux; Android 6.0; Nexus 5 Build/MRA58N) AppleWebKit/537.36 (KHTML, like Gecko) Chrome/68.0.3440.106 Mobile Safari/537.36]
[2019-02-25T19:38:56.834] [INFO] default - [::1 POST /inventory 200 2287ms][http://localhost:3000/ HTTP/1.1 Mozilla/5.0 (Linux; Android 6.0; Nexus 5 Build/MRA58N) AppleWebKit/537.36 (KHTML, like Gecko) Chrome/68.0.3440.106 Mobile Safari/537.36]
[2019-02-25T19:38:58.992] [INFO] default - [::1 POST /currentStockQuery 200 2136ms][http://localhost:3000/ HTTP/1.1 Mozilla/5.0 (Linux; Android 6.0; Nexus 5 Build/MRA58N) AppleWebKit/537.36 (KHTML, like Gecko) Chrome/68.0.3440.106 Mobile Safari/537.36]
[2019-02-25T19:39:04.445] [INFO] default - [::1 POST /QueryInventoryPrice 200 7582ms][http://localhost:3000/ HTTP/1.1 Mozilla/5.0 (Linux; Android 6.0; Nexus 5 Build/MRA58N) AppleWebKit/537.36 (KHTML, like Gecko) Chrome/68.0.3440.106 Mobile Safari/537.36]
[2019-02-25T19:43:06.946] [INFO] default - [::1 POST /Project 302 23ms][http://localhost:3000/ HTTP/1.1 Mozilla/5.0 (Linux; Android 6.0; Nexus 5 Build/MRA58N) AppleWebKit/537.36 (KHTML, like Gecko) Chrome/68.0.3440.106 Mobile Safari/537.36]
[2019-02-25T19:43:06.971] [INFO] default - [::1 POST /person 302 20ms][http://localhost:3000/ HTTP/1.1 Mozilla/5.0 (Linux; Android 6.0; Nexus 5 Build/MRA58N) AppleWebKit/537.36 (KHTML, like Gecko) Chrome/68.0.3440.106 Mobile Safari/537.36]
[2019-02-25T19:43:06.973] [INFO] default - [::1 GET /warehouse 302 23ms][http://localhost:3000/ HTTP/1.1 Mozilla/5.0 (Linux; Android 6.0; Nexus 5 Build/MRA58N) AppleWebKit/537.36 (KHTML, like Gecko) Chrome/68.0.3440.106 Mobile Safari/537.36]
[2019-02-25T19:43:06.981] [INFO] default - [::1 GET / 200 7ms][http://localhost:3000/ HTTP/1.1 Mozilla/5.0 (Linux; Android 6.0; Nexus 5 Build/MRA58N) AppleWebKit/537.36 (KHTML, like Gecko) Chrome/68.0.3440.106 Mobile Safari/537.36]
[2019-02-25T19:43:06.984] [INFO] default - [::1 GET / 200 9ms][http://localhost:3000/ HTTP/1.1 Mozilla/5.0 (Linux; Android 6.0; Nexus 5 Build/MRA58N) AppleWebKit/537.36 (KHTML, like Gecko) Chrome/68.0.3440.106 Mobile Safari/537.36]
[2019-02-25T19:43:06.987] [INFO] default - [::1 GET / 200 2ms][http://localhost:3000/ HTTP/1.1 Mozilla/5.0 (Linux; Android 6.0; Nexus 5 Build/MRA58N) AppleWebKit/537.36 (KHTML, like Gecko) Chrome/68.0.3440.106 Mobile Safari/537.36]
[2019-02-25T19:43:11.676] [INFO] default - [::1 GET / 200 27ms][http://localhost:3000/ HTTP/1.1 Mozilla/5.0 (Linux; Android 6.0; Nexus 5 Build/MRA58N) AppleWebKit/537.36 (KHTML, like Gecko) Chrome/68.0.3440.106 Mobile Safari/537.36]
[2019-02-25T19:43:11.927] [INFO] default - [::1 GET /css/style.css 200 9ms][http://localhost:3000/ HTTP/1.1 Mozilla/5.0 (Linux; Android 6.0; Nexus 5 Build/MRA58N) AppleWebKit/537.36 (KHTML, like Gecko) Chrome/68.0.3440.106 Mobile Safari/537.36]
[2019-02-25T19:43:11.929] [INFO] default - [::1 GET /js/index.js 200 9ms][http://localhost:3000/ HTTP/1.1 Mozilla/5.0 (Linux; Android 6.0; Nexus 5 Build/MRA58N) AppleWebKit/537.36 (KHTML, like Gecko) Chrome/68.0.3440.106 Mobile Safari/537.36]
[2019-02-25T19:43:11.930] [INFO] default - [::1 GET /js/jquery.min.js 200 11ms][http://localhost:3000/ HTTP/1.1 Mozilla/5.0 (Linux; Android 6.0; Nexus 5 Build/MRA58N) AppleWebKit/537.36 (KHTML, like Gecko) Chrome/68.0.3440.106 Mobile Safari/537.36]
[2019-02-25T19:43:11.976] [INFO] default - [::1 GET /slider-2.jpg 200 1ms][http://localhost:3000/css/style.css HTTP/1.1 Mozilla/5.0 (Linux; Android 6.0; Nexus 5 Build/MRA58N) AppleWebKit/537.36 (KHTML, like Gecko) Chrome/68.0.3440.106 Mobile Safari/537.36]
[2019-02-25T19:43:11.992] [INFO] default - [::1 GET /js/jquery.min.map 404 2ms][ HTTP/1.1 Mozilla/5.0 (Linux; Android 6.0; Nexus 5 Build/MRA58N) AppleWebKit/537.36 (KHTML, like Gecko) Chrome/68.0.3440.106 Mobile Safari/537.36]
[2019-02-25T19:43:19.320] [INFO] default - [::1 POST /Login 200 738ms][http://localhost:3000/ HTTP/1.1 Mozilla/5.0 (Linux; Android 6.0; Nexus 5 Build/MRA58N) AppleWebKit/537.36 (KHTML, like Gecko) Chrome/68.0.3440.106 Mobile Safari/537.36]
[2019-02-25T19:43:19.362] [INFO] default - [::1 GET / 200 28ms][http://localhost:3000/ HTTP/1.1 Mozilla/5.0 (Linux; Android 6.0; Nexus 5 Build/MRA58N) AppleWebKit/537.36 (KHTML, like Gecko) Chrome/68.0.3440.106 Mobile Safari/537.36]
[2019-02-25T19:43:19.390] [INFO] default - [::1 GET /layui/css/layui.css 200 10ms][http://localhost:3000/ HTTP/1.1 Mozilla/5.0 (Linux; Android 6.0; Nexus 5 Build/MRA58N) AppleWebKit/537.36 (KHTML, like Gecko) Chrome/68.0.3440.106 Mobile Safari/537.36]
[2019-02-25T19:43:19.392] [INFO] default - [::1 GET /ydui/css/ydui.css 200 8ms][http://localhost:3000/ HTTP/1.1 Mozilla/5.0 (Linux; Android 6.0; Nexus 5 Build/MRA58N) AppleWebKit/537.36 (KHTML, like Gecko) Chrome/68.0.3440.106 Mobile Safari/537.36]
[2019-02-25T19:43:19.392] [INFO] default - [::1 GET /css/order.css 200 6ms][http://localhost:3000/ HTTP/1.1 Mozilla/5.0 (Linux; Android 6.0; Nexus 5 Build/MRA58N) AppleWebKit/537.36 (KHTML, like Gecko) Chrome/68.0.3440.106 Mobile Safari/537.36]
[2019-02-25T19:43:19.394] [INFO] default - [::1 GET /layui/layui.js 200 5ms][http://localhost:3000/ HTTP/1.1 Mozilla/5.0 (Linux; Android 6.0; Nexus 5 Build/MRA58N) AppleWebKit/537.36 (KHTML, like Gecko) Chrome/68.0.3440.106 Mobile Safari/537.36]
[2019-02-25T19:43:19.394] [INFO] default - [::1 GET /ydui/js/ydui.flexible.js 200 7ms][http://localhost:3000/ HTTP/1.1 Mozilla/5.0 (Linux; Android 6.0; Nexus 5 Build/MRA58N) AppleWebKit/537.36 (KHTML, like Gecko) Chrome/68.0.3440.106 Mobile Safari/537.36]
[2019-02-25T19:43:19.396] [INFO] default - [::1 GET /jquery-weui/dist/lib/weui.min.css 200 10ms][http://localhost:3000/ HTTP/1.1 Mozilla/5.0 (Linux; Android 6.0; Nexus 5 Build/MRA58N) AppleWebKit/537.36 (KHTML, like Gecko) Chrome/68.0.3440.106 Mobile Safari/537.36]
[2019-02-25T19:43:19.402] [INFO] default - [::1 GET /javascript/function.js 200 5ms][http://localhost:3000/ HTTP/1.1 Mozilla/5.0 (Linux; Android 6.0; Nexus 5 Build/MRA58N) AppleWebKit/537.36 (KHTML, like Gecko) Chrome/68.0.3440.106 Mobile Safari/537.36]
[2019-02-25T19:43:19.402] [INFO] default - [::1 GET /jquery/jquery.min.js 200 7ms][http://localhost:3000/ HTTP/1.1 Mozilla/5.0 (Linux; Android 6.0; Nexus 5 Build/MRA58N) AppleWebKit/537.36 (KHTML, like Gecko) Chrome/68.0.3440.106 Mobile Safari/537.36]
[2019-02-25T19:43:19.404] [INFO] default - [::1 GET /jquery-weui/dist/js/jquery-weui.min.js 200 8ms][http://localhost:3000/ HTTP/1.1 Mozilla/5.0 (Linux; Android 6.0; Nexus 5 Build/MRA58N) AppleWebKit/537.36 (KHTML, like Gecko) Chrome/68.0.3440.106 Mobile Safari/537.36]
[2019-02-25T19:43:19.460] [INFO] default - [::1 GET /layui/lay/modules/layer.js 200 0ms][http://localhost:3000/ HTTP/1.1 Mozilla/5.0 (Linux; Android 6.0; Nexus 5 Build/MRA58N) AppleWebKit/537.36 (KHTML, like Gecko) Chrome/68.0.3440.106 Mobile Safari/537.36]
[2019-02-25T19:43:19.468] [INFO] default - [::1 GET /layui/css/modules/layer/default/layer.css?v=3.1.1 200 1ms][http://localhost:3000/ HTTP/1.1 Mozilla/5.0 (Linux; Android 6.0; Nexus 5 Build/MRA58N) AppleWebKit/537.36 (KHTML, like Gecko) Chrome/68.0.3440.106 Mobile Safari/537.36]
[2019-02-25T19:43:19.469] [INFO] default - [::1 GET /layui/lay/modules/form.js 200 2ms][http://localhost:3000/ HTTP/1.1 Mozilla/5.0 (Linux; Android 6.0; Nexus 5 Build/MRA58N) AppleWebKit/537.36 (KHTML, like Gecko) Chrome/68.0.3440.106 Mobile Safari/537.36]
[2019-02-25T19:43:19.478] [INFO] default - [::1 GET /layui/css/modules/layer/default/loading-2.gif 200 1ms][http://localhost:3000/layui/css/modules/layer/default/layer.css?v=3.1.1 HTTP/1.1 Mozilla/5.0 (Linux; Android 6.0; Nexus 5 Build/MRA58N) AppleWebKit/537.36 (KHTML, like Gecko) Chrome/68.0.3440.106 Mobile Safari/537.36]
[2019-02-25T19:43:19.492] [INFO] default - [::1 GET /javascript/index1.js?_=1551094999443 200 2ms][http://localhost:3000/ HTTP/1.1 Mozilla/5.0 (Linux; Android 6.0; Nexus 5 Build/MRA58N) AppleWebKit/537.36 (KHTML, like Gecko) Chrome/68.0.3440.106 Mobile Safari/537.36]
[2019-02-25T19:43:19.500] [INFO] default - [::1 GET /javascript/order.js?_=1551094999444 200 3ms][http://localhost:3000/ HTTP/1.1 Mozilla/5.0 (Linux; Android 6.0; Nexus 5 Build/MRA58N) AppleWebKit/537.36 (KHTML, like Gecko) Chrome/68.0.3440.106 Mobile Safari/537.36]
[2019-02-25T19:43:19.509] [INFO] default - [::1 GET /javascript/sales.js?_=1551094999445 200 1ms][http://localhost:3000/ HTTP/1.1 Mozilla/5.0 (Linux; Android 6.0; Nexus 5 Build/MRA58N) AppleWebKit/537.36 (KHTML, like Gecko) Chrome/68.0.3440.106 Mobile Safari/537.36]
[2019-02-25T19:43:19.515] [INFO] default - [::1 GET /javascript/pullSignal.js?_=1551094999446 200 1ms][http://localhost:3000/ HTTP/1.1 Mozilla/5.0 (Linux; Android 6.0; Nexus 5 Build/MRA58N) AppleWebKit/537.36 (KHTML, like Gecko) Chrome/68.0.3440.106 Mobile Safari/537.36]
[2019-02-25T19:43:19.525] [INFO] default - [::1 GET /javascript/addApplicationGoods.js?_=1551094999447 200 3ms][http://localhost:3000/ HTTP/1.1 Mozilla/5.0 (Linux; Android 6.0; Nexus 5 Build/MRA58N) AppleWebKit/537.36 (KHTML, like Gecko) Chrome/68.0.3440.106 Mobile Safari/537.36]
[2019-02-25T19:43:19.534] [INFO] default - [::1 GET /javascript/addReturnRequest.js?_=1551094999448 200 4ms][http://localhost:3000/ HTTP/1.1 Mozilla/5.0 (Linux; Android 6.0; Nexus 5 Build/MRA58N) AppleWebKit/537.36 (KHTML, like Gecko) Chrome/68.0.3440.106 Mobile Safari/537.36]
[2019-02-25T19:43:19.544] [INFO] default - [::1 GET /javascript/requireGoodsList.js?_=1551094999449 200 2ms][http://localhost:3000/ HTTP/1.1 Mozilla/5.0 (Linux; Android 6.0; Nexus 5 Build/MRA58N) AppleWebKit/537.36 (KHTML, like Gecko) Chrome/68.0.3440.106 Mobile Safari/537.36]
[2019-02-25T19:43:19.557] [INFO] default - [::1 GET /javascript/tuihuo_requireGoodsList.js?_=1551094999450 200 3ms][http://localhost:3000/ HTTP/1.1 Mozilla/5.0 (Linux; Android 6.0; Nexus 5 Build/MRA58N) AppleWebKit/537.36 (KHTML, like Gecko) Chrome/68.0.3440.106 Mobile Safari/537.36]
[2019-02-25T19:43:19.586] [INFO] default - [::1 GET /javascript/saleslist.js?_=1551094999451 200 1ms][http://localhost:3000/ HTTP/1.1 Mozilla/5.0 (Linux; Android 6.0; Nexus 5 Build/MRA58N) AppleWebKit/537.36 (KHTML, like Gecko) Chrome/68.0.3440.106 Mobile Safari/537.36]
[2019-02-25T19:43:19.594] [INFO] default - [::1 GET /javascript/saleslist_goods.js?_=1551094999452 200 1ms][http://localhost:3000/ HTTP/1.1 Mozilla/5.0 (Linux; Android 6.0; Nexus 5 Build/MRA58N) AppleWebKit/537.36 (KHTML, like Gecko) Chrome/68.0.3440.106 Mobile Safari/537.36]
[2019-02-25T19:43:19.606] [INFO] default - [::1 GET /javascript/productList.js?_=1551094999453 200 2ms][http://localhost:3000/ HTTP/1.1 Mozilla/5.0 (Linux; Android 6.0; Nexus 5 Build/MRA58N) AppleWebKit/537.36 (KHTML, like Gecko) Chrome/68.0.3440.106 Mobile Safari/537.36]
[2019-02-25T19:43:19.616] [INFO] default - [::1 GET /javascript/selectCustomer.js?_=1551094999454 200 1ms][http://localhost:3000/ HTTP/1.1 Mozilla/5.0 (Linux; Android 6.0; Nexus 5 Build/MRA58N) AppleWebKit/537.36 (KHTML, like Gecko) Chrome/68.0.3440.106 Mobile Safari/537.36]
[2019-02-25T19:43:19.624] [INFO] default - [::1 GET /javascript/productDetail.js?_=1551094999455 200 1ms][http://localhost:3000/ HTTP/1.1 Mozilla/5.0 (Linux; Android 6.0; Nexus 5 Build/MRA58N) AppleWebKit/537.36 (KHTML, like Gecko) Chrome/68.0.3440.106 Mobile Safari/537.36]
[2019-02-25T19:43:19.635] [INFO] default - [::1 GET /javascript/tuihuo_productList.js?_=1551094999456 200 3ms][http://localhost:3000/ HTTP/1.1 Mozilla/5.0 (Linux; Android 6.0; Nexus 5 Build/MRA58N) AppleWebKit/537.36 (KHTML, like Gecko) Chrome/68.0.3440.106 Mobile Safari/537.36]
[2019-02-25T19:43:19.655] [INFO] default - [::1 GET /javascript/tuihuo_saleslist_goods.js?_=1551094999457 200 12ms][http://localhost:3000/ HTTP/1.1 Mozilla/5.0 (Linux; Android 6.0; Nexus 5 Build/MRA58N) AppleWebKit/537.36 (KHTML, like Gecko) Chrome/68.0.3440.106 Mobile Safari/537.36]
[2019-02-25T19:43:19.666] [INFO] default - [::1 GET /javascript/tuihuo_selectcustomer.js?_=1551094999458 200 3ms][http://localhost:3000/ HTTP/1.1 Mozilla/5.0 (Linux; Android 6.0; Nexus 5 Build/MRA58N) AppleWebKit/537.36 (KHTML, like Gecko) Chrome/68.0.3440.106 Mobile Safari/537.36]
[2019-02-25T19:43:19.672] [INFO] default - [::1 GET /javascript/tuihuo_salelist.js?_=1551094999459 200 1ms][http://localhost:3000/ HTTP/1.1 Mozilla/5.0 (Linux; Android 6.0; Nexus 5 Build/MRA58N) AppleWebKit/537.36 (KHTML, like Gecko) Chrome/68.0.3440.106 Mobile Safari/537.36]
[2019-02-25T19:43:19.688] [INFO] default - [::1 GET /javascript/addApplicationGoods_detail.js?_=1551094999460 200 3ms][http://localhost:3000/ HTTP/1.1 Mozilla/5.0 (Linux; Android 6.0; Nexus 5 Build/MRA58N) AppleWebKit/537.36 (KHTML, like Gecko) Chrome/68.0.3440.106 Mobile Safari/537.36]
[2019-02-25T19:43:19.695] [INFO] default - [::1 GET /javascript/selectproductlist.js?_=1551094999461 200 2ms][http://localhost:3000/ HTTP/1.1 Mozilla/5.0 (Linux; Android 6.0; Nexus 5 Build/MRA58N) AppleWebKit/537.36 (KHTML, like Gecko) Chrome/68.0.3440.106 Mobile Safari/537.36]
[2019-02-25T19:43:19.703] [INFO] default - [::1 GET /javascript/selectreturnlist.js?_=1551094999462 200 2ms][http://localhost:3000/ HTTP/1.1 Mozilla/5.0 (Linux; Android 6.0; Nexus 5 Build/MRA58N) AppleWebKit/537.36 (KHTML, like Gecko) Chrome/68.0.3440.106 Mobile Safari/537.36]
[2019-02-25T19:43:19.710] [INFO] default - [::1 GET /javascript/addReturnRequest_detail.js?_=1551094999463 200 1ms][http://localhost:3000/ HTTP/1.1 Mozilla/5.0 (Linux; Android 6.0; Nexus 5 Build/MRA58N) AppleWebKit/537.36 (KHTML, like Gecko) Chrome/68.0.3440.106 Mobile Safari/537.36]
[2019-02-25T19:43:19.716] [INFO] default - [::1 GET /layui/lay/modules/laytpl.js 200 1ms][http://localhost:3000/ HTTP/1.1 Mozilla/5.0 (Linux; Android 6.0; Nexus 5 Build/MRA58N) AppleWebKit/537.36 (KHTML, like Gecko) Chrome/68.0.3440.106 Mobile Safari/537.36]
[2019-02-25T19:43:19.739] [INFO] default - [::1 GET /layui/font/iconfont.woff?v=230 200 4ms][http://localhost:3000/layui/css/layui.css HTTP/1.1 Mozilla/5.0 (Linux; Android 6.0; Nexus 5 Build/MRA58N) AppleWebKit/537.36 (KHTML, like Gecko) Chrome/68.0.3440.106 Mobile Safari/537.36]
[2019-02-25T19:43:23.425] [INFO] default - [::1 GET /layui/lay/modules/element.js 200 11ms][http://localhost:3000/ HTTP/1.1 Mozilla/5.0 (Linux; Android 6.0; Nexus 5 Build/MRA58N) AppleWebKit/537.36 (KHTML, like Gecko) Chrome/68.0.3440.106 Mobile Safari/537.36]
[2019-02-25T19:43:23.446] [INFO] default - [::1 GET /layui/css/modules/layer/default/loading-1.gif 200 2ms][http://localhost:3000/layui/css/modules/layer/default/layer.css?v=3.1.1 HTTP/1.1 Mozilla/5.0 (Linux; Android 6.0; Nexus 5 Build/MRA58N) AppleWebKit/537.36 (KHTML, like Gecko) Chrome/68.0.3440.106 Mobile Safari/537.36]
[2019-02-25T19:43:23.885] [INFO] default - [::1 GET /warehouse 200 1600ms][http://localhost:3000/ HTTP/1.1 Mozilla/5.0 (Linux; Android 6.0; Nexus 5 Build/MRA58N) AppleWebKit/537.36 (KHTML, like Gecko) Chrome/68.0.3440.106 Mobile Safari/537.36]
[2019-02-25T19:43:23.887] [INFO] default - [::1 POST /person 200 1600ms][http://localhost:3000/ HTTP/1.1 Mozilla/5.0 (Linux; Android 6.0; Nexus 5 Build/MRA58N) AppleWebKit/537.36 (KHTML, like Gecko) Chrome/68.0.3440.106 Mobile Safari/537.36]
[2019-02-25T19:43:24.351] [INFO] default - [::1 POST /Project 200 2073ms][http://localhost:3000/ HTTP/1.1 Mozilla/5.0 (Linux; Android 6.0; Nexus 5 Build/MRA58N) AppleWebKit/537.36 (KHTML, like Gecko) Chrome/68.0.3440.106 Mobile Safari/537.36]
[2019-02-25T19:43:25.479] [INFO] default - [::1 POST /inventory 200 2021ms][http://localhost:3000/ HTTP/1.1 Mozilla/5.0 (Linux; Android 6.0; Nexus 5 Build/MRA58N) AppleWebKit/537.36 (KHTML, like Gecko) Chrome/68.0.3440.106 Mobile Safari/537.36]
[2019-02-25T19:43:26.946] [INFO] default - [::1 POST /currentStockQuery 200 1440ms][http://localhost:3000/ HTTP/1.1 Mozilla/5.0 (Linux; Android 6.0; Nexus 5 Build/MRA58N) AppleWebKit/537.36 (KHTML, like Gecko) Chrome/68.0.3440.106 Mobile Safari/537.36]
[2019-02-25T19:43:31.119] [INFO] default - [::1 POST /QueryInventoryPrice 200 5611ms][http://localhost:3000/ HTTP/1.1 Mozilla/5.0 (Linux; Android 6.0; Nexus 5 Build/MRA58N) AppleWebKit/537.36 (KHTML, like Gecko) Chrome/68.0.3440.106 Mobile Safari/537.36]
[2019-02-25T19:45:35.157] [INFO] default - [::1 POST /Project 302 20ms][http://localhost:3000/ HTTP/1.1 Mozilla/5.0 (Linux; Android 6.0; Nexus 5 Build/MRA58N) AppleWebKit/537.36 (KHTML, like Gecko) Chrome/68.0.3440.106 Mobile Safari/537.36]
[2019-02-25T19:45:35.186] [INFO] default - [::1 GET /warehouse 302 24ms][http://localhost:3000/ HTTP/1.1 Mozilla/5.0 (Linux; Android 6.0; Nexus 5 Build/MRA58N) AppleWebKit/537.36 (KHTML, like Gecko) Chrome/68.0.3440.106 Mobile Safari/537.36]
[2019-02-25T19:45:35.190] [INFO] default - [::1 POST /person 302 22ms][http://localhost:3000/ HTTP/1.1 Mozilla/5.0 (Linux; Android 6.0; Nexus 5 Build/MRA58N) AppleWebKit/537.36 (KHTML, like Gecko) Chrome/68.0.3440.106 Mobile Safari/537.36]
[2019-02-25T19:45:35.196] [INFO] default - [::1 GET / 200 12ms][http://localhost:3000/ HTTP/1.1 Mozilla/5.0 (Linux; Android 6.0; Nexus 5 Build/MRA58N) AppleWebKit/537.36 (KHTML, like Gecko) Chrome/68.0.3440.106 Mobile Safari/537.36]
[2019-02-25T19:45:35.205] [INFO] default - [::1 GET / 200 13ms][http://localhost:3000/ HTTP/1.1 Mozilla/5.0 (Linux; Android 6.0; Nexus 5 Build/MRA58N) AppleWebKit/537.36 (KHTML, like Gecko) Chrome/68.0.3440.106 Mobile Safari/537.36]
[2019-02-25T19:45:35.210] [INFO] default - [::1 GET / 200 18ms][http://localhost:3000/ HTTP/1.1 Mozilla/5.0 (Linux; Android 6.0; Nexus 5 Build/MRA58N) AppleWebKit/537.36 (KHTML, like Gecko) Chrome/68.0.3440.106 Mobile Safari/537.36]
[2019-02-25T19:45:38.870] [INFO] default - [::1 GET /layui/css/modules/layer/default/icon.png 200 11ms][http://localhost:3000/layui/css/modules/layer/default/layer.css?v=3.1.1 HTTP/1.1 Mozilla/5.0 (Linux; Android 6.0; Nexus 5 Build/MRA58N) AppleWebKit/537.36 (KHTML, like Gecko) Chrome/68.0.3440.106 Mobile Safari/537.36]
[2019-02-25T19:45:39.893] [INFO] default - [::1 POST /logout 200 3ms][http://localhost:3000/ HTTP/1.1 Mozilla/5.0 (Linux; Android 6.0; Nexus 5 Build/MRA58N) AppleWebKit/537.36 (KHTML, like Gecko) Chrome/68.0.3440.106 Mobile Safari/537.36]
[2019-02-25T19:45:39.909] [INFO] default - [::1 GET / 200 4ms][http://localhost:3000/ HTTP/1.1 Mozilla/5.0 (Linux; Android 6.0; Nexus 5 Build/MRA58N) AppleWebKit/537.36 (KHTML, like Gecko) Chrome/68.0.3440.106 Mobile Safari/537.36]
[2019-02-25T19:45:39.932] [INFO] default - [::1 GET /css/style.css 200 4ms][http://localhost:3000/ HTTP/1.1 Mozilla/5.0 (Linux; Android 6.0; Nexus 5 Build/MRA58N) AppleWebKit/537.36 (KHTML, like Gecko) Chrome/68.0.3440.106 Mobile Safari/537.36]
[2019-02-25T19:45:39.934] [INFO] default - [::1 GET /js/index.js 200 5ms][http://localhost:3000/ HTTP/1.1 Mozilla/5.0 (Linux; Android 6.0; Nexus 5 Build/MRA58N) AppleWebKit/537.36 (KHTML, like Gecko) Chrome/68.0.3440.106 Mobile Safari/537.36]
[2019-02-25T19:45:39.934] [INFO] default - [::1 GET /js/jquery.min.js 200 5ms][http://localhost:3000/ HTTP/1.1 Mozilla/5.0 (Linux; Android 6.0; Nexus 5 Build/MRA58N) AppleWebKit/537.36 (KHTML, like Gecko) Chrome/68.0.3440.106 Mobile Safari/537.36]
[2019-02-25T19:45:39.949] [INFO] default - [::1 GET /slider-2.jpg 200 3ms][http://localhost:3000/css/style.css HTTP/1.1 Mozilla/5.0 (Linux; Android 6.0; Nexus 5 Build/MRA58N) AppleWebKit/537.36 (KHTML, like Gecko) Chrome/68.0.3440.106 Mobile Safari/537.36]
[2019-02-25T19:45:40.039] [INFO] default - [::1 GET /js/jquery.min.map 404 12ms][ HTTP/1.1 Mozilla/5.0 (Linux; Android 6.0; Nexus 5 Build/MRA58N) AppleWebKit/537.36 (KHTML, like Gecko) Chrome/68.0.3440.106 Mobile Safari/537.36]
[2019-02-25T19:46:59.813] [INFO] default - [::1 GET / 200 23ms][http://localhost:3000/ HTTP/1.1 Mozilla/5.0 (Linux; Android 6.0; Nexus 5 Build/MRA58N) AppleWebKit/537.36 (KHTML, like Gecko) Chrome/68.0.3440.106 Mobile Safari/537.36]
[2019-02-25T19:46:59.829] [INFO] default - [::1 GET /css/style.css 200 5ms][http://localhost:3000/ HTTP/1.1 Mozilla/5.0 (Linux; Android 6.0; Nexus 5 Build/MRA58N) AppleWebKit/537.36 (KHTML, like Gecko) Chrome/68.0.3440.106 Mobile Safari/537.36]
[2019-02-25T19:46:59.831] [INFO] default - [::1 GET /js/index.js 200 6ms][http://localhost:3000/ HTTP/1.1 Mozilla/5.0 (Linux; Android 6.0; Nexus 5 Build/MRA58N) AppleWebKit/537.36 (KHTML, like Gecko) Chrome/68.0.3440.106 Mobile Safari/537.36]
[2019-02-25T19:46:59.833] [INFO] default - [::1 GET /js/jquery.min.js 200 8ms][http://localhost:3000/ HTTP/1.1 Mozilla/5.0 (Linux; Android 6.0; Nexus 5 Build/MRA58N) AppleWebKit/537.36 (KHTML, like Gecko) Chrome/68.0.3440.106 Mobile Safari/537.36]
[2019-02-25T19:46:59.876] [INFO] default - [::1 GET /slider-2.jpg 200 4ms][http://localhost:3000/css/style.css HTTP/1.1 Mozilla/5.0 (Linux; Android 6.0; Nexus 5 Build/MRA58N) AppleWebKit/537.36 (KHTML, like Gecko) Chrome/68.0.3440.106 Mobile Safari/537.36]
[2019-02-25T19:46:59.883] [INFO] default - [::1 GET /js/jquery.min.map 404 4ms][ HTTP/1.1 Mozilla/5.0 (Linux; Android 6.0; Nexus 5 Build/MRA58N) AppleWebKit/537.36 (KHTML, like Gecko) Chrome/68.0.3440.106 Mobile Safari/537.36]
[2019-02-25T19:47:04.090] [INFO] default - [::1 POST /Login 200 726ms][http://localhost:3000/ HTTP/1.1 Mozilla/5.0 (Linux; Android 6.0; Nexus 5 Build/MRA58N) AppleWebKit/537.36 (KHTML, like Gecko) Chrome/68.0.3440.106 Mobile Safari/537.36]
[2019-02-25T19:47:04.141] [INFO] default - [::1 GET / 200 36ms][http://localhost:3000/ HTTP/1.1 Mozilla/5.0 (Linux; Android 6.0; Nexus 5 Build/MRA58N) AppleWebKit/537.36 (KHTML, like Gecko) Chrome/68.0.3440.106 Mobile Safari/537.36]
[2019-02-25T19:47:04.169] [INFO] default - [::1 GET /layui/css/layui.css 200 11ms][http://localhost:3000/ HTTP/1.1 Mozilla/5.0 (Linux; Android 6.0; Nexus 5 Build/MRA58N) AppleWebKit/537.36 (KHTML, like Gecko) Chrome/68.0.3440.106 Mobile Safari/537.36]
[2019-02-25T19:47:04.170] [INFO] default - [::1 GET /ydui/js/ydui.flexible.js 200 9ms][http://localhost:3000/ HTTP/1.1 Mozilla/5.0 (Linux; Android 6.0; Nexus 5 Build/MRA58N) AppleWebKit/537.36 (KHTML, like Gecko) Chrome/68.0.3440.106 Mobile Safari/537.36]
[2019-02-25T19:47:04.172] [INFO] default - [::1 GET /ydui/css/ydui.css 200 13ms][http://localhost:3000/ HTTP/1.1 Mozilla/5.0 (Linux; Android 6.0; Nexus 5 Build/MRA58N) AppleWebKit/537.36 (KHTML, like Gecko) Chrome/68.0.3440.106 Mobile Safari/537.36]
[2019-02-25T19:47:04.172] [INFO] default - [::1 GET /jquery-weui/dist/lib/weui.min.css 200 10ms][http://localhost:3000/ HTTP/1.1 Mozilla/5.0 (Linux; Android 6.0; Nexus 5 Build/MRA58N) AppleWebKit/537.36 (KHTML, like Gecko) Chrome/68.0.3440.106 Mobile Safari/537.36]
[2019-02-25T19:47:04.172] [INFO] default - [::1 GET /css/order.css 200 9ms][http://localhost:3000/ HTTP/1.1 Mozilla/5.0 (Linux; Android 6.0; Nexus 5 Build/MRA58N) AppleWebKit/537.36 (KHTML, like Gecko) Chrome/68.0.3440.106 Mobile Safari/537.36]
[2019-02-25T19:47:04.174] [INFO] default - [::1 GET /layui/layui.js 200 11ms][http://localhost:3000/ HTTP/1.1 Mozilla/5.0 (Linux; Android 6.0; Nexus 5 Build/MRA58N) AppleWebKit/537.36 (KHTML, like Gecko) Chrome/68.0.3440.106 Mobile Safari/537.36]
[2019-02-25T19:47:04.183] [INFO] default - [::1 GET /javascript/function.js 200 4ms][http://localhost:3000/ HTTP/1.1 Mozilla/5.0 (Linux; Android 6.0; Nexus 5 Build/MRA58N) AppleWebKit/537.36 (KHTML, like Gecko) Chrome/68.0.3440.106 Mobile Safari/537.36]
[2019-02-25T19:47:04.183] [INFO] default - [::1 GET /jquery/jquery.min.js 200 6ms][http://localhost:3000/ HTTP/1.1 Mozilla/5.0 (Linux; Android 6.0; Nexus 5 Build/MRA58N) AppleWebKit/537.36 (KHTML, like Gecko) Chrome/68.0.3440.106 Mobile Safari/537.36]
[2019-02-25T19:47:04.185] [INFO] default - [::1 GET /jquery-weui/dist/js/jquery-weui.min.js 200 7ms][http://localhost:3000/ HTTP/1.1 Mozilla/5.0 (Linux; Android 6.0; Nexus 5 Build/MRA58N) AppleWebKit/537.36 (KHTML, like Gecko) Chrome/68.0.3440.106 Mobile Safari/537.36]
[2019-02-25T19:47:04.249] [INFO] default - [::1 GET /layui/lay/modules/layer.js 200 1ms][http://localhost:3000/ HTTP/1.1 Mozilla/5.0 (Linux; Android 6.0; Nexus 5 Build/MRA58N) AppleWebKit/537.36 (KHTML, like Gecko) Chrome/68.0.3440.106 Mobile Safari/537.36]
[2019-02-25T19:47:04.260] [INFO] default - [::1 GET /layui/css/modules/layer/default/layer.css?v=3.1.1 200 2ms][http://localhost:3000/ HTTP/1.1 Mozilla/5.0 (Linux; Android 6.0; Nexus 5 Build/MRA58N) AppleWebKit/537.36 (KHTML, like Gecko) Chrome/68.0.3440.106 Mobile Safari/537.36]
[2019-02-25T19:47:04.260] [INFO] default - [::1 GET /layui/lay/modules/form.js 200 1ms][http://localhost:3000/ HTTP/1.1 Mozilla/5.0 (Linux; Android 6.0; Nexus 5 Build/MRA58N) AppleWebKit/537.36 (KHTML, like Gecko) Chrome/68.0.3440.106 Mobile Safari/537.36]
[2019-02-25T19:47:04.270] [INFO] default - [::1 GET /layui/css/modules/layer/default/loading-2.gif 200 1ms][http://localhost:3000/layui/css/modules/layer/default/layer.css?v=3.1.1 HTTP/1.1 Mozilla/5.0 (Linux; Android 6.0; Nexus 5 Build/MRA58N) AppleWebKit/537.36 (KHTML, like Gecko) Chrome/68.0.3440.106 Mobile Safari/537.36]
[2019-02-25T19:47:04.283] [INFO] default - [::1 GET /javascript/index1.js?_=1551095224229 200 3ms][http://localhost:3000/ HTTP/1.1 Mozilla/5.0 (Linux; Android 6.0; Nexus 5 Build/MRA58N) AppleWebKit/537.36 (KHTML, like Gecko) Chrome/68.0.3440.106 Mobile Safari/537.36]
[2019-02-25T19:47:04.297] [INFO] default - [::1 GET /javascript/order.js?_=1551095224230 200 5ms][http://localhost:3000/ HTTP/1.1 Mozilla/5.0 (Linux; Android 6.0; Nexus 5 Build/MRA58N) AppleWebKit/537.36 (KHTML, like Gecko) Chrome/68.0.3440.106 Mobile Safari/537.36]
[2019-02-25T19:47:04.308] [INFO] default - [::1 GET /javascript/sales.js?_=1551095224231 200 2ms][http://localhost:3000/ HTTP/1.1 Mozilla/5.0 (Linux; Android 6.0; Nexus 5 Build/MRA58N) AppleWebKit/537.36 (KHTML, like Gecko) Chrome/68.0.3440.106 Mobile Safari/537.36]
[2019-02-25T19:47:04.320] [INFO] default - [::1 GET /javascript/pullSignal.js?_=1551095224232 200 7ms][http://localhost:3000/ HTTP/1.1 Mozilla/5.0 (Linux; Android 6.0; Nexus 5 Build/MRA58N) AppleWebKit/537.36 (KHTML, like Gecko) Chrome/68.0.3440.106 Mobile Safari/537.36]
[2019-02-25T19:47:04.327] [INFO] default - [::1 GET /javascript/addApplicationGoods.js?_=1551095224233 200 1ms][http://localhost:3000/ HTTP/1.1 Mozilla/5.0 (Linux; Android 6.0; Nexus 5 Build/MRA58N) AppleWebKit/537.36 (KHTML, like Gecko) Chrome/68.0.3440.106 Mobile Safari/537.36]
[2019-02-25T19:47:04.340] [INFO] default - [::1 GET /javascript/addReturnRequest.js?_=1551095224234 200 2ms][http://localhost:3000/ HTTP/1.1 Mozilla/5.0 (Linux; Android 6.0; Nexus 5 Build/MRA58N) AppleWebKit/537.36 (KHTML, like Gecko) Chrome/68.0.3440.106 Mobile Safari/537.36]
[2019-02-25T19:47:04.358] [INFO] default - [::1 GET /javascript/requireGoodsList.js?_=1551095224235 200 2ms][http://localhost:3000/ HTTP/1.1 Mozilla/5.0 (Linux; Android 6.0; Nexus 5 Build/MRA58N) AppleWebKit/537.36 (KHTML, like Gecko) Chrome/68.0.3440.106 Mobile Safari/537.36]
[2019-02-25T19:47:04.373] [INFO] default - [::1 GET /javascript/tuihuo_requireGoodsList.js?_=1551095224236 200 2ms][http://localhost:3000/ HTTP/1.1 Mozilla/5.0 (Linux; Android 6.0; Nexus 5 Build/MRA58N) AppleWebKit/537.36 (KHTML, like Gecko) Chrome/68.0.3440.106 Mobile Safari/537.36]
[2019-02-25T19:47:04.388] [INFO] default - [::1 GET /javascript/saleslist.js?_=1551095224237 200 6ms][http://localhost:3000/ HTTP/1.1 Mozilla/5.0 (Linux; Android 6.0; Nexus 5 Build/MRA58N) AppleWebKit/537.36 (KHTML, like Gecko) Chrome/68.0.3440.106 Mobile Safari/537.36]
[2019-02-25T19:47:04.397] [INFO] default - [::1 GET /javascript/saleslist_goods.js?_=1551095224238 200 1ms][http://localhost:3000/ HTTP/1.1 Mozilla/5.0 (Linux; Android 6.0; Nexus 5 Build/MRA58N) AppleWebKit/537.36 (KHTML, like Gecko) Chrome/68.0.3440.106 Mobile Safari/537.36]
[2019-02-25T19:47:04.410] [INFO] default - [::1 GET /javascript/productList.js?_=1551095224239 200 1ms][http://localhost:3000/ HTTP/1.1 Mozilla/5.0 (Linux; Android 6.0; Nexus 5 Build/MRA58N) AppleWebKit/537.36 (KHTML, like Gecko) Chrome/68.0.3440.106 Mobile Safari/537.36]
[2019-02-25T19:47:04.421] [INFO] default - [::1 GET /javascript/selectCustomer.js?_=1551095224240 200 3ms][http://localhost:3000/ HTTP/1.1 Mozilla/5.0 (Linux; Android 6.0; Nexus 5 Build/MRA58N) AppleWebKit/537.36 (KHTML, like Gecko) Chrome/68.0.3440.106 Mobile Safari/537.36]
[2019-02-25T19:47:04.428] [INFO] default - [::1 GET /javascript/productDetail.js?_=1551095224241 200 1ms][http://localhost:3000/ HTTP/1.1 Mozilla/5.0 (Linux; Android 6.0; Nexus 5 Build/MRA58N) AppleWebKit/537.36 (KHTML, like Gecko) Chrome/68.0.3440.106 Mobile Safari/537.36]
[2019-02-25T19:47:04.436] [INFO] default - [::1 GET /javascript/tuihuo_productList.js?_=1551095224242 200 1ms][http://localhost:3000/ HTTP/1.1 Mozilla/5.0 (Linux; Android 6.0; Nexus 5 Build/MRA58N) AppleWebKit/537.36 (KHTML, like Gecko) Chrome/68.0.3440.106 Mobile Safari/537.36]
[2019-02-25T19:47:04.444] [INFO] default - [::1 GET /javascript/tuihuo_saleslist_goods.js?_=1551095224243 200 2ms][http://localhost:3000/ HTTP/1.1 Mozilla/5.0 (Linux; Android 6.0; Nexus 5 Build/MRA58N) AppleWebKit/537.36 (KHTML, like Gecko) Chrome/68.0.3440.106 Mobile Safari/537.36]
[2019-02-25T19:47:04.453] [INFO] default - [::1 GET /javascript/tuihuo_selectcustomer.js?_=1551095224244 200 2ms][http://localhost:3000/ HTTP/1.1 Mozilla/5.0 (Linux; Android 6.0; Nexus 5 Build/MRA58N) AppleWebKit/537.36 (KHTML, like Gecko) Chrome/68.0.3440.106 Mobile Safari/537.36]
[2019-02-25T19:47:04.463] [INFO] default - [::1 GET /javascript/tuihuo_salelist.js?_=1551095224245 200 1ms][http://localhost:3000/ HTTP/1.1 Mozilla/5.0 (Linux; Android 6.0; Nexus 5 Build/MRA58N) AppleWebKit/537.36 (KHTML, like Gecko) Chrome/68.0.3440.106 Mobile Safari/537.36]
[2019-02-25T19:47:04.470] [INFO] default - [::1 GET /javascript/addApplicationGoods_detail.js?_=1551095224246 200 2ms][http://localhost:3000/ HTTP/1.1 Mozilla/5.0 (Linux; Android 6.0; Nexus 5 Build/MRA58N) AppleWebKit/537.36 (KHTML, like Gecko) Chrome/68.0.3440.106 Mobile Safari/537.36]
[2019-02-25T19:47:04.478] [INFO] default - [::1 GET /javascript/selectproductlist.js?_=1551095224247 200 2ms][http://localhost:3000/ HTTP/1.1 Mozilla/5.0 (Linux; Android 6.0; Nexus 5 Build/MRA58N) AppleWebKit/537.36 (KHTML, like Gecko) Chrome/68.0.3440.106 Mobile Safari/537.36]
[2019-02-25T19:47:04.486] [INFO] default - [::1 GET /javascript/selectreturnlist.js?_=1551095224248 200 0ms][http://localhost:3000/ HTTP/1.1 Mozilla/5.0 (Linux; Android 6.0; Nexus 5 Build/MRA58N) AppleWebKit/537.36 (KHTML, like Gecko) Chrome/68.0.3440.106 Mobile Safari/537.36]
[2019-02-25T19:47:04.492] [INFO] default - [::1 GET /javascript/addReturnRequest_detail.js?_=1551095224249 200 2ms][http://localhost:3000/ HTTP/1.1 Mozilla/5.0 (Linux; Android 6.0; Nexus 5 Build/MRA58N) AppleWebKit/537.36 (KHTML, like Gecko) Chrome/68.0.3440.106 Mobile Safari/537.36]
[2019-02-25T19:47:04.497] [INFO] default - [::1 GET /layui/lay/modules/laytpl.js 200 1ms][http://localhost:3000/ HTTP/1.1 Mozilla/5.0 (Linux; Android 6.0; Nexus 5 Build/MRA58N) AppleWebKit/537.36 (KHTML, like Gecko) Chrome/68.0.3440.106 Mobile Safari/537.36]
[2019-02-25T19:47:04.521] [INFO] default - [::1 GET /layui/font/iconfont.woff?v=230 200 2ms][http://localhost:3000/layui/css/layui.css HTTP/1.1 Mozilla/5.0 (Linux; Android 6.0; Nexus 5 Build/MRA58N) AppleWebKit/537.36 (KHTML, like Gecko) Chrome/68.0.3440.106 Mobile Safari/537.36]
[2019-02-25T19:48:47.508] [INFO] default - [::1 GET /layui/lay/modules/element.js 200 5ms][http://localhost:3000/ HTTP/1.1 Mozilla/5.0 (Linux; Android 6.0; Nexus 5 Build/MRA58N) AppleWebKit/537.36 (KHTML, like Gecko) Chrome/68.0.3440.106 Mobile Safari/537.36]
[2019-02-25T19:48:47.531] [INFO] default - [::1 GET /layui/css/modules/layer/default/loading-1.gif 200 2ms][http://localhost:3000/layui/css/modules/layer/default/layer.css?v=3.1.1 HTTP/1.1 Mozilla/5.0 (Linux; Android 6.0; Nexus 5 Build/MRA58N) AppleWebKit/537.36 (KHTML, like Gecko) Chrome/68.0.3440.106 Mobile Safari/537.36]
[2019-02-25T19:48:49.018] [INFO] default - [::1 POST /Project 200 2382ms][http://localhost:3000/ HTTP/1.1 Mozilla/5.0 (Linux; Android 6.0; Nexus 5 Build/MRA58N) AppleWebKit/537.36 (KHTML, like Gecko) Chrome/68.0.3440.106 Mobile Safari/537.36]
[2019-02-25T19:48:50.225] [INFO] default - [::1 POST /person 200 3581ms][http://localhost:3000/ HTTP/1.1 Mozilla/5.0 (Linux; Android 6.0; Nexus 5 Build/MRA58N) AppleWebKit/537.36 (KHTML, like Gecko) Chrome/68.0.3440.106 Mobile Safari/537.36]
[2019-02-25T19:48:50.701] [INFO] default - [::1 GET /warehouse 200 4059ms][http://localhost:3000/ HTTP/1.1 Mozilla/5.0 (Linux; Android 6.0; Nexus 5 Build/MRA58N) AppleWebKit/537.36 (KHTML, like Gecko) Chrome/68.0.3440.106 Mobile Safari/537.36]
[2019-02-25T19:48:51.639] [INFO] default - [::1 POST /inventory 200 4105ms][http://localhost:3000/ HTTP/1.1 Mozilla/5.0 (Linux; Android 6.0; Nexus 5 Build/MRA58N) AppleWebKit/537.36 (KHTML, like Gecko) Chrome/68.0.3440.106 Mobile Safari/537.36]
[2019-02-25T19:48:53.030] [INFO] default - [::1 POST /currentStockQuery 200 1364ms][http://localhost:3000/ HTTP/1.1 Mozilla/5.0 (Linux; Android 6.0; Nexus 5 Build/MRA58N) AppleWebKit/537.36 (KHTML, like Gecko) Chrome/68.0.3440.106 Mobile Safari/537.36]
[2019-02-25T19:48:58.239] [INFO] default - [::1 POST /QueryInventoryPrice 200 6571ms][http://localhost:3000/ HTTP/1.1 Mozilla/5.0 (Linux; Android 6.0; Nexus 5 Build/MRA58N) AppleWebKit/537.36 (KHTML, like Gecko) Chrome/68.0.3440.106 Mobile Safari/537.36]
[2019-02-25T20:03:01.128] [INFO] default - [::1 POST /Project 302 18ms][http://localhost:3000/ HTTP/1.1 Mozilla/5.0 (Linux; Android 6.0; Nexus 5 Build/MRA58N) AppleWebKit/537.36 (KHTML, like Gecko) Chrome/68.0.3440.106 Mobile Safari/537.36]
[2019-02-25T20:03:01.157] [INFO] default - [::1 POST /person 302 16ms][http://localhost:3000/ HTTP/1.1 Mozilla/5.0 (Linux; Android 6.0; Nexus 5 Build/MRA58N) AppleWebKit/537.36 (KHTML, like Gecko) Chrome/68.0.3440.106 Mobile Safari/537.36]
[2019-02-25T20:03:01.163] [INFO] default - [::1 GET /warehouse 302 6ms][http://localhost:3000/ HTTP/1.1 Mozilla/5.0 (Linux; Android 6.0; Nexus 5 Build/MRA58N) AppleWebKit/537.36 (KHTML, like Gecko) Chrome/68.0.3440.106 Mobile Safari/537.36]
[2019-02-25T20:03:01.185] [INFO] default - [::1 GET / 200 27ms][http://localhost:3000/ HTTP/1.1 Mozilla/5.0 (Linux; Android 6.0; Nexus 5 Build/MRA58N) AppleWebKit/537.36 (KHTML, like Gecko) Chrome/68.0.3440.106 Mobile Safari/537.36]
[2019-02-25T20:03:01.192] [INFO] default - [::1 GET / 200 3ms][http://localhost:3000/ HTTP/1.1 Mozilla/5.0 (Linux; Android 6.0; Nexus 5 Build/MRA58N) AppleWebKit/537.36 (KHTML, like Gecko) Chrome/68.0.3440.106 Mobile Safari/537.36]
[2019-02-25T20:03:01.194] [INFO] default - [::1 GET / 200 5ms][http://localhost:3000/ HTTP/1.1 Mozilla/5.0 (Linux; Android 6.0; Nexus 5 Build/MRA58N) AppleWebKit/537.36 (KHTML, like Gecko) Chrome/68.0.3440.106 Mobile Safari/537.36]
[2019-02-25T20:03:04.359] [INFO] default - [::1 GET /layui/css/modules/layer/default/icon.png 200 11ms][http://localhost:3000/layui/css/modules/layer/default/layer.css?v=3.1.1 HTTP/1.1 Mozilla/5.0 (Linux; Android 6.0; Nexus 5 Build/MRA58N) AppleWebKit/537.36 (KHTML, like Gecko) Chrome/68.0.3440.106 Mobile Safari/537.36]
[2019-02-25T20:03:05.333] [INFO] default - [::1 POST /logout 200 2ms][http://localhost:3000/ HTTP/1.1 Mozilla/5.0 (Linux; Android 6.0; Nexus 5 Build/MRA58N) AppleWebKit/537.36 (KHTML, like Gecko) Chrome/68.0.3440.106 Mobile Safari/537.36]
[2019-02-25T20:03:05.356] [INFO] default - [::1 GET / 200 4ms][http://localhost:3000/ HTTP/1.1 Mozilla/5.0 (Linux; Android 6.0; Nexus 5 Build/MRA58N) AppleWebKit/537.36 (KHTML, like Gecko) Chrome/68.0.3440.106 Mobile Safari/537.36]
[2019-02-25T20:03:05.381] [INFO] default - [::1 GET /css/style.css 200 3ms][http://localhost:3000/ HTTP/1.1 Mozilla/5.0 (Linux; Android 6.0; Nexus 5 Build/MRA58N) AppleWebKit/537.36 (KHTML, like Gecko) Chrome/68.0.3440.106 Mobile Safari/537.36]
[2019-02-25T20:03:05.385] [INFO] default - [::1 GET /js/index.js 200 3ms][http://localhost:3000/ HTTP/1.1 Mozilla/5.0 (Linux; Android 6.0; Nexus 5 Build/MRA58N) AppleWebKit/537.36 (KHTML, like Gecko) Chrome/68.0.3440.106 Mobile Safari/537.36]
[2019-02-25T20:03:05.387] [INFO] default - [::1 GET /js/jquery.min.js 200 8ms][http://localhost:3000/ HTTP/1.1 Mozilla/5.0 (Linux; Android 6.0; Nexus 5 Build/MRA58N) AppleWebKit/537.36 (KHTML, like Gecko) Chrome/68.0.3440.106 Mobile Safari/537.36]
[2019-02-25T20:03:05.413] [INFO] default - [::1 GET /slider-2.jpg 200 9ms][http://localhost:3000/css/style.css HTTP/1.1 Mozilla/5.0 (Linux; Android 6.0; Nexus 5 Build/MRA58N) AppleWebKit/537.36 (KHTML, like Gecko) Chrome/68.0.3440.106 Mobile Safari/537.36]
[2019-02-25T20:03:05.465] [INFO] default - [::1 GET /js/jquery.min.map 404 2ms][ HTTP/1.1 Mozilla/5.0 (Linux; Android 6.0; Nexus 5 Build/MRA58N) AppleWebKit/537.36 (KHTML, like Gecko) Chrome/68.0.3440.106 Mobile Safari/537.36]
