[2019-02-25T19:38:49.693] [INFO] httpclires - [login][POST][200]: { code: 200,
  msg: null,
  data: 'eyJhcHBLZXkiOiI1ZTYwYjdhNi1kZGQ5LTRhOTctYThhMy1hMzE3OGJkYjYwMDQiLCJhdXRoSW5mbyI6ImV5SmhiR2NpT2lKUVV6STFOaUo5LmV5SmhZMk5sYzNOZmRHOXJaVzRpT2lJNE5qQXpNR1U0TWkxaFpXTmpMVFF6TXpVdE9UTmtZeTAzWkdFek5UVmxOak14WVdNaUxDSnpkV0lpT2lKbExXTnZiVzFsY21ObElpd2laR0YwWVhNaU9pSTNOMlE1WVRSaE5ESmxNV0kyTWpVMU1HUTBZekU1TXpNNFltUm1NMlZtTXlJc0ltVjRjQ0k2TVRVMU1URXlORGN5T0gwLkpVQXFldXRlV05YckxGQlA2Mk5rdGtueWVsNDV4TjB6NWNwZlQxTDNiaEdsNF9hTjNNM1BuS3ByTTFudzNwRFBHRmNZUlc5ejhzZFduYUVQTnFQMGtCcHpnanI3aUZLVWljdjQ2dVZEVEZmWlhKYlEtYmNNUk52eUpNbFlhSGFCOUN1ZVNCMVRRQ3NrSUxaQ1FESzdsM0NxUkJGdGVlUW9PeTdCaHhGZ2hKYyIsIm9yZ0lkIjoiIn0=' }
[2019-02-25T19:38:54.421] [INFO] httpclires - [login][POST][200]: { code: 200,
  msg: null,
  data: 'eyJhcHBLZXkiOiI1ZTYwYjdhNi1kZGQ5LTRhOTctYThhMy1hMzE3OGJkYjYwMDQiLCJhdXRoSW5mbyI6ImV5SmhiR2NpT2lKUVV6STFOaUo5LmV5SmhZMk5sYzNOZmRHOXJaVzRpT2lKbVptRXhZbU5pT0MxbU56STFMVFJrWkRFdFlqVXhaUzFsWTJWbU5UbGtZelExWTJVaUxDSnpkV0lpT2lKbExXTnZiVzFsY21ObElpd2laR0YwWVhNaU9pSTNOMlE1WVRSaE5ESmxNV0kyTWpVMU1HUTBZekU1TXpNNFltUm1NMlZtTXlJc0ltVjRjQ0k2TVRVMU1URXlORGN6TW4wLkhBVElTc3ZmZXppWjlhWUtvbUlSdVI1N3AxYWJTQThvaU8yU0hmc042WFlkZjBsbW1tc2llZVh0Qk9oaS1la0pNM1ZFckRaT1BXU3Nyc3QxUU5OYWphRVRDR25EdVF6U2ZwcTlqMGFhMUUxV0h5NXRYZi1PV1NaMjkxM0pMeU9fQVRlNnBFWi1qRXN5cDhjUHJPbHN5bnBncC1aRU1SMkEyalBpOGJ2WlpzVSIsIm9yZ0lkIjoiIn0=' }
[2019-02-25T19:38:54.844] [INFO] httpclires - [Project/Query?token=eyJhcHBLZXkiOiI1ZTYwYjdhNi1kZGQ5LTRhOTctYThhMy1hMzE3OGJkYjYwMDQiLCJhdXRoSW5mbyI6ImV5SmhiR2NpT2lKUVV6STFOaUo5LmV5SmhZMk5sYzNOZmRHOXJaVzRpT2lKbVptRXhZbU5pT0MxbU56STFMVFJrWkRFdFlqVXhaUzFsWTJWbU5UbGtZelExWTJVaUxDSnpkV0lpT2lKbExXTnZiVzFsY21ObElpd2laR0YwWVhNaU9pSTNOMlE1WVRSaE5ESmxNV0kyTWpVMU1HUTBZekU1TXpNNFltUm1NMlZtTXlJc0ltVjRjQ0k2TVRVMU1URXlORGN6TW4wLkhBVElTc3ZmZXppWjlhWUtvbUlSdVI1N3AxYWJTQThvaU8yU0hmc042WFlkZjBsbW1tc2llZVh0Qk9oaS1la0pNM1ZFckRaT1BXU3Nyc3QxUU5OYWphRVRDR25EdVF6U2ZwcTlqMGFhMUUxV0h5NXRYZi1PV1NaMjkxM0pMeU9fQVRlNnBFWi1qRXN5cDhjUHJPbHN5bnBncC1aRU1SMkEyalBpOGJ2WlpzVSIsIm9yZ0lkIjoiIn0=][POST][200]: { code: 200,
  msg: null,
  data: 
   [ { ID: 1,
       Name: '和包支付',
       Code: 'FL01',
       Disabled: false,
       CreatedTime: '/Date(-62135596800000)/',
       SequenceNumber: 0,
       Idclass: null,
       ProjectClass: null,
       class: null,
       IdMarketingOrgan: null,
       MarketingOrgan: null,
       WeakTypeDtoName: null,
       DtoClassName: 'Ufida.T.AA.DTO.ProjectDTO',
       IsWeakType: false,
       AliName: 'ProjectDTO',
       Status: 0,
       EnableHasChanged: false,
       ChangedProperty: [],
       DynamicPropertyKeys: [],
       DynamicPropertyValues: [],
       DeleteID: 1,
       Updated: '/Date(1551094733265)/',
       UpdatedBy: null,
       InnerSearchLevel: 0,
       RecordChange: true,
       InnerPropInParentRecure: null,
       Ts: null,
       CaseSensitive: false,
       RecordDynamicNullValue: false,
       data: null } ] }
[2019-02-25T19:38:55.213] [INFO] httpclires - [login][POST][200]: { code: 200,
  msg: null,
  data: 'eyJhcHBLZXkiOiI1ZTYwYjdhNi1kZGQ5LTRhOTctYThhMy1hMzE3OGJkYjYwMDQiLCJhdXRoSW5mbyI6ImV5SmhiR2NpT2lKUVV6STFOaUo5LmV5SmhZMk5sYzNOZmRHOXJaVzRpT2lKa1lXRTFOR05oWVMwNE0ySTNMVFJpTWpjdFlUbGpOaTB5Tnprek9URTVNVEl3TVRBaUxDSnpkV0lpT2lKbExXTnZiVzFsY21ObElpd2laR0YwWVhNaU9pSTNOMlE1WVRSaE5ESmxNV0kyTWpVMU1HUTBZekU1TXpNNFltUm1NMlZtTXlJc0ltVjRjQ0k2TVRVMU1URXlORGN6TTMwLlZFdF9jamRuN29vblBVbThEQUVqc2xhZ3JQeGk2NzBkMUNnSGRGekZQWkJEMExlS3JLUkl4VmNnaG9VRmppQUtJUktKdzF1Z2p4OGdXZTdsa084RzI1VHd3RTVFUU8wN0RwZ2NBeTJneFRJSnFpeERtZjRJQWNUNUlfbkgtWXVoQ1JpdVRTYXJZVlVhMUNGMWgyY0Jfby1PNHlvVWtNeG84eE1qRjFwVkNNNCIsIm9yZ0lkIjoiIn0=' }
[2019-02-25T19:38:55.415] [INFO] httpclires - [login][POST][200]: { code: 200,
  msg: null,
  data: 'eyJhcHBLZXkiOiI1ZTYwYjdhNi1kZGQ5LTRhOTctYThhMy1hMzE3OGJkYjYwMDQiLCJhdXRoSW5mbyI6ImV5SmhiR2NpT2lKUVV6STFOaUo5LmV5SmhZMk5sYzNOZmRHOXJaVzRpT2lKalkyTXhaVE01WXkwM05HRmxMVFJtTkdVdE9ETXdOeTFsT0dZeU5tUTVabU5sTUdZaUxDSnpkV0lpT2lKbExXTnZiVzFsY21ObElpd2laR0YwWVhNaU9pSTNOMlE1WVRSaE5ESmxNV0kyTWpVMU1HUTBZekU1TXpNNFltUm1NMlZtTXlJc0ltVjRjQ0k2TVRVMU1URXlORGN6TTMwLk1ybGl0cXdHSzZTNElhSTJBYThwNlQ2aTJqN1pEN2xLUFJmV2JSMTRWRTBsbXQwZEZaZm9XaFg2NGZFVnRtb05qbmtjbFhHekEzYm5HbEhlOFVWUTNLcnRGY05zTXV1ZlVORFA0b3RUVGZjX0I4dFdRZGp5YVRxV09NQjBQZ1JaZjc0WDFScTBBT1EySVVBd0hNS3d3UUxnaXdRVjBGcXh5RlNMZG9sb0ZGSSIsIm9yZ0lkIjoiIn0=' }
[2019-02-25T19:38:55.638] [INFO] httpclires - [login][POST][200]: { code: 200,
  msg: null,
  data: 'eyJhcHBLZXkiOiI1ZTYwYjdhNi1kZGQ5LTRhOTctYThhMy1hMzE3OGJkYjYwMDQiLCJhdXRoSW5mbyI6ImV5SmhiR2NpT2lKUVV6STFOaUo5LmV5SmhZMk5sYzNOZmRHOXJaVzRpT2lJd1lqa3pNelUyWmkwMllUUTBMVFF3T0RZdE9EQmhZaTFoWkRVeU5tWmpOR014TnpZaUxDSnpkV0lpT2lKbExXTnZiVzFsY21ObElpd2laR0YwWVhNaU9pSTNOMlE1WVRSaE5ESmxNV0kyTWpVMU1HUTBZekU1TXpNNFltUm1NMlZtTXlJc0ltVjRjQ0k2TVRVMU1URXlORGN6TkgwLmVveHhNVTN4U2hJc3F1bGE0eE0yX1VxUDF2bXI5WjVmWnVNZERHU3FYMEVRTGE3R0drNmpKNGpvZS10dlhrR193VXBJRG8tVjVTeEhiaDhENmNpbnh0a1NVeXVXVG0taS1zNTJfOXJsZjdtamFmYndzOEs1dmp3Z2Q3RWZDMnRST2IwRzUwMDBXV012bm5oY1RvZm9xUk0tZmtHUXUyeVhlOXR1YVdwaGVZWSIsIm9yZ0lkIjoiIn0=' }
[2019-02-25T19:38:56.125] [INFO] httpclires - [warehouse/Query?token=eyJhcHBLZXkiOiI1ZTYwYjdhNi1kZGQ5LTRhOTctYThhMy1hMzE3OGJkYjYwMDQiLCJhdXRoSW5mbyI6ImV5SmhiR2NpT2lKUVV6STFOaUo5LmV5SmhZMk5sYzNOZmRHOXJaVzRpT2lKa1lXRTFOR05oWVMwNE0ySTNMVFJpTWpjdFlUbGpOaTB5Tnprek9URTVNVEl3TVRBaUxDSnpkV0lpT2lKbExXTnZiVzFsY21ObElpd2laR0YwWVhNaU9pSTNOMlE1WVRSaE5ESmxNV0kyTWpVMU1HUTBZekU1TXpNNFltUm1NMlZtTXlJc0ltVjRjQ0k2TVRVMU1URXlORGN6TTMwLlZFdF9jamRuN29vblBVbThEQUVqc2xhZ3JQeGk2NzBkMUNnSGRGekZQWkJEMExlS3JLUkl4VmNnaG9VRmppQUtJUktKdzF1Z2p4OGdXZTdsa084RzI1VHd3RTVFUU8wN0RwZ2NBeTJneFRJSnFpeERtZjRJQWNUNUlfbkgtWXVoQ1JpdVRTYXJZVlVhMUNGMWgyY0Jfby1PNHlvVWtNeG84eE1qRjFwVkNNNCIsIm9yZ0lkIjoiIn0=][POST][200]: { code: 200,
  msg: null,
  data: 
   [ { Code: '001', Name: '总仓' },
     { Code: '002', Name: '播州区龙坑镇勇飞社区服务站(KF)' },
     { Code: '003', Name: '播州区尚嵇镇手机卖场' },
     { Code: '004', Name: '播州区南白镇诚讯电子手机卖场(KF)' },
     { Code: '005', Name: '播州区尚嵇镇铝业大道鑫杰手机卖场' },
     { Code: '006', Name: '赤水县楠桥路授权代理店(KF)' },
     { Code: '007', Name: '赤水县五星路讯捷手机卖场' },
     { Code: '008', Name: '道真县玉溪镇尹珍路授权代理店WB' },
     { Code: '009', Name: '凤冈县环南路银佳引商入柜特许营业厅' },
     { Code: '010', Name: '红花岗中华北路飞利达引商入柜特许营业厅' },
     { Code: '011', Name: '红花岗区大兴路诚讯手机卖场' },
     { Code: '012', Name: '汇川区厦门路星运通手机专卖店' },
     { Code: '013', Name: '汇川区深圳路荣鑫电子社区服务站' },
     { Code: '014', Name: '汇川区高桥镇西安路天成手机卖场' },
     { Code: '015', Name: '汇川区南京路体育馆手机专卖店(KF)' },
     { Code: '016', Name: '汇川区人民路授权代理店' },
     { Code: '017', Name: '湄潭县湄江镇兴湄北路自办营业厅' },
     { Code: '018', Name: '仁怀县国酒大道政府路口飞利达引商入柜特许营业厅' },
     { Code: '019', Name: '仁怀县国酒中路诚讯手机卖场' },
     { Code: '020', Name: '仁怀县国酒南路诚讯二分店手机专卖店（KF)' },
     { Code: '021', Name: '绥阳县洋川镇县医院手机卖场' },
     { Code: '022', Name: '绥阳县洋川镇邮政手机专卖店(KF)' },
     { Code: '023', Name: '务川县都濡镇丹砂园社区服务站' },
     { Code: '024', Name: '务川县民族路立信隆引商入柜' },
     { Code: '025', Name: '务川县翼源科技手机专卖店' },
     { Code: '026', Name: '习水县矿中西路飞利达引商入柜特许营业厅' },
     { Code: '027', Name: '新蒲新区强强手机专卖店' },
     { Code: '028', Name: '新蒲新区新舟易购通讯手机专卖店' },
     { Code: '029', Name: '新蒲区林达阳光城正阳手机专卖店' },
     { Code: '030', Name: '余庆县桂花路茂华盛引商入柜特许营业厅' },
     { Code: '031', Name: '正安县文化路文体中心诚讯手机专卖店' },
     { Code: '032', Name: '红花岗区云马手机卖场(KF)' },
     { Code: '033', Name: '红花岗区东联线讯达手机卖场' },
     { Code: '034', Name: '贵州省遵义市红花岗区北京路88楼下' },
     { Code: '035', Name: '红花岗区深溪镇中兴街手机专卖店（KF）' },
     { Code: '036', Name: '汇川区澳门路飞利达引商入柜特许营业厅' },
     { Code: '037', Name: '汇川区澳门路银佳引商入柜特许营业厅' } ] }
[2019-02-25T19:38:56.278] [INFO] httpclires - [person/Query?token=eyJhcHBLZXkiOiI1ZTYwYjdhNi1kZGQ5LTRhOTctYThhMy1hMzE3OGJkYjYwMDQiLCJhdXRoSW5mbyI6ImV5SmhiR2NpT2lKUVV6STFOaUo5LmV5SmhZMk5sYzNOZmRHOXJaVzRpT2lKalkyTXhaVE01WXkwM05HRmxMVFJtTkdVdE9ETXdOeTFsT0dZeU5tUTVabU5sTUdZaUxDSnpkV0lpT2lKbExXTnZiVzFsY21ObElpd2laR0YwWVhNaU9pSTNOMlE1WVRSaE5ESmxNV0kyTWpVMU1HUTBZekU1TXpNNFltUm1NMlZtTXlJc0ltVjRjQ0k2TVRVMU1URXlORGN6TTMwLk1ybGl0cXdHSzZTNElhSTJBYThwNlQ2aTJqN1pEN2xLUFJmV2JSMTRWRTBsbXQwZEZaZm9XaFg2NGZFVnRtb05qbmtjbFhHekEzYm5HbEhlOFVWUTNLcnRGY05zTXV1ZlVORFA0b3RUVGZjX0I4dFdRZGp5YVRxV09NQjBQZ1JaZjc0WDFScTBBT1EySVVBd0hNS3d3UUxnaXdRVjBGcXh5RlNMZG9sb0ZGSSIsIm9yZ0lkIjoiIn0=][POST][200]: { code: 200, msg: null, data: [] }
[2019-02-25T19:38:56.824] [INFO] httpclires - [inventory/Query?token=eyJhcHBLZXkiOiI1ZTYwYjdhNi1kZGQ5LTRhOTctYThhMy1hMzE3OGJkYjYwMDQiLCJhdXRoSW5mbyI6ImV5SmhiR2NpT2lKUVV6STFOaUo5LmV5SmhZMk5sYzNOZmRHOXJaVzRpT2lJd1lqa3pNelUyWmkwMllUUTBMVFF3T0RZdE9EQmhZaTFoWkRVeU5tWmpOR014TnpZaUxDSnpkV0lpT2lKbExXTnZiVzFsY21ObElpd2laR0YwWVhNaU9pSTNOMlE1WVRSaE5ESmxNV0kyTWpVMU1HUTBZekU1TXpNNFltUm1NMlZtTXlJc0ltVjRjQ0k2TVRVMU1URXlORGN6TkgwLmVveHhNVTN4U2hJc3F1bGE0eE0yX1VxUDF2bXI5WjVmWnVNZERHU3FYMEVRTGE3R0drNmpKNGpvZS10dlhrR193VXBJRG8tVjVTeEhiaDhENmNpbnh0a1NVeXVXVG0taS1zNTJfOXJsZjdtamFmYndzOEs1dmp3Z2Q3RWZDMnRST2IwRzUwMDBXV012bm5oY1RvZm9xUk0tZmtHUXUyeVhlOXR1YVdwaGVZWSIsIm9yZ0lkIjoiIn0=][POST][200]: { code: 200,
  msg: null,
  data: 
   [ { Code: '0001002',
       Name: '2080g奇强A3+冷水洗衣粉',
       Shorthand: '2080gQQA3+LSXYF',
       Specification: '1*6',
       DefaultBarCode: '6907917011898',
       Disabled: 'False',
       IsPurchase: 'True',
       IsSale: 'True',
       IsMadeSelf: 'False',
       IsMaterial: 'False',
       IsSuite: 'False',
       IsLaborCost: 'False',
       Unit: [Object],
       UnitBySale: [Object],
       UnitByRetail: [Object],
       UnitByPurchase: [Object],
       UnitByStock: [Object],
       UnitByManufacture: [Object],
       InventoryClass: [Object],
       ProductInfo: null },
     { Code: '0001003',
       Name: '200g*5奇强加香肥皂',
       Shorthand: '200g*5QQJXFZ',
       Specification: '1*6',
       DefaultBarCode: '6907917131749',
       Disabled: 'False',
       IsPurchase: 'True',
       IsSale: 'True',
       IsMadeSelf: 'False',
       IsMaterial: 'False',
       IsSuite: 'False',
       IsLaborCost: 'False',
       Unit: [Object],
       UnitBySale: [Object],
       UnitByRetail: [Object],
       UnitByPurchase: [Object],
       UnitByStock: [Object],
       UnitByManufacture: [Object],
       InventoryClass: [Object],
       ProductInfo: null },
     { Code: '0001004',
       Name: '2000g奇强柠檬洗洁精',
       Shorthand: '2000gQQNMXJJ',
       Specification: '1*8',
       DefaultBarCode: '6907917121689',
       Disabled: 'False',
       IsPurchase: 'True',
       IsSale: 'True',
       IsMadeSelf: 'False',
       IsMaterial: 'False',
       IsSuite: 'False',
       IsLaborCost: 'False',
       Unit: [Object],
       UnitBySale: [Object],
       UnitByRetail: [Object],
       UnitByPurchase: [Object],
       UnitByStock: [Object],
       UnitByManufacture: [Object],
       InventoryClass: [Object],
       ProductInfo: null },
     { Code: '0001005',
       Name: '2000g+1800g奇强套装洗衣液',
       Shorthand: '2000g+1800gQQTZXYY',
       Specification: '1*3',
       DefaultBarCode: '',
       Disabled: 'False',
       IsPurchase: 'True',
       IsSale: 'True',
       IsMadeSelf: 'False',
       IsMaterial: 'False',
       IsSuite: 'False',
       IsLaborCost: 'False',
       Unit: [Object],
       UnitBySale: [Object],
       UnitByRetail: [Object],
       UnitByPurchase: [Object],
       UnitByStock: [Object],
       UnitByManufacture: [Object],
       InventoryClass: [Object],
       ProductInfo: null },
     { Code: '0001006',
       Name: '500ml六神艾叶抑菌洗手液（清爽型）',
       Shorthand: '500mlLSAYYJXSY（QSX）',
       Specification: '1*12',
       DefaultBarCode: '6901294200203',
       Disabled: 'False',
       IsPurchase: 'True',
       IsSale: 'True',
       IsMadeSelf: 'False',
       IsMaterial: 'False',
       IsSuite: 'False',
       IsLaborCost: 'False',
       Unit: [Object],
       UnitBySale: [Object],
       UnitByRetail: [Object],
       UnitByPurchase: [Object],
       UnitByStock: [Object],
       UnitByManufacture: [Object],
       InventoryClass: [Object],
       ProductInfo: null },
     { Code: '0001007',
       Name: '450ml六神清透凉爽沐浴露（金桔+柠檬）',
       Shorthand: '450mlLSQTLSMYL（JJ+NM）',
       Specification: '1*20',
       DefaultBarCode: '6901294201378',
       Disabled: 'False',
       IsPurchase: 'True',
       IsSale: 'True',
       IsMadeSelf: 'False',
       IsMaterial: 'False',
       IsSuite: 'False',
       IsLaborCost: 'False',
       Unit: [Object],
       UnitBySale: [Object],
       UnitByRetail: [Object],
       UnitByPurchase: [Object],
       UnitByStock: [Object],
       UnitByManufacture: [Object],
       InventoryClass: [Object],
       ProductInfo: null },
     { Code: '0001009',
       Name: '400ml好迪活力去屑  清爽控油 男士',
       Shorthand: '400mlHDHLQX  QSKY NS',
       Specification: '1*24',
       DefaultBarCode: '6907435672458',
       Disabled: 'False',
       IsPurchase: 'True',
       IsSale: 'True',
       IsMadeSelf: 'False',
       IsMaterial: 'False',
       IsSuite: 'False',
       IsLaborCost: 'False',
       Unit: [Object],
       UnitBySale: [Object],
       UnitByRetail: [Object],
       UnitByPurchase: [Object],
       UnitByStock: [Object],
       UnitByManufacture: [Object],
       InventoryClass: [Object],
       ProductInfo: null },
     { Code: '0001008',
       Name: '雨娇：115生态10连包抽纸',
       Shorthand: 'YJ：115ST10LBCZ',
       Specification: '1*10*10',
       DefaultBarCode: '6940790503227',
       Disabled: 'False',
       IsPurchase: 'True',
       IsSale: 'True',
       IsMadeSelf: 'False',
       IsMaterial: 'False',
       IsSuite: 'False',
       IsLaborCost: 'False',
       Unit: [Object],
       UnitBySale: [Object],
       UnitByRetail: [Object],
       UnitByPurchase: [Object],
       UnitByStock: [Object],
       UnitByManufacture: [Object],
       InventoryClass: [Object],
       ProductInfo: null },
     { Code: '0001010',
       Name: '750ml好迪活力去屑洗发露 营养滋润（深蓝）',
       Shorthand: '750mlHDHLQXXFL YYZR（SL）',
       Specification: '1*16',
       DefaultBarCode: '6907435672472',
       Disabled: 'False',
       IsPurchase: 'True',
       IsSale: 'True',
       IsMadeSelf: 'False',
       IsMaterial: 'False',
       IsSuite: 'False',
       IsLaborCost: 'False',
       Unit: [Object],
       UnitBySale: [Object],
       UnitByRetail: [Object],
       UnitByPurchase: [Object],
       UnitByStock: [Object],
       UnitByManufacture: [Object],
       InventoryClass: [Object],
       ProductInfo: null },
     { Code: '0001011',
       Name: '400ml好迪柔亮柔顺洗发水 倍直垂顺（浅蓝）新',
       Shorthand: '400mlHDRLRSXFS BZCS（QL）X',
       Specification: '1*24',
       DefaultBarCode: '6907435669144',
       Disabled: 'False',
       IsPurchase: 'True',
       IsSale: 'True',
       IsMadeSelf: 'False',
       IsMaterial: 'False',
       IsSuite: 'False',
       IsLaborCost: 'False',
       Unit: [Object],
       UnitBySale: [Object],
       UnitByRetail: [Object],
       UnitByPurchase: [Object],
       UnitByStock: [Object],
       UnitByManufacture: [Object],
       InventoryClass: [Object],
       ProductInfo: null },
     { Code: '0002001',
       Name: '原味纯香菜籽油2L',
       Shorthand: 'YWCXCZY2L',
       Specification: '2L',
       DefaultBarCode: '6926650500100',
       Disabled: 'False',
       IsPurchase: 'True',
       IsSale: 'True',
       IsMadeSelf: 'False',
       IsMaterial: 'False',
       IsSuite: 'False',
       IsLaborCost: 'False',
       Unit: [Object],
       UnitBySale: [Object],
       UnitByRetail: [Object],
       UnitByPurchase: [Object],
       UnitByStock: [Object],
       UnitByManufacture: [Object],
       InventoryClass: [Object],
       ProductInfo: null },
     { Code: '0002002',
       Name: '传统浓香菜籽油2L',
       Shorthand: 'CTNXCZY2L',
       Specification: '2L',
       DefaultBarCode: '6926650500018',
       Disabled: 'False',
       IsPurchase: 'True',
       IsSale: 'True',
       IsMadeSelf: 'False',
       IsMaterial: 'False',
       IsSuite: 'False',
       IsLaborCost: 'False',
       Unit: [Object],
       UnitBySale: [Object],
       UnitByRetail: [Object],
       UnitByPurchase: [Object],
       UnitByStock: [Object],
       UnitByManufacture: [Object],
       InventoryClass: [Object],
       ProductInfo: null },
     { Code: '0002003',
       Name: '原味纯香菜籽油4L',
       Shorthand: 'YWCXCZY4L',
       Specification: '4L',
       DefaultBarCode: '6926650500148',
       Disabled: 'False',
       IsPurchase: 'True',
       IsSale: 'True',
       IsMadeSelf: 'False',
       IsMaterial: 'False',
       IsSuite: 'False',
       IsLaborCost: 'False',
       Unit: [Object],
       UnitBySale: [Object],
       UnitByRetail: [Object],
       UnitByPurchase: [Object],
       UnitByStock: [Object],
       UnitByManufacture: [Object],
       InventoryClass: [Object],
       ProductInfo: null },
     { Code: '0002004',
       Name: '传统浓香菜籽油4L',
       Shorthand: 'CTNXCZY4L',
       Specification: '4L',
       DefaultBarCode: '6926650500032',
       Disabled: 'False',
       IsPurchase: 'True',
       IsSale: 'True',
       IsMadeSelf: 'False',
       IsMaterial: 'False',
       IsSuite: 'False',
       IsLaborCost: 'False',
       Unit: [Object],
       UnitBySale: [Object],
       UnitByRetail: [Object],
       UnitByPurchase: [Object],
       UnitByStock: [Object],
       UnitByManufacture: [Object],
       InventoryClass: [Object],
       ProductInfo: null },
     { Code: '0002005',
       Name: '九吉香菜籽油',
       Shorthand: 'JJXCZY',
       Specification: '5L',
       DefaultBarCode: '6926650500421',
       Disabled: 'False',
       IsPurchase: 'True',
       IsSale: 'True',
       IsMadeSelf: 'False',
       IsMaterial: 'False',
       IsSuite: 'False',
       IsLaborCost: 'False',
       Unit: [Object],
       UnitBySale: [Object],
       UnitByRetail: [Object],
       UnitByPurchase: [Object],
       UnitByStock: [Object],
       UnitByManufacture: [Object],
       InventoryClass: [Object],
       ProductInfo: null },
     { Code: '0002006',
       Name: '九吉纯菜籽油',
       Shorthand: 'JJCCZY',
       Specification: '5L',
       DefaultBarCode: '6926650500438',
       Disabled: 'False',
       IsPurchase: 'True',
       IsSale: 'True',
       IsMadeSelf: 'False',
       IsMaterial: 'False',
       IsSuite: 'False',
       IsLaborCost: 'False',
       Unit: [Object],
       UnitBySale: [Object],
       UnitByRetail: [Object],
       UnitByPurchase: [Object],
       UnitByStock: [Object],
       UnitByManufacture: [Object],
       InventoryClass: [Object],
       ProductInfo: null },
     { Code: '0002007',
       Name: '风味豆豉辣椒',
       Shorthand: 'FWDCLJ',
       Specification: '280',
       DefaultBarCode: '6937454800037',
       Disabled: 'False',
       IsPurchase: 'True',
       IsSale: 'True',
       IsMadeSelf: 'False',
       IsMaterial: 'False',
       IsSuite: 'False',
       IsLaborCost: 'False',
       Unit: [Object],
       UnitBySale: [Object],
       UnitByRetail: [Object],
       UnitByPurchase: [Object],
       UnitByStock: [Object],
       UnitByManufacture: [Object],
       InventoryClass: [Object],
       ProductInfo: null },
     { Code: '0002008',
       Name: '蒜香油辣椒',
       Shorthand: 'SXYLJ',
       Specification: '280',
       DefaultBarCode: '6937454800020',
       Disabled: 'False',
       IsPurchase: 'True',
       IsSale: 'True',
       IsMadeSelf: 'False',
       IsMaterial: 'False',
       IsSuite: 'False',
       IsLaborCost: 'False',
       Unit: [Object],
       UnitBySale: [Object],
       UnitByRetail: [Object],
       UnitByPurchase: [Object],
       UnitByStock: [Object],
       UnitByManufacture: [Object],
       InventoryClass: [Object],
       ProductInfo: null },
     { Code: '0002009',
       Name: '去骨鸡辣椒',
       Shorthand: 'QGJLJ',
       Specification: '200',
       DefaultBarCode: '6937454800051',
       Disabled: 'False',
       IsPurchase: 'True',
       IsSale: 'True',
       IsMadeSelf: 'False',
       IsMaterial: 'False',
       IsSuite: 'False',
       IsLaborCost: 'False',
       Unit: [Object],
       UnitBySale: [Object],
       UnitByRetail: [Object],
       UnitByPurchase: [Object],
       UnitByStock: [Object],
       UnitByManufacture: [Object],
       InventoryClass: [Object],
       ProductInfo: null },
     { Code: '0002010',
       Name: '香辣牛肉酱',
       Shorthand: 'XLNRJ',
       Specification: '210',
       DefaultBarCode: '6937454800174',
       Disabled: 'False',
       IsPurchase: 'True',
       IsSale: 'True',
       IsMadeSelf: 'False',
       IsMaterial: 'False',
       IsSuite: 'False',
       IsLaborCost: 'False',
       Unit: [Object],
       UnitBySale: [Object],
       UnitByRetail: [Object],
       UnitByPurchase: [Object],
       UnitByStock: [Object],
       UnitByManufacture: [Object],
       InventoryClass: [Object],
       ProductInfo: null },
     { Code: '0002011',
       Name: '芝麻蒜香油辣椒',
       Shorthand: 'ZMSXYLJ',
       Specification: '200',
       DefaultBarCode: '6937454800082',
       Disabled: 'False',
       IsPurchase: 'True',
       IsSale: 'True',
       IsMadeSelf: 'False',
       IsMaterial: 'False',
       IsSuite: 'False',
       IsLaborCost: 'False',
       Unit: [Object],
       UnitBySale: [Object],
       UnitByRetail: [Object],
       UnitByPurchase: [Object],
       UnitByStock: [Object],
       UnitByManufacture: [Object],
       InventoryClass: [Object],
       ProductInfo: null },
     { Code: '0002012',
       Name: '潘祥记彩旗伴月礼',
       Shorthand: 'PXJCQBYL',
       Specification: '600g',
       DefaultBarCode: '',
       Disabled: 'False',
       IsPurchase: 'True',
       IsSale: 'True',
       IsMadeSelf: 'False',
       IsMaterial: 'False',
       IsSuite: 'False',
       IsLaborCost: 'False',
       Unit: [Object],
       UnitBySale: [Object],
       UnitByRetail: [Object],
       UnitByPurchase: [Object],
       UnitByStock: [Object],
       UnitByManufacture: [Object],
       InventoryClass: [Object],
       ProductInfo: null },
     { Code: '0002013',
       Name: '潘祥记轻舞飞扬',
       Shorthand: 'PXJQWFY',
       Specification: '480g',
       DefaultBarCode: '',
       Disabled: 'False',
       IsPurchase: 'True',
       IsSale: 'True',
       IsMadeSelf: 'False',
       IsMaterial: 'False',
       IsSuite: 'False',
       IsLaborCost: 'False',
       Unit: [Object],
       UnitBySale: [Object],
       UnitByRetail: [Object],
       UnitByPurchase: [Object],
       UnitByStock: [Object],
       UnitByManufacture: [Object],
       InventoryClass: [Object],
       ProductInfo: null },
     { Code: '0002014',
       Name: '潘祥记散装月饼',
       Shorthand: 'PXJSZYB',
       Specification: '1000g',
       DefaultBarCode: '',
       Disabled: 'False',
       IsPurchase: 'True',
       IsSale: 'True',
       IsMadeSelf: 'False',
       IsMaterial: 'False',
       IsSuite: 'False',
       IsLaborCost: 'False',
       Unit: [Object],
       UnitBySale: [Object],
       UnitByRetail: [Object],
       UnitByPurchase: [Object],
       UnitByStock: [Object],
       UnitByManufacture: [Object],
       InventoryClass: [Object],
       ProductInfo: null },
     { Code: '0002015',
       Name: '集味村思乡情',
       Shorthand: 'JWCSXQ',
       Specification: '430g',
       DefaultBarCode: '',
       Disabled: 'False',
       IsPurchase: 'True',
       IsSale: 'True',
       IsMadeSelf: 'False',
       IsMaterial: 'False',
       IsSuite: 'False',
       IsLaborCost: 'False',
       Unit: [Object],
       UnitBySale: [Object],
       UnitByRetail: [Object],
       UnitByPurchase: [Object],
       UnitByStock: [Object],
       UnitByManufacture: [Object],
       InventoryClass: [Object],
       ProductInfo: null },
     { Code: '0002016',
       Name: '六甲散装',
       Shorthand: 'LJSZ',
       Specification: '750g',
       DefaultBarCode: '',
       Disabled: 'False',
       IsPurchase: 'True',
       IsSale: 'True',
       IsMadeSelf: 'False',
       IsMaterial: 'False',
       IsSuite: 'False',
       IsLaborCost: 'False',
       Unit: [Object],
       UnitBySale: [Object],
       UnitByRetail: [Object],
       UnitByPurchase: [Object],
       UnitByStock: [Object],
       UnitByManufacture: [Object],
       InventoryClass: [Object],
       ProductInfo: null },
     { Code: '0001001',
       Name: '荷影丽人12卷 本色卫生纸卷纸',
       Shorthand: 'HYLR12J BSWSZJZ',
       Specification: '12卷',
       DefaultBarCode: '564565456uytr123i',
       Disabled: 'False',
       IsPurchase: 'True',
       IsSale: 'True',
       IsMadeSelf: 'False',
       IsMaterial: 'False',
       IsSuite: 'False',
       IsLaborCost: 'False',
       Unit: [Object],
       UnitBySale: [Object],
       UnitByRetail: [Object],
       UnitByPurchase: [Object],
       UnitByStock: [Object],
       UnitByManufacture: [Object],
       InventoryClass: [Object],
       ProductInfo: null } ] }
[2019-02-25T19:38:58.300] [INFO] httpclires - [login][POST][200]: { code: 200,
  msg: null,
  data: 'eyJhcHBLZXkiOiI1ZTYwYjdhNi1kZGQ5LTRhOTctYThhMy1hMzE3OGJkYjYwMDQiLCJhdXRoSW5mbyI6ImV5SmhiR2NpT2lKUVV6STFOaUo5LmV5SmhZMk5sYzNOZmRHOXJaVzRpT2lJMU5UUTNNR1V4TkMwNVlUWTFMVFJqWlRZdE9UUXdZeTB3T1dRMk16UXlNemhtWkRjaUxDSnpkV0lpT2lKbExXTnZiVzFsY21ObElpd2laR0YwWVhNaU9pSTNOMlE1WVRSaE5ESmxNV0kyTWpVMU1HUTBZekU1TXpNNFltUm1NMlZtTXlJc0ltVjRjQ0k2TVRVMU1URXlORGN6Tm4wLmNfNC1wbGRSUWxOTjE2c1FGcTBMZ1ZkbjhYcFBZVmZsR3FfaGdGOGpudnF0eExWTWFmVU1qWF96TFRfd2paWm9aMFNGeTVvblZxWklLcHk3eWtiSmVkWHJlVFZRN0ZHQW5fNHdtN1ZxcTByYzQwajEtd2VSdEcxUGVhOVAtSTZ5NzduamVkbW50OXdEZnVMMW45X2RlaWk2WHJlcjVGejFYeTNJNXAtSDhoRSIsIm9yZ0lkIjoiIn0=' }
[2019-02-25T19:38:58.362] [INFO] httpclires - [login][POST][200]: { code: 200,
  msg: null,
  data: 'eyJhcHBLZXkiOiI1ZTYwYjdhNi1kZGQ5LTRhOTctYThhMy1hMzE3OGJkYjYwMDQiLCJhdXRoSW5mbyI6ImV5SmhiR2NpT2lKUVV6STFOaUo5LmV5SmhZMk5sYzNOZmRHOXJaVzRpT2lJeE56Sm1NakV5TmkwM1pEQXpMVFE0TWpVdFlqazJZeTFoTURVeU1tUTFNRE15TjJNaUxDSnpkV0lpT2lKbExXTnZiVzFsY21ObElpd2laR0YwWVhNaU9pSTNOMlE1WVRSaE5ESmxNV0kyTWpVMU1HUTBZekU1TXpNNFltUm1NMlZtTXlJc0ltVjRjQ0k2TVRVMU1URXlORGN6Tm4wLmZjS1BKdlNJVFVYSTZvRWtzNG5KLWNpd2x2dVhlUmdWbnBCQVgyZEFNV3hmb3VySEZBUFNjNTdBYnJuNmZPUDJXU1BVMnVHaEsyRGYtNkZFaWZLc3k0UHZneng2Rm9UYXNDSko2eEVHWEhHWFNWdjNTOWZmbkFUMzFOV2d2dnJXTnppNi1hVDJLSUdrbDl2RDFTUmNrR3BVRG0yQlFJd0FZR2pmTWJ2cnBIayIsIm9yZ0lkIjoiIn0=' }
[2019-02-25T19:38:58.991] [INFO] httpclires - [currentStock/Query?token=eyJhcHBLZXkiOiI1ZTYwYjdhNi1kZGQ5LTRhOTctYThhMy1hMzE3OGJkYjYwMDQiLCJhdXRoSW5mbyI6ImV5SmhiR2NpT2lKUVV6STFOaUo5LmV5SmhZMk5sYzNOZmRHOXJaVzRpT2lJMU5UUTNNR1V4TkMwNVlUWTFMVFJqWlRZdE9UUXdZeTB3T1dRMk16UXlNemhtWkRjaUxDSnpkV0lpT2lKbExXTnZiVzFsY21ObElpd2laR0YwWVhNaU9pSTNOMlE1WVRSaE5ESmxNV0kyTWpVMU1HUTBZekU1TXpNNFltUm1NMlZtTXlJc0ltVjRjQ0k2TVRVMU1URXlORGN6Tm4wLmNfNC1wbGRSUWxOTjE2c1FGcTBMZ1ZkbjhYcFBZVmZsR3FfaGdGOGpudnF0eExWTWFmVU1qWF96TFRfd2paWm9aMFNGeTVvblZxWklLcHk3eWtiSmVkWHJlVFZRN0ZHQW5fNHdtN1ZxcTByYzQwajEtd2VSdEcxUGVhOVAtSTZ5NzduamVkbW50OXdEZnVMMW45X2RlaWk2WHJlcjVGejFYeTNJNXAtSDhoRSIsIm9yZ0lkIjoiIn0=][POST][200]: { code: 200, msg: null, data: [] }
[2019-02-25T19:39:04.436] [INFO] httpclires - [inventoryPrice/QueryInventoryPrice?token=eyJhcHBLZXkiOiI1ZTYwYjdhNi1kZGQ5LTRhOTctYThhMy1hMzE3OGJkYjYwMDQiLCJhdXRoSW5mbyI6ImV5SmhiR2NpT2lKUVV6STFOaUo5LmV5SmhZMk5sYzNOZmRHOXJaVzRpT2lJeE56Sm1NakV5TmkwM1pEQXpMVFE0TWpVdFlqazJZeTFoTURVeU1tUTFNRE15TjJNaUxDSnpkV0lpT2lKbExXTnZiVzFsY21ObElpd2laR0YwWVhNaU9pSTNOMlE1WVRSaE5ESmxNV0kyTWpVMU1HUTBZekU1TXpNNFltUm1NMlZtTXlJc0ltVjRjQ0k2TVRVMU1URXlORGN6Tm4wLmZjS1BKdlNJVFVYSTZvRWtzNG5KLWNpd2x2dVhlUmdWbnBCQVgyZEFNV3hmb3VySEZBUFNjNTdBYnJuNmZPUDJXU1BVMnVHaEsyRGYtNkZFaWZLc3k0UHZneng2Rm9UYXNDSko2eEVHWEhHWFNWdjNTOWZmbkFUMzFOV2d2dnJXTnppNi1hVDJLSUdrbDl2RDFTUmNrR3BVRG0yQlFJd0FZR2pmTWJ2cnBIayIsIm9yZ0lkIjoiIn0=][POST][200]: { code: 200,
  msg: null,
  data: 
   [ { RowID: 0,
       Inventory: [Object],
       Unit: [Object],
       Price: null,
       DiscountRate: null,
       DiscountPrice: 22,
       CashBackReturn: null,
       WithTax: true },
     { RowID: 0,
       Inventory: [Object],
       Unit: [Object],
       Price: null,
       DiscountRate: null,
       DiscountPrice: 14,
       CashBackReturn: null,
       WithTax: true },
     { RowID: 0,
       Inventory: [Object],
       Unit: [Object],
       Price: null,
       DiscountRate: null,
       DiscountPrice: 17,
       CashBackReturn: null,
       WithTax: true },
     { RowID: 0,
       Inventory: [Object],
       Unit: [Object],
       Price: null,
       DiscountRate: null,
       DiscountPrice: 50,
       CashBackReturn: null,
       WithTax: true },
     { RowID: 0,
       Inventory: [Object],
       Unit: [Object],
       Price: null,
       DiscountRate: null,
       DiscountPrice: 20,
       CashBackReturn: null,
       WithTax: true },
     { RowID: 0,
       Inventory: [Object],
       Unit: [Object],
       Price: null,
       DiscountRate: null,
       DiscountPrice: 24,
       CashBackReturn: null,
       WithTax: true },
     { RowID: 0,
       Inventory: [Object],
       Unit: [Object],
       Price: null,
       DiscountRate: null,
       DiscountPrice: 27,
       CashBackReturn: null,
       WithTax: true },
     { RowID: 0,
       Inventory: [Object],
       Unit: [Object],
       Price: null,
       DiscountRate: null,
       DiscountPrice: 17,
       CashBackReturn: null,
       WithTax: true },
     { RowID: 0,
       Inventory: [Object],
       Unit: [Object],
       Price: null,
       DiscountRate: null,
       DiscountPrice: 40,
       CashBackReturn: null,
       WithTax: true },
     { RowID: 0,
       Inventory: [Object],
       Unit: [Object],
       Price: null,
       DiscountRate: null,
       DiscountPrice: null,
       CashBackReturn: null,
       WithTax: true },
     { RowID: 0,
       Inventory: [Object],
       Unit: [Object],
       Price: null,
       DiscountRate: null,
       DiscountPrice: 30,
       CashBackReturn: null,
       WithTax: true },
     { RowID: 0,
       Inventory: [Object],
       Unit: [Object],
       Price: null,
       DiscountRate: null,
       DiscountPrice: 45,
       CashBackReturn: null,
       WithTax: true },
     { RowID: 0,
       Inventory: [Object],
       Unit: [Object],
       Price: null,
       DiscountRate: null,
       DiscountPrice: 55,
       CashBackReturn: null,
       WithTax: true },
     { RowID: 0,
       Inventory: [Object],
       Unit: [Object],
       Price: null,
       DiscountRate: null,
       DiscountPrice: 80,
       CashBackReturn: null,
       WithTax: true },
     { RowID: 0,
       Inventory: [Object],
       Unit: [Object],
       Price: null,
       DiscountRate: null,
       DiscountPrice: 70,
       CashBackReturn: null,
       WithTax: true },
     { RowID: 0,
       Inventory: [Object],
       Unit: [Object],
       Price: null,
       DiscountRate: null,
       DiscountPrice: 60,
       CashBackReturn: null,
       WithTax: true },
     { RowID: 0,
       Inventory: [Object],
       Unit: [Object],
       Price: null,
       DiscountRate: null,
       DiscountPrice: 8,
       CashBackReturn: null,
       WithTax: true },
     { RowID: 0,
       Inventory: [Object],
       Unit: [Object],
       Price: null,
       DiscountRate: null,
       DiscountPrice: 10,
       CashBackReturn: null,
       WithTax: true },
     { RowID: 0,
       Inventory: [Object],
       Unit: [Object],
       Price: null,
       DiscountRate: null,
       DiscountPrice: 10,
       CashBackReturn: null,
       WithTax: true },
     { RowID: 0,
       Inventory: [Object],
       Unit: [Object],
       Price: null,
       DiscountRate: null,
       DiscountPrice: 10,
       CashBackReturn: null,
       WithTax: true },
     { RowID: 0,
       Inventory: [Object],
       Unit: [Object],
       Price: null,
       DiscountRate: null,
       DiscountPrice: 20,
       CashBackReturn: null,
       WithTax: true },
     { RowID: 0,
       Inventory: [Object],
       Unit: [Object],
       Price: null,
       DiscountRate: null,
       DiscountPrice: 88,
       CashBackReturn: null,
       WithTax: true },
     { RowID: 0,
       Inventory: [Object],
       Unit: [Object],
       Price: null,
       DiscountRate: null,
       DiscountPrice: 79,
       CashBackReturn: null,
       WithTax: true },
     { RowID: 0,
       Inventory: [Object],
       Unit: [Object],
       Price: null,
       DiscountRate: null,
       DiscountPrice: 105,
       CashBackReturn: null,
       WithTax: true },
     { RowID: 0,
       Inventory: [Object],
       Unit: [Object],
       Price: null,
       DiscountRate: null,
       DiscountPrice: 42,
       CashBackReturn: null,
       WithTax: true },
     { RowID: 0,
       Inventory: [Object],
       Unit: [Object],
       Price: null,
       DiscountRate: null,
       DiscountPrice: 46,
       CashBackReturn: null,
       WithTax: true },
     { RowID: 0,
       Inventory: [Object],
       Unit: [Object],
       Price: null,
       DiscountRate: null,
       DiscountPrice: 15,
       CashBackReturn: null,
       WithTax: true } ] }
[2019-02-25T19:43:19.314] [INFO] httpclires - [login][POST][200]: { code: 200,
  msg: null,
  data: 'eyJhcHBLZXkiOiI1ZTYwYjdhNi1kZGQ5LTRhOTctYThhMy1hMzE3OGJkYjYwMDQiLCJhdXRoSW5mbyI6ImV5SmhiR2NpT2lKUVV6STFOaUo5LmV5SmhZMk5sYzNOZmRHOXJaVzRpT2lKaFptVmlaRGRrWWkxalpURTRMVFF4WkRjdE9ETmhZeTFoTm1Wa1lqUTFNamhrTTJJaUxDSnpkV0lpT2lKbExXTnZiVzFsY21ObElpd2laR0YwWVhNaU9pSTNOMlE1WVRSaE5ESmxNV0kyTWpVMU1HUTBZekU1TXpNNFltUm1NMlZtTXlJc0ltVjRjQ0k2TVRVMU1URXlORGs1TjMwLmRKMWU2clpfRUYxMHJZcUlMTFBuQ1pKa19LN2VUQU9zamYtUC03Q0JpblJlT1F2bHYyYTV1UWdBYTluRmxsRGd2OGc5a2o1cEJOOEh2ckxILWotcGJnaUlJOG1jOHpSaXhLNmUyQU9yZTVfNWJLbjZuT0RhVktsVHFNSUJNNk5xRC1Gc1g4Ty16TjQyb3RVU21HYTRHUzJOUWxGc2taUklUR1pWVXh2TjJpUSIsIm9yZ0lkIjoiIn0=' }
[2019-02-25T19:43:23.220] [INFO] httpclires - [login][POST][200]: { code: 200,
  msg: null,
  data: 'eyJhcHBLZXkiOiI1ZTYwYjdhNi1kZGQ5LTRhOTctYThhMy1hMzE3OGJkYjYwMDQiLCJhdXRoSW5mbyI6ImV5SmhiR2NpT2lKUVV6STFOaUo5LmV5SmhZMk5sYzNOZmRHOXJaVzRpT2lJM09UYzBPR0V5WVMwMk56WmpMVFJoT1RZdFlqUTFNQzAyWlRjNVpHTTNNamMzTXpJaUxDSnpkV0lpT2lKbExXTnZiVzFsY21ObElpd2laR0YwWVhNaU9pSTNOMlE1WVRSaE5ESmxNV0kyTWpVMU1HUTBZekU1TXpNNFltUm1NMlZtTXlJc0ltVjRjQ0k2TVRVMU1URXlOVEF3TVgwLmstZG4xUUdudnc2OW5QRi12SWIxb0k4TlQwaHY3ZWxlWTdFaHVHLVRnSm8zbWFGdEZ0YmNrckFSZXB2YzlqM1hGeFUyV0hkQmx5c0RtYklHY05sbmZnWC1TZi1CYXlhWkhlRnFhQ2JQdlBaWWZISlpRcXUtZFhTeHdfVjB1RVc5SUg2REhPc1dxQTdxT0txbHFwQmVXQlZtS25CVnpmR1JGc1FDQnhLVTRnSSIsIm9yZ0lkIjoiIn0=' }
[2019-02-25T19:43:23.416] [INFO] httpclires - [login][POST][200]: { code: 200,
  msg: null,
  data: 'eyJhcHBLZXkiOiI1ZTYwYjdhNi1kZGQ5LTRhOTctYThhMy1hMzE3OGJkYjYwMDQiLCJhdXRoSW5mbyI6ImV5SmhiR2NpT2lKUVV6STFOaUo5LmV5SmhZMk5sYzNOZmRHOXJaVzRpT2lKbVpUWTVabVl6TVMxallUQTRMVFF5TldVdE9UUTNOQzB5TWpNMk1UTTFNV1ppTkRFaUxDSnpkV0lpT2lKbExXTnZiVzFsY21ObElpd2laR0YwWVhNaU9pSTNOMlE1WVRSaE5ESmxNV0kyTWpVMU1HUTBZekU1TXpNNFltUm1NMlZtTXlJc0ltVjRjQ0k2TVRVMU1URXlOVEF3TVgwLkV1ZC1KUndUekFXMWxFbUkxOXZMT0Q5WWZRZlVFY1YzTmdRVjBlMmVReEUxQ1hLWE1tVXJFc3h0WkVEemRQNU5vaUpxTjQ5WE81Zy1HVU5wcnFEWHNhYW4xWnVGTG5zUzRvSW9YNXRLOGdpQ2tyWWRHNmh3Vm9PMnVaNGJZTU9HZjFLSWtjX2FFOUN0ZE42WGRIM1kwSFlidXdTT2hrUTBabmhkMUZmTEJ3USIsIm9yZ0lkIjoiIn0=' }
[2019-02-25T19:43:23.771] [INFO] httpclires - [login][POST][200]: { code: 200,
  msg: null,
  data: 'eyJhcHBLZXkiOiI1ZTYwYjdhNi1kZGQ5LTRhOTctYThhMy1hMzE3OGJkYjYwMDQiLCJhdXRoSW5mbyI6ImV5SmhiR2NpT2lKUVV6STFOaUo5LmV5SmhZMk5sYzNOZmRHOXJaVzRpT2lJeFpUUTJOamMxTnkwM04yVXhMVFJpTkRVdFlUZzBNUzAyTXpoaU9XUXpNekF6TnpZaUxDSnpkV0lpT2lKbExXTnZiVzFsY21ObElpd2laR0YwWVhNaU9pSTNOMlE1WVRSaE5ESmxNV0kyTWpVMU1HUTBZekU1TXpNNFltUm1NMlZtTXlJc0ltVjRjQ0k2TVRVMU1URXlOVEF3TW4wLlBzTU44VDlldGV0bHhhWmI5eTgxR0YyaDFMbmVzNDQwc0M4VkNCWFlKbWRndU1SSEVqcFhYbWh2UzZHd0RPd2hjUjZTQ3ZYYWRGTUZfZjE0d1NfTmVSMEtOUW52SWtvd2ZiR0JRMTVBN3U5MW1TaDZSbXFrWFJGVTNWcGMyZFRNaUJreUpCT1dZSlVPWVVKNldqWVhucW1tQkJ4N1E1ZEw1bzJmajQ1MnN5WSIsIm9yZ0lkIjoiIn0=' }
[2019-02-25T19:43:23.874] [INFO] httpclires - [warehouse/Query?token=eyJhcHBLZXkiOiI1ZTYwYjdhNi1kZGQ5LTRhOTctYThhMy1hMzE3OGJkYjYwMDQiLCJhdXRoSW5mbyI6ImV5SmhiR2NpT2lKUVV6STFOaUo5LmV5SmhZMk5sYzNOZmRHOXJaVzRpT2lJM09UYzBPR0V5WVMwMk56WmpMVFJoT1RZdFlqUTFNQzAyWlRjNVpHTTNNamMzTXpJaUxDSnpkV0lpT2lKbExXTnZiVzFsY21ObElpd2laR0YwWVhNaU9pSTNOMlE1WVRSaE5ESmxNV0kyTWpVMU1HUTBZekU1TXpNNFltUm1NMlZtTXlJc0ltVjRjQ0k2TVRVMU1URXlOVEF3TVgwLmstZG4xUUdudnc2OW5QRi12SWIxb0k4TlQwaHY3ZWxlWTdFaHVHLVRnSm8zbWFGdEZ0YmNrckFSZXB2YzlqM1hGeFUyV0hkQmx5c0RtYklHY05sbmZnWC1TZi1CYXlhWkhlRnFhQ2JQdlBaWWZISlpRcXUtZFhTeHdfVjB1RVc5SUg2REhPc1dxQTdxT0txbHFwQmVXQlZtS25CVnpmR1JGc1FDQnhLVTRnSSIsIm9yZ0lkIjoiIn0=][POST][200]: { code: 200,
  msg: null,
  data: 
   [ { Code: '001', Name: '总仓' },
     { Code: '002', Name: '播州区龙坑镇勇飞社区服务站(KF)' },
     { Code: '003', Name: '播州区尚嵇镇手机卖场' },
     { Code: '004', Name: '播州区南白镇诚讯电子手机卖场(KF)' },
     { Code: '005', Name: '播州区尚嵇镇铝业大道鑫杰手机卖场' },
     { Code: '006', Name: '赤水县楠桥路授权代理店(KF)' },
     { Code: '007', Name: '赤水县五星路讯捷手机卖场' },
     { Code: '008', Name: '道真县玉溪镇尹珍路授权代理店WB' },
     { Code: '009', Name: '凤冈县环南路银佳引商入柜特许营业厅' },
     { Code: '010', Name: '红花岗中华北路飞利达引商入柜特许营业厅' },
     { Code: '011', Name: '红花岗区大兴路诚讯手机卖场' },
     { Code: '012', Name: '汇川区厦门路星运通手机专卖店' },
     { Code: '013', Name: '汇川区深圳路荣鑫电子社区服务站' },
     { Code: '014', Name: '汇川区高桥镇西安路天成手机卖场' },
     { Code: '015', Name: '汇川区南京路体育馆手机专卖店(KF)' },
     { Code: '016', Name: '汇川区人民路授权代理店' },
     { Code: '017', Name: '湄潭县湄江镇兴湄北路自办营业厅' },
     { Code: '018', Name: '仁怀县国酒大道政府路口飞利达引商入柜特许营业厅' },
     { Code: '019', Name: '仁怀县国酒中路诚讯手机卖场' },
     { Code: '020', Name: '仁怀县国酒南路诚讯二分店手机专卖店（KF)' },
     { Code: '021', Name: '绥阳县洋川镇县医院手机卖场' },
     { Code: '022', Name: '绥阳县洋川镇邮政手机专卖店(KF)' },
     { Code: '023', Name: '务川县都濡镇丹砂园社区服务站' },
     { Code: '024', Name: '务川县民族路立信隆引商入柜' },
     { Code: '025', Name: '务川县翼源科技手机专卖店' },
     { Code: '026', Name: '习水县矿中西路飞利达引商入柜特许营业厅' },
     { Code: '027', Name: '新蒲新区强强手机专卖店' },
     { Code: '028', Name: '新蒲新区新舟易购通讯手机专卖店' },
     { Code: '029', Name: '新蒲区林达阳光城正阳手机专卖店' },
     { Code: '030', Name: '余庆县桂花路茂华盛引商入柜特许营业厅' },
     { Code: '031', Name: '正安县文化路文体中心诚讯手机专卖店' },
     { Code: '032', Name: '红花岗区云马手机卖场(KF)' },
     { Code: '033', Name: '红花岗区东联线讯达手机卖场' },
     { Code: '034', Name: '贵州省遵义市红花岗区北京路88楼下' },
     { Code: '035', Name: '红花岗区深溪镇中兴街手机专卖店（KF）' },
     { Code: '036', Name: '汇川区澳门路飞利达引商入柜特许营业厅' },
     { Code: '037', Name: '汇川区澳门路银佳引商入柜特许营业厅' } ] }
[2019-02-25T19:43:23.886] [INFO] httpclires - [person/Query?token=eyJhcHBLZXkiOiI1ZTYwYjdhNi1kZGQ5LTRhOTctYThhMy1hMzE3OGJkYjYwMDQiLCJhdXRoSW5mbyI6ImV5SmhiR2NpT2lKUVV6STFOaUo5LmV5SmhZMk5sYzNOZmRHOXJaVzRpT2lKbVpUWTVabVl6TVMxallUQTRMVFF5TldVdE9UUTNOQzB5TWpNMk1UTTFNV1ppTkRFaUxDSnpkV0lpT2lKbExXTnZiVzFsY21ObElpd2laR0YwWVhNaU9pSTNOMlE1WVRSaE5ESmxNV0kyTWpVMU1HUTBZekU1TXpNNFltUm1NMlZtTXlJc0ltVjRjQ0k2TVRVMU1URXlOVEF3TVgwLkV1ZC1KUndUekFXMWxFbUkxOXZMT0Q5WWZRZlVFY1YzTmdRVjBlMmVReEUxQ1hLWE1tVXJFc3h0WkVEemRQNU5vaUpxTjQ5WE81Zy1HVU5wcnFEWHNhYW4xWnVGTG5zUzRvSW9YNXRLOGdpQ2tyWWRHNmh3Vm9PMnVaNGJZTU9HZjFLSWtjX2FFOUN0ZE42WGRIM1kwSFlidXdTT2hrUTBabmhkMUZmTEJ3USIsIm9yZ0lkIjoiIn0=][POST][200]: { code: 200, msg: null, data: [] }
[2019-02-25T19:43:24.350] [INFO] httpclires - [Project/Query?token=eyJhcHBLZXkiOiI1ZTYwYjdhNi1kZGQ5LTRhOTctYThhMy1hMzE3OGJkYjYwMDQiLCJhdXRoSW5mbyI6ImV5SmhiR2NpT2lKUVV6STFOaUo5LmV5SmhZMk5sYzNOZmRHOXJaVzRpT2lJeFpUUTJOamMxTnkwM04yVXhMVFJpTkRVdFlUZzBNUzAyTXpoaU9XUXpNekF6TnpZaUxDSnpkV0lpT2lKbExXTnZiVzFsY21ObElpd2laR0YwWVhNaU9pSTNOMlE1WVRSaE5ESmxNV0kyTWpVMU1HUTBZekU1TXpNNFltUm1NMlZtTXlJc0ltVjRjQ0k2TVRVMU1URXlOVEF3TW4wLlBzTU44VDlldGV0bHhhWmI5eTgxR0YyaDFMbmVzNDQwc0M4VkNCWFlKbWRndU1SSEVqcFhYbWh2UzZHd0RPd2hjUjZTQ3ZYYWRGTUZfZjE0d1NfTmVSMEtOUW52SWtvd2ZiR0JRMTVBN3U5MW1TaDZSbXFrWFJGVTNWcGMyZFRNaUJreUpCT1dZSlVPWVVKNldqWVhucW1tQkJ4N1E1ZEw1bzJmajQ1MnN5WSIsIm9yZ0lkIjoiIn0=][POST][200]: { code: 200,
  msg: null,
  data: 
   [ { ID: 1,
       Name: '和包支付',
       Code: 'FL01',
       Disabled: false,
       CreatedTime: '/Date(-62135596800000)/',
       SequenceNumber: 0,
       Idclass: null,
       ProjectClass: null,
       class: null,
       IdMarketingOrgan: null,
       MarketingOrgan: null,
       WeakTypeDtoName: null,
       DtoClassName: 'Ufida.T.AA.DTO.ProjectDTO',
       IsWeakType: false,
       AliName: 'ProjectDTO',
       Status: 0,
       EnableHasChanged: false,
       ChangedProperty: [],
       DynamicPropertyKeys: [],
       DynamicPropertyValues: [],
       DeleteID: 1,
       Updated: '/Date(1551095002765)/',
       UpdatedBy: null,
       InnerSearchLevel: 0,
       RecordChange: true,
       InnerPropInParentRecure: null,
       Ts: null,
       CaseSensitive: false,
       RecordDynamicNullValue: false,
       data: null } ] }
[2019-02-25T19:43:24.694] [INFO] httpclires - [login][POST][200]: { code: 200,
  msg: null,
  data: 'eyJhcHBLZXkiOiI1ZTYwYjdhNi1kZGQ5LTRhOTctYThhMy1hMzE3OGJkYjYwMDQiLCJhdXRoSW5mbyI6ImV5SmhiR2NpT2lKUVV6STFOaUo5LmV5SmhZMk5sYzNOZmRHOXJaVzRpT2lJNVptSmtOMkpoT0MwM01ERmpMVFJtTnpJdFltVmxZUzB3TmpFNE5qSTRNMlU1TkdRaUxDSnpkV0lpT2lKbExXTnZiVzFsY21ObElpd2laR0YwWVhNaU9pSTNOMlE1WVRSaE5ESmxNV0kyTWpVMU1HUTBZekU1TXpNNFltUm1NMlZtTXlJc0ltVjRjQ0k2TVRVMU1URXlOVEF3TTMwLlVXeXhYbGNqUmJpakdfeHM0ZXRzTlNZRjhLT1VrTmxDWkpGVGctenlYYUhibjVjLXNJUzRJbHpveFZSQWhrM3dTcW5hS2pkQkc3RTczMEhEeU5mUVhXUEQwMWFyZjJxd3o5em84UlFRT0hObDBwejVZUnRwWHZnRDMxYkoyWTktOWJhRVBCaWZFdXl3Rmo2N1kwNmphelVESzU5bF9Vb20tOHpxcklfZUtQQSIsIm9yZ0lkIjoiIn0=' }
[2019-02-25T19:43:25.466] [INFO] httpclires - [inventory/Query?token=eyJhcHBLZXkiOiI1ZTYwYjdhNi1kZGQ5LTRhOTctYThhMy1hMzE3OGJkYjYwMDQiLCJhdXRoSW5mbyI6ImV5SmhiR2NpT2lKUVV6STFOaUo5LmV5SmhZMk5sYzNOZmRHOXJaVzRpT2lJNVptSmtOMkpoT0MwM01ERmpMVFJtTnpJdFltVmxZUzB3TmpFNE5qSTRNMlU1TkdRaUxDSnpkV0lpT2lKbExXTnZiVzFsY21ObElpd2laR0YwWVhNaU9pSTNOMlE1WVRSaE5ESmxNV0kyTWpVMU1HUTBZekU1TXpNNFltUm1NMlZtTXlJc0ltVjRjQ0k2TVRVMU1URXlOVEF3TTMwLlVXeXhYbGNqUmJpakdfeHM0ZXRzTlNZRjhLT1VrTmxDWkpGVGctenlYYUhibjVjLXNJUzRJbHpveFZSQWhrM3dTcW5hS2pkQkc3RTczMEhEeU5mUVhXUEQwMWFyZjJxd3o5em84UlFRT0hObDBwejVZUnRwWHZnRDMxYkoyWTktOWJhRVBCaWZFdXl3Rmo2N1kwNmphelVESzU5bF9Vb20tOHpxcklfZUtQQSIsIm9yZ0lkIjoiIn0=][POST][200]: { code: 200,
  msg: null,
  data: 
   [ { Code: '0001002',
       Name: '2080g奇强A3+冷水洗衣粉',
       Shorthand: '2080gQQA3+LSXYF',
       Specification: '1*6',
       DefaultBarCode: '6907917011898',
       Disabled: 'False',
       IsPurchase: 'True',
       IsSale: 'True',
       IsMadeSelf: 'False',
       IsMaterial: 'False',
       IsSuite: 'False',
       IsLaborCost: 'False',
       Unit: [Object],
       UnitBySale: [Object],
       UnitByRetail: [Object],
       UnitByPurchase: [Object],
       UnitByStock: [Object],
       UnitByManufacture: [Object],
       InventoryClass: [Object],
       ProductInfo: null },
     { Code: '0001003',
       Name: '200g*5奇强加香肥皂',
       Shorthand: '200g*5QQJXFZ',
       Specification: '1*6',
       DefaultBarCode: '6907917131749',
       Disabled: 'False',
       IsPurchase: 'True',
       IsSale: 'True',
       IsMadeSelf: 'False',
       IsMaterial: 'False',
       IsSuite: 'False',
       IsLaborCost: 'False',
       Unit: [Object],
       UnitBySale: [Object],
       UnitByRetail: [Object],
       UnitByPurchase: [Object],
       UnitByStock: [Object],
       UnitByManufacture: [Object],
       InventoryClass: [Object],
       ProductInfo: null },
     { Code: '0001004',
       Name: '2000g奇强柠檬洗洁精',
       Shorthand: '2000gQQNMXJJ',
       Specification: '1*8',
       DefaultBarCode: '6907917121689',
       Disabled: 'False',
       IsPurchase: 'True',
       IsSale: 'True',
       IsMadeSelf: 'False',
       IsMaterial: 'False',
       IsSuite: 'False',
       IsLaborCost: 'False',
       Unit: [Object],
       UnitBySale: [Object],
       UnitByRetail: [Object],
       UnitByPurchase: [Object],
       UnitByStock: [Object],
       UnitByManufacture: [Object],
       InventoryClass: [Object],
       ProductInfo: null },
     { Code: '0001005',
       Name: '2000g+1800g奇强套装洗衣液',
       Shorthand: '2000g+1800gQQTZXYY',
       Specification: '1*3',
       DefaultBarCode: '',
       Disabled: 'False',
       IsPurchase: 'True',
       IsSale: 'True',
       IsMadeSelf: 'False',
       IsMaterial: 'False',
       IsSuite: 'False',
       IsLaborCost: 'False',
       Unit: [Object],
       UnitBySale: [Object],
       UnitByRetail: [Object],
       UnitByPurchase: [Object],
       UnitByStock: [Object],
       UnitByManufacture: [Object],
       InventoryClass: [Object],
       ProductInfo: null },
     { Code: '0001006',
       Name: '500ml六神艾叶抑菌洗手液（清爽型）',
       Shorthand: '500mlLSAYYJXSY（QSX）',
       Specification: '1*12',
       DefaultBarCode: '6901294200203',
       Disabled: 'False',
       IsPurchase: 'True',
       IsSale: 'True',
       IsMadeSelf: 'False',
       IsMaterial: 'False',
       IsSuite: 'False',
       IsLaborCost: 'False',
       Unit: [Object],
       UnitBySale: [Object],
       UnitByRetail: [Object],
       UnitByPurchase: [Object],
       UnitByStock: [Object],
       UnitByManufacture: [Object],
       InventoryClass: [Object],
       ProductInfo: null },
     { Code: '0001007',
       Name: '450ml六神清透凉爽沐浴露（金桔+柠檬）',
       Shorthand: '450mlLSQTLSMYL（JJ+NM）',
       Specification: '1*20',
       DefaultBarCode: '6901294201378',
       Disabled: 'False',
       IsPurchase: 'True',
       IsSale: 'True',
       IsMadeSelf: 'False',
       IsMaterial: 'False',
       IsSuite: 'False',
       IsLaborCost: 'False',
       Unit: [Object],
       UnitBySale: [Object],
       UnitByRetail: [Object],
       UnitByPurchase: [Object],
       UnitByStock: [Object],
       UnitByManufacture: [Object],
       InventoryClass: [Object],
       ProductInfo: null },
     { Code: '0001009',
       Name: '400ml好迪活力去屑  清爽控油 男士',
       Shorthand: '400mlHDHLQX  QSKY NS',
       Specification: '1*24',
       DefaultBarCode: '6907435672458',
       Disabled: 'False',
       IsPurchase: 'True',
       IsSale: 'True',
       IsMadeSelf: 'False',
       IsMaterial: 'False',
       IsSuite: 'False',
       IsLaborCost: 'False',
       Unit: [Object],
       UnitBySale: [Object],
       UnitByRetail: [Object],
       UnitByPurchase: [Object],
       UnitByStock: [Object],
       UnitByManufacture: [Object],
       InventoryClass: [Object],
       ProductInfo: null },
     { Code: '0001008',
       Name: '雨娇：115生态10连包抽纸',
       Shorthand: 'YJ：115ST10LBCZ',
       Specification: '1*10*10',
       DefaultBarCode: '6940790503227',
       Disabled: 'False',
       IsPurchase: 'True',
       IsSale: 'True',
       IsMadeSelf: 'False',
       IsMaterial: 'False',
       IsSuite: 'False',
       IsLaborCost: 'False',
       Unit: [Object],
       UnitBySale: [Object],
       UnitByRetail: [Object],
       UnitByPurchase: [Object],
       UnitByStock: [Object],
       UnitByManufacture: [Object],
       InventoryClass: [Object],
       ProductInfo: null },
     { Code: '0001010',
       Name: '750ml好迪活力去屑洗发露 营养滋润（深蓝）',
       Shorthand: '750mlHDHLQXXFL YYZR（SL）',
       Specification: '1*16',
       DefaultBarCode: '6907435672472',
       Disabled: 'False',
       IsPurchase: 'True',
       IsSale: 'True',
       IsMadeSelf: 'False',
       IsMaterial: 'False',
       IsSuite: 'False',
       IsLaborCost: 'False',
       Unit: [Object],
       UnitBySale: [Object],
       UnitByRetail: [Object],
       UnitByPurchase: [Object],
       UnitByStock: [Object],
       UnitByManufacture: [Object],
       InventoryClass: [Object],
       ProductInfo: null },
     { Code: '0001011',
       Name: '400ml好迪柔亮柔顺洗发水 倍直垂顺（浅蓝）新',
       Shorthand: '400mlHDRLRSXFS BZCS（QL）X',
       Specification: '1*24',
       DefaultBarCode: '6907435669144',
       Disabled: 'False',
       IsPurchase: 'True',
       IsSale: 'True',
       IsMadeSelf: 'False',
       IsMaterial: 'False',
       IsSuite: 'False',
       IsLaborCost: 'False',
       Unit: [Object],
       UnitBySale: [Object],
       UnitByRetail: [Object],
       UnitByPurchase: [Object],
       UnitByStock: [Object],
       UnitByManufacture: [Object],
       InventoryClass: [Object],
       ProductInfo: null },
     { Code: '0002001',
       Name: '原味纯香菜籽油2L',
       Shorthand: 'YWCXCZY2L',
       Specification: '2L',
       DefaultBarCode: '6926650500100',
       Disabled: 'False',
       IsPurchase: 'True',
       IsSale: 'True',
       IsMadeSelf: 'False',
       IsMaterial: 'False',
       IsSuite: 'False',
       IsLaborCost: 'False',
       Unit: [Object],
       UnitBySale: [Object],
       UnitByRetail: [Object],
       UnitByPurchase: [Object],
       UnitByStock: [Object],
       UnitByManufacture: [Object],
       InventoryClass: [Object],
       ProductInfo: null },
     { Code: '0002002',
       Name: '传统浓香菜籽油2L',
       Shorthand: 'CTNXCZY2L',
       Specification: '2L',
       DefaultBarCode: '6926650500018',
       Disabled: 'False',
       IsPurchase: 'True',
       IsSale: 'True',
       IsMadeSelf: 'False',
       IsMaterial: 'False',
       IsSuite: 'False',
       IsLaborCost: 'False',
       Unit: [Object],
       UnitBySale: [Object],
       UnitByRetail: [Object],
       UnitByPurchase: [Object],
       UnitByStock: [Object],
       UnitByManufacture: [Object],
       InventoryClass: [Object],
       ProductInfo: null },
     { Code: '0002003',
       Name: '原味纯香菜籽油4L',
       Shorthand: 'YWCXCZY4L',
       Specification: '4L',
       DefaultBarCode: '6926650500148',
       Disabled: 'False',
       IsPurchase: 'True',
       IsSale: 'True',
       IsMadeSelf: 'False',
       IsMaterial: 'False',
       IsSuite: 'False',
       IsLaborCost: 'False',
       Unit: [Object],
       UnitBySale: [Object],
       UnitByRetail: [Object],
       UnitByPurchase: [Object],
       UnitByStock: [Object],
       UnitByManufacture: [Object],
       InventoryClass: [Object],
       ProductInfo: null },
     { Code: '0002004',
       Name: '传统浓香菜籽油4L',
       Shorthand: 'CTNXCZY4L',
       Specification: '4L',
       DefaultBarCode: '6926650500032',
       Disabled: 'False',
       IsPurchase: 'True',
       IsSale: 'True',
       IsMadeSelf: 'False',
       IsMaterial: 'False',
       IsSuite: 'False',
       IsLaborCost: 'False',
       Unit: [Object],
       UnitBySale: [Object],
       UnitByRetail: [Object],
       UnitByPurchase: [Object],
       UnitByStock: [Object],
       UnitByManufacture: [Object],
       InventoryClass: [Object],
       ProductInfo: null },
     { Code: '0002005',
       Name: '九吉香菜籽油',
       Shorthand: 'JJXCZY',
       Specification: '5L',
       DefaultBarCode: '6926650500421',
       Disabled: 'False',
       IsPurchase: 'True',
       IsSale: 'True',
       IsMadeSelf: 'False',
       IsMaterial: 'False',
       IsSuite: 'False',
       IsLaborCost: 'False',
       Unit: [Object],
       UnitBySale: [Object],
       UnitByRetail: [Object],
       UnitByPurchase: [Object],
       UnitByStock: [Object],
       UnitByManufacture: [Object],
       InventoryClass: [Object],
       ProductInfo: null },
     { Code: '0002006',
       Name: '九吉纯菜籽油',
       Shorthand: 'JJCCZY',
       Specification: '5L',
       DefaultBarCode: '6926650500438',
       Disabled: 'False',
       IsPurchase: 'True',
       IsSale: 'True',
       IsMadeSelf: 'False',
       IsMaterial: 'False',
       IsSuite: 'False',
       IsLaborCost: 'False',
       Unit: [Object],
       UnitBySale: [Object],
       UnitByRetail: [Object],
       UnitByPurchase: [Object],
       UnitByStock: [Object],
       UnitByManufacture: [Object],
       InventoryClass: [Object],
       ProductInfo: null },
     { Code: '0002007',
       Name: '风味豆豉辣椒',
       Shorthand: 'FWDCLJ',
       Specification: '280',
       DefaultBarCode: '6937454800037',
       Disabled: 'False',
       IsPurchase: 'True',
       IsSale: 'True',
       IsMadeSelf: 'False',
       IsMaterial: 'False',
       IsSuite: 'False',
       IsLaborCost: 'False',
       Unit: [Object],
       UnitBySale: [Object],
       UnitByRetail: [Object],
       UnitByPurchase: [Object],
       UnitByStock: [Object],
       UnitByManufacture: [Object],
       InventoryClass: [Object],
       ProductInfo: null },
     { Code: '0002008',
       Name: '蒜香油辣椒',
       Shorthand: 'SXYLJ',
       Specification: '280',
       DefaultBarCode: '6937454800020',
       Disabled: 'False',
       IsPurchase: 'True',
       IsSale: 'True',
       IsMadeSelf: 'False',
       IsMaterial: 'False',
       IsSuite: 'False',
       IsLaborCost: 'False',
       Unit: [Object],
       UnitBySale: [Object],
       UnitByRetail: [Object],
       UnitByPurchase: [Object],
       UnitByStock: [Object],
       UnitByManufacture: [Object],
       InventoryClass: [Object],
       ProductInfo: null },
     { Code: '0002009',
       Name: '去骨鸡辣椒',
       Shorthand: 'QGJLJ',
       Specification: '200',
       DefaultBarCode: '6937454800051',
       Disabled: 'False',
       IsPurchase: 'True',
       IsSale: 'True',
       IsMadeSelf: 'False',
       IsMaterial: 'False',
       IsSuite: 'False',
       IsLaborCost: 'False',
       Unit: [Object],
       UnitBySale: [Object],
       UnitByRetail: [Object],
       UnitByPurchase: [Object],
       UnitByStock: [Object],
       UnitByManufacture: [Object],
       InventoryClass: [Object],
       ProductInfo: null },
     { Code: '0002010',
       Name: '香辣牛肉酱',
       Shorthand: 'XLNRJ',
       Specification: '210',
       DefaultBarCode: '6937454800174',
       Disabled: 'False',
       IsPurchase: 'True',
       IsSale: 'True',
       IsMadeSelf: 'False',
       IsMaterial: 'False',
       IsSuite: 'False',
       IsLaborCost: 'False',
       Unit: [Object],
       UnitBySale: [Object],
       UnitByRetail: [Object],
       UnitByPurchase: [Object],
       UnitByStock: [Object],
       UnitByManufacture: [Object],
       InventoryClass: [Object],
       ProductInfo: null },
     { Code: '0002011',
       Name: '芝麻蒜香油辣椒',
       Shorthand: 'ZMSXYLJ',
       Specification: '200',
       DefaultBarCode: '6937454800082',
       Disabled: 'False',
       IsPurchase: 'True',
       IsSale: 'True',
       IsMadeSelf: 'False',
       IsMaterial: 'False',
       IsSuite: 'False',
       IsLaborCost: 'False',
       Unit: [Object],
       UnitBySale: [Object],
       UnitByRetail: [Object],
       UnitByPurchase: [Object],
       UnitByStock: [Object],
       UnitByManufacture: [Object],
       InventoryClass: [Object],
       ProductInfo: null },
     { Code: '0002012',
       Name: '潘祥记彩旗伴月礼',
       Shorthand: 'PXJCQBYL',
       Specification: '600g',
       DefaultBarCode: '',
       Disabled: 'False',
       IsPurchase: 'True',
       IsSale: 'True',
       IsMadeSelf: 'False',
       IsMaterial: 'False',
       IsSuite: 'False',
       IsLaborCost: 'False',
       Unit: [Object],
       UnitBySale: [Object],
       UnitByRetail: [Object],
       UnitByPurchase: [Object],
       UnitByStock: [Object],
       UnitByManufacture: [Object],
       InventoryClass: [Object],
       ProductInfo: null },
     { Code: '0002013',
       Name: '潘祥记轻舞飞扬',
       Shorthand: 'PXJQWFY',
       Specification: '480g',
       DefaultBarCode: '',
       Disabled: 'False',
       IsPurchase: 'True',
       IsSale: 'True',
       IsMadeSelf: 'False',
       IsMaterial: 'False',
       IsSuite: 'False',
       IsLaborCost: 'False',
       Unit: [Object],
       UnitBySale: [Object],
       UnitByRetail: [Object],
       UnitByPurchase: [Object],
       UnitByStock: [Object],
       UnitByManufacture: [Object],
       InventoryClass: [Object],
       ProductInfo: null },
     { Code: '0002014',
       Name: '潘祥记散装月饼',
       Shorthand: 'PXJSZYB',
       Specification: '1000g',
       DefaultBarCode: '',
       Disabled: 'False',
       IsPurchase: 'True',
       IsSale: 'True',
       IsMadeSelf: 'False',
       IsMaterial: 'False',
       IsSuite: 'False',
       IsLaborCost: 'False',
       Unit: [Object],
       UnitBySale: [Object],
       UnitByRetail: [Object],
       UnitByPurchase: [Object],
       UnitByStock: [Object],
       UnitByManufacture: [Object],
       InventoryClass: [Object],
       ProductInfo: null },
     { Code: '0002015',
       Name: '集味村思乡情',
       Shorthand: 'JWCSXQ',
       Specification: '430g',
       DefaultBarCode: '',
       Disabled: 'False',
       IsPurchase: 'True',
       IsSale: 'True',
       IsMadeSelf: 'False',
       IsMaterial: 'False',
       IsSuite: 'False',
       IsLaborCost: 'False',
       Unit: [Object],
       UnitBySale: [Object],
       UnitByRetail: [Object],
       UnitByPurchase: [Object],
       UnitByStock: [Object],
       UnitByManufacture: [Object],
       InventoryClass: [Object],
       ProductInfo: null },
     { Code: '0002016',
       Name: '六甲散装',
       Shorthand: 'LJSZ',
       Specification: '750g',
       DefaultBarCode: '',
       Disabled: 'False',
       IsPurchase: 'True',
       IsSale: 'True',
       IsMadeSelf: 'False',
       IsMaterial: 'False',
       IsSuite: 'False',
       IsLaborCost: 'False',
       Unit: [Object],
       UnitBySale: [Object],
       UnitByRetail: [Object],
       UnitByPurchase: [Object],
       UnitByStock: [Object],
       UnitByManufacture: [Object],
       InventoryClass: [Object],
       ProductInfo: null },
     { Code: '0001001',
       Name: '荷影丽人12卷 本色卫生纸卷纸',
       Shorthand: 'HYLR12J BSWSZJZ',
       Specification: '12卷',
       DefaultBarCode: '564565456uytr123i',
       Disabled: 'False',
       IsPurchase: 'True',
       IsSale: 'True',
       IsMadeSelf: 'False',
       IsMaterial: 'False',
       IsSuite: 'False',
       IsLaborCost: 'False',
       Unit: [Object],
       UnitBySale: [Object],
       UnitByRetail: [Object],
       UnitByPurchase: [Object],
       UnitByStock: [Object],
       UnitByManufacture: [Object],
       InventoryClass: [Object],
       ProductInfo: null } ] }
[2019-02-25T19:43:26.213] [INFO] httpclires - [login][POST][200]: { code: 200,
  msg: null,
  data: 'eyJhcHBLZXkiOiI1ZTYwYjdhNi1kZGQ5LTRhOTctYThhMy1hMzE3OGJkYjYwMDQiLCJhdXRoSW5mbyI6ImV5SmhiR2NpT2lKUVV6STFOaUo5LmV5SmhZMk5sYzNOZmRHOXJaVzRpT2lKaE1USTBPRGhsWmkxaFlqTm1MVFF6T0RndE9HVmpNaTAwWWpVMVl6UTFZV00xWXpjaUxDSnpkV0lpT2lKbExXTnZiVzFsY21ObElpd2laR0YwWVhNaU9pSTNOMlE1WVRSaE5ESmxNV0kyTWpVMU1HUTBZekU1TXpNNFltUm1NMlZtTXlJc0ltVjRjQ0k2TVRVMU1URXlOVEF3TkgwLlZTanRYSFoyTW5DWGVJWE5MRG50UzI5WXppNmQ3YVB3S1lGb01xaHNZeEhxeUE4TlNzb1JPOXBOSWFqSC11TXh1Y3g0U2ZER3JSM2tSOWRJSGhBSkhpUU9ydDYxS2dPWE1jbXdTa1J0cFQ5ejRsblh1NHFZMWdKemd0dEluZktvd3JfazZhYl9wcW5NVFF0Mlo3bEY1MFVnQXlLcjI3a1Y1d3FGdXdIejVJRSIsIm9yZ0lkIjoiIn0=' }
[2019-02-25T19:43:26.391] [INFO] httpclires - [login][POST][200]: { code: 200,
  msg: null,
  data: 'eyJhcHBLZXkiOiI1ZTYwYjdhNi1kZGQ5LTRhOTctYThhMy1hMzE3OGJkYjYwMDQiLCJhdXRoSW5mbyI6ImV5SmhiR2NpT2lKUVV6STFOaUo5LmV5SmhZMk5sYzNOZmRHOXJaVzRpT2lJM09HVm1ObVV3TXkxbE1HVXhMVFF5WldJdFlqZGhaaTB3WXpKbU5qVTFaalZqTVRraUxDSnpkV0lpT2lKbExXTnZiVzFsY21ObElpd2laR0YwWVhNaU9pSTNOMlE1WVRSaE5ESmxNV0kyTWpVMU1HUTBZekU1TXpNNFltUm1NMlZtTXlJc0ltVjRjQ0k2TVRVMU1URXlOVEF3TkgwLkxvQ2otVkttOUdCUGNZTW5JN3FzTmFjMWdxT3RJSHB1TmJlZ1k1czA5NWRzVDBJSHZreXZ2b0tOaXNhQTVjU0lnX2tzNlNUNUFtODlORnZnaE95cUhIOVhGVS1SeUdvZ2JuZGJmeWgyMXVNdjNmZWJ3bGtCdHc3c3Jabm1EMnp5Si1nMmVZb0pXRFU2TkRnSGpFSnpsNmh4T2FwcF9Na3oyVVBKUnpnam10SSIsIm9yZ0lkIjoiIn0=' }
[2019-02-25T19:43:26.940] [INFO] httpclires - [currentStock/Query?token=eyJhcHBLZXkiOiI1ZTYwYjdhNi1kZGQ5LTRhOTctYThhMy1hMzE3OGJkYjYwMDQiLCJhdXRoSW5mbyI6ImV5SmhiR2NpT2lKUVV6STFOaUo5LmV5SmhZMk5sYzNOZmRHOXJaVzRpT2lJM09HVm1ObVV3TXkxbE1HVXhMVFF5WldJdFlqZGhaaTB3WXpKbU5qVTFaalZqTVRraUxDSnpkV0lpT2lKbExXTnZiVzFsY21ObElpd2laR0YwWVhNaU9pSTNOMlE1WVRSaE5ESmxNV0kyTWpVMU1HUTBZekU1TXpNNFltUm1NMlZtTXlJc0ltVjRjQ0k2TVRVMU1URXlOVEF3TkgwLkxvQ2otVkttOUdCUGNZTW5JN3FzTmFjMWdxT3RJSHB1TmJlZ1k1czA5NWRzVDBJSHZreXZ2b0tOaXNhQTVjU0lnX2tzNlNUNUFtODlORnZnaE95cUhIOVhGVS1SeUdvZ2JuZGJmeWgyMXVNdjNmZWJ3bGtCdHc3c3Jabm1EMnp5Si1nMmVZb0pXRFU2TkRnSGpFSnpsNmh4T2FwcF9Na3oyVVBKUnpnam10SSIsIm9yZ0lkIjoiIn0=][POST][200]: { code: 200, msg: null, data: [] }
[2019-02-25T19:43:31.111] [INFO] httpclires - [inventoryPrice/QueryInventoryPrice?token=eyJhcHBLZXkiOiI1ZTYwYjdhNi1kZGQ5LTRhOTctYThhMy1hMzE3OGJkYjYwMDQiLCJhdXRoSW5mbyI6ImV5SmhiR2NpT2lKUVV6STFOaUo5LmV5SmhZMk5sYzNOZmRHOXJaVzRpT2lKaE1USTBPRGhsWmkxaFlqTm1MVFF6T0RndE9HVmpNaTAwWWpVMVl6UTFZV00xWXpjaUxDSnpkV0lpT2lKbExXTnZiVzFsY21ObElpd2laR0YwWVhNaU9pSTNOMlE1WVRSaE5ESmxNV0kyTWpVMU1HUTBZekU1TXpNNFltUm1NMlZtTXlJc0ltVjRjQ0k2TVRVMU1URXlOVEF3TkgwLlZTanRYSFoyTW5DWGVJWE5MRG50UzI5WXppNmQ3YVB3S1lGb01xaHNZeEhxeUE4TlNzb1JPOXBOSWFqSC11TXh1Y3g0U2ZER3JSM2tSOWRJSGhBSkhpUU9ydDYxS2dPWE1jbXdTa1J0cFQ5ejRsblh1NHFZMWdKemd0dEluZktvd3JfazZhYl9wcW5NVFF0Mlo3bEY1MFVnQXlLcjI3a1Y1d3FGdXdIejVJRSIsIm9yZ0lkIjoiIn0=][POST][200]: { code: 200,
  msg: null,
  data: 
   [ { RowID: 0,
       Inventory: [Object],
       Unit: [Object],
       Price: null,
       DiscountRate: null,
       DiscountPrice: 22,
       CashBackReturn: null,
       WithTax: true },
     { RowID: 0,
       Inventory: [Object],
       Unit: [Object],
       Price: null,
       DiscountRate: null,
       DiscountPrice: 14,
       CashBackReturn: null,
       WithTax: true },
     { RowID: 0,
       Inventory: [Object],
       Unit: [Object],
       Price: null,
       DiscountRate: null,
       DiscountPrice: 17,
       CashBackReturn: null,
       WithTax: true },
     { RowID: 0,
       Inventory: [Object],
       Unit: [Object],
       Price: null,
       DiscountRate: null,
       DiscountPrice: 50,
       CashBackReturn: null,
       WithTax: true },
     { RowID: 0,
       Inventory: [Object],
       Unit: [Object],
       Price: null,
       DiscountRate: null,
       DiscountPrice: 20,
       CashBackReturn: null,
       WithTax: true },
     { RowID: 0,
       Inventory: [Object],
       Unit: [Object],
       Price: null,
       DiscountRate: null,
       DiscountPrice: 24,
       CashBackReturn: null,
       WithTax: true },
     { RowID: 0,
       Inventory: [Object],
       Unit: [Object],
       Price: null,
       DiscountRate: null,
       DiscountPrice: 27,
       CashBackReturn: null,
       WithTax: true },
     { RowID: 0,
       Inventory: [Object],
       Unit: [Object],
       Price: null,
       DiscountRate: null,
       DiscountPrice: 17,
       CashBackReturn: null,
       WithTax: true },
     { RowID: 0,
       Inventory: [Object],
       Unit: [Object],
       Price: null,
       DiscountRate: null,
       DiscountPrice: 40,
       CashBackReturn: null,
       WithTax: true },
     { RowID: 0,
       Inventory: [Object],
       Unit: [Object],
       Price: null,
       DiscountRate: null,
       DiscountPrice: null,
       CashBackReturn: null,
       WithTax: true },
     { RowID: 0,
       Inventory: [Object],
       Unit: [Object],
       Price: null,
       DiscountRate: null,
       DiscountPrice: 30,
       CashBackReturn: null,
       WithTax: true },
     { RowID: 0,
       Inventory: [Object],
       Unit: [Object],
       Price: null,
       DiscountRate: null,
       DiscountPrice: 45,
       CashBackReturn: null,
       WithTax: true },
     { RowID: 0,
       Inventory: [Object],
       Unit: [Object],
       Price: null,
       DiscountRate: null,
       DiscountPrice: 55,
       CashBackReturn: null,
       WithTax: true },
     { RowID: 0,
       Inventory: [Object],
       Unit: [Object],
       Price: null,
       DiscountRate: null,
       DiscountPrice: 80,
       CashBackReturn: null,
       WithTax: true },
     { RowID: 0,
       Inventory: [Object],
       Unit: [Object],
       Price: null,
       DiscountRate: null,
       DiscountPrice: 70,
       CashBackReturn: null,
       WithTax: true },
     { RowID: 0,
       Inventory: [Object],
       Unit: [Object],
       Price: null,
       DiscountRate: null,
       DiscountPrice: 60,
       CashBackReturn: null,
       WithTax: true },
     { RowID: 0,
       Inventory: [Object],
       Unit: [Object],
       Price: null,
       DiscountRate: null,
       DiscountPrice: 8,
       CashBackReturn: null,
       WithTax: true },
     { RowID: 0,
       Inventory: [Object],
       Unit: [Object],
       Price: null,
       DiscountRate: null,
       DiscountPrice: 10,
       CashBackReturn: null,
       WithTax: true },
     { RowID: 0,
       Inventory: [Object],
       Unit: [Object],
       Price: null,
       DiscountRate: null,
       DiscountPrice: 10,
       CashBackReturn: null,
       WithTax: true },
     { RowID: 0,
       Inventory: [Object],
       Unit: [Object],
       Price: null,
       DiscountRate: null,
       DiscountPrice: 10,
       CashBackReturn: null,
       WithTax: true },
     { RowID: 0,
       Inventory: [Object],
       Unit: [Object],
       Price: null,
       DiscountRate: null,
       DiscountPrice: 20,
       CashBackReturn: null,
       WithTax: true },
     { RowID: 0,
       Inventory: [Object],
       Unit: [Object],
       Price: null,
       DiscountRate: null,
       DiscountPrice: 88,
       CashBackReturn: null,
       WithTax: true },
     { RowID: 0,
       Inventory: [Object],
       Unit: [Object],
       Price: null,
       DiscountRate: null,
       DiscountPrice: 79,
       CashBackReturn: null,
       WithTax: true },
     { RowID: 0,
       Inventory: [Object],
       Unit: [Object],
       Price: null,
       DiscountRate: null,
       DiscountPrice: 105,
       CashBackReturn: null,
       WithTax: true },
     { RowID: 0,
       Inventory: [Object],
       Unit: [Object],
       Price: null,
       DiscountRate: null,
       DiscountPrice: 42,
       CashBackReturn: null,
       WithTax: true },
     { RowID: 0,
       Inventory: [Object],
       Unit: [Object],
       Price: null,
       DiscountRate: null,
       DiscountPrice: 46,
       CashBackReturn: null,
       WithTax: true },
     { RowID: 0,
       Inventory: [Object],
       Unit: [Object],
       Price: null,
       DiscountRate: null,
       DiscountPrice: 15,
       CashBackReturn: null,
       WithTax: true } ] }
[2019-02-25T19:47:04.083] [INFO] httpclires - [login][POST][200]: { code: 200,
  msg: null,
  data: 'eyJhcHBLZXkiOiI1ZTYwYjdhNi1kZGQ5LTRhOTctYThhMy1hMzE3OGJkYjYwMDQiLCJhdXRoSW5mbyI6ImV5SmhiR2NpT2lKUVV6STFOaUo5LmV5SmhZMk5sYzNOZmRHOXJaVzRpT2lJeFptRm1ZbVl3WXkxa01HUmtMVFJoT0RndE9UZ3laaTFtTUdZelpqTmxaRGsyTnpJaUxDSnpkV0lpT2lKbExXTnZiVzFsY21ObElpd2laR0YwWVhNaU9pSTNOMlE1WVRSaE5ESmxNV0kyTWpVMU1HUTBZekU1TXpNNFltUm1NMlZtTXlJc0ltVjRjQ0k2TVRVMU1URXlOVEl5TW4wLlc2dm95RzhSX0lGMVZKTHFES0VwM1o1NEpCUFlWRGdMZkNqWUVaaVFJYlNxZ1lTZ0F2bTIwZUVncmlJSGp5d0pLd1ZIOHVvaU5sM09PMlJoaGdoZFdab2tidVdvVXNObnpFRC1PTXY2X3RTS3UxWE5mV3diZmduSktrdThuQjVnVWlLQVB3VDdRVTBaUTg5X2pfRl9uS1pBWHB0cF91RHo5RVBQRUN1ZE5abyIsIm9yZ0lkIjoiIn0=' }
[2019-02-25T19:48:47.162] [INFO] httpclires - [login][POST][200]: { code: 200,
  msg: null,
  data: 'eyJhcHBLZXkiOiI1ZTYwYjdhNi1kZGQ5LTRhOTctYThhMy1hMzE3OGJkYjYwMDQiLCJhdXRoSW5mbyI6ImV5SmhiR2NpT2lKUVV6STFOaUo5LmV5SmhZMk5sYzNOZmRHOXJaVzRpT2lJMU5UWXdNbVEzT0Mwek16RmpMVFJpTldNdE9EazNOUzAyTW1Nek16ZzJOMkZqTURVaUxDSnpkV0lpT2lKbExXTnZiVzFsY21ObElpd2laR0YwWVhNaU9pSTNOMlE1WVRSaE5ESmxNV0kyTWpVMU1HUTBZekU1TXpNNFltUm1NMlZtTXlJc0ltVjRjQ0k2TVRVMU1URXlOVE15TlgwLmxBZEV4WkEtWWRFRHhXR0NRbUpvbFlSWmVQSEdXZkotN3p1V0xLWmpQVzFJamM2X1lrZmRxdUl6SDYwSVQ5c2ttcGY3RVQ3QUIyZUFaSEoya3Vsb3pBTm9KTUZycFROeHdwZ3U3Z2JjdUFXLXQ1WlZ4bGZaZ1c5RE50MjBJWjN5MDhwVjltaDBFVHRsbjhLUENRLUxVX0NZQ2N2S1QtejBldGFZcHpzU0NJNCIsIm9yZ0lkIjoiIn0=' }
[2019-02-25T19:48:47.941] [INFO] httpclires - [login][POST][200]: { code: 200,
  msg: null,
  data: 'eyJhcHBLZXkiOiI1ZTYwYjdhNi1kZGQ5LTRhOTctYThhMy1hMzE3OGJkYjYwMDQiLCJhdXRoSW5mbyI6ImV5SmhiR2NpT2lKUVV6STFOaUo5LmV5SmhZMk5sYzNOZmRHOXJaVzRpT2lKaFpHSTBZVFk0T0Mwek5qZGtMVFE0WVRrdFlUQTRZeTB3T0RNeU5EUTJZbUUyTlRRaUxDSnpkV0lpT2lKbExXTnZiVzFsY21ObElpd2laR0YwWVhNaU9pSTNOMlE1WVRSaE5ESmxNV0kyTWpVMU1HUTBZekU1TXpNNFltUm1NMlZtTXlJc0ltVjRjQ0k2TVRVMU1URXlOVE15Tm4wLkR5dThfMjZ6cDdoeEF2Tm12T25UaUItNC1EVjRta0lLTDYwb0pBZU83a1FrRDJjZ1F3TEtVZER6U1pWQlVFZS1ESlUyTE5ablR0WWpGb2poVzl4NVBIaGpsdXhFYXluMmQwNHZFVkVFbFpDMmY1LUp6LTVlTXh3QlRBWjAtd3I5b2s1cU8wUmVDeG8tM0ppLUtPcEdmTDVSVURkM3FXdl9yVHcyNVc4UlNfcyIsIm9yZ0lkIjoiIn0=' }
[2019-02-25T19:48:48.421] [INFO] httpclires - [login][POST][200]: { code: 200,
  msg: null,
  data: 'eyJhcHBLZXkiOiI1ZTYwYjdhNi1kZGQ5LTRhOTctYThhMy1hMzE3OGJkYjYwMDQiLCJhdXRoSW5mbyI6ImV5SmhiR2NpT2lKUVV6STFOaUo5LmV5SmhZMk5sYzNOZmRHOXJaVzRpT2lKbE5ERXdPR05oT0MxbU1qbGlMVFJtTVRndE9HVXpaQzAzTVRkbU5ERmpaalF5TVRVaUxDSnpkV0lpT2lKbExXTnZiVzFsY21ObElpd2laR0YwWVhNaU9pSTNOMlE1WVRSaE5ESmxNV0kyTWpVMU1HUTBZekU1TXpNNFltUm1NMlZtTXlJc0ltVjRjQ0k2TVRVMU1URXlOVE15Tm4wLmxoTTZSX3V1NjVHZXJESnlkdVM1TUdFUElNQkFtdXhCUGJyYVl3aTlQU0xlRGk4d3d6RTctYmNKRGQ1RDVPdTRlM0I2VzkyUWNfYV9CRGo0amF1SS1ETURmWDR0UUkybjlOUlNDRUZpa19VZVh0T1hFNUFCMEhvRVBYa3lXUndtZzF1WG9ydzJqcmZURDVFa1pJNUoxUjRJWHppRUo4bmRiRlBtZWlMQUxkOCIsIm9yZ0lkIjoiIn0=' }
[2019-02-25T19:48:49.016] [INFO] httpclires - [Project/Query?token=eyJhcHBLZXkiOiI1ZTYwYjdhNi1kZGQ5LTRhOTctYThhMy1hMzE3OGJkYjYwMDQiLCJhdXRoSW5mbyI6ImV5SmhiR2NpT2lKUVV6STFOaUo5LmV5SmhZMk5sYzNOZmRHOXJaVzRpT2lJMU5UWXdNbVEzT0Mwek16RmpMVFJpTldNdE9EazNOUzAyTW1Nek16ZzJOMkZqTURVaUxDSnpkV0lpT2lKbExXTnZiVzFsY21ObElpd2laR0YwWVhNaU9pSTNOMlE1WVRSaE5ESmxNV0kyTWpVMU1HUTBZekU1TXpNNFltUm1NMlZtTXlJc0ltVjRjQ0k2TVRVMU1URXlOVE15TlgwLmxBZEV4WkEtWWRFRHhXR0NRbUpvbFlSWmVQSEdXZkotN3p1V0xLWmpQVzFJamM2X1lrZmRxdUl6SDYwSVQ5c2ttcGY3RVQ3QUIyZUFaSEoya3Vsb3pBTm9KTUZycFROeHdwZ3U3Z2JjdUFXLXQ1WlZ4bGZaZ1c5RE50MjBJWjN5MDhwVjltaDBFVHRsbjhLUENRLUxVX0NZQ2N2S1QtejBldGFZcHpzU0NJNCIsIm9yZ0lkIjoiIn0=][POST][200]: { code: 200,
  msg: null,
  data: 
   [ { ID: 1,
       Name: '和包支付',
       Code: 'FL01',
       Disabled: false,
       CreatedTime: '/Date(-62135596800000)/',
       SequenceNumber: 0,
       Idclass: null,
       ProjectClass: null,
       class: null,
       IdMarketingOrgan: null,
       MarketingOrgan: null,
       WeakTypeDtoName: null,
       DtoClassName: 'Ufida.T.AA.DTO.ProjectDTO',
       IsWeakType: false,
       AliName: 'ProjectDTO',
       Status: 0,
       EnableHasChanged: false,
       ChangedProperty: [],
       DynamicPropertyKeys: [],
       DynamicPropertyValues: [],
       DeleteID: 1,
       Updated: '/Date(1551095327437)/',
       UpdatedBy: null,
       InnerSearchLevel: 0,
       RecordChange: true,
       InnerPropInParentRecure: null,
       Ts: null,
       CaseSensitive: false,
       RecordDynamicNullValue: false,
       data: null } ] }
[2019-02-25T19:48:49.713] [INFO] httpclires - [login][POST][200]: { code: 200,
  msg: null,
  data: 'eyJhcHBLZXkiOiI1ZTYwYjdhNi1kZGQ5LTRhOTctYThhMy1hMzE3OGJkYjYwMDQiLCJhdXRoSW5mbyI6ImV5SmhiR2NpT2lKUVV6STFOaUo5LmV5SmhZMk5sYzNOZmRHOXJaVzRpT2lKbU1qVmpabUUwTUMxbU9UVTRMVFJrTnpBdE9ERmlOaTFrTVRsaU4yRXhaVE16WmpZaUxDSnpkV0lpT2lKbExXTnZiVzFsY21ObElpd2laR0YwWVhNaU9pSTNOMlE1WVRSaE5ESmxNV0kyTWpVMU1HUTBZekU1TXpNNFltUm1NMlZtTXlJc0ltVjRjQ0k2TVRVMU1URXlOVE15T0gwLkZZYjg3UENhT0FKWlBXZ1RHMjFXQzZIWUZZSDExTHI3TXhxU0syTlUyWTBmM0U3aHA5eHFiRnl5Y2F3dVZRQW5pNXYyQzZUYjNnTWFoM0g1V1A2MXJkZTZqTzBsT3RYMVd5WFdOS1ppSFQ5eVd4MUI3Z2R1c3dZN2lLM1NXcXl1NXRsZjBJX3pjRmJjd3c3N09UdkgzckVhTU5leEZGNndJYVZyY2o5bU40YyIsIm9yZ0lkIjoiIn0=' }
[2019-02-25T19:48:50.221] [INFO] httpclires - [person/Query?token=eyJhcHBLZXkiOiI1ZTYwYjdhNi1kZGQ5LTRhOTctYThhMy1hMzE3OGJkYjYwMDQiLCJhdXRoSW5mbyI6ImV5SmhiR2NpT2lKUVV6STFOaUo5LmV5SmhZMk5sYzNOZmRHOXJaVzRpT2lKaFpHSTBZVFk0T0Mwek5qZGtMVFE0WVRrdFlUQTRZeTB3T0RNeU5EUTJZbUUyTlRRaUxDSnpkV0lpT2lKbExXTnZiVzFsY21ObElpd2laR0YwWVhNaU9pSTNOMlE1WVRSaE5ESmxNV0kyTWpVMU1HUTBZekU1TXpNNFltUm1NMlZtTXlJc0ltVjRjQ0k2TVRVMU1URXlOVE15Tm4wLkR5dThfMjZ6cDdoeEF2Tm12T25UaUItNC1EVjRta0lLTDYwb0pBZU83a1FrRDJjZ1F3TEtVZER6U1pWQlVFZS1ESlUyTE5ablR0WWpGb2poVzl4NVBIaGpsdXhFYXluMmQwNHZFVkVFbFpDMmY1LUp6LTVlTXh3QlRBWjAtd3I5b2s1cU8wUmVDeG8tM0ppLUtPcEdmTDVSVURkM3FXdl9yVHcyNVc4UlNfcyIsIm9yZ0lkIjoiIn0=][POST][200]: { code: 200, msg: null, data: [] }
[2019-02-25T19:48:50.696] [INFO] httpclires - [warehouse/Query?token=eyJhcHBLZXkiOiI1ZTYwYjdhNi1kZGQ5LTRhOTctYThhMy1hMzE3OGJkYjYwMDQiLCJhdXRoSW5mbyI6ImV5SmhiR2NpT2lKUVV6STFOaUo5LmV5SmhZMk5sYzNOZmRHOXJaVzRpT2lKbE5ERXdPR05oT0MxbU1qbGlMVFJtTVRndE9HVXpaQzAzTVRkbU5ERmpaalF5TVRVaUxDSnpkV0lpT2lKbExXTnZiVzFsY21ObElpd2laR0YwWVhNaU9pSTNOMlE1WVRSaE5ESmxNV0kyTWpVMU1HUTBZekU1TXpNNFltUm1NMlZtTXlJc0ltVjRjQ0k2TVRVMU1URXlOVE15Tm4wLmxoTTZSX3V1NjVHZXJESnlkdVM1TUdFUElNQkFtdXhCUGJyYVl3aTlQU0xlRGk4d3d6RTctYmNKRGQ1RDVPdTRlM0I2VzkyUWNfYV9CRGo0amF1SS1ETURmWDR0UUkybjlOUlNDRUZpa19VZVh0T1hFNUFCMEhvRVBYa3lXUndtZzF1WG9ydzJqcmZURDVFa1pJNUoxUjRJWHppRUo4bmRiRlBtZWlMQUxkOCIsIm9yZ0lkIjoiIn0=][POST][200]: { code: 200,
  msg: null,
  data: 
   [ { Code: '001', Name: '总仓' },
     { Code: '002', Name: '播州区龙坑镇勇飞社区服务站(KF)' },
     { Code: '003', Name: '播州区尚嵇镇手机卖场' },
     { Code: '004', Name: '播州区南白镇诚讯电子手机卖场(KF)' },
     { Code: '005', Name: '播州区尚嵇镇铝业大道鑫杰手机卖场' },
     { Code: '006', Name: '赤水县楠桥路授权代理店(KF)' },
     { Code: '007', Name: '赤水县五星路讯捷手机卖场' },
     { Code: '008', Name: '道真县玉溪镇尹珍路授权代理店WB' },
     { Code: '009', Name: '凤冈县环南路银佳引商入柜特许营业厅' },
     { Code: '010', Name: '红花岗中华北路飞利达引商入柜特许营业厅' },
     { Code: '011', Name: '红花岗区大兴路诚讯手机卖场' },
     { Code: '012', Name: '汇川区厦门路星运通手机专卖店' },
     { Code: '013', Name: '汇川区深圳路荣鑫电子社区服务站' },
     { Code: '014', Name: '汇川区高桥镇西安路天成手机卖场' },
     { Code: '015', Name: '汇川区南京路体育馆手机专卖店(KF)' },
     { Code: '016', Name: '汇川区人民路授权代理店' },
     { Code: '017', Name: '湄潭县湄江镇兴湄北路自办营业厅' },
     { Code: '018', Name: '仁怀县国酒大道政府路口飞利达引商入柜特许营业厅' },
     { Code: '019', Name: '仁怀县国酒中路诚讯手机卖场' },
     { Code: '020', Name: '仁怀县国酒南路诚讯二分店手机专卖店（KF)' },
     { Code: '021', Name: '绥阳县洋川镇县医院手机卖场' },
     { Code: '022', Name: '绥阳县洋川镇邮政手机专卖店(KF)' },
     { Code: '023', Name: '务川县都濡镇丹砂园社区服务站' },
     { Code: '024', Name: '务川县民族路立信隆引商入柜' },
     { Code: '025', Name: '务川县翼源科技手机专卖店' },
     { Code: '026', Name: '习水县矿中西路飞利达引商入柜特许营业厅' },
     { Code: '027', Name: '新蒲新区强强手机专卖店' },
     { Code: '028', Name: '新蒲新区新舟易购通讯手机专卖店' },
     { Code: '029', Name: '新蒲区林达阳光城正阳手机专卖店' },
     { Code: '030', Name: '余庆县桂花路茂华盛引商入柜特许营业厅' },
     { Code: '031', Name: '正安县文化路文体中心诚讯手机专卖店' },
     { Code: '032', Name: '红花岗区云马手机卖场(KF)' },
     { Code: '033', Name: '红花岗区东联线讯达手机卖场' },
     { Code: '034', Name: '贵州省遵义市红花岗区北京路88楼下' },
     { Code: '035', Name: '红花岗区深溪镇中兴街手机专卖店（KF）' },
     { Code: '036', Name: '汇川区澳门路飞利达引商入柜特许营业厅' },
     { Code: '037', Name: '汇川区澳门路银佳引商入柜特许营业厅' } ] }
[2019-02-25T19:48:51.623] [INFO] httpclires - [inventory/Query?token=eyJhcHBLZXkiOiI1ZTYwYjdhNi1kZGQ5LTRhOTctYThhMy1hMzE3OGJkYjYwMDQiLCJhdXRoSW5mbyI6ImV5SmhiR2NpT2lKUVV6STFOaUo5LmV5SmhZMk5sYzNOZmRHOXJaVzRpT2lKbU1qVmpabUUwTUMxbU9UVTRMVFJrTnpBdE9ERmlOaTFrTVRsaU4yRXhaVE16WmpZaUxDSnpkV0lpT2lKbExXTnZiVzFsY21ObElpd2laR0YwWVhNaU9pSTNOMlE1WVRSaE5ESmxNV0kyTWpVMU1HUTBZekU1TXpNNFltUm1NMlZtTXlJc0ltVjRjQ0k2TVRVMU1URXlOVE15T0gwLkZZYjg3UENhT0FKWlBXZ1RHMjFXQzZIWUZZSDExTHI3TXhxU0syTlUyWTBmM0U3aHA5eHFiRnl5Y2F3dVZRQW5pNXYyQzZUYjNnTWFoM0g1V1A2MXJkZTZqTzBsT3RYMVd5WFdOS1ppSFQ5eVd4MUI3Z2R1c3dZN2lLM1NXcXl1NXRsZjBJX3pjRmJjd3c3N09UdkgzckVhTU5leEZGNndJYVZyY2o5bU40YyIsIm9yZ0lkIjoiIn0=][POST][200]: { code: 200,
  msg: null,
  data: 
   [ { Code: '0001002',
       Name: '2080g奇强A3+冷水洗衣粉',
       Shorthand: '2080gQQA3+LSXYF',
       Specification: '1*6',
       DefaultBarCode: '6907917011898',
       Disabled: 'False',
       IsPurchase: 'True',
       IsSale: 'True',
       IsMadeSelf: 'False',
       IsMaterial: 'False',
       IsSuite: 'False',
       IsLaborCost: 'False',
       Unit: [Object],
       UnitBySale: [Object],
       UnitByRetail: [Object],
       UnitByPurchase: [Object],
       UnitByStock: [Object],
       UnitByManufacture: [Object],
       InventoryClass: [Object],
       ProductInfo: null },
     { Code: '0001003',
       Name: '200g*5奇强加香肥皂',
       Shorthand: '200g*5QQJXFZ',
       Specification: '1*6',
       DefaultBarCode: '6907917131749',
       Disabled: 'False',
       IsPurchase: 'True',
       IsSale: 'True',
       IsMadeSelf: 'False',
       IsMaterial: 'False',
       IsSuite: 'False',
       IsLaborCost: 'False',
       Unit: [Object],
       UnitBySale: [Object],
       UnitByRetail: [Object],
       UnitByPurchase: [Object],
       UnitByStock: [Object],
       UnitByManufacture: [Object],
       InventoryClass: [Object],
       ProductInfo: null },
     { Code: '0001004',
       Name: '2000g奇强柠檬洗洁精',
       Shorthand: '2000gQQNMXJJ',
       Specification: '1*8',
       DefaultBarCode: '6907917121689',
       Disabled: 'False',
       IsPurchase: 'True',
       IsSale: 'True',
       IsMadeSelf: 'False',
       IsMaterial: 'False',
       IsSuite: 'False',
       IsLaborCost: 'False',
       Unit: [Object],
       UnitBySale: [Object],
       UnitByRetail: [Object],
       UnitByPurchase: [Object],
       UnitByStock: [Object],
       UnitByManufacture: [Object],
       InventoryClass: [Object],
       ProductInfo: null },
     { Code: '0001005',
       Name: '2000g+1800g奇强套装洗衣液',
       Shorthand: '2000g+1800gQQTZXYY',
       Specification: '1*3',
       DefaultBarCode: '',
       Disabled: 'False',
       IsPurchase: 'True',
       IsSale: 'True',
       IsMadeSelf: 'False',
       IsMaterial: 'False',
       IsSuite: 'False',
       IsLaborCost: 'False',
       Unit: [Object],
       UnitBySale: [Object],
       UnitByRetail: [Object],
       UnitByPurchase: [Object],
       UnitByStock: [Object],
       UnitByManufacture: [Object],
       InventoryClass: [Object],
       ProductInfo: null },
     { Code: '0001006',
       Name: '500ml六神艾叶抑菌洗手液（清爽型）',
       Shorthand: '500mlLSAYYJXSY（QSX）',
       Specification: '1*12',
       DefaultBarCode: '6901294200203',
       Disabled: 'False',
       IsPurchase: 'True',
       IsSale: 'True',
       IsMadeSelf: 'False',
       IsMaterial: 'False',
       IsSuite: 'False',
       IsLaborCost: 'False',
       Unit: [Object],
       UnitBySale: [Object],
       UnitByRetail: [Object],
       UnitByPurchase: [Object],
       UnitByStock: [Object],
       UnitByManufacture: [Object],
       InventoryClass: [Object],
       ProductInfo: null },
     { Code: '0001007',
       Name: '450ml六神清透凉爽沐浴露（金桔+柠檬）',
       Shorthand: '450mlLSQTLSMYL（JJ+NM）',
       Specification: '1*20',
       DefaultBarCode: '6901294201378',
       Disabled: 'False',
       IsPurchase: 'True',
       IsSale: 'True',
       IsMadeSelf: 'False',
       IsMaterial: 'False',
       IsSuite: 'False',
       IsLaborCost: 'False',
       Unit: [Object],
       UnitBySale: [Object],
       UnitByRetail: [Object],
       UnitByPurchase: [Object],
       UnitByStock: [Object],
       UnitByManufacture: [Object],
       InventoryClass: [Object],
       ProductInfo: null },
     { Code: '0001009',
       Name: '400ml好迪活力去屑  清爽控油 男士',
       Shorthand: '400mlHDHLQX  QSKY NS',
       Specification: '1*24',
       DefaultBarCode: '6907435672458',
       Disabled: 'False',
       IsPurchase: 'True',
       IsSale: 'True',
       IsMadeSelf: 'False',
       IsMaterial: 'False',
       IsSuite: 'False',
       IsLaborCost: 'False',
       Unit: [Object],
       UnitBySale: [Object],
       UnitByRetail: [Object],
       UnitByPurchase: [Object],
       UnitByStock: [Object],
       UnitByManufacture: [Object],
       InventoryClass: [Object],
       ProductInfo: null },
     { Code: '0001008',
       Name: '雨娇：115生态10连包抽纸',
       Shorthand: 'YJ：115ST10LBCZ',
       Specification: '1*10*10',
       DefaultBarCode: '6940790503227',
       Disabled: 'False',
       IsPurchase: 'True',
       IsSale: 'True',
       IsMadeSelf: 'False',
       IsMaterial: 'False',
       IsSuite: 'False',
       IsLaborCost: 'False',
       Unit: [Object],
       UnitBySale: [Object],
       UnitByRetail: [Object],
       UnitByPurchase: [Object],
       UnitByStock: [Object],
       UnitByManufacture: [Object],
       InventoryClass: [Object],
       ProductInfo: null },
     { Code: '0001010',
       Name: '750ml好迪活力去屑洗发露 营养滋润（深蓝）',
       Shorthand: '750mlHDHLQXXFL YYZR（SL）',
       Specification: '1*16',
       DefaultBarCode: '6907435672472',
       Disabled: 'False',
       IsPurchase: 'True',
       IsSale: 'True',
       IsMadeSelf: 'False',
       IsMaterial: 'False',
       IsSuite: 'False',
       IsLaborCost: 'False',
       Unit: [Object],
       UnitBySale: [Object],
       UnitByRetail: [Object],
       UnitByPurchase: [Object],
       UnitByStock: [Object],
       UnitByManufacture: [Object],
       InventoryClass: [Object],
       ProductInfo: null },
     { Code: '0001011',
       Name: '400ml好迪柔亮柔顺洗发水 倍直垂顺（浅蓝）新',
       Shorthand: '400mlHDRLRSXFS BZCS（QL）X',
       Specification: '1*24',
       DefaultBarCode: '6907435669144',
       Disabled: 'False',
       IsPurchase: 'True',
       IsSale: 'True',
       IsMadeSelf: 'False',
       IsMaterial: 'False',
       IsSuite: 'False',
       IsLaborCost: 'False',
       Unit: [Object],
       UnitBySale: [Object],
       UnitByRetail: [Object],
       UnitByPurchase: [Object],
       UnitByStock: [Object],
       UnitByManufacture: [Object],
       InventoryClass: [Object],
       ProductInfo: null },
     { Code: '0002001',
       Name: '原味纯香菜籽油2L',
       Shorthand: 'YWCXCZY2L',
       Specification: '2L',
       DefaultBarCode: '6926650500100',
       Disabled: 'False',
       IsPurchase: 'True',
       IsSale: 'True',
       IsMadeSelf: 'False',
       IsMaterial: 'False',
       IsSuite: 'False',
       IsLaborCost: 'False',
       Unit: [Object],
       UnitBySale: [Object],
       UnitByRetail: [Object],
       UnitByPurchase: [Object],
       UnitByStock: [Object],
       UnitByManufacture: [Object],
       InventoryClass: [Object],
       ProductInfo: null },
     { Code: '0002002',
       Name: '传统浓香菜籽油2L',
       Shorthand: 'CTNXCZY2L',
       Specification: '2L',
       DefaultBarCode: '6926650500018',
       Disabled: 'False',
       IsPurchase: 'True',
       IsSale: 'True',
       IsMadeSelf: 'False',
       IsMaterial: 'False',
       IsSuite: 'False',
       IsLaborCost: 'False',
       Unit: [Object],
       UnitBySale: [Object],
       UnitByRetail: [Object],
       UnitByPurchase: [Object],
       UnitByStock: [Object],
       UnitByManufacture: [Object],
       InventoryClass: [Object],
       ProductInfo: null },
     { Code: '0002003',
       Name: '原味纯香菜籽油4L',
       Shorthand: 'YWCXCZY4L',
       Specification: '4L',
       DefaultBarCode: '6926650500148',
       Disabled: 'False',
       IsPurchase: 'True',
       IsSale: 'True',
       IsMadeSelf: 'False',
       IsMaterial: 'False',
       IsSuite: 'False',
       IsLaborCost: 'False',
       Unit: [Object],
       UnitBySale: [Object],
       UnitByRetail: [Object],
       UnitByPurchase: [Object],
       UnitByStock: [Object],
       UnitByManufacture: [Object],
       InventoryClass: [Object],
       ProductInfo: null },
     { Code: '0002004',
       Name: '传统浓香菜籽油4L',
       Shorthand: 'CTNXCZY4L',
       Specification: '4L',
       DefaultBarCode: '6926650500032',
       Disabled: 'False',
       IsPurchase: 'True',
       IsSale: 'True',
       IsMadeSelf: 'False',
       IsMaterial: 'False',
       IsSuite: 'False',
       IsLaborCost: 'False',
       Unit: [Object],
       UnitBySale: [Object],
       UnitByRetail: [Object],
       UnitByPurchase: [Object],
       UnitByStock: [Object],
       UnitByManufacture: [Object],
       InventoryClass: [Object],
       ProductInfo: null },
     { Code: '0002005',
       Name: '九吉香菜籽油',
       Shorthand: 'JJXCZY',
       Specification: '5L',
       DefaultBarCode: '6926650500421',
       Disabled: 'False',
       IsPurchase: 'True',
       IsSale: 'True',
       IsMadeSelf: 'False',
       IsMaterial: 'False',
       IsSuite: 'False',
       IsLaborCost: 'False',
       Unit: [Object],
       UnitBySale: [Object],
       UnitByRetail: [Object],
       UnitByPurchase: [Object],
       UnitByStock: [Object],
       UnitByManufacture: [Object],
       InventoryClass: [Object],
       ProductInfo: null },
     { Code: '0002006',
       Name: '九吉纯菜籽油',
       Shorthand: 'JJCCZY',
       Specification: '5L',
       DefaultBarCode: '6926650500438',
       Disabled: 'False',
       IsPurchase: 'True',
       IsSale: 'True',
       IsMadeSelf: 'False',
       IsMaterial: 'False',
       IsSuite: 'False',
       IsLaborCost: 'False',
       Unit: [Object],
       UnitBySale: [Object],
       UnitByRetail: [Object],
       UnitByPurchase: [Object],
       UnitByStock: [Object],
       UnitByManufacture: [Object],
       InventoryClass: [Object],
       ProductInfo: null },
     { Code: '0002007',
       Name: '风味豆豉辣椒',
       Shorthand: 'FWDCLJ',
       Specification: '280',
       DefaultBarCode: '6937454800037',
       Disabled: 'False',
       IsPurchase: 'True',
       IsSale: 'True',
       IsMadeSelf: 'False',
       IsMaterial: 'False',
       IsSuite: 'False',
       IsLaborCost: 'False',
       Unit: [Object],
       UnitBySale: [Object],
       UnitByRetail: [Object],
       UnitByPurchase: [Object],
       UnitByStock: [Object],
       UnitByManufacture: [Object],
       InventoryClass: [Object],
       ProductInfo: null },
     { Code: '0002008',
       Name: '蒜香油辣椒',
       Shorthand: 'SXYLJ',
       Specification: '280',
       DefaultBarCode: '6937454800020',
       Disabled: 'False',
       IsPurchase: 'True',
       IsSale: 'True',
       IsMadeSelf: 'False',
       IsMaterial: 'False',
       IsSuite: 'False',
       IsLaborCost: 'False',
       Unit: [Object],
       UnitBySale: [Object],
       UnitByRetail: [Object],
       UnitByPurchase: [Object],
       UnitByStock: [Object],
       UnitByManufacture: [Object],
       InventoryClass: [Object],
       ProductInfo: null },
     { Code: '0002009',
       Name: '去骨鸡辣椒',
       Shorthand: 'QGJLJ',
       Specification: '200',
       DefaultBarCode: '6937454800051',
       Disabled: 'False',
       IsPurchase: 'True',
       IsSale: 'True',
       IsMadeSelf: 'False',
       IsMaterial: 'False',
       IsSuite: 'False',
       IsLaborCost: 'False',
       Unit: [Object],
       UnitBySale: [Object],
       UnitByRetail: [Object],
       UnitByPurchase: [Object],
       UnitByStock: [Object],
       UnitByManufacture: [Object],
       InventoryClass: [Object],
       ProductInfo: null },
     { Code: '0002010',
       Name: '香辣牛肉酱',
       Shorthand: 'XLNRJ',
       Specification: '210',
       DefaultBarCode: '6937454800174',
       Disabled: 'False',
       IsPurchase: 'True',
       IsSale: 'True',
       IsMadeSelf: 'False',
       IsMaterial: 'False',
       IsSuite: 'False',
       IsLaborCost: 'False',
       Unit: [Object],
       UnitBySale: [Object],
       UnitByRetail: [Object],
       UnitByPurchase: [Object],
       UnitByStock: [Object],
       UnitByManufacture: [Object],
       InventoryClass: [Object],
       ProductInfo: null },
     { Code: '0002011',
       Name: '芝麻蒜香油辣椒',
       Shorthand: 'ZMSXYLJ',
       Specification: '200',
       DefaultBarCode: '6937454800082',
       Disabled: 'False',
       IsPurchase: 'True',
       IsSale: 'True',
       IsMadeSelf: 'False',
       IsMaterial: 'False',
       IsSuite: 'False',
       IsLaborCost: 'False',
       Unit: [Object],
       UnitBySale: [Object],
       UnitByRetail: [Object],
       UnitByPurchase: [Object],
       UnitByStock: [Object],
       UnitByManufacture: [Object],
       InventoryClass: [Object],
       ProductInfo: null },
     { Code: '0002012',
       Name: '潘祥记彩旗伴月礼',
       Shorthand: 'PXJCQBYL',
       Specification: '600g',
       DefaultBarCode: '',
       Disabled: 'False',
       IsPurchase: 'True',
       IsSale: 'True',
       IsMadeSelf: 'False',
       IsMaterial: 'False',
       IsSuite: 'False',
       IsLaborCost: 'False',
       Unit: [Object],
       UnitBySale: [Object],
       UnitByRetail: [Object],
       UnitByPurchase: [Object],
       UnitByStock: [Object],
       UnitByManufacture: [Object],
       InventoryClass: [Object],
       ProductInfo: null },
     { Code: '0002013',
       Name: '潘祥记轻舞飞扬',
       Shorthand: 'PXJQWFY',
       Specification: '480g',
       DefaultBarCode: '',
       Disabled: 'False',
       IsPurchase: 'True',
       IsSale: 'True',
       IsMadeSelf: 'False',
       IsMaterial: 'False',
       IsSuite: 'False',
       IsLaborCost: 'False',
       Unit: [Object],
       UnitBySale: [Object],
       UnitByRetail: [Object],
       UnitByPurchase: [Object],
       UnitByStock: [Object],
       UnitByManufacture: [Object],
       InventoryClass: [Object],
       ProductInfo: null },
     { Code: '0002014',
       Name: '潘祥记散装月饼',
       Shorthand: 'PXJSZYB',
       Specification: '1000g',
       DefaultBarCode: '',
       Disabled: 'False',
       IsPurchase: 'True',
       IsSale: 'True',
       IsMadeSelf: 'False',
       IsMaterial: 'False',
       IsSuite: 'False',
       IsLaborCost: 'False',
       Unit: [Object],
       UnitBySale: [Object],
       UnitByRetail: [Object],
       UnitByPurchase: [Object],
       UnitByStock: [Object],
       UnitByManufacture: [Object],
       InventoryClass: [Object],
       ProductInfo: null },
     { Code: '0002015',
       Name: '集味村思乡情',
       Shorthand: 'JWCSXQ',
       Specification: '430g',
       DefaultBarCode: '',
       Disabled: 'False',
       IsPurchase: 'True',
       IsSale: 'True',
       IsMadeSelf: 'False',
       IsMaterial: 'False',
       IsSuite: 'False',
       IsLaborCost: 'False',
       Unit: [Object],
       UnitBySale: [Object],
       UnitByRetail: [Object],
       UnitByPurchase: [Object],
       UnitByStock: [Object],
       UnitByManufacture: [Object],
       InventoryClass: [Object],
       ProductInfo: null },
     { Code: '0002016',
       Name: '六甲散装',
       Shorthand: 'LJSZ',
       Specification: '750g',
       DefaultBarCode: '',
       Disabled: 'False',
       IsPurchase: 'True',
       IsSale: 'True',
       IsMadeSelf: 'False',
       IsMaterial: 'False',
       IsSuite: 'False',
       IsLaborCost: 'False',
       Unit: [Object],
       UnitBySale: [Object],
       UnitByRetail: [Object],
       UnitByPurchase: [Object],
       UnitByStock: [Object],
       UnitByManufacture: [Object],
       InventoryClass: [Object],
       ProductInfo: null },
     { Code: '0001001',
       Name: '荷影丽人12卷 本色卫生纸卷纸',
       Shorthand: 'HYLR12J BSWSZJZ',
       Specification: '12卷',
       DefaultBarCode: '564565456uytr123i',
       Disabled: 'False',
       IsPurchase: 'True',
       IsSale: 'True',
       IsMadeSelf: 'False',
       IsMaterial: 'False',
       IsSuite: 'False',
       IsLaborCost: 'False',
       Unit: [Object],
       UnitBySale: [Object],
       UnitByRetail: [Object],
       UnitByPurchase: [Object],
       UnitByStock: [Object],
       UnitByManufacture: [Object],
       InventoryClass: [Object],
       ProductInfo: null } ] }
[2019-02-25T19:48:52.448] [INFO] httpclires - [login][POST][200]: { code: 200,
  msg: null,
  data: 'eyJhcHBLZXkiOiI1ZTYwYjdhNi1kZGQ5LTRhOTctYThhMy1hMzE3OGJkYjYwMDQiLCJhdXRoSW5mbyI6ImV5SmhiR2NpT2lKUVV6STFOaUo5LmV5SmhZMk5sYzNOZmRHOXJaVzRpT2lJelpqazVNV0UwTUMwd01HRTJMVFJpTXpjdFlUSTBOQzB5WlRrME5tSXpaalF3WmpraUxDSnpkV0lpT2lKbExXTnZiVzFsY21ObElpd2laR0YwWVhNaU9pSTNOMlE1WVRSaE5ESmxNV0kyTWpVMU1HUTBZekU1TXpNNFltUm1NMlZtTXlJc0ltVjRjQ0k2TVRVMU1URXlOVE16TUgwLlhrRVVJTldOWm13YmVFbEZ6OEJqQlYtVWY4SFJXMmh3eVhDbndRck45UmZJVkNDd0w4dVhldW95VGQ0QU1sV0hZQVlHNkg2dThXRTNBOVdRbnpYX3BFSE5ITWE4NThKd0RINFVsa2JXX1VKdkliWi1XZ2prOXFSdkpfem9Dc0d2bXBLclBRT2ZFUnl5RS1HdlpqNk9pREFFVEthbC1lTjhNWk05NnQ0N21PWSIsIm9yZ0lkIjoiIn0=' }
[2019-02-25T19:48:52.546] [INFO] httpclires - [login][POST][200]: { code: 200,
  msg: null,
  data: 'eyJhcHBLZXkiOiI1ZTYwYjdhNi1kZGQ5LTRhOTctYThhMy1hMzE3OGJkYjYwMDQiLCJhdXRoSW5mbyI6ImV5SmhiR2NpT2lKUVV6STFOaUo5LmV5SmhZMk5sYzNOZmRHOXJaVzRpT2lJNVlqRXhNemt6WkMwME16RTRMVFJrTkdVdFlqTTVNeTA0WWpRMk1XRXpZell4TldRaUxDSnpkV0lpT2lKbExXTnZiVzFsY21ObElpd2laR0YwWVhNaU9pSTNOMlE1WVRSaE5ESmxNV0kyTWpVMU1HUTBZekU1TXpNNFltUm1NMlZtTXlJc0ltVjRjQ0k2TVRVMU1URXlOVE16TUgwLktyUmZmbG1oWUdieEJFTmYtN1luX3ZXTGJpdnZlb1JaclJkYmZvTTdCQzdrWUh6bEdkSTQyNVdLU0prOTRtTnFEWThjY2pManJ2bDlkZlJoVVkzZzE4VmEwWlpHaWxESHhDdUhkT2V2aTJZLS1pNXlIOUdRSG5KQWY4NFRZLXJuTHQwTndZOFc1aGIwbUdvSHFuNFBTTFRMZFFxM3B3ckJfNUNOMEtrTHJvUSIsIm9yZ0lkIjoiIn0=' }
[2019-02-25T19:48:53.028] [INFO] httpclires - [currentStock/Query?token=eyJhcHBLZXkiOiI1ZTYwYjdhNi1kZGQ5LTRhOTctYThhMy1hMzE3OGJkYjYwMDQiLCJhdXRoSW5mbyI6ImV5SmhiR2NpT2lKUVV6STFOaUo5LmV5SmhZMk5sYzNOZmRHOXJaVzRpT2lJelpqazVNV0UwTUMwd01HRTJMVFJpTXpjdFlUSTBOQzB5WlRrME5tSXpaalF3WmpraUxDSnpkV0lpT2lKbExXTnZiVzFsY21ObElpd2laR0YwWVhNaU9pSTNOMlE1WVRSaE5ESmxNV0kyTWpVMU1HUTBZekU1TXpNNFltUm1NMlZtTXlJc0ltVjRjQ0k2TVRVMU1URXlOVE16TUgwLlhrRVVJTldOWm13YmVFbEZ6OEJqQlYtVWY4SFJXMmh3eVhDbndRck45UmZJVkNDd0w4dVhldW95VGQ0QU1sV0hZQVlHNkg2dThXRTNBOVdRbnpYX3BFSE5ITWE4NThKd0RINFVsa2JXX1VKdkliWi1XZ2prOXFSdkpfem9Dc0d2bXBLclBRT2ZFUnl5RS1HdlpqNk9pREFFVEthbC1lTjhNWk05NnQ0N21PWSIsIm9yZ0lkIjoiIn0=][POST][200]: { code: 200, msg: null, data: [] }
[2019-02-25T19:48:58.229] [INFO] httpclires - [inventoryPrice/QueryInventoryPrice?token=eyJhcHBLZXkiOiI1ZTYwYjdhNi1kZGQ5LTRhOTctYThhMy1hMzE3OGJkYjYwMDQiLCJhdXRoSW5mbyI6ImV5SmhiR2NpT2lKUVV6STFOaUo5LmV5SmhZMk5sYzNOZmRHOXJaVzRpT2lJNVlqRXhNemt6WkMwME16RTRMVFJrTkdVdFlqTTVNeTA0WWpRMk1XRXpZell4TldRaUxDSnpkV0lpT2lKbExXTnZiVzFsY21ObElpd2laR0YwWVhNaU9pSTNOMlE1WVRSaE5ESmxNV0kyTWpVMU1HUTBZekU1TXpNNFltUm1NMlZtTXlJc0ltVjRjQ0k2TVRVMU1URXlOVE16TUgwLktyUmZmbG1oWUdieEJFTmYtN1luX3ZXTGJpdnZlb1JaclJkYmZvTTdCQzdrWUh6bEdkSTQyNVdLU0prOTRtTnFEWThjY2pManJ2bDlkZlJoVVkzZzE4VmEwWlpHaWxESHhDdUhkT2V2aTJZLS1pNXlIOUdRSG5KQWY4NFRZLXJuTHQwTndZOFc1aGIwbUdvSHFuNFBTTFRMZFFxM3B3ckJfNUNOMEtrTHJvUSIsIm9yZ0lkIjoiIn0=][POST][200]: { code: 200,
  msg: null,
  data: 
   [ { RowID: 0,
       Inventory: [Object],
       Unit: [Object],
       Price: null,
       DiscountRate: null,
       DiscountPrice: 22,
       CashBackReturn: null,
       WithTax: true },
     { RowID: 0,
       Inventory: [Object],
       Unit: [Object],
       Price: null,
       DiscountRate: null,
       DiscountPrice: 14,
       CashBackReturn: null,
       WithTax: true },
     { RowID: 0,
       Inventory: [Object],
       Unit: [Object],
       Price: null,
       DiscountRate: null,
       DiscountPrice: 17,
       CashBackReturn: null,
       WithTax: true },
     { RowID: 0,
       Inventory: [Object],
       Unit: [Object],
       Price: null,
       DiscountRate: null,
       DiscountPrice: 50,
       CashBackReturn: null,
       WithTax: true },
     { RowID: 0,
       Inventory: [Object],
       Unit: [Object],
       Price: null,
       DiscountRate: null,
       DiscountPrice: 20,
       CashBackReturn: null,
       WithTax: true },
     { RowID: 0,
       Inventory: [Object],
       Unit: [Object],
       Price: null,
       DiscountRate: null,
       DiscountPrice: 24,
       CashBackReturn: null,
       WithTax: true },
     { RowID: 0,
       Inventory: [Object],
       Unit: [Object],
       Price: null,
       DiscountRate: null,
       DiscountPrice: 27,
       CashBackReturn: null,
       WithTax: true },
     { RowID: 0,
       Inventory: [Object],
       Unit: [Object],
       Price: null,
       DiscountRate: null,
       DiscountPrice: 17,
       CashBackReturn: null,
       WithTax: true },
     { RowID: 0,
       Inventory: [Object],
       Unit: [Object],
       Price: null,
       DiscountRate: null,
       DiscountPrice: 40,
       CashBackReturn: null,
       WithTax: true },
     { RowID: 0,
       Inventory: [Object],
       Unit: [Object],
       Price: null,
       DiscountRate: null,
       DiscountPrice: null,
       CashBackReturn: null,
       WithTax: true },
     { RowID: 0,
       Inventory: [Object],
       Unit: [Object],
       Price: null,
       DiscountRate: null,
       DiscountPrice: 30,
       CashBackReturn: null,
       WithTax: true },
     { RowID: 0,
       Inventory: [Object],
       Unit: [Object],
       Price: null,
       DiscountRate: null,
       DiscountPrice: 45,
       CashBackReturn: null,
       WithTax: true },
     { RowID: 0,
       Inventory: [Object],
       Unit: [Object],
       Price: null,
       DiscountRate: null,
       DiscountPrice: 55,
       CashBackReturn: null,
       WithTax: true },
     { RowID: 0,
       Inventory: [Object],
       Unit: [Object],
       Price: null,
       DiscountRate: null,
       DiscountPrice: 80,
       CashBackReturn: null,
       WithTax: true },
     { RowID: 0,
       Inventory: [Object],
       Unit: [Object],
       Price: null,
       DiscountRate: null,
       DiscountPrice: 70,
       CashBackReturn: null,
       WithTax: true },
     { RowID: 0,
       Inventory: [Object],
       Unit: [Object],
       Price: null,
       DiscountRate: null,
       DiscountPrice: 60,
       CashBackReturn: null,
       WithTax: true },
     { RowID: 0,
       Inventory: [Object],
       Unit: [Object],
       Price: null,
       DiscountRate: null,
       DiscountPrice: 8,
       CashBackReturn: null,
       WithTax: true },
     { RowID: 0,
       Inventory: [Object],
       Unit: [Object],
       Price: null,
       DiscountRate: null,
       DiscountPrice: 10,
       CashBackReturn: null,
       WithTax: true },
     { RowID: 0,
       Inventory: [Object],
       Unit: [Object],
       Price: null,
       DiscountRate: null,
       DiscountPrice: 10,
       CashBackReturn: null,
       WithTax: true },
     { RowID: 0,
       Inventory: [Object],
       Unit: [Object],
       Price: null,
       DiscountRate: null,
       DiscountPrice: 10,
       CashBackReturn: null,
       WithTax: true },
     { RowID: 0,
       Inventory: [Object],
       Unit: [Object],
       Price: null,
       DiscountRate: null,
       DiscountPrice: 20,
       CashBackReturn: null,
       WithTax: true },
     { RowID: 0,
       Inventory: [Object],
       Unit: [Object],
       Price: null,
       DiscountRate: null,
       DiscountPrice: 88,
       CashBackReturn: null,
       WithTax: true },
     { RowID: 0,
       Inventory: [Object],
       Unit: [Object],
       Price: null,
       DiscountRate: null,
       DiscountPrice: 79,
       CashBackReturn: null,
       WithTax: true },
     { RowID: 0,
       Inventory: [Object],
       Unit: [Object],
       Price: null,
       DiscountRate: null,
       DiscountPrice: 105,
       CashBackReturn: null,
       WithTax: true },
     { RowID: 0,
       Inventory: [Object],
       Unit: [Object],
       Price: null,
       DiscountRate: null,
       DiscountPrice: 42,
       CashBackReturn: null,
       WithTax: true },
     { RowID: 0,
       Inventory: [Object],
       Unit: [Object],
       Price: null,
       DiscountRate: null,
       DiscountPrice: 46,
       CashBackReturn: null,
       WithTax: true },
     { RowID: 0,
       Inventory: [Object],
       Unit: [Object],
       Price: null,
       DiscountRate: null,
       DiscountPrice: 15,
       CashBackReturn: null,
       WithTax: true } ] }
