[2018-09-29T00:00:41.727] [INFO] httpclires - [login][POST][200]: { code: 200,
  msg: null,
  data: 'eyJhcHBLZXkiOiI1ZTYwYjdhNi1kZGQ5LTRhOTctYThhMy1hMzE3OGJkYjYwMDQiLCJhdXRoSW5mbyI6ImV5SmhiR2NpT2lKUVV6STFOaUo5LmV5SmhZMk5sYzNOZmRHOXJaVzRpT2lJNU1qWTVabVZqWXkwM05qaGtMVFJoWVdJdE9HTTBaQzB4TkRNMFptWXpaamhrWW1JaUxDSnpkV0lpT2lKbExXTnZiVzFsY21ObElpd2laR0YwWVhNaU9pSTNOMlE1WVRSaE5ESmxNV0kyTWpVMU1HUTBZekU1TXpNNFltUm1NMlZtTXlJc0ltVjRjQ0k2TVRVek9ERTRNRFExTVgwLmR0b2wwaUtKSUZzc2dyOHJGZVV0WFVwSE9iMDFJQkhKNnNtU0RsVnBlVkJuVlFNR2kzTGU4SXZFNmdmcnV5amRMTnJwWnNCZDJxTHp5VTFIOVE3bUdlbjRYUWN3ZVlHZklqV3BKYUNIYzVsYnIyN3BTOGFhdkRZMnhfMzgxYVN3NnlwNjRUX2JYblFtTXpVelpIdXNFcDYxYnl6dElnb0VaNlFpSjVlTkhOMCIsIm9yZ0lkIjoiIn0=' }
[2018-09-29T00:00:48.454] [INFO] httpclires - [login][POST][200]: { code: 200,
  msg: null,
  data: 'eyJhcHBLZXkiOiI1ZTYwYjdhNi1kZGQ5LTRhOTctYThhMy1hMzE3OGJkYjYwMDQiLCJhdXRoSW5mbyI6ImV5SmhiR2NpT2lKUVV6STFOaUo5LmV5SmhZMk5sYzNOZmRHOXJaVzRpT2lJME0yWTVabU5pWlMxa09EUTBMVFF4TkRBdFlUZ3daaTB6WmpOallqUXpZMkk1WlRraUxDSnpkV0lpT2lKbExXTnZiVzFsY21ObElpd2laR0YwWVhNaU9pSTNOMlE1WVRSaE5ESmxNV0kyTWpVMU1HUTBZekU1TXpNNFltUm1NMlZtTXlJc0ltVjRjQ0k2TVRVek9ERTRNRFExTjMwLkF6U0ptRWNJb0VZX2ZZNVhhTTFpUmV6dDdRQUNRUklsWVk5X2Y3YTdSSHhuZmpSOS1VUXhKc3FGZWZnSlowTHBneDlOdXFad0MtWlg2MVVXWEtNaXBFOE4weDBrY3RCek45UTJpODM3TDlycFhrb0Y0VHE5dXk5anVtOTNPQXVJTDhwZTNtc0tOcE4xUTZfa1NTU0tjR2hyXzBDSFBzNXhZX3RxV3AxaUNfMCIsIm9yZ0lkIjoiIn0=' }
[2018-09-29T00:00:49.146] [INFO] httpclires - [login][POST][200]: { code: 200,
  msg: null,
  data: 'eyJhcHBLZXkiOiI1ZTYwYjdhNi1kZGQ5LTRhOTctYThhMy1hMzE3OGJkYjYwMDQiLCJhdXRoSW5mbyI6ImV5SmhiR2NpT2lKUVV6STFOaUo5LmV5SmhZMk5sYzNOZmRHOXJaVzRpT2lKbU9EWm1NMlJrTlMwNE0yVXpMVFEzT0RVdE9EZzBPQzAzTkRRellURXlNamc1WlRFaUxDSnpkV0lpT2lKbExXTnZiVzFsY21ObElpd2laR0YwWVhNaU9pSTNOMlE1WVRSaE5ESmxNV0kyTWpVMU1HUTBZekU1TXpNNFltUm1NMlZtTXlJc0ltVjRjQ0k2TVRVek9ERTRNRFExT0gwLlUyaFZITmIxV0QzNldHZF9FeENDc3FwWFpra1ZwZzhiTnZFVnJuTXNxRGZiR2ZnZGpSdVR0RjNTaDZsOFBVb043bXo2bTlQNW1ESHJybVl6YW1yaFFFMTdZT3Z3WmZpel9PRzdkMGU2bC1xOXRuRzVKRk0tcE5WcFdrRkYxWmtIRFJ4T3l3dFM3SW1LWlhBNDhLVG52RjlHcFdYTy1JVmZxZU52OUFLTm93VSIsIm9yZ0lkIjoiIn0=' }
[2018-09-29T00:00:49.173] [INFO] httpclires - [warehouse/Query?token=eyJhcHBLZXkiOiI1ZTYwYjdhNi1kZGQ5LTRhOTctYThhMy1hMzE3OGJkYjYwMDQiLCJhdXRoSW5mbyI6ImV5SmhiR2NpT2lKUVV6STFOaUo5LmV5SmhZMk5sYzNOZmRHOXJaVzRpT2lJME0yWTVabU5pWlMxa09EUTBMVFF4TkRBdFlUZ3daaTB6WmpOallqUXpZMkk1WlRraUxDSnpkV0lpT2lKbExXTnZiVzFsY21ObElpd2laR0YwWVhNaU9pSTNOMlE1WVRSaE5ESmxNV0kyTWpVMU1HUTBZekU1TXpNNFltUm1NMlZtTXlJc0ltVjRjQ0k2TVRVek9ERTRNRFExTjMwLkF6U0ptRWNJb0VZX2ZZNVhhTTFpUmV6dDdRQUNRUklsWVk5X2Y3YTdSSHhuZmpSOS1VUXhKc3FGZWZnSlowTHBneDlOdXFad0MtWlg2MVVXWEtNaXBFOE4weDBrY3RCek45UTJpODM3TDlycFhrb0Y0VHE5dXk5anVtOTNPQXVJTDhwZTNtc0tOcE4xUTZfa1NTU0tjR2hyXzBDSFBzNXhZX3RxV3AxaUNfMCIsIm9yZ0lkIjoiIn0=][POST][200]: { code: 200,
  msg: null,
  data: 
   [ { Code: '001', Name: '总仓' },
     { Code: '017', Name: '湄潭县湄江镇兴湄北路自办营业厅' } ] }
[2018-09-29T00:00:49.237] [INFO] httpclires - [login][POST][200]: { code: 200,
  msg: null,
  data: 'eyJhcHBLZXkiOiI1ZTYwYjdhNi1kZGQ5LTRhOTctYThhMy1hMzE3OGJkYjYwMDQiLCJhdXRoSW5mbyI6ImV5SmhiR2NpT2lKUVV6STFOaUo5LmV5SmhZMk5sYzNOZmRHOXJaVzRpT2lKak9URm1NalpqWWkwM01EZzRMVFF3TkRNdFlqQmlOeTAzTURobE1qUXlPRFkxWmpFaUxDSnpkV0lpT2lKbExXTnZiVzFsY21ObElpd2laR0YwWVhNaU9pSTNOMlE1WVRSaE5ESmxNV0kyTWpVMU1HUTBZekU1TXpNNFltUm1NMlZtTXlJc0ltVjRjQ0k2TVRVek9ERTRNRFExT0gwLmhmMk1vR1lLS2lLRWk4VEhmME1EZTVRQXV6b1BDLXVqaG5Tck1FVTYza1RjTzRaQ0RkUWE1U0FibjBiZU00aXhScTU0amRVb3Nlal9oUm52TUFGUU9IMU0zdDNYcmIxUENMSGZxRm5Uc0l0cTNkeXhPdFg1QWtkM1dhYjAzZjVrQ1E1aEVfY3Y3R1BoUVlBUXB6Rzh6ZzAwTmpKbWJEQlFoSHp1dWdYZ1VEMCIsIm9yZ0lkIjoiIn0=' }
[2018-09-29T00:00:50.041] [INFO] httpclires - [Project/Query?token=eyJhcHBLZXkiOiI1ZTYwYjdhNi1kZGQ5LTRhOTctYThhMy1hMzE3OGJkYjYwMDQiLCJhdXRoSW5mbyI6ImV5SmhiR2NpT2lKUVV6STFOaUo5LmV5SmhZMk5sYzNOZmRHOXJaVzRpT2lKbU9EWm1NMlJrTlMwNE0yVXpMVFEzT0RVdE9EZzBPQzAzTkRRellURXlNamc1WlRFaUxDSnpkV0lpT2lKbExXTnZiVzFsY21ObElpd2laR0YwWVhNaU9pSTNOMlE1WVRSaE5ESmxNV0kyTWpVMU1HUTBZekU1TXpNNFltUm1NMlZtTXlJc0ltVjRjQ0k2TVRVek9ERTRNRFExT0gwLlUyaFZITmIxV0QzNldHZF9FeENDc3FwWFpra1ZwZzhiTnZFVnJuTXNxRGZiR2ZnZGpSdVR0RjNTaDZsOFBVb043bXo2bTlQNW1ESHJybVl6YW1yaFFFMTdZT3Z3WmZpel9PRzdkMGU2bC1xOXRuRzVKRk0tcE5WcFdrRkYxWmtIRFJ4T3l3dFM3SW1LWlhBNDhLVG52RjlHcFdYTy1JVmZxZU52OUFLTm93VSIsIm9yZ0lkIjoiIn0=][POST][200]: { code: 200,
  msg: null,
  data: 
   [ { ID: 1,
       Name: '和包支付',
       Code: 'FL01',
       Disabled: false,
       CreatedTime: '/Date(-62135596800000)/',
       SequenceNumber: 0,
       Idclass: null,
       ProjectClass: null,
       class: null,
       IdMarketingOrgan: null,
       MarketingOrgan: null,
       WeakTypeDtoName: null,
       DtoClassName: 'Ufida.T.AA.DTO.ProjectDTO',
       IsWeakType: false,
       AliName: 'ProjectDTO',
       Status: 0,
       EnableHasChanged: false,
       ChangedProperty: [],
       DynamicPropertyKeys: [],
       DynamicPropertyValues: [],
       DeleteID: 1,
       Updated: '/Date(1538150459540)/',
       UpdatedBy: null,
       InnerSearchLevel: 0,
       RecordChange: true,
       InnerPropInParentRecure: null,
       Ts: null,
       CaseSensitive: false,
       RecordDynamicNullValue: false,
       data: null } ] }
[2018-09-29T00:00:50.070] [INFO] httpclires - [person/Query?token=eyJhcHBLZXkiOiI1ZTYwYjdhNi1kZGQ5LTRhOTctYThhMy1hMzE3OGJkYjYwMDQiLCJhdXRoSW5mbyI6ImV5SmhiR2NpT2lKUVV6STFOaUo5LmV5SmhZMk5sYzNOZmRHOXJaVzRpT2lKak9URm1NalpqWWkwM01EZzRMVFF3TkRNdFlqQmlOeTAzTURobE1qUXlPRFkxWmpFaUxDSnpkV0lpT2lKbExXTnZiVzFsY21ObElpd2laR0YwWVhNaU9pSTNOMlE1WVRSaE5ESmxNV0kyTWpVMU1HUTBZekU1TXpNNFltUm1NMlZtTXlJc0ltVjRjQ0k2TVRVek9ERTRNRFExT0gwLmhmMk1vR1lLS2lLRWk4VEhmME1EZTVRQXV6b1BDLXVqaG5Tck1FVTYza1RjTzRaQ0RkUWE1U0FibjBiZU00aXhScTU0amRVb3Nlal9oUm52TUFGUU9IMU0zdDNYcmIxUENMSGZxRm5Uc0l0cTNkeXhPdFg1QWtkM1dhYjAzZjVrQ1E1aEVfY3Y3R1BoUVlBUXB6Rzh6ZzAwTmpKbWJEQlFoSHp1dWdYZ1VEMCIsIm9yZ0lkIjoiIn0=][POST][200]: { code: 200, msg: null, data: [] }
[2018-09-29T00:03:07.773] [INFO] httpclires - [login][POST][200]: { code: 200,
  msg: null,
  data: 'eyJhcHBLZXkiOiI1ZTYwYjdhNi1kZGQ5LTRhOTctYThhMy1hMzE3OGJkYjYwMDQiLCJhdXRoSW5mbyI6ImV5SmhiR2NpT2lKUVV6STFOaUo5LmV5SmhZMk5sYzNOZmRHOXJaVzRpT2lKbE16YzVZV0l4TkMxa01EZ3lMVFJpTTJZdFlqSXhNUzB5TURkalptTmhOelF4TVdNaUxDSnpkV0lpT2lKbExXTnZiVzFsY21ObElpd2laR0YwWVhNaU9pSTNOMlE1WVRSaE5ESmxNV0kyTWpVMU1HUTBZekU1TXpNNFltUm1NMlZtTXlJc0ltVjRjQ0k2TVRVek9ERTRNRFU1TjMwLmtQYV9VdUlGZTI1WmxrQllWUUg0TmtLa0NCNGlZT0d6cWtFN1MxY2VDVDdfbGxMTDZsUlFJc20zYVlMRU5fM2E0WTJvNGV4SFl0TXlnempqU1laem9xQ2VJTGJCeW0ybjJRbnVGc0UzYlZHSmdLQUJ1Z0MxVWRCVks4YWR2d3NTQmdGMGRnc2xNMHlyc0F2ZGZ6R3NIZTJvcm1Ld3ZHMFI4SjJQeXhFUWZ0TSIsIm9yZ0lkIjoiIn0=' }
[2018-09-29T00:03:15.217] [INFO] httpclires - [login][POST][200]: { code: 200,
  msg: null,
  data: 'eyJhcHBLZXkiOiI1ZTYwYjdhNi1kZGQ5LTRhOTctYThhMy1hMzE3OGJkYjYwMDQiLCJhdXRoSW5mbyI6ImV5SmhiR2NpT2lKUVV6STFOaUo5LmV5SmhZMk5sYzNOZmRHOXJaVzRpT2lJeFpqWTNNR0V6WmkweU5tRmtMVFJrTVRBdE9XWm1NQzAxTldVM1lqa3pPRE5sTmpVaUxDSnpkV0lpT2lKbExXTnZiVzFsY21ObElpd2laR0YwWVhNaU9pSTNOMlE1WVRSaE5ESmxNV0kyTWpVMU1HUTBZekU1TXpNNFltUm1NMlZtTXlJc0ltVjRjQ0k2TVRVek9ERTRNRFl3TkgwLkJJTEJuZmc3REkyeVZMRXgzTUNQVUdNQkptT1hsSlpLaENPN3ZNV0djbG03elF4c3pDaW9TaEwxU3h4RkZBLUxmZG8zQ3kyM2NiYU8yY0FzQ3JGUTd6M0FPc3lwZEU4QmtZZTk2ZVpxTFg3Z2Y5LWFrdzJPX19aSzlPcjNPNFRYcG4td0hCNEdaY09jOVB2a0NtdFFsdi1rT2tSQ29MbXB0R1YyT3R6Y3RaTSIsIm9yZ0lkIjoiIn0=' }
[2018-09-29T00:03:15.301] [INFO] httpclires - [login][POST][200]: { code: 200,
  msg: null,
  data: 'eyJhcHBLZXkiOiI1ZTYwYjdhNi1kZGQ5LTRhOTctYThhMy1hMzE3OGJkYjYwMDQiLCJhdXRoSW5mbyI6ImV5SmhiR2NpT2lKUVV6STFOaUo5LmV5SmhZMk5sYzNOZmRHOXJaVzRpT2lKa1pERm1PR1prT0MwMllUWTBMVFF3TXpBdE9USm1OaTB4WTJaak5USXlNamd6T1dVaUxDSnpkV0lpT2lKbExXTnZiVzFsY21ObElpd2laR0YwWVhNaU9pSTNOMlE1WVRSaE5ESmxNV0kyTWpVMU1HUTBZekU1TXpNNFltUm1NMlZtTXlJc0ltVjRjQ0k2TVRVek9ERTRNRFl3TkgwLmRsaDdPMDRtLXFkQl9YYmllUW9hMWFNZWdvY3ZxS3ZPVkRvU3NNQ0pHdXg1R210NmRvWnFOcUc3WDVuYzNEeW9JRGpNM1Bxc0hoRFNLVkJWeUJiY3huYVg0T3czZGtXYmZfOTVkYTQ3Z1V6RkJ4T0FpWmNwMXgxMmEzalduZ0NhbEZmbDFjWVlkVHZTcjJwRWItUmZvZzllVmNXaTcwQXB5elFGX3ZidjhYUSIsIm9yZ0lkIjoiIn0=' }
[2018-09-29T00:03:15.684] [INFO] httpclires - [login][POST][200]: { code: 200,
  msg: null,
  data: 'eyJhcHBLZXkiOiI1ZTYwYjdhNi1kZGQ5LTRhOTctYThhMy1hMzE3OGJkYjYwMDQiLCJhdXRoSW5mbyI6ImV5SmhiR2NpT2lKUVV6STFOaUo5LmV5SmhZMk5sYzNOZmRHOXJaVzRpT2lJNFkySXpOVGxoWmkwNFlXTTVMVFF6TVRRdFltRTJaQzAxWm1NM1lURmxaakl6WVRBaUxDSnpkV0lpT2lKbExXTnZiVzFsY21ObElpd2laR0YwWVhNaU9pSTNOMlE1WVRSaE5ESmxNV0kyTWpVMU1HUTBZekU1TXpNNFltUm1NMlZtTXlJc0ltVjRjQ0k2TVRVek9ERTRNRFl3TlgwLmItT3A1Y3VaUlBTWTROeE9MaGdYUnhFM2dRU0dGcUotMm5Kbm5CUnhzWFJ3a0hzVW9ZdTNGc01pT3QwQmRySXBPdHhqcGVyb2d0alItQldYU1g3NXhQdHNqejlWTS1RWkxraWxFblVCVV93YzNIMFlyUl9CazVDR0FrV0R6eTlyQVIxeEFLZFB3azE0T1l3OXhZWl9OZHUwcHpoOC1VZzd1bjR6VTBHZ291USIsIm9yZ0lkIjoiIn0=' }
[2018-09-29T00:03:16.158] [INFO] httpclires - [person/Query?token=eyJhcHBLZXkiOiI1ZTYwYjdhNi1kZGQ5LTRhOTctYThhMy1hMzE3OGJkYjYwMDQiLCJhdXRoSW5mbyI6ImV5SmhiR2NpT2lKUVV6STFOaUo5LmV5SmhZMk5sYzNOZmRHOXJaVzRpT2lKa1pERm1PR1prT0MwMllUWTBMVFF3TXpBdE9USm1OaTB4WTJaak5USXlNamd6T1dVaUxDSnpkV0lpT2lKbExXTnZiVzFsY21ObElpd2laR0YwWVhNaU9pSTNOMlE1WVRSaE5ESmxNV0kyTWpVMU1HUTBZekU1TXpNNFltUm1NMlZtTXlJc0ltVjRjQ0k2TVRVek9ERTRNRFl3TkgwLmRsaDdPMDRtLXFkQl9YYmllUW9hMWFNZWdvY3ZxS3ZPVkRvU3NNQ0pHdXg1R210NmRvWnFOcUc3WDVuYzNEeW9JRGpNM1Bxc0hoRFNLVkJWeUJiY3huYVg0T3czZGtXYmZfOTVkYTQ3Z1V6RkJ4T0FpWmNwMXgxMmEzalduZ0NhbEZmbDFjWVlkVHZTcjJwRWItUmZvZzllVmNXaTcwQXB5elFGX3ZidjhYUSIsIm9yZ0lkIjoiIn0=][POST][200]: { code: 200, msg: null, data: [] }
[2018-09-29T00:03:16.459] [INFO] httpclires - [Project/Query?token=eyJhcHBLZXkiOiI1ZTYwYjdhNi1kZGQ5LTRhOTctYThhMy1hMzE3OGJkYjYwMDQiLCJhdXRoSW5mbyI6ImV5SmhiR2NpT2lKUVV6STFOaUo5LmV5SmhZMk5sYzNOZmRHOXJaVzRpT2lJeFpqWTNNR0V6WmkweU5tRmtMVFJrTVRBdE9XWm1NQzAxTldVM1lqa3pPRE5sTmpVaUxDSnpkV0lpT2lKbExXTnZiVzFsY21ObElpd2laR0YwWVhNaU9pSTNOMlE1WVRSaE5ESmxNV0kyTWpVMU1HUTBZekU1TXpNNFltUm1NMlZtTXlJc0ltVjRjQ0k2TVRVek9ERTRNRFl3TkgwLkJJTEJuZmc3REkyeVZMRXgzTUNQVUdNQkptT1hsSlpLaENPN3ZNV0djbG03elF4c3pDaW9TaEwxU3h4RkZBLUxmZG8zQ3kyM2NiYU8yY0FzQ3JGUTd6M0FPc3lwZEU4QmtZZTk2ZVpxTFg3Z2Y5LWFrdzJPX19aSzlPcjNPNFRYcG4td0hCNEdaY09jOVB2a0NtdFFsdi1rT2tSQ29MbXB0R1YyT3R6Y3RaTSIsIm9yZ0lkIjoiIn0=][POST][200]: { code: 200,
  msg: null,
  data: 
   [ { ID: 1,
       Name: '和包支付',
       Code: 'FL01',
       Disabled: false,
       CreatedTime: '/Date(-62135596800000)/',
       SequenceNumber: 0,
       Idclass: null,
       ProjectClass: null,
       class: null,
       IdMarketingOrgan: null,
       MarketingOrgan: null,
       WeakTypeDtoName: null,
       DtoClassName: 'Ufida.T.AA.DTO.ProjectDTO',
       IsWeakType: false,
       AliName: 'ProjectDTO',
       Status: 0,
       EnableHasChanged: false,
       ChangedProperty: [],
       DynamicPropertyKeys: [],
       DynamicPropertyValues: [],
       DeleteID: 1,
       Updated: '/Date(1538150605954)/',
       UpdatedBy: null,
       InnerSearchLevel: 0,
       RecordChange: true,
       InnerPropInParentRecure: null,
       Ts: null,
       CaseSensitive: false,
       RecordDynamicNullValue: false,
       data: null } ] }
[2018-09-29T00:03:17.724] [INFO] httpclires - [warehouse/Query?token=eyJhcHBLZXkiOiI1ZTYwYjdhNi1kZGQ5LTRhOTctYThhMy1hMzE3OGJkYjYwMDQiLCJhdXRoSW5mbyI6ImV5SmhiR2NpT2lKUVV6STFOaUo5LmV5SmhZMk5sYzNOZmRHOXJaVzRpT2lJNFkySXpOVGxoWmkwNFlXTTVMVFF6TVRRdFltRTJaQzAxWm1NM1lURmxaakl6WVRBaUxDSnpkV0lpT2lKbExXTnZiVzFsY21ObElpd2laR0YwWVhNaU9pSTNOMlE1WVRSaE5ESmxNV0kyTWpVMU1HUTBZekU1TXpNNFltUm1NMlZtTXlJc0ltVjRjQ0k2TVRVek9ERTRNRFl3TlgwLmItT3A1Y3VaUlBTWTROeE9MaGdYUnhFM2dRU0dGcUotMm5Kbm5CUnhzWFJ3a0hzVW9ZdTNGc01pT3QwQmRySXBPdHhqcGVyb2d0alItQldYU1g3NXhQdHNqejlWTS1RWkxraWxFblVCVV93YzNIMFlyUl9CazVDR0FrV0R6eTlyQVIxeEFLZFB3azE0T1l3OXhZWl9OZHUwcHpoOC1VZzd1bjR6VTBHZ291USIsIm9yZ0lkIjoiIn0=][POST][200]: { code: 200,
  msg: null,
  data: 
   [ { Code: '001', Name: '总仓' },
     { Code: '017', Name: '湄潭县湄江镇兴湄北路自办营业厅' } ] }
[2018-09-29T00:03:38.839] [INFO] httpclires - [login][POST][200]: { code: 200,
  msg: null,
  data: 'eyJhcHBLZXkiOiI1ZTYwYjdhNi1kZGQ5LTRhOTctYThhMy1hMzE3OGJkYjYwMDQiLCJhdXRoSW5mbyI6ImV5SmhiR2NpT2lKUVV6STFOaUo5LmV5SmhZMk5sYzNOZmRHOXJaVzRpT2lJM01UWmtNemd6WWkwNE56ZzFMVFF5WTJNdFlUY3lZaTB5TkRVMU1tVmhPV0ZpTVRraUxDSnpkV0lpT2lKbExXTnZiVzFsY21ObElpd2laR0YwWVhNaU9pSTNOMlE1WVRSaE5ESmxNV0kyTWpVMU1HUTBZekU1TXpNNFltUm1NMlZtTXlJc0ltVjRjQ0k2TVRVek9ERTRNRFl5T0gwLlBSTlZubEV5S21xTzVKa0xvSTdFLU84d3hMWml6RENfa0x4NzdRVTlvWHpLWXhYSVdFRkx5aHR6eHZBN2tVbmx4ODhEWUhEZzdBYTEzOXNGaGp3MGxZZmhvVklYVS1ybGlvUUM5VmFEdFMya1ZEMTBrVDc5dDhiTjJFdGU1ZzVMTFRBcUZYZVJ3Und4MTlJSjRvLWtxZmZQWDhneVpOOEpLU1c0MUFuMVQyNCIsIm9yZ0lkIjoiIn0=' }
[2018-09-29T00:03:45.320] [INFO] httpclires - [login][POST][200]: { code: 200,
  msg: null,
  data: 'eyJhcHBLZXkiOiI1ZTYwYjdhNi1kZGQ5LTRhOTctYThhMy1hMzE3OGJkYjYwMDQiLCJhdXRoSW5mbyI6ImV5SmhiR2NpT2lKUVV6STFOaUo5LmV5SmhZMk5sYzNOZmRHOXJaVzRpT2lKbU56WXlNRFF5WWkxbU9EaGlMVFE0WmprdE9UZ3dZUzFpTWpNeE0yRmhaVGhpWlRZaUxDSnpkV0lpT2lKbExXTnZiVzFsY21ObElpd2laR0YwWVhNaU9pSTNOMlE1WVRSaE5ESmxNV0kyTWpVMU1HUTBZekU1TXpNNFltUm1NMlZtTXlJc0ltVjRjQ0k2TVRVek9ERTRNRFl6TkgwLm9VQnFObTBIYnRRcnNvbnhtM2JTQWRaSkZGYng2RkxZcUpucGlGSF91eTdvZ3VhNS01NlkybDRONWJHcGlTSDAxTE5aWkdCQURUcFNOZFRJOVM3NnQyRzhrby1GWnVpYkY3Y3VvT2JBalpxdS1UU1hwTUV6MVdRVU5GTGVvMHZSaUhscTREY0lUUDFsVG1HNTd1TWZ4Z2gwRFdud205U2FxNk8xbWRGOVFTVSIsIm9yZ0lkIjoiIn0=' }
[2018-09-29T00:03:45.656] [INFO] httpclires - [login][POST][200]: { code: 200,
  msg: null,
  data: 'eyJhcHBLZXkiOiI1ZTYwYjdhNi1kZGQ5LTRhOTctYThhMy1hMzE3OGJkYjYwMDQiLCJhdXRoSW5mbyI6ImV5SmhiR2NpT2lKUVV6STFOaUo5LmV5SmhZMk5sYzNOZmRHOXJaVzRpT2lJeVptRmhZVEEwTXkwMU56Z3lMVFJrWVRNdFlqWXdZeTFpTWpsbU5XRmhZMk15TVRZaUxDSnpkV0lpT2lKbExXTnZiVzFsY21ObElpd2laR0YwWVhNaU9pSTNOMlE1WVRSaE5ESmxNV0kyTWpVMU1HUTBZekU1TXpNNFltUm1NMlZtTXlJc0ltVjRjQ0k2TVRVek9ERTRNRFl6TlgwLmlYc2xVYnFzbXlrNkhVT2ZnclpIcG00aEZLdm9OSXkyZF95eUprS3dWNU5tRTVJZ0xFekJKY0dKVGVhRlQ0cEJlZl94MW8xVG5uc0dCVHlSM3pmUjJCOV83bUpndVhfd1ZvSVR5aGRoT3JfamZpb1FnUmRQYl92XzlhWTZYLXUtQ18tVnZiOHJteEtfTVE4dlU5dnkzQ0RMTHg4c2pMQmhZS0QxVlVuTjlrRSIsIm9yZ0lkIjoiIn0=' }
[2018-09-29T00:03:45.804] [INFO] httpclires - [login][POST][200]: { code: 200,
  msg: null,
  data: 'eyJhcHBLZXkiOiI1ZTYwYjdhNi1kZGQ5LTRhOTctYThhMy1hMzE3OGJkYjYwMDQiLCJhdXRoSW5mbyI6ImV5SmhiR2NpT2lKUVV6STFOaUo5LmV5SmhZMk5sYzNOZmRHOXJaVzRpT2lKa01tRmpNREUyTVMxbE1EVmxMVFJoWWpFdFltVTFPQzAxTTJNM05UZzRaRGswWTJFaUxDSnpkV0lpT2lKbExXTnZiVzFsY21ObElpd2laR0YwWVhNaU9pSTNOMlE1WVRSaE5ESmxNV0kyTWpVMU1HUTBZekU1TXpNNFltUm1NMlZtTXlJc0ltVjRjQ0k2TVRVek9ERTRNRFl6TlgwLm91MDRkeVNDQkNpa3JGZlQxRFd1X1hSMFppWkdGWDNEYVBtWW4wbDBYZlNJYjF2UVcyMlU5bHhpZ21Sc3YwZWlydXpHbmYzMFZHc0VFaHpDeXdLT21KQkNnOWN1Y2VoN0U1U1Y5Tk1BYXpiOFRVZlQ4ZC01NVpUUnFlT2RQRzlrZnBhZkk2VF9NOGdjRUhOVDBnQm00Z0RqUEZTandVR3pqWk8yZmtjZHVqbyIsIm9yZ0lkIjoiIn0=' }
[2018-09-29T00:03:45.863] [INFO] httpclires - [person/Query?token=eyJhcHBLZXkiOiI1ZTYwYjdhNi1kZGQ5LTRhOTctYThhMy1hMzE3OGJkYjYwMDQiLCJhdXRoSW5mbyI6ImV5SmhiR2NpT2lKUVV6STFOaUo5LmV5SmhZMk5sYzNOZmRHOXJaVzRpT2lKbU56WXlNRFF5WWkxbU9EaGlMVFE0WmprdE9UZ3dZUzFpTWpNeE0yRmhaVGhpWlRZaUxDSnpkV0lpT2lKbExXTnZiVzFsY21ObElpd2laR0YwWVhNaU9pSTNOMlE1WVRSaE5ESmxNV0kyTWpVMU1HUTBZekU1TXpNNFltUm1NMlZtTXlJc0ltVjRjQ0k2TVRVek9ERTRNRFl6TkgwLm9VQnFObTBIYnRRcnNvbnhtM2JTQWRaSkZGYng2RkxZcUpucGlGSF91eTdvZ3VhNS01NlkybDRONWJHcGlTSDAxTE5aWkdCQURUcFNOZFRJOVM3NnQyRzhrby1GWnVpYkY3Y3VvT2JBalpxdS1UU1hwTUV6MVdRVU5GTGVvMHZSaUhscTREY0lUUDFsVG1HNTd1TWZ4Z2gwRFdud205U2FxNk8xbWRGOVFTVSIsIm9yZ0lkIjoiIn0=][POST][200]: { code: 200, msg: null, data: [] }
[2018-09-29T00:03:46.488] [INFO] httpclires - [Project/Query?token=eyJhcHBLZXkiOiI1ZTYwYjdhNi1kZGQ5LTRhOTctYThhMy1hMzE3OGJkYjYwMDQiLCJhdXRoSW5mbyI6ImV5SmhiR2NpT2lKUVV6STFOaUo5LmV5SmhZMk5sYzNOZmRHOXJaVzRpT2lKa01tRmpNREUyTVMxbE1EVmxMVFJoWWpFdFltVTFPQzAxTTJNM05UZzRaRGswWTJFaUxDSnpkV0lpT2lKbExXTnZiVzFsY21ObElpd2laR0YwWVhNaU9pSTNOMlE1WVRSaE5ESmxNV0kyTWpVMU1HUTBZekU1TXpNNFltUm1NMlZtTXlJc0ltVjRjQ0k2TVRVek9ERTRNRFl6TlgwLm91MDRkeVNDQkNpa3JGZlQxRFd1X1hSMFppWkdGWDNEYVBtWW4wbDBYZlNJYjF2UVcyMlU5bHhpZ21Sc3YwZWlydXpHbmYzMFZHc0VFaHpDeXdLT21KQkNnOWN1Y2VoN0U1U1Y5Tk1BYXpiOFRVZlQ4ZC01NVpUUnFlT2RQRzlrZnBhZkk2VF9NOGdjRUhOVDBnQm00Z0RqUEZTandVR3pqWk8yZmtjZHVqbyIsIm9yZ0lkIjoiIn0=][POST][200]: { code: 200,
  msg: null,
  data: 
   [ { ID: 1,
       Name: '和包支付',
       Code: 'FL01',
       Disabled: false,
       CreatedTime: '/Date(-62135596800000)/',
       SequenceNumber: 0,
       Idclass: null,
       ProjectClass: null,
       class: null,
       IdMarketingOrgan: null,
       MarketingOrgan: null,
       WeakTypeDtoName: null,
       DtoClassName: 'Ufida.T.AA.DTO.ProjectDTO',
       IsWeakType: false,
       AliName: 'ProjectDTO',
       Status: 0,
       EnableHasChanged: false,
       ChangedProperty: [],
       DynamicPropertyKeys: [],
       DynamicPropertyValues: [],
       DeleteID: 1,
       Updated: '/Date(1538150636009)/',
       UpdatedBy: null,
       InnerSearchLevel: 0,
       RecordChange: true,
       InnerPropInParentRecure: null,
       Ts: null,
       CaseSensitive: false,
       RecordDynamicNullValue: false,
       data: null } ] }
[2018-09-29T00:03:46.503] [INFO] httpclires - [warehouse/Query?token=eyJhcHBLZXkiOiI1ZTYwYjdhNi1kZGQ5LTRhOTctYThhMy1hMzE3OGJkYjYwMDQiLCJhdXRoSW5mbyI6ImV5SmhiR2NpT2lKUVV6STFOaUo5LmV5SmhZMk5sYzNOZmRHOXJaVzRpT2lJeVptRmhZVEEwTXkwMU56Z3lMVFJrWVRNdFlqWXdZeTFpTWpsbU5XRmhZMk15TVRZaUxDSnpkV0lpT2lKbExXTnZiVzFsY21ObElpd2laR0YwWVhNaU9pSTNOMlE1WVRSaE5ESmxNV0kyTWpVMU1HUTBZekU1TXpNNFltUm1NMlZtTXlJc0ltVjRjQ0k2TVRVek9ERTRNRFl6TlgwLmlYc2xVYnFzbXlrNkhVT2ZnclpIcG00aEZLdm9OSXkyZF95eUprS3dWNU5tRTVJZ0xFekJKY0dKVGVhRlQ0cEJlZl94MW8xVG5uc0dCVHlSM3pmUjJCOV83bUpndVhfd1ZvSVR5aGRoT3JfamZpb1FnUmRQYl92XzlhWTZYLXUtQ18tVnZiOHJteEtfTVE4dlU5dnkzQ0RMTHg4c2pMQmhZS0QxVlVuTjlrRSIsIm9yZ0lkIjoiIn0=][POST][200]: { code: 200,
  msg: null,
  data: 
   [ { Code: '001', Name: '总仓' },
     { Code: '017', Name: '湄潭县湄江镇兴湄北路自办营业厅' } ] }
[2018-09-29T00:28:39.260] [INFO] httpclires - [login][POST][200]: { code: 200,
  msg: null,
  data: 'eyJhcHBLZXkiOiI1ZTYwYjdhNi1kZGQ5LTRhOTctYThhMy1hMzE3OGJkYjYwMDQiLCJhdXRoSW5mbyI6ImV5SmhiR2NpT2lKUVV6STFOaUo5LmV5SmhZMk5sYzNOZmRHOXJaVzRpT2lJd01tUTVOR05sWmkxa01tRm1MVFF4TWpndFlUUXhNaTFrTlRVM04ySTVNMkl4TWpraUxDSnpkV0lpT2lKbExXTnZiVzFsY21ObElpd2laR0YwWVhNaU9pSTNOMlE1WVRSaE5ESmxNV0kyTWpVMU1HUTBZekU1TXpNNFltUm1NMlZtTXlJc0ltVjRjQ0k2TVRVek9ERTRNakV5T0gwLlpWVXFyVXlvYnA2bTRkUmZ1cDV1Z0Jxai0yLWUtYWNmeUkwZDdyNWlpY3BEdWViUXVVd3VablMtdEVDdWJSQ1lhazBfa0hXdzltS3Z3VXNhNl9waG16Nnc4YUJOOFBqRjIzM2c2bUx3a2E1RW1jVTc1eWxDREZPcHMybnJISG5uN0ZCdmFtSkJKVERjVk5taDBKSnRoUlM5bUtTbjZ4Zjdhel9JVHg3ZVVjMCIsIm9yZ0lkIjoiIn0=' }
[2018-09-29T00:29:32.945] [INFO] httpclires - [login][POST][200]: { code: 200,
  msg: null,
  data: 'eyJhcHBLZXkiOiI1ZTYwYjdhNi1kZGQ5LTRhOTctYThhMy1hMzE3OGJkYjYwMDQiLCJhdXRoSW5mbyI6ImV5SmhiR2NpT2lKUVV6STFOaUo5LmV5SmhZMk5sYzNOZmRHOXJaVzRpT2lKak5ERmhNRGRqTUMxaU1tTmtMVFEwTUdNdE9XUXlOeTA0WXpVd01EZzFNV1JsT0RJaUxDSnpkV0lpT2lKbExXTnZiVzFsY21ObElpd2laR0YwWVhNaU9pSTNOMlE1WVRSaE5ESmxNV0kyTWpVMU1HUTBZekU1TXpNNFltUm1NMlZtTXlJc0ltVjRjQ0k2TVRVek9ERTRNakU0TW4wLk5TTl9kdERISnRhMUhES1VEZ2FJa0JqbDZjTjZqdURJYVNwc1NyZkoxUzFTLWV5RU1PWjRNaGYxaTIxa3IzdDJET0JudzJCR1JieHVKOWRwOFMzY2hRNFdDdldsdjhjd1pkZzZ1Mi1hOGlrSGFBUmV1V3cwUmNGb3RPUmFkSVIycXMzdnVZR1BCdzl4SXhDczR5RzZ3WWZFLXdtSXdYd2tGNUp5N29xU1pJTSIsIm9yZ0lkIjoiIn0=' }
[2018-09-29T00:29:33.833] [INFO] httpclires - [person/Query?token=eyJhcHBLZXkiOiI1ZTYwYjdhNi1kZGQ5LTRhOTctYThhMy1hMzE3OGJkYjYwMDQiLCJhdXRoSW5mbyI6ImV5SmhiR2NpT2lKUVV6STFOaUo5LmV5SmhZMk5sYzNOZmRHOXJaVzRpT2lKak5ERmhNRGRqTUMxaU1tTmtMVFEwTUdNdE9XUXlOeTA0WXpVd01EZzFNV1JsT0RJaUxDSnpkV0lpT2lKbExXTnZiVzFsY21ObElpd2laR0YwWVhNaU9pSTNOMlE1WVRSaE5ESmxNV0kyTWpVMU1HUTBZekU1TXpNNFltUm1NMlZtTXlJc0ltVjRjQ0k2TVRVek9ERTRNakU0TW4wLk5TTl9kdERISnRhMUhES1VEZ2FJa0JqbDZjTjZqdURJYVNwc1NyZkoxUzFTLWV5RU1PWjRNaGYxaTIxa3IzdDJET0JudzJCR1JieHVKOWRwOFMzY2hRNFdDdldsdjhjd1pkZzZ1Mi1hOGlrSGFBUmV1V3cwUmNGb3RPUmFkSVIycXMzdnVZR1BCdzl4SXhDczR5RzZ3WWZFLXdtSXdYd2tGNUp5N29xU1pJTSIsIm9yZ0lkIjoiIn0=][POST][200]: { code: 200, msg: null, data: [] }
[2018-09-29T00:29:33.853] [INFO] httpclires - [login][POST][200]: { code: 200,
  msg: null,
  data: 'eyJhcHBLZXkiOiI1ZTYwYjdhNi1kZGQ5LTRhOTctYThhMy1hMzE3OGJkYjYwMDQiLCJhdXRoSW5mbyI6ImV5SmhiR2NpT2lKUVV6STFOaUo5LmV5SmhZMk5sYzNOZmRHOXJaVzRpT2lKaVpEaGxabVJtTXkxbE9XVTVMVFJpT1RJdE9USXlaaTB6T0RWaFl6azVPRGRrTldRaUxDSnpkV0lpT2lKbExXTnZiVzFsY21ObElpd2laR0YwWVhNaU9pSTNOMlE1WVRSaE5ESmxNV0kyTWpVMU1HUTBZekU1TXpNNFltUm1NMlZtTXlJc0ltVjRjQ0k2TVRVek9ERTRNakU0TTMwLk9oRk9KLTNwRXcyT2J0T2xVZm1wclhHbUI4MWJEVkRucTlnX29ycU9UNjNrSWp0RDNqWDAwR2UxUlBsXzVTZEdIUmtud0FWbi1NOFZyRTN3TTRzN2loTHo5UV9lRWhoRmttTmd6R19qU1o4dG90cXdPemZhdENNbU1vdk96VjJ6N3ZDQnI5YXBJUjl0SDVWbXJCMUVZdmt1NWRjejZ6YkRxQktYOWlyc3dSOCIsIm9yZ0lkIjoiIn0=' }
[2018-09-29T00:29:34.349] [INFO] httpclires - [login][POST][200]: { code: 200,
  msg: null,
  data: 'eyJhcHBLZXkiOiI1ZTYwYjdhNi1kZGQ5LTRhOTctYThhMy1hMzE3OGJkYjYwMDQiLCJhdXRoSW5mbyI6ImV5SmhiR2NpT2lKUVV6STFOaUo5LmV5SmhZMk5sYzNOZmRHOXJaVzRpT2lJd1pXWmhZek0zTVMxaE4yUmhMVFEwWldRdE9EbG1aaTA0TURsaVpEVXhaR0prWlRVaUxDSnpkV0lpT2lKbExXTnZiVzFsY21ObElpd2laR0YwWVhNaU9pSTNOMlE1WVRSaE5ESmxNV0kyTWpVMU1HUTBZekU1TXpNNFltUm1NMlZtTXlJc0ltVjRjQ0k2TVRVek9ERTRNakU0TTMwLlR1ZHlESnk3T1l5eEtEN2twWTUtVnMzaWtJcklKajNpZGVaNEtFX0FTVEQ4ZWgzTUZmR051M2VuaUV1Uk0zX0lEdnNETGU3UWhoOWtmTEFWTGpYYUsxTzN1dENnci1fRnNsWlRHWjVJd2NxMmFNa0FHbEw4UFV6NWl1bnFKSjhQQ0NSX2w2aWw3YXprRWNYNnlyOGJ1RzN3c09hZUlWT1VNLTVONGtJOUtLdyIsIm9yZ0lkIjoiIn0=' }
[2018-09-29T00:29:35.053] [INFO] httpclires - [Project/Query?token=eyJhcHBLZXkiOiI1ZTYwYjdhNi1kZGQ5LTRhOTctYThhMy1hMzE3OGJkYjYwMDQiLCJhdXRoSW5mbyI6ImV5SmhiR2NpT2lKUVV6STFOaUo5LmV5SmhZMk5sYzNOZmRHOXJaVzRpT2lKaVpEaGxabVJtTXkxbE9XVTVMVFJpT1RJdE9USXlaaTB6T0RWaFl6azVPRGRrTldRaUxDSnpkV0lpT2lKbExXTnZiVzFsY21ObElpd2laR0YwWVhNaU9pSTNOMlE1WVRSaE5ESmxNV0kyTWpVMU1HUTBZekU1TXpNNFltUm1NMlZtTXlJc0ltVjRjQ0k2TVRVek9ERTRNakU0TTMwLk9oRk9KLTNwRXcyT2J0T2xVZm1wclhHbUI4MWJEVkRucTlnX29ycU9UNjNrSWp0RDNqWDAwR2UxUlBsXzVTZEdIUmtud0FWbi1NOFZyRTN3TTRzN2loTHo5UV9lRWhoRmttTmd6R19qU1o4dG90cXdPemZhdENNbU1vdk96VjJ6N3ZDQnI5YXBJUjl0SDVWbXJCMUVZdmt1NWRjejZ6YkRxQktYOWlyc3dSOCIsIm9yZ0lkIjoiIn0=][POST][200]: { code: 200,
  msg: null,
  data: 
   [ { Disabled: false,
       CreatedTime: '/Date(-62135596800000)/',
       SequenceNumber: 0,
       Idclass: null,
       ProjectClass: null,
       class: null,
       IdMarketingOrgan: null,
       MarketingOrgan: null,
       WeakTypeDtoName: null,
       DtoClassName: 'Ufida.T.AA.DTO.ProjectDTO',
       IsWeakType: false,
       AliName: 'ProjectDTO',
       Status: 0,
       EnableHasChanged: false,
       ChangedProperty: [],
       DynamicPropertyKeys: [],
       DynamicPropertyValues: [],
       ID: 1,
       DeleteID: 1,
       Name: '和包支付',
       Code: 'FL01',
       Updated: '/Date(1538152184571)/',
       UpdatedBy: null,
       InnerSearchLevel: 0,
       RecordChange: true,
       InnerPropInParentRecure: null,
       Ts: null,
       CaseSensitive: false,
       RecordDynamicNullValue: false,
       data: null } ] }
[2018-09-29T00:29:35.072] [INFO] httpclires - [warehouse/Query?token=eyJhcHBLZXkiOiI1ZTYwYjdhNi1kZGQ5LTRhOTctYThhMy1hMzE3OGJkYjYwMDQiLCJhdXRoSW5mbyI6ImV5SmhiR2NpT2lKUVV6STFOaUo5LmV5SmhZMk5sYzNOZmRHOXJaVzRpT2lJd1pXWmhZek0zTVMxaE4yUmhMVFEwWldRdE9EbG1aaTA0TURsaVpEVXhaR0prWlRVaUxDSnpkV0lpT2lKbExXTnZiVzFsY21ObElpd2laR0YwWVhNaU9pSTNOMlE1WVRSaE5ESmxNV0kyTWpVMU1HUTBZekU1TXpNNFltUm1NMlZtTXlJc0ltVjRjQ0k2TVRVek9ERTRNakU0TTMwLlR1ZHlESnk3T1l5eEtEN2twWTUtVnMzaWtJcklKajNpZGVaNEtFX0FTVEQ4ZWgzTUZmR051M2VuaUV1Uk0zX0lEdnNETGU3UWhoOWtmTEFWTGpYYUsxTzN1dENnci1fRnNsWlRHWjVJd2NxMmFNa0FHbEw4UFV6NWl1bnFKSjhQQ0NSX2w2aWw3YXprRWNYNnlyOGJ1RzN3c09hZUlWT1VNLTVONGtJOUtLdyIsIm9yZ0lkIjoiIn0=][POST][200]: { code: 200,
  msg: null,
  data: 
   [ { Code: '001', Name: '总仓' },
     { Code: '017', Name: '湄潭县湄江镇兴湄北路自办营业厅' } ] }
[2018-09-29T00:30:40.672] [INFO] httpclires - [login][POST][200]: { code: 200,
  msg: null,
  data: 'eyJhcHBLZXkiOiI1ZTYwYjdhNi1kZGQ5LTRhOTctYThhMy1hMzE3OGJkYjYwMDQiLCJhdXRoSW5mbyI6ImV5SmhiR2NpT2lKUVV6STFOaUo5LmV5SmhZMk5sYzNOZmRHOXJaVzRpT2lKaE9URTVPVFkxTmkwM05HUmpMVFJpTVRrdE9ESTFZUzB5TmpnMlltUmtZakEzT0dFaUxDSnpkV0lpT2lKbExXTnZiVzFsY21ObElpd2laR0YwWVhNaU9pSTNOMlE1WVRSaE5ESmxNV0kyTWpVMU1HUTBZekU1TXpNNFltUm1NMlZtTXlJc0ltVjRjQ0k2TVRVek9ERTRNakkxTUgwLm5tSUF4THVRSkhCeXZaR3lmNURPbHctWmROSVpaN0V2djJwRUc5TkpYOWpIVHhBbU1xX2d3aGFGbVowdWE2VnFaNkFEc3VFbkZveG1zYWNfMmhkaFNGVDdHcFlQYXFhckJlb2JOd1FoQ2NfODk2eGR0TmhHWmpoeElEb0xlMXdoMkxKa0pFRnpVdjEzcHRqeGRZOGRRczUtMTRHN3pFeTJuWnhWX0IybkpydyIsIm9yZ0lkIjoiIn0=' }
[2018-09-29T00:30:41.593] [INFO] httpclires - [login][POST][200]: { code: 200,
  msg: null,
  data: 'eyJhcHBLZXkiOiI1ZTYwYjdhNi1kZGQ5LTRhOTctYThhMy1hMzE3OGJkYjYwMDQiLCJhdXRoSW5mbyI6ImV5SmhiR2NpT2lKUVV6STFOaUo5LmV5SmhZMk5sYzNOZmRHOXJaVzRpT2lJd05tWmlNekUzWVMwM00yVXpMVFExTkRNdFlqaGxaaTA0TWpBek1tUmxPV1V5TURRaUxDSnpkV0lpT2lKbExXTnZiVzFsY21ObElpd2laR0YwWVhNaU9pSTNOMlE1WVRSaE5ESmxNV0kyTWpVMU1HUTBZekU1TXpNNFltUm1NMlZtTXlJc0ltVjRjQ0k2TVRVek9ERTRNakkxTVgwLlFFUDFtWWppd2stbEtLcS1HMEs1WTFnRU1WUHR2US1aV2VvNTVXaTNnY2pOQVNQanoyZGh4V3g2bkJ5Nk56NUNrTkZISVBUaXdKYk5wTUlBNkxyS0V4VEkzYkF5Y1N2YVkzSXA5WkpZNU0xLTZpOVdMcWtFcjlWYWJaUnBZTjlld2Z4LXFGUmZDQWhZUTdNbnBQTmRLaEdBZ3VzQ1lEQ1RkbldFNzBJaGFmTSIsIm9yZ0lkIjoiIn0=' }
[2018-09-29T00:30:41.621] [INFO] httpclires - [warehouse/Query?token=eyJhcHBLZXkiOiI1ZTYwYjdhNi1kZGQ5LTRhOTctYThhMy1hMzE3OGJkYjYwMDQiLCJhdXRoSW5mbyI6ImV5SmhiR2NpT2lKUVV6STFOaUo5LmV5SmhZMk5sYzNOZmRHOXJaVzRpT2lKaE9URTVPVFkxTmkwM05HUmpMVFJpTVRrdE9ESTFZUzB5TmpnMlltUmtZakEzT0dFaUxDSnpkV0lpT2lKbExXTnZiVzFsY21ObElpd2laR0YwWVhNaU9pSTNOMlE1WVRSaE5ESmxNV0kyTWpVMU1HUTBZekU1TXpNNFltUm1NMlZtTXlJc0ltVjRjQ0k2TVRVek9ERTRNakkxTUgwLm5tSUF4THVRSkhCeXZaR3lmNURPbHctWmROSVpaN0V2djJwRUc5TkpYOWpIVHhBbU1xX2d3aGFGbVowdWE2VnFaNkFEc3VFbkZveG1zYWNfMmhkaFNGVDdHcFlQYXFhckJlb2JOd1FoQ2NfODk2eGR0TmhHWmpoeElEb0xlMXdoMkxKa0pFRnpVdjEzcHRqeGRZOGRRczUtMTRHN3pFeTJuWnhWX0IybkpydyIsIm9yZ0lkIjoiIn0=][POST][200]: { code: 200,
  msg: null,
  data: 
   [ { Code: '001', Name: '总仓' },
     { Code: '017', Name: '湄潭县湄江镇兴湄北路自办营业厅' } ] }
[2018-09-29T00:30:41.804] [INFO] httpclires - [login][POST][200]: { code: 200,
  msg: null,
  data: 'eyJhcHBLZXkiOiI1ZTYwYjdhNi1kZGQ5LTRhOTctYThhMy1hMzE3OGJkYjYwMDQiLCJhdXRoSW5mbyI6ImV5SmhiR2NpT2lKUVV6STFOaUo5LmV5SmhZMk5sYzNOZmRHOXJaVzRpT2lJeFl6ZzNZemN3TkMweU1HSmhMVFJqTWpRdE9UbGpOQzAzTVdVeFpEUm1OMkkyTm1NaUxDSnpkV0lpT2lKbExXTnZiVzFsY21ObElpd2laR0YwWVhNaU9pSTNOMlE1WVRSaE5ESmxNV0kyTWpVMU1HUTBZekU1TXpNNFltUm1NMlZtTXlJc0ltVjRjQ0k2TVRVek9ERTRNakkxTVgwLmhDN19KRXItMFVkUTFvdHFkS09BQk8zTXhQam9GRE1ScUdxX1pnZXFETDEwYi00c3BkaHJmN0ZGTmE4blNPZ0JBU2lMOVAxZTJiTGpLaHlHX014LUM3bDNHSlBsRkJNY28teE5MeDdRY1ljTmZBVFlaX05VUEh3ajVjSXdmQ2pVSmdIMEZ2NGhleWNMRFdjbU9DTDJ0bkVfU0tHcXVrYnZlX196ZnFHWlJuVSIsIm9yZ0lkIjoiIn0=' }
[2018-09-29T00:30:42.205] [INFO] httpclires - [person/Query?token=eyJhcHBLZXkiOiI1ZTYwYjdhNi1kZGQ5LTRhOTctYThhMy1hMzE3OGJkYjYwMDQiLCJhdXRoSW5mbyI6ImV5SmhiR2NpT2lKUVV6STFOaUo5LmV5SmhZMk5sYzNOZmRHOXJaVzRpT2lJd05tWmlNekUzWVMwM00yVXpMVFExTkRNdFlqaGxaaTA0TWpBek1tUmxPV1V5TURRaUxDSnpkV0lpT2lKbExXTnZiVzFsY21ObElpd2laR0YwWVhNaU9pSTNOMlE1WVRSaE5ESmxNV0kyTWpVMU1HUTBZekU1TXpNNFltUm1NMlZtTXlJc0ltVjRjQ0k2TVRVek9ERTRNakkxTVgwLlFFUDFtWWppd2stbEtLcS1HMEs1WTFnRU1WUHR2US1aV2VvNTVXaTNnY2pOQVNQanoyZGh4V3g2bkJ5Nk56NUNrTkZISVBUaXdKYk5wTUlBNkxyS0V4VEkzYkF5Y1N2YVkzSXA5WkpZNU0xLTZpOVdMcWtFcjlWYWJaUnBZTjlld2Z4LXFGUmZDQWhZUTdNbnBQTmRLaEdBZ3VzQ1lEQ1RkbldFNzBJaGFmTSIsIm9yZ0lkIjoiIn0=][POST][200]: { code: 200, msg: null, data: [] }
[2018-09-29T00:30:42.525] [INFO] httpclires - [Project/Query?token=eyJhcHBLZXkiOiI1ZTYwYjdhNi1kZGQ5LTRhOTctYThhMy1hMzE3OGJkYjYwMDQiLCJhdXRoSW5mbyI6ImV5SmhiR2NpT2lKUVV6STFOaUo5LmV5SmhZMk5sYzNOZmRHOXJaVzRpT2lJeFl6ZzNZemN3TkMweU1HSmhMVFJqTWpRdE9UbGpOQzAzTVdVeFpEUm1OMkkyTm1NaUxDSnpkV0lpT2lKbExXTnZiVzFsY21ObElpd2laR0YwWVhNaU9pSTNOMlE1WVRSaE5ESmxNV0kyTWpVMU1HUTBZekU1TXpNNFltUm1NMlZtTXlJc0ltVjRjQ0k2TVRVek9ERTRNakkxTVgwLmhDN19KRXItMFVkUTFvdHFkS09BQk8zTXhQam9GRE1ScUdxX1pnZXFETDEwYi00c3BkaHJmN0ZGTmE4blNPZ0JBU2lMOVAxZTJiTGpLaHlHX014LUM3bDNHSlBsRkJNY28teE5MeDdRY1ljTmZBVFlaX05VUEh3ajVjSXdmQ2pVSmdIMEZ2NGhleWNMRFdjbU9DTDJ0bkVfU0tHcXVrYnZlX196ZnFHWlJuVSIsIm9yZ0lkIjoiIn0=][POST][200]: { code: 200,
  msg: null,
  data: 
   [ { ID: 1,
       Name: '和包支付',
       Code: 'FL01',
       Disabled: false,
       CreatedTime: '/Date(-62135596800000)/',
       SequenceNumber: 0,
       Idclass: null,
       ProjectClass: null,
       class: null,
       IdMarketingOrgan: null,
       MarketingOrgan: null,
       WeakTypeDtoName: null,
       DtoClassName: 'Ufida.T.AA.DTO.ProjectDTO',
       IsWeakType: false,
       AliName: 'ProjectDTO',
       Status: 0,
       EnableHasChanged: false,
       ChangedProperty: [],
       DynamicPropertyKeys: [],
       DynamicPropertyValues: [],
       DeleteID: 1,
       Updated: '/Date(1538152252052)/',
       UpdatedBy: null,
       InnerSearchLevel: 0,
       RecordChange: true,
       InnerPropInParentRecure: null,
       Ts: null,
       CaseSensitive: false,
       RecordDynamicNullValue: false,
       data: null } ] }
[2018-09-29T00:32:43.022] [INFO] httpclires - [login][POST][200]: { code: 200,
  msg: null,
  data: 'eyJhcHBLZXkiOiI1ZTYwYjdhNi1kZGQ5LTRhOTctYThhMy1hMzE3OGJkYjYwMDQiLCJhdXRoSW5mbyI6ImV5SmhiR2NpT2lKUVV6STFOaUo5LmV5SmhZMk5sYzNOZmRHOXJaVzRpT2lKbU9EY3lPV1ZpTWkweU56QTJMVFF5Wm1RdFlUQm1NQzA0TkdJME5ESXlaak5sWkRJaUxDSnpkV0lpT2lKbExXTnZiVzFsY21ObElpd2laR0YwWVhNaU9pSTNOMlE1WVRSaE5ESmxNV0kyTWpVMU1HUTBZekU1TXpNNFltUm1NMlZtTXlJc0ltVjRjQ0k2TVRVek9ERTRNak0zTW4wLkFKeG1OejBjdmZtaTJOT1h5UjN0WURndDdORFdKQ05MQnNwdTZHTWdEYl9JOVpWcFVNVkdlMk92anBOYzUwd3Z1XzN6WEl1cjFYSzF1T1Y4NnlxYmhLNGNPTFdDMGZIV1dFRDVfYjkyckphOERiQ2NKSmJObnpvN24zWlZPbTdraGNMaERMTnJLM1NhX3QzZG9MRmYwWUw3TWpMWjZXU0VEQ3p1VWtNZnlvcyIsIm9yZ0lkIjoiIn0=' }
[2018-09-29T00:32:56.197] [INFO] httpclires - [login][POST][200]: { code: 200,
  msg: null,
  data: 'eyJhcHBLZXkiOiI1ZTYwYjdhNi1kZGQ5LTRhOTctYThhMy1hMzE3OGJkYjYwMDQiLCJhdXRoSW5mbyI6ImV5SmhiR2NpT2lKUVV6STFOaUo5LmV5SmhZMk5sYzNOZmRHOXJaVzRpT2lJelpXRmlZekk0TnkwME5tSmlMVFJoWVRFdE9HRTFOUzFtT0dKbE56WXdOemxpWm1ZaUxDSnpkV0lpT2lKbExXTnZiVzFsY21ObElpd2laR0YwWVhNaU9pSTNOMlE1WVRSaE5ESmxNV0kyTWpVMU1HUTBZekU1TXpNNFltUm1NMlZtTXlJc0ltVjRjQ0k2TVRVek9ERTRNak00TlgwLmRIWHdabjBnYXVsTkxoOG5YR3FHTEhvUXdhWHVQMGdFc002dHprUzZaQ241THVJM1pINVEtWGl2OFFfNjRzbTN3OFRzNTlxVzJGU0Q0R2V0RGt0SXlJeWwyZ2NZTkE2NUdzT2ZpSWp2X1h6eVlPdk9RWlFQamNWMTh4Uy1sSnJwUmpZcXk3SEFJX2lmOU82ckVQaDVONHhsOXpUNS1sWkxBRXRDalNXZkcyYyIsIm9yZ0lkIjoiIn0=' }
[2018-09-29T00:32:57.079] [INFO] httpclires - [login][POST][200]: { code: 200,
  msg: null,
  data: 'eyJhcHBLZXkiOiI1ZTYwYjdhNi1kZGQ5LTRhOTctYThhMy1hMzE3OGJkYjYwMDQiLCJhdXRoSW5mbyI6ImV5SmhiR2NpT2lKUVV6STFOaUo5LmV5SmhZMk5sYzNOZmRHOXJaVzRpT2lKaU9EQXlOV0UyT1MwMU5tVXhMVFE0TUdJdE9XTTRaaTFqWm1NelpHWTFNRGsxTm1NaUxDSnpkV0lpT2lKbExXTnZiVzFsY21ObElpd2laR0YwWVhNaU9pSTNOMlE1WVRSaE5ESmxNV0kyTWpVMU1HUTBZekU1TXpNNFltUm1NMlZtTXlJc0ltVjRjQ0k2TVRVek9ERTRNak00Tm4wLk4xUGprcUJxSG5YYlowcHVGM2JtdG1sZnNpcTBwaVVsMjVYY0ZoQThmd1ZfUktrRlZKQ2wzc2hDTGl5dTA4LW5EUTNrck1aTFNKZ2xHVmhmOU5CTDRaUVNVcTNTYTJyb0lBTl9SRU52Zm5VbTZZWTloRmRweDJ5eHl0QzVqVFRxLXZqb3pmZ3drN0VNaC10MHVfMEVMazZLRGk2WDc2SVR1OXZVckctRW5LbyIsIm9yZ0lkIjoiIn0=' }
[2018-09-29T00:32:57.781] [INFO] httpclires - [warehouse/Query?token=eyJhcHBLZXkiOiI1ZTYwYjdhNi1kZGQ5LTRhOTctYThhMy1hMzE3OGJkYjYwMDQiLCJhdXRoSW5mbyI6ImV5SmhiR2NpT2lKUVV6STFOaUo5LmV5SmhZMk5sYzNOZmRHOXJaVzRpT2lJelpXRmlZekk0TnkwME5tSmlMVFJoWVRFdE9HRTFOUzFtT0dKbE56WXdOemxpWm1ZaUxDSnpkV0lpT2lKbExXTnZiVzFsY21ObElpd2laR0YwWVhNaU9pSTNOMlE1WVRSaE5ESmxNV0kyTWpVMU1HUTBZekU1TXpNNFltUm1NMlZtTXlJc0ltVjRjQ0k2TVRVek9ERTRNak00TlgwLmRIWHdabjBnYXVsTkxoOG5YR3FHTEhvUXdhWHVQMGdFc002dHprUzZaQ241THVJM1pINVEtWGl2OFFfNjRzbTN3OFRzNTlxVzJGU0Q0R2V0RGt0SXlJeWwyZ2NZTkE2NUdzT2ZpSWp2X1h6eVlPdk9RWlFQamNWMTh4Uy1sSnJwUmpZcXk3SEFJX2lmOU82ckVQaDVONHhsOXpUNS1sWkxBRXRDalNXZkcyYyIsIm9yZ0lkIjoiIn0=][POST][200]: { code: 200,
  msg: null,
  data: 
   [ { Code: '001', Name: '总仓' },
     { Code: '017', Name: '湄潭县湄江镇兴湄北路自办营业厅' } ] }
[2018-09-29T00:32:57.794] [INFO] httpclires - [login][POST][200]: { code: 200,
  msg: null,
  data: 'eyJhcHBLZXkiOiI1ZTYwYjdhNi1kZGQ5LTRhOTctYThhMy1hMzE3OGJkYjYwMDQiLCJhdXRoSW5mbyI6ImV5SmhiR2NpT2lKUVV6STFOaUo5LmV5SmhZMk5sYzNOZmRHOXJaVzRpT2lJd056ZzFOVEU0TWkwMVltSTJMVFExWm1ZdFltVTBaUzB4TW1FNE4yTXhZMlEyTXpraUxDSnpkV0lpT2lKbExXTnZiVzFsY21ObElpd2laR0YwWVhNaU9pSTNOMlE1WVRSaE5ESmxNV0kyTWpVMU1HUTBZekU1TXpNNFltUm1NMlZtTXlJc0ltVjRjQ0k2TVRVek9ERTRNak00TjMwLmotQmlpS2VDX3U5VnpManVra3owVXN6N1NRdzU3M2R4M3VDTWY2TkNwcEI3SWFzX0Z5UUdiZ3NwRmN5XzVXU0tzODN2TlplMnRrRERZUzRCRGJhaDhJbHRQMlFVWUFtYW9HdFpfdHRnQXF2UTdYaEE0MkhmRzNEM3lidTVXTVkzWnJSZ3NaUFY4eU5BLU1GZFlKQUJuTU9SdjJQeEVRZ1FrRkUwRGpuWDIxSSIsIm9yZ0lkIjoiIn0=' }
[2018-09-29T00:32:57.813] [INFO] httpclires - [Project/Query?token=eyJhcHBLZXkiOiI1ZTYwYjdhNi1kZGQ5LTRhOTctYThhMy1hMzE3OGJkYjYwMDQiLCJhdXRoSW5mbyI6ImV5SmhiR2NpT2lKUVV6STFOaUo5LmV5SmhZMk5sYzNOZmRHOXJaVzRpT2lKaU9EQXlOV0UyT1MwMU5tVXhMVFE0TUdJdE9XTTRaaTFqWm1NelpHWTFNRGsxTm1NaUxDSnpkV0lpT2lKbExXTnZiVzFsY21ObElpd2laR0YwWVhNaU9pSTNOMlE1WVRSaE5ESmxNV0kyTWpVMU1HUTBZekU1TXpNNFltUm1NMlZtTXlJc0ltVjRjQ0k2TVRVek9ERTRNak00Tm4wLk4xUGprcUJxSG5YYlowcHVGM2JtdG1sZnNpcTBwaVVsMjVYY0ZoQThmd1ZfUktrRlZKQ2wzc2hDTGl5dTA4LW5EUTNrck1aTFNKZ2xHVmhmOU5CTDRaUVNVcTNTYTJyb0lBTl9SRU52Zm5VbTZZWTloRmRweDJ5eHl0QzVqVFRxLXZqb3pmZ3drN0VNaC10MHVfMEVMazZLRGk2WDc2SVR1OXZVckctRW5LbyIsIm9yZ0lkIjoiIn0=][POST][200]: { code: 200,
  msg: null,
  data: 
   [ { ID: 1,
       Name: '和包支付',
       Code: 'FL01',
       Disabled: false,
       CreatedTime: '/Date(-62135596800000)/',
       SequenceNumber: 0,
       Idclass: null,
       ProjectClass: null,
       class: null,
       IdMarketingOrgan: null,
       MarketingOrgan: null,
       WeakTypeDtoName: null,
       DtoClassName: 'Ufida.T.AA.DTO.ProjectDTO',
       IsWeakType: false,
       AliName: 'ProjectDTO',
       Status: 0,
       EnableHasChanged: false,
       ChangedProperty: [],
       DynamicPropertyKeys: [],
       DynamicPropertyValues: [],
       DeleteID: 1,
       Updated: '/Date(1538152387337)/',
       UpdatedBy: null,
       InnerSearchLevel: 0,
       RecordChange: true,
       InnerPropInParentRecure: null,
       Ts: null,
       CaseSensitive: false,
       RecordDynamicNullValue: false,
       data: null } ] }
[2018-09-29T00:32:58.570] [INFO] httpclires - [person/Query?token=eyJhcHBLZXkiOiI1ZTYwYjdhNi1kZGQ5LTRhOTctYThhMy1hMzE3OGJkYjYwMDQiLCJhdXRoSW5mbyI6ImV5SmhiR2NpT2lKUVV6STFOaUo5LmV5SmhZMk5sYzNOZmRHOXJaVzRpT2lJd056ZzFOVEU0TWkwMVltSTJMVFExWm1ZdFltVTBaUzB4TW1FNE4yTXhZMlEyTXpraUxDSnpkV0lpT2lKbExXTnZiVzFsY21ObElpd2laR0YwWVhNaU9pSTNOMlE1WVRSaE5ESmxNV0kyTWpVMU1HUTBZekU1TXpNNFltUm1NMlZtTXlJc0ltVjRjQ0k2TVRVek9ERTRNak00TjMwLmotQmlpS2VDX3U5VnpManVra3owVXN6N1NRdzU3M2R4M3VDTWY2TkNwcEI3SWFzX0Z5UUdiZ3NwRmN5XzVXU0tzODN2TlplMnRrRERZUzRCRGJhaDhJbHRQMlFVWUFtYW9HdFpfdHRnQXF2UTdYaEE0MkhmRzNEM3lidTVXTVkzWnJSZ3NaUFY4eU5BLU1GZFlKQUJuTU9SdjJQeEVRZ1FrRkUwRGpuWDIxSSIsIm9yZ0lkIjoiIn0=][POST][200]: { code: 200, msg: null, data: [] }
