[2018-08-08T20:36:51.922] [INFO] httpclires - [login][POST][200]: { code: 400,
  msg: null,
  data: 
   { code: 'EXSM0003',
     message: '提供令牌信息不正确',
     data: { Code: 'EXSM0003', StatusCode: 400 } } }
[2018-08-08T20:36:58.119] [INFO] httpclires - [login][POST][200]: { code: 400,
  msg: null,
  data: 
   { code: 'EXSM0003',
     message: '提供令牌信息不正确',
     data: { Code: 'EXSM0003', StatusCode: 400 } } }
[2018-08-08T20:37:17.512] [INFO] httpclires - [login][POST][200]: { code: 200,
  msg: null,
  data: 'eyJhcHBLZXkiOiI1ZTYwYjdhNi1kZGQ5LTRhOTctYThhMy1hMzE3OGJkYjYwMDQiLCJhdXRoSW5mbyI6ImV5SmhiR2NpT2lKUVV6STFOaUo5LmV5SmhZMk5sYzNOZmRHOXJaVzRpT2lJNE1HRXhOakZtWkMwd05qazRMVFEzTnpNdFlUYzBNeTAxT1dVM01qWmxPRE5pTXpNaUxDSnpkV0lpT2lKbExXTnZiVzFsY21ObElpd2laR0YwWVhNaU9pSTNOMlE1WVRSaE5ESmxNV0kyTWpVMU1HUTBZekU1TXpNNFltUm1NMlZtTXlJc0ltVjRjQ0k2TVRVek16YzJNVGcwTkgwLkJhcWZoX1UzTjNJQzB0Wmk1eTNZQkFzb0VVcWZJdWxQVXZIT3lXeUM1UTd6UG9Oa0NZNC1SWUFyRThDdWZadUFHNmxmUVl1clZUbFZQV0hzYjRqbld5ajRhWEZVUkNfc1ZJRF9mV2FCeXNtRk9sd2RnUkJhTXlnX1NOVEtUVWF4ZFJOOGJjMTZ3cDlkMDVhYUxkbnNzM2RVV0hFdmIwdG1LNlRSZXJIUnA2SSIsIm9yZ0lkIjoiIn0=' }
[2018-08-08T20:37:20.662] [INFO] httpclires - [login][POST][200]: { code: 200,
  msg: null,
  data: 'eyJhcHBLZXkiOiI1ZTYwYjdhNi1kZGQ5LTRhOTctYThhMy1hMzE3OGJkYjYwMDQiLCJhdXRoSW5mbyI6ImV5SmhiR2NpT2lKUVV6STFOaUo5LmV5SmhZMk5sYzNOZmRHOXJaVzRpT2lJNVpEY3dPRGswTnkwME1qSmpMVFJrWVRFdFlUVmlZaTAyWVRBeVpHUm1ORGxpTURZaUxDSnpkV0lpT2lKbExXTnZiVzFsY21ObElpd2laR0YwWVhNaU9pSTNOMlE1WVRSaE5ESmxNV0kyTWpVMU1HUTBZekU1TXpNNFltUm1NMlZtTXlJc0ltVjRjQ0k2TVRVek16YzJNVGcwTjMwLkZaSUFFaS0yOUp3YVZqU0JCREg2amcwMWtBcUdCN0Fsb2xYUGE1TkRsTEVKcnhEYjlteHd2cHF6QnloRmFtNFpqUkRWZmhfUTFPNHppOFJEbmFDLUlnd2IxYzZ2MnI4V2dqVmJVRWR0NVFjTk9HRE9VTUNBcUVsVjhRZzZWVDlrekt5bnMxMmhfejRUX3BlOENFbzZqcGxvdHE4RXB3SFJES3hLT0hSeENBcyIsIm9yZ0lkIjoiIn0=' }
[2018-08-08T20:37:21.076] [INFO] httpclires - [partner/Query?token=eyJhcHBLZXkiOiI1ZTYwYjdhNi1kZGQ5LTRhOTctYThhMy1hMzE3OGJkYjYwMDQiLCJhdXRoSW5mbyI6ImV5SmhiR2NpT2lKUVV6STFOaUo5LmV5SmhZMk5sYzNOZmRHOXJaVzRpT2lJNVpEY3dPRGswTnkwME1qSmpMVFJrWVRFdFlUVmlZaTAyWVRBeVpHUm1ORGxpTURZaUxDSnpkV0lpT2lKbExXTnZiVzFsY21ObElpd2laR0YwWVhNaU9pSTNOMlE1WVRSaE5ESmxNV0kyTWpVMU1HUTBZekU1TXpNNFltUm1NMlZtTXlJc0ltVjRjQ0k2TVRVek16YzJNVGcwTjMwLkZaSUFFaS0yOUp3YVZqU0JCREg2amcwMWtBcUdCN0Fsb2xYUGE1TkRsTEVKcnhEYjlteHd2cHF6QnloRmFtNFpqUkRWZmhfUTFPNHppOFJEbmFDLUlnd2IxYzZ2MnI4V2dqVmJVRWR0NVFjTk9HRE9VTUNBcUVsVjhRZzZWVDlrekt5bnMxMmhfejRUX3BlOENFbzZqcGxvdHE4RXB3SFJES3hLT0hSeENBcyIsIm9yZ0lkIjoiIn0=][POST][200]: { code: 200,
  msg: null,
  data: 
   [ { Code: '0020001', Name: '移动客户', PartnerType: [Object] },
     { Code: '001', Name: '测试', PartnerType: [Object] },
     { Code: '0010001', Name: '星力城', PartnerType: [Object] } ] }
[2018-08-08T20:37:25.151] [INFO] httpclires - [login][POST][200]: { code: 200,
  msg: null,
  data: 'eyJhcHBLZXkiOiI1ZTYwYjdhNi1kZGQ5LTRhOTctYThhMy1hMzE3OGJkYjYwMDQiLCJhdXRoSW5mbyI6ImV5SmhiR2NpT2lKUVV6STFOaUo5LmV5SmhZMk5sYzNOZmRHOXJaVzRpT2lJMFpHWXdaV0UxWXkxa1lXWTRMVFJqTjJRdFlUYzJOQzB6WlRkbE9XTXdaR1F4TXpNaUxDSnpkV0lpT2lKbExXTnZiVzFsY21ObElpd2laR0YwWVhNaU9pSTNOMlE1WVRSaE5ESmxNV0kyTWpVMU1HUTBZekU1TXpNNFltUm1NMlZtTXlJc0ltVjRjQ0k2TVRVek16YzJNVGcwT1gwLlh3ZS1SMENDT01IYXZuTTZ4Mmo0aWU3cDBJS0JXU3dqQ2luZzVydVgwekpUNW9kMmxKYm5xbGhOQURzNzAwNGNhX3dKVHBCSVc4eklFOW4wZHZJZEtaaHJ2SHpXenVWMV9rLU9sakV5eEktMjdDREVkeG5Uc3o1SFRkdEczNllSVXBFdjd6UVFjWFNHQlQ5aDJfNlpKOXVEMVI3b0diS2ZObEVpcjdzbkpsayIsIm9yZ0lkIjoiIn0=' }
[2018-08-08T20:37:25.821] [INFO] httpclires - [login][POST][200]: { code: 200,
  msg: null,
  data: 'eyJhcHBLZXkiOiI1ZTYwYjdhNi1kZGQ5LTRhOTctYThhMy1hMzE3OGJkYjYwMDQiLCJhdXRoSW5mbyI6ImV5SmhiR2NpT2lKUVV6STFOaUo5LmV5SmhZMk5sYzNOZmRHOXJaVzRpT2lJeU4ySTBaalJtT0MwNE1tRTRMVFEzWkRNdE9HTXdOUzA1TjJOa1pqQTBOV0ptWkdVaUxDSnpkV0lpT2lKbExXTnZiVzFsY21ObElpd2laR0YwWVhNaU9pSTNOMlE1WVRSaE5ESmxNV0kyTWpVMU1HUTBZekU1TXpNNFltUm1NMlZtTXlJc0ltVjRjQ0k2TVRVek16YzJNVGcxTUgwLlF1Qkx4OWxiRnNndDAtOHVqNmV3QTkyNkNuUUJJS3dOd3lxUW1IbzVHYkFKTnNnYTViMnJEMm5zMDJqci1pSnQtbF85eUItVy1odzFjbV84dlVtRlV0TGtlbXNiaVp1RXFIeVpKaTVkYTFnTkZGVjdVbjFJdloxQ21YU2ltd3FsR2JLcTdoclpjUWhMWkhYcTVwdjJ5bTA3azRoS3FfVkcwZGFLMGgtWWd2OCIsIm9yZ0lkIjoiIn0=' }
[2018-08-08T20:37:26.275] [INFO] httpclires - [login][POST][200]: { code: 200,
  msg: null,
  data: 'eyJhcHBLZXkiOiI1ZTYwYjdhNi1kZGQ5LTRhOTctYThhMy1hMzE3OGJkYjYwMDQiLCJhdXRoSW5mbyI6ImV5SmhiR2NpT2lKUVV6STFOaUo5LmV5SmhZMk5sYzNOZmRHOXJaVzRpT2lJNFpESmpNVFppTUMweFlXWmhMVFJoTkRBdFlqWTVaaTA1WkRneU5qRTNOR1V3WldRaUxDSnpkV0lpT2lKbExXTnZiVzFsY21ObElpd2laR0YwWVhNaU9pSTNOMlE1WVRSaE5ESmxNV0kyTWpVMU1HUTBZekU1TXpNNFltUm1NMlZtTXlJc0ltVjRjQ0k2TVRVek16YzJNVGcxTVgwLlhFWXNGb1V2aGdXamsyZ3ZLeWVuMWN2U3Y3R3BhZzY4d29PRjdLS3N1bVpPcFN0SDZ2WVJaMHQxRENoWFVibzdfOURBMWJZMUtwTjhYTUVfaUJzYUVjcjVmZUNXaFZqOC1qQ0taT0J3eGRWV25xYjN4d1Y1ckRwc2R3U1cxdVZfckIwSVZLRG42STc2VF9HQXhKcXhhb0YtZHZRampxMTcxT0VNM3U4akZwWSIsIm9yZ0lkIjoiIn0=' }
[2018-08-08T20:37:26.671] [INFO] httpclires - [login][POST][200]: { code: 200,
  msg: null,
  data: 'eyJhcHBLZXkiOiI1ZTYwYjdhNi1kZGQ5LTRhOTctYThhMy1hMzE3OGJkYjYwMDQiLCJhdXRoSW5mbyI6ImV5SmhiR2NpT2lKUVV6STFOaUo5LmV5SmhZMk5sYzNOZmRHOXJaVzRpT2lKbVlqbGlOR1l4TUMxaU1HTXlMVFJpTldRdFlUSTNaQzA0TldRd05HWTFNREZpTURFaUxDSnpkV0lpT2lKbExXTnZiVzFsY21ObElpd2laR0YwWVhNaU9pSTNOMlE1WVRSaE5ESmxNV0kyTWpVMU1HUTBZekU1TXpNNFltUm1NMlZtTXlJc0ltVjRjQ0k2TVRVek16YzJNVGcxTVgwLlNBaUZWeUE0RDY5enVGLTFmZ0pDSzNYX1dtRTV3Y0huMEhlSzN5VV9vODdMVm5vZ2RMRHBRVkFjRnpkVUdMUnoyYk0zLWJvZjhHNmVfSnJZMnNZdGNYY3JKeDBkN0prN0owOGxSdW5STmZxaGNYSXZSMG5DMWpfSzdHSlV0REdfcXFUaXdDVXVNSkV2SWdDTC15djk0U0M3eDYzV1BTeGdpRFB4WFNvWFc5TSIsIm9yZ0lkIjoiIn0=' }
[2018-08-08T20:37:27.356] [INFO] httpclires - [Project/Query?token=eyJhcHBLZXkiOiI1ZTYwYjdhNi1kZGQ5LTRhOTctYThhMy1hMzE3OGJkYjYwMDQiLCJhdXRoSW5mbyI6ImV5SmhiR2NpT2lKUVV6STFOaUo5LmV5SmhZMk5sYzNOZmRHOXJaVzRpT2lJMFpHWXdaV0UxWXkxa1lXWTRMVFJqTjJRdFlUYzJOQzB6WlRkbE9XTXdaR1F4TXpNaUxDSnpkV0lpT2lKbExXTnZiVzFsY21ObElpd2laR0YwWVhNaU9pSTNOMlE1WVRSaE5ESmxNV0kyTWpVMU1HUTBZekU1TXpNNFltUm1NMlZtTXlJc0ltVjRjQ0k2TVRVek16YzJNVGcwT1gwLlh3ZS1SMENDT01IYXZuTTZ4Mmo0aWU3cDBJS0JXU3dqQ2luZzVydVgwekpUNW9kMmxKYm5xbGhOQURzNzAwNGNhX3dKVHBCSVc4eklFOW4wZHZJZEtaaHJ2SHpXenVWMV9rLU9sakV5eEktMjdDREVkeG5Uc3o1SFRkdEczNllSVXBFdjd6UVFjWFNHQlQ5aDJfNlpKOXVEMVI3b0diS2ZObEVpcjdzbkpsayIsIm9yZ0lkIjoiIn0=][POST][200]: { code: 200,
  msg: null,
  data: 
   [ { Disabled: false,
       CreatedTime: '/Date(-62135596800000)/',
       SequenceNumber: 0,
       Idclass: null,
       ProjectClass: null,
       class: null,
       IdMarketingOrgan: null,
       MarketingOrgan: null,
       WeakTypeDtoName: null,
       DtoClassName: 'Ufida.T.AA.DTO.ProjectDTO',
       IsWeakType: false,
       AliName: 'ProjectDTO',
       Status: 0,
       EnableHasChanged: false,
       ChangedProperty: [],
       DynamicPropertyKeys: [],
       DynamicPropertyValues: [],
       ID: 1,
       DeleteID: 1,
       Name: '饮料',
       Code: 'FL01',
       Updated: '/Date(1533731854317)/',
       UpdatedBy: null,
       InnerSearchLevel: 0,
       RecordChange: true,
       InnerPropInParentRecure: null,
       Ts: null,
       CaseSensitive: false,
       RecordDynamicNullValue: false,
       data: null },
     { Disabled: false,
       CreatedTime: '/Date(-62135596800000)/',
       SequenceNumber: 0,
       Idclass: null,
       ProjectClass: null,
       class: null,
       IdMarketingOrgan: null,
       MarketingOrgan: null,
       WeakTypeDtoName: null,
       DtoClassName: 'Ufida.T.AA.DTO.ProjectDTO',
       IsWeakType: false,
       AliName: 'ProjectDTO',
       Status: 0,
       EnableHasChanged: false,
       ChangedProperty: [],
       DynamicPropertyKeys: [],
       DynamicPropertyValues: [],
       ID: 2,
       DeleteID: 2,
       Name: '零售',
       Code: 'FL02',
       Updated: '/Date(1533731854317)/',
       UpdatedBy: null,
       InnerSearchLevel: 0,
       RecordChange: true,
       InnerPropInParentRecure: null,
       Ts: null,
       CaseSensitive: false,
       RecordDynamicNullValue: false,
       data: null } ] }
[2018-08-08T20:37:27.775] [INFO] httpclires - [warehouse/Query?token=eyJhcHBLZXkiOiI1ZTYwYjdhNi1kZGQ5LTRhOTctYThhMy1hMzE3OGJkYjYwMDQiLCJhdXRoSW5mbyI6ImV5SmhiR2NpT2lKUVV6STFOaUo5LmV5SmhZMk5sYzNOZmRHOXJaVzRpT2lJeU4ySTBaalJtT0MwNE1tRTRMVFEzWkRNdE9HTXdOUzA1TjJOa1pqQTBOV0ptWkdVaUxDSnpkV0lpT2lKbExXTnZiVzFsY21ObElpd2laR0YwWVhNaU9pSTNOMlE1WVRSaE5ESmxNV0kyTWpVMU1HUTBZekU1TXpNNFltUm1NMlZtTXlJc0ltVjRjQ0k2TVRVek16YzJNVGcxTUgwLlF1Qkx4OWxiRnNndDAtOHVqNmV3QTkyNkNuUUJJS3dOd3lxUW1IbzVHYkFKTnNnYTViMnJEMm5zMDJqci1pSnQtbF85eUItVy1odzFjbV84dlVtRlV0TGtlbXNiaVp1RXFIeVpKaTVkYTFnTkZGVjdVbjFJdloxQ21YU2ltd3FsR2JLcTdoclpjUWhMWkhYcTVwdjJ5bTA3azRoS3FfVkcwZGFLMGgtWWd2OCIsIm9yZ0lkIjoiIn0=][POST][200]: { code: 200,
  msg: null,
  data: 
   [ { Code: '01', Name: '总仓' },
     { Code: '02', Name: '中华路一店' },
     { Code: '03', Name: '澳门路1店' } ] }
[2018-08-08T20:37:28.278] [INFO] httpclires - [partner/Query?token=eyJhcHBLZXkiOiI1ZTYwYjdhNi1kZGQ5LTRhOTctYThhMy1hMzE3OGJkYjYwMDQiLCJhdXRoSW5mbyI6ImV5SmhiR2NpT2lKUVV6STFOaUo5LmV5SmhZMk5sYzNOZmRHOXJaVzRpT2lJNFpESmpNVFppTUMweFlXWmhMVFJoTkRBdFlqWTVaaTA1WkRneU5qRTNOR1V3WldRaUxDSnpkV0lpT2lKbExXTnZiVzFsY21ObElpd2laR0YwWVhNaU9pSTNOMlE1WVRSaE5ESmxNV0kyTWpVMU1HUTBZekU1TXpNNFltUm1NMlZtTXlJc0ltVjRjQ0k2TVRVek16YzJNVGcxTVgwLlhFWXNGb1V2aGdXamsyZ3ZLeWVuMWN2U3Y3R3BhZzY4d29PRjdLS3N1bVpPcFN0SDZ2WVJaMHQxRENoWFVibzdfOURBMWJZMUtwTjhYTUVfaUJzYUVjcjVmZUNXaFZqOC1qQ0taT0J3eGRWV25xYjN4d1Y1ckRwc2R3U1cxdVZfckIwSVZLRG42STc2VF9HQXhKcXhhb0YtZHZRampxMTcxT0VNM3U4akZwWSIsIm9yZ0lkIjoiIn0=][POST][200]: { code: 200,
  msg: null,
  data: 
   [ { Code: '0020001', Name: '移动客户', PartnerType: [Object] },
     { Code: '001', Name: '测试', PartnerType: [Object] },
     { Code: '0010001', Name: '星力城', PartnerType: [Object] } ] }
[2018-08-08T20:37:28.874] [INFO] httpclires - [person/Query?token=eyJhcHBLZXkiOiI1ZTYwYjdhNi1kZGQ5LTRhOTctYThhMy1hMzE3OGJkYjYwMDQiLCJhdXRoSW5mbyI6ImV5SmhiR2NpT2lKUVV6STFOaUo5LmV5SmhZMk5sYzNOZmRHOXJaVzRpT2lKbVlqbGlOR1l4TUMxaU1HTXlMVFJpTldRdFlUSTNaQzA0TldRd05HWTFNREZpTURFaUxDSnpkV0lpT2lKbExXTnZiVzFsY21ObElpd2laR0YwWVhNaU9pSTNOMlE1WVRSaE5ESmxNV0kyTWpVMU1HUTBZekU1TXpNNFltUm1NMlZtTXlJc0ltVjRjQ0k2TVRVek16YzJNVGcxTVgwLlNBaUZWeUE0RDY5enVGLTFmZ0pDSzNYX1dtRTV3Y0huMEhlSzN5VV9vODdMVm5vZ2RMRHBRVkFjRnpkVUdMUnoyYk0zLWJvZjhHNmVfSnJZMnNZdGNYY3JKeDBkN0prN0owOGxSdW5STmZxaGNYSXZSMG5DMWpfSzdHSlV0REdfcXFUaXdDVXVNSkV2SWdDTC15djk0U0M3eDYzV1BTeGdpRFB4WFNvWFc5TSIsIm9yZ0lkIjoiIn0=][POST][200]: { code: 200, msg: null, data: [] }
[2018-08-08T20:37:31.740] [INFO] httpclires - [login][POST][200]: { code: 200,
  msg: null,
  data: 'eyJhcHBLZXkiOiI1ZTYwYjdhNi1kZGQ5LTRhOTctYThhMy1hMzE3OGJkYjYwMDQiLCJhdXRoSW5mbyI6ImV5SmhiR2NpT2lKUVV6STFOaUo5LmV5SmhZMk5sYzNOZmRHOXJaVzRpT2lJMVpUWTVaakJqT1MwMVpHVmhMVFE1TXprdFlXWTJaaTFtWmpFME0yRTBZakZsWWpVaUxDSnpkV0lpT2lKbExXTnZiVzFsY21ObElpd2laR0YwWVhNaU9pSTNOMlE1WVRSaE5ESmxNV0kyTWpVMU1HUTBZekU1TXpNNFltUm1NMlZtTXlJc0ltVjRjQ0k2TVRVek16YzJNVGcxTjMwLkZHNUZXcmw5b2xmZEp1czBMcm5RbjFxcUpxOXRJMXZQOWtxSTJfQ3duSjdaSjV0S0hMbTNCTU0yNEdMLVVzT0ZQejFXQWZwcHFmR3dJbGRUdFg0Y3dkWVp0YUxTQ250eU1Odk5ud3dGdDFKc0x0RFd4SDRfT0QtQzBXdkpJa3BVbGdfRmc1d181cHR1Vnk5WnJCSGtmdjNoU3lMa2VKNmVIRlZOcEhEcWxyTSIsIm9yZ0lkIjoiIn0=' }
[2018-08-08T20:37:32.552] [INFO] httpclires - [inventory/Query?token=eyJhcHBLZXkiOiI1ZTYwYjdhNi1kZGQ5LTRhOTctYThhMy1hMzE3OGJkYjYwMDQiLCJhdXRoSW5mbyI6ImV5SmhiR2NpT2lKUVV6STFOaUo5LmV5SmhZMk5sYzNOZmRHOXJaVzRpT2lJMVpUWTVaakJqT1MwMVpHVmhMVFE1TXprdFlXWTJaaTFtWmpFME0yRTBZakZsWWpVaUxDSnpkV0lpT2lKbExXTnZiVzFsY21ObElpd2laR0YwWVhNaU9pSTNOMlE1WVRSaE5ESmxNV0kyTWpVMU1HUTBZekU1TXpNNFltUm1NMlZtTXlJc0ltVjRjQ0k2TVRVek16YzJNVGcxTjMwLkZHNUZXcmw5b2xmZEp1czBMcm5RbjFxcUpxOXRJMXZQOWtxSTJfQ3duSjdaSjV0S0hMbTNCTU0yNEdMLVVzT0ZQejFXQWZwcHFmR3dJbGRUdFg0Y3dkWVp0YUxTQ250eU1Odk5ud3dGdDFKc0x0RFd4SDRfT0QtQzBXdkpJa3BVbGdfRmc1d181cHR1Vnk5WnJCSGtmdjNoU3lMa2VKNmVIRlZOcEhEcWxyTSIsIm9yZ0lkIjoiIn0=][POST][200]: { code: 200,
  msg: null,
  data: 
   [ { Code: '01001',
       Name: '汰渍洗衣液',
       Specification: '2.5KG',
       DefaultBarCode: '' },
     { Code: '01002',
       Name: '汰渍洗衣液',
       Specification: '5KG',
       DefaultBarCode: '' },
     { Code: '02001',
       Name: '茅贡米',
       Specification: '10KG',
       DefaultBarCode: '' },
     { Code: '02002',
       Name: '茅贡米',
       Specification: '5KG',
       DefaultBarCode: '' },
     { Code: '01004',
       Name: '消毒液',
       Specification: '10ml',
       DefaultBarCode: '' } ] }
[2018-08-08T20:37:33.632] [INFO] httpclires - [login][POST][200]: { code: 200,
  msg: null,
  data: 'eyJhcHBLZXkiOiI1ZTYwYjdhNi1kZGQ5LTRhOTctYThhMy1hMzE3OGJkYjYwMDQiLCJhdXRoSW5mbyI6ImV5SmhiR2NpT2lKUVV6STFOaUo5LmV5SmhZMk5sYzNOZmRHOXJaVzRpT2lJeVpqZ3laak5tT0MwMFpUUTFMVFJqT1RFdFlUSmhaaTFqT1dRNE1ESTVZamcxT1dFaUxDSnpkV0lpT2lKbExXTnZiVzFsY21ObElpd2laR0YwWVhNaU9pSTNOMlE1WVRSaE5ESmxNV0kyTWpVMU1HUTBZekU1TXpNNFltUm1NMlZtTXlJc0ltVjRjQ0k2TVRVek16YzJNVGcyTUgwLlRUaDU2UXZ0ODJGTXUtYjJLVXIxcXZpUE1zU01kYjdicW5TZWJKYWZUejlOVS1ERVR6ZGtpYUxDb3VpVEdKSXljYnR6YUpRYjBZYWJ3b0R6QkhzV0xHU0lvMkRxVXZhbDVld1Nld1RyczU0dHI0SFM2OXVwRXpXcEQwNVVNcVpUaGlYaHhEM2ROMFJpLXdNTUhacUkwVXJiOWQ5bFFiNDhReldYN2t2Y1NLRSIsIm9yZ0lkIjoiIn0=' }
[2018-08-08T20:37:35.612] [INFO] httpclires - [inventoryPrice/QueryInventoryPrice?token=eyJhcHBLZXkiOiI1ZTYwYjdhNi1kZGQ5LTRhOTctYThhMy1hMzE3OGJkYjYwMDQiLCJhdXRoSW5mbyI6ImV5SmhiR2NpT2lKUVV6STFOaUo5LmV5SmhZMk5sYzNOZmRHOXJaVzRpT2lJeVpqZ3laak5tT0MwMFpUUTFMVFJqT1RFdFlUSmhaaTFqT1dRNE1ESTVZamcxT1dFaUxDSnpkV0lpT2lKbExXTnZiVzFsY21ObElpd2laR0YwWVhNaU9pSTNOMlE1WVRSaE5ESmxNV0kyTWpVMU1HUTBZekU1TXpNNFltUm1NMlZtTXlJc0ltVjRjQ0k2TVRVek16YzJNVGcyTUgwLlRUaDU2UXZ0ODJGTXUtYjJLVXIxcXZpUE1zU01kYjdicW5TZWJKYWZUejlOVS1ERVR6ZGtpYUxDb3VpVEdKSXljYnR6YUpRYjBZYWJ3b0R6QkhzV0xHU0lvMkRxVXZhbDVld1Nld1RyczU0dHI0SFM2OXVwRXpXcEQwNVVNcVpUaGlYaHhEM2ROMFJpLXdNTUhacUkwVXJiOWQ5bFFiNDhReldYN2t2Y1NLRSIsIm9yZ0lkIjoiIn0=][POST][200]: { code: 200,
  msg: null,
  data: 
   [ { RowID: 1,
       Inventory: [Object],
       Unit: [Object],
       Price: null,
       DiscountRate: null,
       DiscountPrice: 12.76,
       CashBackReturn: null,
       WithTax: true },
     { RowID: 1,
       Inventory: [Object],
       Unit: [Object],
       Price: null,
       DiscountRate: null,
       DiscountPrice: 3,
       CashBackReturn: null,
       WithTax: true },
     { RowID: 1,
       Inventory: [Object],
       Unit: [Object],
       Price: null,
       DiscountRate: null,
       DiscountPrice: null,
       CashBackReturn: null,
       WithTax: true },
     { RowID: 1,
       Inventory: [Object],
       Unit: [Object],
       Price: null,
       DiscountRate: null,
       DiscountPrice: null,
       CashBackReturn: null,
       WithTax: true },
     { RowID: 1,
       Inventory: [Object],
       Unit: [Object],
       Price: null,
       DiscountRate: null,
       DiscountPrice: 11.6,
       CashBackReturn: null,
       WithTax: true } ] }
[2018-08-08T20:37:38.161] [INFO] httpclires - [login][POST][200]: { code: 200,
  msg: null,
  data: 'eyJhcHBLZXkiOiI1ZTYwYjdhNi1kZGQ5LTRhOTctYThhMy1hMzE3OGJkYjYwMDQiLCJhdXRoSW5mbyI6ImV5SmhiR2NpT2lKUVV6STFOaUo5LmV5SmhZMk5sYzNOZmRHOXJaVzRpT2lKalpHUmhOamswTlMwNFptUmlMVFF4TlRBdFltUTRZeTAwTldJMk9EUmpPVFZoTnpZaUxDSnpkV0lpT2lKbExXTnZiVzFsY21ObElpd2laR0YwWVhNaU9pSTNOMlE1WVRSaE5ESmxNV0kyTWpVMU1HUTBZekU1TXpNNFltUm1NMlZtTXlJc0ltVjRjQ0k2TVRVek16YzJNVGcyTkgwLk5uT0RYd2EtbmpneWZWRWFPREg1NmpiX0ZJUWRUT3g3aGhvZzFQWmFKMVRMTEhrdlR5WVd0eTE4R21lQ2xlbjNhV3c5bnc4OFhQZVdMdWFRdEZDUTduRGFCc0hyTTRzUWdXaHpTUVFpY3dTb3NzOGFXQlZkM0RrUXNJQVFYVmw1aXVJVkxqQjgwQ1hHdW1MdTVZQjhFMlNNVHhOS0ttTTJieGd0VVpMLU02OCIsIm9yZ0lkIjoiIn0=' }
[2018-08-08T20:37:38.617] [INFO] httpclires - [login][POST][200]: { code: 200,
  msg: null,
  data: 'eyJhcHBLZXkiOiI1ZTYwYjdhNi1kZGQ5LTRhOTctYThhMy1hMzE3OGJkYjYwMDQiLCJhdXRoSW5mbyI6ImV5SmhiR2NpT2lKUVV6STFOaUo5LmV5SmhZMk5sYzNOZmRHOXJaVzRpT2lJeE5USmtaR1pqWWkxaVpXSXpMVFF3TVdNdE9UQXlNeTAxWXpNNVpXVmpNelUxT1dVaUxDSnpkV0lpT2lKbExXTnZiVzFsY21ObElpd2laR0YwWVhNaU9pSTNOMlE1WVRSaE5ESmxNV0kyTWpVMU1HUTBZekU1TXpNNFltUm1NMlZtTXlJc0ltVjRjQ0k2TVRVek16YzJNVGcyTkgwLmF4OEhpV2xMZjVucHZjRlFWeW1idExpd29WdXJ3Y2dsb29zenJNQy1uWVNGT1NjMGRNNVlRYXN2R3pWRHRfY1dOWWx6VVRKNW9SeHFia2JOVXVGYk1KWllUVEtlRmluUV9lcEgzczVsNzBfRVBXNUZnZi1ROXd1WTJCR05DNjlrTnVhOWNRZlMtTHk3YVJpWS1hY3NZZ1RtbzBjaHRMOVJlZ2ZhSkVmVU9tNCIsIm9yZ0lkIjoiIn0=' }
[2018-08-08T20:37:38.636] [INFO] httpclires - [login][POST][200]: { code: 200,
  msg: null,
  data: 'eyJhcHBLZXkiOiI1ZTYwYjdhNi1kZGQ5LTRhOTctYThhMy1hMzE3OGJkYjYwMDQiLCJhdXRoSW5mbyI6ImV5SmhiR2NpT2lKUVV6STFOaUo5LmV5SmhZMk5sYzNOZmRHOXJaVzRpT2lJNE16SmlNbUV6T0MwMFpESTNMVFE1TlRRdE9UTmxNUzFqWW1VMk5EQTBaVGN5WlRVaUxDSnpkV0lpT2lKbExXTnZiVzFsY21ObElpd2laR0YwWVhNaU9pSTNOMlE1WVRSaE5ESmxNV0kyTWpVMU1HUTBZekU1TXpNNFltUm1NMlZtTXlJc0ltVjRjQ0k2TVRVek16YzJNVGcyTkgwLm01NXkyYm1FdGZsMGtDSmJJQ1haSGE1ZGtTSnpMRmFjc2ZpSEx0MHRCaU9mbHZvTUF6ZXdrbmhwSGFpUGlNUERZbXgzUjhUcHF1Z2ljS2JvWU1PTEgyRWxWdjdrZzFHT2JFZ2dzZ1E3b0tsb0dsbExYVkw1UV9BdjZmRm9YbXk4UkcwdEQyMFV0cW5LTVJJTmVTT0ZwU1BWdm5tUElPcXBwY01tUkxraEhLayIsIm9yZ0lkIjoiIn0=' }
[2018-08-08T20:37:38.851] [INFO] httpclires - [login][POST][200]: { code: 200,
  msg: null,
  data: 'eyJhcHBLZXkiOiI1ZTYwYjdhNi1kZGQ5LTRhOTctYThhMy1hMzE3OGJkYjYwMDQiLCJhdXRoSW5mbyI6ImV5SmhiR2NpT2lKUVV6STFOaUo5LmV5SmhZMk5sYzNOZmRHOXJaVzRpT2lKbE9ERXdZamhoWVMwM01EWTFMVFF3Tm1FdFlXWXlOUzB6TldVd09EWTFaVGt3WVRjaUxDSnpkV0lpT2lKbExXTnZiVzFsY21ObElpd2laR0YwWVhNaU9pSTNOMlE1WVRSaE5ESmxNV0kyTWpVMU1HUTBZekU1TXpNNFltUm1NMlZtTXlJc0ltVjRjQ0k2TVRVek16YzJNVGcyTkgwLldFU2I0RmJnMUVQamtjOHhVYXVBN2EzVEs0eGZVTG1pY2VqbDRYcnZmdW5VTllNMXpmTXFDcHFKNVd2NXEtQld1SFVseDJsc1poVVg4cU52dGNJVnFsWjhHT2hRX0FjRjRxUmJwQmhFVDF2bWNDTjg5Rnh3SGJlTGFVazBQa3BzQlJfeTJaOENZUnl3Q0taWjlGRFBXWWdmNjlWNFUxZC1kUFFQRFF6VXVBUSIsIm9yZ0lkIjoiIn0=' }
[2018-08-08T20:37:39.090] [INFO] httpclires - [Project/Query?token=eyJhcHBLZXkiOiI1ZTYwYjdhNi1kZGQ5LTRhOTctYThhMy1hMzE3OGJkYjYwMDQiLCJhdXRoSW5mbyI6ImV5SmhiR2NpT2lKUVV6STFOaUo5LmV5SmhZMk5sYzNOZmRHOXJaVzRpT2lKalpHUmhOamswTlMwNFptUmlMVFF4TlRBdFltUTRZeTAwTldJMk9EUmpPVFZoTnpZaUxDSnpkV0lpT2lKbExXTnZiVzFsY21ObElpd2laR0YwWVhNaU9pSTNOMlE1WVRSaE5ESmxNV0kyTWpVMU1HUTBZekU1TXpNNFltUm1NMlZtTXlJc0ltVjRjQ0k2TVRVek16YzJNVGcyTkgwLk5uT0RYd2EtbmpneWZWRWFPREg1NmpiX0ZJUWRUT3g3aGhvZzFQWmFKMVRMTEhrdlR5WVd0eTE4R21lQ2xlbjNhV3c5bnc4OFhQZVdMdWFRdEZDUTduRGFCc0hyTTRzUWdXaHpTUVFpY3dTb3NzOGFXQlZkM0RrUXNJQVFYVmw1aXVJVkxqQjgwQ1hHdW1MdTVZQjhFMlNNVHhOS0ttTTJieGd0VVpMLU02OCIsIm9yZ0lkIjoiIn0=][POST][200]: { code: 200,
  msg: null,
  data: 
   [ { ID: 1,
       Name: '饮料',
       Code: 'FL01',
       Disabled: false,
       CreatedTime: '/Date(-62135596800000)/',
       SequenceNumber: 0,
       Idclass: null,
       ProjectClass: null,
       class: null,
       IdMarketingOrgan: null,
       MarketingOrgan: null,
       WeakTypeDtoName: null,
       DtoClassName: 'Ufida.T.AA.DTO.ProjectDTO',
       IsWeakType: false,
       AliName: 'ProjectDTO',
       Status: 0,
       EnableHasChanged: false,
       ChangedProperty: [],
       DynamicPropertyKeys: [],
       DynamicPropertyValues: [],
       DeleteID: 1,
       Updated: '/Date(1533731866051)/',
       UpdatedBy: null,
       InnerSearchLevel: 0,
       RecordChange: true,
       InnerPropInParentRecure: null,
       Ts: null,
       CaseSensitive: false,
       RecordDynamicNullValue: false,
       data: null },
     { ID: 2,
       Name: '零售',
       Code: 'FL02',
       Disabled: false,
       CreatedTime: '/Date(-62135596800000)/',
       SequenceNumber: 0,
       Idclass: null,
       ProjectClass: null,
       class: null,
       IdMarketingOrgan: null,
       MarketingOrgan: null,
       WeakTypeDtoName: null,
       DtoClassName: 'Ufida.T.AA.DTO.ProjectDTO',
       IsWeakType: false,
       AliName: 'ProjectDTO',
       Status: 0,
       EnableHasChanged: false,
       ChangedProperty: [],
       DynamicPropertyKeys: [],
       DynamicPropertyValues: [],
       DeleteID: 2,
       Updated: '/Date(1533731866051)/',
       UpdatedBy: null,
       InnerSearchLevel: 0,
       RecordChange: true,
       InnerPropInParentRecure: null,
       Ts: null,
       CaseSensitive: false,
       RecordDynamicNullValue: false,
       data: null } ] }
[2018-08-08T20:37:39.452] [INFO] httpclires - [warehouse/Query?token=eyJhcHBLZXkiOiI1ZTYwYjdhNi1kZGQ5LTRhOTctYThhMy1hMzE3OGJkYjYwMDQiLCJhdXRoSW5mbyI6ImV5SmhiR2NpT2lKUVV6STFOaUo5LmV5SmhZMk5sYzNOZmRHOXJaVzRpT2lJeE5USmtaR1pqWWkxaVpXSXpMVFF3TVdNdE9UQXlNeTAxWXpNNVpXVmpNelUxT1dVaUxDSnpkV0lpT2lKbExXTnZiVzFsY21ObElpd2laR0YwWVhNaU9pSTNOMlE1WVRSaE5ESmxNV0kyTWpVMU1HUTBZekU1TXpNNFltUm1NMlZtTXlJc0ltVjRjQ0k2TVRVek16YzJNVGcyTkgwLmF4OEhpV2xMZjVucHZjRlFWeW1idExpd29WdXJ3Y2dsb29zenJNQy1uWVNGT1NjMGRNNVlRYXN2R3pWRHRfY1dOWWx6VVRKNW9SeHFia2JOVXVGYk1KWllUVEtlRmluUV9lcEgzczVsNzBfRVBXNUZnZi1ROXd1WTJCR05DNjlrTnVhOWNRZlMtTHk3YVJpWS1hY3NZZ1RtbzBjaHRMOVJlZ2ZhSkVmVU9tNCIsIm9yZ0lkIjoiIn0=][POST][200]: { code: 200,
  msg: null,
  data: 
   [ { Code: '01', Name: '总仓' },
     { Code: '02', Name: '中华路一店' },
     { Code: '03', Name: '澳门路1店' } ] }
[2018-08-08T20:37:39.480] [INFO] httpclires - [person/Query?token=eyJhcHBLZXkiOiI1ZTYwYjdhNi1kZGQ5LTRhOTctYThhMy1hMzE3OGJkYjYwMDQiLCJhdXRoSW5mbyI6ImV5SmhiR2NpT2lKUVV6STFOaUo5LmV5SmhZMk5sYzNOZmRHOXJaVzRpT2lJNE16SmlNbUV6T0MwMFpESTNMVFE1TlRRdE9UTmxNUzFqWW1VMk5EQTBaVGN5WlRVaUxDSnpkV0lpT2lKbExXTnZiVzFsY21ObElpd2laR0YwWVhNaU9pSTNOMlE1WVRSaE5ESmxNV0kyTWpVMU1HUTBZekU1TXpNNFltUm1NMlZtTXlJc0ltVjRjQ0k2TVRVek16YzJNVGcyTkgwLm01NXkyYm1FdGZsMGtDSmJJQ1haSGE1ZGtTSnpMRmFjc2ZpSEx0MHRCaU9mbHZvTUF6ZXdrbmhwSGFpUGlNUERZbXgzUjhUcHF1Z2ljS2JvWU1PTEgyRWxWdjdrZzFHT2JFZ2dzZ1E3b0tsb0dsbExYVkw1UV9BdjZmRm9YbXk4UkcwdEQyMFV0cW5LTVJJTmVTT0ZwU1BWdm5tUElPcXBwY01tUkxraEhLayIsIm9yZ0lkIjoiIn0=][POST][200]: { code: 200, msg: null, data: [] }
[2018-08-08T20:37:39.773] [INFO] httpclires - [partner/Query?token=eyJhcHBLZXkiOiI1ZTYwYjdhNi1kZGQ5LTRhOTctYThhMy1hMzE3OGJkYjYwMDQiLCJhdXRoSW5mbyI6ImV5SmhiR2NpT2lKUVV6STFOaUo5LmV5SmhZMk5sYzNOZmRHOXJaVzRpT2lKbE9ERXdZamhoWVMwM01EWTFMVFF3Tm1FdFlXWXlOUzB6TldVd09EWTFaVGt3WVRjaUxDSnpkV0lpT2lKbExXTnZiVzFsY21ObElpd2laR0YwWVhNaU9pSTNOMlE1WVRSaE5ESmxNV0kyTWpVMU1HUTBZekU1TXpNNFltUm1NMlZtTXlJc0ltVjRjQ0k2TVRVek16YzJNVGcyTkgwLldFU2I0RmJnMUVQamtjOHhVYXVBN2EzVEs0eGZVTG1pY2VqbDRYcnZmdW5VTllNMXpmTXFDcHFKNVd2NXEtQld1SFVseDJsc1poVVg4cU52dGNJVnFsWjhHT2hRX0FjRjRxUmJwQmhFVDF2bWNDTjg5Rnh3SGJlTGFVazBQa3BzQlJfeTJaOENZUnl3Q0taWjlGRFBXWWdmNjlWNFUxZC1kUFFQRFF6VXVBUSIsIm9yZ0lkIjoiIn0=][POST][200]: { code: 200,
  msg: null,
  data: 
   [ { Code: '0020001', Name: '移动客户', PartnerType: [Object] },
     { Code: '001', Name: '测试', PartnerType: [Object] },
     { Code: '0010001', Name: '星力城', PartnerType: [Object] } ] }
[2018-08-08T20:37:40.743] [INFO] httpclires - [login][POST][200]: { code: 200,
  msg: null,
  data: 'eyJhcHBLZXkiOiI1ZTYwYjdhNi1kZGQ5LTRhOTctYThhMy1hMzE3OGJkYjYwMDQiLCJhdXRoSW5mbyI6ImV5SmhiR2NpT2lKUVV6STFOaUo5LmV5SmhZMk5sYzNOZmRHOXJaVzRpT2lKa056aG1PVEZrWmkweVpEazBMVFF4WlRjdFltRmtNaTAzTTJVelltRmhZV0l6TkdJaUxDSnpkV0lpT2lKbExXTnZiVzFsY21ObElpd2laR0YwWVhNaU9pSTNOMlE1WVRSaE5ESmxNV0kyTWpVMU1HUTBZekU1TXpNNFltUm1NMlZtTXlJc0ltVjRjQ0k2TVRVek16YzJNVGcyTjMwLlRPclBRc09TeEVwRzI3T0xmMkJSbUFxWlQ2ODg3b0V0eFBzYnhYUTZGWmRPdXFJa0F3UWlvRGllQ2FwMnZ0STQ1NG1Xc1lIRVFUVGp4b0ZMS3NxVWxlVElkbTJ3MUxqZGJwX1ZGOVZZVV9LazZOWnhaTlJIOUdjWkF6NmJCUHVvWTkzMGlhMHFrWnhUeDJwbnZISWVmdFRMMlZveEpVWHpJSGw0TGVSZG4wSSIsIm9yZ0lkIjoiIn0=' }
[2018-08-08T20:37:41.123] [INFO] httpclires - [partner/Query?token=eyJhcHBLZXkiOiI1ZTYwYjdhNi1kZGQ5LTRhOTctYThhMy1hMzE3OGJkYjYwMDQiLCJhdXRoSW5mbyI6ImV5SmhiR2NpT2lKUVV6STFOaUo5LmV5SmhZMk5sYzNOZmRHOXJaVzRpT2lKa056aG1PVEZrWmkweVpEazBMVFF4WlRjdFltRmtNaTAzTTJVelltRmhZV0l6TkdJaUxDSnpkV0lpT2lKbExXTnZiVzFsY21ObElpd2laR0YwWVhNaU9pSTNOMlE1WVRSaE5ESmxNV0kyTWpVMU1HUTBZekU1TXpNNFltUm1NMlZtTXlJc0ltVjRjQ0k2TVRVek16YzJNVGcyTjMwLlRPclBRc09TeEVwRzI3T0xmMkJSbUFxWlQ2ODg3b0V0eFBzYnhYUTZGWmRPdXFJa0F3UWlvRGllQ2FwMnZ0STQ1NG1Xc1lIRVFUVGp4b0ZMS3NxVWxlVElkbTJ3MUxqZGJwX1ZGOVZZVV9LazZOWnhaTlJIOUdjWkF6NmJCUHVvWTkzMGlhMHFrWnhUeDJwbnZISWVmdFRMMlZveEpVWHpJSGw0TGVSZG4wSSIsIm9yZ0lkIjoiIn0=][POST][200]: { code: 200,
  msg: null,
  data: 
   [ { Code: '0020001', Name: '移动客户', PartnerType: [Object] },
     { Code: '001', Name: '测试', PartnerType: [Object] },
     { Code: '0010001', Name: '星力城', PartnerType: [Object] } ] }
[2018-08-08T20:37:44.914] [INFO] httpclires - [login][POST][200]: { code: 200,
  msg: null,
  data: 'eyJhcHBLZXkiOiI1ZTYwYjdhNi1kZGQ5LTRhOTctYThhMy1hMzE3OGJkYjYwMDQiLCJhdXRoSW5mbyI6ImV5SmhiR2NpT2lKUVV6STFOaUo5LmV5SmhZMk5sYzNOZmRHOXJaVzRpT2lKalpXSmxNbVF6WWkxaU5EVm1MVFE0WkdZdE9UWmxZUzB6WmpFMk4yTTVNVFF4T1RjaUxDSnpkV0lpT2lKbExXTnZiVzFsY21ObElpd2laR0YwWVhNaU9pSTNOMlE1WVRSaE5ESmxNV0kyTWpVMU1HUTBZekU1TXpNNFltUm1NMlZtTXlJc0ltVjRjQ0k2TVRVek16YzJNVGcyT1gwLmdZbTNkd09DUFBSOU1Hd3lseVdtRjZ4ZV8xdkRkNnV1RVBDQzhob2FWRVlZY19Td0FHd0FRT3ZDak0zUV9vVmlyeHVmVGFMSE1YT2VYN3VkUkpzNTJ3R3ZLWlZXRU1UcE5XdThpMENZQS15cXR1a2VjWEJEa3NacjMxZjNfMlVIOUlFcHJ1cERfRUs0Q2dGVkFvc3RVTzN0X2ZyRlBGMC11NXFOemxZdXhrSSIsIm9yZ0lkIjoiIn0=' }
[2018-08-08T20:37:45.552] [INFO] httpclires - [login][POST][200]: { code: 200,
  msg: null,
  data: 'eyJhcHBLZXkiOiI1ZTYwYjdhNi1kZGQ5LTRhOTctYThhMy1hMzE3OGJkYjYwMDQiLCJhdXRoSW5mbyI6ImV5SmhiR2NpT2lKUVV6STFOaUo5LmV5SmhZMk5sYzNOZmRHOXJaVzRpT2lJM01qRTBNMkk0TmkwME1UTXhMVFExWW1VdE9UUXpOQzA1WkRJMk56aGxPRFEwWXpNaUxDSnpkV0lpT2lKbExXTnZiVzFsY21ObElpd2laR0YwWVhNaU9pSTNOMlE1WVRSaE5ESmxNV0kyTWpVMU1HUTBZekU1TXpNNFltUm1NMlZtTXlJc0ltVjRjQ0k2TVRVek16YzJNVGczTUgwLlQzZkNoaUY0OEV5SkRSWkhfRkR5RTk4ZkFyY1QyU3lDQ185TEZuQ2lYVkJ0NENsOFRpZDAzZEZmNmtMaTNXbFhnc1ZMc1Myb05lbENjYlN2RXFHd2xRWjF3NDdjWjVCNFBMZEs5WUplLWhQTURseW4zRWI3MGdRVFh4bjliMjdVNkpnRUxHQWJEZ1JDeVhObVpBSUxQUEdEZXRFUGlKYkxHUFF0SU9kU2tPMCIsIm9yZ0lkIjoiIn0=' }
[2018-08-08T20:37:45.956] [INFO] httpclires - [login][POST][200]: { code: 200,
  msg: null,
  data: 'eyJhcHBLZXkiOiI1ZTYwYjdhNi1kZGQ5LTRhOTctYThhMy1hMzE3OGJkYjYwMDQiLCJhdXRoSW5mbyI6ImV5SmhiR2NpT2lKUVV6STFOaUo5LmV5SmhZMk5sYzNOZmRHOXJaVzRpT2lJNVpETmpPR1JpWXkxaVkyRmlMVFExWmpBdE9XWXdZeTAzTXpJME1HWTRNRFU0TUdVaUxDSnpkV0lpT2lKbExXTnZiVzFsY21ObElpd2laR0YwWVhNaU9pSTNOMlE1WVRSaE5ESmxNV0kyTWpVMU1HUTBZekU1TXpNNFltUm1NMlZtTXlJc0ltVjRjQ0k2TVRVek16YzJNVGczTUgwLmFlbGVUX3ZUZzdJNThMS3E1RnkzZTV3R0tXYXJxdFhtSGt6UXVCbC1MaDU2UnhpbUxCUFlVNjUweHdmU08yNFdtU2NWd3RTX2ZaTmVpTzB5YTFqVzVWYllpSlZlOGFNTEhOdEVZZVhiVTZtYlFyUFBrNk5tbFFLZEJrZWhaQ0JqRXNHRk1xNjY3QThGUzdrQ1JobVJXa0ZmV3BUeHNZaGhwdURBbWhFSEo3TSIsIm9yZ0lkIjoiIn0=' }
[2018-08-08T20:37:46.410] [INFO] httpclires - [login][POST][200]: { code: 200,
  msg: null,
  data: 'eyJhcHBLZXkiOiI1ZTYwYjdhNi1kZGQ5LTRhOTctYThhMy1hMzE3OGJkYjYwMDQiLCJhdXRoSW5mbyI6ImV5SmhiR2NpT2lKUVV6STFOaUo5LmV5SmhZMk5sYzNOZmRHOXJaVzRpT2lJeFkySXdPRFE1WlMxa1pEaGxMVFJoTUdZdE9URmtNaTAwWlRkaE1HWTJZVFV6Tm1JaUxDSnpkV0lpT2lKbExXTnZiVzFsY21ObElpd2laR0YwWVhNaU9pSTNOMlE1WVRSaE5ESmxNV0kyTWpVMU1HUTBZekU1TXpNNFltUm1NMlZtTXlJc0ltVjRjQ0k2TVRVek16YzJNVGczTVgwLmgxQThvUzJNaVJIQ1RwVlpQRmpFYUExY3RFdXg4N0RxMVA3U0ZyRjBoNnBpRzZvWlppcnBfT24yNlJpN0UyZ1JhRklRV2hSa0lkaFJwOUkyOVF6MlJFZXpndDR3bVBheFo0ZUlKWEZtQ0ljYWZpQ1pBR09EWXY2WlJvMTNCZkhoMEZkM204NGc5NzRvOUk2LXVibW5YS0NWYmRfRGk1XzZRdWdUWWJkWmpsMCIsIm9yZ0lkIjoiIn0=' }
[2018-08-08T20:37:46.884] [INFO] httpclires - [Project/Query?token=eyJhcHBLZXkiOiI1ZTYwYjdhNi1kZGQ5LTRhOTctYThhMy1hMzE3OGJkYjYwMDQiLCJhdXRoSW5mbyI6ImV5SmhiR2NpT2lKUVV6STFOaUo5LmV5SmhZMk5sYzNOZmRHOXJaVzRpT2lKalpXSmxNbVF6WWkxaU5EVm1MVFE0WkdZdE9UWmxZUzB6WmpFMk4yTTVNVFF4T1RjaUxDSnpkV0lpT2lKbExXTnZiVzFsY21ObElpd2laR0YwWVhNaU9pSTNOMlE1WVRSaE5ESmxNV0kyTWpVMU1HUTBZekU1TXpNNFltUm1NMlZtTXlJc0ltVjRjQ0k2TVRVek16YzJNVGcyT1gwLmdZbTNkd09DUFBSOU1Hd3lseVdtRjZ4ZV8xdkRkNnV1RVBDQzhob2FWRVlZY19Td0FHd0FRT3ZDak0zUV9vVmlyeHVmVGFMSE1YT2VYN3VkUkpzNTJ3R3ZLWlZXRU1UcE5XdThpMENZQS15cXR1a2VjWEJEa3NacjMxZjNfMlVIOUlFcHJ1cERfRUs0Q2dGVkFvc3RVTzN0X2ZyRlBGMC11NXFOemxZdXhrSSIsIm9yZ0lkIjoiIn0=][POST][200]: { code: 200,
  msg: null,
  data: 
   [ { ID: 1,
       Name: '饮料',
       Code: 'FL01',
       Disabled: false,
       CreatedTime: '/Date(-62135596800000)/',
       SequenceNumber: 0,
       Idclass: null,
       ProjectClass: null,
       class: null,
       IdMarketingOrgan: null,
       MarketingOrgan: null,
       WeakTypeDtoName: null,
       DtoClassName: 'Ufida.T.AA.DTO.ProjectDTO',
       IsWeakType: false,
       AliName: 'ProjectDTO',
       Status: 0,
       EnableHasChanged: false,
       ChangedProperty: [],
       DynamicPropertyKeys: [],
       DynamicPropertyValues: [],
       DeleteID: 1,
       Updated: '/Date(1533731873848)/',
       UpdatedBy: null,
       InnerSearchLevel: 0,
       RecordChange: true,
       InnerPropInParentRecure: null,
       Ts: null,
       CaseSensitive: false,
       RecordDynamicNullValue: false,
       data: null },
     { ID: 2,
       Name: '零售',
       Code: 'FL02',
       Disabled: false,
       CreatedTime: '/Date(-62135596800000)/',
       SequenceNumber: 0,
       Idclass: null,
       ProjectClass: null,
       class: null,
       IdMarketingOrgan: null,
       MarketingOrgan: null,
       WeakTypeDtoName: null,
       DtoClassName: 'Ufida.T.AA.DTO.ProjectDTO',
       IsWeakType: false,
       AliName: 'ProjectDTO',
       Status: 0,
       EnableHasChanged: false,
       ChangedProperty: [],
       DynamicPropertyKeys: [],
       DynamicPropertyValues: [],
       DeleteID: 2,
       Updated: '/Date(1533731873848)/',
       UpdatedBy: null,
       InnerSearchLevel: 0,
       RecordChange: true,
       InnerPropInParentRecure: null,
       Ts: null,
       CaseSensitive: false,
       RecordDynamicNullValue: false,
       data: null } ] }
[2018-08-08T20:37:47.266] [INFO] httpclires - [warehouse/Query?token=eyJhcHBLZXkiOiI1ZTYwYjdhNi1kZGQ5LTRhOTctYThhMy1hMzE3OGJkYjYwMDQiLCJhdXRoSW5mbyI6ImV5SmhiR2NpT2lKUVV6STFOaUo5LmV5SmhZMk5sYzNOZmRHOXJaVzRpT2lJM01qRTBNMkk0TmkwME1UTXhMVFExWW1VdE9UUXpOQzA1WkRJMk56aGxPRFEwWXpNaUxDSnpkV0lpT2lKbExXTnZiVzFsY21ObElpd2laR0YwWVhNaU9pSTNOMlE1WVRSaE5ESmxNV0kyTWpVMU1HUTBZekU1TXpNNFltUm1NMlZtTXlJc0ltVjRjQ0k2TVRVek16YzJNVGczTUgwLlQzZkNoaUY0OEV5SkRSWkhfRkR5RTk4ZkFyY1QyU3lDQ185TEZuQ2lYVkJ0NENsOFRpZDAzZEZmNmtMaTNXbFhnc1ZMc1Myb05lbENjYlN2RXFHd2xRWjF3NDdjWjVCNFBMZEs5WUplLWhQTURseW4zRWI3MGdRVFh4bjliMjdVNkpnRUxHQWJEZ1JDeVhObVpBSUxQUEdEZXRFUGlKYkxHUFF0SU9kU2tPMCIsIm9yZ0lkIjoiIn0=][POST][200]: { code: 200,
  msg: null,
  data: 
   [ { Code: '01', Name: '总仓' },
     { Code: '02', Name: '中华路一店' },
     { Code: '03', Name: '澳门路1店' } ] }
[2018-08-08T20:37:47.942] [INFO] httpclires - [partner/Query?token=eyJhcHBLZXkiOiI1ZTYwYjdhNi1kZGQ5LTRhOTctYThhMy1hMzE3OGJkYjYwMDQiLCJhdXRoSW5mbyI6ImV5SmhiR2NpT2lKUVV6STFOaUo5LmV5SmhZMk5sYzNOZmRHOXJaVzRpT2lJNVpETmpPR1JpWXkxaVkyRmlMVFExWmpBdE9XWXdZeTAzTXpJME1HWTRNRFU0TUdVaUxDSnpkV0lpT2lKbExXTnZiVzFsY21ObElpd2laR0YwWVhNaU9pSTNOMlE1WVRSaE5ESmxNV0kyTWpVMU1HUTBZekU1TXpNNFltUm1NMlZtTXlJc0ltVjRjQ0k2TVRVek16YzJNVGczTUgwLmFlbGVUX3ZUZzdJNThMS3E1RnkzZTV3R0tXYXJxdFhtSGt6UXVCbC1MaDU2UnhpbUxCUFlVNjUweHdmU08yNFdtU2NWd3RTX2ZaTmVpTzB5YTFqVzVWYllpSlZlOGFNTEhOdEVZZVhiVTZtYlFyUFBrNk5tbFFLZEJrZWhaQ0JqRXNHRk1xNjY3QThGUzdrQ1JobVJXa0ZmV3BUeHNZaGhwdURBbWhFSEo3TSIsIm9yZ0lkIjoiIn0=][POST][200]: { code: 200,
  msg: null,
  data: 
   [ { Code: '0020001', Name: '移动客户', PartnerType: [Object] },
     { Code: '001', Name: '测试', PartnerType: [Object] },
     { Code: '0010001', Name: '星力城', PartnerType: [Object] } ] }
[2018-08-08T20:37:48.302] [INFO] httpclires - [person/Query?token=eyJhcHBLZXkiOiI1ZTYwYjdhNi1kZGQ5LTRhOTctYThhMy1hMzE3OGJkYjYwMDQiLCJhdXRoSW5mbyI6ImV5SmhiR2NpT2lKUVV6STFOaUo5LmV5SmhZMk5sYzNOZmRHOXJaVzRpT2lJeFkySXdPRFE1WlMxa1pEaGxMVFJoTUdZdE9URmtNaTAwWlRkaE1HWTJZVFV6Tm1JaUxDSnpkV0lpT2lKbExXTnZiVzFsY21ObElpd2laR0YwWVhNaU9pSTNOMlE1WVRSaE5ESmxNV0kyTWpVMU1HUTBZekU1TXpNNFltUm1NMlZtTXlJc0ltVjRjQ0k2TVRVek16YzJNVGczTVgwLmgxQThvUzJNaVJIQ1RwVlpQRmpFYUExY3RFdXg4N0RxMVA3U0ZyRjBoNnBpRzZvWlppcnBfT24yNlJpN0UyZ1JhRklRV2hSa0lkaFJwOUkyOVF6MlJFZXpndDR3bVBheFo0ZUlKWEZtQ0ljYWZpQ1pBR09EWXY2WlJvMTNCZkhoMEZkM204NGc5NzRvOUk2LXVibW5YS0NWYmRfRGk1XzZRdWdUWWJkWmpsMCIsIm9yZ0lkIjoiIn0=][POST][200]: { code: 200, msg: null, data: [] }
[2018-08-08T20:38:10.284] [INFO] httpclires - [login][POST][200]: { code: 200,
  msg: null,
  data: 'eyJhcHBLZXkiOiI1ZTYwYjdhNi1kZGQ5LTRhOTctYThhMy1hMzE3OGJkYjYwMDQiLCJhdXRoSW5mbyI6ImV5SmhiR2NpT2lKUVV6STFOaUo5LmV5SmhZMk5sYzNOZmRHOXJaVzRpT2lKall6TmxOVGs1TnkwME1qYzVMVFEyTUdFdE9UazNaaTAwTjJOak9XSXhZVGt5WlRJaUxDSnpkV0lpT2lKbExXTnZiVzFsY21ObElpd2laR0YwWVhNaU9pSTNOMlE1WVRSaE5ESmxNV0kyTWpVMU1HUTBZekU1TXpNNFltUm1NMlZtTXlJc0ltVjRjQ0k2TVRVek16YzJNVGc1Tm4wLkJHeHAzajNacDU5X0h5RjZlYjZyR3d6ajdRZnlUWGFxcXhVYktBeDVZbnZwR3dnVEVIclRtYnloeVljMkZmZkl5OWJrYmUwYkctY3hJUUZ3cDNtSVJDVkZJUVNNOG1vT0trSzRYc1ZmZ244U2w4NnRBVnRubjlLbVVuQ1h0Skkwa0tkM3VQOWw3ZE1TUnVrNkxHcDhDRi1JSERveEN0R0lYd2xKSEtjN0NHMCIsIm9yZ0lkIjoiIn0=' }
[2018-08-08T20:38:11.116] [INFO] httpclires - [inventory/Query?token=eyJhcHBLZXkiOiI1ZTYwYjdhNi1kZGQ5LTRhOTctYThhMy1hMzE3OGJkYjYwMDQiLCJhdXRoSW5mbyI6ImV5SmhiR2NpT2lKUVV6STFOaUo5LmV5SmhZMk5sYzNOZmRHOXJaVzRpT2lKall6TmxOVGs1TnkwME1qYzVMVFEyTUdFdE9UazNaaTAwTjJOak9XSXhZVGt5WlRJaUxDSnpkV0lpT2lKbExXTnZiVzFsY21ObElpd2laR0YwWVhNaU9pSTNOMlE1WVRSaE5ESmxNV0kyTWpVMU1HUTBZekU1TXpNNFltUm1NMlZtTXlJc0ltVjRjQ0k2TVRVek16YzJNVGc1Tm4wLkJHeHAzajNacDU5X0h5RjZlYjZyR3d6ajdRZnlUWGFxcXhVYktBeDVZbnZwR3dnVEVIclRtYnloeVljMkZmZkl5OWJrYmUwYkctY3hJUUZ3cDNtSVJDVkZJUVNNOG1vT0trSzRYc1ZmZ244U2w4NnRBVnRubjlLbVVuQ1h0Skkwa0tkM3VQOWw3ZE1TUnVrNkxHcDhDRi1JSERveEN0R0lYd2xKSEtjN0NHMCIsIm9yZ0lkIjoiIn0=][POST][200]: { code: 200,
  msg: null,
  data: 
   [ { Code: '01001',
       Name: '汰渍洗衣液',
       Specification: '2.5KG',
       DefaultBarCode: '' },
     { Code: '01002',
       Name: '汰渍洗衣液',
       Specification: '5KG',
       DefaultBarCode: '' },
     { Code: '02001',
       Name: '茅贡米',
       Specification: '10KG',
       DefaultBarCode: '' },
     { Code: '02002',
       Name: '茅贡米',
       Specification: '5KG',
       DefaultBarCode: '' },
     { Code: '01004',
       Name: '消毒液',
       Specification: '10ml',
       DefaultBarCode: '' } ] }
[2018-08-08T20:38:12.216] [INFO] httpclires - [login][POST][200]: { code: 200,
  msg: null,
  data: 'eyJhcHBLZXkiOiI1ZTYwYjdhNi1kZGQ5LTRhOTctYThhMy1hMzE3OGJkYjYwMDQiLCJhdXRoSW5mbyI6ImV5SmhiR2NpT2lKUVV6STFOaUo5LmV5SmhZMk5sYzNOZmRHOXJaVzRpT2lKaE1tWTFNbVV5WlMwek1EZ3pMVFJpTkRNdFlXUmlaQzA0TmpGak56STJNREpqTkRnaUxDSnpkV0lpT2lKbExXTnZiVzFsY21ObElpd2laR0YwWVhNaU9pSTNOMlE1WVRSaE5ESmxNV0kyTWpVMU1HUTBZekU1TXpNNFltUm1NMlZtTXlJc0ltVjRjQ0k2TVRVek16YzJNVGc1T0gwLk9qendTM3FjVzlqM1g4VXJvXzQtbUctTkRmbmxfVVppQUZMQXFEbV9XMkdual85bGl3ZVhtNmQwQjFrNmVHdmtLdU1MTUM2U1pQT1dhMUNsT3YweXNhMFh6b2EzUHBhQ0xYSHhOSldZYnNRM0ctNVRfVzdJZGp4YWZPM0VrbVhPTGJHeHhoUjVhQWMxRzdzTUV1TEllVkpPOExqcXhsUEZvSnNPcGp0ZE04VSIsIm9yZ0lkIjoiIn0=' }
[2018-08-08T20:38:13.263] [INFO] httpclires - [inventoryPrice/QueryInventoryPrice?token=eyJhcHBLZXkiOiI1ZTYwYjdhNi1kZGQ5LTRhOTctYThhMy1hMzE3OGJkYjYwMDQiLCJhdXRoSW5mbyI6ImV5SmhiR2NpT2lKUVV6STFOaUo5LmV5SmhZMk5sYzNOZmRHOXJaVzRpT2lKaE1tWTFNbVV5WlMwek1EZ3pMVFJpTkRNdFlXUmlaQzA0TmpGak56STJNREpqTkRnaUxDSnpkV0lpT2lKbExXTnZiVzFsY21ObElpd2laR0YwWVhNaU9pSTNOMlE1WVRSaE5ESmxNV0kyTWpVMU1HUTBZekU1TXpNNFltUm1NMlZtTXlJc0ltVjRjQ0k2TVRVek16YzJNVGc1T0gwLk9qendTM3FjVzlqM1g4VXJvXzQtbUctTkRmbmxfVVppQUZMQXFEbV9XMkdual85bGl3ZVhtNmQwQjFrNmVHdmtLdU1MTUM2U1pQT1dhMUNsT3YweXNhMFh6b2EzUHBhQ0xYSHhOSldZYnNRM0ctNVRfVzdJZGp4YWZPM0VrbVhPTGJHeHhoUjVhQWMxRzdzTUV1TEllVkpPOExqcXhsUEZvSnNPcGp0ZE04VSIsIm9yZ0lkIjoiIn0=][POST][200]: { code: 200,
  msg: null,
  data: 
   [ { RowID: 1,
       Inventory: [Object],
       Unit: [Object],
       Price: null,
       DiscountRate: null,
       DiscountPrice: 12.76,
       CashBackReturn: null,
       WithTax: true },
     { RowID: 1,
       Inventory: [Object],
       Unit: [Object],
       Price: null,
       DiscountRate: null,
       DiscountPrice: 3,
       CashBackReturn: null,
       WithTax: true },
     { RowID: 1,
       Inventory: [Object],
       Unit: [Object],
       Price: null,
       DiscountRate: null,
       DiscountPrice: null,
       CashBackReturn: null,
       WithTax: true },
     { RowID: 1,
       Inventory: [Object],
       Unit: [Object],
       Price: null,
       DiscountRate: null,
       DiscountPrice: null,
       CashBackReturn: null,
       WithTax: true },
     { RowID: 1,
       Inventory: [Object],
       Unit: [Object],
       Price: null,
       DiscountRate: null,
       DiscountPrice: 11.6,
       CashBackReturn: null,
       WithTax: true } ] }
[2018-08-08T20:38:19.035] [INFO] httpclires - [login][POST][200]: { code: 200,
  msg: null,
  data: 'eyJhcHBLZXkiOiI1ZTYwYjdhNi1kZGQ5LTRhOTctYThhMy1hMzE3OGJkYjYwMDQiLCJhdXRoSW5mbyI6ImV5SmhiR2NpT2lKUVV6STFOaUo5LmV5SmhZMk5sYzNOZmRHOXJaVzRpT2lKbU5qTTJNVE00TUMwME5qSmxMVFEzWTJFdFlqQXlNaTA0T0dZNFlXVTNZMlpoTlRBaUxDSnpkV0lpT2lKbExXTnZiVzFsY21ObElpd2laR0YwWVhNaU9pSTNOMlE1WVRSaE5ESmxNV0kyTWpVMU1HUTBZekU1TXpNNFltUm1NMlZtTXlJc0ltVjRjQ0k2TVRVek16YzJNVGt3TTMwLkdDUE1XR19NM0J6SVR3V3F3bjhnNDJZaERzQTdQVVljd1lZNTdmcHFmVjJDSVVIQzQ3clBqSDFBenZnRFlGRjZBYkV6ZXo1VmE5TC1LR2dsdFpWSG9HUE9qaGg0Z2dLNkRvcFhvbzBZeDVvMG1Sb3F2QkFmOUgxVXRZcXg0THdyTV9PSW1LczFSUmVGQTIwcFBiWUhDQmdQLXVmZEN1SC1ubWstemRNcmh5ZyIsIm9yZ0lkIjoiIn0=' }
[2018-08-08T20:38:19.616] [INFO] httpclires - [login][POST][200]: { code: 200,
  msg: null,
  data: 'eyJhcHBLZXkiOiI1ZTYwYjdhNi1kZGQ5LTRhOTctYThhMy1hMzE3OGJkYjYwMDQiLCJhdXRoSW5mbyI6ImV5SmhiR2NpT2lKUVV6STFOaUo5LmV5SmhZMk5sYzNOZmRHOXJaVzRpT2lJek1XUmhZbU0yWkMweE9EVmlMVFJsTURZdE9ESTJaaTB5TVRrMFpqQTRNVGd4TlRraUxDSnpkV0lpT2lKbExXTnZiVzFsY21ObElpd2laR0YwWVhNaU9pSTNOMlE1WVRSaE5ESmxNV0kyTWpVMU1HUTBZekU1TXpNNFltUm1NMlZtTXlJc0ltVjRjQ0k2TVRVek16YzJNVGt3TkgwLmhNRzY2cHRPenRtR0xzR0MwNmJJa19RWmtwLUwwaHhuc2poS3pibkpZX0JsTjdKRGxITXR5NEpTN0tsT3BkZE1kTHdmdWRJMUVFVERVSk5xM2hTdHhlVEI2QUhqYTRodFlsT2F3Z0tnYjRJdmx4REZodm1KRzNVU1pZSGo1bno1Rld5Y09PUXdGZkthck40RWZicEpyNEhsQjVfcU5JaDlzUERkNE1ZdWcyUSIsIm9yZ0lkIjoiIn0=' }
[2018-08-08T20:38:20.999] [INFO] httpclires - [login][POST][200]: { code: 200,
  msg: null,
  data: 'eyJhcHBLZXkiOiI1ZTYwYjdhNi1kZGQ5LTRhOTctYThhMy1hMzE3OGJkYjYwMDQiLCJhdXRoSW5mbyI6ImV5SmhiR2NpT2lKUVV6STFOaUo5LmV5SmhZMk5sYzNOZmRHOXJaVzRpT2lJeU0yUXlObU0xTnkweVpUTmtMVFE1TUdFdFlqUmpOQzB4TnpJNVlqYzBPV0UzTlRRaUxDSnpkV0lpT2lKbExXTnZiVzFsY21ObElpd2laR0YwWVhNaU9pSTNOMlE1WVRSaE5ESmxNV0kyTWpVMU1HUTBZekU1TXpNNFltUm1NMlZtTXlJc0ltVjRjQ0k2TVRVek16YzJNVGt3TlgwLkdLR0RUWFNTWmw1MnRQNmVnN3lZYllhbVRlWEE2bmV0UWcwblBpeE41eXBheVRPUGZ3QUotVkxkbjlpN0JabDRPNzJVcXhlM3hHMktTRWt3N3Y0Vk5NTXJMRHkzdE5pbUYyZzBHcjhkc2M4OFlLYlRLVVFiSnlmemVHRUJzWWRka1l0QTlaM1dNSmdHZ0dNX2cxQ2ItSjM4QXJpWGkwd29OREoyZlpweGtLZyIsIm9yZ0lkIjoiIn0=' }
[2018-08-08T20:38:21.442] [INFO] httpclires - [login][POST][200]: { code: 200,
  msg: null,
  data: 'eyJhcHBLZXkiOiI1ZTYwYjdhNi1kZGQ5LTRhOTctYThhMy1hMzE3OGJkYjYwMDQiLCJhdXRoSW5mbyI6ImV5SmhiR2NpT2lKUVV6STFOaUo5LmV5SmhZMk5sYzNOZmRHOXJaVzRpT2lJeU5qSTFOREZsTWkwNVl6RmpMVFExWlRndE9UTTNOUzFtTW1Zek9UaGxNREUyTjJVaUxDSnpkV0lpT2lKbExXTnZiVzFsY21ObElpd2laR0YwWVhNaU9pSTNOMlE1WVRSaE5ESmxNV0kyTWpVMU1HUTBZekU1TXpNNFltUm1NMlZtTXlJc0ltVjRjQ0k2TVRVek16YzJNVGt3TlgwLklpeWR5emNwNUVVWHo5MVlRY25IUjBkd0R1UHhlMlp0NE9vTGZ2YXQ4N240ZXg4TWE1eGQ5ekYzclR2OW9ubXlMSmxhUlZZMDg1UWZDTlZ4a0VZS1AyWkVFWWFmOXpic2c4OGxfSWo3U0ZJM0ZrOXZOTFo5SWVmbnZiYXVRLXJvNWlWRWVxVC1tY3JKd0tkTDdHT1BaRXBSRmxYUF9oUVFUbWUtcjNNN1VTYyIsIm9yZ0lkIjoiIn0=' }
[2018-08-08T20:38:21.900] [INFO] httpclires - [partner/Query?token=eyJhcHBLZXkiOiI1ZTYwYjdhNi1kZGQ5LTRhOTctYThhMy1hMzE3OGJkYjYwMDQiLCJhdXRoSW5mbyI6ImV5SmhiR2NpT2lKUVV6STFOaUo5LmV5SmhZMk5sYzNOZmRHOXJaVzRpT2lKbU5qTTJNVE00TUMwME5qSmxMVFEzWTJFdFlqQXlNaTA0T0dZNFlXVTNZMlpoTlRBaUxDSnpkV0lpT2lKbExXTnZiVzFsY21ObElpd2laR0YwWVhNaU9pSTNOMlE1WVRSaE5ESmxNV0kyTWpVMU1HUTBZekU1TXpNNFltUm1NMlZtTXlJc0ltVjRjQ0k2TVRVek16YzJNVGt3TTMwLkdDUE1XR19NM0J6SVR3V3F3bjhnNDJZaERzQTdQVVljd1lZNTdmcHFmVjJDSVVIQzQ3clBqSDFBenZnRFlGRjZBYkV6ZXo1VmE5TC1LR2dsdFpWSG9HUE9qaGg0Z2dLNkRvcFhvbzBZeDVvMG1Sb3F2QkFmOUgxVXRZcXg0THdyTV9PSW1LczFSUmVGQTIwcFBiWUhDQmdQLXVmZEN1SC1ubWstemRNcmh5ZyIsIm9yZ0lkIjoiIn0=][POST][200]: { code: 200,
  msg: null,
  data: 
   [ { Code: '0020001', Name: '移动客户', PartnerType: [Object] },
     { Code: '001', Name: '测试', PartnerType: [Object] },
     { Code: '0010001', Name: '星力城', PartnerType: [Object] } ] }
[2018-08-08T20:38:22.313] [INFO] httpclires - [person/Query?token=eyJhcHBLZXkiOiI1ZTYwYjdhNi1kZGQ5LTRhOTctYThhMy1hMzE3OGJkYjYwMDQiLCJhdXRoSW5mbyI6ImV5SmhiR2NpT2lKUVV6STFOaUo5LmV5SmhZMk5sYzNOZmRHOXJaVzRpT2lJek1XUmhZbU0yWkMweE9EVmlMVFJsTURZdE9ESTJaaTB5TVRrMFpqQTRNVGd4TlRraUxDSnpkV0lpT2lKbExXTnZiVzFsY21ObElpd2laR0YwWVhNaU9pSTNOMlE1WVRSaE5ESmxNV0kyTWpVMU1HUTBZekU1TXpNNFltUm1NMlZtTXlJc0ltVjRjQ0k2TVRVek16YzJNVGt3TkgwLmhNRzY2cHRPenRtR0xzR0MwNmJJa19RWmtwLUwwaHhuc2poS3pibkpZX0JsTjdKRGxITXR5NEpTN0tsT3BkZE1kTHdmdWRJMUVFVERVSk5xM2hTdHhlVEI2QUhqYTRodFlsT2F3Z0tnYjRJdmx4REZodm1KRzNVU1pZSGo1bno1Rld5Y09PUXdGZkthck40RWZicEpyNEhsQjVfcU5JaDlzUERkNE1ZdWcyUSIsIm9yZ0lkIjoiIn0=][POST][200]: { code: 200, msg: null, data: [] }
[2018-08-08T20:38:22.735] [INFO] httpclires - [warehouse/Query?token=eyJhcHBLZXkiOiI1ZTYwYjdhNi1kZGQ5LTRhOTctYThhMy1hMzE3OGJkYjYwMDQiLCJhdXRoSW5mbyI6ImV5SmhiR2NpT2lKUVV6STFOaUo5LmV5SmhZMk5sYzNOZmRHOXJaVzRpT2lJeU0yUXlObU0xTnkweVpUTmtMVFE1TUdFdFlqUmpOQzB4TnpJNVlqYzBPV0UzTlRRaUxDSnpkV0lpT2lKbExXTnZiVzFsY21ObElpd2laR0YwWVhNaU9pSTNOMlE1WVRSaE5ESmxNV0kyTWpVMU1HUTBZekU1TXpNNFltUm1NMlZtTXlJc0ltVjRjQ0k2TVRVek16YzJNVGt3TlgwLkdLR0RUWFNTWmw1MnRQNmVnN3lZYllhbVRlWEE2bmV0UWcwblBpeE41eXBheVRPUGZ3QUotVkxkbjlpN0JabDRPNzJVcXhlM3hHMktTRWt3N3Y0Vk5NTXJMRHkzdE5pbUYyZzBHcjhkc2M4OFlLYlRLVVFiSnlmemVHRUJzWWRka1l0QTlaM1dNSmdHZ0dNX2cxQ2ItSjM4QXJpWGkwd29OREoyZlpweGtLZyIsIm9yZ0lkIjoiIn0=][POST][200]: { code: 200,
  msg: null,
  data: 
   [ { Code: '01', Name: '总仓' },
     { Code: '02', Name: '中华路一店' },
     { Code: '03', Name: '澳门路1店' } ] }
[2018-08-08T20:38:23.282] [INFO] httpclires - [Project/Query?token=eyJhcHBLZXkiOiI1ZTYwYjdhNi1kZGQ5LTRhOTctYThhMy1hMzE3OGJkYjYwMDQiLCJhdXRoSW5mbyI6ImV5SmhiR2NpT2lKUVV6STFOaUo5LmV5SmhZMk5sYzNOZmRHOXJaVzRpT2lJeU5qSTFOREZsTWkwNVl6RmpMVFExWlRndE9UTTNOUzFtTW1Zek9UaGxNREUyTjJVaUxDSnpkV0lpT2lKbExXTnZiVzFsY21ObElpd2laR0YwWVhNaU9pSTNOMlE1WVRSaE5ESmxNV0kyTWpVMU1HUTBZekU1TXpNNFltUm1NMlZtTXlJc0ltVjRjQ0k2TVRVek16YzJNVGt3TlgwLklpeWR5emNwNUVVWHo5MVlRY25IUjBkd0R1UHhlMlp0NE9vTGZ2YXQ4N240ZXg4TWE1eGQ5ekYzclR2OW9ubXlMSmxhUlZZMDg1UWZDTlZ4a0VZS1AyWkVFWWFmOXpic2c4OGxfSWo3U0ZJM0ZrOXZOTFo5SWVmbnZiYXVRLXJvNWlWRWVxVC1tY3JKd0tkTDdHT1BaRXBSRmxYUF9oUVFUbWUtcjNNN1VTYyIsIm9yZ0lkIjoiIn0=][POST][200]: { code: 200,
  msg: null,
  data: 
   [ { ID: 1,
       Name: '饮料',
       Code: 'FL01',
       Disabled: false,
       CreatedTime: '/Date(-62135596800000)/',
       SequenceNumber: 0,
       Idclass: null,
       ProjectClass: null,
       class: null,
       IdMarketingOrgan: null,
       MarketingOrgan: null,
       WeakTypeDtoName: null,
       DtoClassName: 'Ufida.T.AA.DTO.ProjectDTO',
       IsWeakType: false,
       AliName: 'ProjectDTO',
       Status: 0,
       EnableHasChanged: false,
       ChangedProperty: [],
       DynamicPropertyKeys: [],
       DynamicPropertyValues: [],
       DeleteID: 1,
       Updated: '/Date(1533731910239)/',
       UpdatedBy: null,
       InnerSearchLevel: 0,
       RecordChange: true,
       InnerPropInParentRecure: null,
       Ts: null,
       CaseSensitive: false,
       RecordDynamicNullValue: false,
       data: null },
     { ID: 2,
       Name: '零售',
       Code: 'FL02',
       Disabled: false,
       CreatedTime: '/Date(-62135596800000)/',
       SequenceNumber: 0,
       Idclass: null,
       ProjectClass: null,
       class: null,
       IdMarketingOrgan: null,
       MarketingOrgan: null,
       WeakTypeDtoName: null,
       DtoClassName: 'Ufida.T.AA.DTO.ProjectDTO',
       IsWeakType: false,
       AliName: 'ProjectDTO',
       Status: 0,
       EnableHasChanged: false,
       ChangedProperty: [],
       DynamicPropertyKeys: [],
       DynamicPropertyValues: [],
       DeleteID: 2,
       Updated: '/Date(1533731910239)/',
       UpdatedBy: null,
       InnerSearchLevel: 0,
       RecordChange: true,
       InnerPropInParentRecure: null,
       Ts: null,
       CaseSensitive: false,
       RecordDynamicNullValue: false,
       data: null } ] }
[2018-08-08T21:42:25.206] [INFO] httpclires - [login][POST][200]: { code: 200,
  msg: null,
  data: 'eyJhcHBLZXkiOiI1ZTYwYjdhNi1kZGQ5LTRhOTctYThhMy1hMzE3OGJkYjYwMDQiLCJhdXRoSW5mbyI6ImV5SmhiR2NpT2lKUVV6STFOaUo5LmV5SmhZMk5sYzNOZmRHOXJaVzRpT2lJNVpHRm1OVGd6WkMxbE56azVMVFJrWkRrdFlXVXpNaTAzWkdKa016azBaVFJpTVRJaUxDSnpkV0lpT2lKbExXTnZiVzFsY21ObElpd2laR0YwWVhNaU9pSTNOMlE1WVRSaE5ESmxNV0kyTWpVMU1HUTBZekU1TXpNNFltUm1NMlZtTXlJc0ltVjRjQ0k2TVRVek16YzJOVGMxTVgwLmxkelZMeE1sSXBicm5OUkhfRVdDWUs2NGF3a0lhWjdzaDFiV1luVjNjQ01ya1Q1OFJTWFk2QzJHbGtWMG5vMDNVQ2VkbFoySHhaSDViWGVfM1pmZmhwaVBDY3R6RDV2ZUZNc0lJSkZrV2l6U3B1ZlRNTHo5YkxnR2I1eGt3TFprcGdsUkliNWxkak1EbEJEa09FSmxYT0I5VE9nNi1OQ1JKQk45Z2dwT040ayIsIm9yZ0lkIjoiIn0=' }
[2018-08-08T21:42:25.697] [INFO] httpclires - [partner/Query?token=eyJhcHBLZXkiOiI1ZTYwYjdhNi1kZGQ5LTRhOTctYThhMy1hMzE3OGJkYjYwMDQiLCJhdXRoSW5mbyI6ImV5SmhiR2NpT2lKUVV6STFOaUo5LmV5SmhZMk5sYzNOZmRHOXJaVzRpT2lJNVpHRm1OVGd6WkMxbE56azVMVFJrWkRrdFlXVXpNaTAzWkdKa016azBaVFJpTVRJaUxDSnpkV0lpT2lKbExXTnZiVzFsY21ObElpd2laR0YwWVhNaU9pSTNOMlE1WVRSaE5ESmxNV0kyTWpVMU1HUTBZekU1TXpNNFltUm1NMlZtTXlJc0ltVjRjQ0k2TVRVek16YzJOVGMxTVgwLmxkelZMeE1sSXBicm5OUkhfRVdDWUs2NGF3a0lhWjdzaDFiV1luVjNjQ01ya1Q1OFJTWFk2QzJHbGtWMG5vMDNVQ2VkbFoySHhaSDViWGVfM1pmZmhwaVBDY3R6RDV2ZUZNc0lJSkZrV2l6U3B1ZlRNTHo5YkxnR2I1eGt3TFprcGdsUkliNWxkak1EbEJEa09FSmxYT0I5VE9nNi1OQ1JKQk45Z2dwT040ayIsIm9yZ0lkIjoiIn0=][POST][200]: { code: 200,
  msg: null,
  data: 
   [ { Code: '0020001', Name: '移动客户', PartnerType: [Object] },
     { Code: '001', Name: '测试', PartnerType: [Object] },
     { Code: '0010001', Name: '星力城', PartnerType: [Object] } ] }
[2018-08-08T21:42:29.177] [INFO] httpclires - [login][POST][200]: { code: 200,
  msg: null,
  data: 'eyJhcHBLZXkiOiI1ZTYwYjdhNi1kZGQ5LTRhOTctYThhMy1hMzE3OGJkYjYwMDQiLCJhdXRoSW5mbyI6ImV5SmhiR2NpT2lKUVV6STFOaUo5LmV5SmhZMk5sYzNOZmRHOXJaVzRpT2lJMlkyRmtOV0k1TXkweE9HTmlMVFF3TXpRdFlXVTJaQzAzWXpobU5HWmlOVEF5WW1NaUxDSnpkV0lpT2lKbExXTnZiVzFsY21ObElpd2laR0YwWVhNaU9pSTNOMlE1WVRSaE5ESmxNV0kyTWpVMU1HUTBZekU1TXpNNFltUm1NMlZtTXlJc0ltVjRjQ0k2TVRVek16YzJOVGMxTlgwLk9CRmNnZU42NlV3c21IOU1vRlhZdktUUXh1U1gtSlVSbm5pcEplZnFTQjhuSG91cm9VYTRsMjFNV2NRT2c1a0lxNkNwYkpkY0IwM0lPSTJjLThJOGVRWmxKOURzOUdxRVpEcmYwaWpraEQtMW1BVXgxaHhTaG5oYk91d1FXSDNXS3lMb1ZUaW00VXZXMHc3d2puR1U1T0w4cTUtcEVtNXdkNkxNUEFCRi0wRSIsIm9yZ0lkIjoiIn0=' }
[2018-08-08T21:42:29.214] [INFO] httpclires - [login][POST][200]: { code: 200,
  msg: null,
  data: 'eyJhcHBLZXkiOiI1ZTYwYjdhNi1kZGQ5LTRhOTctYThhMy1hMzE3OGJkYjYwMDQiLCJhdXRoSW5mbyI6ImV5SmhiR2NpT2lKUVV6STFOaUo5LmV5SmhZMk5sYzNOZmRHOXJaVzRpT2lJd1l6ZzVOMkU1TnkxaE9EVm1MVFJqTkRNdFlqTXdPUzB4TXpsaU5UWm1aams0TldRaUxDSnpkV0lpT2lKbExXTnZiVzFsY21ObElpd2laR0YwWVhNaU9pSTNOMlE1WVRSaE5ESmxNV0kyTWpVMU1HUTBZekU1TXpNNFltUm1NMlZtTXlJc0ltVjRjQ0k2TVRVek16YzJOVGMxTlgwLkpBMFpZeFhOSU9qLXlyVDgwanY0TVBWdkx2d1JtWm9vRUFyaEppY29RWl8tSmtHNnRxUW9Jb3FnT1NQb25weDQ3YmpoczZscVZwSWFQLUtIb0l3OHIyRGRBQk1vTGZDZFBwZnJWQjVTNTd2a1RDZ2dTOGpNR3pPUGVHRkJEN2ZqREp1Y2V1UWhEcm5DMVNTdjVMckpGLUI4MkdWMVdpUHhVWEUtTlJuc2FodyIsIm9yZ0lkIjoiIn0=' }
[2018-08-08T21:42:29.699] [INFO] httpclires - [login][POST][200]: { code: 200,
  msg: null,
  data: 'eyJhcHBLZXkiOiI1ZTYwYjdhNi1kZGQ5LTRhOTctYThhMy1hMzE3OGJkYjYwMDQiLCJhdXRoSW5mbyI6ImV5SmhiR2NpT2lKUVV6STFOaUo5LmV5SmhZMk5sYzNOZmRHOXJaVzRpT2lKaE0yUTFNekJqWVMxak9USXpMVFE1TVRVdE9HVXlNQzAxTW1JNU5UbGxZalprWkRVaUxDSnpkV0lpT2lKbExXTnZiVzFsY21ObElpd2laR0YwWVhNaU9pSTNOMlE1WVRSaE5ESmxNV0kyTWpVMU1HUTBZekU1TXpNNFltUm1NMlZtTXlJc0ltVjRjQ0k2TVRVek16YzJOVGMxTlgwLmRhQ0VmM3FJazMyREV4Rk1oUHBYRUFYQ2ZBQ2VVS0NIa3MzZWpRM1N3QzdXM0lwVnhmSnNsVmlkM3RkLXNWN3I1NlFzd2JYdTJVTWlaXzAxVjZiRzlvckQ4X2xJWGtFWENCTEwtYlFTbERZcFRSSXdsUUhsd1hCZkZ6al9UdnFGSlJsdnNwdk1yNno3aEJ4RXFNX3BiUVhYajc2RzhiSlcyYTh5SE5zUUJZSSIsIm9yZ0lkIjoiIn0=' }
[2018-08-08T21:42:29.781] [INFO] httpclires - [partner/Query?token=eyJhcHBLZXkiOiI1ZTYwYjdhNi1kZGQ5LTRhOTctYThhMy1hMzE3OGJkYjYwMDQiLCJhdXRoSW5mbyI6ImV5SmhiR2NpT2lKUVV6STFOaUo5LmV5SmhZMk5sYzNOZmRHOXJaVzRpT2lJMlkyRmtOV0k1TXkweE9HTmlMVFF3TXpRdFlXVTJaQzAzWXpobU5HWmlOVEF5WW1NaUxDSnpkV0lpT2lKbExXTnZiVzFsY21ObElpd2laR0YwWVhNaU9pSTNOMlE1WVRSaE5ESmxNV0kyTWpVMU1HUTBZekU1TXpNNFltUm1NMlZtTXlJc0ltVjRjQ0k2TVRVek16YzJOVGMxTlgwLk9CRmNnZU42NlV3c21IOU1vRlhZdktUUXh1U1gtSlVSbm5pcEplZnFTQjhuSG91cm9VYTRsMjFNV2NRT2c1a0lxNkNwYkpkY0IwM0lPSTJjLThJOGVRWmxKOURzOUdxRVpEcmYwaWpraEQtMW1BVXgxaHhTaG5oYk91d1FXSDNXS3lMb1ZUaW00VXZXMHc3d2puR1U1T0w4cTUtcEVtNXdkNkxNUEFCRi0wRSIsIm9yZ0lkIjoiIn0=][POST][200]: { code: 200,
  msg: null,
  data: 
   [ { Code: '0020001', Name: '移动客户', PartnerType: [Object] },
     { Code: '001', Name: '测试', PartnerType: [Object] },
     { Code: '0010001', Name: '星力城', PartnerType: [Object] } ] }
[2018-08-08T21:42:30.032] [INFO] httpclires - [warehouse/Query?token=eyJhcHBLZXkiOiI1ZTYwYjdhNi1kZGQ5LTRhOTctYThhMy1hMzE3OGJkYjYwMDQiLCJhdXRoSW5mbyI6ImV5SmhiR2NpT2lKUVV6STFOaUo5LmV5SmhZMk5sYzNOZmRHOXJaVzRpT2lJd1l6ZzVOMkU1TnkxaE9EVm1MVFJqTkRNdFlqTXdPUzB4TXpsaU5UWm1aams0TldRaUxDSnpkV0lpT2lKbExXTnZiVzFsY21ObElpd2laR0YwWVhNaU9pSTNOMlE1WVRSaE5ESmxNV0kyTWpVMU1HUTBZekU1TXpNNFltUm1NMlZtTXlJc0ltVjRjQ0k2TVRVek16YzJOVGMxTlgwLkpBMFpZeFhOSU9qLXlyVDgwanY0TVBWdkx2d1JtWm9vRUFyaEppY29RWl8tSmtHNnRxUW9Jb3FnT1NQb25weDQ3YmpoczZscVZwSWFQLUtIb0l3OHIyRGRBQk1vTGZDZFBwZnJWQjVTNTd2a1RDZ2dTOGpNR3pPUGVHRkJEN2ZqREp1Y2V1UWhEcm5DMVNTdjVMckpGLUI4MkdWMVdpUHhVWEUtTlJuc2FodyIsIm9yZ0lkIjoiIn0=][POST][200]: { code: 200,
  msg: null,
  data: 
   [ { Code: '01', Name: '总仓' },
     { Code: '02', Name: '中华路一店' },
     { Code: '03', Name: '澳门路1店' } ] }
[2018-08-08T21:42:30.357] [INFO] httpclires - [login][POST][200]: { code: 200,
  msg: null,
  data: 'eyJhcHBLZXkiOiI1ZTYwYjdhNi1kZGQ5LTRhOTctYThhMy1hMzE3OGJkYjYwMDQiLCJhdXRoSW5mbyI6ImV5SmhiR2NpT2lKUVV6STFOaUo5LmV5SmhZMk5sYzNOZmRHOXJaVzRpT2lJeVlqSXdNMlkxTmkxak1USm1MVFJpTUdFdE9UTTNOUzA1TjJFNE5UaGtPV0ZrTnpraUxDSnpkV0lpT2lKbExXTnZiVzFsY21ObElpd2laR0YwWVhNaU9pSTNOMlE1WVRSaE5ESmxNV0kyTWpVMU1HUTBZekU1TXpNNFltUm1NMlZtTXlJc0ltVjRjQ0k2TVRVek16YzJOVGMxTm4wLmZtOTJDU1NkdUo5NnI5cFM1UkZ0eEp0OTZ4THpVZjk3a2V4Nk03R3JaRlVOOE5TRkRQZGhGYzd4RlBjMjVMTmhpa3FFcjIxb0xwUllTeUJoMjlTa1hUODRmT294bnFDcng2WDBuaE5ydFlyaFk0OFhEX3ktWEZzOVZETjRwM3pNRUt1QnhKckRsU3FPZ1JVTkRocnowNUNMbnRPTi1QaVVPMXR0V3NKbTF4VSIsIm9yZ0lkIjoiIn0=' }
[2018-08-08T21:42:30.814] [INFO] httpclires - [Project/Query?token=eyJhcHBLZXkiOiI1ZTYwYjdhNi1kZGQ5LTRhOTctYThhMy1hMzE3OGJkYjYwMDQiLCJhdXRoSW5mbyI6ImV5SmhiR2NpT2lKUVV6STFOaUo5LmV5SmhZMk5sYzNOZmRHOXJaVzRpT2lJeVlqSXdNMlkxTmkxak1USm1MVFJpTUdFdE9UTTNOUzA1TjJFNE5UaGtPV0ZrTnpraUxDSnpkV0lpT2lKbExXTnZiVzFsY21ObElpd2laR0YwWVhNaU9pSTNOMlE1WVRSaE5ESmxNV0kyTWpVMU1HUTBZekU1TXpNNFltUm1NMlZtTXlJc0ltVjRjQ0k2TVRVek16YzJOVGMxTm4wLmZtOTJDU1NkdUo5NnI5cFM1UkZ0eEp0OTZ4THpVZjk3a2V4Nk03R3JaRlVOOE5TRkRQZGhGYzd4RlBjMjVMTmhpa3FFcjIxb0xwUllTeUJoMjlTa1hUODRmT294bnFDcng2WDBuaE5ydFlyaFk0OFhEX3ktWEZzOVZETjRwM3pNRUt1QnhKckRsU3FPZ1JVTkRocnowNUNMbnRPTi1QaVVPMXR0V3NKbTF4VSIsIm9yZ0lkIjoiIn0=][POST][200]: { code: 200,
  msg: null,
  data: 
   [ { Disabled: false,
       CreatedTime: '/Date(-62135596800000)/',
       SequenceNumber: 0,
       Idclass: null,
       ProjectClass: null,
       class: null,
       IdMarketingOrgan: null,
       MarketingOrgan: null,
       WeakTypeDtoName: null,
       DtoClassName: 'Ufida.T.AA.DTO.ProjectDTO',
       IsWeakType: false,
       AliName: 'ProjectDTO',
       Status: 0,
       EnableHasChanged: false,
       ChangedProperty: [],
       DynamicPropertyKeys: [],
       DynamicPropertyValues: [],
       ID: 1,
       DeleteID: 1,
       Name: '饮料',
       Code: 'FL01',
       Updated: '/Date(1533735757731)/',
       UpdatedBy: null,
       InnerSearchLevel: 0,
       RecordChange: true,
       InnerPropInParentRecure: null,
       Ts: null,
       CaseSensitive: false,
       RecordDynamicNullValue: false,
       data: null },
     { Disabled: false,
       CreatedTime: '/Date(-62135596800000)/',
       SequenceNumber: 0,
       Idclass: null,
       ProjectClass: null,
       class: null,
       IdMarketingOrgan: null,
       MarketingOrgan: null,
       WeakTypeDtoName: null,
       DtoClassName: 'Ufida.T.AA.DTO.ProjectDTO',
       IsWeakType: false,
       AliName: 'ProjectDTO',
       Status: 0,
       EnableHasChanged: false,
       ChangedProperty: [],
       DynamicPropertyKeys: [],
       DynamicPropertyValues: [],
       ID: 2,
       DeleteID: 2,
       Name: '零售',
       Code: 'FL02',
       Updated: '/Date(1533735757731)/',
       UpdatedBy: null,
       InnerSearchLevel: 0,
       RecordChange: true,
       InnerPropInParentRecure: null,
       Ts: null,
       CaseSensitive: false,
       RecordDynamicNullValue: false,
       data: null } ] }
[2018-08-08T21:42:30.869] [INFO] httpclires - [person/Query?token=eyJhcHBLZXkiOiI1ZTYwYjdhNi1kZGQ5LTRhOTctYThhMy1hMzE3OGJkYjYwMDQiLCJhdXRoSW5mbyI6ImV5SmhiR2NpT2lKUVV6STFOaUo5LmV5SmhZMk5sYzNOZmRHOXJaVzRpT2lKaE0yUTFNekJqWVMxak9USXpMVFE1TVRVdE9HVXlNQzAxTW1JNU5UbGxZalprWkRVaUxDSnpkV0lpT2lKbExXTnZiVzFsY21ObElpd2laR0YwWVhNaU9pSTNOMlE1WVRSaE5ESmxNV0kyTWpVMU1HUTBZekU1TXpNNFltUm1NMlZtTXlJc0ltVjRjQ0k2TVRVek16YzJOVGMxTlgwLmRhQ0VmM3FJazMyREV4Rk1oUHBYRUFYQ2ZBQ2VVS0NIa3MzZWpRM1N3QzdXM0lwVnhmSnNsVmlkM3RkLXNWN3I1NlFzd2JYdTJVTWlaXzAxVjZiRzlvckQ4X2xJWGtFWENCTEwtYlFTbERZcFRSSXdsUUhsd1hCZkZ6al9UdnFGSlJsdnNwdk1yNno3aEJ4RXFNX3BiUVhYajc2RzhiSlcyYTh5SE5zUUJZSSIsIm9yZ0lkIjoiIn0=][POST][200]: { code: 200, msg: null, data: [] }
[2018-08-08T21:42:33.190] [INFO] httpclires - [login][POST][200]: { code: 200,
  msg: null,
  data: 'eyJhcHBLZXkiOiI1ZTYwYjdhNi1kZGQ5LTRhOTctYThhMy1hMzE3OGJkYjYwMDQiLCJhdXRoSW5mbyI6ImV5SmhiR2NpT2lKUVV6STFOaUo5LmV5SmhZMk5sYzNOZmRHOXJaVzRpT2lJM01EUmhZVE15WXkxallqWXdMVFJrWlRndFlXRmtPUzFoT0RFNE16VmpNV0l3TWpNaUxDSnpkV0lpT2lKbExXTnZiVzFsY21ObElpd2laR0YwWVhNaU9pSTNOMlE1WVRSaE5ESmxNV0kyTWpVMU1HUTBZekU1TXpNNFltUm1NMlZtTXlJc0ltVjRjQ0k2TVRVek16YzJOVGMxT1gwLkNHeUdwV0dRYjhrc2p4UGgta0JYZ3NzWXZyRDY1WFVWWHBiYTlseXlWc3NNV2FRQlQ5a0ZwYTgtcjJROVVULVZPMjhGUVZZS2J2d0xtQlRaTUY5T0o5STNVU1ZmUGlJTDU2M3NEd0ZqZ2NSeFBuUlRPcWdnQzNxdkkyS08xd2UzZmpoeExlTGMzbzhfM1hOWWVUNTRtbkRWemVXQ21LcFU2LUF6bHcyX3FXdyIsIm9yZ0lkIjoiIn0=' }
[2018-08-08T21:42:33.653] [INFO] httpclires - [inventory/Query?token=eyJhcHBLZXkiOiI1ZTYwYjdhNi1kZGQ5LTRhOTctYThhMy1hMzE3OGJkYjYwMDQiLCJhdXRoSW5mbyI6ImV5SmhiR2NpT2lKUVV6STFOaUo5LmV5SmhZMk5sYzNOZmRHOXJaVzRpT2lJM01EUmhZVE15WXkxallqWXdMVFJrWlRndFlXRmtPUzFoT0RFNE16VmpNV0l3TWpNaUxDSnpkV0lpT2lKbExXTnZiVzFsY21ObElpd2laR0YwWVhNaU9pSTNOMlE1WVRSaE5ESmxNV0kyTWpVMU1HUTBZekU1TXpNNFltUm1NMlZtTXlJc0ltVjRjQ0k2TVRVek16YzJOVGMxT1gwLkNHeUdwV0dRYjhrc2p4UGgta0JYZ3NzWXZyRDY1WFVWWHBiYTlseXlWc3NNV2FRQlQ5a0ZwYTgtcjJROVVULVZPMjhGUVZZS2J2d0xtQlRaTUY5T0o5STNVU1ZmUGlJTDU2M3NEd0ZqZ2NSeFBuUlRPcWdnQzNxdkkyS08xd2UzZmpoeExlTGMzbzhfM1hOWWVUNTRtbkRWemVXQ21LcFU2LUF6bHcyX3FXdyIsIm9yZ0lkIjoiIn0=][POST][200]: { code: 200,
  msg: null,
  data: 
   [ { Code: '01001',
       Name: '汰渍洗衣液',
       Specification: '2.5KG',
       DefaultBarCode: '' },
     { Code: '01002',
       Name: '汰渍洗衣液',
       Specification: '5KG',
       DefaultBarCode: '' },
     { Code: '02001',
       Name: '茅贡米',
       Specification: '10KG',
       DefaultBarCode: '' },
     { Code: '02002',
       Name: '茅贡米',
       Specification: '5KG',
       DefaultBarCode: '' },
     { Code: '01004',
       Name: '消毒液',
       Specification: '10ml',
       DefaultBarCode: '' } ] }
[2018-08-08T21:42:34.751] [INFO] httpclires - [login][POST][200]: { code: 200,
  msg: null,
  data: 'eyJhcHBLZXkiOiI1ZTYwYjdhNi1kZGQ5LTRhOTctYThhMy1hMzE3OGJkYjYwMDQiLCJhdXRoSW5mbyI6ImV5SmhiR2NpT2lKUVV6STFOaUo5LmV5SmhZMk5sYzNOZmRHOXJaVzRpT2lKaE9UQTJaakEyWWkxak1XWmtMVFF3WWpNdFlUTmxaUzFtT1RRNFpHTXhNR1l3TkRjaUxDSnpkV0lpT2lKbExXTnZiVzFsY21ObElpd2laR0YwWVhNaU9pSTNOMlE1WVRSaE5ESmxNV0kyTWpVMU1HUTBZekU1TXpNNFltUm1NMlZtTXlJc0ltVjRjQ0k2TVRVek16YzJOVGMyTVgwLkVXdUE3R3RZVkx6T05pcFl3bC05UnplekRPdDA3aW9DSGdhaUY5NHdHLUFrWXc4OGM3VnYtaHdBd3hDeEtwekNGUzY3ZmQ3MURZNVdBam9ZcnI2RHZua3YxOUZQZ3F3RjFJUVdCSzVwX2J0R0VIQm9ob29hclJCa081Y25KWWhGMXZlcU0telhiQ2RQMG5sWGt5WjdFUWp0aHI1Vk5TaFh5bGhWZDZZRVgxNCIsIm9yZ0lkIjoiIn0=' }
[2018-08-08T21:42:35.766] [INFO] httpclires - [inventoryPrice/QueryInventoryPrice?token=eyJhcHBLZXkiOiI1ZTYwYjdhNi1kZGQ5LTRhOTctYThhMy1hMzE3OGJkYjYwMDQiLCJhdXRoSW5mbyI6ImV5SmhiR2NpT2lKUVV6STFOaUo5LmV5SmhZMk5sYzNOZmRHOXJaVzRpT2lKaE9UQTJaakEyWWkxak1XWmtMVFF3WWpNdFlUTmxaUzFtT1RRNFpHTXhNR1l3TkRjaUxDSnpkV0lpT2lKbExXTnZiVzFsY21ObElpd2laR0YwWVhNaU9pSTNOMlE1WVRSaE5ESmxNV0kyTWpVMU1HUTBZekU1TXpNNFltUm1NMlZtTXlJc0ltVjRjQ0k2TVRVek16YzJOVGMyTVgwLkVXdUE3R3RZVkx6T05pcFl3bC05UnplekRPdDA3aW9DSGdhaUY5NHdHLUFrWXc4OGM3VnYtaHdBd3hDeEtwekNGUzY3ZmQ3MURZNVdBam9ZcnI2RHZua3YxOUZQZ3F3RjFJUVdCSzVwX2J0R0VIQm9ob29hclJCa081Y25KWWhGMXZlcU0telhiQ2RQMG5sWGt5WjdFUWp0aHI1Vk5TaFh5bGhWZDZZRVgxNCIsIm9yZ0lkIjoiIn0=][POST][200]: { code: 200,
  msg: null,
  data: 
   [ { RowID: 1,
       Inventory: [Object],
       Unit: [Object],
       Price: null,
       DiscountRate: null,
       DiscountPrice: 12.76,
       CashBackReturn: null,
       WithTax: true },
     { RowID: 1,
       Inventory: [Object],
       Unit: [Object],
       Price: null,
       DiscountRate: null,
       DiscountPrice: 3,
       CashBackReturn: null,
       WithTax: true },
     { RowID: 1,
       Inventory: [Object],
       Unit: [Object],
       Price: null,
       DiscountRate: null,
       DiscountPrice: null,
       CashBackReturn: null,
       WithTax: true },
     { RowID: 1,
       Inventory: [Object],
       Unit: [Object],
       Price: null,
       DiscountRate: null,
       DiscountPrice: null,
       CashBackReturn: null,
       WithTax: true },
     { RowID: 1,
       Inventory: [Object],
       Unit: [Object],
       Price: null,
       DiscountRate: null,
       DiscountPrice: 11.6,
       CashBackReturn: null,
       WithTax: true } ] }
[2018-08-08T21:44:19.116] [INFO] httpclires - [login][POST][200]: { code: 200,
  msg: null,
  data: 'eyJhcHBLZXkiOiI1ZTYwYjdhNi1kZGQ5LTRhOTctYThhMy1hMzE3OGJkYjYwMDQiLCJhdXRoSW5mbyI6ImV5SmhiR2NpT2lKUVV6STFOaUo5LmV5SmhZMk5sYzNOZmRHOXJaVzRpT2lKa04yTTVZamRrTXkxaU9URmlMVFEyWXpRdFlqZGhOaTFqWW1NM1pUUmhNVEEyTVRVaUxDSnpkV0lpT2lKbExXTnZiVzFsY21ObElpd2laR0YwWVhNaU9pSTNOMlE1WVRSaE5ESmxNV0kyTWpVMU1HUTBZekU1TXpNNFltUm1NMlZtTXlJc0ltVjRjQ0k2TVRVek16YzJOVGcyTlgwLkt5anVuaFN4bU1pR01wa3NnT1IzWnVmTTlGRFZFOC1nczVIWERSXzRnblZMUTlXa0IwdURPMDE2cUVvUDFCSUVoMzhKbDdNVC0wdk9hVjJLcmtfX3VSMGxkLVhFcG5IaFdaSXBRWkVNSDZXSkExWGVkOHB3bE8tU2d6Z294b1RCaVkzTkk0Y00xUXVsdUtHdnpva2hsMzJQT1NqX3JsYWIzeUc1ZXRZcFFGQSIsIm9yZ0lkIjoiIn0=' }
[2018-08-08T21:44:19.712] [INFO] httpclires - [inventory/Query?token=eyJhcHBLZXkiOiI1ZTYwYjdhNi1kZGQ5LTRhOTctYThhMy1hMzE3OGJkYjYwMDQiLCJhdXRoSW5mbyI6ImV5SmhiR2NpT2lKUVV6STFOaUo5LmV5SmhZMk5sYzNOZmRHOXJaVzRpT2lKa04yTTVZamRrTXkxaU9URmlMVFEyWXpRdFlqZGhOaTFqWW1NM1pUUmhNVEEyTVRVaUxDSnpkV0lpT2lKbExXTnZiVzFsY21ObElpd2laR0YwWVhNaU9pSTNOMlE1WVRSaE5ESmxNV0kyTWpVMU1HUTBZekU1TXpNNFltUm1NMlZtTXlJc0ltVjRjQ0k2TVRVek16YzJOVGcyTlgwLkt5anVuaFN4bU1pR01wa3NnT1IzWnVmTTlGRFZFOC1nczVIWERSXzRnblZMUTlXa0IwdURPMDE2cUVvUDFCSUVoMzhKbDdNVC0wdk9hVjJLcmtfX3VSMGxkLVhFcG5IaFdaSXBRWkVNSDZXSkExWGVkOHB3bE8tU2d6Z294b1RCaVkzTkk0Y00xUXVsdUtHdnpva2hsMzJQT1NqX3JsYWIzeUc1ZXRZcFFGQSIsIm9yZ0lkIjoiIn0=][POST][200]: { code: 200,
  msg: null,
  data: 
   [ { Code: '01001',
       Name: '汰渍洗衣液',
       Specification: '2.5KG',
       DefaultBarCode: '' },
     { Code: '01002',
       Name: '汰渍洗衣液',
       Specification: '5KG',
       DefaultBarCode: '' },
     { Code: '02001',
       Name: '茅贡米',
       Specification: '10KG',
       DefaultBarCode: '' },
     { Code: '02002',
       Name: '茅贡米',
       Specification: '5KG',
       DefaultBarCode: '' },
     { Code: '01004',
       Name: '消毒液',
       Specification: '10ml',
       DefaultBarCode: '' } ] }
[2018-08-08T21:44:21.081] [INFO] httpclires - [login][POST][200]: { code: 200,
  msg: null,
  data: 'eyJhcHBLZXkiOiI1ZTYwYjdhNi1kZGQ5LTRhOTctYThhMy1hMzE3OGJkYjYwMDQiLCJhdXRoSW5mbyI6ImV5SmhiR2NpT2lKUVV6STFOaUo5LmV5SmhZMk5sYzNOZmRHOXJaVzRpT2lJMU9XVTBNRGhsTVMxallUWTRMVFJsWW1VdFlqUTFZeTB6WlRFMk56WmtNREEzTVdFaUxDSnpkV0lpT2lKbExXTnZiVzFsY21ObElpd2laR0YwWVhNaU9pSTNOMlE1WVRSaE5ESmxNV0kyTWpVMU1HUTBZekU1TXpNNFltUm1NMlZtTXlJc0ltVjRjQ0k2TVRVek16YzJOVGcyTjMwLkdOb3laQ1RLQjg5M3EzZnMzMkQ1WVdrdHZIVmtNNHFRcDJMcU9ia01fMU1DQzdTb1o5ZXZBdFhnZTBaNDcwQ1Z4Sm5SRzFKWnVsak9PNXhYWHdDNHM4Sk9IRFZqVmhGa0ZiMUQzY0UyaDdRdWZpWWZPS3NpQkNvb2NrS2NnRWp5cWZXbXVJUENrWmdORnlpS0kycDcwOVlrV1A0TzN5Wkw1N2hMN3hVMS14TSIsIm9yZ0lkIjoiIn0=' }
[2018-08-08T21:44:22.083] [INFO] httpclires - [inventoryPrice/QueryInventoryPrice?token=eyJhcHBLZXkiOiI1ZTYwYjdhNi1kZGQ5LTRhOTctYThhMy1hMzE3OGJkYjYwMDQiLCJhdXRoSW5mbyI6ImV5SmhiR2NpT2lKUVV6STFOaUo5LmV5SmhZMk5sYzNOZmRHOXJaVzRpT2lJMU9XVTBNRGhsTVMxallUWTRMVFJsWW1VdFlqUTFZeTB6WlRFMk56WmtNREEzTVdFaUxDSnpkV0lpT2lKbExXTnZiVzFsY21ObElpd2laR0YwWVhNaU9pSTNOMlE1WVRSaE5ESmxNV0kyTWpVMU1HUTBZekU1TXpNNFltUm1NMlZtTXlJc0ltVjRjQ0k2TVRVek16YzJOVGcyTjMwLkdOb3laQ1RLQjg5M3EzZnMzMkQ1WVdrdHZIVmtNNHFRcDJMcU9ia01fMU1DQzdTb1o5ZXZBdFhnZTBaNDcwQ1Z4Sm5SRzFKWnVsak9PNXhYWHdDNHM4Sk9IRFZqVmhGa0ZiMUQzY0UyaDdRdWZpWWZPS3NpQkNvb2NrS2NnRWp5cWZXbXVJUENrWmdORnlpS0kycDcwOVlrV1A0TzN5Wkw1N2hMN3hVMS14TSIsIm9yZ0lkIjoiIn0=][POST][200]: { code: 200,
  msg: null,
  data: 
   [ { RowID: 1,
       Inventory: [Object],
       Unit: [Object],
       Price: null,
       DiscountRate: null,
       DiscountPrice: 12.76,
       CashBackReturn: null,
       WithTax: true },
     { RowID: 1,
       Inventory: [Object],
       Unit: [Object],
       Price: null,
       DiscountRate: null,
       DiscountPrice: 3,
       CashBackReturn: null,
       WithTax: true },
     { RowID: 1,
       Inventory: [Object],
       Unit: [Object],
       Price: null,
       DiscountRate: null,
       DiscountPrice: null,
       CashBackReturn: null,
       WithTax: true },
     { RowID: 1,
       Inventory: [Object],
       Unit: [Object],
       Price: null,
       DiscountRate: null,
       DiscountPrice: null,
       CashBackReturn: null,
       WithTax: true },
     { RowID: 1,
       Inventory: [Object],
       Unit: [Object],
       Price: null,
       DiscountRate: null,
       DiscountPrice: 11.6,
       CashBackReturn: null,
       WithTax: true } ] }
[2018-08-08T21:44:36.512] [INFO] httpclires - [login][POST][200]: { code: 200,
  msg: null,
  data: 'eyJhcHBLZXkiOiI1ZTYwYjdhNi1kZGQ5LTRhOTctYThhMy1hMzE3OGJkYjYwMDQiLCJhdXRoSW5mbyI6ImV5SmhiR2NpT2lKUVV6STFOaUo5LmV5SmhZMk5sYzNOZmRHOXJaVzRpT2lJd00ySXpZMlptWlMwMU5UWXhMVFF6TmpBdFlqWXpOeTA1TURnellXTmpNRFl4WVRjaUxDSnpkV0lpT2lKbExXTnZiVzFsY21ObElpd2laR0YwWVhNaU9pSTNOMlE1WVRSaE5ESmxNV0kyTWpVMU1HUTBZekU1TXpNNFltUm1NMlZtTXlJc0ltVjRjQ0k2TVRVek16YzJOVGc0TW4wLkNoeHFJMFRZNGtiaGxSR3pNR1JMUE1QT3hLOFQ1VnBlaWNWNTZReEh0NEYtNUx1MHNJZkVKUVd3NHg1dlZ2LXpsYzMyTVg3alkzb25PT2RmWUJWckg5SFN5MnVZY0ZmQmdOSzl5NXA4cENVWDVzQndDVld3MUxjVUNDaHBiXzhHV1NCSW9jZ3BEclRCV2ZQMUM4enlTWVk3SWhjd05RMlJpa3dnZ2l4Y3FrSSIsIm9yZ0lkIjoiIn0=' }
[2018-08-08T21:44:36.923] [INFO] httpclires - [warehouse/Query?token=eyJhcHBLZXkiOiI1ZTYwYjdhNi1kZGQ5LTRhOTctYThhMy1hMzE3OGJkYjYwMDQiLCJhdXRoSW5mbyI6ImV5SmhiR2NpT2lKUVV6STFOaUo5LmV5SmhZMk5sYzNOZmRHOXJaVzRpT2lJd00ySXpZMlptWlMwMU5UWXhMVFF6TmpBdFlqWXpOeTA1TURnellXTmpNRFl4WVRjaUxDSnpkV0lpT2lKbExXTnZiVzFsY21ObElpd2laR0YwWVhNaU9pSTNOMlE1WVRSaE5ESmxNV0kyTWpVMU1HUTBZekU1TXpNNFltUm1NMlZtTXlJc0ltVjRjQ0k2TVRVek16YzJOVGc0TW4wLkNoeHFJMFRZNGtiaGxSR3pNR1JMUE1QT3hLOFQ1VnBlaWNWNTZReEh0NEYtNUx1MHNJZkVKUVd3NHg1dlZ2LXpsYzMyTVg3alkzb25PT2RmWUJWckg5SFN5MnVZY0ZmQmdOSzl5NXA4cENVWDVzQndDVld3MUxjVUNDaHBiXzhHV1NCSW9jZ3BEclRCV2ZQMUM4enlTWVk3SWhjd05RMlJpa3dnZ2l4Y3FrSSIsIm9yZ0lkIjoiIn0=][POST][200]: { code: 200,
  msg: null,
  data: 
   [ { Code: '01', Name: '总仓' },
     { Code: '02', Name: '中华路一店' },
     { Code: '03', Name: '澳门路1店' } ] }
[2018-08-08T21:44:37.273] [INFO] httpclires - [login][POST][200]: { code: 200,
  msg: null,
  data: 'eyJhcHBLZXkiOiI1ZTYwYjdhNi1kZGQ5LTRhOTctYThhMy1hMzE3OGJkYjYwMDQiLCJhdXRoSW5mbyI6ImV5SmhiR2NpT2lKUVV6STFOaUo5LmV5SmhZMk5sYzNOZmRHOXJaVzRpT2lJeFlqSXhOMll3WVMwME9EZGhMVFF5TmpjdFlqYzRZeTFoTWpSa05XSm1Oell5T0dJaUxDSnpkV0lpT2lKbExXTnZiVzFsY21ObElpd2laR0YwWVhNaU9pSTNOMlE1WVRSaE5ESmxNV0kyTWpVMU1HUTBZekU1TXpNNFltUm1NMlZtTXlJc0ltVjRjQ0k2TVRVek16YzJOVGc0TTMwLmVYVWhRMUVBQVZoUV82a3ZxcWE4RVdwZFZvWmg5WUJkS08yNFB5bzFTNnFlLWhxbjJRMXdPdXhYMU1tcVNfVkVvNWpfbEI0OE5Lb2VFam1iOWRIQUtFcXc2NURpektZalE4bVlQdjRPbkFCUkZDNEY2STE1UzBCOEsxS2tHd1c3bU5fMUo5SC1rU0RXTnQ2NEcyRjFiSmcwZVprWTV5dXZJZEVMNnNUa29YayIsIm9yZ0lkIjoiIn0=' }
[2018-08-08T21:44:37.337] [INFO] httpclires - [login][POST][200]: { code: 200,
  msg: null,
  data: 'eyJhcHBLZXkiOiI1ZTYwYjdhNi1kZGQ5LTRhOTctYThhMy1hMzE3OGJkYjYwMDQiLCJhdXRoSW5mbyI6ImV5SmhiR2NpT2lKUVV6STFOaUo5LmV5SmhZMk5sYzNOZmRHOXJaVzRpT2lKaFkyWmxObUV3TlMxaE1UazRMVFEyWkRJdE9EaGpZUzB4TldOa01EWmtNek5qWXpRaUxDSnpkV0lpT2lKbExXTnZiVzFsY21ObElpd2laR0YwWVhNaU9pSTNOMlE1WVRSaE5ESmxNV0kyTWpVMU1HUTBZekU1TXpNNFltUm1NMlZtTXlJc0ltVjRjQ0k2TVRVek16YzJOVGc0TTMwLlpFNm5hNFZRRUNUS0xyaHJMb29QR01lbzVjcEgwYjV1Q2JBMF8xMnhrQ19HU3p3TkZJd1VMSFlrMllHanRDUTBPXzluMnpXU2VSNkl5ektLZFdnc1pWMk5WdV85bnFSU19ORUtUcW1FRDlKSHdBLXVhZDhkWGdvU3BiQThzdHVaaTVaMWtxdGU4LWpCdVFYQzM2c3U4UE53cHBOeHF4LW95dThCNWhpVWlsQSIsIm9yZ0lkIjoiIn0=' }
[2018-08-08T21:44:37.971] [INFO] httpclires - [person/Query?token=eyJhcHBLZXkiOiI1ZTYwYjdhNi1kZGQ5LTRhOTctYThhMy1hMzE3OGJkYjYwMDQiLCJhdXRoSW5mbyI6ImV5SmhiR2NpT2lKUVV6STFOaUo5LmV5SmhZMk5sYzNOZmRHOXJaVzRpT2lKaFkyWmxObUV3TlMxaE1UazRMVFEyWkRJdE9EaGpZUzB4TldOa01EWmtNek5qWXpRaUxDSnpkV0lpT2lKbExXTnZiVzFsY21ObElpd2laR0YwWVhNaU9pSTNOMlE1WVRSaE5ESmxNV0kyTWpVMU1HUTBZekU1TXpNNFltUm1NMlZtTXlJc0ltVjRjQ0k2TVRVek16YzJOVGc0TTMwLlpFNm5hNFZRRUNUS0xyaHJMb29QR01lbzVjcEgwYjV1Q2JBMF8xMnhrQ19HU3p3TkZJd1VMSFlrMllHanRDUTBPXzluMnpXU2VSNkl5ektLZFdnc1pWMk5WdV85bnFSU19ORUtUcW1FRDlKSHdBLXVhZDhkWGdvU3BiQThzdHVaaTVaMWtxdGU4LWpCdVFYQzM2c3U4UE53cHBOeHF4LW95dThCNWhpVWlsQSIsIm9yZ0lkIjoiIn0=][POST][200]: { code: 200, msg: null, data: [] }
[2018-08-08T21:44:37.975] [INFO] httpclires - [partner/Query?token=eyJhcHBLZXkiOiI1ZTYwYjdhNi1kZGQ5LTRhOTctYThhMy1hMzE3OGJkYjYwMDQiLCJhdXRoSW5mbyI6ImV5SmhiR2NpT2lKUVV6STFOaUo5LmV5SmhZMk5sYzNOZmRHOXJaVzRpT2lJeFlqSXhOMll3WVMwME9EZGhMVFF5TmpjdFlqYzRZeTFoTWpSa05XSm1Oell5T0dJaUxDSnpkV0lpT2lKbExXTnZiVzFsY21ObElpd2laR0YwWVhNaU9pSTNOMlE1WVRSaE5ESmxNV0kyTWpVMU1HUTBZekU1TXpNNFltUm1NMlZtTXlJc0ltVjRjQ0k2TVRVek16YzJOVGc0TTMwLmVYVWhRMUVBQVZoUV82a3ZxcWE4RVdwZFZvWmg5WUJkS08yNFB5bzFTNnFlLWhxbjJRMXdPdXhYMU1tcVNfVkVvNWpfbEI0OE5Lb2VFam1iOWRIQUtFcXc2NURpektZalE4bVlQdjRPbkFCUkZDNEY2STE1UzBCOEsxS2tHd1c3bU5fMUo5SC1rU0RXTnQ2NEcyRjFiSmcwZVprWTV5dXZJZEVMNnNUa29YayIsIm9yZ0lkIjoiIn0=][POST][200]: { code: 200,
  msg: null,
  data: 
   [ { Code: '0020001', Name: '移动客户', PartnerType: [Object] },
     { Code: '001', Name: '测试', PartnerType: [Object] },
     { Code: '0010001', Name: '星力城', PartnerType: [Object] } ] }
[2018-08-08T21:44:38.209] [INFO] httpclires - [login][POST][200]: { code: 200,
  msg: null,
  data: 'eyJhcHBLZXkiOiI1ZTYwYjdhNi1kZGQ5LTRhOTctYThhMy1hMzE3OGJkYjYwMDQiLCJhdXRoSW5mbyI6ImV5SmhiR2NpT2lKUVV6STFOaUo5LmV5SmhZMk5sYzNOZmRHOXJaVzRpT2lJM01HWXhNRGhqWWkwMFpETTBMVFEwTXpJdFltUXlOQzAyTlRBeFlXSmpORFEyT0RraUxDSnpkV0lpT2lKbExXTnZiVzFsY21ObElpd2laR0YwWVhNaU9pSTNOMlE1WVRSaE5ESmxNV0kyTWpVMU1HUTBZekU1TXpNNFltUm1NMlZtTXlJc0ltVjRjQ0k2TVRVek16YzJOVGc0TkgwLmRHV2c4M2FqTVFkTlhiYlRSazN0VGt1NHFxcF9ubk9jamhXc3hIS0J6Q0Fld3lCRXFCYlZKMG1sRHhSdXE5QnFNaEFXRmhzME9CZmtYRjRmYnN3dC1XYjhwNUFWVzJLS1BUdW1OYngtVnlSYVBvOGNodGtzUmhNVkZDeXgyNlpsZUo1b3U5LXY1ZFZLS3ZhZnBrZjBETXQtd3VIaTN1U3c0NHN2ZW85YksyRSIsIm9yZ0lkIjoiIn0=' }
[2018-08-08T21:44:38.599] [INFO] httpclires - [Project/Query?token=eyJhcHBLZXkiOiI1ZTYwYjdhNi1kZGQ5LTRhOTctYThhMy1hMzE3OGJkYjYwMDQiLCJhdXRoSW5mbyI6ImV5SmhiR2NpT2lKUVV6STFOaUo5LmV5SmhZMk5sYzNOZmRHOXJaVzRpT2lJM01HWXhNRGhqWWkwMFpETTBMVFEwTXpJdFltUXlOQzAyTlRBeFlXSmpORFEyT0RraUxDSnpkV0lpT2lKbExXTnZiVzFsY21ObElpd2laR0YwWVhNaU9pSTNOMlE1WVRSaE5ESmxNV0kyTWpVMU1HUTBZekU1TXpNNFltUm1NMlZtTXlJc0ltVjRjQ0k2TVRVek16YzJOVGc0TkgwLmRHV2c4M2FqTVFkTlhiYlRSazN0VGt1NHFxcF9ubk9jamhXc3hIS0J6Q0Fld3lCRXFCYlZKMG1sRHhSdXE5QnFNaEFXRmhzME9CZmtYRjRmYnN3dC1XYjhwNUFWVzJLS1BUdW1OYngtVnlSYVBvOGNodGtzUmhNVkZDeXgyNlpsZUo1b3U5LXY1ZFZLS3ZhZnBrZjBETXQtd3VIaTN1U3c0NHN2ZW85YksyRSIsIm9yZ0lkIjoiIn0=][POST][200]: { code: 200,
  msg: null,
  data: 
   [ { ID: 1,
       Name: '饮料',
       Code: 'FL01',
       Disabled: false,
       CreatedTime: '/Date(-62135596800000)/',
       SequenceNumber: 0,
       Idclass: null,
       ProjectClass: null,
       class: null,
       IdMarketingOrgan: null,
       MarketingOrgan: null,
       WeakTypeDtoName: null,
       DtoClassName: 'Ufida.T.AA.DTO.ProjectDTO',
       IsWeakType: false,
       AliName: 'ProjectDTO',
       Status: 0,
       EnableHasChanged: false,
       ChangedProperty: [],
       DynamicPropertyKeys: [],
       DynamicPropertyValues: [],
       DeleteID: 1,
       Updated: '/Date(1533735885536)/',
       UpdatedBy: null,
       InnerSearchLevel: 0,
       RecordChange: true,
       InnerPropInParentRecure: null,
       Ts: null,
       CaseSensitive: false,
       RecordDynamicNullValue: false,
       data: null },
     { ID: 2,
       Name: '零售',
       Code: 'FL02',
       Disabled: false,
       CreatedTime: '/Date(-62135596800000)/',
       SequenceNumber: 0,
       Idclass: null,
       ProjectClass: null,
       class: null,
       IdMarketingOrgan: null,
       MarketingOrgan: null,
       WeakTypeDtoName: null,
       DtoClassName: 'Ufida.T.AA.DTO.ProjectDTO',
       IsWeakType: false,
       AliName: 'ProjectDTO',
       Status: 0,
       EnableHasChanged: false,
       ChangedProperty: [],
       DynamicPropertyKeys: [],
       DynamicPropertyValues: [],
       DeleteID: 2,
       Updated: '/Date(1533735885536)/',
       UpdatedBy: null,
       InnerSearchLevel: 0,
       RecordChange: true,
       InnerPropInParentRecure: null,
       Ts: null,
       CaseSensitive: false,
       RecordDynamicNullValue: false,
       data: null } ] }
[2018-08-08T21:50:04.855] [INFO] httpclires - [login][POST][200]: { code: 200,
  msg: null,
  data: 'eyJhcHBLZXkiOiI1ZTYwYjdhNi1kZGQ5LTRhOTctYThhMy1hMzE3OGJkYjYwMDQiLCJhdXRoSW5mbyI6ImV5SmhiR2NpT2lKUVV6STFOaUo5LmV5SmhZMk5sYzNOZmRHOXJaVzRpT2lKbE16YzVNekJtWWkxa09EQXpMVFEyTWpJdFlXRm1OQzAzWVRVM01tUXlNR001WmpJaUxDSnpkV0lpT2lKbExXTnZiVzFsY21ObElpd2laR0YwWVhNaU9pSTNOMlE1WVRSaE5ESmxNV0kyTWpVMU1HUTBZekU1TXpNNFltUm1NMlZtTXlJc0ltVjRjQ0k2TVRVek16YzJOakl3T0gwLk1IYXdEdzZmQ3Z5eWxrOEE2YWZaSVpmdU0xWV9MY3ZOQmE0My1pajJzRWNWSnAwV3FWUUhEa2lyT29MdmpnZkdMdmFzUXp5dnJ6MHFwdHhCNkZLVlVKT09YNzYxUlhIbjdMT1p0b0FrNU9ZMnVJNjFmQjIzanh4TDdZbkptVzFLekt2ZkZFcmY1cG1WWTdna21GSGFEX3VlYTJvZkd6ejBrd0U1VHRfMjVUSSIsIm9yZ0lkIjoiIn0=' }
[2018-08-08T21:50:05.252] [INFO] httpclires - [login][POST][200]: { code: 200,
  msg: null,
  data: 'eyJhcHBLZXkiOiI1ZTYwYjdhNi1kZGQ5LTRhOTctYThhMy1hMzE3OGJkYjYwMDQiLCJhdXRoSW5mbyI6ImV5SmhiR2NpT2lKUVV6STFOaUo5LmV5SmhZMk5sYzNOZmRHOXJaVzRpT2lJMU1EaGpZVGMxT1MxaE1HWTNMVFEwTUdFdFlXRXlOaTFoWVRJd09HVXhZVGM1TnpraUxDSnpkV0lpT2lKbExXTnZiVzFsY21ObElpd2laR0YwWVhNaU9pSTNOMlE1WVRSaE5ESmxNV0kyTWpVMU1HUTBZekU1TXpNNFltUm1NMlZtTXlJc0ltVjRjQ0k2TVRVek16YzJOakl3T1gwLlZhT3dFc25hQXhNRi1jcFdOY2VXajFCc3c5dDVKVDh3UXltR1NBMU0zSWRCYjNqNWt4WjV6NWQxZmc5dEZGdFZnNVQxT2h4U0x2SGdVS1RZOXF0ZGtOR2FHc3pOQ1hRUkFRQTNKNWJSbDhJRVlaQ0lzcV96Q2V0VkEyb1RVV0xvUmRzVnoySFQ1dGlPTDlLT1p4dEEwTEllZWpYMGhibUdiUXhfUW94RVQzZyIsIm9yZ0lkIjoiIn0=' }
[2018-08-08T21:50:05.823] [INFO] httpclires - [login][POST][200]: { code: 200,
  msg: null,
  data: 'eyJhcHBLZXkiOiI1ZTYwYjdhNi1kZGQ5LTRhOTctYThhMy1hMzE3OGJkYjYwMDQiLCJhdXRoSW5mbyI6ImV5SmhiR2NpT2lKUVV6STFOaUo5LmV5SmhZMk5sYzNOZmRHOXJaVzRpT2lJMU1ESTFOVFl6WkMxbE1HUXdMVFJsWVRBdFlURXdNUzFsT1dVMk9ERmtNbUl6WmpjaUxDSnpkV0lpT2lKbExXTnZiVzFsY21ObElpd2laR0YwWVhNaU9pSTNOMlE1WVRSaE5ESmxNV0kyTWpVMU1HUTBZekU1TXpNNFltUm1NMlZtTXlJc0ltVjRjQ0k2TVRVek16YzJOakl4TUgwLlg1TkRjbU90bjAtcWxXSXlTbzJMaGZKNzBoYnpOU3BkYWNIbnBmbUhWbDZZRUs2WDJzSXBWQjVScHhtV1FqREhMUVF2LXprV2U2UDJ5M1d5M1lYRV9mOWVRb3FDNnE5SGp4YkotekxkVGpidnVWeGQ3bWZ6V2N5N2FudWhhOEFNYnRVSnE1eEtObjZlZ3FvOEcxYUloVTJNRUxGb09XenFCR1RIODNjMFNPNCIsIm9yZ0lkIjoiIn0=' }
[2018-08-08T21:50:06.188] [INFO] httpclires - [login][POST][200]: { code: 200,
  msg: null,
  data: 'eyJhcHBLZXkiOiI1ZTYwYjdhNi1kZGQ5LTRhOTctYThhMy1hMzE3OGJkYjYwMDQiLCJhdXRoSW5mbyI6ImV5SmhiR2NpT2lKUVV6STFOaUo5LmV5SmhZMk5sYzNOZmRHOXJaVzRpT2lJNVlqTXlOelppWkMwMk56Vm1MVFF6TVRJdFlUTTNNUzFtTkdSbFl6TmtOVFZrTXpVaUxDSnpkV0lpT2lKbExXTnZiVzFsY21ObElpd2laR0YwWVhNaU9pSTNOMlE1WVRSaE5ESmxNV0kyTWpVMU1HUTBZekU1TXpNNFltUm1NMlZtTXlJc0ltVjRjQ0k2TVRVek16YzJOakl4TUgwLm15STI5V002cXpNc0FNNzZBVzE3M09uWVpYcHVxb2hNZHRyRmVNWEwwU1o5bEM4U0FVLXhBay1qZGdWWjFqTjZ3MW9xb2Q4d2dFczN1SUFEbVF3a1B2ZTgyOFh6YWtDQ3hvUE5KQV9Wb1MySW1QWFd5OU8zNjc2WFR1b0RGUmNDTjRTVjREMlJfclpzMkdVNlVZVGs0eE9Ma2tvbERXYmxPTjZqNVpUUElzRSIsIm9yZ0lkIjoiIn0=' }
[2018-08-08T21:50:06.735] [INFO] httpclires - [partner/Query?token=eyJhcHBLZXkiOiI1ZTYwYjdhNi1kZGQ5LTRhOTctYThhMy1hMzE3OGJkYjYwMDQiLCJhdXRoSW5mbyI6ImV5SmhiR2NpT2lKUVV6STFOaUo5LmV5SmhZMk5sYzNOZmRHOXJaVzRpT2lKbE16YzVNekJtWWkxa09EQXpMVFEyTWpJdFlXRm1OQzAzWVRVM01tUXlNR001WmpJaUxDSnpkV0lpT2lKbExXTnZiVzFsY21ObElpd2laR0YwWVhNaU9pSTNOMlE1WVRSaE5ESmxNV0kyTWpVMU1HUTBZekU1TXpNNFltUm1NMlZtTXlJc0ltVjRjQ0k2TVRVek16YzJOakl3T0gwLk1IYXdEdzZmQ3Z5eWxrOEE2YWZaSVpmdU0xWV9MY3ZOQmE0My1pajJzRWNWSnAwV3FWUUhEa2lyT29MdmpnZkdMdmFzUXp5dnJ6MHFwdHhCNkZLVlVKT09YNzYxUlhIbjdMT1p0b0FrNU9ZMnVJNjFmQjIzanh4TDdZbkptVzFLekt2ZkZFcmY1cG1WWTdna21GSGFEX3VlYTJvZkd6ejBrd0U1VHRfMjVUSSIsIm9yZ0lkIjoiIn0=][POST][200]: { code: 200,
  msg: null,
  data: 
   [ { Code: '0020001', Name: '移动客户', PartnerType: [Object] },
     { Code: '001', Name: '测试', PartnerType: [Object] },
     { Code: '0010001', Name: '星力城', PartnerType: [Object] } ] }
[2018-08-08T21:50:07.200] [INFO] httpclires - [warehouse/Query?token=eyJhcHBLZXkiOiI1ZTYwYjdhNi1kZGQ5LTRhOTctYThhMy1hMzE3OGJkYjYwMDQiLCJhdXRoSW5mbyI6ImV5SmhiR2NpT2lKUVV6STFOaUo5LmV5SmhZMk5sYzNOZmRHOXJaVzRpT2lJMU1EaGpZVGMxT1MxaE1HWTNMVFEwTUdFdFlXRXlOaTFoWVRJd09HVXhZVGM1TnpraUxDSnpkV0lpT2lKbExXTnZiVzFsY21ObElpd2laR0YwWVhNaU9pSTNOMlE1WVRSaE5ESmxNV0kyTWpVMU1HUTBZekU1TXpNNFltUm1NMlZtTXlJc0ltVjRjQ0k2TVRVek16YzJOakl3T1gwLlZhT3dFc25hQXhNRi1jcFdOY2VXajFCc3c5dDVKVDh3UXltR1NBMU0zSWRCYjNqNWt4WjV6NWQxZmc5dEZGdFZnNVQxT2h4U0x2SGdVS1RZOXF0ZGtOR2FHc3pOQ1hRUkFRQTNKNWJSbDhJRVlaQ0lzcV96Q2V0VkEyb1RVV0xvUmRzVnoySFQ1dGlPTDlLT1p4dEEwTEllZWpYMGhibUdiUXhfUW94RVQzZyIsIm9yZ0lkIjoiIn0=][POST][200]: { code: 200,
  msg: null,
  data: 
   [ { Code: '01', Name: '总仓' },
     { Code: '02', Name: '中华路一店' },
     { Code: '03', Name: '澳门路1店' } ] }
[2018-08-08T21:50:07.715] [INFO] httpclires - [person/Query?token=eyJhcHBLZXkiOiI1ZTYwYjdhNi1kZGQ5LTRhOTctYThhMy1hMzE3OGJkYjYwMDQiLCJhdXRoSW5mbyI6ImV5SmhiR2NpT2lKUVV6STFOaUo5LmV5SmhZMk5sYzNOZmRHOXJaVzRpT2lJMU1ESTFOVFl6WkMxbE1HUXdMVFJsWVRBdFlURXdNUzFsT1dVMk9ERmtNbUl6WmpjaUxDSnpkV0lpT2lKbExXTnZiVzFsY21ObElpd2laR0YwWVhNaU9pSTNOMlE1WVRSaE5ESmxNV0kyTWpVMU1HUTBZekU1TXpNNFltUm1NMlZtTXlJc0ltVjRjQ0k2TVRVek16YzJOakl4TUgwLlg1TkRjbU90bjAtcWxXSXlTbzJMaGZKNzBoYnpOU3BkYWNIbnBmbUhWbDZZRUs2WDJzSXBWQjVScHhtV1FqREhMUVF2LXprV2U2UDJ5M1d5M1lYRV9mOWVRb3FDNnE5SGp4YkotekxkVGpidnVWeGQ3bWZ6V2N5N2FudWhhOEFNYnRVSnE1eEtObjZlZ3FvOEcxYUloVTJNRUxGb09XenFCR1RIODNjMFNPNCIsIm9yZ0lkIjoiIn0=][POST][200]: { code: 200, msg: null, data: [] }
[2018-08-08T21:50:08.099] [INFO] httpclires - [Project/Query?token=eyJhcHBLZXkiOiI1ZTYwYjdhNi1kZGQ5LTRhOTctYThhMy1hMzE3OGJkYjYwMDQiLCJhdXRoSW5mbyI6ImV5SmhiR2NpT2lKUVV6STFOaUo5LmV5SmhZMk5sYzNOZmRHOXJaVzRpT2lJNVlqTXlOelppWkMwMk56Vm1MVFF6TVRJdFlUTTNNUzFtTkdSbFl6TmtOVFZrTXpVaUxDSnpkV0lpT2lKbExXTnZiVzFsY21ObElpd2laR0YwWVhNaU9pSTNOMlE1WVRSaE5ESmxNV0kyTWpVMU1HUTBZekU1TXpNNFltUm1NMlZtTXlJc0ltVjRjQ0k2TVRVek16YzJOakl4TUgwLm15STI5V002cXpNc0FNNzZBVzE3M09uWVpYcHVxb2hNZHRyRmVNWEwwU1o5bEM4U0FVLXhBay1qZGdWWjFqTjZ3MW9xb2Q4d2dFczN1SUFEbVF3a1B2ZTgyOFh6YWtDQ3hvUE5KQV9Wb1MySW1QWFd5OU8zNjc2WFR1b0RGUmNDTjRTVjREMlJfclpzMkdVNlVZVGs0eE9Ma2tvbERXYmxPTjZqNVpUUElzRSIsIm9yZ0lkIjoiIn0=][POST][200]: { code: 200,
  msg: null,
  data: 
   [ { ID: 1,
       Name: '饮料',
       Code: 'FL01',
       Disabled: false,
       CreatedTime: '/Date(-62135596800000)/',
       SequenceNumber: 0,
       Idclass: null,
       ProjectClass: null,
       class: null,
       IdMarketingOrgan: null,
       MarketingOrgan: null,
       WeakTypeDtoName: null,
       DtoClassName: 'Ufida.T.AA.DTO.ProjectDTO',
       IsWeakType: false,
       AliName: 'ProjectDTO',
       Status: 0,
       EnableHasChanged: false,
       ChangedProperty: [],
       DynamicPropertyKeys: [],
       DynamicPropertyValues: [],
       DeleteID: 1,
       Updated: '/Date(1533736215036)/',
       UpdatedBy: null,
       InnerSearchLevel: 0,
       RecordChange: true,
       InnerPropInParentRecure: null,
       Ts: null,
       CaseSensitive: false,
       RecordDynamicNullValue: false,
       data: null },
     { ID: 2,
       Name: '零售',
       Code: 'FL02',
       Disabled: false,
       CreatedTime: '/Date(-62135596800000)/',
       SequenceNumber: 0,
       Idclass: null,
       ProjectClass: null,
       class: null,
       IdMarketingOrgan: null,
       MarketingOrgan: null,
       WeakTypeDtoName: null,
       DtoClassName: 'Ufida.T.AA.DTO.ProjectDTO',
       IsWeakType: false,
       AliName: 'ProjectDTO',
       Status: 0,
       EnableHasChanged: false,
       ChangedProperty: [],
       DynamicPropertyKeys: [],
       DynamicPropertyValues: [],
       DeleteID: 2,
       Updated: '/Date(1533736215036)/',
       UpdatedBy: null,
       InnerSearchLevel: 0,
       RecordChange: true,
       InnerPropInParentRecure: null,
       Ts: null,
       CaseSensitive: false,
       RecordDynamicNullValue: false,
       data: null } ] }
[2018-08-08T21:50:56.405] [INFO] httpclires - [login][POST][200]: { code: 200,
  msg: null,
  data: 'eyJhcHBLZXkiOiI1ZTYwYjdhNi1kZGQ5LTRhOTctYThhMy1hMzE3OGJkYjYwMDQiLCJhdXRoSW5mbyI6ImV5SmhiR2NpT2lKUVV6STFOaUo5LmV5SmhZMk5sYzNOZmRHOXJaVzRpT2lJeVlUZ3lPVGs1Tmkwek1UUTFMVFJrT0RjdFltUXdaQzA0WkRrM016STFZelZsWldRaUxDSnpkV0lpT2lKbExXTnZiVzFsY21ObElpd2laR0YwWVhNaU9pSTNOMlE1WVRSaE5ESmxNV0kyTWpVMU1HUTBZekU1TXpNNFltUm1NMlZtTXlJc0ltVjRjQ0k2TVRVek16YzJOakkyTUgwLlB4XzUtWmdQbzVTLXE1dW0yeXE3QkpPZnF0VUR3T3E5U3V6eld1TldZM0ZoZnlFc0tOU1JlbTNabjc3cGgyZHJiZGRNYWFaQWdUY0d6UGs1dlR6cUJ3c1pubC1FVnFQdzhCTVg4STJGTi11TXgtdVc5aUhOT3hsS08ydEl4MkcxTFVER3RTdjZfY0ZXSllJM2hjNjdobjk1WFkzVHFySUQyREk2dC1QZENodyIsIm9yZ0lkIjoiIn0=' }
[2018-08-08T21:50:56.980] [INFO] httpclires - [login][POST][200]: { code: 200,
  msg: null,
  data: 'eyJhcHBLZXkiOiI1ZTYwYjdhNi1kZGQ5LTRhOTctYThhMy1hMzE3OGJkYjYwMDQiLCJhdXRoSW5mbyI6ImV5SmhiR2NpT2lKUVV6STFOaUo5LmV5SmhZMk5sYzNOZmRHOXJaVzRpT2lJd01EWTVaR001Tmkwd1lUWmpMVFF3WkdNdE9HTmhNaTAyTlRneFlUQXpPVFZqTW1RaUxDSnpkV0lpT2lKbExXTnZiVzFsY21ObElpd2laR0YwWVhNaU9pSTNOMlE1WVRSaE5ESmxNV0kyTWpVMU1HUTBZekU1TXpNNFltUm1NMlZtTXlJc0ltVjRjQ0k2TVRVek16YzJOakkyTVgwLmRfUG1hRU5mN3lvUjNWOGo3U0xsZzRQMEZtbmRqN3laWlhJRUlXWGozMXFCSXhRdXdPaXRraTh3WmdrUGtpV1FPY2tXSGR1ME10QmdESXVwNjZkdnhkdDNRX0NmS2dGbkI2cFZRUE0yUWpPak1MTnU3OHRfN0NaS0dfN1EydFBhVThRRERoNzNCVDctQWllbDhndlpqQVpjYmVvLWdMeWIyOWVTUnFxSjNsbyIsIm9yZ0lkIjoiIn0=' }
[2018-08-08T21:50:58.273] [INFO] httpclires - [login][POST][200]: { code: 200,
  msg: null,
  data: 'eyJhcHBLZXkiOiI1ZTYwYjdhNi1kZGQ5LTRhOTctYThhMy1hMzE3OGJkYjYwMDQiLCJhdXRoSW5mbyI6ImV5SmhiR2NpT2lKUVV6STFOaUo5LmV5SmhZMk5sYzNOZmRHOXJaVzRpT2lJelpqYzFNamt6WWkxaE5UYzRMVFEzTVRRdE9EY3lZUzFqTWpSbU4yWXdPR1ExWVRraUxDSnpkV0lpT2lKbExXTnZiVzFsY21ObElpd2laR0YwWVhNaU9pSTNOMlE1WVRSaE5ESmxNV0kyTWpVMU1HUTBZekU1TXpNNFltUm1NMlZtTXlJc0ltVjRjQ0k2TVRVek16YzJOakkyTVgwLmdPWUplU3RWUkJva2Vuc1pYVVlvcEFDb1pOXzc2TUt4T2ZVc2hhYjdaUjdDUFhEekg4UTJKY3N5X0l3ZzBiQzJxeE9XTDFuQXJPeHllVDJxVEpZMFRFR0ZxeV9ESFJBYzdoVHdBdzJrN1VwYVRFN2hfQnNwbWc3TlV0ZXU1WVZfQTJPd2pELTJBV0s1MkFBdUhYRFFhdEN1YWlHWjNGaVJYTVQtNDAzVnhlSSIsIm9yZ0lkIjoiIn0=' }
[2018-08-08T21:50:58.862] [INFO] httpclires - [login][POST][200]: { code: 200,
  msg: null,
  data: 'eyJhcHBLZXkiOiI1ZTYwYjdhNi1kZGQ5LTRhOTctYThhMy1hMzE3OGJkYjYwMDQiLCJhdXRoSW5mbyI6ImV5SmhiR2NpT2lKUVV6STFOaUo5LmV5SmhZMk5sYzNOZmRHOXJaVzRpT2lJME16VTNZVE5sTVMxbVpUWmxMVFJpWTJVdFlXSm1aaTAxWkdKa04ySmtNREZsTjJJaUxDSnpkV0lpT2lKbExXTnZiVzFsY21ObElpd2laR0YwWVhNaU9pSTNOMlE1WVRSaE5ESmxNV0kyTWpVMU1HUTBZekU1TXpNNFltUm1NMlZtTXlJc0ltVjRjQ0k2TVRVek16YzJOakkyTW4wLkloNHV3cHNlekxQNjJQaGwxNDBtTkFwSW80Sm1jclFxQTRQcGtfb2RKRFQ3d2MxZGZ2bUFTVHRMVVp3YWRsNWowdU5mZk1iQnE3RVFWLUlJLVNhVFhza1VIT0pJbkthcWd3UDB3N3JhV1pwa2NCLWIwWGtJcXJIdTNITU9kbHowdkxmVWg0bWlQWVppOEp3Ul8zQl9mZ25BeFR2d3g4aGdJemJHejF1eTFJcyIsIm9yZ0lkIjoiIn0=' }
[2018-08-08T21:50:59.402] [INFO] httpclires - [Project/Query?token=eyJhcHBLZXkiOiI1ZTYwYjdhNi1kZGQ5LTRhOTctYThhMy1hMzE3OGJkYjYwMDQiLCJhdXRoSW5mbyI6ImV5SmhiR2NpT2lKUVV6STFOaUo5LmV5SmhZMk5sYzNOZmRHOXJaVzRpT2lJeVlUZ3lPVGs1Tmkwek1UUTFMVFJrT0RjdFltUXdaQzA0WkRrM016STFZelZsWldRaUxDSnpkV0lpT2lKbExXTnZiVzFsY21ObElpd2laR0YwWVhNaU9pSTNOMlE1WVRSaE5ESmxNV0kyTWpVMU1HUTBZekU1TXpNNFltUm1NMlZtTXlJc0ltVjRjQ0k2TVRVek16YzJOakkyTUgwLlB4XzUtWmdQbzVTLXE1dW0yeXE3QkpPZnF0VUR3T3E5U3V6eld1TldZM0ZoZnlFc0tOU1JlbTNabjc3cGgyZHJiZGRNYWFaQWdUY0d6UGs1dlR6cUJ3c1pubC1FVnFQdzhCTVg4STJGTi11TXgtdVc5aUhOT3hsS08ydEl4MkcxTFVER3RTdjZfY0ZXSllJM2hjNjdobjk1WFkzVHFySUQyREk2dC1QZENodyIsIm9yZ0lkIjoiIn0=][POST][200]: { code: 200,
  msg: null,
  data: 
   [ { ID: 1,
       Name: '饮料',
       Code: 'FL01',
       Disabled: false,
       CreatedTime: '/Date(-62135596800000)/',
       SequenceNumber: 0,
       Idclass: null,
       ProjectClass: null,
       class: null,
       IdMarketingOrgan: null,
       MarketingOrgan: null,
       WeakTypeDtoName: null,
       DtoClassName: 'Ufida.T.AA.DTO.ProjectDTO',
       IsWeakType: false,
       AliName: 'ProjectDTO',
       Status: 0,
       EnableHasChanged: false,
       ChangedProperty: [],
       DynamicPropertyKeys: [],
       DynamicPropertyValues: [],
       DeleteID: 1,
       Updated: '/Date(1533736266333)/',
       UpdatedBy: null,
       InnerSearchLevel: 0,
       RecordChange: true,
       InnerPropInParentRecure: null,
       Ts: null,
       CaseSensitive: false,
       RecordDynamicNullValue: false,
       data: null },
     { ID: 2,
       Name: '零售',
       Code: 'FL02',
       Disabled: false,
       CreatedTime: '/Date(-62135596800000)/',
       SequenceNumber: 0,
       Idclass: null,
       ProjectClass: null,
       class: null,
       IdMarketingOrgan: null,
       MarketingOrgan: null,
       WeakTypeDtoName: null,
       DtoClassName: 'Ufida.T.AA.DTO.ProjectDTO',
       IsWeakType: false,
       AliName: 'ProjectDTO',
       Status: 0,
       EnableHasChanged: false,
       ChangedProperty: [],
       DynamicPropertyKeys: [],
       DynamicPropertyValues: [],
       DeleteID: 2,
       Updated: '/Date(1533736266333)/',
       UpdatedBy: null,
       InnerSearchLevel: 0,
       RecordChange: true,
       InnerPropInParentRecure: null,
       Ts: null,
       CaseSensitive: false,
       RecordDynamicNullValue: false,
       data: null } ] }
[2018-08-08T21:51:00.039] [INFO] httpclires - [warehouse/Query?token=eyJhcHBLZXkiOiI1ZTYwYjdhNi1kZGQ5LTRhOTctYThhMy1hMzE3OGJkYjYwMDQiLCJhdXRoSW5mbyI6ImV5SmhiR2NpT2lKUVV6STFOaUo5LmV5SmhZMk5sYzNOZmRHOXJaVzRpT2lJd01EWTVaR001Tmkwd1lUWmpMVFF3WkdNdE9HTmhNaTAyTlRneFlUQXpPVFZqTW1RaUxDSnpkV0lpT2lKbExXTnZiVzFsY21ObElpd2laR0YwWVhNaU9pSTNOMlE1WVRSaE5ESmxNV0kyTWpVMU1HUTBZekU1TXpNNFltUm1NMlZtTXlJc0ltVjRjQ0k2TVRVek16YzJOakkyTVgwLmRfUG1hRU5mN3lvUjNWOGo3U0xsZzRQMEZtbmRqN3laWlhJRUlXWGozMXFCSXhRdXdPaXRraTh3WmdrUGtpV1FPY2tXSGR1ME10QmdESXVwNjZkdnhkdDNRX0NmS2dGbkI2cFZRUE0yUWpPak1MTnU3OHRfN0NaS0dfN1EydFBhVThRRERoNzNCVDctQWllbDhndlpqQVpjYmVvLWdMeWIyOWVTUnFxSjNsbyIsIm9yZ0lkIjoiIn0=][POST][200]: { code: 200,
  msg: null,
  data: 
   [ { Code: '01', Name: '总仓' },
     { Code: '02', Name: '中华路一店' },
     { Code: '03', Name: '澳门路1店' } ] }
[2018-08-08T21:51:00.619] [INFO] httpclires - [partner/Query?token=eyJhcHBLZXkiOiI1ZTYwYjdhNi1kZGQ5LTRhOTctYThhMy1hMzE3OGJkYjYwMDQiLCJhdXRoSW5mbyI6ImV5SmhiR2NpT2lKUVV6STFOaUo5LmV5SmhZMk5sYzNOZmRHOXJaVzRpT2lJelpqYzFNamt6WWkxaE5UYzRMVFEzTVRRdE9EY3lZUzFqTWpSbU4yWXdPR1ExWVRraUxDSnpkV0lpT2lKbExXTnZiVzFsY21ObElpd2laR0YwWVhNaU9pSTNOMlE1WVRSaE5ESmxNV0kyTWpVMU1HUTBZekU1TXpNNFltUm1NMlZtTXlJc0ltVjRjQ0k2TVRVek16YzJOakkyTVgwLmdPWUplU3RWUkJva2Vuc1pYVVlvcEFDb1pOXzc2TUt4T2ZVc2hhYjdaUjdDUFhEekg4UTJKY3N5X0l3ZzBiQzJxeE9XTDFuQXJPeHllVDJxVEpZMFRFR0ZxeV9ESFJBYzdoVHdBdzJrN1VwYVRFN2hfQnNwbWc3TlV0ZXU1WVZfQTJPd2pELTJBV0s1MkFBdUhYRFFhdEN1YWlHWjNGaVJYTVQtNDAzVnhlSSIsIm9yZ0lkIjoiIn0=][POST][200]: { code: 200,
  msg: null,
  data: 
   [ { Code: '0020001', Name: '移动客户', PartnerType: [Object] },
     { Code: '001', Name: '测试', PartnerType: [Object] },
     { Code: '0010001', Name: '星力城', PartnerType: [Object] } ] }
[2018-08-08T21:51:01.170] [INFO] httpclires - [person/Query?token=eyJhcHBLZXkiOiI1ZTYwYjdhNi1kZGQ5LTRhOTctYThhMy1hMzE3OGJkYjYwMDQiLCJhdXRoSW5mbyI6ImV5SmhiR2NpT2lKUVV6STFOaUo5LmV5SmhZMk5sYzNOZmRHOXJaVzRpT2lJME16VTNZVE5sTVMxbVpUWmxMVFJpWTJVdFlXSm1aaTAxWkdKa04ySmtNREZsTjJJaUxDSnpkV0lpT2lKbExXTnZiVzFsY21ObElpd2laR0YwWVhNaU9pSTNOMlE1WVRSaE5ESmxNV0kyTWpVMU1HUTBZekU1TXpNNFltUm1NMlZtTXlJc0ltVjRjQ0k2TVRVek16YzJOakkyTW4wLkloNHV3cHNlekxQNjJQaGwxNDBtTkFwSW80Sm1jclFxQTRQcGtfb2RKRFQ3d2MxZGZ2bUFTVHRMVVp3YWRsNWowdU5mZk1iQnE3RVFWLUlJLVNhVFhza1VIT0pJbkthcWd3UDB3N3JhV1pwa2NCLWIwWGtJcXJIdTNITU9kbHowdkxmVWg0bWlQWVppOEp3Ul8zQl9mZ25BeFR2d3g4aGdJemJHejF1eTFJcyIsIm9yZ0lkIjoiIn0=][POST][200]: { code: 200, msg: null, data: [] }
[2018-08-08T22:07:50.325] [INFO] httpclires - [login][POST][200]: { code: 200,
  msg: null,
  data: 'eyJhcHBLZXkiOiI1ZTYwYjdhNi1kZGQ5LTRhOTctYThhMy1hMzE3OGJkYjYwMDQiLCJhdXRoSW5mbyI6ImV5SmhiR2NpT2lKUVV6STFOaUo5LmV5SmhZMk5sYzNOZmRHOXJaVzRpT2lKaE1EQmhOVGxpT0MxaE9EQmpMVFJtWldRdE9UTmtPQzA0T0dRM01qZ3hNRFkwTnpJaUxDSnpkV0lpT2lKbExXTnZiVzFsY21ObElpd2laR0YwWVhNaU9pSTNOMlE1WVRSaE5ESmxNV0kyTWpVMU1HUTBZekU1TXpNNFltUm1NMlZtTXlJc0ltVjRjQ0k2TVRVek16YzJOekkzTm4wLlY1YnpVQTZFTGY1bkE3VzA3dEkwXzFsY3BFdzVfLVU5NWpjQjBfU2g3SlVTZjl5RktZclJLamMycWd2aFU5UTZVZGZzU1g5MDFaYWlMUFFySnJEaGZIQkJyTzJlcHdMWHotOENfRkR6RG83aGNVcnh0NUFJbk5SN1hIVHZfd1BvOTEyeVdHQWxZLTFQTi1xVjJrSXFVdWRRT3JQcmNhM0hPTDB0M0UzWFp0OCIsIm9yZ0lkIjoiIn0=' }
[2018-08-08T22:07:51.754] [INFO] httpclires - [login][POST][200]: { code: 200,
  msg: null,
  data: 'eyJhcHBLZXkiOiI1ZTYwYjdhNi1kZGQ5LTRhOTctYThhMy1hMzE3OGJkYjYwMDQiLCJhdXRoSW5mbyI6ImV5SmhiR2NpT2lKUVV6STFOaUo5LmV5SmhZMk5sYzNOZmRHOXJaVzRpT2lJNE9EbGhNRFprWkMxaU5tTXdMVFJsTWprdE9HTXdaaTFrWVRFd1lqUXdabVZsTjJVaUxDSnpkV0lpT2lKbExXTnZiVzFsY21ObElpd2laR0YwWVhNaU9pSTNOMlE1WVRSaE5ESmxNV0kyTWpVMU1HUTBZekU1TXpNNFltUm1NMlZtTXlJc0ltVjRjQ0k2TVRVek16YzJOekkzT0gwLkE5b2FrWFhXMlBnT0t1TjlBS0NSS3Nacnp4eTlPZmlDWTNXYjYwaHptLW03czR2dWcyMGJncGFMdlNrWTBmOHZNUnJNNk9pRkgwQUN6NFJsaUtabjRmeE9NZUp3dlBtZHdVaE01UUNHaWRpeXhMVjNad05wSTVBWEhMc1pYOHE1alJ4bDZyX0d2T0o3anpJVmVNM2dBQnI3TUxOdEVHZnNpSWI5Mk9nSHdsSSIsIm9yZ0lkIjoiIn0=' }
