[2018-08-21T21:58:36.861] [INFO] httpclires - [login][POST][200]: { code: 200,
  msg: null,
  data: 'eyJhcHBLZXkiOiI1ZTYwYjdhNi1kZGQ5LTRhOTctYThhMy1hMzE3OGJkYjYwMDQiLCJhdXRoSW5mbyI6ImV5SmhiR2NpT2lKUVV6STFOaUo5LmV5SmhZMk5sYzNOZmRHOXJaVzRpT2lJeVpXRTROMlkzT1Mwd1l6SmtMVFJqTTJJdE9URm1ZeTB4TjJVNU9UZ3daalF5TURNaUxDSnpkV0lpT2lKbExXTnZiVzFsY21ObElpd2laR0YwWVhNaU9pSTNOMlE1WVRSaE5ESmxNV0kyTWpVMU1HUTBZekU1TXpNNFltUm1NMlZtTXlJc0ltVjRjQ0k2TVRVek5EZzRPVGt4T1gwLmhoMWxlM3c3OUQ5Mk9XeUFwQ3o4TEFpUEFHTHZ5SnNUUFd6a0JNQUVyaGxQY21hQ2RvSXliYVY2cWtDYjVpakx4dzdyQ2NVRmxnSHg5djhfWTZ3YmJWV2VGc054TThmRUZ1NHZVTXlRS0lma2dKcWpwWFBFZFBBcjRHWFZ1RE5Vdm5GMW9UbHRCYnFxcG0tWUlMeXZfc2dNZDZiV1duajEtYzR3b2JqU1YwTSIsIm9yZ0lkIjoiIn0=' }
[2018-08-21T21:58:38.551] [INFO] httpclires - [login][POST][200]: { code: 200,
  msg: null,
  data: 'eyJhcHBLZXkiOiI1ZTYwYjdhNi1kZGQ5LTRhOTctYThhMy1hMzE3OGJkYjYwMDQiLCJhdXRoSW5mbyI6ImV5SmhiR2NpT2lKUVV6STFOaUo5LmV5SmhZMk5sYzNOZmRHOXJaVzRpT2lJMlpXRTJaV0V5TXkwMFlUQmtMVFJpT0dNdFltSTFNQzB3TXpJd056Z3hZbUV6TTJFaUxDSnpkV0lpT2lKbExXTnZiVzFsY21ObElpd2laR0YwWVhNaU9pSTNOMlE1WVRSaE5ESmxNV0kyTWpVMU1HUTBZekU1TXpNNFltUm1NMlZtTXlJc0ltVjRjQ0k2TVRVek5EZzRPVGt5TUgwLmpzUWZ2a01LcXpCa0VIeHkxel9sYV9WWHotejg5MUZzbTdRLVB0MFRXR0p5M1dqelY0bVNQZE1KV01fYlBOTnZpbmRqYzg4Ui1zaEhZTXRIWHdTOEhsVGhuRGplZFZxa191U3E3SllZb0V2Q093UGp3dWd5Q0ZacnJvQktISTBRNUxLVlR4bmVlOFhGekcyRjVmejhQOUJyM1RQNmVwWGo2aVJqVldadjZPNCIsIm9yZ0lkIjoiIn0=' }
[2018-08-21T21:58:38.636] [INFO] httpclires - [login][POST][200]: { code: 200,
  msg: null,
  data: 'eyJhcHBLZXkiOiI1ZTYwYjdhNi1kZGQ5LTRhOTctYThhMy1hMzE3OGJkYjYwMDQiLCJhdXRoSW5mbyI6ImV5SmhiR2NpT2lKUVV6STFOaUo5LmV5SmhZMk5sYzNOZmRHOXJaVzRpT2lJM00yUmxaakExTlMwek5XUTVMVFF4WlRndFlqazROUzAyWVRaaVpEWXhPRGM1TmpnaUxDSnpkV0lpT2lKbExXTnZiVzFsY21ObElpd2laR0YwWVhNaU9pSTNOMlE1WVRSaE5ESmxNV0kyTWpVMU1HUTBZekU1TXpNNFltUm1NMlZtTXlJc0ltVjRjQ0k2TVRVek5EZzRPVGt5TVgwLkdZQlYyXzdhT1Yxay1zT1RYNjZBWjBfTFkxd3dkcWpDOWlkRnF0NmFHTUNPQUp5Q25oSkxlTkRLbEdjbUQzTTZaT1ZfdjNBM0I1NWNranZSU1VIMV9jQV9faVlDQWxrWlhhZXgxT0JnQmNUeHVzZ0JpQll5WFRrX2pBOEZmZE9EOTV4aXU1VU1oTU9lRGtXbkRUbzZaMDg2S0FNbWhoY3hTOHNRR19mVjlRayIsIm9yZ0lkIjoiIn0=' }
[2018-08-21T21:58:38.881] [INFO] httpclires - [login][POST][200]: { code: 200,
  msg: null,
  data: 'eyJhcHBLZXkiOiI1ZTYwYjdhNi1kZGQ5LTRhOTctYThhMy1hMzE3OGJkYjYwMDQiLCJhdXRoSW5mbyI6ImV5SmhiR2NpT2lKUVV6STFOaUo5LmV5SmhZMk5sYzNOZmRHOXJaVzRpT2lJNFltWmpPRFkyWXkwNU5qVXpMVFE0T0dZdE9EZ3paQzA0WkdRd01qVmtaRFpsT1RBaUxDSnpkV0lpT2lKbExXTnZiVzFsY21ObElpd2laR0YwWVhNaU9pSTNOMlE1WVRSaE5ESmxNV0kyTWpVMU1HUTBZekU1TXpNNFltUm1NMlZtTXlJc0ltVjRjQ0k2TVRVek5EZzRPVGt5TVgwLk8tSkRydjc5SnA0NHVzUVJjTTAteUJ2eUY1UFVWYnZobnJYM0R3dGRKOU5HX0tGWURoNWlUMWxYVGozM1puejN3X0FhOXBKX3JFMjZmYUFmOGQ1LVd1SUtRSkNYWmNsMW84WjQ1TUFBUXZ2UDU4UWVWRU4zUUJYS0dvT3c3MXNEWXVWMzZicDgxTV9NSTVzMVltWFBFMlVHbE5mMFFMQUQ3bkF5V0JIY0lrZyIsIm9yZ0lkIjoiIn0=' }
[2018-08-21T21:58:39.086] [INFO] httpclires - [login][POST][200]: { code: 200,
  msg: null,
  data: 'eyJhcHBLZXkiOiI1ZTYwYjdhNi1kZGQ5LTRhOTctYThhMy1hMzE3OGJkYjYwMDQiLCJhdXRoSW5mbyI6ImV5SmhiR2NpT2lKUVV6STFOaUo5LmV5SmhZMk5sYzNOZmRHOXJaVzRpT2lJNU9UZzFORFJsWkMxbFpUVXpMVFF5T0RNdFltWmhOUzB5WkRJNFl6UmtabVpsWW1JaUxDSnpkV0lpT2lKbExXTnZiVzFsY21ObElpd2laR0YwWVhNaU9pSTNOMlE1WVRSaE5ESmxNV0kyTWpVMU1HUTBZekU1TXpNNFltUm1NMlZtTXlJc0ltVjRjQ0k2TVRVek5EZzRPVGt5TVgwLllEZ3F4TWhKMExwZEEydVQxanMxLU1WVWtTSzNtQjEydExEWGFGUXlia3VodER1Slc1S2lVWGVPMGlPRktpRHlON2RkaWRqU3BxV2Z6VUh6OGYwMG1icERKMnZVTE9sLXpacENnOTRCc2EwTVlpbmlaTXpVRlJ4ay00TXJnbzNmNGR4S1lsbXhlVGdpN2l6cGgxWk83ZHpUc0I5RjYxZHRhME84eWJCQUpmVSIsIm9yZ0lkIjoiIn0=' }
[2018-08-21T21:58:39.582] [INFO] httpclires - [StockRequest/GetStockRequest_OutWarehouse?token=eyJhcHBLZXkiOiI1ZTYwYjdhNi1kZGQ5LTRhOTctYThhMy1hMzE3OGJkYjYwMDQiLCJhdXRoSW5mbyI6ImV5SmhiR2NpT2lKUVV6STFOaUo5LmV5SmhZMk5sYzNOZmRHOXJaVzRpT2lJMlpXRTJaV0V5TXkwMFlUQmtMVFJpT0dNdFltSTFNQzB3TXpJd056Z3hZbUV6TTJFaUxDSnpkV0lpT2lKbExXTnZiVzFsY21ObElpd2laR0YwWVhNaU9pSTNOMlE1WVRSaE5ESmxNV0kyTWpVMU1HUTBZekU1TXpNNFltUm1NMlZtTXlJc0ltVjRjQ0k2TVRVek5EZzRPVGt5TUgwLmpzUWZ2a01LcXpCa0VIeHkxel9sYV9WWHotejg5MUZzbTdRLVB0MFRXR0p5M1dqelY0bVNQZE1KV01fYlBOTnZpbmRqYzg4Ui1zaEhZTXRIWHdTOEhsVGhuRGplZFZxa191U3E3SllZb0V2Q093UGp3dWd5Q0ZacnJvQktISTBRNUxLVlR4bmVlOFhGekcyRjVmejhQOUJyM1RQNmVwWGo2aVJqVldadjZPNCIsIm9yZ0lkIjoiIn0=][POST][200]: { code: 200,
  msg: null,
  data: { IsNextPage: false, WarehouseList: [ [Object], [Object] ] } }
[2018-08-21T21:58:40.105] [INFO] httpclires - [StockRequest/Find?token=eyJhcHBLZXkiOiI1ZTYwYjdhNi1kZGQ5LTRhOTctYThhMy1hMzE3OGJkYjYwMDQiLCJhdXRoSW5mbyI6ImV5SmhiR2NpT2lKUVV6STFOaUo5LmV5SmhZMk5sYzNOZmRHOXJaVzRpT2lJM00yUmxaakExTlMwek5XUTVMVFF4WlRndFlqazROUzAyWVRaaVpEWXhPRGM1TmpnaUxDSnpkV0lpT2lKbExXTnZiVzFsY21ObElpd2laR0YwWVhNaU9pSTNOMlE1WVRSaE5ESmxNV0kyTWpVMU1HUTBZekU1TXpNNFltUm1NMlZtTXlJc0ltVjRjQ0k2TVRVek5EZzRPVGt5TVgwLkdZQlYyXzdhT1Yxay1zT1RYNjZBWjBfTFkxd3dkcWpDOWlkRnF0NmFHTUNPQUp5Q25oSkxlTkRLbEdjbUQzTTZaT1ZfdjNBM0I1NWNranZSU1VIMV9jQV9faVlDQWxrWlhhZXgxT0JnQmNUeHVzZ0JpQll5WFRrX2pBOEZmZE9EOTV4aXU1VU1oTU9lRGtXbkRUbzZaMDg2S0FNbWhoY3hTOHNRR19mVjlRayIsIm9yZ0lkIjoiIn0=][POST][200]: { code: 200,
  msg: null,
  data: 
   { IsWorkFlow: false,
     Idperson: null,
     Person: { ID: null, Code: null, Name: null, Mobilephone: null },
     Idstore: null,
     Store: 
      { ID: null,
        Code: null,
        Name: null,
        Contact: null,
        TelePhone: null,
        ArrivalAddress: null,
        Warehouse: null },
     Contact: '',
     TelePhone: '',
     ArrivalAddress: '',
     IdbusiType: null,
     BusiType: { ID: null, Code: null, Name: null },
     RequirementDate: null,
     Iddepartment: '',
     Department: { ID: null, Code: null, Name: null },
     IdWarehouse: null,
     Warehouse: { ID: null, Code: null, Name: null },
     IdOutWarehouse: null,
     OutWarehouse: { ID: null, Code: null, Name: null },
     Status: 0,
     IsAllReturn: false,
     StockRequestType: 0,
     StockRequestDetailList: [],
     ID: null,
     Code: '',
     VoucherState: null,
     Memo: '',
     VoucherDate: '0001-01-01',
     Idproject: null,
     Project: { ID: null, Code: null, Name: null },
     Maker: '',
     ExternalCode: '',
     DataSource: null,
     IsAutoCreateTran: false,
     DateOfweek: '',
     IsEdit: false,
     IsAbandoned: false,
     IsAudit: false,
     IsDelete: false,
     nextnodeid: false,
     TotalInventoryCount: null,
     TotalInventoryQuantity: null,
     FieldNoEdit: null,
     CustomItems: [],
     Ts: '' } }
[2018-08-21T21:58:40.539] [INFO] httpclires - [StockRequest/GetStockRequest_InWarehouse?token=eyJhcHBLZXkiOiI1ZTYwYjdhNi1kZGQ5LTRhOTctYThhMy1hMzE3OGJkYjYwMDQiLCJhdXRoSW5mbyI6ImV5SmhiR2NpT2lKUVV6STFOaUo5LmV5SmhZMk5sYzNOZmRHOXJaVzRpT2lJNFltWmpPRFkyWXkwNU5qVXpMVFE0T0dZdE9EZ3paQzA0WkdRd01qVmtaRFpsT1RBaUxDSnpkV0lpT2lKbExXTnZiVzFsY21ObElpd2laR0YwWVhNaU9pSTNOMlE1WVRSaE5ESmxNV0kyTWpVMU1HUTBZekU1TXpNNFltUm1NMlZtTXlJc0ltVjRjQ0k2TVRVek5EZzRPVGt5TVgwLk8tSkRydjc5SnA0NHVzUVJjTTAteUJ2eUY1UFVWYnZobnJYM0R3dGRKOU5HX0tGWURoNWlUMWxYVGozM1puejN3X0FhOXBKX3JFMjZmYUFmOGQ1LVd1SUtRSkNYWmNsMW84WjQ1TUFBUXZ2UDU4UWVWRU4zUUJYS0dvT3c3MXNEWXVWMzZicDgxTV9NSTVzMVltWFBFMlVHbE5mMFFMQUQ3bkF5V0JIY0lrZyIsIm9yZ0lkIjoiIn0=][POST][200]: { code: 200,
  msg: null,
  data: { IsNextPage: false, WarehouseList: [ [Object], [Object] ] } }
[2018-08-21T21:58:41.077] [INFO] httpclires - [StockRequest/GetStockRequestsList?token=eyJhcHBLZXkiOiI1ZTYwYjdhNi1kZGQ5LTRhOTctYThhMy1hMzE3OGJkYjYwMDQiLCJhdXRoSW5mbyI6ImV5SmhiR2NpT2lKUVV6STFOaUo5LmV5SmhZMk5sYzNOZmRHOXJaVzRpT2lJNU9UZzFORFJsWkMxbFpUVXpMVFF5T0RNdFltWmhOUzB5WkRJNFl6UmtabVpsWW1JaUxDSnpkV0lpT2lKbExXTnZiVzFsY21ObElpd2laR0YwWVhNaU9pSTNOMlE1WVRSaE5ESmxNV0kyTWpVMU1HUTBZekU1TXpNNFltUm1NMlZtTXlJc0ltVjRjQ0k2TVRVek5EZzRPVGt5TVgwLllEZ3F4TWhKMExwZEEydVQxanMxLU1WVWtTSzNtQjEydExEWGFGUXlia3VodER1Slc1S2lVWGVPMGlPRktpRHlON2RkaWRqU3BxV2Z6VUh6OGYwMG1icERKMnZVTE9sLXpacENnOTRCc2EwTVlpbmlaTXpVRlJ4ay00TXJnbzNmNGR4S1lsbXhlVGdpN2l6cGgxWk83ZHpUc0I5RjYxZHRhME84eWJCQUpmVSIsIm9yZ0lkIjoiIn0=][POST][200]: { code: 200,
  msg: null,
  data: 
   { IsWorkFlow: false,
     TotalInventoryCount: '22',
     TotalVoucherCount: '38',
     StockRequestList: [] } }
[2018-08-21T21:58:43.294] [INFO] httpclires - [login][POST][200]: { code: 200,
  msg: null,
  data: 'eyJhcHBLZXkiOiI1ZTYwYjdhNi1kZGQ5LTRhOTctYThhMy1hMzE3OGJkYjYwMDQiLCJhdXRoSW5mbyI6ImV5SmhiR2NpT2lKUVV6STFOaUo5LmV5SmhZMk5sYzNOZmRHOXJaVzRpT2lKa1pUWXdZVFUwTWkweE1XTTVMVFEyTkRNdFlqWm1OaTB5TVdZeE1tWmtOemxpTjJJaUxDSnpkV0lpT2lKbExXTnZiVzFsY21ObElpd2laR0YwWVhNaU9pSTNOMlE1WVRSaE5ESmxNV0kyTWpVMU1HUTBZekU1TXpNNFltUm1NMlZtTXlJc0ltVjRjQ0k2TVRVek5EZzRPVGt5TlgwLlI1VkRWdWFaQndFVVY1Z3pJV0R0RzFBM1MzUEgxTTNmMVN6N1NwNWVGdmN1S1M4NURXOUUzd1JEU1FmTzZtQjFZTEFRMnk5dEl2ZlJLbmJOQUFVRDhrQ3hra3hQQmdjajhhcnNFRi05b0ViY2ZIUEYxRGhId2phYUZzQUZNcVMzT3JhVl82QW1RTTQ0RzRqdUhyeUdEZmFIQkpfQjg0Q2ZodVJUbWxOc3VGUSIsIm9yZ0lkIjoiIn0=' }
[2018-08-21T21:58:43.927] [INFO] httpclires - [login][POST][200]: { code: 200,
  msg: null,
  data: 'eyJhcHBLZXkiOiI1ZTYwYjdhNi1kZGQ5LTRhOTctYThhMy1hMzE3OGJkYjYwMDQiLCJhdXRoSW5mbyI6ImV5SmhiR2NpT2lKUVV6STFOaUo5LmV5SmhZMk5sYzNOZmRHOXJaVzRpT2lKaU9UVXpZVE16WkMwME1EZGxMVFE0WkRRdE9XTmtZaTFqWTJRME9EQTNZVEV6TkRFaUxDSnpkV0lpT2lKbExXTnZiVzFsY21ObElpd2laR0YwWVhNaU9pSTNOMlE1WVRSaE5ESmxNV0kyTWpVMU1HUTBZekU1TXpNNFltUm1NMlZtTXlJc0ltVjRjQ0k2TVRVek5EZzRPVGt5Tm4wLlg4Z3ZEdDlNNVhMTFJOYi1tbDB1a081eFM4X2dZQk9yVHZaenNEVi0wLWVQQktPdVl4ZnlyUktqY3J5Z25NQ3VFLUZuc3ZLM0RWMExpM2VBV1ZoOXFGSFdSVnd2Y1ZDNE1sLWc4a2JaYnc1RkRBbFRUbzZqU0tUYVJvRGhhM1dkVDBld0tkSll0VGt3WUJtQUZDRlA3RXcxeWYwNlRtYnM4V09DQUtmd2VpNCIsIm9yZ0lkIjoiIn0=' }
[2018-08-21T21:58:44.401] [INFO] httpclires - [login][POST][200]: { code: 200,
  msg: null,
  data: 'eyJhcHBLZXkiOiI1ZTYwYjdhNi1kZGQ5LTRhOTctYThhMy1hMzE3OGJkYjYwMDQiLCJhdXRoSW5mbyI6ImV5SmhiR2NpT2lKUVV6STFOaUo5LmV5SmhZMk5sYzNOZmRHOXJaVzRpT2lKbFpqUTFZMkUwTlMxbE56VTVMVFE1TURRdFlUTXdZaTB4WVRCa05qRXlNMk15TXpnaUxDSnpkV0lpT2lKbExXTnZiVzFsY21ObElpd2laR0YwWVhNaU9pSTNOMlE1WVRSaE5ESmxNV0kyTWpVMU1HUTBZekU1TXpNNFltUm1NMlZtTXlJc0ltVjRjQ0k2TVRVek5EZzRPVGt5Tm4wLmViOVhEV0pGVjladGZnRnVfZnFUN2lFZE9nWUJham03WmIteTg0MUlFVHpXaGN6WnEwN2VJQl9TcUMtajhEeWdZSG5VRC1zbXU3WUVNbGJjOWkwMm9Lc2l6Q0JncUVpcXJkUHphRTNUWlYtTTE3RUlEb0VCUGpoQkhWOGlWSWhMcG5wb1NWbXFES1p4YTdyT29lcEoxYl9GbkI1NzVjVHgzZXV4TUVqb2JmUSIsIm9yZ0lkIjoiIn0=' }
[2018-08-21T21:58:44.904] [INFO] httpclires - [login][POST][200]: { code: 200,
  msg: null,
  data: 'eyJhcHBLZXkiOiI1ZTYwYjdhNi1kZGQ5LTRhOTctYThhMy1hMzE3OGJkYjYwMDQiLCJhdXRoSW5mbyI6ImV5SmhiR2NpT2lKUVV6STFOaUo5LmV5SmhZMk5sYzNOZmRHOXJaVzRpT2lKbFpEZzROVFV4TmkweVpXWXlMVFF6WXpFdFlqUTVPQzAxTmpBellUQTBZVFF6TnpjaUxDSnpkV0lpT2lKbExXTnZiVzFsY21ObElpd2laR0YwWVhNaU9pSTNOMlE1WVRSaE5ESmxNV0kyTWpVMU1HUTBZekU1TXpNNFltUm1NMlZtTXlJc0ltVjRjQ0k2TVRVek5EZzRPVGt5TjMwLklnOWt0eTdaNk9uM2M3OTRZS0g1UWR0WmUxc1I0WWx6T3dEOU1nM0habEw0WkJtRnJXMzdhZ01iTmVwYXpqbnU2ZnFjZG1VVER2STdadlIzX1gzMHZNY1gyc0xRSm45eUJCaUdaazlQd3Bub1hiWEJOaGo3T3hWdEVzVDBudVdjLUFaRlJlS1N2M3dtTWozOE1VcXBSVE1ZZWZLV2h4S0dvdWgwWmVjWk1qZyIsIm9yZ0lkIjoiIn0=' }
[2018-08-21T21:58:45.546] [INFO] httpclires - [StockRequest/GetStockRequestsList?token=eyJhcHBLZXkiOiI1ZTYwYjdhNi1kZGQ5LTRhOTctYThhMy1hMzE3OGJkYjYwMDQiLCJhdXRoSW5mbyI6ImV5SmhiR2NpT2lKUVV6STFOaUo5LmV5SmhZMk5sYzNOZmRHOXJaVzRpT2lKa1pUWXdZVFUwTWkweE1XTTVMVFEyTkRNdFlqWm1OaTB5TVdZeE1tWmtOemxpTjJJaUxDSnpkV0lpT2lKbExXTnZiVzFsY21ObElpd2laR0YwWVhNaU9pSTNOMlE1WVRSaE5ESmxNV0kyTWpVMU1HUTBZekU1TXpNNFltUm1NMlZtTXlJc0ltVjRjQ0k2TVRVek5EZzRPVGt5TlgwLlI1VkRWdWFaQndFVVY1Z3pJV0R0RzFBM1MzUEgxTTNmMVN6N1NwNWVGdmN1S1M4NURXOUUzd1JEU1FmTzZtQjFZTEFRMnk5dEl2ZlJLbmJOQUFVRDhrQ3hra3hQQmdjajhhcnNFRi05b0ViY2ZIUEYxRGhId2phYUZzQUZNcVMzT3JhVl82QW1RTTQ0RzRqdUhyeUdEZmFIQkpfQjg0Q2ZodVJUbWxOc3VGUSIsIm9yZ0lkIjoiIn0=][POST][200]: { code: 200,
  msg: null,
  data: 
   { IsWorkFlow: false,
     TotalInventoryCount: '22',
     TotalVoucherCount: '38',
     StockRequestList: [] } }
[2018-08-21T21:58:46.248] [INFO] httpclires - [StockRequest/Find?token=eyJhcHBLZXkiOiI1ZTYwYjdhNi1kZGQ5LTRhOTctYThhMy1hMzE3OGJkYjYwMDQiLCJhdXRoSW5mbyI6ImV5SmhiR2NpT2lKUVV6STFOaUo5LmV5SmhZMk5sYzNOZmRHOXJaVzRpT2lKaU9UVXpZVE16WkMwME1EZGxMVFE0WkRRdE9XTmtZaTFqWTJRME9EQTNZVEV6TkRFaUxDSnpkV0lpT2lKbExXTnZiVzFsY21ObElpd2laR0YwWVhNaU9pSTNOMlE1WVRSaE5ESmxNV0kyTWpVMU1HUTBZekU1TXpNNFltUm1NMlZtTXlJc0ltVjRjQ0k2TVRVek5EZzRPVGt5Tm4wLlg4Z3ZEdDlNNVhMTFJOYi1tbDB1a081eFM4X2dZQk9yVHZaenNEVi0wLWVQQktPdVl4ZnlyUktqY3J5Z25NQ3VFLUZuc3ZLM0RWMExpM2VBV1ZoOXFGSFdSVnd2Y1ZDNE1sLWc4a2JaYnc1RkRBbFRUbzZqU0tUYVJvRGhhM1dkVDBld0tkSll0VGt3WUJtQUZDRlA3RXcxeWYwNlRtYnM4V09DQUtmd2VpNCIsIm9yZ0lkIjoiIn0=][POST][200]: { code: 200,
  msg: null,
  data: 
   { ID: null,
     Code: '',
     ExternalCode: '',
     IsWorkFlow: false,
     Idperson: null,
     Person: { ID: null, Code: null, Name: null, Mobilephone: null },
     Idstore: null,
     Store: 
      { ID: null,
        Code: null,
        Name: null,
        Contact: null,
        TelePhone: null,
        ArrivalAddress: null,
        Warehouse: null },
     Contact: '',
     TelePhone: '',
     ArrivalAddress: '',
     IdbusiType: null,
     BusiType: { ID: null, Code: null, Name: null },
     RequirementDate: null,
     Iddepartment: '',
     Department: { ID: null, Code: null, Name: null },
     IdWarehouse: null,
     Warehouse: { ID: null, Code: null, Name: null },
     IdOutWarehouse: null,
     OutWarehouse: { ID: null, Code: null, Name: null },
     Status: 0,
     IsAllReturn: false,
     StockRequestType: 0,
     StockRequestDetailList: [],
     VoucherState: null,
     Memo: '',
     VoucherDate: '0001-01-01',
     Idproject: null,
     Project: { ID: null, Code: null, Name: null },
     Maker: '',
     DataSource: null,
     IsAutoCreateTran: false,
     DateOfweek: '',
     IsEdit: false,
     IsAbandoned: false,
     IsAudit: false,
     IsDelete: false,
     nextnodeid: false,
     TotalInventoryCount: null,
     TotalInventoryQuantity: null,
     FieldNoEdit: null,
     CustomItems: [],
     Ts: '' } }
[2018-08-21T21:58:46.697] [INFO] httpclires - [StockRequest/GetStockRequest_InWarehouse?token=eyJhcHBLZXkiOiI1ZTYwYjdhNi1kZGQ5LTRhOTctYThhMy1hMzE3OGJkYjYwMDQiLCJhdXRoSW5mbyI6ImV5SmhiR2NpT2lKUVV6STFOaUo5LmV5SmhZMk5sYzNOZmRHOXJaVzRpT2lKbFpqUTFZMkUwTlMxbE56VTVMVFE1TURRdFlUTXdZaTB4WVRCa05qRXlNMk15TXpnaUxDSnpkV0lpT2lKbExXTnZiVzFsY21ObElpd2laR0YwWVhNaU9pSTNOMlE1WVRSaE5ESmxNV0kyTWpVMU1HUTBZekU1TXpNNFltUm1NMlZtTXlJc0ltVjRjQ0k2TVRVek5EZzRPVGt5Tm4wLmViOVhEV0pGVjladGZnRnVfZnFUN2lFZE9nWUJham03WmIteTg0MUlFVHpXaGN6WnEwN2VJQl9TcUMtajhEeWdZSG5VRC1zbXU3WUVNbGJjOWkwMm9Lc2l6Q0JncUVpcXJkUHphRTNUWlYtTTE3RUlEb0VCUGpoQkhWOGlWSWhMcG5wb1NWbXFES1p4YTdyT29lcEoxYl9GbkI1NzVjVHgzZXV4TUVqb2JmUSIsIm9yZ0lkIjoiIn0=][POST][200]: { code: 200,
  msg: null,
  data: { IsNextPage: false, WarehouseList: [ [Object], [Object] ] } }
[2018-08-21T21:58:47.123] [INFO] httpclires - [StockRequest/GetStockRequest_OutWarehouse?token=eyJhcHBLZXkiOiI1ZTYwYjdhNi1kZGQ5LTRhOTctYThhMy1hMzE3OGJkYjYwMDQiLCJhdXRoSW5mbyI6ImV5SmhiR2NpT2lKUVV6STFOaUo5LmV5SmhZMk5sYzNOZmRHOXJaVzRpT2lKbFpEZzROVFV4TmkweVpXWXlMVFF6WXpFdFlqUTVPQzAxTmpBellUQTBZVFF6TnpjaUxDSnpkV0lpT2lKbExXTnZiVzFsY21ObElpd2laR0YwWVhNaU9pSTNOMlE1WVRSaE5ESmxNV0kyTWpVMU1HUTBZekU1TXpNNFltUm1NMlZtTXlJc0ltVjRjQ0k2TVRVek5EZzRPVGt5TjMwLklnOWt0eTdaNk9uM2M3OTRZS0g1UWR0WmUxc1I0WWx6T3dEOU1nM0habEw0WkJtRnJXMzdhZ01iTmVwYXpqbnU2ZnFjZG1VVER2STdadlIzX1gzMHZNY1gyc0xRSm45eUJCaUdaazlQd3Bub1hiWEJOaGo3T3hWdEVzVDBudVdjLUFaRlJlS1N2M3dtTWozOE1VcXBSVE1ZZWZLV2h4S0dvdWgwWmVjWk1qZyIsIm9yZ0lkIjoiIn0=][POST][200]: { code: 200,
  msg: null,
  data: { IsNextPage: false, WarehouseList: [ [Object], [Object] ] } }
[2018-08-21T22:00:47.410] [INFO] httpclires - [login][POST][200]: { code: 200,
  msg: null,
  data: 'eyJhcHBLZXkiOiI1ZTYwYjdhNi1kZGQ5LTRhOTctYThhMy1hMzE3OGJkYjYwMDQiLCJhdXRoSW5mbyI6ImV5SmhiR2NpT2lKUVV6STFOaUo5LmV5SmhZMk5sYzNOZmRHOXJaVzRpT2lKbU5EQTROekZpTkMxaU1tRmtMVFE0T1RNdE9XSmtaaTB6TXpBMVlXUTFNR1JsTkRVaUxDSnpkV0lpT2lKbExXTnZiVzFsY21ObElpd2laR0YwWVhNaU9pSTNOMlE1WVRSaE5ESmxNV0kyTWpVMU1HUTBZekU1TXpNNFltUm1NMlZtTXlJc0ltVjRjQ0k2TVRVek5EZzVNREEwT1gwLlNXXzFRbjRpUWlrN2EtR3pVZm1JSkEwcHZFSUpQTlU4ZXo4UUNsb1BOY1hLOW9BNjJuUzhrcVZ3S1Fhd2wtTEJUekRCV3NpYktMN0w5U1pZeXZ2NEdNQmtJWkl6VURfbFd3TFk0T25XUWNUUDdOZ0JfYjlQZkxLWlk2MkZNWWRkWnV0SmRERi1EX3p0eWYzV0NsRldVSEIwdWNxQV9qa0UwRy1Vb0xJTjVwUSIsIm9yZ0lkIjoiIn0=' }
[2018-08-21T22:00:50.229] [INFO] httpclires - [login][POST][200]: { code: 200,
  msg: null,
  data: 'eyJhcHBLZXkiOiI1ZTYwYjdhNi1kZGQ5LTRhOTctYThhMy1hMzE3OGJkYjYwMDQiLCJhdXRoSW5mbyI6ImV5SmhiR2NpT2lKUVV6STFOaUo5LmV5SmhZMk5sYzNOZmRHOXJaVzRpT2lKbFpXSTBaVFpqTUMwM1pqQXlMVFJrTlRJdE9EWmtOUzAxT1dRNVpqWTBNVE5tT0RVaUxDSnpkV0lpT2lKbExXTnZiVzFsY21ObElpd2laR0YwWVhNaU9pSTNOMlE1WVRSaE5ESmxNV0kyTWpVMU1HUTBZekU1TXpNNFltUm1NMlZtTXlJc0ltVjRjQ0k2TVRVek5EZzVNREExTW4wLmhtSEVuNXpzUjdtcDlwelRXMy1tUzlGd05KU2NQOVZwcEdCMWwyTzdWSFJfcmtyRDh2MGktSENHd19KMmlOWHRsSGxvS00wbldoV0pDV19QdThhQ0FnQmFHaWhkUVFHTkw0UmQyOUQ2dC1tTy1LZzdUakdKLU1qWm90ck9hb1YzSl9yQmhwWVZXNXNLSHRsTTJkdEFwVEZ5NDhGM1dHVXNKMUlPUk5Cd2Q5OCIsIm9yZ0lkIjoiIn0=' }
[2018-08-21T22:00:50.770] [INFO] httpclires - [login][POST][200]: { code: 200,
  msg: null,
  data: 'eyJhcHBLZXkiOiI1ZTYwYjdhNi1kZGQ5LTRhOTctYThhMy1hMzE3OGJkYjYwMDQiLCJhdXRoSW5mbyI6ImV5SmhiR2NpT2lKUVV6STFOaUo5LmV5SmhZMk5sYzNOZmRHOXJaVzRpT2lJMFlUazJObUk1TlMwMFptSmlMVFE1TVRBdFlqSTFZaTAwTURjNVpUSTVOalptTW1FaUxDSnpkV0lpT2lKbExXTnZiVzFsY21ObElpd2laR0YwWVhNaU9pSTNOMlE1WVRSaE5ESmxNV0kyTWpVMU1HUTBZekU1TXpNNFltUm1NMlZtTXlJc0ltVjRjQ0k2TVRVek5EZzVNREExTTMwLmNpX2Ntck1DM01NOTVKTjZZV0l5azAzLXExOUh0MzgwY2x4QTIzekRGb21EdjM0bE5QRHVlRElWRENETC1vcDNrYUZQN0pVcEtuS2RqX01uRkdPRkxBOGU4Nkc4TmJCbktGU3Z6ZTJkTWY5eU5TdkxTbWtUdlFlU3kyeGtBT3RzZkhyMmQ4dUNldldZVGptazlocWFVLXZSbEt5aHI1SnNITU54d1BTMmNoUSIsIm9yZ0lkIjoiIn0=' }
[2018-08-21T22:00:51.221] [INFO] httpclires - [login][POST][200]: { code: 200,
  msg: null,
  data: 'eyJhcHBLZXkiOiI1ZTYwYjdhNi1kZGQ5LTRhOTctYThhMy1hMzE3OGJkYjYwMDQiLCJhdXRoSW5mbyI6ImV5SmhiR2NpT2lKUVV6STFOaUo5LmV5SmhZMk5sYzNOZmRHOXJaVzRpT2lJd1ptTXhZVEUzWmkwd016Y3hMVFJtWldZdFlqaGlNUzB5WmpjNFlqQTVNVGRoWVdNaUxDSnpkV0lpT2lKbExXTnZiVzFsY21ObElpd2laR0YwWVhNaU9pSTNOMlE1WVRSaE5ESmxNV0kyTWpVMU1HUTBZekU1TXpNNFltUm1NMlZtTXlJc0ltVjRjQ0k2TVRVek5EZzVNREExTTMwLloyLWJfczJMRTNPUGk0WWJOR1AwNHkzQklOanF2Rk9sN2g1ZkFXb21PdVEzcTN3bVQxNE5SUmtYWGZJVHB5V2hkT2tUbVdGRGltVzBZTHpwVWl5V0FKVHdBMExXdXk2b045LUhKVEJMM2UzdHVTM0VmT0JfaEFqdlQyM3JCLXd4bFRtc2RYa0tnVXZ0M20wZlQ1VHA5d3pZdTVqdVVjXy1vbWJMcFRHMGhEayIsIm9yZ0lkIjoiIn0=' }
[2018-08-21T22:00:52.012] [INFO] httpclires - [login][POST][200]: { code: 200,
  msg: null,
  data: 'eyJhcHBLZXkiOiI1ZTYwYjdhNi1kZGQ5LTRhOTctYThhMy1hMzE3OGJkYjYwMDQiLCJhdXRoSW5mbyI6ImV5SmhiR2NpT2lKUVV6STFOaUo5LmV5SmhZMk5sYzNOZmRHOXJaVzRpT2lKaFltTXpPVE5pWkMwek5EaGpMVFF3WkRVdE9UUTRPQzFrT0RGbVpUUTVPR1kyTldVaUxDSnpkV0lpT2lKbExXTnZiVzFsY21ObElpd2laR0YwWVhNaU9pSTNOMlE1WVRSaE5ESmxNV0kyTWpVMU1HUTBZekU1TXpNNFltUm1NMlZtTXlJc0ltVjRjQ0k2TVRVek5EZzVNREExTkgwLm1BZldlYWRCR2ZJMzVwVWt4RXB4aHd5RHFVZGxzc291MllFNC14SlRsR1lETXNnTW1nLXVWZS1nOWIwTmFMZFdiYVc4Vy00OFZjbzMycUlPbC1FR3BqSG9tSUdMNHRXeVpIdk1YMVNqV3JlRS1YNUFQR1lsazYyNHlMc25tSUhqN2s0dmdNT09SdUVXRk9RSjNMR0FvSjFlOW9hNTlmaUl4UnBCVUh0Y3ljNCIsIm9yZ0lkIjoiIn0=' }
[2018-08-21T22:00:52.506] [INFO] httpclires - [StockRequest/Find?token=eyJhcHBLZXkiOiI1ZTYwYjdhNi1kZGQ5LTRhOTctYThhMy1hMzE3OGJkYjYwMDQiLCJhdXRoSW5mbyI6ImV5SmhiR2NpT2lKUVV6STFOaUo5LmV5SmhZMk5sYzNOZmRHOXJaVzRpT2lKbFpXSTBaVFpqTUMwM1pqQXlMVFJrTlRJdE9EWmtOUzAxT1dRNVpqWTBNVE5tT0RVaUxDSnpkV0lpT2lKbExXTnZiVzFsY21ObElpd2laR0YwWVhNaU9pSTNOMlE1WVRSaE5ESmxNV0kyTWpVMU1HUTBZekU1TXpNNFltUm1NMlZtTXlJc0ltVjRjQ0k2TVRVek5EZzVNREExTW4wLmhtSEVuNXpzUjdtcDlwelRXMy1tUzlGd05KU2NQOVZwcEdCMWwyTzdWSFJfcmtyRDh2MGktSENHd19KMmlOWHRsSGxvS00wbldoV0pDV19QdThhQ0FnQmFHaWhkUVFHTkw0UmQyOUQ2dC1tTy1LZzdUakdKLU1qWm90ck9hb1YzSl9yQmhwWVZXNXNLSHRsTTJkdEFwVEZ5NDhGM1dHVXNKMUlPUk5Cd2Q5OCIsIm9yZ0lkIjoiIn0=][POST][200]: { code: 200,
  msg: null,
  data: 
   { ID: null,
     Code: '',
     ExternalCode: '',
     IsWorkFlow: false,
     Idperson: null,
     Person: { ID: null, Code: null, Name: null, Mobilephone: null },
     Idstore: null,
     Store: 
      { ID: null,
        Code: null,
        Name: null,
        Contact: null,
        TelePhone: null,
        ArrivalAddress: null,
        Warehouse: null },
     Contact: '',
     TelePhone: '',
     ArrivalAddress: '',
     IdbusiType: null,
     BusiType: { ID: null, Code: null, Name: null },
     RequirementDate: null,
     Iddepartment: '',
     Department: { ID: null, Code: null, Name: null },
     IdWarehouse: null,
     Warehouse: { ID: null, Code: null, Name: null },
     IdOutWarehouse: null,
     OutWarehouse: { ID: null, Code: null, Name: null },
     Status: 0,
     IsAllReturn: false,
     StockRequestType: 0,
     StockRequestDetailList: [],
     VoucherState: null,
     Memo: '',
     VoucherDate: '0001-01-01',
     Idproject: null,
     Project: { ID: null, Code: null, Name: null },
     Maker: '',
     DataSource: null,
     IsAutoCreateTran: false,
     DateOfweek: '',
     IsEdit: false,
     IsAbandoned: false,
     IsAudit: false,
     IsDelete: false,
     nextnodeid: false,
     TotalInventoryCount: null,
     TotalInventoryQuantity: null,
     FieldNoEdit: null,
     CustomItems: [],
     Ts: '' } }
[2018-08-21T22:00:52.930] [INFO] httpclires - [StockRequest/GetStockRequest_OutWarehouse?token=eyJhcHBLZXkiOiI1ZTYwYjdhNi1kZGQ5LTRhOTctYThhMy1hMzE3OGJkYjYwMDQiLCJhdXRoSW5mbyI6ImV5SmhiR2NpT2lKUVV6STFOaUo5LmV5SmhZMk5sYzNOZmRHOXJaVzRpT2lJMFlUazJObUk1TlMwMFptSmlMVFE1TVRBdFlqSTFZaTAwTURjNVpUSTVOalptTW1FaUxDSnpkV0lpT2lKbExXTnZiVzFsY21ObElpd2laR0YwWVhNaU9pSTNOMlE1WVRSaE5ESmxNV0kyTWpVMU1HUTBZekU1TXpNNFltUm1NMlZtTXlJc0ltVjRjQ0k2TVRVek5EZzVNREExTTMwLmNpX2Ntck1DM01NOTVKTjZZV0l5azAzLXExOUh0MzgwY2x4QTIzekRGb21EdjM0bE5QRHVlRElWRENETC1vcDNrYUZQN0pVcEtuS2RqX01uRkdPRkxBOGU4Nkc4TmJCbktGU3Z6ZTJkTWY5eU5TdkxTbWtUdlFlU3kyeGtBT3RzZkhyMmQ4dUNldldZVGptazlocWFVLXZSbEt5aHI1SnNITU54d1BTMmNoUSIsIm9yZ0lkIjoiIn0=][POST][200]: { code: 200,
  msg: null,
  data: { IsNextPage: false, WarehouseList: [ [Object], [Object] ] } }
[2018-08-21T22:00:53.581] [INFO] httpclires - [StockRequest/GetStockRequest_InWarehouse?token=eyJhcHBLZXkiOiI1ZTYwYjdhNi1kZGQ5LTRhOTctYThhMy1hMzE3OGJkYjYwMDQiLCJhdXRoSW5mbyI6ImV5SmhiR2NpT2lKUVV6STFOaUo5LmV5SmhZMk5sYzNOZmRHOXJaVzRpT2lJd1ptTXhZVEUzWmkwd016Y3hMVFJtWldZdFlqaGlNUzB5WmpjNFlqQTVNVGRoWVdNaUxDSnpkV0lpT2lKbExXTnZiVzFsY21ObElpd2laR0YwWVhNaU9pSTNOMlE1WVRSaE5ESmxNV0kyTWpVMU1HUTBZekU1TXpNNFltUm1NMlZtTXlJc0ltVjRjQ0k2TVRVek5EZzVNREExTTMwLloyLWJfczJMRTNPUGk0WWJOR1AwNHkzQklOanF2Rk9sN2g1ZkFXb21PdVEzcTN3bVQxNE5SUmtYWGZJVHB5V2hkT2tUbVdGRGltVzBZTHpwVWl5V0FKVHdBMExXdXk2b045LUhKVEJMM2UzdHVTM0VmT0JfaEFqdlQyM3JCLXd4bFRtc2RYa0tnVXZ0M20wZlQ1VHA5d3pZdTVqdVVjXy1vbWJMcFRHMGhEayIsIm9yZ0lkIjoiIn0=][POST][200]: { code: 200,
  msg: null,
  data: { IsNextPage: false, WarehouseList: [ [Object], [Object] ] } }
[2018-08-21T22:00:54.034] [INFO] httpclires - [StockRequest/GetStockRequestsList?token=eyJhcHBLZXkiOiI1ZTYwYjdhNi1kZGQ5LTRhOTctYThhMy1hMzE3OGJkYjYwMDQiLCJhdXRoSW5mbyI6ImV5SmhiR2NpT2lKUVV6STFOaUo5LmV5SmhZMk5sYzNOZmRHOXJaVzRpT2lKaFltTXpPVE5pWkMwek5EaGpMVFF3WkRVdE9UUTRPQzFrT0RGbVpUUTVPR1kyTldVaUxDSnpkV0lpT2lKbExXTnZiVzFsY21ObElpd2laR0YwWVhNaU9pSTNOMlE1WVRSaE5ESmxNV0kyTWpVMU1HUTBZekU1TXpNNFltUm1NMlZtTXlJc0ltVjRjQ0k2TVRVek5EZzVNREExTkgwLm1BZldlYWRCR2ZJMzVwVWt4RXB4aHd5RHFVZGxzc291MllFNC14SlRsR1lETXNnTW1nLXVWZS1nOWIwTmFMZFdiYVc4Vy00OFZjbzMycUlPbC1FR3BqSG9tSUdMNHRXeVpIdk1YMVNqV3JlRS1YNUFQR1lsazYyNHlMc25tSUhqN2s0dmdNT09SdUVXRk9RSjNMR0FvSjFlOW9hNTlmaUl4UnBCVUh0Y3ljNCIsIm9yZ0lkIjoiIn0=][POST][200]: { code: 200,
  msg: null,
  data: 
   { IsWorkFlow: false,
     TotalInventoryCount: '22',
     TotalVoucherCount: '38',
     StockRequestList: [] } }
