[2018-09-05T22:27:01.479] [INFO] httpclires - [login][POST][200]: { code: 200,
  msg: null,
  data: 'eyJhcHBLZXkiOiI1ZTYwYjdhNi1kZGQ5LTRhOTctYThhMy1hMzE3OGJkYjYwMDQiLCJhdXRoSW5mbyI6ImV5SmhiR2NpT2lKUVV6STFOaUo5LmV5SmhZMk5sYzNOZmRHOXJaVzRpT2lKaU5EUm1ZVFE1WlMweE1qZ3pMVFEzTnpNdFltTTJNaTFoT1daaU1UZzVNbVl4WVdFaUxDSnpkV0lpT2lKbExXTnZiVzFsY21ObElpd2laR0YwWVhNaU9pSTNOMlE1WVRSaE5ESmxNV0kyTWpVMU1HUTBZekU1TXpNNFltUm1NMlZtTXlJc0ltVjRjQ0k2TVRVek5qRTROelkwTUgwLkp0NFdTZGI0M0ZfWFhLQ1B2czhOS3FMRzBzQTlTanhBLUNnMlE0a3FEODE4MHRsUGRQTXBEUTM4MVFLWFZob19uMUxGRElEcmdSbnZ5bU5WMXF2UDZNUEF5OFQ4V1BqUVRET2JrelVyM21aRVdveHZEcDAyNnE3dVFSOTFfalQ0QWlPaUUzSVo2QkpieXotV3Q5YTlKNUsxUVM2eEVrdHlja2Z1cEMwOHZzYyIsIm9yZ0lkIjoiIn0=' }
[2018-09-05T22:27:09.310] [INFO] httpclires - [login][POST][200]: { code: 200,
  msg: null,
  data: 'eyJhcHBLZXkiOiI1ZTYwYjdhNi1kZGQ5LTRhOTctYThhMy1hMzE3OGJkYjYwMDQiLCJhdXRoSW5mbyI6ImV5SmhiR2NpT2lKUVV6STFOaUo5LmV5SmhZMk5sYzNOZmRHOXJaVzRpT2lJNE1EVmxNelJpT1Mxa04yRXpMVFEzTm1VdFltTTJPUzB4WkRFMU5tTXpPV0V3WldNaUxDSnpkV0lpT2lKbExXTnZiVzFsY21ObElpd2laR0YwWVhNaU9pSTNOMlE1WVRSaE5ESmxNV0kyTWpVMU1HUTBZekU1TXpNNFltUm1NMlZtTXlJc0ltVjRjQ0k2TVRVek5qRTROelkwT0gwLmtNcm9vVFdWNW9aU2hkUy1xU29Ndmt5TlJIV1FOZ0VVUHVNQnFXX1I2eko5cU9tTi1TRHZWQk9hcUJPSFZORkM2d3BwcVcxU0JFRkVyX2MxM2U4akx1WFZsQWZxUnJmbHJEOVRPM2tyMUFGOVdnck54dlVxM1RBLU5OOVBzcV9oSVNoVzlUanRXLXh3UkEtLWdMbWt5NmJTT3lpb2haZHJhQW9JY0pWSjVpWSIsIm9yZ0lkIjoiIn0=' }
[2018-09-05T22:27:09.946] [INFO] httpclires - [login][POST][200]: { code: 200,
  msg: null,
  data: 'eyJhcHBLZXkiOiI1ZTYwYjdhNi1kZGQ5LTRhOTctYThhMy1hMzE3OGJkYjYwMDQiLCJhdXRoSW5mbyI6ImV5SmhiR2NpT2lKUVV6STFOaUo5LmV5SmhZMk5sYzNOZmRHOXJaVzRpT2lJM01XSTRaVEUxTlMwM016ZzJMVFEwTURBdFltRmpPQzB4WVdGa01tVXpaV0psWm1NaUxDSnpkV0lpT2lKbExXTnZiVzFsY21ObElpd2laR0YwWVhNaU9pSTNOMlE1WVRSaE5ESmxNV0kyTWpVMU1HUTBZekU1TXpNNFltUm1NMlZtTXlJc0ltVjRjQ0k2TVRVek5qRTROelkwT1gwLk95WU1CUVRPWWUwYVF1NFVTR1dSaTNCQWctODlXeHRxR0hQYUdCcWl4dzJxU21YRnVlUFdadWxtNmcza3RXUXEzeDVBc0dhaHNlb203WnhYcHlUQ2tnZGNtbVJvaEZZUUNraWhwMnNPeVptWndRbDNfN1JhUGRBVFFGYi05NVpvajlvUl9EN2VmWFZlVFZVblJyS2w2dHNVNlJrZUxkSjFOUEhjZVZ1UmtoWSIsIm9yZ0lkIjoiIn0=' }
[2018-09-05T22:27:10.433] [INFO] httpclires - [login][POST][200]: { code: 200,
  msg: null,
  data: 'eyJhcHBLZXkiOiI1ZTYwYjdhNi1kZGQ5LTRhOTctYThhMy1hMzE3OGJkYjYwMDQiLCJhdXRoSW5mbyI6ImV5SmhiR2NpT2lKUVV6STFOaUo5LmV5SmhZMk5sYzNOZmRHOXJaVzRpT2lKa1kyRmlaVFV4T1Mwd05qRmxMVFF6TmpNdFlUUTRNUzB6WkRjMk5EVTRNVE5qWkRnaUxDSnpkV0lpT2lKbExXTnZiVzFsY21ObElpd2laR0YwWVhNaU9pSTNOMlE1WVRSaE5ESmxNV0kyTWpVMU1HUTBZekU1TXpNNFltUm1NMlZtTXlJc0ltVjRjQ0k2TVRVek5qRTROelkwT1gwLkFiSXV0Q2ZEd0t2a256dUxRNndBdHU1MDB3LVNLSUVoaFFsbVJESGVDU0pxQTdqUTZQV0d2emd4MUdPOW80U2E4LUpGVXR5T011YzRrLXZuNmNiNkt3VFk5Z2Y1OHBncVY5aGUtOEtRNDBidXJYUy1GNUNhR2x6dmJzZzFGWXllc1FWaHVObHMwQVA2MkY2NGpjOGVIeDVDRi05aTNYQVd5bkVueEE5WlFscyIsIm9yZ0lkIjoiIn0=' }
[2018-09-05T22:27:10.855] [INFO] httpclires - [Project/Query?token=eyJhcHBLZXkiOiI1ZTYwYjdhNi1kZGQ5LTRhOTctYThhMy1hMzE3OGJkYjYwMDQiLCJhdXRoSW5mbyI6ImV5SmhiR2NpT2lKUVV6STFOaUo5LmV5SmhZMk5sYzNOZmRHOXJaVzRpT2lJNE1EVmxNelJpT1Mxa04yRXpMVFEzTm1VdFltTTJPUzB4WkRFMU5tTXpPV0V3WldNaUxDSnpkV0lpT2lKbExXTnZiVzFsY21ObElpd2laR0YwWVhNaU9pSTNOMlE1WVRSaE5ESmxNV0kyTWpVMU1HUTBZekU1TXpNNFltUm1NMlZtTXlJc0ltVjRjQ0k2TVRVek5qRTROelkwT0gwLmtNcm9vVFdWNW9aU2hkUy1xU29Ndmt5TlJIV1FOZ0VVUHVNQnFXX1I2eko5cU9tTi1TRHZWQk9hcUJPSFZORkM2d3BwcVcxU0JFRkVyX2MxM2U4akx1WFZsQWZxUnJmbHJEOVRPM2tyMUFGOVdnck54dlVxM1RBLU5OOVBzcV9oSVNoVzlUanRXLXh3UkEtLWdMbWt5NmJTT3lpb2haZHJhQW9JY0pWSjVpWSIsIm9yZ0lkIjoiIn0=][POST][200]: { code: 200,
  msg: null,
  data: 
   [ { ID: 1,
       Name: '和包支付',
       Code: 'FL01',
       Disabled: false,
       CreatedTime: '/Date(-62135596800000)/',
       SequenceNumber: 0,
       Idclass: null,
       ProjectClass: null,
       class: null,
       IdMarketingOrgan: null,
       MarketingOrgan: null,
       WeakTypeDtoName: null,
       DtoClassName: 'Ufida.T.AA.DTO.ProjectDTO',
       IsWeakType: false,
       AliName: 'ProjectDTO',
       Status: 0,
       EnableHasChanged: false,
       ChangedProperty: [],
       DynamicPropertyKeys: [],
       DynamicPropertyValues: [],
       DeleteID: 1,
       Updated: '/Date(1536157650187)/',
       UpdatedBy: null,
       InnerSearchLevel: 0,
       RecordChange: true,
       InnerPropInParentRecure: null,
       Ts: null,
       CaseSensitive: false,
       RecordDynamicNullValue: false,
       data: null } ] }
[2018-09-05T22:27:11.355] [INFO] httpclires - [person/Query?token=eyJhcHBLZXkiOiI1ZTYwYjdhNi1kZGQ5LTRhOTctYThhMy1hMzE3OGJkYjYwMDQiLCJhdXRoSW5mbyI6ImV5SmhiR2NpT2lKUVV6STFOaUo5LmV5SmhZMk5sYzNOZmRHOXJaVzRpT2lJM01XSTRaVEUxTlMwM016ZzJMVFEwTURBdFltRmpPQzB4WVdGa01tVXpaV0psWm1NaUxDSnpkV0lpT2lKbExXTnZiVzFsY21ObElpd2laR0YwWVhNaU9pSTNOMlE1WVRSaE5ESmxNV0kyTWpVMU1HUTBZekU1TXpNNFltUm1NMlZtTXlJc0ltVjRjQ0k2TVRVek5qRTROelkwT1gwLk95WU1CUVRPWWUwYVF1NFVTR1dSaTNCQWctODlXeHRxR0hQYUdCcWl4dzJxU21YRnVlUFdadWxtNmcza3RXUXEzeDVBc0dhaHNlb203WnhYcHlUQ2tnZGNtbVJvaEZZUUNraWhwMnNPeVptWndRbDNfN1JhUGRBVFFGYi05NVpvajlvUl9EN2VmWFZlVFZVblJyS2w2dHNVNlJrZUxkSjFOUEhjZVZ1UmtoWSIsIm9yZ0lkIjoiIn0=][POST][200]: { code: 200, msg: null, data: [] }
[2018-09-05T22:27:11.822] [INFO] httpclires - [warehouse/Query?token=eyJhcHBLZXkiOiI1ZTYwYjdhNi1kZGQ5LTRhOTctYThhMy1hMzE3OGJkYjYwMDQiLCJhdXRoSW5mbyI6ImV5SmhiR2NpT2lKUVV6STFOaUo5LmV5SmhZMk5sYzNOZmRHOXJaVzRpT2lKa1kyRmlaVFV4T1Mwd05qRmxMVFF6TmpNdFlUUTRNUzB6WkRjMk5EVTRNVE5qWkRnaUxDSnpkV0lpT2lKbExXTnZiVzFsY21ObElpd2laR0YwWVhNaU9pSTNOMlE1WVRSaE5ESmxNV0kyTWpVMU1HUTBZekU1TXpNNFltUm1NMlZtTXlJc0ltVjRjQ0k2TVRVek5qRTROelkwT1gwLkFiSXV0Q2ZEd0t2a256dUxRNndBdHU1MDB3LVNLSUVoaFFsbVJESGVDU0pxQTdqUTZQV0d2emd4MUdPOW80U2E4LUpGVXR5T011YzRrLXZuNmNiNkt3VFk5Z2Y1OHBncVY5aGUtOEtRNDBidXJYUy1GNUNhR2x6dmJzZzFGWXllc1FWaHVObHMwQVA2MkY2NGpjOGVIeDVDRi05aTNYQVd5bkVueEE5WlFscyIsIm9yZ0lkIjoiIn0=][POST][200]: { code: 200,
  msg: null,
  data: 
   [ { Code: '001', Name: '总仓' },
     { Code: '017', Name: '湄潭县湄江镇兴湄北路自办营业厅' } ] }
[2018-09-05T22:27:14.981] [INFO] httpclires - [login][POST][200]: { code: 200,
  msg: null,
  data: 'eyJhcHBLZXkiOiI1ZTYwYjdhNi1kZGQ5LTRhOTctYThhMy1hMzE3OGJkYjYwMDQiLCJhdXRoSW5mbyI6ImV5SmhiR2NpT2lKUVV6STFOaUo5LmV5SmhZMk5sYzNOZmRHOXJaVzRpT2lKbU0yRTRPR1kyTUMweE1qTmxMVFF6TWpBdFlqSXdOUzB4WVdNM09UaGxNRGxoWTJVaUxDSnpkV0lpT2lKbExXTnZiVzFsY21ObElpd2laR0YwWVhNaU9pSTNOMlE1WVRSaE5ESmxNV0kyTWpVMU1HUTBZekU1TXpNNFltUm1NMlZtTXlJc0ltVjRjQ0k2TVRVek5qRTROelkxTkgwLnFlVHl1Y0J5U1p4d3J1RnQ1UXdsM1I4Q3BJaWdfM1VKSUhUa1ZUOGYzOUFqNnN4R2FCZEFRTGJDWE9ONE1UQWZtQmRpVHZGcXBZWUR5LUhWU0dvZ29YNGxpeEV3QjNrTEZyMFlUTlUzYzhFZmRZQVhRSkY1YkxJRVdrNUFTSU51SThvMG9sWTlKek1fNHJsTS1Sa1VDT2Y3T1B6Mkx4NnBTd0owalNvdjR2RSIsIm9yZ0lkIjoiIn0=' }
[2018-09-05T22:27:15.845] [INFO] httpclires - [inventory/Query?token=eyJhcHBLZXkiOiI1ZTYwYjdhNi1kZGQ5LTRhOTctYThhMy1hMzE3OGJkYjYwMDQiLCJhdXRoSW5mbyI6ImV5SmhiR2NpT2lKUVV6STFOaUo5LmV5SmhZMk5sYzNOZmRHOXJaVzRpT2lKbU0yRTRPR1kyTUMweE1qTmxMVFF6TWpBdFlqSXdOUzB4WVdNM09UaGxNRGxoWTJVaUxDSnpkV0lpT2lKbExXTnZiVzFsY21ObElpd2laR0YwWVhNaU9pSTNOMlE1WVRSaE5ESmxNV0kyTWpVMU1HUTBZekU1TXpNNFltUm1NMlZtTXlJc0ltVjRjQ0k2TVRVek5qRTROelkxTkgwLnFlVHl1Y0J5U1p4d3J1RnQ1UXdsM1I4Q3BJaWdfM1VKSUhUa1ZUOGYzOUFqNnN4R2FCZEFRTGJDWE9ONE1UQWZtQmRpVHZGcXBZWUR5LUhWU0dvZ29YNGxpeEV3QjNrTEZyMFlUTlUzYzhFZmRZQVhRSkY1YkxJRVdrNUFTSU51SThvMG9sWTlKek1fNHJsTS1Sa1VDT2Y3T1B6Mkx4NnBTd0owalNvdjR2RSIsIm9yZ0lkIjoiIn0=][POST][200]: { code: 200,
  msg: null,
  data: 
   [ { Code: '0001001',
       Name: '荷影丽人12卷 本色卫生纸卷纸',
       Shorthand: 'HYLR12J BSWSZJZ',
       Specification: '12卷',
       DefaultBarCode: '6951423400899',
       Disabled: 'False',
       IsPurchase: 'True',
       IsSale: 'True',
       IsMadeSelf: 'False',
       IsMaterial: 'False',
       IsSuite: 'False',
       IsLaborCost: 'False',
       Unit: [Object],
       UnitBySale: [Object],
       UnitByRetail: [Object],
       UnitByPurchase: [Object],
       UnitByStock: [Object],
       UnitByManufacture: [Object],
       InventoryClass: [Object],
       ProductInfo: null },
     { Code: '0001002',
       Name: '2080g奇强A3+冷水洗衣粉',
       Shorthand: '2080gQQA3+LSXYF',
       Specification: '1*6',
       DefaultBarCode: '6907917011898',
       Disabled: 'False',
       IsPurchase: 'True',
       IsSale: 'True',
       IsMadeSelf: 'False',
       IsMaterial: 'False',
       IsSuite: 'False',
       IsLaborCost: 'False',
       Unit: [Object],
       UnitBySale: [Object],
       UnitByRetail: [Object],
       UnitByPurchase: [Object],
       UnitByStock: [Object],
       UnitByManufacture: [Object],
       InventoryClass: [Object],
       ProductInfo: null },
     { Code: '0001003',
       Name: '200g*5奇强加香肥皂',
       Shorthand: '200g*5QQJXFZ',
       Specification: '1*6',
       DefaultBarCode: '6907917131749',
       Disabled: 'False',
       IsPurchase: 'True',
       IsSale: 'True',
       IsMadeSelf: 'False',
       IsMaterial: 'False',
       IsSuite: 'False',
       IsLaborCost: 'False',
       Unit: [Object],
       UnitBySale: [Object],
       UnitByRetail: [Object],
       UnitByPurchase: [Object],
       UnitByStock: [Object],
       UnitByManufacture: [Object],
       InventoryClass: [Object],
       ProductInfo: null },
     { Code: '0001004',
       Name: '2000g奇强柠檬洗洁精',
       Shorthand: '2000gQQNMXJJ',
       Specification: '1*8',
       DefaultBarCode: '6907917121689',
       Disabled: 'False',
       IsPurchase: 'True',
       IsSale: 'True',
       IsMadeSelf: 'False',
       IsMaterial: 'False',
       IsSuite: 'False',
       IsLaborCost: 'False',
       Unit: [Object],
       UnitBySale: [Object],
       UnitByRetail: [Object],
       UnitByPurchase: [Object],
       UnitByStock: [Object],
       UnitByManufacture: [Object],
       InventoryClass: [Object],
       ProductInfo: null },
     { Code: '0001005',
       Name: '2000g+1800g奇强套装洗衣液',
       Shorthand: '2000g+1800gQQTZXYY',
       Specification: '1*3',
       DefaultBarCode: '',
       Disabled: 'False',
       IsPurchase: 'True',
       IsSale: 'True',
       IsMadeSelf: 'False',
       IsMaterial: 'False',
       IsSuite: 'False',
       IsLaborCost: 'False',
       Unit: [Object],
       UnitBySale: [Object],
       UnitByRetail: [Object],
       UnitByPurchase: [Object],
       UnitByStock: [Object],
       UnitByManufacture: [Object],
       InventoryClass: [Object],
       ProductInfo: null },
     { Code: '0001006',
       Name: '500ml六神艾叶抑菌洗手液（清爽型）',
       Shorthand: '500mlLSAYYJXSY（QSX）',
       Specification: '1*12',
       DefaultBarCode: '6901294200203',
       Disabled: 'False',
       IsPurchase: 'True',
       IsSale: 'True',
       IsMadeSelf: 'False',
       IsMaterial: 'False',
       IsSuite: 'False',
       IsLaborCost: 'False',
       Unit: [Object],
       UnitBySale: [Object],
       UnitByRetail: [Object],
       UnitByPurchase: [Object],
       UnitByStock: [Object],
       UnitByManufacture: [Object],
       InventoryClass: [Object],
       ProductInfo: null },
     { Code: '0001007',
       Name: '450ml六神清透凉爽沐浴露（金桔+柠檬）',
       Shorthand: '450mlLSQTLSMYL（JJ+NM）',
       Specification: '1*20',
       DefaultBarCode: '6901294201378',
       Disabled: 'False',
       IsPurchase: 'True',
       IsSale: 'True',
       IsMadeSelf: 'False',
       IsMaterial: 'False',
       IsSuite: 'False',
       IsLaborCost: 'False',
       Unit: [Object],
       UnitBySale: [Object],
       UnitByRetail: [Object],
       UnitByPurchase: [Object],
       UnitByStock: [Object],
       UnitByManufacture: [Object],
       InventoryClass: [Object],
       ProductInfo: null },
     { Code: '0001009',
       Name: '400ml好迪活力去屑  清爽控油 男士',
       Shorthand: '400mlHDHLQX  QSKY NS',
       Specification: '1*24',
       DefaultBarCode: '6907435672458',
       Disabled: 'False',
       IsPurchase: 'True',
       IsSale: 'True',
       IsMadeSelf: 'False',
       IsMaterial: 'False',
       IsSuite: 'False',
       IsLaborCost: 'False',
       Unit: [Object],
       UnitBySale: [Object],
       UnitByRetail: [Object],
       UnitByPurchase: [Object],
       UnitByStock: [Object],
       UnitByManufacture: [Object],
       InventoryClass: [Object],
       ProductInfo: null },
     { Code: '0001008',
       Name: '雨娇：115生态10连包抽纸',
       Shorthand: 'YJ：115ST10LBCZ',
       Specification: '1*10*10',
       DefaultBarCode: '6940790503227',
       Disabled: 'False',
       IsPurchase: 'True',
       IsSale: 'True',
       IsMadeSelf: 'False',
       IsMaterial: 'False',
       IsSuite: 'False',
       IsLaborCost: 'False',
       Unit: [Object],
       UnitBySale: [Object],
       UnitByRetail: [Object],
       UnitByPurchase: [Object],
       UnitByStock: [Object],
       UnitByManufacture: [Object],
       InventoryClass: [Object],
       ProductInfo: null },
     { Code: '0001010',
       Name: '750ml好迪活力去屑洗发露 营养滋润（深蓝）',
       Shorthand: '750mlHDHLQXXFL YYZR（SL）',
       Specification: '1*16',
       DefaultBarCode: '6907435672472',
       Disabled: 'False',
       IsPurchase: 'True',
       IsSale: 'True',
       IsMadeSelf: 'False',
       IsMaterial: 'False',
       IsSuite: 'False',
       IsLaborCost: 'False',
       Unit: [Object],
       UnitBySale: [Object],
       UnitByRetail: [Object],
       UnitByPurchase: [Object],
       UnitByStock: [Object],
       UnitByManufacture: [Object],
       InventoryClass: [Object],
       ProductInfo: null },
     { Code: '0001011',
       Name: '400ml好迪柔亮柔顺洗发水 倍直垂顺（浅蓝）新',
       Shorthand: '400mlHDRLRSXFS BZCS（QL）X',
       Specification: '1*24',
       DefaultBarCode: '6907435669144',
       Disabled: 'False',
       IsPurchase: 'True',
       IsSale: 'True',
       IsMadeSelf: 'False',
       IsMaterial: 'False',
       IsSuite: 'False',
       IsLaborCost: 'False',
       Unit: [Object],
       UnitBySale: [Object],
       UnitByRetail: [Object],
       UnitByPurchase: [Object],
       UnitByStock: [Object],
       UnitByManufacture: [Object],
       InventoryClass: [Object],
       ProductInfo: null },
     { Code: '0002001',
       Name: '原味纯香菜籽油2L',
       Shorthand: 'YWCXCZY2L',
       Specification: '2L',
       DefaultBarCode: '6926650500100',
       Disabled: 'False',
       IsPurchase: 'True',
       IsSale: 'True',
       IsMadeSelf: 'False',
       IsMaterial: 'False',
       IsSuite: 'False',
       IsLaborCost: 'False',
       Unit: [Object],
       UnitBySale: [Object],
       UnitByRetail: [Object],
       UnitByPurchase: [Object],
       UnitByStock: [Object],
       UnitByManufacture: [Object],
       InventoryClass: [Object],
       ProductInfo: null },
     { Code: '0002002',
       Name: '传统浓香菜籽油2L',
       Shorthand: 'CTNXCZY2L',
       Specification: '2L',
       DefaultBarCode: '6926650500018',
       Disabled: 'False',
       IsPurchase: 'True',
       IsSale: 'True',
       IsMadeSelf: 'False',
       IsMaterial: 'False',
       IsSuite: 'False',
       IsLaborCost: 'False',
       Unit: [Object],
       UnitBySale: [Object],
       UnitByRetail: [Object],
       UnitByPurchase: [Object],
       UnitByStock: [Object],
       UnitByManufacture: [Object],
       InventoryClass: [Object],
       ProductInfo: null },
     { Code: '0002003',
       Name: '原味纯香菜籽油4L',
       Shorthand: 'YWCXCZY4L',
       Specification: '4L',
       DefaultBarCode: '6926650500148',
       Disabled: 'False',
       IsPurchase: 'True',
       IsSale: 'True',
       IsMadeSelf: 'False',
       IsMaterial: 'False',
       IsSuite: 'False',
       IsLaborCost: 'False',
       Unit: [Object],
       UnitBySale: [Object],
       UnitByRetail: [Object],
       UnitByPurchase: [Object],
       UnitByStock: [Object],
       UnitByManufacture: [Object],
       InventoryClass: [Object],
       ProductInfo: null },
     { Code: '0002004',
       Name: '传统浓香菜籽油4L',
       Shorthand: 'CTNXCZY4L',
       Specification: '4L',
       DefaultBarCode: '6926650500032',
       Disabled: 'False',
       IsPurchase: 'True',
       IsSale: 'True',
       IsMadeSelf: 'False',
       IsMaterial: 'False',
       IsSuite: 'False',
       IsLaborCost: 'False',
       Unit: [Object],
       UnitBySale: [Object],
       UnitByRetail: [Object],
       UnitByPurchase: [Object],
       UnitByStock: [Object],
       UnitByManufacture: [Object],
       InventoryClass: [Object],
       ProductInfo: null },
     { Code: '0002005',
       Name: '九吉香菜籽油',
       Shorthand: 'JJXCZY',
       Specification: '5L',
       DefaultBarCode: '6926650500421',
       Disabled: 'False',
       IsPurchase: 'True',
       IsSale: 'True',
       IsMadeSelf: 'False',
       IsMaterial: 'False',
       IsSuite: 'False',
       IsLaborCost: 'False',
       Unit: [Object],
       UnitBySale: [Object],
       UnitByRetail: [Object],
       UnitByPurchase: [Object],
       UnitByStock: [Object],
       UnitByManufacture: [Object],
       InventoryClass: [Object],
       ProductInfo: null },
     { Code: '0002006',
       Name: '九吉纯菜籽油',
       Shorthand: 'JJCCZY',
       Specification: '5L',
       DefaultBarCode: '6926650500438',
       Disabled: 'False',
       IsPurchase: 'True',
       IsSale: 'True',
       IsMadeSelf: 'False',
       IsMaterial: 'False',
       IsSuite: 'False',
       IsLaborCost: 'False',
       Unit: [Object],
       UnitBySale: [Object],
       UnitByRetail: [Object],
       UnitByPurchase: [Object],
       UnitByStock: [Object],
       UnitByManufacture: [Object],
       InventoryClass: [Object],
       ProductInfo: null },
     { Code: '0002007',
       Name: '风味豆豉辣椒',
       Shorthand: 'FWDCLJ',
       Specification: '280',
       DefaultBarCode: '6937454800037',
       Disabled: 'False',
       IsPurchase: 'True',
       IsSale: 'True',
       IsMadeSelf: 'False',
       IsMaterial: 'False',
       IsSuite: 'False',
       IsLaborCost: 'False',
       Unit: [Object],
       UnitBySale: [Object],
       UnitByRetail: [Object],
       UnitByPurchase: [Object],
       UnitByStock: [Object],
       UnitByManufacture: [Object],
       InventoryClass: [Object],
       ProductInfo: null },
     { Code: '0002008',
       Name: '蒜香油辣椒',
       Shorthand: 'SXYLJ',
       Specification: '280',
       DefaultBarCode: '6937454800020',
       Disabled: 'False',
       IsPurchase: 'True',
       IsSale: 'True',
       IsMadeSelf: 'False',
       IsMaterial: 'False',
       IsSuite: 'False',
       IsLaborCost: 'False',
       Unit: [Object],
       UnitBySale: [Object],
       UnitByRetail: [Object],
       UnitByPurchase: [Object],
       UnitByStock: [Object],
       UnitByManufacture: [Object],
       InventoryClass: [Object],
       ProductInfo: null },
     { Code: '0002009',
       Name: '去骨鸡辣椒',
       Shorthand: 'QGJLJ',
       Specification: '200',
       DefaultBarCode: '6937454800051',
       Disabled: 'False',
       IsPurchase: 'True',
       IsSale: 'True',
       IsMadeSelf: 'False',
       IsMaterial: 'False',
       IsSuite: 'False',
       IsLaborCost: 'False',
       Unit: [Object],
       UnitBySale: [Object],
       UnitByRetail: [Object],
       UnitByPurchase: [Object],
       UnitByStock: [Object],
       UnitByManufacture: [Object],
       InventoryClass: [Object],
       ProductInfo: null },
     { Code: '0002010',
       Name: '香辣牛肉酱',
       Shorthand: 'XLNRJ',
       Specification: '210',
       DefaultBarCode: '6937454800174',
       Disabled: 'False',
       IsPurchase: 'True',
       IsSale: 'True',
       IsMadeSelf: 'False',
       IsMaterial: 'False',
       IsSuite: 'False',
       IsLaborCost: 'False',
       Unit: [Object],
       UnitBySale: [Object],
       UnitByRetail: [Object],
       UnitByPurchase: [Object],
       UnitByStock: [Object],
       UnitByManufacture: [Object],
       InventoryClass: [Object],
       ProductInfo: null },
     { Code: '0002011',
       Name: '芝麻蒜香油辣椒',
       Shorthand: 'ZMSXYLJ',
       Specification: '200',
       DefaultBarCode: '6937454800082',
       Disabled: 'False',
       IsPurchase: 'True',
       IsSale: 'True',
       IsMadeSelf: 'False',
       IsMaterial: 'False',
       IsSuite: 'False',
       IsLaborCost: 'False',
       Unit: [Object],
       UnitBySale: [Object],
       UnitByRetail: [Object],
       UnitByPurchase: [Object],
       UnitByStock: [Object],
       UnitByManufacture: [Object],
       InventoryClass: [Object],
       ProductInfo: null },
     { Code: '0002012',
       Name: '潘祥记彩旗伴月礼',
       Shorthand: 'PXJCQBYL',
       Specification: '600g',
       DefaultBarCode: '',
       Disabled: 'False',
       IsPurchase: 'True',
       IsSale: 'True',
       IsMadeSelf: 'False',
       IsMaterial: 'False',
       IsSuite: 'False',
       IsLaborCost: 'False',
       Unit: [Object],
       UnitBySale: [Object],
       UnitByRetail: [Object],
       UnitByPurchase: [Object],
       UnitByStock: [Object],
       UnitByManufacture: [Object],
       InventoryClass: [Object],
       ProductInfo: null },
     { Code: '0002013',
       Name: '潘祥记轻舞飞扬',
       Shorthand: 'PXJQWFY',
       Specification: '480g',
       DefaultBarCode: '',
       Disabled: 'False',
       IsPurchase: 'True',
       IsSale: 'True',
       IsMadeSelf: 'False',
       IsMaterial: 'False',
       IsSuite: 'False',
       IsLaborCost: 'False',
       Unit: [Object],
       UnitBySale: [Object],
       UnitByRetail: [Object],
       UnitByPurchase: [Object],
       UnitByStock: [Object],
       UnitByManufacture: [Object],
       InventoryClass: [Object],
       ProductInfo: null },
     { Code: '0002014',
       Name: '潘祥记散装月饼',
       Shorthand: 'PXJSZYB',
       Specification: '1000g',
       DefaultBarCode: '',
       Disabled: 'False',
       IsPurchase: 'True',
       IsSale: 'True',
       IsMadeSelf: 'False',
       IsMaterial: 'False',
       IsSuite: 'False',
       IsLaborCost: 'False',
       Unit: [Object],
       UnitBySale: [Object],
       UnitByRetail: [Object],
       UnitByPurchase: [Object],
       UnitByStock: [Object],
       UnitByManufacture: [Object],
       InventoryClass: [Object],
       ProductInfo: null },
     { Code: '0002015',
       Name: '集味村思乡情',
       Shorthand: 'JWCSXQ',
       Specification: '430g',
       DefaultBarCode: '',
       Disabled: 'False',
       IsPurchase: 'True',
       IsSale: 'True',
       IsMadeSelf: 'False',
       IsMaterial: 'False',
       IsSuite: 'False',
       IsLaborCost: 'False',
       Unit: [Object],
       UnitBySale: [Object],
       UnitByRetail: [Object],
       UnitByPurchase: [Object],
       UnitByStock: [Object],
       UnitByManufacture: [Object],
       InventoryClass: [Object],
       ProductInfo: null },
     { Code: '0002016',
       Name: '六甲散装',
       Shorthand: 'LJSZ',
       Specification: '750g',
       DefaultBarCode: '',
       Disabled: 'False',
       IsPurchase: 'True',
       IsSale: 'True',
       IsMadeSelf: 'False',
       IsMaterial: 'False',
       IsSuite: 'False',
       IsLaborCost: 'False',
       Unit: [Object],
       UnitBySale: [Object],
       UnitByRetail: [Object],
       UnitByPurchase: [Object],
       UnitByStock: [Object],
       UnitByManufacture: [Object],
       InventoryClass: [Object],
       ProductInfo: null } ] }
[2018-09-05T22:27:16.511] [INFO] httpclires - [login][POST][200]: { code: 200,
  msg: null,
  data: 'eyJhcHBLZXkiOiI1ZTYwYjdhNi1kZGQ5LTRhOTctYThhMy1hMzE3OGJkYjYwMDQiLCJhdXRoSW5mbyI6ImV5SmhiR2NpT2lKUVV6STFOaUo5LmV5SmhZMk5sYzNOZmRHOXJaVzRpT2lJNVpXVTVNRFZsWXkwMlpqUXdMVFE1TXpZdFltSTVaUzAzWWpneVpqY3lZMkUxTUdZaUxDSnpkV0lpT2lKbExXTnZiVzFsY21ObElpd2laR0YwWVhNaU9pSTNOMlE1WVRSaE5ESmxNV0kyTWpVMU1HUTBZekU1TXpNNFltUm1NMlZtTXlJc0ltVjRjQ0k2TVRVek5qRTROelkxTlgwLmREQnBzSVdBTm1OSkpJdVJIQmpWZ2g1d0JXVGp2LXNyX2xDeTBqT2dneW9FSHJFNjJmY3p1Z21RbHYwQ0U1SmRiVk1Bcm9IS0VzeFlZNkYweEFLNl9PejFEY0Nrd1A4RTZKcU5HcjctTWZEUXk5ZlRnc0h4dTkwdDM0dWd5Q2diTHFGc0RSQmVRak94WGVLNWE3MWhOODBrRTd3NlU3UFZDb1pXUnl0RlptZyIsIm9yZ0lkIjoiIn0=' }
[2018-09-05T22:27:17.002] [INFO] httpclires - [login][POST][200]: { code: 200,
  msg: null,
  data: 'eyJhcHBLZXkiOiI1ZTYwYjdhNi1kZGQ5LTRhOTctYThhMy1hMzE3OGJkYjYwMDQiLCJhdXRoSW5mbyI6ImV5SmhiR2NpT2lKUVV6STFOaUo5LmV5SmhZMk5sYzNOZmRHOXJaVzRpT2lJeE16TmtZV1V6TUMweE5XVTVMVFEwWlRZdE9URTRNaTFqWTJVd1lXSmhZakZqTmpnaUxDSnpkV0lpT2lKbExXTnZiVzFsY21ObElpd2laR0YwWVhNaU9pSTNOMlE1WVRSaE5ESmxNV0kyTWpVMU1HUTBZekU1TXpNNFltUm1NMlZtTXlJc0ltVjRjQ0k2TVRVek5qRTROelkxTm4wLkI3cVRWMk01LUwyX05ZMVZMLVVXMTM3cG5faTkxbUZOYV9oUHFJUW1RdElZOF9hY215ajNsZ0NiQ1dLZnJ4SjdBMWprUy1xMmEtLXU5YnVIdUJLT1VVVUtucmZLcmZTeWJERnRaaU1lZnpHNDlDMWprejlOOWozemtGakZQckpVR2g2REtORGdLMXpvUEMtZEJQT19KNHFsOUlXSElWaHducy1NUk15bmJ2WSIsIm9yZ0lkIjoiIn0=' }
[2018-09-05T22:27:18.866] [INFO] httpclires - [currentStock/Query?token=eyJhcHBLZXkiOiI1ZTYwYjdhNi1kZGQ5LTRhOTctYThhMy1hMzE3OGJkYjYwMDQiLCJhdXRoSW5mbyI6ImV5SmhiR2NpT2lKUVV6STFOaUo5LmV5SmhZMk5sYzNOZmRHOXJaVzRpT2lJeE16TmtZV1V6TUMweE5XVTVMVFEwWlRZdE9URTRNaTFqWTJVd1lXSmhZakZqTmpnaUxDSnpkV0lpT2lKbExXTnZiVzFsY21ObElpd2laR0YwWVhNaU9pSTNOMlE1WVRSaE5ESmxNV0kyTWpVMU1HUTBZekU1TXpNNFltUm1NMlZtTXlJc0ltVjRjQ0k2TVRVek5qRTROelkxTm4wLkI3cVRWMk01LUwyX05ZMVZMLVVXMTM3cG5faTkxbUZOYV9oUHFJUW1RdElZOF9hY215ajNsZ0NiQ1dLZnJ4SjdBMWprUy1xMmEtLXU5YnVIdUJLT1VVVUtucmZLcmZTeWJERnRaaU1lZnpHNDlDMWprejlOOWozemtGakZQckpVR2g2REtORGdLMXpvUEMtZEJQT19KNHFsOUlXSElWaHducy1NUk15bmJ2WSIsIm9yZ0lkIjoiIn0=][POST][200]: { code: 200,
  msg: null,
  data: 
   [ { WarehouseName: '总仓',
       WarehouseCode: '001',
       InventoryCode: '0001001',
       InventoryName: '荷影丽人12卷 本色卫生纸卷纸',
       DefaultBarCode: '6951423400899',
       InvBarCode: null,
       UnitName: '提',
       Specification: '12卷',
       Brand: '',
       AvailableQuantity: '1.0000000000000',
       ExistingQuantity: '12.00000000000000',
       UnitName2: null,
       AvailableQuantity2: null,
       ExistingQuantity2: null,
       TS: '0x0000000000a01bce',
       TotalCount: 18,
       SkuCode: null,
       Batch: null,
       ProductionDate: null,
       ExpiryDate: null,
       DynamicPropertyKeys: [],
       DynamicPropertyTitles: [],
       DynamicPropertyValues: [] },
     { WarehouseName: '总仓',
       WarehouseCode: '001',
       InventoryCode: '0001002',
       InventoryName: '2080g奇强A3+冷水洗衣粉',
       DefaultBarCode: '6907917011898',
       InvBarCode: null,
       UnitName: '包',
       Specification: '1*6',
       Brand: '',
       AvailableQuantity: '0.0000000000000',
       ExistingQuantity: '0.00000000000000',
       UnitName2: null,
       AvailableQuantity2: null,
       ExistingQuantity2: null,
       TS: '0x0000000000a01bcf',
       TotalCount: 18,
       SkuCode: null,
       Batch: null,
       ProductionDate: null,
       ExpiryDate: null,
       DynamicPropertyKeys: [],
       DynamicPropertyTitles: [],
       DynamicPropertyValues: [] },
     { WarehouseName: '总仓',
       WarehouseCode: '001',
       InventoryCode: '0001003',
       InventoryName: '200g*5奇强加香肥皂',
       DefaultBarCode: '6907917131749',
       InvBarCode: null,
       UnitName: '组',
       Specification: '1*6',
       Brand: '',
       AvailableQuantity: '0.0000000000000',
       ExistingQuantity: '0.00000000000000',
       UnitName2: null,
       AvailableQuantity2: null,
       ExistingQuantity2: null,
       TS: '0x0000000000a01bd0',
       TotalCount: 18,
       SkuCode: null,
       Batch: null,
       ProductionDate: null,
       ExpiryDate: null,
       DynamicPropertyKeys: [],
       DynamicPropertyTitles: [],
       DynamicPropertyValues: [] },
     { WarehouseName: '总仓',
       WarehouseCode: '001',
       InventoryCode: '0001004',
       InventoryName: '2000g奇强柠檬洗洁精',
       DefaultBarCode: '6907917121689',
       InvBarCode: null,
       UnitName: '瓶',
       Specification: '1*8',
       Brand: '',
       AvailableQuantity: '0.0000000000000',
       ExistingQuantity: '5.00000000000000',
       UnitName2: null,
       AvailableQuantity2: null,
       ExistingQuantity2: null,
       TS: '0x0000000000a01bd1',
       TotalCount: 18,
       SkuCode: null,
       Batch: null,
       ProductionDate: null,
       ExpiryDate: null,
       DynamicPropertyKeys: [],
       DynamicPropertyTitles: [],
       DynamicPropertyValues: [] },
     { WarehouseName: '总仓',
       WarehouseCode: '001',
       InventoryCode: '0001005',
       InventoryName: '2000g+1800g奇强套装洗衣液',
       DefaultBarCode: '',
       InvBarCode: null,
       UnitName: '套',
       Specification: '1*3',
       Brand: '',
       AvailableQuantity: '0.0000000000000',
       ExistingQuantity: '0.00000000000000',
       UnitName2: null,
       AvailableQuantity2: null,
       ExistingQuantity2: null,
       TS: '0x0000000000a01bd2',
       TotalCount: 18,
       SkuCode: null,
       Batch: null,
       ProductionDate: null,
       ExpiryDate: null,
       DynamicPropertyKeys: [],
       DynamicPropertyTitles: [],
       DynamicPropertyValues: [] },
     { WarehouseName: '总仓',
       WarehouseCode: '001',
       InventoryCode: '0001006',
       InventoryName: '500ml六神艾叶抑菌洗手液（清爽型）',
       DefaultBarCode: '6901294200203',
       InvBarCode: null,
       UnitName: '瓶',
       Specification: '1*12',
       Brand: '',
       AvailableQuantity: '0.0000000000000',
       ExistingQuantity: '0.00000000000000',
       UnitName2: null,
       AvailableQuantity2: null,
       ExistingQuantity2: null,
       TS: '0x0000000000a01bd3',
       TotalCount: 18,
       SkuCode: null,
       Batch: null,
       ProductionDate: null,
       ExpiryDate: null,
       DynamicPropertyKeys: [],
       DynamicPropertyTitles: [],
       DynamicPropertyValues: [] },
     { WarehouseName: '总仓',
       WarehouseCode: '001',
       InventoryCode: '0001007',
       InventoryName: '450ml六神清透凉爽沐浴露（金桔+柠檬）',
       DefaultBarCode: '6901294201378',
       InvBarCode: null,
       UnitName: '瓶',
       Specification: '1*20',
       Brand: '',
       AvailableQuantity: '0.0000000000000',
       ExistingQuantity: '0.00000000000000',
       UnitName2: null,
       AvailableQuantity2: null,
       ExistingQuantity2: null,
       TS: '0x0000000000a01bd4',
       TotalCount: 18,
       SkuCode: null,
       Batch: null,
       ProductionDate: null,
       ExpiryDate: null,
       DynamicPropertyKeys: [],
       DynamicPropertyTitles: [],
       DynamicPropertyValues: [] },
     { WarehouseName: '总仓',
       WarehouseCode: '001',
       InventoryCode: '0001008',
       InventoryName: '雨娇：115生态10连包抽纸',
       DefaultBarCode: '6940790503227',
       InvBarCode: null,
       UnitName: '提',
       Specification: '1*10*10',
       Brand: '',
       AvailableQuantity: '1.0000000000000',
       ExistingQuantity: '11.00000000000000',
       UnitName2: null,
       AvailableQuantity2: null,
       ExistingQuantity2: null,
       TS: '0x0000000000a01bd5',
       TotalCount: 18,
       SkuCode: null,
       Batch: null,
       ProductionDate: null,
       ExpiryDate: null,
       DynamicPropertyKeys: [],
       DynamicPropertyTitles: [],
       DynamicPropertyValues: [] },
     { WarehouseName: '总仓',
       WarehouseCode: '001',
       InventoryCode: '0002003',
       InventoryName: '原味纯香菜籽油4L',
       DefaultBarCode: '6926650500148',
       InvBarCode: null,
       UnitName: '瓶',
       Specification: '4L',
       Brand: '',
       AvailableQuantity: '0.0000000000000',
       ExistingQuantity: '0.00000000000000',
       UnitName2: null,
       AvailableQuantity2: null,
       ExistingQuantity2: null,
       TS: '0x00000000009fd79c',
       TotalCount: 18,
       SkuCode: null,
       Batch: null,
       ProductionDate: null,
       ExpiryDate: null,
       DynamicPropertyKeys: [],
       DynamicPropertyTitles: [],
       DynamicPropertyValues: [] },
     { WarehouseName: '总仓',
       WarehouseCode: '001',
       InventoryCode: '0002007',
       InventoryName: '风味豆豉辣椒',
       DefaultBarCode: '6937454800037',
       InvBarCode: null,
       UnitName: '瓶',
       Specification: '280',
       Brand: '',
       AvailableQuantity: '9.0000000000000',
       ExistingQuantity: '12.00000000000000',
       UnitName2: null,
       AvailableQuantity2: null,
       ExistingQuantity2: null,
       TS: '0x00000000009fb085',
       TotalCount: 18,
       SkuCode: null,
       Batch: null,
       ProductionDate: null,
       ExpiryDate: null,
       DynamicPropertyKeys: [],
       DynamicPropertyTitles: [],
       DynamicPropertyValues: [] },
     { WarehouseName: '总仓',
       WarehouseCode: '001',
       InventoryCode: '0002008',
       InventoryName: '蒜香油辣椒',
       DefaultBarCode: '6937454800020',
       InvBarCode: null,
       UnitName: '瓶',
       Specification: '280',
       Brand: '',
       AvailableQuantity: '4.0000000000000',
       ExistingQuantity: '9.00000000000000',
       UnitName2: null,
       AvailableQuantity2: null,
       ExistingQuantity2: null,
       TS: '0x00000000009fb088',
       TotalCount: 18,
       SkuCode: null,
       Batch: null,
       ProductionDate: null,
       ExpiryDate: null,
       DynamicPropertyKeys: [],
       DynamicPropertyTitles: [],
       DynamicPropertyValues: [] },
     { WarehouseName: '总仓',
       WarehouseCode: '001',
       InventoryCode: '0002009',
       InventoryName: '去骨鸡辣椒',
       DefaultBarCode: '6937454800051',
       InvBarCode: null,
       UnitName: '瓶',
       Specification: '200',
       Brand: '',
       AvailableQuantity: '2.0000000000000',
       ExistingQuantity: '7.00000000000000',
       UnitName2: null,
       AvailableQuantity2: null,
       ExistingQuantity2: null,
       TS: '0x00000000009fd40f',
       TotalCount: 18,
       SkuCode: null,
       Batch: null,
       ProductionDate: null,
       ExpiryDate: null,
       DynamicPropertyKeys: [],
       DynamicPropertyTitles: [],
       DynamicPropertyValues: [] },
     { WarehouseName: '总仓',
       WarehouseCode: '001',
       InventoryCode: '0002011',
       InventoryName: '芝麻蒜香油辣椒',
       DefaultBarCode: '6937454800082',
       InvBarCode: null,
       UnitName: '瓶',
       Specification: '200',
       Brand: '',
       AvailableQuantity: '10.0000000000000',
       ExistingQuantity: '12.00000000000000',
       UnitName2: null,
       AvailableQuantity2: null,
       ExistingQuantity2: null,
       TS: '0x00000000009fb08e',
       TotalCount: 18,
       SkuCode: null,
       Batch: null,
       ProductionDate: null,
       ExpiryDate: null,
       DynamicPropertyKeys: [],
       DynamicPropertyTitles: [],
       DynamicPropertyValues: [] },
     { WarehouseName: '总仓',
       WarehouseCode: '001',
       InventoryCode: '0002012',
       InventoryName: '潘祥记彩旗伴月礼',
       DefaultBarCode: '',
       InvBarCode: null,
       UnitName: '盒',
       Specification: '600g',
       Brand: '',
       AvailableQuantity: '3.0000000000000',
       ExistingQuantity: '40.00000000000000',
       UnitName2: null,
       AvailableQuantity2: null,
       ExistingQuantity2: null,
       TS: '0x0000000000a019da',
       TotalCount: 18,
       SkuCode: null,
       Batch: null,
       ProductionDate: null,
       ExpiryDate: null,
       DynamicPropertyKeys: [],
       DynamicPropertyTitles: [],
       DynamicPropertyValues: [] },
     { WarehouseName: '总仓',
       WarehouseCode: '001',
       InventoryCode: '0002013',
       InventoryName: '潘祥记轻舞飞扬',
       DefaultBarCode: '',
       InvBarCode: null,
       UnitName: '盒',
       Specification: '480g',
       Brand: '',
       AvailableQuantity: '3.0000000000000',
       ExistingQuantity: '39.00000000000000',
       UnitName2: null,
       AvailableQuantity2: null,
       ExistingQuantity2: null,
       TS: '0x00000000009fde31',
       TotalCount: 18,
       SkuCode: null,
       Batch: null,
       ProductionDate: null,
       ExpiryDate: null,
       DynamicPropertyKeys: [],
       DynamicPropertyTitles: [],
       DynamicPropertyValues: [] },
     { WarehouseName: '总仓',
       WarehouseCode: '001',
       InventoryCode: '0002014',
       InventoryName: '潘祥记散装月饼',
       DefaultBarCode: '',
       InvBarCode: null,
       UnitName: '盒',
       Specification: '1000g',
       Brand: '',
       AvailableQuantity: '1.0000000000000',
       ExistingQuantity: '36.00000000000000',
       UnitName2: null,
       AvailableQuantity2: null,
       ExistingQuantity2: null,
       TS: '0x0000000000a01e01',
       TotalCount: 18,
       SkuCode: null,
       Batch: null,
       ProductionDate: null,
       ExpiryDate: null,
       DynamicPropertyKeys: [],
       DynamicPropertyTitles: [],
       DynamicPropertyValues: [] },
     { WarehouseName: '总仓',
       WarehouseCode: '001',
       InventoryCode: '0002015',
       InventoryName: '集味村思乡情',
       DefaultBarCode: '',
       InvBarCode: null,
       UnitName: '盒',
       Specification: '430g',
       Brand: '',
       AvailableQuantity: '2.0000000000000',
       ExistingQuantity: '26.00000000000000',
       UnitName2: null,
       AvailableQuantity2: null,
       ExistingQuantity2: null,
       TS: '0x0000000000a019de',
       TotalCount: 18,
       SkuCode: null,
       Batch: null,
       ProductionDate: null,
       ExpiryDate: null,
       DynamicPropertyKeys: [],
       DynamicPropertyTitles: [],
       DynamicPropertyValues: [] },
     { WarehouseName: '总仓',
       WarehouseCode: '001',
       InventoryCode: '0002016',
       InventoryName: '六甲散装',
       DefaultBarCode: '',
       InvBarCode: null,
       UnitName: '盒',
       Specification: '750g',
       Brand: '',
       AvailableQuantity: '0.0000000000000',
       ExistingQuantity: '18.00000000000000',
       UnitName2: null,
       AvailableQuantity2: null,
       ExistingQuantity2: null,
       TS: '0x00000000009fde3a',
       TotalCount: 18,
       SkuCode: null,
       Batch: null,
       ProductionDate: null,
       ExpiryDate: null,
       DynamicPropertyKeys: [],
       DynamicPropertyTitles: [],
       DynamicPropertyValues: [] } ] }
[2018-09-05T22:27:21.218] [INFO] httpclires - [inventoryPrice/QueryInventoryPrice?token=eyJhcHBLZXkiOiI1ZTYwYjdhNi1kZGQ5LTRhOTctYThhMy1hMzE3OGJkYjYwMDQiLCJhdXRoSW5mbyI6ImV5SmhiR2NpT2lKUVV6STFOaUo5LmV5SmhZMk5sYzNOZmRHOXJaVzRpT2lJNVpXVTVNRFZsWXkwMlpqUXdMVFE1TXpZdFltSTVaUzAzWWpneVpqY3lZMkUxTUdZaUxDSnpkV0lpT2lKbExXTnZiVzFsY21ObElpd2laR0YwWVhNaU9pSTNOMlE1WVRSaE5ESmxNV0kyTWpVMU1HUTBZekU1TXpNNFltUm1NMlZtTXlJc0ltVjRjQ0k2TVRVek5qRTROelkxTlgwLmREQnBzSVdBTm1OSkpJdVJIQmpWZ2g1d0JXVGp2LXNyX2xDeTBqT2dneW9FSHJFNjJmY3p1Z21RbHYwQ0U1SmRiVk1Bcm9IS0VzeFlZNkYweEFLNl9PejFEY0Nrd1A4RTZKcU5HcjctTWZEUXk5ZlRnc0h4dTkwdDM0dWd5Q2diTHFGc0RSQmVRak94WGVLNWE3MWhOODBrRTd3NlU3UFZDb1pXUnl0RlptZyIsIm9yZ0lkIjoiIn0=][POST][200]: { code: 200,
  msg: null,
  data: 
   [ { RowID: 0,
       Inventory: [Object],
       Unit: [Object],
       Price: null,
       DiscountRate: null,
       DiscountPrice: 15,
       CashBackReturn: null,
       WithTax: true },
     { RowID: 0,
       Inventory: [Object],
       Unit: [Object],
       Price: null,
       DiscountRate: null,
       DiscountPrice: 22,
       CashBackReturn: null,
       WithTax: true },
     { RowID: 0,
       Inventory: [Object],
       Unit: [Object],
       Price: null,
       DiscountRate: null,
       DiscountPrice: 14,
       CashBackReturn: null,
       WithTax: true },
     { RowID: 0,
       Inventory: [Object],
       Unit: [Object],
       Price: null,
       DiscountRate: null,
       DiscountPrice: 17,
       CashBackReturn: null,
       WithTax: true },
     { RowID: 0,
       Inventory: [Object],
       Unit: [Object],
       Price: null,
       DiscountRate: null,
       DiscountPrice: 50,
       CashBackReturn: null,
       WithTax: true },
     { RowID: 0,
       Inventory: [Object],
       Unit: [Object],
       Price: null,
       DiscountRate: null,
       DiscountPrice: 20,
       CashBackReturn: null,
       WithTax: true },
     { RowID: 0,
       Inventory: [Object],
       Unit: [Object],
       Price: null,
       DiscountRate: null,
       DiscountPrice: 24,
       CashBackReturn: null,
       WithTax: true },
     { RowID: 0,
       Inventory: [Object],
       Unit: [Object],
       Price: null,
       DiscountRate: null,
       DiscountPrice: 27,
       CashBackReturn: null,
       WithTax: true },
     { RowID: 0,
       Inventory: [Object],
       Unit: [Object],
       Price: null,
       DiscountRate: null,
       DiscountPrice: 17,
       CashBackReturn: null,
       WithTax: true },
     { RowID: 0,
       Inventory: [Object],
       Unit: [Object],
       Price: null,
       DiscountRate: null,
       DiscountPrice: 40,
       CashBackReturn: null,
       WithTax: true },
     { RowID: 0,
       Inventory: [Object],
       Unit: [Object],
       Price: null,
       DiscountRate: null,
       DiscountPrice: null,
       CashBackReturn: null,
       WithTax: true },
     { RowID: 0,
       Inventory: [Object],
       Unit: [Object],
       Price: null,
       DiscountRate: null,
       DiscountPrice: 30,
       CashBackReturn: null,
       WithTax: true },
     { RowID: 0,
       Inventory: [Object],
       Unit: [Object],
       Price: null,
       DiscountRate: null,
       DiscountPrice: 45,
       CashBackReturn: null,
       WithTax: true },
     { RowID: 0,
       Inventory: [Object],
       Unit: [Object],
       Price: null,
       DiscountRate: null,
       DiscountPrice: 55,
       CashBackReturn: null,
       WithTax: true },
     { RowID: 0,
       Inventory: [Object],
       Unit: [Object],
       Price: null,
       DiscountRate: null,
       DiscountPrice: 80,
       CashBackReturn: null,
       WithTax: true },
     { RowID: 0,
       Inventory: [Object],
       Unit: [Object],
       Price: null,
       DiscountRate: null,
       DiscountPrice: 70,
       CashBackReturn: null,
       WithTax: true },
     { RowID: 0,
       Inventory: [Object],
       Unit: [Object],
       Price: null,
       DiscountRate: null,
       DiscountPrice: 60,
       CashBackReturn: null,
       WithTax: true },
     { RowID: 0,
       Inventory: [Object],
       Unit: [Object],
       Price: null,
       DiscountRate: null,
       DiscountPrice: 8,
       CashBackReturn: null,
       WithTax: true },
     { RowID: 0,
       Inventory: [Object],
       Unit: [Object],
       Price: null,
       DiscountRate: null,
       DiscountPrice: 10,
       CashBackReturn: null,
       WithTax: true },
     { RowID: 0,
       Inventory: [Object],
       Unit: [Object],
       Price: null,
       DiscountRate: null,
       DiscountPrice: 10,
       CashBackReturn: null,
       WithTax: true },
     { RowID: 0,
       Inventory: [Object],
       Unit: [Object],
       Price: null,
       DiscountRate: null,
       DiscountPrice: 10,
       CashBackReturn: null,
       WithTax: true },
     { RowID: 0,
       Inventory: [Object],
       Unit: [Object],
       Price: null,
       DiscountRate: null,
       DiscountPrice: 20,
       CashBackReturn: null,
       WithTax: true },
     { RowID: 0,
       Inventory: [Object],
       Unit: [Object],
       Price: null,
       DiscountRate: null,
       DiscountPrice: 88,
       CashBackReturn: null,
       WithTax: true },
     { RowID: 0,
       Inventory: [Object],
       Unit: [Object],
       Price: null,
       DiscountRate: null,
       DiscountPrice: 79,
       CashBackReturn: null,
       WithTax: true },
     { RowID: 0,
       Inventory: [Object],
       Unit: [Object],
       Price: null,
       DiscountRate: null,
       DiscountPrice: 105,
       CashBackReturn: null,
       WithTax: true },
     { RowID: 0,
       Inventory: [Object],
       Unit: [Object],
       Price: null,
       DiscountRate: null,
       DiscountPrice: 42,
       CashBackReturn: null,
       WithTax: true },
     { RowID: 0,
       Inventory: [Object],
       Unit: [Object],
       Price: null,
       DiscountRate: null,
       DiscountPrice: 46,
       CashBackReturn: null,
       WithTax: true } ] }
[2018-09-05T22:28:37.148] [INFO] httpclires - [login][POST][200]: { code: 200,
  msg: null,
  data: 'eyJhcHBLZXkiOiI1ZTYwYjdhNi1kZGQ5LTRhOTctYThhMy1hMzE3OGJkYjYwMDQiLCJhdXRoSW5mbyI6ImV5SmhiR2NpT2lKUVV6STFOaUo5LmV5SmhZMk5sYzNOZmRHOXJaVzRpT2lJeVkySm1aR0ZoWlMxaU5ESmlMVFJrWWpjdFlUVXdaaTA1TkdabE5USTVOMlV6TkdZaUxDSnpkV0lpT2lKbExXTnZiVzFsY21ObElpd2laR0YwWVhNaU9pSTNOMlE1WVRSaE5ESmxNV0kyTWpVMU1HUTBZekU1TXpNNFltUm1NMlZtTXlJc0ltVjRjQ0k2TVRVek5qRTROemN6Tm4wLmo5a19RSWEyY2p4cnJ5YlMyUk8wWXVma3JMdlM5SFp6NXM0V19lTFBmUDJiZU1CWkxGNS1PTmNYcGJ5THJiajFxOXFJaW96VXNFTWc0MDZvc0x6NTYwM3AtTzQwaThEb05CYTVCQUxwNXdzalpkQk1mUzJvS2F0YS1uZmdfSGpoYTVKeWNiLVZzdUNpVWZVTVY0bEdURlBUWWROdWNwSFN5YjlBRkNRMnRoQSIsIm9yZ0lkIjoiIn0=' }
[2018-09-05T22:28:37.462] [INFO] httpclires - [login][POST][200]: { code: 200,
  msg: null,
  data: 'eyJhcHBLZXkiOiI1ZTYwYjdhNi1kZGQ5LTRhOTctYThhMy1hMzE3OGJkYjYwMDQiLCJhdXRoSW5mbyI6ImV5SmhiR2NpT2lKUVV6STFOaUo5LmV5SmhZMk5sYzNOZmRHOXJaVzRpT2lKak1qRm1OMlUyWXkwMFpEVTVMVFExWW1FdE9HSTFOQzFoTUdJME5HSm1NelZtTldZaUxDSnpkV0lpT2lKbExXTnZiVzFsY21ObElpd2laR0YwWVhNaU9pSTNOMlE1WVRSaE5ESmxNV0kyTWpVMU1HUTBZekU1TXpNNFltUm1NMlZtTXlJc0ltVjRjQ0k2TVRVek5qRTROemN6Tm4wLkxQX01uNUF6QUVnb0k1TXpxZVdLNWp4RGRKbjB0STVLRHhrbnBqUWt2OVRrMFNpbnNab3BhNk92VTFFMjh1Q3hQUEg3YlZtUjdpUWg3MjF4eDZWTG5wUVh3SWNzUmE1N2t3aVNMWU5YdUNhdmZRb1lTcHNwczN1TjNPUERFS2Z5ZnpqSmE2b1lEOW1rYmV3R3lkSHNWWFcyU0Npa2pWSFE5SGV5RTNlb01yMCIsIm9yZ0lkIjoiIn0=' }
[2018-09-05T22:28:37.790] [INFO] httpclires - [login][POST][200]: { code: 200,
  msg: null,
  data: 'eyJhcHBLZXkiOiI1ZTYwYjdhNi1kZGQ5LTRhOTctYThhMy1hMzE3OGJkYjYwMDQiLCJhdXRoSW5mbyI6ImV5SmhiR2NpT2lKUVV6STFOaUo5LmV5SmhZMk5sYzNOZmRHOXJaVzRpT2lJeE1XSmlZV1E0TlMwNU5UVmhMVFJpT0RZdE9XUm1OQzAzTXpZNU0yTmhPRGM0WmpFaUxDSnpkV0lpT2lKbExXTnZiVzFsY21ObElpd2laR0YwWVhNaU9pSTNOMlE1WVRSaE5ESmxNV0kyTWpVMU1HUTBZekU1TXpNNFltUm1NMlZtTXlJc0ltVjRjQ0k2TVRVek5qRTROemN6TjMwLkpyc1RqSVJOemlKWjY0MkluU3NhTFNFRkVyU1hKMkk0amcxSlF5UkI0NXZVYV9OUkc1NW81djZrNlV2dDRhVnl2RElsa0R5ZDloMkl1QXVxMzZDYzJoSFJVbnZzcVNqQlFfSnE5MnZfaWFsbVlJbU1TdnBES2ZPektBWmhDQTVucEFBUkRTelBmeFJjd3NRSHRORkRMWHlGQUMwei1DWjk4eExlM0dsak5uRSIsIm9yZ0lkIjoiIn0=' }
[2018-09-05T22:28:37.797] [INFO] httpclires - [Project/Query?token=eyJhcHBLZXkiOiI1ZTYwYjdhNi1kZGQ5LTRhOTctYThhMy1hMzE3OGJkYjYwMDQiLCJhdXRoSW5mbyI6ImV5SmhiR2NpT2lKUVV6STFOaUo5LmV5SmhZMk5sYzNOZmRHOXJaVzRpT2lJeVkySm1aR0ZoWlMxaU5ESmlMVFJrWWpjdFlUVXdaaTA1TkdabE5USTVOMlV6TkdZaUxDSnpkV0lpT2lKbExXTnZiVzFsY21ObElpd2laR0YwWVhNaU9pSTNOMlE1WVRSaE5ESmxNV0kyTWpVMU1HUTBZekU1TXpNNFltUm1NMlZtTXlJc0ltVjRjQ0k2TVRVek5qRTROemN6Tm4wLmo5a19RSWEyY2p4cnJ5YlMyUk8wWXVma3JMdlM5SFp6NXM0V19lTFBmUDJiZU1CWkxGNS1PTmNYcGJ5THJiajFxOXFJaW96VXNFTWc0MDZvc0x6NTYwM3AtTzQwaThEb05CYTVCQUxwNXdzalpkQk1mUzJvS2F0YS1uZmdfSGpoYTVKeWNiLVZzdUNpVWZVTVY0bEdURlBUWWROdWNwSFN5YjlBRkNRMnRoQSIsIm9yZ0lkIjoiIn0=][POST][200]: { code: 200,
  msg: null,
  data: 
   [ { Disabled: false,
       CreatedTime: '/Date(-62135596800000)/',
       SequenceNumber: 0,
       Idclass: null,
       ProjectClass: null,
       class: null,
       IdMarketingOrgan: null,
       MarketingOrgan: null,
       WeakTypeDtoName: null,
       DtoClassName: 'Ufida.T.AA.DTO.ProjectDTO',
       IsWeakType: false,
       AliName: 'ProjectDTO',
       Status: 0,
       EnableHasChanged: false,
       ChangedProperty: [],
       DynamicPropertyKeys: [],
       DynamicPropertyValues: [],
       ID: 1,
       DeleteID: 1,
       Name: '和包支付',
       Code: 'FL01',
       Updated: '/Date(1536157737125)/',
       UpdatedBy: null,
       InnerSearchLevel: 0,
       RecordChange: true,
       InnerPropInParentRecure: null,
       Ts: null,
       CaseSensitive: false,
       RecordDynamicNullValue: false,
       data: null } ] }
[2018-09-05T22:28:38.181] [INFO] httpclires - [warehouse/Query?token=eyJhcHBLZXkiOiI1ZTYwYjdhNi1kZGQ5LTRhOTctYThhMy1hMzE3OGJkYjYwMDQiLCJhdXRoSW5mbyI6ImV5SmhiR2NpT2lKUVV6STFOaUo5LmV5SmhZMk5sYzNOZmRHOXJaVzRpT2lJeE1XSmlZV1E0TlMwNU5UVmhMVFJpT0RZdE9XUm1OQzAzTXpZNU0yTmhPRGM0WmpFaUxDSnpkV0lpT2lKbExXTnZiVzFsY21ObElpd2laR0YwWVhNaU9pSTNOMlE1WVRSaE5ESmxNV0kyTWpVMU1HUTBZekU1TXpNNFltUm1NMlZtTXlJc0ltVjRjQ0k2TVRVek5qRTROemN6TjMwLkpyc1RqSVJOemlKWjY0MkluU3NhTFNFRkVyU1hKMkk0amcxSlF5UkI0NXZVYV9OUkc1NW81djZrNlV2dDRhVnl2RElsa0R5ZDloMkl1QXVxMzZDYzJoSFJVbnZzcVNqQlFfSnE5MnZfaWFsbVlJbU1TdnBES2ZPektBWmhDQTVucEFBUkRTelBmeFJjd3NRSHRORkRMWHlGQUMwei1DWjk4eExlM0dsak5uRSIsIm9yZ0lkIjoiIn0=][POST][200]: { code: 200,
  msg: null,
  data: 
   [ { Code: '001', Name: '总仓' },
     { Code: '017', Name: '湄潭县湄江镇兴湄北路自办营业厅' } ] }
[2018-09-05T22:28:38.196] [INFO] httpclires - [person/Query?token=eyJhcHBLZXkiOiI1ZTYwYjdhNi1kZGQ5LTRhOTctYThhMy1hMzE3OGJkYjYwMDQiLCJhdXRoSW5mbyI6ImV5SmhiR2NpT2lKUVV6STFOaUo5LmV5SmhZMk5sYzNOZmRHOXJaVzRpT2lKak1qRm1OMlUyWXkwMFpEVTVMVFExWW1FdE9HSTFOQzFoTUdJME5HSm1NelZtTldZaUxDSnpkV0lpT2lKbExXTnZiVzFsY21ObElpd2laR0YwWVhNaU9pSTNOMlE1WVRSaE5ESmxNV0kyTWpVMU1HUTBZekU1TXpNNFltUm1NMlZtTXlJc0ltVjRjQ0k2TVRVek5qRTROemN6Tm4wLkxQX01uNUF6QUVnb0k1TXpxZVdLNWp4RGRKbjB0STVLRHhrbnBqUWt2OVRrMFNpbnNab3BhNk92VTFFMjh1Q3hQUEg3YlZtUjdpUWg3MjF4eDZWTG5wUVh3SWNzUmE1N2t3aVNMWU5YdUNhdmZRb1lTcHNwczN1TjNPUERFS2Z5ZnpqSmE2b1lEOW1rYmV3R3lkSHNWWFcyU0Npa2pWSFE5SGV5RTNlb01yMCIsIm9yZ0lkIjoiIn0=][POST][200]: { code: 200, msg: null, data: [] }
[2018-09-05T23:02:35.525] [INFO] httpclires - [login][POST][200]: { code: 200,
  msg: null,
  data: 'eyJhcHBLZXkiOiI1ZTYwYjdhNi1kZGQ5LTRhOTctYThhMy1hMzE3OGJkYjYwMDQiLCJhdXRoSW5mbyI6ImV5SmhiR2NpT2lKUVV6STFOaUo5LmV5SmhZMk5sYzNOZmRHOXJaVzRpT2lJeU5qWTFabVF5TVMxa1ptSmhMVFE1WmpjdE9HSmlZUzFpWlRVek1tWTJaREpoWXpZaUxDSnpkV0lpT2lKbExXTnZiVzFsY21ObElpd2laR0YwWVhNaU9pSTNOMlE1WVRSaE5ESmxNV0kyTWpVMU1HUTBZekU1TXpNNFltUm1NMlZtTXlJc0ltVjRjQ0k2TVRVek5qRTRPVGMzTkgwLktoSjdCYXhyTF9ncEE4MTdCSENaNC1jdlFNeWxMUHFuOXVCbVZXalZXbWEtS19PT0pfS3lmMUszXzl4OHRiNHpXQW1PeERyVFd3SGNGRWNCZ1JVMWtnOXZ4eV9pYThuNEtjQ3VtNFl2eG5kZjM4SDdPaV8wbVlSckc4VWNTRTMxZHhkNWxzLUxKSFJlNjV6ZVNyejJrQ28xWWhnd21QQVlHcDFQT2lGa1MtMCIsIm9yZ0lkIjoiIn0=' }
[2018-09-05T23:02:46.280] [INFO] httpclires - [login][POST][200]: { code: 200,
  msg: null,
  data: 'eyJhcHBLZXkiOiI1ZTYwYjdhNi1kZGQ5LTRhOTctYThhMy1hMzE3OGJkYjYwMDQiLCJhdXRoSW5mbyI6ImV5SmhiR2NpT2lKUVV6STFOaUo5LmV5SmhZMk5sYzNOZmRHOXJaVzRpT2lKbU5EWTVOR00xWVMwME1XRXhMVFEyTlRrdE9HRmhOQzAwWXpnM01HWXhOR1V4WVdZaUxDSnpkV0lpT2lKbExXTnZiVzFsY21ObElpd2laR0YwWVhNaU9pSTNOMlE1WVRSaE5ESmxNV0kyTWpVMU1HUTBZekU1TXpNNFltUm1NMlZtTXlJc0ltVjRjQ0k2TVRVek5qRTRPVGM0TlgwLk5UVDBBSC1IbGxLdXhFOE9uSU9QUk1Ia2RYM3I4S3BtWWFrOFNjY2VDd1QwRHgydWQ1MzRRd1cyYW1PRVhWUmdCVzRCdi16Y2FrRFZ0TmluX21lbDJrNDRhRkJFV0trZlJSdTM1Smlnc3ZwWVBOT1dsb2NobG9taHh3M0ZlVUNBdHRNZDdMc0hVYjVBQTA4dXRxekFFc0dyMEVaZGp6bkpTekJPelhVamNrSSIsIm9yZ0lkIjoiIn0=' }
[2018-09-05T23:02:46.724] [INFO] httpclires - [login][POST][200]: { code: 200,
  msg: null,
  data: 'eyJhcHBLZXkiOiI1ZTYwYjdhNi1kZGQ5LTRhOTctYThhMy1hMzE3OGJkYjYwMDQiLCJhdXRoSW5mbyI6ImV5SmhiR2NpT2lKUVV6STFOaUo5LmV5SmhZMk5sYzNOZmRHOXJaVzRpT2lKa1pXVmhNREUzTXkweE56SmpMVFEzT1RFdFlqSmtOeTA1T1dNM01UZzNabUZrT1RFaUxDSnpkV0lpT2lKbExXTnZiVzFsY21ObElpd2laR0YwWVhNaU9pSTNOMlE1WVRSaE5ESmxNV0kyTWpVMU1HUTBZekU1TXpNNFltUm1NMlZtTXlJc0ltVjRjQ0k2TVRVek5qRTRPVGM0Tm4wLmtRWDlxNEZybzBHWUtCZV9UM3ZseHVjR2w5d3pCcWlUVEJjanVKZGpsRDJUWHluZjMwd3BrMzBVT1d0aTNsd0R6Ukx1QVdncGdVT2FMaFBaMGFDQV84Zmhxd25HM1V2aEMzMlgxUFNiQ2dHdzlsN0ZaWUltQWR6RG9QcDYzX1lROGVNOW5vQnI3bVl4WmxVckpvZHUzbHdJTUhZUlAzNl9MSzFhMmZuSkdjcyIsIm9yZ0lkIjoiIn0=' }
[2018-09-05T23:02:47.212] [INFO] httpclires - [login][POST][200]: { code: 200,
  msg: null,
  data: 'eyJhcHBLZXkiOiI1ZTYwYjdhNi1kZGQ5LTRhOTctYThhMy1hMzE3OGJkYjYwMDQiLCJhdXRoSW5mbyI6ImV5SmhiR2NpT2lKUVV6STFOaUo5LmV5SmhZMk5sYzNOZmRHOXJaVzRpT2lJMVltUXdZVEJsTWkwMFpETTJMVFEwWWpNdE9XTmtZUzAwT1dZNE1EQTVPREU1TTJNaUxDSnpkV0lpT2lKbExXTnZiVzFsY21ObElpd2laR0YwWVhNaU9pSTNOMlE1WVRSaE5ESmxNV0kyTWpVMU1HUTBZekU1TXpNNFltUm1NMlZtTXlJc0ltVjRjQ0k2TVRVek5qRTRPVGM0Tm4wLmprS0Fsai03SnFhcGRFaWRfWldxNV9ZdTBPUjB6b1hTejdETUN1cG80NzFuZjJoRml5M0kzaXlOLW1jck9OYV9QdUlza2JyaVd6V21rSzJKSVNYaUR1YTFwb2hxSW1xbWtqd2hoOUxud2EtdGhFS1ZsZ1N6WUNDQm9XVElRaHk4czQxam1weTRPQnhYanFmNEhvck1ZM2FpMzJxRHQ5dWhiWmExR0tNU2FCZyIsIm9yZ0lkIjoiIn0=' }
[2018-09-05T23:02:47.646] [INFO] httpclires - [Project/Query?token=eyJhcHBLZXkiOiI1ZTYwYjdhNi1kZGQ5LTRhOTctYThhMy1hMzE3OGJkYjYwMDQiLCJhdXRoSW5mbyI6ImV5SmhiR2NpT2lKUVV6STFOaUo5LmV5SmhZMk5sYzNOZmRHOXJaVzRpT2lKbU5EWTVOR00xWVMwME1XRXhMVFEyTlRrdE9HRmhOQzAwWXpnM01HWXhOR1V4WVdZaUxDSnpkV0lpT2lKbExXTnZiVzFsY21ObElpd2laR0YwWVhNaU9pSTNOMlE1WVRSaE5ESmxNV0kyTWpVMU1HUTBZekU1TXpNNFltUm1NMlZtTXlJc0ltVjRjQ0k2TVRVek5qRTRPVGM0TlgwLk5UVDBBSC1IbGxLdXhFOE9uSU9QUk1Ia2RYM3I4S3BtWWFrOFNjY2VDd1QwRHgydWQ1MzRRd1cyYW1PRVhWUmdCVzRCdi16Y2FrRFZ0TmluX21lbDJrNDRhRkJFV0trZlJSdTM1Smlnc3ZwWVBOT1dsb2NobG9taHh3M0ZlVUNBdHRNZDdMc0hVYjVBQTA4dXRxekFFc0dyMEVaZGp6bkpTekJPelhVamNrSSIsIm9yZ0lkIjoiIn0=][POST][200]: { code: 200,
  msg: null,
  data: 
   [ { ID: 1,
       Name: '和包支付',
       Code: 'FL01',
       Disabled: false,
       CreatedTime: '/Date(-62135596800000)/',
       SequenceNumber: 0,
       Idclass: null,
       ProjectClass: null,
       class: null,
       IdMarketingOrgan: null,
       MarketingOrgan: null,
       WeakTypeDtoName: null,
       DtoClassName: 'Ufida.T.AA.DTO.ProjectDTO',
       IsWeakType: false,
       AliName: 'ProjectDTO',
       Status: 0,
       EnableHasChanged: false,
       ChangedProperty: [],
       DynamicPropertyKeys: [],
       DynamicPropertyValues: [],
       DeleteID: 1,
       Updated: '/Date(1536159786953)/',
       UpdatedBy: null,
       InnerSearchLevel: 0,
       RecordChange: true,
       InnerPropInParentRecure: null,
       Ts: null,
       CaseSensitive: false,
       RecordDynamicNullValue: false,
       data: null } ] }
[2018-09-05T23:02:48.096] [INFO] httpclires - [person/Query?token=eyJhcHBLZXkiOiI1ZTYwYjdhNi1kZGQ5LTRhOTctYThhMy1hMzE3OGJkYjYwMDQiLCJhdXRoSW5mbyI6ImV5SmhiR2NpT2lKUVV6STFOaUo5LmV5SmhZMk5sYzNOZmRHOXJaVzRpT2lKa1pXVmhNREUzTXkweE56SmpMVFEzT1RFdFlqSmtOeTA1T1dNM01UZzNabUZrT1RFaUxDSnpkV0lpT2lKbExXTnZiVzFsY21ObElpd2laR0YwWVhNaU9pSTNOMlE1WVRSaE5ESmxNV0kyTWpVMU1HUTBZekU1TXpNNFltUm1NMlZtTXlJc0ltVjRjQ0k2TVRVek5qRTRPVGM0Tm4wLmtRWDlxNEZybzBHWUtCZV9UM3ZseHVjR2w5d3pCcWlUVEJjanVKZGpsRDJUWHluZjMwd3BrMzBVT1d0aTNsd0R6Ukx1QVdncGdVT2FMaFBaMGFDQV84Zmhxd25HM1V2aEMzMlgxUFNiQ2dHdzlsN0ZaWUltQWR6RG9QcDYzX1lROGVNOW5vQnI3bVl4WmxVckpvZHUzbHdJTUhZUlAzNl9MSzFhMmZuSkdjcyIsIm9yZ0lkIjoiIn0=][POST][200]: { code: 200, msg: null, data: [] }
[2018-09-05T23:02:48.661] [INFO] httpclires - [login][POST][200]: { code: 200,
  msg: null,
  data: 'eyJhcHBLZXkiOiI1ZTYwYjdhNi1kZGQ5LTRhOTctYThhMy1hMzE3OGJkYjYwMDQiLCJhdXRoSW5mbyI6ImV5SmhiR2NpT2lKUVV6STFOaUo5LmV5SmhZMk5sYzNOZmRHOXJaVzRpT2lKaFpEVXlOV1U1T1MxbU1EVmhMVFF6T0RrdE9EQTVaUzB5TWpJM05tRTJNR1kzTW1VaUxDSnpkV0lpT2lKbExXTnZiVzFsY21ObElpd2laR0YwWVhNaU9pSTNOMlE1WVRSaE5ESmxNV0kyTWpVMU1HUTBZekU1TXpNNFltUm1NMlZtTXlJc0ltVjRjQ0k2TVRVek5qRTRPVGM0TjMwLmd2X0FzeWo1TWo2MExZVFpnMzBmSmZ4NklXT1FIQ0UzOUFGTC1rSE8tc1VnUV9rUVBNTC1nQmViTFBIa2VWR19pOUxuMnJnU3dOMUhFZVJOdkxfOU1aVldrT0N0ZHNuT0pLN1pMeTJra1U3T2RFUUQzOWtmT282c1YtWF82OEJNWWNkN3lJaWtpUjNUTENwb0k1YktKcU5EczZ2TzBPanI4b1JyVlRJbXdCRSIsIm9yZ0lkIjoiIn0=' }
[2018-09-05T23:02:49.126] [INFO] httpclires - [warehouse/Query?token=eyJhcHBLZXkiOiI1ZTYwYjdhNi1kZGQ5LTRhOTctYThhMy1hMzE3OGJkYjYwMDQiLCJhdXRoSW5mbyI6ImV5SmhiR2NpT2lKUVV6STFOaUo5LmV5SmhZMk5sYzNOZmRHOXJaVzRpT2lJMVltUXdZVEJsTWkwMFpETTJMVFEwWWpNdE9XTmtZUzAwT1dZNE1EQTVPREU1TTJNaUxDSnpkV0lpT2lKbExXTnZiVzFsY21ObElpd2laR0YwWVhNaU9pSTNOMlE1WVRSaE5ESmxNV0kyTWpVMU1HUTBZekU1TXpNNFltUm1NMlZtTXlJc0ltVjRjQ0k2TVRVek5qRTRPVGM0Tm4wLmprS0Fsai03SnFhcGRFaWRfWldxNV9ZdTBPUjB6b1hTejdETUN1cG80NzFuZjJoRml5M0kzaXlOLW1jck9OYV9QdUlza2JyaVd6V21rSzJKSVNYaUR1YTFwb2hxSW1xbWtqd2hoOUxud2EtdGhFS1ZsZ1N6WUNDQm9XVElRaHk4czQxam1weTRPQnhYanFmNEhvck1ZM2FpMzJxRHQ5dWhiWmExR0tNU2FCZyIsIm9yZ0lkIjoiIn0=][POST][200]: { code: 200,
  msg: null,
  data: 
   [ { Code: '001', Name: '总仓' },
     { Code: '017', Name: '湄潭县湄江镇兴湄北路自办营业厅' } ] }
[2018-09-05T23:02:50.661] [INFO] httpclires - [inventory/Query?token=eyJhcHBLZXkiOiI1ZTYwYjdhNi1kZGQ5LTRhOTctYThhMy1hMzE3OGJkYjYwMDQiLCJhdXRoSW5mbyI6ImV5SmhiR2NpT2lKUVV6STFOaUo5LmV5SmhZMk5sYzNOZmRHOXJaVzRpT2lKaFpEVXlOV1U1T1MxbU1EVmhMVFF6T0RrdE9EQTVaUzB5TWpJM05tRTJNR1kzTW1VaUxDSnpkV0lpT2lKbExXTnZiVzFsY21ObElpd2laR0YwWVhNaU9pSTNOMlE1WVRSaE5ESmxNV0kyTWpVMU1HUTBZekU1TXpNNFltUm1NMlZtTXlJc0ltVjRjQ0k2TVRVek5qRTRPVGM0TjMwLmd2X0FzeWo1TWo2MExZVFpnMzBmSmZ4NklXT1FIQ0UzOUFGTC1rSE8tc1VnUV9rUVBNTC1nQmViTFBIa2VWR19pOUxuMnJnU3dOMUhFZVJOdkxfOU1aVldrT0N0ZHNuT0pLN1pMeTJra1U3T2RFUUQzOWtmT282c1YtWF82OEJNWWNkN3lJaWtpUjNUTENwb0k1YktKcU5EczZ2TzBPanI4b1JyVlRJbXdCRSIsIm9yZ0lkIjoiIn0=][POST][200]: { code: 200,
  msg: null,
  data: 
   [ { Code: '0001001',
       Name: '荷影丽人12卷 本色卫生纸卷纸',
       Shorthand: 'HYLR12J BSWSZJZ',
       Specification: '12卷',
       DefaultBarCode: '6951423400899',
       Disabled: 'False',
       IsPurchase: 'True',
       IsSale: 'True',
       IsMadeSelf: 'False',
       IsMaterial: 'False',
       IsSuite: 'False',
       IsLaborCost: 'False',
       Unit: [Object],
       UnitBySale: [Object],
       UnitByRetail: [Object],
       UnitByPurchase: [Object],
       UnitByStock: [Object],
       UnitByManufacture: [Object],
       InventoryClass: [Object],
       ProductInfo: null },
     { Code: '0001002',
       Name: '2080g奇强A3+冷水洗衣粉',
       Shorthand: '2080gQQA3+LSXYF',
       Specification: '1*6',
       DefaultBarCode: '6907917011898',
       Disabled: 'False',
       IsPurchase: 'True',
       IsSale: 'True',
       IsMadeSelf: 'False',
       IsMaterial: 'False',
       IsSuite: 'False',
       IsLaborCost: 'False',
       Unit: [Object],
       UnitBySale: [Object],
       UnitByRetail: [Object],
       UnitByPurchase: [Object],
       UnitByStock: [Object],
       UnitByManufacture: [Object],
       InventoryClass: [Object],
       ProductInfo: null },
     { Code: '0001003',
       Name: '200g*5奇强加香肥皂',
       Shorthand: '200g*5QQJXFZ',
       Specification: '1*6',
       DefaultBarCode: '6907917131749',
       Disabled: 'False',
       IsPurchase: 'True',
       IsSale: 'True',
       IsMadeSelf: 'False',
       IsMaterial: 'False',
       IsSuite: 'False',
       IsLaborCost: 'False',
       Unit: [Object],
       UnitBySale: [Object],
       UnitByRetail: [Object],
       UnitByPurchase: [Object],
       UnitByStock: [Object],
       UnitByManufacture: [Object],
       InventoryClass: [Object],
       ProductInfo: null },
     { Code: '0001004',
       Name: '2000g奇强柠檬洗洁精',
       Shorthand: '2000gQQNMXJJ',
       Specification: '1*8',
       DefaultBarCode: '6907917121689',
       Disabled: 'False',
       IsPurchase: 'True',
       IsSale: 'True',
       IsMadeSelf: 'False',
       IsMaterial: 'False',
       IsSuite: 'False',
       IsLaborCost: 'False',
       Unit: [Object],
       UnitBySale: [Object],
       UnitByRetail: [Object],
       UnitByPurchase: [Object],
       UnitByStock: [Object],
       UnitByManufacture: [Object],
       InventoryClass: [Object],
       ProductInfo: null },
     { Code: '0001005',
       Name: '2000g+1800g奇强套装洗衣液',
       Shorthand: '2000g+1800gQQTZXYY',
       Specification: '1*3',
       DefaultBarCode: '',
       Disabled: 'False',
       IsPurchase: 'True',
       IsSale: 'True',
       IsMadeSelf: 'False',
       IsMaterial: 'False',
       IsSuite: 'False',
       IsLaborCost: 'False',
       Unit: [Object],
       UnitBySale: [Object],
       UnitByRetail: [Object],
       UnitByPurchase: [Object],
       UnitByStock: [Object],
       UnitByManufacture: [Object],
       InventoryClass: [Object],
       ProductInfo: null },
     { Code: '0001006',
       Name: '500ml六神艾叶抑菌洗手液（清爽型）',
       Shorthand: '500mlLSAYYJXSY（QSX）',
       Specification: '1*12',
       DefaultBarCode: '6901294200203',
       Disabled: 'False',
       IsPurchase: 'True',
       IsSale: 'True',
       IsMadeSelf: 'False',
       IsMaterial: 'False',
       IsSuite: 'False',
       IsLaborCost: 'False',
       Unit: [Object],
       UnitBySale: [Object],
       UnitByRetail: [Object],
       UnitByPurchase: [Object],
       UnitByStock: [Object],
       UnitByManufacture: [Object],
       InventoryClass: [Object],
       ProductInfo: null },
     { Code: '0001007',
       Name: '450ml六神清透凉爽沐浴露（金桔+柠檬）',
       Shorthand: '450mlLSQTLSMYL（JJ+NM）',
       Specification: '1*20',
       DefaultBarCode: '6901294201378',
       Disabled: 'False',
       IsPurchase: 'True',
       IsSale: 'True',
       IsMadeSelf: 'False',
       IsMaterial: 'False',
       IsSuite: 'False',
       IsLaborCost: 'False',
       Unit: [Object],
       UnitBySale: [Object],
       UnitByRetail: [Object],
       UnitByPurchase: [Object],
       UnitByStock: [Object],
       UnitByManufacture: [Object],
       InventoryClass: [Object],
       ProductInfo: null },
     { Code: '0001009',
       Name: '400ml好迪活力去屑  清爽控油 男士',
       Shorthand: '400mlHDHLQX  QSKY NS',
       Specification: '1*24',
       DefaultBarCode: '6907435672458',
       Disabled: 'False',
       IsPurchase: 'True',
       IsSale: 'True',
       IsMadeSelf: 'False',
       IsMaterial: 'False',
       IsSuite: 'False',
       IsLaborCost: 'False',
       Unit: [Object],
       UnitBySale: [Object],
       UnitByRetail: [Object],
       UnitByPurchase: [Object],
       UnitByStock: [Object],
       UnitByManufacture: [Object],
       InventoryClass: [Object],
       ProductInfo: null },
     { Code: '0001008',
       Name: '雨娇：115生态10连包抽纸',
       Shorthand: 'YJ：115ST10LBCZ',
       Specification: '1*10*10',
       DefaultBarCode: '6940790503227',
       Disabled: 'False',
       IsPurchase: 'True',
       IsSale: 'True',
       IsMadeSelf: 'False',
       IsMaterial: 'False',
       IsSuite: 'False',
       IsLaborCost: 'False',
       Unit: [Object],
       UnitBySale: [Object],
       UnitByRetail: [Object],
       UnitByPurchase: [Object],
       UnitByStock: [Object],
       UnitByManufacture: [Object],
       InventoryClass: [Object],
       ProductInfo: null },
     { Code: '0001010',
       Name: '750ml好迪活力去屑洗发露 营养滋润（深蓝）',
       Shorthand: '750mlHDHLQXXFL YYZR（SL）',
       Specification: '1*16',
       DefaultBarCode: '6907435672472',
       Disabled: 'False',
       IsPurchase: 'True',
       IsSale: 'True',
       IsMadeSelf: 'False',
       IsMaterial: 'False',
       IsSuite: 'False',
       IsLaborCost: 'False',
       Unit: [Object],
       UnitBySale: [Object],
       UnitByRetail: [Object],
       UnitByPurchase: [Object],
       UnitByStock: [Object],
       UnitByManufacture: [Object],
       InventoryClass: [Object],
       ProductInfo: null },
     { Code: '0001011',
       Name: '400ml好迪柔亮柔顺洗发水 倍直垂顺（浅蓝）新',
       Shorthand: '400mlHDRLRSXFS BZCS（QL）X',
       Specification: '1*24',
       DefaultBarCode: '6907435669144',
       Disabled: 'False',
       IsPurchase: 'True',
       IsSale: 'True',
       IsMadeSelf: 'False',
       IsMaterial: 'False',
       IsSuite: 'False',
       IsLaborCost: 'False',
       Unit: [Object],
       UnitBySale: [Object],
       UnitByRetail: [Object],
       UnitByPurchase: [Object],
       UnitByStock: [Object],
       UnitByManufacture: [Object],
       InventoryClass: [Object],
       ProductInfo: null },
     { Code: '0002001',
       Name: '原味纯香菜籽油2L',
       Shorthand: 'YWCXCZY2L',
       Specification: '2L',
       DefaultBarCode: '6926650500100',
       Disabled: 'False',
       IsPurchase: 'True',
       IsSale: 'True',
       IsMadeSelf: 'False',
       IsMaterial: 'False',
       IsSuite: 'False',
       IsLaborCost: 'False',
       Unit: [Object],
       UnitBySale: [Object],
       UnitByRetail: [Object],
       UnitByPurchase: [Object],
       UnitByStock: [Object],
       UnitByManufacture: [Object],
       InventoryClass: [Object],
       ProductInfo: null },
     { Code: '0002002',
       Name: '传统浓香菜籽油2L',
       Shorthand: 'CTNXCZY2L',
       Specification: '2L',
       DefaultBarCode: '6926650500018',
       Disabled: 'False',
       IsPurchase: 'True',
       IsSale: 'True',
       IsMadeSelf: 'False',
       IsMaterial: 'False',
       IsSuite: 'False',
       IsLaborCost: 'False',
       Unit: [Object],
       UnitBySale: [Object],
       UnitByRetail: [Object],
       UnitByPurchase: [Object],
       UnitByStock: [Object],
       UnitByManufacture: [Object],
       InventoryClass: [Object],
       ProductInfo: null },
     { Code: '0002003',
       Name: '原味纯香菜籽油4L',
       Shorthand: 'YWCXCZY4L',
       Specification: '4L',
       DefaultBarCode: '6926650500148',
       Disabled: 'False',
       IsPurchase: 'True',
       IsSale: 'True',
       IsMadeSelf: 'False',
       IsMaterial: 'False',
       IsSuite: 'False',
       IsLaborCost: 'False',
       Unit: [Object],
       UnitBySale: [Object],
       UnitByRetail: [Object],
       UnitByPurchase: [Object],
       UnitByStock: [Object],
       UnitByManufacture: [Object],
       InventoryClass: [Object],
       ProductInfo: null },
     { Code: '0002004',
       Name: '传统浓香菜籽油4L',
       Shorthand: 'CTNXCZY4L',
       Specification: '4L',
       DefaultBarCode: '6926650500032',
       Disabled: 'False',
       IsPurchase: 'True',
       IsSale: 'True',
       IsMadeSelf: 'False',
       IsMaterial: 'False',
       IsSuite: 'False',
       IsLaborCost: 'False',
       Unit: [Object],
       UnitBySale: [Object],
       UnitByRetail: [Object],
       UnitByPurchase: [Object],
       UnitByStock: [Object],
       UnitByManufacture: [Object],
       InventoryClass: [Object],
       ProductInfo: null },
     { Code: '0002005',
       Name: '九吉香菜籽油',
       Shorthand: 'JJXCZY',
       Specification: '5L',
       DefaultBarCode: '6926650500421',
       Disabled: 'False',
       IsPurchase: 'True',
       IsSale: 'True',
       IsMadeSelf: 'False',
       IsMaterial: 'False',
       IsSuite: 'False',
       IsLaborCost: 'False',
       Unit: [Object],
       UnitBySale: [Object],
       UnitByRetail: [Object],
       UnitByPurchase: [Object],
       UnitByStock: [Object],
       UnitByManufacture: [Object],
       InventoryClass: [Object],
       ProductInfo: null },
     { Code: '0002006',
       Name: '九吉纯菜籽油',
       Shorthand: 'JJCCZY',
       Specification: '5L',
       DefaultBarCode: '6926650500438',
       Disabled: 'False',
       IsPurchase: 'True',
       IsSale: 'True',
       IsMadeSelf: 'False',
       IsMaterial: 'False',
       IsSuite: 'False',
       IsLaborCost: 'False',
       Unit: [Object],
       UnitBySale: [Object],
       UnitByRetail: [Object],
       UnitByPurchase: [Object],
       UnitByStock: [Object],
       UnitByManufacture: [Object],
       InventoryClass: [Object],
       ProductInfo: null },
     { Code: '0002007',
       Name: '风味豆豉辣椒',
       Shorthand: 'FWDCLJ',
       Specification: '280',
       DefaultBarCode: '6937454800037',
       Disabled: 'False',
       IsPurchase: 'True',
       IsSale: 'True',
       IsMadeSelf: 'False',
       IsMaterial: 'False',
       IsSuite: 'False',
       IsLaborCost: 'False',
       Unit: [Object],
       UnitBySale: [Object],
       UnitByRetail: [Object],
       UnitByPurchase: [Object],
       UnitByStock: [Object],
       UnitByManufacture: [Object],
       InventoryClass: [Object],
       ProductInfo: null },
     { Code: '0002008',
       Name: '蒜香油辣椒',
       Shorthand: 'SXYLJ',
       Specification: '280',
       DefaultBarCode: '6937454800020',
       Disabled: 'False',
       IsPurchase: 'True',
       IsSale: 'True',
       IsMadeSelf: 'False',
       IsMaterial: 'False',
       IsSuite: 'False',
       IsLaborCost: 'False',
       Unit: [Object],
       UnitBySale: [Object],
       UnitByRetail: [Object],
       UnitByPurchase: [Object],
       UnitByStock: [Object],
       UnitByManufacture: [Object],
       InventoryClass: [Object],
       ProductInfo: null },
     { Code: '0002009',
       Name: '去骨鸡辣椒',
       Shorthand: 'QGJLJ',
       Specification: '200',
       DefaultBarCode: '6937454800051',
       Disabled: 'False',
       IsPurchase: 'True',
       IsSale: 'True',
       IsMadeSelf: 'False',
       IsMaterial: 'False',
       IsSuite: 'False',
       IsLaborCost: 'False',
       Unit: [Object],
       UnitBySale: [Object],
       UnitByRetail: [Object],
       UnitByPurchase: [Object],
       UnitByStock: [Object],
       UnitByManufacture: [Object],
       InventoryClass: [Object],
       ProductInfo: null },
     { Code: '0002010',
       Name: '香辣牛肉酱',
       Shorthand: 'XLNRJ',
       Specification: '210',
       DefaultBarCode: '6937454800174',
       Disabled: 'False',
       IsPurchase: 'True',
       IsSale: 'True',
       IsMadeSelf: 'False',
       IsMaterial: 'False',
       IsSuite: 'False',
       IsLaborCost: 'False',
       Unit: [Object],
       UnitBySale: [Object],
       UnitByRetail: [Object],
       UnitByPurchase: [Object],
       UnitByStock: [Object],
       UnitByManufacture: [Object],
       InventoryClass: [Object],
       ProductInfo: null },
     { Code: '0002011',
       Name: '芝麻蒜香油辣椒',
       Shorthand: 'ZMSXYLJ',
       Specification: '200',
       DefaultBarCode: '6937454800082',
       Disabled: 'False',
       IsPurchase: 'True',
       IsSale: 'True',
       IsMadeSelf: 'False',
       IsMaterial: 'False',
       IsSuite: 'False',
       IsLaborCost: 'False',
       Unit: [Object],
       UnitBySale: [Object],
       UnitByRetail: [Object],
       UnitByPurchase: [Object],
       UnitByStock: [Object],
       UnitByManufacture: [Object],
       InventoryClass: [Object],
       ProductInfo: null },
     { Code: '0002012',
       Name: '潘祥记彩旗伴月礼',
       Shorthand: 'PXJCQBYL',
       Specification: '600g',
       DefaultBarCode: '',
       Disabled: 'False',
       IsPurchase: 'True',
       IsSale: 'True',
       IsMadeSelf: 'False',
       IsMaterial: 'False',
       IsSuite: 'False',
       IsLaborCost: 'False',
       Unit: [Object],
       UnitBySale: [Object],
       UnitByRetail: [Object],
       UnitByPurchase: [Object],
       UnitByStock: [Object],
       UnitByManufacture: [Object],
       InventoryClass: [Object],
       ProductInfo: null },
     { Code: '0002013',
       Name: '潘祥记轻舞飞扬',
       Shorthand: 'PXJQWFY',
       Specification: '480g',
       DefaultBarCode: '',
       Disabled: 'False',
       IsPurchase: 'True',
       IsSale: 'True',
       IsMadeSelf: 'False',
       IsMaterial: 'False',
       IsSuite: 'False',
       IsLaborCost: 'False',
       Unit: [Object],
       UnitBySale: [Object],
       UnitByRetail: [Object],
       UnitByPurchase: [Object],
       UnitByStock: [Object],
       UnitByManufacture: [Object],
       InventoryClass: [Object],
       ProductInfo: null },
     { Code: '0002014',
       Name: '潘祥记散装月饼',
       Shorthand: 'PXJSZYB',
       Specification: '1000g',
       DefaultBarCode: '',
       Disabled: 'False',
       IsPurchase: 'True',
       IsSale: 'True',
       IsMadeSelf: 'False',
       IsMaterial: 'False',
       IsSuite: 'False',
       IsLaborCost: 'False',
       Unit: [Object],
       UnitBySale: [Object],
       UnitByRetail: [Object],
       UnitByPurchase: [Object],
       UnitByStock: [Object],
       UnitByManufacture: [Object],
       InventoryClass: [Object],
       ProductInfo: null },
     { Code: '0002015',
       Name: '集味村思乡情',
       Shorthand: 'JWCSXQ',
       Specification: '430g',
       DefaultBarCode: '',
       Disabled: 'False',
       IsPurchase: 'True',
       IsSale: 'True',
       IsMadeSelf: 'False',
       IsMaterial: 'False',
       IsSuite: 'False',
       IsLaborCost: 'False',
       Unit: [Object],
       UnitBySale: [Object],
       UnitByRetail: [Object],
       UnitByPurchase: [Object],
       UnitByStock: [Object],
       UnitByManufacture: [Object],
       InventoryClass: [Object],
       ProductInfo: null },
     { Code: '0002016',
       Name: '六甲散装',
       Shorthand: 'LJSZ',
       Specification: '750g',
       DefaultBarCode: '',
       Disabled: 'False',
       IsPurchase: 'True',
       IsSale: 'True',
       IsMadeSelf: 'False',
       IsMaterial: 'False',
       IsSuite: 'False',
       IsLaborCost: 'False',
       Unit: [Object],
       UnitBySale: [Object],
       UnitByRetail: [Object],
       UnitByPurchase: [Object],
       UnitByStock: [Object],
       UnitByManufacture: [Object],
       InventoryClass: [Object],
       ProductInfo: null } ] }
[2018-09-05T23:02:51.319] [INFO] httpclires - [login][POST][200]: { code: 200,
  msg: null,
  data: 'eyJhcHBLZXkiOiI1ZTYwYjdhNi1kZGQ5LTRhOTctYThhMy1hMzE3OGJkYjYwMDQiLCJhdXRoSW5mbyI6ImV5SmhiR2NpT2lKUVV6STFOaUo5LmV5SmhZMk5sYzNOZmRHOXJaVzRpT2lKak1HSXlZakV4TlMxbE9EUTFMVFEyT0dNdFltWTJPQzB6TUdOak16ZzBObUZpTldJaUxDSnpkV0lpT2lKbExXTnZiVzFsY21ObElpd2laR0YwWVhNaU9pSTNOMlE1WVRSaE5ESmxNV0kyTWpVMU1HUTBZekU1TXpNNFltUm1NMlZtTXlJc0ltVjRjQ0k2TVRVek5qRTRPVGM1TUgwLkF3em42YkhaV0dKWXh2TVUtR0I5dUpSSkp1SUNVQnhQX2lCWU5xSlFMTDJlUVd5LVBxLURGRGpGdDk2SXVnXzh1ckxfcGRXcmJUVE5MdkdLZ0dibXlXWWp5LUtQc3RCN09MMW0wbVZmazBtTHBBUllyazlnSjl1QWUycjhyOXZ1djJKSjgwOGZ2RFhiQkVOQ0c1YUgtdGpjN08xTHV0bTdDYWtXQ2J4LTkzQSIsIm9yZ0lkIjoiIn0=' }
[2018-09-05T23:02:51.875] [INFO] httpclires - [login][POST][200]: { code: 200,
  msg: null,
  data: 'eyJhcHBLZXkiOiI1ZTYwYjdhNi1kZGQ5LTRhOTctYThhMy1hMzE3OGJkYjYwMDQiLCJhdXRoSW5mbyI6ImV5SmhiR2NpT2lKUVV6STFOaUo5LmV5SmhZMk5sYzNOZmRHOXJaVzRpT2lKbE5tTTBOV1F5WVMweU1ETmxMVFEyTjJNdE9ESXhaQzAwWkRNMVpHSXdabVV4Wm1JaUxDSnpkV0lpT2lKbExXTnZiVzFsY21ObElpd2laR0YwWVhNaU9pSTNOMlE1WVRSaE5ESmxNV0kyTWpVMU1HUTBZekU1TXpNNFltUm1NMlZtTXlJc0ltVjRjQ0k2TVRVek5qRTRPVGM1TVgwLmhJdXpqUEo5MGx2ZnlENXRPcUE2NU5oQXk2QmJXRFZ2Vld6RGwyQW1VZVIydVBiNW5zSkp4LVBWT3hEQXJfajFhaVo3SDBQbEF4Tmp3M3Z1NTk1QjNfM3FUZnNfNWUzeFlLcXp2VHEydlM2ZHRacElMeVlXZEU1S29SbDlXakNnMHgyMzV6NnlJd3lDenJnbGNtWUI3cTdsLWx4dXUyeWFTTlE0NkJyVXo1byIsIm9yZ0lkIjoiIn0=' }
[2018-09-05T23:02:52.356] [INFO] httpclires - [currentStock/Query?token=eyJhcHBLZXkiOiI1ZTYwYjdhNi1kZGQ5LTRhOTctYThhMy1hMzE3OGJkYjYwMDQiLCJhdXRoSW5mbyI6ImV5SmhiR2NpT2lKUVV6STFOaUo5LmV5SmhZMk5sYzNOZmRHOXJaVzRpT2lKak1HSXlZakV4TlMxbE9EUTFMVFEyT0dNdFltWTJPQzB6TUdOak16ZzBObUZpTldJaUxDSnpkV0lpT2lKbExXTnZiVzFsY21ObElpd2laR0YwWVhNaU9pSTNOMlE1WVRSaE5ESmxNV0kyTWpVMU1HUTBZekU1TXpNNFltUm1NMlZtTXlJc0ltVjRjQ0k2TVRVek5qRTRPVGM1TUgwLkF3em42YkhaV0dKWXh2TVUtR0I5dUpSSkp1SUNVQnhQX2lCWU5xSlFMTDJlUVd5LVBxLURGRGpGdDk2SXVnXzh1ckxfcGRXcmJUVE5MdkdLZ0dibXlXWWp5LUtQc3RCN09MMW0wbVZmazBtTHBBUllyazlnSjl1QWUycjhyOXZ1djJKSjgwOGZ2RFhiQkVOQ0c1YUgtdGpjN08xTHV0bTdDYWtXQ2J4LTkzQSIsIm9yZ0lkIjoiIn0=][POST][200]: { code: 200,
  msg: null,
  data: 
   [ { WarehouseName: '总仓',
       WarehouseCode: '001',
       InventoryCode: '0001001',
       InventoryName: '荷影丽人12卷 本色卫生纸卷纸',
       DefaultBarCode: '6951423400899',
       InvBarCode: null,
       UnitName: '提',
       Specification: '12卷',
       Brand: '',
       AvailableQuantity: '1.0000000000000',
       ExistingQuantity: '12.00000000000000',
       UnitName2: null,
       AvailableQuantity2: null,
       ExistingQuantity2: null,
       TS: '0x0000000000a01bce',
       TotalCount: 18,
       SkuCode: null,
       Batch: null,
       ProductionDate: null,
       ExpiryDate: null,
       DynamicPropertyKeys: [],
       DynamicPropertyTitles: [],
       DynamicPropertyValues: [] },
     { WarehouseName: '总仓',
       WarehouseCode: '001',
       InventoryCode: '0001002',
       InventoryName: '2080g奇强A3+冷水洗衣粉',
       DefaultBarCode: '6907917011898',
       InvBarCode: null,
       UnitName: '包',
       Specification: '1*6',
       Brand: '',
       AvailableQuantity: '0.0000000000000',
       ExistingQuantity: '0.00000000000000',
       UnitName2: null,
       AvailableQuantity2: null,
       ExistingQuantity2: null,
       TS: '0x0000000000a01bcf',
       TotalCount: 18,
       SkuCode: null,
       Batch: null,
       ProductionDate: null,
       ExpiryDate: null,
       DynamicPropertyKeys: [],
       DynamicPropertyTitles: [],
       DynamicPropertyValues: [] },
     { WarehouseName: '总仓',
       WarehouseCode: '001',
       InventoryCode: '0001003',
       InventoryName: '200g*5奇强加香肥皂',
       DefaultBarCode: '6907917131749',
       InvBarCode: null,
       UnitName: '组',
       Specification: '1*6',
       Brand: '',
       AvailableQuantity: '0.0000000000000',
       ExistingQuantity: '0.00000000000000',
       UnitName2: null,
       AvailableQuantity2: null,
       ExistingQuantity2: null,
       TS: '0x0000000000a01bd0',
       TotalCount: 18,
       SkuCode: null,
       Batch: null,
       ProductionDate: null,
       ExpiryDate: null,
       DynamicPropertyKeys: [],
       DynamicPropertyTitles: [],
       DynamicPropertyValues: [] },
     { WarehouseName: '总仓',
       WarehouseCode: '001',
       InventoryCode: '0001004',
       InventoryName: '2000g奇强柠檬洗洁精',
       DefaultBarCode: '6907917121689',
       InvBarCode: null,
       UnitName: '瓶',
       Specification: '1*8',
       Brand: '',
       AvailableQuantity: '0.0000000000000',
       ExistingQuantity: '5.00000000000000',
       UnitName2: null,
       AvailableQuantity2: null,
       ExistingQuantity2: null,
       TS: '0x0000000000a01bd1',
       TotalCount: 18,
       SkuCode: null,
       Batch: null,
       ProductionDate: null,
       ExpiryDate: null,
       DynamicPropertyKeys: [],
       DynamicPropertyTitles: [],
       DynamicPropertyValues: [] },
     { WarehouseName: '总仓',
       WarehouseCode: '001',
       InventoryCode: '0001005',
       InventoryName: '2000g+1800g奇强套装洗衣液',
       DefaultBarCode: '',
       InvBarCode: null,
       UnitName: '套',
       Specification: '1*3',
       Brand: '',
       AvailableQuantity: '0.0000000000000',
       ExistingQuantity: '0.00000000000000',
       UnitName2: null,
       AvailableQuantity2: null,
       ExistingQuantity2: null,
       TS: '0x0000000000a01bd2',
       TotalCount: 18,
       SkuCode: null,
       Batch: null,
       ProductionDate: null,
       ExpiryDate: null,
       DynamicPropertyKeys: [],
       DynamicPropertyTitles: [],
       DynamicPropertyValues: [] },
     { WarehouseName: '总仓',
       WarehouseCode: '001',
       InventoryCode: '0001006',
       InventoryName: '500ml六神艾叶抑菌洗手液（清爽型）',
       DefaultBarCode: '6901294200203',
       InvBarCode: null,
       UnitName: '瓶',
       Specification: '1*12',
       Brand: '',
       AvailableQuantity: '0.0000000000000',
       ExistingQuantity: '0.00000000000000',
       UnitName2: null,
       AvailableQuantity2: null,
       ExistingQuantity2: null,
       TS: '0x0000000000a01bd3',
       TotalCount: 18,
       SkuCode: null,
       Batch: null,
       ProductionDate: null,
       ExpiryDate: null,
       DynamicPropertyKeys: [],
       DynamicPropertyTitles: [],
       DynamicPropertyValues: [] },
     { WarehouseName: '总仓',
       WarehouseCode: '001',
       InventoryCode: '0001007',
       InventoryName: '450ml六神清透凉爽沐浴露（金桔+柠檬）',
       DefaultBarCode: '6901294201378',
       InvBarCode: null,
       UnitName: '瓶',
       Specification: '1*20',
       Brand: '',
       AvailableQuantity: '0.0000000000000',
       ExistingQuantity: '0.00000000000000',
       UnitName2: null,
       AvailableQuantity2: null,
       ExistingQuantity2: null,
       TS: '0x0000000000a01bd4',
       TotalCount: 18,
       SkuCode: null,
       Batch: null,
       ProductionDate: null,
       ExpiryDate: null,
       DynamicPropertyKeys: [],
       DynamicPropertyTitles: [],
       DynamicPropertyValues: [] },
     { WarehouseName: '总仓',
       WarehouseCode: '001',
       InventoryCode: '0001008',
       InventoryName: '雨娇：115生态10连包抽纸',
       DefaultBarCode: '6940790503227',
       InvBarCode: null,
       UnitName: '提',
       Specification: '1*10*10',
       Brand: '',
       AvailableQuantity: '1.0000000000000',
       ExistingQuantity: '11.00000000000000',
       UnitName2: null,
       AvailableQuantity2: null,
       ExistingQuantity2: null,
       TS: '0x0000000000a01bd5',
       TotalCount: 18,
       SkuCode: null,
       Batch: null,
       ProductionDate: null,
       ExpiryDate: null,
       DynamicPropertyKeys: [],
       DynamicPropertyTitles: [],
       DynamicPropertyValues: [] },
     { WarehouseName: '总仓',
       WarehouseCode: '001',
       InventoryCode: '0002003',
       InventoryName: '原味纯香菜籽油4L',
       DefaultBarCode: '6926650500148',
       InvBarCode: null,
       UnitName: '瓶',
       Specification: '4L',
       Brand: '',
       AvailableQuantity: '0.0000000000000',
       ExistingQuantity: '0.00000000000000',
       UnitName2: null,
       AvailableQuantity2: null,
       ExistingQuantity2: null,
       TS: '0x00000000009fd79c',
       TotalCount: 18,
       SkuCode: null,
       Batch: null,
       ProductionDate: null,
       ExpiryDate: null,
       DynamicPropertyKeys: [],
       DynamicPropertyTitles: [],
       DynamicPropertyValues: [] },
     { WarehouseName: '总仓',
       WarehouseCode: '001',
       InventoryCode: '0002007',
       InventoryName: '风味豆豉辣椒',
       DefaultBarCode: '6937454800037',
       InvBarCode: null,
       UnitName: '瓶',
       Specification: '280',
       Brand: '',
       AvailableQuantity: '9.0000000000000',
       ExistingQuantity: '12.00000000000000',
       UnitName2: null,
       AvailableQuantity2: null,
       ExistingQuantity2: null,
       TS: '0x00000000009fb085',
       TotalCount: 18,
       SkuCode: null,
       Batch: null,
       ProductionDate: null,
       ExpiryDate: null,
       DynamicPropertyKeys: [],
       DynamicPropertyTitles: [],
       DynamicPropertyValues: [] },
     { WarehouseName: '总仓',
       WarehouseCode: '001',
       InventoryCode: '0002008',
       InventoryName: '蒜香油辣椒',
       DefaultBarCode: '6937454800020',
       InvBarCode: null,
       UnitName: '瓶',
       Specification: '280',
       Brand: '',
       AvailableQuantity: '4.0000000000000',
       ExistingQuantity: '9.00000000000000',
       UnitName2: null,
       AvailableQuantity2: null,
       ExistingQuantity2: null,
       TS: '0x00000000009fb088',
       TotalCount: 18,
       SkuCode: null,
       Batch: null,
       ProductionDate: null,
       ExpiryDate: null,
       DynamicPropertyKeys: [],
       DynamicPropertyTitles: [],
       DynamicPropertyValues: [] },
     { WarehouseName: '总仓',
       WarehouseCode: '001',
       InventoryCode: '0002009',
       InventoryName: '去骨鸡辣椒',
       DefaultBarCode: '6937454800051',
       InvBarCode: null,
       UnitName: '瓶',
       Specification: '200',
       Brand: '',
       AvailableQuantity: '2.0000000000000',
       ExistingQuantity: '7.00000000000000',
       UnitName2: null,
       AvailableQuantity2: null,
       ExistingQuantity2: null,
       TS: '0x00000000009fd40f',
       TotalCount: 18,
       SkuCode: null,
       Batch: null,
       ProductionDate: null,
       ExpiryDate: null,
       DynamicPropertyKeys: [],
       DynamicPropertyTitles: [],
       DynamicPropertyValues: [] },
     { WarehouseName: '总仓',
       WarehouseCode: '001',
       InventoryCode: '0002011',
       InventoryName: '芝麻蒜香油辣椒',
       DefaultBarCode: '6937454800082',
       InvBarCode: null,
       UnitName: '瓶',
       Specification: '200',
       Brand: '',
       AvailableQuantity: '10.0000000000000',
       ExistingQuantity: '12.00000000000000',
       UnitName2: null,
       AvailableQuantity2: null,
       ExistingQuantity2: null,
       TS: '0x00000000009fb08e',
       TotalCount: 18,
       SkuCode: null,
       Batch: null,
       ProductionDate: null,
       ExpiryDate: null,
       DynamicPropertyKeys: [],
       DynamicPropertyTitles: [],
       DynamicPropertyValues: [] },
     { WarehouseName: '总仓',
       WarehouseCode: '001',
       InventoryCode: '0002012',
       InventoryName: '潘祥记彩旗伴月礼',
       DefaultBarCode: '',
       InvBarCode: null,
       UnitName: '盒',
       Specification: '600g',
       Brand: '',
       AvailableQuantity: '3.0000000000000',
       ExistingQuantity: '40.00000000000000',
       UnitName2: null,
       AvailableQuantity2: null,
       ExistingQuantity2: null,
       TS: '0x0000000000a019da',
       TotalCount: 18,
       SkuCode: null,
       Batch: null,
       ProductionDate: null,
       ExpiryDate: null,
       DynamicPropertyKeys: [],
       DynamicPropertyTitles: [],
       DynamicPropertyValues: [] },
     { WarehouseName: '总仓',
       WarehouseCode: '001',
       InventoryCode: '0002013',
       InventoryName: '潘祥记轻舞飞扬',
       DefaultBarCode: '',
       InvBarCode: null,
       UnitName: '盒',
       Specification: '480g',
       Brand: '',
       AvailableQuantity: '3.0000000000000',
       ExistingQuantity: '39.00000000000000',
       UnitName2: null,
       AvailableQuantity2: null,
       ExistingQuantity2: null,
       TS: '0x00000000009fde31',
       TotalCount: 18,
       SkuCode: null,
       Batch: null,
       ProductionDate: null,
       ExpiryDate: null,
       DynamicPropertyKeys: [],
       DynamicPropertyTitles: [],
       DynamicPropertyValues: [] },
     { WarehouseName: '总仓',
       WarehouseCode: '001',
       InventoryCode: '0002014',
       InventoryName: '潘祥记散装月饼',
       DefaultBarCode: '',
       InvBarCode: null,
       UnitName: '盒',
       Specification: '1000g',
       Brand: '',
       AvailableQuantity: '1.0000000000000',
       ExistingQuantity: '36.00000000000000',
       UnitName2: null,
       AvailableQuantity2: null,
       ExistingQuantity2: null,
       TS: '0x0000000000a01e01',
       TotalCount: 18,
       SkuCode: null,
       Batch: null,
       ProductionDate: null,
       ExpiryDate: null,
       DynamicPropertyKeys: [],
       DynamicPropertyTitles: [],
       DynamicPropertyValues: [] },
     { WarehouseName: '总仓',
       WarehouseCode: '001',
       InventoryCode: '0002015',
       InventoryName: '集味村思乡情',
       DefaultBarCode: '',
       InvBarCode: null,
       UnitName: '盒',
       Specification: '430g',
       Brand: '',
       AvailableQuantity: '2.0000000000000',
       ExistingQuantity: '26.00000000000000',
       UnitName2: null,
       AvailableQuantity2: null,
       ExistingQuantity2: null,
       TS: '0x0000000000a019de',
       TotalCount: 18,
       SkuCode: null,
       Batch: null,
       ProductionDate: null,
       ExpiryDate: null,
       DynamicPropertyKeys: [],
       DynamicPropertyTitles: [],
       DynamicPropertyValues: [] },
     { WarehouseName: '总仓',
       WarehouseCode: '001',
       InventoryCode: '0002016',
       InventoryName: '六甲散装',
       DefaultBarCode: '',
       InvBarCode: null,
       UnitName: '盒',
       Specification: '750g',
       Brand: '',
       AvailableQuantity: '0.0000000000000',
       ExistingQuantity: '18.00000000000000',
       UnitName2: null,
       AvailableQuantity2: null,
       ExistingQuantity2: null,
       TS: '0x00000000009fde3a',
       TotalCount: 18,
       SkuCode: null,
       Batch: null,
       ProductionDate: null,
       ExpiryDate: null,
       DynamicPropertyKeys: [],
       DynamicPropertyTitles: [],
       DynamicPropertyValues: [] } ] }
[2018-09-05T23:02:56.319] [INFO] httpclires - [inventoryPrice/QueryInventoryPrice?token=eyJhcHBLZXkiOiI1ZTYwYjdhNi1kZGQ5LTRhOTctYThhMy1hMzE3OGJkYjYwMDQiLCJhdXRoSW5mbyI6ImV5SmhiR2NpT2lKUVV6STFOaUo5LmV5SmhZMk5sYzNOZmRHOXJaVzRpT2lKbE5tTTBOV1F5WVMweU1ETmxMVFEyTjJNdE9ESXhaQzAwWkRNMVpHSXdabVV4Wm1JaUxDSnpkV0lpT2lKbExXTnZiVzFsY21ObElpd2laR0YwWVhNaU9pSTNOMlE1WVRSaE5ESmxNV0kyTWpVMU1HUTBZekU1TXpNNFltUm1NMlZtTXlJc0ltVjRjQ0k2TVRVek5qRTRPVGM1TVgwLmhJdXpqUEo5MGx2ZnlENXRPcUE2NU5oQXk2QmJXRFZ2Vld6RGwyQW1VZVIydVBiNW5zSkp4LVBWT3hEQXJfajFhaVo3SDBQbEF4Tmp3M3Z1NTk1QjNfM3FUZnNfNWUzeFlLcXp2VHEydlM2ZHRacElMeVlXZEU1S29SbDlXakNnMHgyMzV6NnlJd3lDenJnbGNtWUI3cTdsLWx4dXUyeWFTTlE0NkJyVXo1byIsIm9yZ0lkIjoiIn0=][POST][200]: { code: 200,
  msg: null,
  data: 
   [ { RowID: 0,
       Inventory: [Object],
       Unit: [Object],
       Price: null,
       DiscountRate: null,
       DiscountPrice: 15,
       CashBackReturn: null,
       WithTax: true },
     { RowID: 0,
       Inventory: [Object],
       Unit: [Object],
       Price: null,
       DiscountRate: null,
       DiscountPrice: 22,
       CashBackReturn: null,
       WithTax: true },
     { RowID: 0,
       Inventory: [Object],
       Unit: [Object],
       Price: null,
       DiscountRate: null,
       DiscountPrice: 14,
       CashBackReturn: null,
       WithTax: true },
     { RowID: 0,
       Inventory: [Object],
       Unit: [Object],
       Price: null,
       DiscountRate: null,
       DiscountPrice: 17,
       CashBackReturn: null,
       WithTax: true },
     { RowID: 0,
       Inventory: [Object],
       Unit: [Object],
       Price: null,
       DiscountRate: null,
       DiscountPrice: 50,
       CashBackReturn: null,
       WithTax: true },
     { RowID: 0,
       Inventory: [Object],
       Unit: [Object],
       Price: null,
       DiscountRate: null,
       DiscountPrice: 20,
       CashBackReturn: null,
       WithTax: true },
     { RowID: 0,
       Inventory: [Object],
       Unit: [Object],
       Price: null,
       DiscountRate: null,
       DiscountPrice: 24,
       CashBackReturn: null,
       WithTax: true },
     { RowID: 0,
       Inventory: [Object],
       Unit: [Object],
       Price: null,
       DiscountRate: null,
       DiscountPrice: 27,
       CashBackReturn: null,
       WithTax: true },
     { RowID: 0,
       Inventory: [Object],
       Unit: [Object],
       Price: null,
       DiscountRate: null,
       DiscountPrice: 17,
       CashBackReturn: null,
       WithTax: true },
     { RowID: 0,
       Inventory: [Object],
       Unit: [Object],
       Price: null,
       DiscountRate: null,
       DiscountPrice: 40,
       CashBackReturn: null,
       WithTax: true },
     { RowID: 0,
       Inventory: [Object],
       Unit: [Object],
       Price: null,
       DiscountRate: null,
       DiscountPrice: null,
       CashBackReturn: null,
       WithTax: true },
     { RowID: 0,
       Inventory: [Object],
       Unit: [Object],
       Price: null,
       DiscountRate: null,
       DiscountPrice: 30,
       CashBackReturn: null,
       WithTax: true },
     { RowID: 0,
       Inventory: [Object],
       Unit: [Object],
       Price: null,
       DiscountRate: null,
       DiscountPrice: 45,
       CashBackReturn: null,
       WithTax: true },
     { RowID: 0,
       Inventory: [Object],
       Unit: [Object],
       Price: null,
       DiscountRate: null,
       DiscountPrice: 55,
       CashBackReturn: null,
       WithTax: true },
     { RowID: 0,
       Inventory: [Object],
       Unit: [Object],
       Price: null,
       DiscountRate: null,
       DiscountPrice: 80,
       CashBackReturn: null,
       WithTax: true },
     { RowID: 0,
       Inventory: [Object],
       Unit: [Object],
       Price: null,
       DiscountRate: null,
       DiscountPrice: 70,
       CashBackReturn: null,
       WithTax: true },
     { RowID: 0,
       Inventory: [Object],
       Unit: [Object],
       Price: null,
       DiscountRate: null,
       DiscountPrice: 60,
       CashBackReturn: null,
       WithTax: true },
     { RowID: 0,
       Inventory: [Object],
       Unit: [Object],
       Price: null,
       DiscountRate: null,
       DiscountPrice: 8,
       CashBackReturn: null,
       WithTax: true },
     { RowID: 0,
       Inventory: [Object],
       Unit: [Object],
       Price: null,
       DiscountRate: null,
       DiscountPrice: 10,
       CashBackReturn: null,
       WithTax: true },
     { RowID: 0,
       Inventory: [Object],
       Unit: [Object],
       Price: null,
       DiscountRate: null,
       DiscountPrice: 10,
       CashBackReturn: null,
       WithTax: true },
     { RowID: 0,
       Inventory: [Object],
       Unit: [Object],
       Price: null,
       DiscountRate: null,
       DiscountPrice: 10,
       CashBackReturn: null,
       WithTax: true },
     { RowID: 0,
       Inventory: [Object],
       Unit: [Object],
       Price: null,
       DiscountRate: null,
       DiscountPrice: 20,
       CashBackReturn: null,
       WithTax: true },
     { RowID: 0,
       Inventory: [Object],
       Unit: [Object],
       Price: null,
       DiscountRate: null,
       DiscountPrice: 88,
       CashBackReturn: null,
       WithTax: true },
     { RowID: 0,
       Inventory: [Object],
       Unit: [Object],
       Price: null,
       DiscountRate: null,
       DiscountPrice: 79,
       CashBackReturn: null,
       WithTax: true },
     { RowID: 0,
       Inventory: [Object],
       Unit: [Object],
       Price: null,
       DiscountRate: null,
       DiscountPrice: 105,
       CashBackReturn: null,
       WithTax: true },
     { RowID: 0,
       Inventory: [Object],
       Unit: [Object],
       Price: null,
       DiscountRate: null,
       DiscountPrice: 42,
       CashBackReturn: null,
       WithTax: true },
     { RowID: 0,
       Inventory: [Object],
       Unit: [Object],
       Price: null,
       DiscountRate: null,
       DiscountPrice: 46,
       CashBackReturn: null,
       WithTax: true } ] }
