[2018-08-12T21:02:33.090] [INFO] httpclires - [login][POST][200]: { code: 200,
  msg: null,
  data: 'eyJhcHBLZXkiOiI1ZTYwYjdhNi1kZGQ5LTRhOTctYThhMy1hMzE3OGJkYjYwMDQiLCJhdXRoSW5mbyI6ImV5SmhiR2NpT2lKUVV6STFOaUo5LmV5SmhZMk5sYzNOZmRHOXJaVzRpT2lJeVpUWmpaREk0WkMxalkyVTFMVFJoWXpBdE9UazBOaTFtTXpabVl6aGxOekptTWpjaUxDSnpkV0lpT2lKbExXTnZiVzFsY21ObElpd2laR0YwWVhNaU9pSTNOMlE1WVRSaE5ESmxNV0kyTWpVMU1HUTBZekU1TXpNNFltUm1NMlZtTXlJc0ltVjRjQ0k2TVRVek5ERXdPRGszTjMwLmRlWXA0MmJnNWN1VDFYNy1MZmx1ZXlvOU9VdjlQT0ZjeXFOc1RpQ3V0MEtSSE81b1ZTQXR3NzlvU3FJSFlxa3JUaWFHdlF3MVJvbjZVZE81Skx1Zk01T0JucVlKYU5lRGpiWWVUQVEtdlppaUM3RFduQ0JPTkl1NzNOUElkTXA4UlV1YldycnpYMUFqYUNUcGZzNXNhVDRXY1NrSnV4SnkzcXZqRDg0aXZ0WSIsIm9yZ0lkIjoiIn0=' }
[2018-08-12T21:02:36.526] [INFO] httpclires - [login][POST][200]: { code: 200,
  msg: null,
  data: 'eyJhcHBLZXkiOiI1ZTYwYjdhNi1kZGQ5LTRhOTctYThhMy1hMzE3OGJkYjYwMDQiLCJhdXRoSW5mbyI6ImV5SmhiR2NpT2lKUVV6STFOaUo5LmV5SmhZMk5sYzNOZmRHOXJaVzRpT2lKaVpEa3dNakEyTXkwNVpqUXdMVFF6TldJdE9UUXpNUzFtTXpOak5EZGlNamt4TkdVaUxDSnpkV0lpT2lKbExXTnZiVzFsY21ObElpd2laR0YwWVhNaU9pSTNOMlE1WVRSaE5ESmxNV0kyTWpVMU1HUTBZekU1TXpNNFltUm1NMlZtTXlJc0ltVjRjQ0k2TVRVek5ERXdPRGs0TVgwLnBRYjZyaUI0YzkzQnQ0bnBUd3poc2hBRHVIYTFTbGQ1aDh3VmVpc1FaT21tUTVGbXVwQWt5aU1vUjN1blJlYTJscVhralRoRV8wXzA0VEpsTkI1R1Y5aHFZVU1jdUdSMmk0OUtQY08wUTllVUdOYlhBZmpoUHloSS1Gcl9ZUHNsdGtrNVVvOGVFeUdrYmpiaGc3b2xDdTQ5a0loUXBkNlM0RzdYX180Ymx0NCIsIm9yZ0lkIjoiIn0=' }
[2018-08-12T21:02:37.079] [INFO] httpclires - [partner/Query?token=eyJhcHBLZXkiOiI1ZTYwYjdhNi1kZGQ5LTRhOTctYThhMy1hMzE3OGJkYjYwMDQiLCJhdXRoSW5mbyI6ImV5SmhiR2NpT2lKUVV6STFOaUo5LmV5SmhZMk5sYzNOZmRHOXJaVzRpT2lKaVpEa3dNakEyTXkwNVpqUXdMVFF6TldJdE9UUXpNUzFtTXpOak5EZGlNamt4TkdVaUxDSnpkV0lpT2lKbExXTnZiVzFsY21ObElpd2laR0YwWVhNaU9pSTNOMlE1WVRSaE5ESmxNV0kyTWpVMU1HUTBZekU1TXpNNFltUm1NMlZtTXlJc0ltVjRjQ0k2TVRVek5ERXdPRGs0TVgwLnBRYjZyaUI0YzkzQnQ0bnBUd3poc2hBRHVIYTFTbGQ1aDh3VmVpc1FaT21tUTVGbXVwQWt5aU1vUjN1blJlYTJscVhralRoRV8wXzA0VEpsTkI1R1Y5aHFZVU1jdUdSMmk0OUtQY08wUTllVUdOYlhBZmpoUHloSS1Gcl9ZUHNsdGtrNVVvOGVFeUdrYmpiaGc3b2xDdTQ5a0loUXBkNlM0RzdYX180Ymx0NCIsIm9yZ0lkIjoiIn0=][POST][200]: { code: 200,
  msg: null,
  data: 
   [ { Code: '0020001', Name: '移动客户', PartnerType: [Object] },
     { Code: '001', Name: '测试', PartnerType: [Object] },
     { Code: '0010001', Name: '星力城', PartnerType: [Object] } ] }
[2018-08-12T21:02:40.707] [INFO] httpclires - [login][POST][200]: { code: 200,
  msg: null,
  data: 'eyJhcHBLZXkiOiI1ZTYwYjdhNi1kZGQ5LTRhOTctYThhMy1hMzE3OGJkYjYwMDQiLCJhdXRoSW5mbyI6ImV5SmhiR2NpT2lKUVV6STFOaUo5LmV5SmhZMk5sYzNOZmRHOXJaVzRpT2lKaE1XSTBNREF3WXkwNU1EQTJMVFEyWTJVdFltRmlPQzAxTWpkaE1ETXpaR0ptTVRJaUxDSnpkV0lpT2lKbExXTnZiVzFsY21ObElpd2laR0YwWVhNaU9pSTNOMlE1WVRSaE5ESmxNV0kyTWpVMU1HUTBZekU1TXpNNFltUm1NMlZtTXlJc0ltVjRjQ0k2TVRVek5ERXdPRGs0TW4wLmtsMkZ2TDlKUnAxek1qQ0R3MUFyMktoNDljM05kcnA4azk0VWNWVlJKa3ctcFFIQ29LZFg1QXJGWGZaVUZDZDktTU1rNGJ4N0JwSGptTUlvaGxCdC1ySU56cFltT1NJUlEzR0JjT0VnMVItOUxKZGxvTVhqS0hhekptamlLZ2FjcjBpNG5HbG00Sk9ybkNBdjF6aGRnNUVhQ09ib0s0bm1nTGJTTndDc01NSSIsIm9yZ0lkIjoiIn0=' }
[2018-08-12T21:02:41.110] [INFO] httpclires - [login][POST][200]: { code: 200,
  msg: null,
  data: 'eyJhcHBLZXkiOiI1ZTYwYjdhNi1kZGQ5LTRhOTctYThhMy1hMzE3OGJkYjYwMDQiLCJhdXRoSW5mbyI6ImV5SmhiR2NpT2lKUVV6STFOaUo5LmV5SmhZMk5sYzNOZmRHOXJaVzRpT2lKbE9UbG1ZV0V6TkMxa1ptUXlMVFJrTkRRdE9HRTVNaTFrWmpBeU9UTmtNelUxWXpZaUxDSnpkV0lpT2lKbExXTnZiVzFsY21ObElpd2laR0YwWVhNaU9pSTNOMlE1WVRSaE5ESmxNV0kyTWpVMU1HUTBZekU1TXpNNFltUm1NMlZtTXlJc0ltVjRjQ0k2TVRVek5ERXdPRGs0TTMwLlBHMzczT1I2MGVYdTlsNGlqdGxIYzBTOGl0eFMzTi1qdE1ESm9pZXRROV82cHJzRS1zUkRRaTI4Z2J5RWFkOUlCaUcwcDRVQVdIam9ISEg1dV9vZGJWMldXdmhXZlh4bFlKZEZHalJNS213clZ4a25wM3FQQzNJRmdncndWSW9pWFlNMWdqNm9xWXcwRnVKUUVJTnBZQW5CNHVZTXhRMlJkU3dtbUZ2MnpyayIsIm9yZ0lkIjoiIn0=' }
[2018-08-12T21:02:41.539] [INFO] httpclires - [login][POST][200]: { code: 200,
  msg: null,
  data: 'eyJhcHBLZXkiOiI1ZTYwYjdhNi1kZGQ5LTRhOTctYThhMy1hMzE3OGJkYjYwMDQiLCJhdXRoSW5mbyI6ImV5SmhiR2NpT2lKUVV6STFOaUo5LmV5SmhZMk5sYzNOZmRHOXJaVzRpT2lJM1pUZzFObUkwTUMxbFpEbGpMVFE1Tm1ZdFlUbGxZUzFtTlRNNE5qZGxORGt3TURNaUxDSnpkV0lpT2lKbExXTnZiVzFsY21ObElpd2laR0YwWVhNaU9pSTNOMlE1WVRSaE5ESmxNV0kyTWpVMU1HUTBZekU1TXpNNFltUm1NMlZtTXlJc0ltVjRjQ0k2TVRVek5ERXdPRGs0TTMwLmVzZXhGOE9XdlBBU01ObTFINUtLcFRscVlPODRMdUxjMTRUNTItdGlsZzhfa29PQ3E3dzA2V3I2U0hRXzNsd29JSHlGbjRhMjN3Qnc2aEdGcFFtZGlycUdzMnNBYU1oZXdpZEdNZjZ4Wl9uZkdLeUhmVHA5ajhydG9vblV3UkVITEFUa3p1V2Iwamppc08yRDJtTjNtb0pRczF5NmVWa3YweTN1d3R0MWptZyIsIm9yZ0lkIjoiIn0=' }
[2018-08-12T21:02:42.103] [INFO] httpclires - [login][POST][200]: { code: 200,
  msg: null,
  data: 'eyJhcHBLZXkiOiI1ZTYwYjdhNi1kZGQ5LTRhOTctYThhMy1hMzE3OGJkYjYwMDQiLCJhdXRoSW5mbyI6ImV5SmhiR2NpT2lKUVV6STFOaUo5LmV5SmhZMk5sYzNOZmRHOXJaVzRpT2lKaU9HTXlNbUkzTkMwelpURTFMVFJrTmpFdE9URXlOeTB4TURsalpEZ3pPVEZqWW1RaUxDSnpkV0lpT2lKbExXTnZiVzFsY21ObElpd2laR0YwWVhNaU9pSTNOMlE1WVRSaE5ESmxNV0kyTWpVMU1HUTBZekU1TXpNNFltUm1NMlZtTXlJc0ltVjRjQ0k2TVRVek5ERXdPRGs0TkgwLlRCVDdRY01tQU5lQVNtODRFMS1LNlVhUFRDZVdrUEc0a1pBUk53NW1RbWZ3ZFBkLW9janc5UXVyZl94OEdkNTVWcW5UNl81M1dIUzJ5cDJBb0FFMEJyRXdmb1QwMzV4SHR2ZnRSaWdmbWRUR0V2Y1dUTUdMU284ZGNUcEkxQWQwY19jMzMzT3d6ODEteEVMVHU3U21sdS0wYjhiaWVDSjlxT2F0clQyV3FmQSIsIm9yZ0lkIjoiIn0=' }
[2018-08-12T21:02:42.637] [INFO] httpclires - [login][POST][200]: { code: 200,
  msg: null,
  data: 'eyJhcHBLZXkiOiI1ZTYwYjdhNi1kZGQ5LTRhOTctYThhMy1hMzE3OGJkYjYwMDQiLCJhdXRoSW5mbyI6ImV5SmhiR2NpT2lKUVV6STFOaUo5LmV5SmhZMk5sYzNOZmRHOXJaVzRpT2lJeU1UWXdNRFZtTkMwMVl6ZzFMVFE1TldRdE9HVmpNQzB5TUROaU5USTRObUZoTWpBaUxDSnpkV0lpT2lKbExXTnZiVzFsY21ObElpd2laR0YwWVhNaU9pSTNOMlE1WVRSaE5ESmxNV0kyTWpVMU1HUTBZekU1TXpNNFltUm1NMlZtTXlJc0ltVjRjQ0k2TVRVek5ERXdPRGs0TlgwLm9WcmEyVkZRU00wU2NSbFp2aWc2bWVxbGVzNmNZY0s4SW1aeGNwbWZPLUZ5U191WS1zQVNzYjlqbEdyaUJFRDk5Y0dESlcwczFwcHF2ZE1ULWlfUXZZbmdPY1lNTUVCUlI5V2p6YmxwMkRSN1d3UmdOTUtmb0VIUWwyeWZOWXU1NTBfWUxVT3JkMEtlNWVnQTZQeVBFdFh4eDN1SmJETkpFX25Kc21NVXJ0USIsIm9yZ0lkIjoiIn0=' }
[2018-08-12T21:02:43.197] [INFO] httpclires - [Project/Query?token=eyJhcHBLZXkiOiI1ZTYwYjdhNi1kZGQ5LTRhOTctYThhMy1hMzE3OGJkYjYwMDQiLCJhdXRoSW5mbyI6ImV5SmhiR2NpT2lKUVV6STFOaUo5LmV5SmhZMk5sYzNOZmRHOXJaVzRpT2lKaE1XSTBNREF3WXkwNU1EQTJMVFEyWTJVdFltRmlPQzAxTWpkaE1ETXpaR0ptTVRJaUxDSnpkV0lpT2lKbExXTnZiVzFsY21ObElpd2laR0YwWVhNaU9pSTNOMlE1WVRSaE5ESmxNV0kyTWpVMU1HUTBZekU1TXpNNFltUm1NMlZtTXlJc0ltVjRjQ0k2TVRVek5ERXdPRGs0TW4wLmtsMkZ2TDlKUnAxek1qQ0R3MUFyMktoNDljM05kcnA4azk0VWNWVlJKa3ctcFFIQ29LZFg1QXJGWGZaVUZDZDktTU1rNGJ4N0JwSGptTUlvaGxCdC1ySU56cFltT1NJUlEzR0JjT0VnMVItOUxKZGxvTVhqS0hhekptamlLZ2FjcjBpNG5HbG00Sk9ybkNBdjF6aGRnNUVhQ09ib0s0bm1nTGJTTndDc01NSSIsIm9yZ0lkIjoiIn0=][POST][200]: { code: 200,
  msg: null,
  data: 
   [ { ID: 1,
       Name: '饮料',
       Code: 'FL01',
       Disabled: false,
       CreatedTime: '/Date(-62135596800000)/',
       SequenceNumber: 0,
       Idclass: null,
       ProjectClass: null,
       class: null,
       IdMarketingOrgan: null,
       MarketingOrgan: null,
       WeakTypeDtoName: null,
       DtoClassName: 'Ufida.T.AA.DTO.ProjectDTO',
       IsWeakType: false,
       AliName: 'ProjectDTO',
       Status: 0,
       EnableHasChanged: false,
       ChangedProperty: [],
       DynamicPropertyKeys: [],
       DynamicPropertyValues: [],
       DeleteID: 1,
       Updated: '/Date(1534078988216)/',
       UpdatedBy: null,
       InnerSearchLevel: 0,
       RecordChange: true,
       InnerPropInParentRecure: null,
       Ts: null,
       CaseSensitive: false,
       RecordDynamicNullValue: false,
       data: null },
     { ID: 2,
       Name: '零售',
       Code: 'FL02',
       Disabled: false,
       CreatedTime: '/Date(-62135596800000)/',
       SequenceNumber: 0,
       Idclass: null,
       ProjectClass: null,
       class: null,
       IdMarketingOrgan: null,
       MarketingOrgan: null,
       WeakTypeDtoName: null,
       DtoClassName: 'Ufida.T.AA.DTO.ProjectDTO',
       IsWeakType: false,
       AliName: 'ProjectDTO',
       Status: 0,
       EnableHasChanged: false,
       ChangedProperty: [],
       DynamicPropertyKeys: [],
       DynamicPropertyValues: [],
       DeleteID: 2,
       Updated: '/Date(1534078988216)/',
       UpdatedBy: null,
       InnerSearchLevel: 0,
       RecordChange: true,
       InnerPropInParentRecure: null,
       Ts: null,
       CaseSensitive: false,
       RecordDynamicNullValue: false,
       data: null } ] }
[2018-08-12T21:02:44.428] [INFO] httpclires - [saleDelivery/QueryExecuting?token=eyJhcHBLZXkiOiI1ZTYwYjdhNi1kZGQ5LTRhOTctYThhMy1hMzE3OGJkYjYwMDQiLCJhdXRoSW5mbyI6ImV5SmhiR2NpT2lKUVV6STFOaUo5LmV5SmhZMk5sYzNOZmRHOXJaVzRpT2lKbE9UbG1ZV0V6TkMxa1ptUXlMVFJrTkRRdE9HRTVNaTFrWmpBeU9UTmtNelUxWXpZaUxDSnpkV0lpT2lKbExXTnZiVzFsY21ObElpd2laR0YwWVhNaU9pSTNOMlE1WVRSaE5ESmxNV0kyTWpVMU1HUTBZekU1TXpNNFltUm1NMlZtTXlJc0ltVjRjQ0k2TVRVek5ERXdPRGs0TTMwLlBHMzczT1I2MGVYdTlsNGlqdGxIYzBTOGl0eFMzTi1qdE1ESm9pZXRROV82cHJzRS1zUkRRaTI4Z2J5RWFkOUlCaUcwcDRVQVdIam9ISEg1dV9vZGJWMldXdmhXZlh4bFlKZEZHalJNS213clZ4a25wM3FQQzNJRmdncndWSW9pWFlNMWdqNm9xWXcwRnVKUUVJTnBZQW5CNHVZTXhRMlJkU3dtbUZ2MnpyayIsIm9yZ0lkIjoiIn0=][POST][200]: { code: 200,
  msg: null,
  data: 
   { Rows: 
      [ [Object],
        [Object],
        [Object],
        [Object],
        [Object],
        [Object],
        [Object],
        [Object],
        [Object],
        [Object],
        [Object],
        [Object],
        [Object],
        [Object],
        [Object],
        [Object],
        [Object],
        [Object],
        [Object],
        [Object],
        [Object],
        [Object],
        [Object],
        [Object],
        [Object],
        [Object],
        [Object],
        [Object],
        [Object],
        [Object],
        [Object],
        [Object],
        [Object],
        [Object],
        [Object],
        [Object],
        [Object],
        [Object],
        [Object],
        [Object],
        [Object],
        [Object],
        [Object],
        [Object],
        [Object],
        [Object],
        [Object],
        [Object] ] } }
[2018-08-12T21:02:44.548] [INFO] httpclires - [warehouse/Query?token=eyJhcHBLZXkiOiI1ZTYwYjdhNi1kZGQ5LTRhOTctYThhMy1hMzE3OGJkYjYwMDQiLCJhdXRoSW5mbyI6ImV5SmhiR2NpT2lKUVV6STFOaUo5LmV5SmhZMk5sYzNOZmRHOXJaVzRpT2lJM1pUZzFObUkwTUMxbFpEbGpMVFE1Tm1ZdFlUbGxZUzFtTlRNNE5qZGxORGt3TURNaUxDSnpkV0lpT2lKbExXTnZiVzFsY21ObElpd2laR0YwWVhNaU9pSTNOMlE1WVRSaE5ESmxNV0kyTWpVMU1HUTBZekU1TXpNNFltUm1NMlZtTXlJc0ltVjRjQ0k2TVRVek5ERXdPRGs0TTMwLmVzZXhGOE9XdlBBU01ObTFINUtLcFRscVlPODRMdUxjMTRUNTItdGlsZzhfa29PQ3E3dzA2V3I2U0hRXzNsd29JSHlGbjRhMjN3Qnc2aEdGcFFtZGlycUdzMnNBYU1oZXdpZEdNZjZ4Wl9uZkdLeUhmVHA5ajhydG9vblV3UkVITEFUa3p1V2Iwamppc08yRDJtTjNtb0pRczF5NmVWa3YweTN1d3R0MWptZyIsIm9yZ0lkIjoiIn0=][POST][200]: { code: 200,
  msg: null,
  data: 
   [ { Code: '01', Name: '总仓' },
     { Code: '02', Name: '中华路一店' },
     { Code: '03', Name: '澳门路1店' } ] }
[2018-08-12T21:02:44.772] [INFO] httpclires - [partner/Query?token=eyJhcHBLZXkiOiI1ZTYwYjdhNi1kZGQ5LTRhOTctYThhMy1hMzE3OGJkYjYwMDQiLCJhdXRoSW5mbyI6ImV5SmhiR2NpT2lKUVV6STFOaUo5LmV5SmhZMk5sYzNOZmRHOXJaVzRpT2lKaU9HTXlNbUkzTkMwelpURTFMVFJrTmpFdE9URXlOeTB4TURsalpEZ3pPVEZqWW1RaUxDSnpkV0lpT2lKbExXTnZiVzFsY21ObElpd2laR0YwWVhNaU9pSTNOMlE1WVRSaE5ESmxNV0kyTWpVMU1HUTBZekU1TXpNNFltUm1NMlZtTXlJc0ltVjRjQ0k2TVRVek5ERXdPRGs0TkgwLlRCVDdRY01tQU5lQVNtODRFMS1LNlVhUFRDZVdrUEc0a1pBUk53NW1RbWZ3ZFBkLW9janc5UXVyZl94OEdkNTVWcW5UNl81M1dIUzJ5cDJBb0FFMEJyRXdmb1QwMzV4SHR2ZnRSaWdmbWRUR0V2Y1dUTUdMU284ZGNUcEkxQWQwY19jMzMzT3d6ODEteEVMVHU3U21sdS0wYjhiaWVDSjlxT2F0clQyV3FmQSIsIm9yZ0lkIjoiIn0=][POST][200]: { code: 200,
  msg: null,
  data: 
   [ { Code: '0020001', Name: '移动客户', PartnerType: [Object] },
     { Code: '001', Name: '测试', PartnerType: [Object] },
     { Code: '0010001', Name: '星力城', PartnerType: [Object] } ] }
[2018-08-12T21:02:45.134] [INFO] httpclires - [person/Query?token=eyJhcHBLZXkiOiI1ZTYwYjdhNi1kZGQ5LTRhOTctYThhMy1hMzE3OGJkYjYwMDQiLCJhdXRoSW5mbyI6ImV5SmhiR2NpT2lKUVV6STFOaUo5LmV5SmhZMk5sYzNOZmRHOXJaVzRpT2lJeU1UWXdNRFZtTkMwMVl6ZzFMVFE1TldRdE9HVmpNQzB5TUROaU5USTRObUZoTWpBaUxDSnpkV0lpT2lKbExXTnZiVzFsY21ObElpd2laR0YwWVhNaU9pSTNOMlE1WVRSaE5ESmxNV0kyTWpVMU1HUTBZekU1TXpNNFltUm1NMlZtTXlJc0ltVjRjQ0k2TVRVek5ERXdPRGs0TlgwLm9WcmEyVkZRU00wU2NSbFp2aWc2bWVxbGVzNmNZY0s4SW1aeGNwbWZPLUZ5U191WS1zQVNzYjlqbEdyaUJFRDk5Y0dESlcwczFwcHF2ZE1ULWlfUXZZbmdPY1lNTUVCUlI5V2p6YmxwMkRSN1d3UmdOTUtmb0VIUWwyeWZOWXU1NTBfWUxVT3JkMEtlNWVnQTZQeVBFdFh4eDN1SmJETkpFX25Kc21NVXJ0USIsIm9yZ0lkIjoiIn0=][POST][200]: { code: 200, msg: null, data: [] }
[2018-08-12T21:02:45.911] [INFO] httpclires - [login][POST][200]: { code: 200,
  msg: null,
  data: 'eyJhcHBLZXkiOiI1ZTYwYjdhNi1kZGQ5LTRhOTctYThhMy1hMzE3OGJkYjYwMDQiLCJhdXRoSW5mbyI6ImV5SmhiR2NpT2lKUVV6STFOaUo5LmV5SmhZMk5sYzNOZmRHOXJaVzRpT2lKbE0yVTBNamRrTVMxbFl6TmtMVFF5WVdVdFlXWTFOUzFpTkRBellURXhOMlk0WWpJaUxDSnpkV0lpT2lKbExXTnZiVzFsY21ObElpd2laR0YwWVhNaU9pSTNOMlE1WVRSaE5ESmxNV0kyTWpVMU1HUTBZekU1TXpNNFltUm1NMlZtTXlJc0ltVjRjQ0k2TVRVek5ERXdPRGs1TUgwLkhqNXJ5cm9FbnMxSWtFTFVmdy1SSXY2d2xIQXYySVRMNGxaMzBHU2pGZ25PQWs4MzA2R0ZJT0VMMHBFN3J0MVVvU1JHcWV3Qmh1bFZ2UlNwNHJyclBMSUlVOVpSNnNyQ1R3aC1mbTBEaGtBd20zUnFzVFU1WGZVODBjRDdCWDA3VXdKNDN1Rmhqa1VGMEpPME0tODl0QlM0UjZfbElUbnc5ZXUwUTBlVnNGYyIsIm9yZ0lkIjoiIn0=' }
[2018-08-12T21:02:46.433] [INFO] httpclires - [saleDelivery/QueryExecuting?token=eyJhcHBLZXkiOiI1ZTYwYjdhNi1kZGQ5LTRhOTctYThhMy1hMzE3OGJkYjYwMDQiLCJhdXRoSW5mbyI6ImV5SmhiR2NpT2lKUVV6STFOaUo5LmV5SmhZMk5sYzNOZmRHOXJaVzRpT2lKbE0yVTBNamRrTVMxbFl6TmtMVFF5WVdVdFlXWTFOUzFpTkRBellURXhOMlk0WWpJaUxDSnpkV0lpT2lKbExXTnZiVzFsY21ObElpd2laR0YwWVhNaU9pSTNOMlE1WVRSaE5ESmxNV0kyTWpVMU1HUTBZekU1TXpNNFltUm1NMlZtTXlJc0ltVjRjQ0k2TVRVek5ERXdPRGs1TUgwLkhqNXJ5cm9FbnMxSWtFTFVmdy1SSXY2d2xIQXYySVRMNGxaMzBHU2pGZ25PQWs4MzA2R0ZJT0VMMHBFN3J0MVVvU1JHcWV3Qmh1bFZ2UlNwNHJyclBMSUlVOVpSNnNyQ1R3aC1mbTBEaGtBd20zUnFzVFU1WGZVODBjRDdCWDA3VXdKNDN1Rmhqa1VGMEpPME0tODl0QlM0UjZfbElUbnc5ZXUwUTBlVnNGYyIsIm9yZ0lkIjoiIn0=][POST][200]: { code: 200,
  msg: null,
  data: 
   { Rows: 
      [ [Object],
        [Object],
        [Object],
        [Object],
        [Object],
        [Object],
        [Object],
        [Object],
        [Object],
        [Object],
        [Object],
        [Object],
        [Object],
        [Object],
        [Object],
        [Object],
        [Object],
        [Object],
        [Object],
        [Object],
        [Object],
        [Object],
        [Object],
        [Object],
        [Object],
        [Object],
        [Object],
        [Object],
        [Object],
        [Object],
        [Object],
        [Object],
        [Object],
        [Object],
        [Object],
        [Object],
        [Object],
        [Object],
        [Object],
        [Object],
        [Object],
        [Object],
        [Object],
        [Object],
        [Object],
        [Object],
        [Object],
        [Object] ] } }
[2018-08-12T21:05:35.273] [INFO] httpclires - [login][POST][200]: { code: 200,
  msg: null,
  data: 'eyJhcHBLZXkiOiI1ZTYwYjdhNi1kZGQ5LTRhOTctYThhMy1hMzE3OGJkYjYwMDQiLCJhdXRoSW5mbyI6ImV5SmhiR2NpT2lKUVV6STFOaUo5LmV5SmhZMk5sYzNOZmRHOXJaVzRpT2lJMFlUa3dZbU0zTkMxaU5ESTFMVFE0WmpndFlUTTROeTB6TUdJeVpqQTBPRGxtTmpNaUxDSnpkV0lpT2lKbExXTnZiVzFsY21ObElpd2laR0YwWVhNaU9pSTNOMlE1WVRSaE5ESmxNV0kyTWpVMU1HUTBZekU1TXpNNFltUm1NMlZtTXlJc0ltVjRjQ0k2TVRVek5ERXdPVEUxT1gwLmxTQ1RBREZOT1ZlVHdORl9lVHhUVFpTeU1nclpncTMwUG1kRDJsaWVMNm5vNkpxQlVZUHcwYURvODFzbDFkM19IZVBpaDNaUlg2UTRHLThydUJLcDhwd1U1TWJBeE42LUhyRUQ0LS1FQ0FnY29jeGE4cnNBOFVHSUdvcHU2VDR3WXRtU194MVBfbFozTlBOLUVwaG1MeThld2haVW91NllPRlRMVC04NWRoTSIsIm9yZ0lkIjoiIn0=' }
[2018-08-12T21:05:35.866] [INFO] httpclires - [saleDelivery/QueryExecuting?token=eyJhcHBLZXkiOiI1ZTYwYjdhNi1kZGQ5LTRhOTctYThhMy1hMzE3OGJkYjYwMDQiLCJhdXRoSW5mbyI6ImV5SmhiR2NpT2lKUVV6STFOaUo5LmV5SmhZMk5sYzNOZmRHOXJaVzRpT2lJMFlUa3dZbU0zTkMxaU5ESTFMVFE0WmpndFlUTTROeTB6TUdJeVpqQTBPRGxtTmpNaUxDSnpkV0lpT2lKbExXTnZiVzFsY21ObElpd2laR0YwWVhNaU9pSTNOMlE1WVRSaE5ESmxNV0kyTWpVMU1HUTBZekU1TXpNNFltUm1NMlZtTXlJc0ltVjRjQ0k2TVRVek5ERXdPVEUxT1gwLmxTQ1RBREZOT1ZlVHdORl9lVHhUVFpTeU1nclpncTMwUG1kRDJsaWVMNm5vNkpxQlVZUHcwYURvODFzbDFkM19IZVBpaDNaUlg2UTRHLThydUJLcDhwd1U1TWJBeE42LUhyRUQ0LS1FQ0FnY29jeGE4cnNBOFVHSUdvcHU2VDR3WXRtU194MVBfbFozTlBOLUVwaG1MeThld2haVW91NllPRlRMVC04NWRoTSIsIm9yZ0lkIjoiIn0=][POST][200]: { code: 200,
  msg: null,
  data: 
   { Rows: 
      [ [Object],
        [Object],
        [Object],
        [Object],
        [Object],
        [Object],
        [Object],
        [Object],
        [Object],
        [Object],
        [Object],
        [Object],
        [Object],
        [Object],
        [Object],
        [Object],
        [Object],
        [Object],
        [Object],
        [Object],
        [Object],
        [Object],
        [Object],
        [Object],
        [Object],
        [Object],
        [Object],
        [Object],
        [Object],
        [Object],
        [Object],
        [Object],
        [Object],
        [Object],
        [Object],
        [Object],
        [Object],
        [Object],
        [Object],
        [Object],
        [Object],
        [Object],
        [Object],
        [Object],
        [Object],
        [Object],
        [Object],
        [Object] ] } }
