[2018-08-01T20:53:48.690] [ERROR] err - [saleDelivery/Create?token=eyJhcHBLZXkiOiI1ZTYwYjdhNi1kZGQ5LTRhOTctYThhMy1hMzE3OGJkYjYwMDQiLCJhdXRoSW5mbyI6ImV5SmhiR2NpT2lKUVV6STFOaUo5LmV5SmhZMk5sYzNOZmRHOXJaVzRpT2lKa05qWTNNRFEzTUMxbE9UUXpMVFJqWW1VdE9UTmpNUzAzWlRJMll6WmlNalkyWkRNaUxDSnpkV0lpT2lKbExXTnZiVzFsY21ObElpd2laR0YwWVhNaU9pSTNOMlE1WVRSaE5ESmxNV0kyTWpVMU1HUTBZekU1TXpNNFltUm1NMlZtTXlJc0ltVjRjQ0k2TVRVek16RTFPREE0Tm4wLmFjNE50eGJvVjNqMmMxQ2FSX2JqT0tSUWd1d1RpSWJUUkVFOE8wYlNxSFVsVUVzUnlRNXBfM3NXXzA0QVJybVd2Yjg3U1ZCdWNoeVMtTTV5RU5tbnYtMHNHVVh5TTlWUmhlUFE4Um13YzdxcmpPNDBlZnRFX19wOE1kX3NmZ2E5RUtGNmJBb1k4eDVyM1dQNFZQMXM2YXQtc0pBb0cwSDkyR0pxbE9BNG1oUSIsIm9yZ0lkIjoiIn0=][POST][400]: { timestamp: '2018-08-01T12:54:46.244+0000',
  status: 400,
  error: 'Bad Request',
  message: 'JSON parse error: Cannot deserialize instance of `net.mlike.chenhui.one.dto.SaleDeliverySettlementDTO[]` out of START_OBJECT token; nested exception is com.fasterxml.jackson.databind.exc.MismatchedInputException: Cannot deserialize instance of `net.mlike.chenhui.one.dto.SaleDeliverySettlementDTO[]` out of START_OBJECT token\n at [Source: (PushbackInputStream); line: 1, column: 139] (through reference chain: net.mlike.chenhui.one.dto.SaleDeliveryDto["saleDeliverySettlements"])',
  path: '/api/saleDelivery/Create' }
[2018-08-01T20:53:57.789] [ERROR] err - [saleDelivery/Create?token=eyJhcHBLZXkiOiI1ZTYwYjdhNi1kZGQ5LTRhOTctYThhMy1hMzE3OGJkYjYwMDQiLCJhdXRoSW5mbyI6ImV5SmhiR2NpT2lKUVV6STFOaUo5LmV5SmhZMk5sYzNOZmRHOXJaVzRpT2lJME5tTmlOVFV6TUMweU5UUm1MVFE1TjJVdE9EYzFZUzAxT1RZek1XRXlOVEZtT1dJaUxDSnpkV0lpT2lKbExXTnZiVzFsY21ObElpd2laR0YwWVhNaU9pSTNOMlE1WVRSaE5ESmxNV0kyTWpVMU1HUTBZekU1TXpNNFltUm1NMlZtTXlJc0ltVjRjQ0k2TVRVek16RTFPREE1TlgwLnBndUd2MFJLVVloc19KM0FRMzBHU0pwdW9zQUlkS2IyTnBxVFN2VnJ2VVBscm5EZUc2MGJMdnhWRFIzemxaOUR1WlhmQ1ItRWNiZnFtN2JIZ3pDd3l2M2x4REpLMXpQWnVmUVRpY0YtNXNqYjhJZlp1a04xSUE3SWFDUUxOaWtZMjZXN1drSkd5ZGZVNHQxNVNzYVB2elFtcFM4VVJScS1yRlVBdEdXdDRRVSIsIm9yZ0lkIjoiIn0=][POST][400]: { timestamp: '2018-08-01T12:54:55.339+0000',
  status: 400,
  error: 'Bad Request',
  message: 'JSON parse error: Cannot deserialize instance of `net.mlike.chenhui.one.dto.SaleDeliverySettlementDTO[]` out of START_OBJECT token; nested exception is com.fasterxml.jackson.databind.exc.MismatchedInputException: Cannot deserialize instance of `net.mlike.chenhui.one.dto.SaleDeliverySettlementDTO[]` out of START_OBJECT token\n at [Source: (PushbackInputStream); line: 1, column: 139] (through reference chain: net.mlike.chenhui.one.dto.SaleDeliveryDto["saleDeliverySettlements"])',
  path: '/api/saleDelivery/Create' }
[2018-08-01T20:55:48.743] [ERROR] err - [saleDelivery/Create?token=eyJhcHBLZXkiOiI1ZTYwYjdhNi1kZGQ5LTRhOTctYThhMy1hMzE3OGJkYjYwMDQiLCJhdXRoSW5mbyI6ImV5SmhiR2NpT2lKUVV6STFOaUo5LmV5SmhZMk5sYzNOZmRHOXJaVzRpT2lJMk1qWXpZalJtTXkwNFkySmhMVFJoTlRVdE9ESXdNQzA1WmpjNE9EQXlOR1kxWkdZaUxDSnpkV0lpT2lKbExXTnZiVzFsY21ObElpd2laR0YwWVhNaU9pSTNOMlE1WVRSaE5ESmxNV0kyTWpVMU1HUTBZekU1TXpNNFltUm1NMlZtTXlJc0ltVjRjQ0k2TVRVek16RTFPREl3Tm4wLlpzNm9aQ1drLWlEakNTa0xQTXZiTnlyaXZ5a0ZodzZxNnItTS0wUmhtQk5FVzc2cHRPTk1kcVNZNmtNNWJyVG9qc0ZLWFpzaDItQTRwQkJGcGtwNTF3TmVhdWVuODZWNk00X29kMVoyd3RWdmpwQXNrbmNPMmtiZG44U0tTQmhVRFk2aGIzLUF2UHJlaEkyeTZPUVdnd1lpTmE4TzJYUEJwYndDMzN1bTlrUSIsIm9yZ0lkIjoiIn0=][POST][400]: { timestamp: '2018-08-01T12:56:46.414+0000',
  status: 400,
  error: 'Bad Request',
  message: 'JSON parse error: Cannot deserialize instance of `net.mlike.chenhui.one.dto.SaleDeliverySettlementDTO[]` out of START_OBJECT token; nested exception is com.fasterxml.jackson.databind.exc.MismatchedInputException: Cannot deserialize instance of `net.mlike.chenhui.one.dto.SaleDeliverySettlementDTO[]` out of START_OBJECT token\n at [Source: (PushbackInputStream); line: 1, column: 139] (through reference chain: net.mlike.chenhui.one.dto.SaleDeliveryDto["saleDeliverySettlements"])',
  path: '/api/saleDelivery/Create' }
[2018-08-01T20:57:01.837] [ERROR] err - [saleDelivery/Create?token=eyJhcHBLZXkiOiI1ZTYwYjdhNi1kZGQ5LTRhOTctYThhMy1hMzE3OGJkYjYwMDQiLCJhdXRoSW5mbyI6ImV5SmhiR2NpT2lKUVV6STFOaUo5LmV5SmhZMk5sYzNOZmRHOXJaVzRpT2lJd01EaGxOalptWWkwMU1qUXhMVFEzT1dVdE9ERmpPUzB3WWpNNE1qVTRNVEJpTVRBaUxDSnpkV0lpT2lKbExXTnZiVzFsY21ObElpd2laR0YwWVhNaU9pSTNOMlE1WVRSaE5ESmxNV0kyTWpVMU1HUTBZekU1TXpNNFltUm1NMlZtTXlJc0ltVjRjQ0k2TVRVek16RTFPREkzT1gwLk9CQlJOQWx6aTBfVlVNaVM5d2VMbGU5dmVvZU5qN05INWhPT2pya0RwYURKbGoyS1JNeVlWcHZqbVNMZVZuMTl6VEZ4aDF1djF6YWQ1NFNGN2ZBVjlXTDJGSEhXWkpEX2lOdWRNRG94WmVLaHFhMllmeFI3NUFscE1ObW5iRWlfOFBOVlpRa0IwakJ1bGtFbzBlS3I0bFRQaVcxczJzeEJUbWVkcVdFV3V4USIsIm9yZ0lkIjoiIn0=][POST][400]: { timestamp: '2018-08-01T12:57:59.548+0000',
  status: 400,
  error: 'Bad Request',
  message: 'JSON parse error: Cannot deserialize instance of `net.mlike.chenhui.one.dto.SaleDeliverySettlementDTO[]` out of START_OBJECT token; nested exception is com.fasterxml.jackson.databind.exc.MismatchedInputException: Cannot deserialize instance of `net.mlike.chenhui.one.dto.SaleDeliverySettlementDTO[]` out of START_OBJECT token\n at [Source: (PushbackInputStream); line: 1, column: 139] (through reference chain: net.mlike.chenhui.one.dto.SaleDeliveryDto["saleDeliverySettlements"])',
  path: '/api/saleDelivery/Create' }
[2018-08-01T21:01:40.852] [ERROR] err - [saleDelivery/Create?token=eyJhcHBLZXkiOiI1ZTYwYjdhNi1kZGQ5LTRhOTctYThhMy1hMzE3OGJkYjYwMDQiLCJhdXRoSW5mbyI6ImV5SmhiR2NpT2lKUVV6STFOaUo5LmV5SmhZMk5sYzNOZmRHOXJaVzRpT2lKaFl6QmxORE0zWmkxbU0yVmlMVFEzWkdFdFlUSmpNeTFrT1dVNU5UazRPRFkzWXpVaUxDSnpkV0lpT2lKbExXTnZiVzFsY21ObElpd2laR0YwWVhNaU9pSTNOMlE1WVRSaE5ESmxNV0kyTWpVMU1HUTBZekU1TXpNNFltUm1NMlZtTXlJc0ltVjRjQ0k2TVRVek16RTFPRFUxT0gwLmU5LXhiMXhZODVDRV85UHJwSVRwRmthTGpyNTR6YnpiYWlHdUhMUnhiTjBUQVJZYkN0b1BGdDJqU3o1WklpSFhKVWYtRlBIV1dpWW5rQ3cwdnRrN3hnOG1naENiLWVxU1NiNW9qY2xJeU1JTi13LTBjSUhrNnZMMlpTTnVETHhmLTJVRmJnTktKVDYtaV9Rc19ILXBBZE01V1dETjVmWXhHTm5MNXktT0dkcyIsIm9yZ0lkIjoiIn0=][POST][400]: { timestamp: '2018-08-01T13:02:38.809+0000',
  status: 400,
  error: 'Bad Request',
  message: 'JSON parse error: Cannot deserialize instance of `net.mlike.chenhui.one.dto.SaleDeliverySettlementDTO[]` out of START_OBJECT token; nested exception is com.fasterxml.jackson.databind.exc.MismatchedInputException: Cannot deserialize instance of `net.mlike.chenhui.one.dto.SaleDeliverySettlementDTO[]` out of START_OBJECT token\n at [Source: (PushbackInputStream); line: 1, column: 174] (through reference chain: net.mlike.chenhui.one.dto.SaleDeliveryDto["saleDeliverySettlements"])',
  path: '/api/saleDelivery/Create' }
[2018-08-01T21:03:40.143] [ERROR] err - [saleDelivery/Create?token=eyJhcHBLZXkiOiI1ZTYwYjdhNi1kZGQ5LTRhOTctYThhMy1hMzE3OGJkYjYwMDQiLCJhdXRoSW5mbyI6ImV5SmhiR2NpT2lKUVV6STFOaUo5LmV5SmhZMk5sYzNOZmRHOXJaVzRpT2lJeU1XWm1Oek0zTVMwMU1UQmxMVFF4TldZdFlqaGhNeTAwWm1VNE1XWTRaR0k0T1RFaUxDSnpkV0lpT2lKbExXTnZiVzFsY21ObElpd2laR0YwWVhNaU9pSTNOMlE1WVRSaE5ESmxNV0kyTWpVMU1HUTBZekU1TXpNNFltUm1NMlZtTXlJc0ltVjRjQ0k2TVRVek16RTFPRFkzTUgwLk9tR2hDSXZ1OXpWVGtlMUhxb3NQcVhNM0pDM1VnclVCWXNuR00tSElfbU8xMVViSmltWElyXy1QVXlWRlB1V2tYMndMRndobkw2SkE2bmppeDNiQ1owbm5zWHBMNXJ3N0hZYy1aUk40eVJyR0xBbmFWb3ZZS3M3RVRSU19JOTJKMk9ydXNqbmVYR21NNkFrN0JzSmJSdlVNSmpJUG1Ca25xSUp5bjFTV05XMCIsIm9yZ0lkIjoiIn0=][POST][400]: { timestamp: '2018-08-01T13:04:38.169+0000',
  status: 400,
  error: 'Bad Request',
  message: 'JSON parse error: Cannot deserialize instance of `net.mlike.chenhui.one.dto.SaleDeliverySettlementDTO[]` out of START_OBJECT token; nested exception is com.fasterxml.jackson.databind.exc.MismatchedInputException: Cannot deserialize instance of `net.mlike.chenhui.one.dto.SaleDeliverySettlementDTO[]` out of START_OBJECT token\n at [Source: (PushbackInputStream); line: 1, column: 170] (through reference chain: net.mlike.chenhui.one.dto.SaleDeliveryDto["saleDeliverySettlements"])',
  path: '/api/saleDelivery/Create' }
[2018-08-01T21:04:08.841] [ERROR] err - [saleDelivery/Create?token=eyJhcHBLZXkiOiI1ZTYwYjdhNi1kZGQ5LTRhOTctYThhMy1hMzE3OGJkYjYwMDQiLCJhdXRoSW5mbyI6ImV5SmhiR2NpT2lKUVV6STFOaUo5LmV5SmhZMk5sYzNOZmRHOXJaVzRpT2lKaE1ETTJNREF3WWkxbE5HSTBMVFEwTXpNdE9XSmhNeTFtTkdRd016Z3dZemt6TVRNaUxDSnpkV0lpT2lKbExXTnZiVzFsY21ObElpd2laR0YwWVhNaU9pSTNOMlE1WVRSaE5ESmxNV0kyTWpVMU1HUTBZekU1TXpNNFltUm1NMlZtTXlJc0ltVjRjQ0k2TVRVek16RTFPRGN3Tm4wLlNEQ3lQQUhieVBxNVRTZXBldWV0OHVkYjhTeWs5V2trVWdKUGlPV3psa3ZnQ0Q2bWZqN1ByZEFGQ21xOXBqcElUWU5aMU04Rk5mVkZfQUp6TGpPRmd5V29acnFMMnF2U01IME5PM1JCZHJKREdDenhzb1h4V1JBcUlYUkJpYUlVZ25veVNSMFJyTk1jV09sVU91c0xuVzdqbTI1R0gzUmVIcUJaZ3k2VDB2byIsIm9yZ0lkIjoiIn0=][POST][400]: { timestamp: '2018-08-01T13:05:06.905+0000',
  status: 400,
  error: 'Bad Request',
  message: 'JSON parse error: Cannot deserialize instance of `net.mlike.chenhui.one.dto.SaleDeliverySettlementDTO[]` out of START_OBJECT token; nested exception is com.fasterxml.jackson.databind.exc.MismatchedInputException: Cannot deserialize instance of `net.mlike.chenhui.one.dto.SaleDeliverySettlementDTO[]` out of START_OBJECT token\n at [Source: (PushbackInputStream); line: 1, column: 170] (through reference chain: net.mlike.chenhui.one.dto.SaleDeliveryDto["saleDeliverySettlements"])',
  path: '/api/saleDelivery/Create' }
[2018-08-01T21:09:08.216] [ERROR] err - [saleDelivery/Create?token=eyJhcHBLZXkiOiI1ZTYwYjdhNi1kZGQ5LTRhOTctYThhMy1hMzE3OGJkYjYwMDQiLCJhdXRoSW5mbyI6ImV5SmhiR2NpT2lKUVV6STFOaUo5LmV5SmhZMk5sYzNOZmRHOXJaVzRpT2lKaU5tTmtaV1JqWkMwMllUaGhMVFJrWldZdE9UY3dNaTAzTXpZeFltUmtNMlpsWTJNaUxDSnpkV0lpT2lKbExXTnZiVzFsY21ObElpd2laR0YwWVhNaU9pSTNOMlE1WVRSaE5ESmxNV0kyTWpVMU1HUTBZekU1TXpNNFltUm1NMlZtTXlJc0ltVjRjQ0k2TVRVek16RTFPRGMwTm4wLlpRRlVEcXFIT1o5cWY2U2M5dWFXZmpWelRXcVQzVXJXZktHTjdFR01LMkRGVC1BOXdNQVhXMmdGUkMwdzdqRWZxZTlvSmoydTVNRUN4Xzc0b2NOVGltTXJ0UXl3RkdIZWwzNjk3V0c5M1BYdjJSaEFEblBYMGR4SEFnMk9ZVWUyNXY2dUlRaTRuNXpFaW5tb2tOREdnQXhRRlBxVkVkTFdnTDNqa2k3NUF3VSIsIm9yZ0lkIjoiIn0=][POST][400]: { timestamp: '2018-08-01T13:05:46.384+0000',
  status: 400,
  error: 'Bad Request',
  message: 'JSON parse error: Cannot deserialize instance of `net.mlike.chenhui.one.dto.SaleDeliverySettlementDTO[]` out of START_OBJECT token; nested exception is com.fasterxml.jackson.databind.exc.MismatchedInputException: Cannot deserialize instance of `net.mlike.chenhui.one.dto.SaleDeliverySettlementDTO[]` out of START_OBJECT token\n at [Source: (PushbackInputStream); line: 1, column: 170] (through reference chain: net.mlike.chenhui.one.dto.SaleDeliveryDto["saleDeliverySettlements"])',
  path: '/api/saleDelivery/Create' }
[2018-08-01T21:14:30.539] [ERROR] err - [saleDelivery/Create?token=eyJhcHBLZXkiOiI1ZTYwYjdhNi1kZGQ5LTRhOTctYThhMy1hMzE3OGJkYjYwMDQiLCJhdXRoSW5mbyI6ImV5SmhiR2NpT2lKUVV6STFOaUo5LmV5SmhZMk5sYzNOZmRHOXJaVzRpT2lJNVpERTNNVEUxTXkxa1pHTTNMVFEyTVdRdFltSmlOeTB5TW1Wa1lURTNNbUprTVdJaUxDSnpkV0lpT2lKbExXTnZiVzFsY21ObElpd2laR0YwWVhNaU9pSTNOMlE1WVRSaE5ESmxNV0kyTWpVMU1HUTBZekU1TXpNNFltUm1NMlZtTXlJc0ltVjRjQ0k2TVRVek16RTFPVE15TTMwLk5hTklpTE5FOE93VVkwWEN0b2wzQlc1Q25GZnFCUi1JRjk5YjNmZ01RUVh3U2F3OHpBUDBEZ2hFUjB1MzFWdW4tRm1Zbkh5MTEtYUppTHNlUnBFS0lqUmJSbjFfcDI1SXI2cTl2eVFBNkd0N3lJUW5YWUsyTERhT2hiWlBqaHNBcVg4TF9wQlJNSWctaUt0aldMQUVMYlA3ZElUQ21hZDVRazVVUEkyTVptQSIsIm9yZ0lkIjoiIn0=][POST][400]: { timestamp: '2018-08-01T13:15:23.660+0000',
  status: 400,
  error: 'Bad Request',
  message: 'JSON parse error: Cannot deserialize instance of `net.mlike.chenhui.one.dto.SaleDeliverySettlementDTO[]` out of START_OBJECT token; nested exception is com.fasterxml.jackson.databind.exc.MismatchedInputException: Cannot deserialize instance of `net.mlike.chenhui.one.dto.SaleDeliverySettlementDTO[]` out of START_OBJECT token\n at [Source: (PushbackInputStream); line: 1, column: 174] (through reference chain: net.mlike.chenhui.one.dto.SaleDeliveryDto["saleDeliverySettlements"])',
  path: '/api/saleDelivery/Create' }
[2018-08-01T21:18:36.205] [ERROR] err - [saleDelivery/Create?token=eyJhcHBLZXkiOiI1ZTYwYjdhNi1kZGQ5LTRhOTctYThhMy1hMzE3OGJkYjYwMDQiLCJhdXRoSW5mbyI6ImV5SmhiR2NpT2lKUVV6STFOaUo5LmV5SmhZMk5sYzNOZmRHOXJaVzRpT2lJM01qRXhNVFV5T1MwMVlqQTJMVFExT0RVdE9UWXdPQzAzWW1VMlpXTm1PVGM0T0RZaUxDSnpkV0lpT2lKbExXTnZiVzFsY21ObElpd2laR0YwWVhNaU9pSTNOMlE1WVRSaE5ESmxNV0kyTWpVMU1HUTBZekU1TXpNNFltUm1NMlZtTXlJc0ltVjRjQ0k2TVRVek16RTFPVFUzTkgwLlVpWS1KNldSZlJCOTRSLWtwRkhHMWZMQVBTb25mRmt4OVhhbFRtaHd0ZDkzQjc0RXlYRlVCQXpWYnROUVdhdmlYWkVSNTdlYVl1TnlRaWxfTHo3c3Z6R3IweVJFMGVxUC1vNWxZR3psUk40M1hYaFEwV2t5SnhfYW1VVnBOU0I5bHYyeTJPdWxQbC1lbTR4WVFTSHY4TzhDY3oyOVl1cll5Nm9FeEw0QU1xMCIsIm9yZ0lkIjoiIn0=][POST][400]: { timestamp: '2018-08-01T13:19:34.962+0000',
  status: 400,
  error: 'Bad Request',
  message: 'JSON parse error: Cannot construct instance of `net.mlike.chenhui.one.dto.SettleStyleDTO` (although at least one Creator exists): no String-argument constructor/factory method to deserialize from String value (\'\'); nested exception is com.fasterxml.jackson.databind.exc.MismatchedInputException: Cannot construct instance of `net.mlike.chenhui.one.dto.SettleStyleDTO` (although at least one Creator exists): no String-argument constructor/factory method to deserialize from String value (\'\')\n at [Source: (PushbackInputStream); line: 1, column: 375] (through reference chain: net.mlike.chenhui.one.dto.SaleDeliveryDto["saleDeliverySettlements"]->java.lang.Object[][0]->net.mlike.chenhui.one.dto.SaleDeliverySettlementDTO["settleStyle"])',
  path: '/api/saleDelivery/Create' }
[2018-08-01T21:18:46.390] [ERROR] err - [saleDelivery/Create?token=eyJhcHBLZXkiOiI1ZTYwYjdhNi1kZGQ5LTRhOTctYThhMy1hMzE3OGJkYjYwMDQiLCJhdXRoSW5mbyI6ImV5SmhiR2NpT2lKUVV6STFOaUo5LmV5SmhZMk5sYzNOZmRHOXJaVzRpT2lJeE0yVm1OMlUwTVMwNE0yTTVMVFJtWTJNdFlqUTNaaTA1TmpsbU5qSmtZemhsTnpZaUxDSnpkV0lpT2lKbExXTnZiVzFsY21ObElpd2laR0YwWVhNaU9pSTNOMlE1WVRSaE5ESmxNV0kyTWpVMU1HUTBZekU1TXpNNFltUm1NMlZtTXlJc0ltVjRjQ0k2TVRVek16RTFPVFU0TlgwLldKMTBGcTFicWJOWlJqZ3lRbVdmS1RTQS11SVlmU2Y1UUVhYmdnLXdaSGw1bDllMlRUb2ZRMTZLOXJQLXRwbTlfOU9rcFhkQWhsdjJVQ3JOR1l1Tno5ckJvSlpXVnFBRzZPY0xORnBRU1pJMkpvNjhDaXI1NzkxSVd3ZGRYeGdVby1kcW1nd2JJUjdQcExPaEd0RDJ2REdiWVYwMTl4RVdvS2pXSnFxT1M3OCIsIm9yZ0lkIjoiIn0=][POST][400]: { timestamp: '2018-08-01T13:19:45.155+0000',
  status: 400,
  error: 'Bad Request',
  message: 'JSON parse error: Cannot construct instance of `net.mlike.chenhui.one.dto.SettleStyleDTO` (although at least one Creator exists): no String-argument constructor/factory method to deserialize from String value (\'\'); nested exception is com.fasterxml.jackson.databind.exc.MismatchedInputException: Cannot construct instance of `net.mlike.chenhui.one.dto.SettleStyleDTO` (although at least one Creator exists): no String-argument constructor/factory method to deserialize from String value (\'\')\n at [Source: (PushbackInputStream); line: 1, column: 382] (through reference chain: net.mlike.chenhui.one.dto.SaleDeliveryDto["saleDeliverySettlements"]->java.lang.Object[][0]->net.mlike.chenhui.one.dto.SaleDeliverySettlementDTO["settleStyle"])',
  path: '/api/saleDelivery/Create' }
