[2018-08-08T20:23:08.927] [INFO] default - [::1 GET / 200 22ms][ HTTP/1.1 Mozilla/5.0 (Windows NT 10.0; Win64; x64) AppleWebKit/537.36 (KHTML, like Gecko) Chrome/67.0.3396.99 Safari/537.36]
[2018-08-08T20:23:08.946] [INFO] default - [::1 GET /css/style.css 304 2ms][http://localhost:3000/ HTTP/1.1 Mozilla/5.0 (Windows NT 10.0; Win64; x64) AppleWebKit/537.36 (KHTML, like Gecko) Chrome/67.0.3396.99 Safari/537.36]
[2018-08-08T20:23:08.961] [INFO] default - [::1 GET /js/index.js 304 0ms][http://localhost:3000/ HTTP/1.1 Mozilla/5.0 (Windows NT 10.0; Win64; x64) AppleWebKit/537.36 (KHTML, like Gecko) Chrome/67.0.3396.99 Safari/537.36]
[2018-08-08T20:23:08.963] [INFO] default - [::1 GET /js/jquery.min.js 304 1ms][http://localhost:3000/ HTTP/1.1 Mozilla/5.0 (Windows NT 10.0; Win64; x64) AppleWebKit/537.36 (KHTML, like Gecko) Chrome/67.0.3396.99 Safari/537.36]
[2018-08-08T20:23:08.964] [INFO] default - [::1 GET /slider-2.jpg 304 1ms][http://localhost:3000/css/style.css HTTP/1.1 Mozilla/5.0 (Windows NT 10.0; Win64; x64) AppleWebKit/537.36 (KHTML, like Gecko) Chrome/67.0.3396.99 Safari/537.36]
[2018-08-08T20:23:09.456] [INFO] default - [::1 GET /favicon.ico 404 8ms][http://localhost:3000/ HTTP/1.1 Mozilla/5.0 (Windows NT 10.0; Win64; x64) AppleWebKit/537.36 (KHTML, like Gecko) Chrome/67.0.3396.99 Safari/537.36]
[2018-08-08T20:23:39.204] [INFO] default - [::1 GET / 304 2ms][ HTTP/1.1 Mozilla/5.0 (Windows NT 10.0; Win64; x64) AppleWebKit/537.36 (KHTML, like Gecko) Chrome/67.0.3396.99 Safari/537.36]
[2018-08-08T20:23:39.210] [INFO] default - [::1 GET /css/style.css 304 0ms][http://localhost:3000/ HTTP/1.1 Mozilla/5.0 (Windows NT 10.0; Win64; x64) AppleWebKit/537.36 (KHTML, like Gecko) Chrome/67.0.3396.99 Safari/537.36]
[2018-08-08T20:23:39.222] [INFO] default - [::1 GET /js/jquery.min.js 304 8ms][http://localhost:3000/ HTTP/1.1 Mozilla/5.0 (Windows NT 10.0; Win64; x64) AppleWebKit/537.36 (KHTML, like Gecko) Chrome/67.0.3396.99 Safari/537.36]
[2018-08-08T20:23:39.223] [INFO] default - [::1 GET /js/index.js 304 8ms][http://localhost:3000/ HTTP/1.1 Mozilla/5.0 (Windows NT 10.0; Win64; x64) AppleWebKit/537.36 (KHTML, like Gecko) Chrome/67.0.3396.99 Safari/537.36]
[2018-08-08T20:23:39.224] [INFO] default - [::1 GET /slider-2.jpg 304 0ms][http://localhost:3000/css/style.css HTTP/1.1 Mozilla/5.0 (Windows NT 10.0; Win64; x64) AppleWebKit/537.36 (KHTML, like Gecko) Chrome/67.0.3396.99 Safari/537.36]
[2018-08-08T20:24:42.503] [INFO] default - [::1 GET / 304 3ms][ HTTP/1.1 Mozilla/5.0 (Windows NT 10.0; Win64; x64) AppleWebKit/537.36 (KHTML, like Gecko) Chrome/67.0.3396.99 Safari/537.36]
[2018-08-08T20:24:42.513] [INFO] default - [::1 GET /css/style.css 304 1ms][http://localhost:3000/ HTTP/1.1 Mozilla/5.0 (Windows NT 10.0; Win64; x64) AppleWebKit/537.36 (KHTML, like Gecko) Chrome/67.0.3396.99 Safari/537.36]
[2018-08-08T20:24:42.520] [INFO] default - [::1 GET /js/jquery.min.js 304 5ms][http://localhost:3000/ HTTP/1.1 Mozilla/5.0 (Windows NT 10.0; Win64; x64) AppleWebKit/537.36 (KHTML, like Gecko) Chrome/67.0.3396.99 Safari/537.36]
[2018-08-08T20:24:42.521] [INFO] default - [::1 GET /js/index.js 304 6ms][http://localhost:3000/ HTTP/1.1 Mozilla/5.0 (Windows NT 10.0; Win64; x64) AppleWebKit/537.36 (KHTML, like Gecko) Chrome/67.0.3396.99 Safari/537.36]
[2018-08-08T20:24:42.524] [INFO] default - [::1 GET /slider-2.jpg 304 0ms][http://localhost:3000/css/style.css HTTP/1.1 Mozilla/5.0 (Windows NT 10.0; Win64; x64) AppleWebKit/537.36 (KHTML, like Gecko) Chrome/67.0.3396.99 Safari/537.36]
[2018-08-08T20:25:03.968] [INFO] default - [::1 GET / 304 2ms][ HTTP/1.1 Mozilla/5.0 (Windows NT 10.0; Win64; x64) AppleWebKit/537.36 (KHTML, like Gecko) Chrome/67.0.3396.99 Safari/537.36]
[2018-08-08T20:25:03.975] [INFO] default - [::1 GET /css/style.css 304 1ms][http://localhost:3000/ HTTP/1.1 Mozilla/5.0 (Windows NT 10.0; Win64; x64) AppleWebKit/537.36 (KHTML, like Gecko) Chrome/67.0.3396.99 Safari/537.36]
[2018-08-08T20:25:03.979] [INFO] default - [::1 GET /js/jquery.min.js 304 0ms][http://localhost:3000/ HTTP/1.1 Mozilla/5.0 (Windows NT 10.0; Win64; x64) AppleWebKit/537.36 (KHTML, like Gecko) Chrome/67.0.3396.99 Safari/537.36]
[2018-08-08T20:25:03.979] [INFO] default - [::1 GET /js/index.js 304 1ms][http://localhost:3000/ HTTP/1.1 Mozilla/5.0 (Windows NT 10.0; Win64; x64) AppleWebKit/537.36 (KHTML, like Gecko) Chrome/67.0.3396.99 Safari/537.36]
[2018-08-08T20:25:03.996] [INFO] default - [::1 GET /slider-2.jpg 304 1ms][http://localhost:3000/css/style.css HTTP/1.1 Mozilla/5.0 (Windows NT 10.0; Win64; x64) AppleWebKit/537.36 (KHTML, like Gecko) Chrome/67.0.3396.99 Safari/537.36]
[2018-08-08T20:25:12.825] [INFO] default - [::1 GET / 304 2ms][ HTTP/1.1 Mozilla/5.0 (Windows NT 10.0; Win64; x64) AppleWebKit/537.36 (KHTML, like Gecko) Chrome/67.0.3396.99 Safari/537.36]
[2018-08-08T20:25:12.831] [INFO] default - [::1 GET /css/style.css 304 1ms][http://localhost:3000/ HTTP/1.1 Mozilla/5.0 (Windows NT 10.0; Win64; x64) AppleWebKit/537.36 (KHTML, like Gecko) Chrome/67.0.3396.99 Safari/537.36]
[2018-08-08T20:25:12.835] [INFO] default - [::1 GET /js/jquery.min.js 304 1ms][http://localhost:3000/ HTTP/1.1 Mozilla/5.0 (Windows NT 10.0; Win64; x64) AppleWebKit/537.36 (KHTML, like Gecko) Chrome/67.0.3396.99 Safari/537.36]
[2018-08-08T20:25:12.836] [INFO] default - [::1 GET /js/index.js 304 2ms][http://localhost:3000/ HTTP/1.1 Mozilla/5.0 (Windows NT 10.0; Win64; x64) AppleWebKit/537.36 (KHTML, like Gecko) Chrome/67.0.3396.99 Safari/537.36]
[2018-08-08T20:25:12.838] [INFO] default - [::1 GET /slider-2.jpg 304 1ms][http://localhost:3000/css/style.css HTTP/1.1 Mozilla/5.0 (Windows NT 10.0; Win64; x64) AppleWebKit/537.36 (KHTML, like Gecko) Chrome/67.0.3396.99 Safari/537.36]
[2018-08-08T20:25:29.067] [INFO] default - [::1 GET / 304 19ms][ HTTP/1.1 Mozilla/5.0 (Windows NT 10.0; Win64; x64) AppleWebKit/537.36 (KHTML, like Gecko) Chrome/67.0.3396.99 Safari/537.36]
[2018-08-08T20:25:29.076] [INFO] default - [::1 GET /css/style.css 304 2ms][http://localhost:3000/ HTTP/1.1 Mozilla/5.0 (Windows NT 10.0; Win64; x64) AppleWebKit/537.36 (KHTML, like Gecko) Chrome/67.0.3396.99 Safari/537.36]
[2018-08-08T20:25:29.080] [INFO] default - [::1 GET /js/jquery.min.js 304 1ms][http://localhost:3000/ HTTP/1.1 Mozilla/5.0 (Windows NT 10.0; Win64; x64) AppleWebKit/537.36 (KHTML, like Gecko) Chrome/67.0.3396.99 Safari/537.36]
[2018-08-08T20:25:29.081] [INFO] default - [::1 GET /js/index.js 304 2ms][http://localhost:3000/ HTTP/1.1 Mozilla/5.0 (Windows NT 10.0; Win64; x64) AppleWebKit/537.36 (KHTML, like Gecko) Chrome/67.0.3396.99 Safari/537.36]
[2018-08-08T20:25:29.082] [INFO] default - [::1 GET /slider-2.jpg 304 0ms][http://localhost:3000/css/style.css HTTP/1.1 Mozilla/5.0 (Windows NT 10.0; Win64; x64) AppleWebKit/537.36 (KHTML, like Gecko) Chrome/67.0.3396.99 Safari/537.36]
[2018-08-08T20:27:27.586] [INFO] default - [::ffff:127.0.0.1 GET / 304 6ms][ HTTP/1.1 Mozilla/5.0 (Windows NT 10.0; Win64; x64) AppleWebKit/537.36 (KHTML, like Gecko) Chrome/67.0.3396.99 Safari/537.36]
[2018-08-08T20:27:27.593] [INFO] default - [::ffff:127.0.0.1 GET /css/style.css 304 2ms][http://localhost:3000/ HTTP/1.1 Mozilla/5.0 (Windows NT 10.0; Win64; x64) AppleWebKit/537.36 (KHTML, like Gecko) Chrome/67.0.3396.99 Safari/537.36]
[2018-08-08T20:27:27.596] [INFO] default - [::ffff:127.0.0.1 GET /js/jquery.min.js 304 0ms][http://localhost:3000/ HTTP/1.1 Mozilla/5.0 (Windows NT 10.0; Win64; x64) AppleWebKit/537.36 (KHTML, like Gecko) Chrome/67.0.3396.99 Safari/537.36]
[2018-08-08T20:27:27.600] [INFO] default - [::1 GET /js/index.js 304 0ms][http://localhost:3000/ HTTP/1.1 Mozilla/5.0 (Windows NT 10.0; Win64; x64) AppleWebKit/537.36 (KHTML, like Gecko) Chrome/67.0.3396.99 Safari/537.36]
[2018-08-08T20:27:27.608] [INFO] default - [::1 GET /slider-2.jpg 304 0ms][http://localhost:3000/css/style.css HTTP/1.1 Mozilla/5.0 (Windows NT 10.0; Win64; x64) AppleWebKit/537.36 (KHTML, like Gecko) Chrome/67.0.3396.99 Safari/537.36]
[2018-08-08T20:27:48.312] [INFO] default - [::1 GET / 304 2ms][ HTTP/1.1 Mozilla/5.0 (Windows NT 10.0; Win64; x64) AppleWebKit/537.36 (KHTML, like Gecko) Chrome/67.0.3396.99 Safari/537.36]
[2018-08-08T20:27:48.319] [INFO] default - [::1 GET /css/style.css 304 1ms][http://localhost:3000/ HTTP/1.1 Mozilla/5.0 (Windows NT 10.0; Win64; x64) AppleWebKit/537.36 (KHTML, like Gecko) Chrome/67.0.3396.99 Safari/537.36]
[2018-08-08T20:27:48.330] [INFO] default - [::1 GET /js/jquery.min.js 304 8ms][http://localhost:3000/ HTTP/1.1 Mozilla/5.0 (Windows NT 10.0; Win64; x64) AppleWebKit/537.36 (KHTML, like Gecko) Chrome/67.0.3396.99 Safari/537.36]
[2018-08-08T20:27:48.331] [INFO] default - [::1 GET /js/index.js 304 8ms][http://localhost:3000/ HTTP/1.1 Mozilla/5.0 (Windows NT 10.0; Win64; x64) AppleWebKit/537.36 (KHTML, like Gecko) Chrome/67.0.3396.99 Safari/537.36]
[2018-08-08T20:27:48.339] [INFO] default - [::1 GET /slider-2.jpg 304 1ms][http://localhost:3000/css/style.css HTTP/1.1 Mozilla/5.0 (Windows NT 10.0; Win64; x64) AppleWebKit/537.36 (KHTML, like Gecko) Chrome/67.0.3396.99 Safari/537.36]
[2018-08-08T20:28:00.789] [INFO] default - [::ffff:127.0.0.1 GET / 304 6ms][ HTTP/1.1 Mozilla/5.0 (Windows NT 10.0; Win64; x64) AppleWebKit/537.36 (KHTML, like Gecko) Chrome/67.0.3396.99 Safari/537.36]
[2018-08-08T20:28:00.803] [INFO] default - [::ffff:127.0.0.1 GET /css/style.css 304 1ms][http://localhost:3000/ HTTP/1.1 Mozilla/5.0 (Windows NT 10.0; Win64; x64) AppleWebKit/537.36 (KHTML, like Gecko) Chrome/67.0.3396.99 Safari/537.36]
[2018-08-08T20:28:00.809] [INFO] default - [::ffff:127.0.0.1 GET /js/jquery.min.js 304 0ms][http://localhost:3000/ HTTP/1.1 Mozilla/5.0 (Windows NT 10.0; Win64; x64) AppleWebKit/537.36 (KHTML, like Gecko) Chrome/67.0.3396.99 Safari/537.36]
[2018-08-08T20:28:00.810] [INFO] default - [::1 GET /js/index.js 304 1ms][http://localhost:3000/ HTTP/1.1 Mozilla/5.0 (Windows NT 10.0; Win64; x64) AppleWebKit/537.36 (KHTML, like Gecko) Chrome/67.0.3396.99 Safari/537.36]
[2018-08-08T20:28:00.818] [INFO] default - [::1 GET /slider-2.jpg 304 0ms][http://localhost:3000/css/style.css HTTP/1.1 Mozilla/5.0 (Windows NT 10.0; Win64; x64) AppleWebKit/537.36 (KHTML, like Gecko) Chrome/67.0.3396.99 Safari/537.36]
[2018-08-08T20:36:30.020] [INFO] default - [::1 GET / 200 11ms][ HTTP/1.1 Mozilla/5.0 (Windows NT 10.0; Win64; x64) AppleWebKit/537.36 (KHTML, like Gecko) Chrome/67.0.3396.99 Safari/537.36]
[2018-08-08T20:36:30.035] [INFO] default - [::1 GET /css/style.css 304 3ms][http://localhost:3000/ HTTP/1.1 Mozilla/5.0 (Windows NT 10.0; Win64; x64) AppleWebKit/537.36 (KHTML, like Gecko) Chrome/67.0.3396.99 Safari/537.36]
[2018-08-08T20:36:30.051] [INFO] default - [::1 GET /js/jquery.min.js 304 1ms][http://localhost:3000/ HTTP/1.1 Mozilla/5.0 (Windows NT 10.0; Win64; x64) AppleWebKit/537.36 (KHTML, like Gecko) Chrome/67.0.3396.99 Safari/537.36]
[2018-08-08T20:36:30.051] [INFO] default - [::1 GET /js/index.js 304 1ms][http://localhost:3000/ HTTP/1.1 Mozilla/5.0 (Windows NT 10.0; Win64; x64) AppleWebKit/537.36 (KHTML, like Gecko) Chrome/67.0.3396.99 Safari/537.36]
[2018-08-08T20:36:30.093] [INFO] default - [::1 GET /slider-2.jpg 304 1ms][http://localhost:3000/css/style.css HTTP/1.1 Mozilla/5.0 (Windows NT 10.0; Win64; x64) AppleWebKit/537.36 (KHTML, like Gecko) Chrome/67.0.3396.99 Safari/537.36]
[2018-08-08T20:36:51.926] [INFO] default - [::1 POST /Login 200 763ms][http://localhost:3000/ HTTP/1.1 Mozilla/5.0 (Windows NT 10.0; Win64; x64) AppleWebKit/537.36 (KHTML, like Gecko) Chrome/67.0.3396.99 Safari/537.36]
[2018-08-08T20:36:55.262] [INFO] default - [::1 GET / 304 4ms][http://localhost:3000/ HTTP/1.1 Mozilla/5.0 (Windows NT 10.0; Win64; x64) AppleWebKit/537.36 (KHTML, like Gecko) Chrome/67.0.3396.99 Safari/537.36]
[2018-08-08T20:36:55.270] [INFO] default - [::1 GET /css/style.css 304 1ms][http://localhost:3000/ HTTP/1.1 Mozilla/5.0 (Windows NT 10.0; Win64; x64) AppleWebKit/537.36 (KHTML, like Gecko) Chrome/67.0.3396.99 Safari/537.36]
[2018-08-08T20:36:55.275] [INFO] default - [::1 GET /js/jquery.min.js 304 1ms][http://localhost:3000/ HTTP/1.1 Mozilla/5.0 (Windows NT 10.0; Win64; x64) AppleWebKit/537.36 (KHTML, like Gecko) Chrome/67.0.3396.99 Safari/537.36]
[2018-08-08T20:36:55.276] [INFO] default - [::ffff:127.0.0.1 GET /js/index.js 304 2ms][http://localhost:3000/ HTTP/1.1 Mozilla/5.0 (Windows NT 10.0; Win64; x64) AppleWebKit/537.36 (KHTML, like Gecko) Chrome/67.0.3396.99 Safari/537.36]
[2018-08-08T20:36:55.278] [INFO] default - [::1 GET /slider-2.jpg 304 1ms][http://localhost:3000/css/style.css HTTP/1.1 Mozilla/5.0 (Windows NT 10.0; Win64; x64) AppleWebKit/537.36 (KHTML, like Gecko) Chrome/67.0.3396.99 Safari/537.36]
[2018-08-08T20:36:58.120] [INFO] default - [::1 POST /Login 200 578ms][http://localhost:3000/ HTTP/1.1 Mozilla/5.0 (Windows NT 10.0; Win64; x64) AppleWebKit/537.36 (KHTML, like Gecko) Chrome/67.0.3396.99 Safari/537.36]
[2018-08-08T20:36:59.506] [INFO] default - [::1 GET / 304 1ms][http://localhost:3000/ HTTP/1.1 Mozilla/5.0 (Windows NT 10.0; Win64; x64) AppleWebKit/537.36 (KHTML, like Gecko) Chrome/67.0.3396.99 Safari/537.36]
[2018-08-08T20:36:59.514] [INFO] default - [::1 GET /css/style.css 304 1ms][http://localhost:3000/ HTTP/1.1 Mozilla/5.0 (Windows NT 10.0; Win64; x64) AppleWebKit/537.36 (KHTML, like Gecko) Chrome/67.0.3396.99 Safari/537.36]
[2018-08-08T20:36:59.519] [INFO] default - [::1 GET /js/jquery.min.js 304 0ms][http://localhost:3000/ HTTP/1.1 Mozilla/5.0 (Windows NT 10.0; Win64; x64) AppleWebKit/537.36 (KHTML, like Gecko) Chrome/67.0.3396.99 Safari/537.36]
[2018-08-08T20:36:59.520] [INFO] default - [::ffff:127.0.0.1 GET /js/index.js 304 1ms][http://localhost:3000/ HTTP/1.1 Mozilla/5.0 (Windows NT 10.0; Win64; x64) AppleWebKit/537.36 (KHTML, like Gecko) Chrome/67.0.3396.99 Safari/537.36]
[2018-08-08T20:36:59.527] [INFO] default - [::ffff:127.0.0.1 GET /slider-2.jpg 304 1ms][http://localhost:3000/css/style.css HTTP/1.1 Mozilla/5.0 (Windows NT 10.0; Win64; x64) AppleWebKit/537.36 (KHTML, like Gecko) Chrome/67.0.3396.99 Safari/537.36]
[2018-08-08T20:37:10.403] [INFO] default - [::1 GET / 304 2ms][http://localhost:3000/ HTTP/1.1 Mozilla/5.0 (Windows NT 10.0; Win64; x64) AppleWebKit/537.36 (KHTML, like Gecko) Chrome/67.0.3396.99 Safari/537.36]
[2018-08-08T20:37:10.409] [INFO] default - [::1 GET /css/style.css 304 1ms][http://localhost:3000/ HTTP/1.1 Mozilla/5.0 (Windows NT 10.0; Win64; x64) AppleWebKit/537.36 (KHTML, like Gecko) Chrome/67.0.3396.99 Safari/537.36]
[2018-08-08T20:37:10.413] [INFO] default - [::1 GET /js/index.js 304 0ms][http://localhost:3000/ HTTP/1.1 Mozilla/5.0 (Windows NT 10.0; Win64; x64) AppleWebKit/537.36 (KHTML, like Gecko) Chrome/67.0.3396.99 Safari/537.36]
[2018-08-08T20:37:10.415] [INFO] default - [::1 GET /js/jquery.min.js 304 1ms][http://localhost:3000/ HTTP/1.1 Mozilla/5.0 (Windows NT 10.0; Win64; x64) AppleWebKit/537.36 (KHTML, like Gecko) Chrome/67.0.3396.99 Safari/537.36]
[2018-08-08T20:37:10.417] [INFO] default - [::1 GET /slider-2.jpg 304 1ms][http://localhost:3000/css/style.css HTTP/1.1 Mozilla/5.0 (Windows NT 10.0; Win64; x64) AppleWebKit/537.36 (KHTML, like Gecko) Chrome/67.0.3396.99 Safari/537.36]
[2018-08-08T20:37:17.514] [INFO] default - [::1 POST /Login 200 1585ms][http://localhost:3000/ HTTP/1.1 Mozilla/5.0 (Windows NT 10.0; Win64; x64) AppleWebKit/537.36 (KHTML, like Gecko) Chrome/67.0.3396.99 Safari/537.36]
[2018-08-08T20:37:17.527] [INFO] default - [::1 GET / 200 9ms][http://localhost:3000/ HTTP/1.1 Mozilla/5.0 (Windows NT 10.0; Win64; x64) AppleWebKit/537.36 (KHTML, like Gecko) Chrome/67.0.3396.99 Safari/537.36]
[2018-08-08T20:37:17.536] [INFO] default - [::1 GET /layui/css/layui.css 304 1ms][http://localhost:3000/ HTTP/1.1 Mozilla/5.0 (Windows NT 10.0; Win64; x64) AppleWebKit/537.36 (KHTML, like Gecko) Chrome/67.0.3396.99 Safari/537.36]
[2018-08-08T20:37:17.550] [INFO] default - [::1 GET /css/order.css 304 12ms][http://localhost:3000/ HTTP/1.1 Mozilla/5.0 (Windows NT 10.0; Win64; x64) AppleWebKit/537.36 (KHTML, like Gecko) Chrome/67.0.3396.99 Safari/537.36]
[2018-08-08T20:37:17.551] [INFO] default - [::1 GET /ydui/css/ydui.css 304 12ms][http://localhost:3000/ HTTP/1.1 Mozilla/5.0 (Windows NT 10.0; Win64; x64) AppleWebKit/537.36 (KHTML, like Gecko) Chrome/67.0.3396.99 Safari/537.36]
[2018-08-08T20:37:17.552] [INFO] default - [::1 GET /jquery-weui/dist/lib/weui.min.css 304 13ms][http://localhost:3000/ HTTP/1.1 Mozilla/5.0 (Windows NT 10.0; Win64; x64) AppleWebKit/537.36 (KHTML, like Gecko) Chrome/67.0.3396.99 Safari/537.36]
[2018-08-08T20:37:17.553] [INFO] default - [::1 GET /layui/layui.js 304 14ms][http://localhost:3000/ HTTP/1.1 Mozilla/5.0 (Windows NT 10.0; Win64; x64) AppleWebKit/537.36 (KHTML, like Gecko) Chrome/67.0.3396.99 Safari/537.36]
[2018-08-08T20:37:17.553] [INFO] default - [::1 GET /ydui/js/ydui.flexible.js 304 5ms][http://localhost:3000/ HTTP/1.1 Mozilla/5.0 (Windows NT 10.0; Win64; x64) AppleWebKit/537.36 (KHTML, like Gecko) Chrome/67.0.3396.99 Safari/537.36]
[2018-08-08T20:37:17.555] [INFO] default - [::1 GET /jquery-weui/dist/js/jquery-weui.min.js 304 7ms][http://localhost:3000/ HTTP/1.1 Mozilla/5.0 (Windows NT 10.0; Win64; x64) AppleWebKit/537.36 (KHTML, like Gecko) Chrome/67.0.3396.99 Safari/537.36]
[2018-08-08T20:37:17.567] [INFO] default - [::1 GET /jquery/jquery.min.js 304 1ms][http://localhost:3000/ HTTP/1.1 Mozilla/5.0 (Windows NT 10.0; Win64; x64) AppleWebKit/537.36 (KHTML, like Gecko) Chrome/67.0.3396.99 Safari/537.36]
[2018-08-08T20:37:17.568] [INFO] default - [::1 GET /javascript/function.js 304 1ms][http://localhost:3000/ HTTP/1.1 Mozilla/5.0 (Windows NT 10.0; Win64; x64) AppleWebKit/537.36 (KHTML, like Gecko) Chrome/67.0.3396.99 Safari/537.36]
[2018-08-08T20:37:17.587] [INFO] default - [::1 GET /layui/lay/modules/layer.js 304 1ms][http://localhost:3000/ HTTP/1.1 Mozilla/5.0 (Windows NT 10.0; Win64; x64) AppleWebKit/537.36 (KHTML, like Gecko) Chrome/67.0.3396.99 Safari/537.36]
[2018-08-08T20:37:17.593] [INFO] default - [::1 GET /layui/css/modules/layer/default/layer.css?v=3.1.1 304 0ms][http://localhost:3000/ HTTP/1.1 Mozilla/5.0 (Windows NT 10.0; Win64; x64) AppleWebKit/537.36 (KHTML, like Gecko) Chrome/67.0.3396.99 Safari/537.36]
[2018-08-08T20:37:17.594] [INFO] default - [::1 GET /layui/lay/modules/form.js 304 1ms][http://localhost:3000/ HTTP/1.1 Mozilla/5.0 (Windows NT 10.0; Win64; x64) AppleWebKit/537.36 (KHTML, like Gecko) Chrome/67.0.3396.99 Safari/537.36]
[2018-08-08T20:37:17.599] [INFO] default - [::1 GET /layui/css/modules/layer/default/loading-2.gif 304 1ms][http://localhost:3000/layui/css/modules/layer/default/layer.css?v=3.1.1 HTTP/1.1 Mozilla/5.0 (Windows NT 10.0; Win64; x64) AppleWebKit/537.36 (KHTML, like Gecko) Chrome/67.0.3396.99 Safari/537.36]
[2018-08-08T20:37:17.607] [INFO] default - [::1 GET /javascript/index1.js?_=1533731837582 200 2ms][http://localhost:3000/ HTTP/1.1 Mozilla/5.0 (Windows NT 10.0; Win64; x64) AppleWebKit/537.36 (KHTML, like Gecko) Chrome/67.0.3396.99 Safari/537.36]
[2018-08-08T20:37:17.613] [INFO] default - [::1 GET /javascript/order.js?_=1533731837583 200 1ms][http://localhost:3000/ HTTP/1.1 Mozilla/5.0 (Windows NT 10.0; Win64; x64) AppleWebKit/537.36 (KHTML, like Gecko) Chrome/67.0.3396.99 Safari/537.36]
[2018-08-08T20:37:17.616] [INFO] default - [::1 GET /javascript/sales.js?_=1533731837584 200 1ms][http://localhost:3000/ HTTP/1.1 Mozilla/5.0 (Windows NT 10.0; Win64; x64) AppleWebKit/537.36 (KHTML, like Gecko) Chrome/67.0.3396.99 Safari/537.36]
[2018-08-08T20:37:17.620] [INFO] default - [::1 GET /javascript/pullSignal.js?_=1533731837585 200 0ms][http://localhost:3000/ HTTP/1.1 Mozilla/5.0 (Windows NT 10.0; Win64; x64) AppleWebKit/537.36 (KHTML, like Gecko) Chrome/67.0.3396.99 Safari/537.36]
[2018-08-08T20:37:17.624] [INFO] default - [::1 GET /javascript/addApplicationGoods.js?_=1533731837586 200 0ms][http://localhost:3000/ HTTP/1.1 Mozilla/5.0 (Windows NT 10.0; Win64; x64) AppleWebKit/537.36 (KHTML, like Gecko) Chrome/67.0.3396.99 Safari/537.36]
[2018-08-08T20:37:17.630] [INFO] default - [::1 GET /javascript/addReturnRequest.js?_=1533731837587 200 1ms][http://localhost:3000/ HTTP/1.1 Mozilla/5.0 (Windows NT 10.0; Win64; x64) AppleWebKit/537.36 (KHTML, like Gecko) Chrome/67.0.3396.99 Safari/537.36]
[2018-08-08T20:37:17.634] [INFO] default - [::1 GET /javascript/requireGoodsList.js?_=1533731837588 200 1ms][http://localhost:3000/ HTTP/1.1 Mozilla/5.0 (Windows NT 10.0; Win64; x64) AppleWebKit/537.36 (KHTML, like Gecko) Chrome/67.0.3396.99 Safari/537.36]
[2018-08-08T20:37:17.639] [INFO] default - [::1 GET /javascript/saleslist.js?_=1533731837589 200 1ms][http://localhost:3000/ HTTP/1.1 Mozilla/5.0 (Windows NT 10.0; Win64; x64) AppleWebKit/537.36 (KHTML, like Gecko) Chrome/67.0.3396.99 Safari/537.36]
[2018-08-08T20:37:17.643] [INFO] default - [::1 GET /javascript/saleslist_goods.js?_=1533731837590 200 1ms][http://localhost:3000/ HTTP/1.1 Mozilla/5.0 (Windows NT 10.0; Win64; x64) AppleWebKit/537.36 (KHTML, like Gecko) Chrome/67.0.3396.99 Safari/537.36]
[2018-08-08T20:37:17.649] [INFO] default - [::1 GET /javascript/productList.js?_=1533731837591 200 1ms][http://localhost:3000/ HTTP/1.1 Mozilla/5.0 (Windows NT 10.0; Win64; x64) AppleWebKit/537.36 (KHTML, like Gecko) Chrome/67.0.3396.99 Safari/537.36]
[2018-08-08T20:37:17.653] [INFO] default - [::1 GET /javascript/selectCustomer.js?_=1533731837592 200 0ms][http://localhost:3000/ HTTP/1.1 Mozilla/5.0 (Windows NT 10.0; Win64; x64) AppleWebKit/537.36 (KHTML, like Gecko) Chrome/67.0.3396.99 Safari/537.36]
[2018-08-08T20:37:17.657] [INFO] default - [::1 GET /javascript/productDetail.js?_=1533731837593 200 0ms][http://localhost:3000/ HTTP/1.1 Mozilla/5.0 (Windows NT 10.0; Win64; x64) AppleWebKit/537.36 (KHTML, like Gecko) Chrome/67.0.3396.99 Safari/537.36]
[2018-08-08T20:37:17.661] [INFO] default - [::1 GET /javascript/tuihuo_productList.js?_=1533731837594 200 1ms][http://localhost:3000/ HTTP/1.1 Mozilla/5.0 (Windows NT 10.0; Win64; x64) AppleWebKit/537.36 (KHTML, like Gecko) Chrome/67.0.3396.99 Safari/537.36]
[2018-08-08T20:37:17.665] [INFO] default - [::1 GET /javascript/tuihuo_saleslist_goods.js?_=1533731837595 200 0ms][http://localhost:3000/ HTTP/1.1 Mozilla/5.0 (Windows NT 10.0; Win64; x64) AppleWebKit/537.36 (KHTML, like Gecko) Chrome/67.0.3396.99 Safari/537.36]
[2018-08-08T20:37:17.670] [INFO] default - [::1 GET /javascript/tuihuo_selectcustomer.js?_=1533731837596 200 0ms][http://localhost:3000/ HTTP/1.1 Mozilla/5.0 (Windows NT 10.0; Win64; x64) AppleWebKit/537.36 (KHTML, like Gecko) Chrome/67.0.3396.99 Safari/537.36]
[2018-08-08T20:37:17.674] [INFO] default - [::1 GET /javascript/tuihuo_salelist.js?_=1533731837597 200 0ms][http://localhost:3000/ HTTP/1.1 Mozilla/5.0 (Windows NT 10.0; Win64; x64) AppleWebKit/537.36 (KHTML, like Gecko) Chrome/67.0.3396.99 Safari/537.36]
[2018-08-08T20:37:17.677] [INFO] default - [::1 GET /layui/lay/modules/laytpl.js 304 1ms][http://localhost:3000/ HTTP/1.1 Mozilla/5.0 (Windows NT 10.0; Win64; x64) AppleWebKit/537.36 (KHTML, like Gecko) Chrome/67.0.3396.99 Safari/537.36]
[2018-08-08T20:37:17.692] [INFO] default - [::1 GET /layui/font/iconfont.woff?v=230 304 0ms][http://localhost:3000/layui/css/layui.css HTTP/1.1 Mozilla/5.0 (Windows NT 10.0; Win64; x64) AppleWebKit/537.36 (KHTML, like Gecko) Chrome/67.0.3396.99 Safari/537.36]
[2018-08-08T20:37:21.077] [INFO] default - [::1 GET /partner 304 1431ms][http://localhost:3000/ HTTP/1.1 Mozilla/5.0 (Windows NT 10.0; Win64; x64) AppleWebKit/537.36 (KHTML, like Gecko) Chrome/67.0.3396.99 Safari/537.36]
[2018-08-08T20:37:27.358] [INFO] default - [::1 POST /Project 200 4954ms][http://localhost:3000/ HTTP/1.1 Mozilla/5.0 (Windows NT 10.0; Win64; x64) AppleWebKit/537.36 (KHTML, like Gecko) Chrome/67.0.3396.99 Safari/537.36]
[2018-08-08T20:37:27.776] [INFO] default - [::1 GET /warehouse 304 5369ms][http://localhost:3000/ HTTP/1.1 Mozilla/5.0 (Windows NT 10.0; Win64; x64) AppleWebKit/537.36 (KHTML, like Gecko) Chrome/67.0.3396.99 Safari/537.36]
[2018-08-08T20:37:28.278] [INFO] default - [::1 GET /partner 304 5872ms][http://localhost:3000/ HTTP/1.1 Mozilla/5.0 (Windows NT 10.0; Win64; x64) AppleWebKit/537.36 (KHTML, like Gecko) Chrome/67.0.3396.99 Safari/537.36]
[2018-08-08T20:37:28.875] [INFO] default - [::1 POST /person 200 6468ms][http://localhost:3000/ HTTP/1.1 Mozilla/5.0 (Windows NT 10.0; Win64; x64) AppleWebKit/537.36 (KHTML, like Gecko) Chrome/67.0.3396.99 Safari/537.36]
[2018-08-08T20:37:30.071] [INFO] default - [::1 GET /layui/lay/modules/element.js 304 1ms][http://localhost:3000/ HTTP/1.1 Mozilla/5.0 (Windows NT 10.0; Win64; x64) AppleWebKit/537.36 (KHTML, like Gecko) Chrome/67.0.3396.99 Safari/537.36]
[2018-08-08T20:37:30.076] [INFO] default - [::1 GET /layui/css/modules/layer/default/loading-1.gif 304 1ms][http://localhost:3000/layui/css/modules/layer/default/layer.css?v=3.1.1 HTTP/1.1 Mozilla/5.0 (Windows NT 10.0; Win64; x64) AppleWebKit/537.36 (KHTML, like Gecko) Chrome/67.0.3396.99 Safari/537.36]
[2018-08-08T20:37:32.557] [INFO] default - [::1 POST /inventory 200 2475ms][http://localhost:3000/ HTTP/1.1 Mozilla/5.0 (Windows NT 10.0; Win64; x64) AppleWebKit/537.36 (KHTML, like Gecko) Chrome/67.0.3396.99 Safari/537.36]
[2018-08-08T20:37:35.613] [INFO] default - [::1 POST /QueryInventoryPrice 200 3052ms][http://localhost:3000/ HTTP/1.1 Mozilla/5.0 (Windows NT 10.0; Win64; x64) AppleWebKit/537.36 (KHTML, like Gecko) Chrome/67.0.3396.99 Safari/537.36]
[2018-08-08T20:37:39.092] [INFO] default - [::1 POST /Project 200 2760ms][http://localhost:3000/ HTTP/1.1 Mozilla/5.0 (Windows NT 10.0; Win64; x64) AppleWebKit/537.36 (KHTML, like Gecko) Chrome/67.0.3396.99 Safari/537.36]
[2018-08-08T20:37:39.454] [INFO] default - [::1 GET /warehouse 304 3117ms][http://localhost:3000/ HTTP/1.1 Mozilla/5.0 (Windows NT 10.0; Win64; x64) AppleWebKit/537.36 (KHTML, like Gecko) Chrome/67.0.3396.99 Safari/537.36]
[2018-08-08T20:37:39.481] [INFO] default - [::1 POST /person 200 3143ms][http://localhost:3000/ HTTP/1.1 Mozilla/5.0 (Windows NT 10.0; Win64; x64) AppleWebKit/537.36 (KHTML, like Gecko) Chrome/67.0.3396.99 Safari/537.36]
[2018-08-08T20:37:39.774] [INFO] default - [::1 GET /partner 304 3438ms][http://localhost:3000/ HTTP/1.1 Mozilla/5.0 (Windows NT 10.0; Win64; x64) AppleWebKit/537.36 (KHTML, like Gecko) Chrome/67.0.3396.99 Safari/537.36]
[2018-08-08T20:37:41.127] [INFO] default - [::1 GET /partner 304 1352ms][http://localhost:3000/ HTTP/1.1 Mozilla/5.0 (Windows NT 10.0; Win64; x64) AppleWebKit/537.36 (KHTML, like Gecko) Chrome/67.0.3396.99 Safari/537.36]
[2018-08-08T20:37:46.891] [INFO] default - [::1 POST /Project 200 4482ms][http://localhost:3000/ HTTP/1.1 Mozilla/5.0 (Windows NT 10.0; Win64; x64) AppleWebKit/537.36 (KHTML, like Gecko) Chrome/67.0.3396.99 Safari/537.36]
[2018-08-08T20:37:47.267] [INFO] default - [::1 GET /warehouse 304 4855ms][http://localhost:3000/ HTTP/1.1 Mozilla/5.0 (Windows NT 10.0; Win64; x64) AppleWebKit/537.36 (KHTML, like Gecko) Chrome/67.0.3396.99 Safari/537.36]
[2018-08-08T20:37:47.944] [INFO] default - [::1 GET /partner 304 5534ms][http://localhost:3000/ HTTP/1.1 Mozilla/5.0 (Windows NT 10.0; Win64; x64) AppleWebKit/537.36 (KHTML, like Gecko) Chrome/67.0.3396.99 Safari/537.36]
[2018-08-08T20:37:48.306] [INFO] default - [::1 POST /person 200 5895ms][http://localhost:3000/ HTTP/1.1 Mozilla/5.0 (Windows NT 10.0; Win64; x64) AppleWebKit/537.36 (KHTML, like Gecko) Chrome/67.0.3396.99 Safari/537.36]
[2018-08-08T20:38:11.117] [INFO] default - [::1 POST /inventory 200 1692ms][http://localhost:3000/ HTTP/1.1 Mozilla/5.0 (Windows NT 10.0; Win64; x64) AppleWebKit/537.36 (KHTML, like Gecko) Chrome/67.0.3396.99 Safari/537.36]
[2018-08-08T20:38:13.265] [INFO] default - [::1 POST /QueryInventoryPrice 200 2145ms][http://localhost:3000/ HTTP/1.1 Mozilla/5.0 (Windows NT 10.0; Win64; x64) AppleWebKit/537.36 (KHTML, like Gecko) Chrome/67.0.3396.99 Safari/537.36]
[2018-08-08T20:38:21.901] [INFO] default - [::1 GET /partner 304 5712ms][http://localhost:3000/ HTTP/1.1 Mozilla/5.0 (Windows NT 10.0; Win64; x64) AppleWebKit/537.36 (KHTML, like Gecko) Chrome/67.0.3396.99 Safari/537.36]
[2018-08-08T20:38:22.313] [INFO] default - [::1 POST /person 200 6125ms][http://localhost:3000/ HTTP/1.1 Mozilla/5.0 (Windows NT 10.0; Win64; x64) AppleWebKit/537.36 (KHTML, like Gecko) Chrome/67.0.3396.99 Safari/537.36]
[2018-08-08T20:38:22.736] [INFO] default - [::1 GET /warehouse 304 6547ms][http://localhost:3000/ HTTP/1.1 Mozilla/5.0 (Windows NT 10.0; Win64; x64) AppleWebKit/537.36 (KHTML, like Gecko) Chrome/67.0.3396.99 Safari/537.36]
[2018-08-08T20:38:22.745] [INFO] default - [::1 GET /layui/css/modules/layer/default/icon.png 304 1ms][http://localhost:3000/layui/css/modules/layer/default/layer.css?v=3.1.1 HTTP/1.1 Mozilla/5.0 (Windows NT 10.0; Win64; x64) AppleWebKit/537.36 (KHTML, like Gecko) Chrome/67.0.3396.99 Safari/537.36]
[2018-08-08T20:38:23.284] [INFO] default - [::1 POST /Project 200 7098ms][http://localhost:3000/ HTTP/1.1 Mozilla/5.0 (Windows NT 10.0; Win64; x64) AppleWebKit/537.36 (KHTML, like Gecko) Chrome/67.0.3396.99 Safari/537.36]
[2018-08-08T20:39:06.297] [INFO] default - [::1 GET /layui/lay/modules/laydate.js 200 1ms][http://localhost:3000/ HTTP/1.1 Mozilla/5.0 (Windows NT 10.0; Win64; x64) AppleWebKit/537.36 (KHTML, like Gecko) Chrome/67.0.3396.99 Safari/537.36]
[2018-08-08T20:39:06.302] [INFO] default - [::1 GET /layui/css/modules/laydate/default/laydate.css?v=5.0.9 200 1ms][http://localhost:3000/ HTTP/1.1 Mozilla/5.0 (Windows NT 10.0; Win64; x64) AppleWebKit/537.36 (KHTML, like Gecko) Chrome/67.0.3396.99 Safari/537.36]
[2018-08-08T20:41:10.227] [INFO] default - [::1 GET / 304 8ms][ HTTP/1.1 Mozilla/5.0 (Windows NT 10.0; Win64; x64) AppleWebKit/537.36 (KHTML, like Gecko) Chrome/67.0.3396.99 Safari/537.36]
[2018-08-08T20:41:10.244] [INFO] default - [::1 GET /layui/css/layui.css 304 3ms][http://localhost:3000/ HTTP/1.1 Mozilla/5.0 (Windows NT 10.0; Win64; x64) AppleWebKit/537.36 (KHTML, like Gecko) Chrome/67.0.3396.99 Safari/537.36]
[2018-08-08T20:41:10.247] [INFO] default - [::1 GET /ydui/css/ydui.css 304 5ms][http://localhost:3000/ HTTP/1.1 Mozilla/5.0 (Windows NT 10.0; Win64; x64) AppleWebKit/537.36 (KHTML, like Gecko) Chrome/67.0.3396.99 Safari/537.36]
[2018-08-08T20:41:10.247] [INFO] default - [::1 GET /ydui/js/ydui.flexible.js 304 5ms][http://localhost:3000/ HTTP/1.1 Mozilla/5.0 (Windows NT 10.0; Win64; x64) AppleWebKit/537.36 (KHTML, like Gecko) Chrome/67.0.3396.99 Safari/537.36]
[2018-08-08T20:41:10.248] [INFO] default - [::1 GET /jquery-weui/dist/lib/weui.min.css 304 6ms][http://localhost:3000/ HTTP/1.1 Mozilla/5.0 (Windows NT 10.0; Win64; x64) AppleWebKit/537.36 (KHTML, like Gecko) Chrome/67.0.3396.99 Safari/537.36]
[2018-08-08T20:41:10.250] [INFO] default - [::1 GET /css/order.css 304 8ms][http://localhost:3000/ HTTP/1.1 Mozilla/5.0 (Windows NT 10.0; Win64; x64) AppleWebKit/537.36 (KHTML, like Gecko) Chrome/67.0.3396.99 Safari/537.36]
[2018-08-08T20:41:10.254] [INFO] default - [::1 GET /layui/layui.js 304 4ms][http://localhost:3000/ HTTP/1.1 Mozilla/5.0 (Windows NT 10.0; Win64; x64) AppleWebKit/537.36 (KHTML, like Gecko) Chrome/67.0.3396.99 Safari/537.36]
[2018-08-08T20:41:10.255] [INFO] default - [::1 GET /jquery/jquery.min.js 304 3ms][http://localhost:3000/ HTTP/1.1 Mozilla/5.0 (Windows NT 10.0; Win64; x64) AppleWebKit/537.36 (KHTML, like Gecko) Chrome/67.0.3396.99 Safari/537.36]
[2018-08-08T20:41:10.256] [INFO] default - [::1 GET /jquery-weui/dist/js/jquery-weui.min.js 304 4ms][http://localhost:3000/ HTTP/1.1 Mozilla/5.0 (Windows NT 10.0; Win64; x64) AppleWebKit/537.36 (KHTML, like Gecko) Chrome/67.0.3396.99 Safari/537.36]
[2018-08-08T20:41:10.257] [INFO] default - [::1 GET /javascript/function.js 304 5ms][http://localhost:3000/ HTTP/1.1 Mozilla/5.0 (Windows NT 10.0; Win64; x64) AppleWebKit/537.36 (KHTML, like Gecko) Chrome/67.0.3396.99 Safari/537.36]
[2018-08-08T20:41:10.267] [INFO] default - [::1 GET /layui/lay/modules/layer.js 304 1ms][http://localhost:3000/ HTTP/1.1 Mozilla/5.0 (Windows NT 10.0; Win64; x64) AppleWebKit/537.36 (KHTML, like Gecko) Chrome/67.0.3396.99 Safari/537.36]
[2018-08-08T20:41:10.271] [INFO] default - [::1 GET /layui/css/modules/layer/default/layer.css?v=3.1.1 304 1ms][http://localhost:3000/ HTTP/1.1 Mozilla/5.0 (Windows NT 10.0; Win64; x64) AppleWebKit/537.36 (KHTML, like Gecko) Chrome/67.0.3396.99 Safari/537.36]
[2018-08-08T20:41:10.272] [INFO] default - [::1 GET /layui/lay/modules/form.js 304 1ms][http://localhost:3000/ HTTP/1.1 Mozilla/5.0 (Windows NT 10.0; Win64; x64) AppleWebKit/537.36 (KHTML, like Gecko) Chrome/67.0.3396.99 Safari/537.36]
[2018-08-08T20:41:10.276] [INFO] default - [::1 GET /layui/css/modules/layer/default/loading-2.gif 304 1ms][http://localhost:3000/layui/css/modules/layer/default/layer.css?v=3.1.1 HTTP/1.1 Mozilla/5.0 (Windows NT 10.0; Win64; x64) AppleWebKit/537.36 (KHTML, like Gecko) Chrome/67.0.3396.99 Safari/537.36]
[2018-08-08T20:41:10.280] [INFO] default - [::1 GET /javascript/index1.js?_=1533732070261 200 0ms][http://localhost:3000/ HTTP/1.1 Mozilla/5.0 (Windows NT 10.0; Win64; x64) AppleWebKit/537.36 (KHTML, like Gecko) Chrome/67.0.3396.99 Safari/537.36]
[2018-08-08T20:41:10.284] [INFO] default - [::1 GET /javascript/order.js?_=1533732070262 200 1ms][http://localhost:3000/ HTTP/1.1 Mozilla/5.0 (Windows NT 10.0; Win64; x64) AppleWebKit/537.36 (KHTML, like Gecko) Chrome/67.0.3396.99 Safari/537.36]
[2018-08-08T20:41:10.288] [INFO] default - [::1 GET /javascript/sales.js?_=1533732070263 200 0ms][http://localhost:3000/ HTTP/1.1 Mozilla/5.0 (Windows NT 10.0; Win64; x64) AppleWebKit/537.36 (KHTML, like Gecko) Chrome/67.0.3396.99 Safari/537.36]
[2018-08-08T20:41:10.294] [INFO] default - [::1 GET /javascript/pullSignal.js?_=1533732070264 200 1ms][http://localhost:3000/ HTTP/1.1 Mozilla/5.0 (Windows NT 10.0; Win64; x64) AppleWebKit/537.36 (KHTML, like Gecko) Chrome/67.0.3396.99 Safari/537.36]
[2018-08-08T20:41:10.297] [INFO] default - [::1 GET /javascript/addApplicationGoods.js?_=1533732070265 200 0ms][http://localhost:3000/ HTTP/1.1 Mozilla/5.0 (Windows NT 10.0; Win64; x64) AppleWebKit/537.36 (KHTML, like Gecko) Chrome/67.0.3396.99 Safari/537.36]
[2018-08-08T20:41:10.301] [INFO] default - [::1 GET /javascript/addReturnRequest.js?_=1533732070266 200 0ms][http://localhost:3000/ HTTP/1.1 Mozilla/5.0 (Windows NT 10.0; Win64; x64) AppleWebKit/537.36 (KHTML, like Gecko) Chrome/67.0.3396.99 Safari/537.36]
[2018-08-08T20:41:10.305] [INFO] default - [::1 GET /javascript/requireGoodsList.js?_=1533732070267 200 0ms][http://localhost:3000/ HTTP/1.1 Mozilla/5.0 (Windows NT 10.0; Win64; x64) AppleWebKit/537.36 (KHTML, like Gecko) Chrome/67.0.3396.99 Safari/537.36]
[2018-08-08T20:41:10.310] [INFO] default - [::1 GET /javascript/saleslist.js?_=1533732070268 200 1ms][http://localhost:3000/ HTTP/1.1 Mozilla/5.0 (Windows NT 10.0; Win64; x64) AppleWebKit/537.36 (KHTML, like Gecko) Chrome/67.0.3396.99 Safari/537.36]
[2018-08-08T20:41:10.315] [INFO] default - [::1 GET /javascript/saleslist_goods.js?_=1533732070269 200 1ms][http://localhost:3000/ HTTP/1.1 Mozilla/5.0 (Windows NT 10.0; Win64; x64) AppleWebKit/537.36 (KHTML, like Gecko) Chrome/67.0.3396.99 Safari/537.36]
[2018-08-08T20:41:10.321] [INFO] default - [::1 GET /javascript/productList.js?_=1533732070270 200 1ms][http://localhost:3000/ HTTP/1.1 Mozilla/5.0 (Windows NT 10.0; Win64; x64) AppleWebKit/537.36 (KHTML, like Gecko) Chrome/67.0.3396.99 Safari/537.36]
[2018-08-08T20:41:10.325] [INFO] default - [::1 GET /javascript/selectCustomer.js?_=1533732070271 200 0ms][http://localhost:3000/ HTTP/1.1 Mozilla/5.0 (Windows NT 10.0; Win64; x64) AppleWebKit/537.36 (KHTML, like Gecko) Chrome/67.0.3396.99 Safari/537.36]
[2018-08-08T20:41:10.329] [INFO] default - [::1 GET /javascript/productDetail.js?_=1533732070272 200 0ms][http://localhost:3000/ HTTP/1.1 Mozilla/5.0 (Windows NT 10.0; Win64; x64) AppleWebKit/537.36 (KHTML, like Gecko) Chrome/67.0.3396.99 Safari/537.36]
[2018-08-08T20:41:10.333] [INFO] default - [::1 GET /javascript/tuihuo_productList.js?_=1533732070273 200 1ms][http://localhost:3000/ HTTP/1.1 Mozilla/5.0 (Windows NT 10.0; Win64; x64) AppleWebKit/537.36 (KHTML, like Gecko) Chrome/67.0.3396.99 Safari/537.36]
[2018-08-08T20:41:10.338] [INFO] default - [::1 GET /javascript/tuihuo_saleslist_goods.js?_=1533732070274 200 1ms][http://localhost:3000/ HTTP/1.1 Mozilla/5.0 (Windows NT 10.0; Win64; x64) AppleWebKit/537.36 (KHTML, like Gecko) Chrome/67.0.3396.99 Safari/537.36]
[2018-08-08T20:41:10.343] [INFO] default - [::1 GET /javascript/tuihuo_selectcustomer.js?_=1533732070275 200 0ms][http://localhost:3000/ HTTP/1.1 Mozilla/5.0 (Windows NT 10.0; Win64; x64) AppleWebKit/537.36 (KHTML, like Gecko) Chrome/67.0.3396.99 Safari/537.36]
[2018-08-08T20:41:10.348] [INFO] default - [::1 GET /javascript/tuihuo_salelist.js?_=1533732070276 200 1ms][http://localhost:3000/ HTTP/1.1 Mozilla/5.0 (Windows NT 10.0; Win64; x64) AppleWebKit/537.36 (KHTML, like Gecko) Chrome/67.0.3396.99 Safari/537.36]
[2018-08-08T20:41:10.350] [INFO] default - [::1 GET /layui/lay/modules/laytpl.js 304 1ms][http://localhost:3000/ HTTP/1.1 Mozilla/5.0 (Windows NT 10.0; Win64; x64) AppleWebKit/537.36 (KHTML, like Gecko) Chrome/67.0.3396.99 Safari/537.36]
[2018-08-08T20:41:10.360] [INFO] default - [::1 GET /layui/font/iconfont.woff?v=230 304 0ms][http://localhost:3000/layui/css/layui.css HTTP/1.1 Mozilla/5.0 (Windows NT 10.0; Win64; x64) AppleWebKit/537.36 (KHTML, like Gecko) Chrome/67.0.3396.99 Safari/537.36]
[2018-08-08T20:41:14.388] [INFO] default - [::1 GET /layui/css/layui.css 304 2ms][http://localhost:3000/ HTTP/1.1 Mozilla/5.0 (Windows NT 10.0; Win64; x64) AppleWebKit/537.36 (KHTML, like Gecko) Chrome/67.0.3396.99 Safari/537.36]
[2018-08-08T20:41:14.389] [INFO] default - [::1 GET /ydui/css/ydui.css 304 3ms][http://localhost:3000/ HTTP/1.1 Mozilla/5.0 (Windows NT 10.0; Win64; x64) AppleWebKit/537.36 (KHTML, like Gecko) Chrome/67.0.3396.99 Safari/537.36]
[2018-08-08T20:41:14.390] [INFO] default - [::1 GET /jquery-weui/dist/lib/weui.min.css 304 2ms][http://localhost:3000/ HTTP/1.1 Mozilla/5.0 (Windows NT 10.0; Win64; x64) AppleWebKit/537.36 (KHTML, like Gecko) Chrome/67.0.3396.99 Safari/537.36]
[2018-08-08T20:41:14.391] [INFO] default - [::1 GET /css/order.css 304 4ms][http://localhost:3000/ HTTP/1.1 Mozilla/5.0 (Windows NT 10.0; Win64; x64) AppleWebKit/537.36 (KHTML, like Gecko) Chrome/67.0.3396.99 Safari/537.36]
[2018-08-08T20:41:14.392] [INFO] default - [::1 GET /layui/css/modules/layer/default/layer.css?v=3.1.1 304 4ms][http://localhost:3000/ HTTP/1.1 Mozilla/5.0 (Windows NT 10.0; Win64; x64) AppleWebKit/537.36 (KHTML, like Gecko) Chrome/67.0.3396.99 Safari/537.36]
[2018-08-08T20:42:24.786] [INFO] default - [::1 GET / 200 8ms][ HTTP/1.1 Mozilla/5.0 (iPhone; CPU iPhone OS 11_0 like Mac OS X) AppleWebKit/604.1.38 (KHTML, like Gecko) Version/11.0 Mobile/15A372 Safari/604.1]
[2018-08-08T20:42:24.804] [INFO] default - [::1 GET /layui/css/layui.css 304 2ms][http://localhost:3000/ HTTP/1.1 Mozilla/5.0 (iPhone; CPU iPhone OS 11_0 like Mac OS X) AppleWebKit/604.1.38 (KHTML, like Gecko) Version/11.0 Mobile/15A372 Safari/604.1]
[2018-08-08T20:42:24.805] [INFO] default - [::1 GET /ydui/css/ydui.css 304 3ms][http://localhost:3000/ HTTP/1.1 Mozilla/5.0 (iPhone; CPU iPhone OS 11_0 like Mac OS X) AppleWebKit/604.1.38 (KHTML, like Gecko) Version/11.0 Mobile/15A372 Safari/604.1]
[2018-08-08T20:42:24.806] [INFO] default - [::1 GET /ydui/js/ydui.flexible.js 304 3ms][http://localhost:3000/ HTTP/1.1 Mozilla/5.0 (iPhone; CPU iPhone OS 11_0 like Mac OS X) AppleWebKit/604.1.38 (KHTML, like Gecko) Version/11.0 Mobile/15A372 Safari/604.1]
[2018-08-08T20:42:24.807] [INFO] default - [::1 GET /jquery-weui/dist/lib/weui.min.css 304 4ms][http://localhost:3000/ HTTP/1.1 Mozilla/5.0 (iPhone; CPU iPhone OS 11_0 like Mac OS X) AppleWebKit/604.1.38 (KHTML, like Gecko) Version/11.0 Mobile/15A372 Safari/604.1]
[2018-08-08T20:42:24.809] [INFO] default - [::1 GET /css/order.css 304 5ms][http://localhost:3000/ HTTP/1.1 Mozilla/5.0 (iPhone; CPU iPhone OS 11_0 like Mac OS X) AppleWebKit/604.1.38 (KHTML, like Gecko) Version/11.0 Mobile/15A372 Safari/604.1]
[2018-08-08T20:42:24.809] [INFO] default - [::1 GET /layui/layui.js 304 4ms][http://localhost:3000/ HTTP/1.1 Mozilla/5.0 (iPhone; CPU iPhone OS 11_0 like Mac OS X) AppleWebKit/604.1.38 (KHTML, like Gecko) Version/11.0 Mobile/15A372 Safari/604.1]
[2018-08-08T20:42:24.811] [INFO] default - [::1 GET /jquery/jquery.min.js 304 4ms][http://localhost:3000/ HTTP/1.1 Mozilla/5.0 (iPhone; CPU iPhone OS 11_0 like Mac OS X) AppleWebKit/604.1.38 (KHTML, like Gecko) Version/11.0 Mobile/15A372 Safari/604.1]
[2018-08-08T20:42:24.812] [INFO] default - [::1 GET /jquery-weui/dist/js/jquery-weui.min.js 304 4ms][http://localhost:3000/ HTTP/1.1 Mozilla/5.0 (iPhone; CPU iPhone OS 11_0 like Mac OS X) AppleWebKit/604.1.38 (KHTML, like Gecko) Version/11.0 Mobile/15A372 Safari/604.1]
[2018-08-08T20:42:24.813] [INFO] default - [::1 GET /javascript/function.js 304 4ms][http://localhost:3000/ HTTP/1.1 Mozilla/5.0 (iPhone; CPU iPhone OS 11_0 like Mac OS X) AppleWebKit/604.1.38 (KHTML, like Gecko) Version/11.0 Mobile/15A372 Safari/604.1]
[2018-08-08T20:42:24.854] [INFO] default - [::1 GET /layui/lay/modules/layer.js 304 0ms][http://localhost:3000/ HTTP/1.1 Mozilla/5.0 (iPhone; CPU iPhone OS 11_0 like Mac OS X) AppleWebKit/604.1.38 (KHTML, like Gecko) Version/11.0 Mobile/15A372 Safari/604.1]
[2018-08-08T20:42:24.860] [INFO] default - [::1 GET /layui/css/modules/layer/default/layer.css?v=3.1.1 304 1ms][http://localhost:3000/ HTTP/1.1 Mozilla/5.0 (iPhone; CPU iPhone OS 11_0 like Mac OS X) AppleWebKit/604.1.38 (KHTML, like Gecko) Version/11.0 Mobile/15A372 Safari/604.1]
[2018-08-08T20:42:24.861] [INFO] default - [::1 GET /layui/lay/modules/form.js 304 2ms][http://localhost:3000/ HTTP/1.1 Mozilla/5.0 (iPhone; CPU iPhone OS 11_0 like Mac OS X) AppleWebKit/604.1.38 (KHTML, like Gecko) Version/11.0 Mobile/15A372 Safari/604.1]
[2018-08-08T20:42:24.871] [INFO] default - [::1 GET /layui/css/modules/layer/default/loading-2.gif 304 0ms][http://localhost:3000/layui/css/modules/layer/default/layer.css?v=3.1.1 HTTP/1.1 Mozilla/5.0 (iPhone; CPU iPhone OS 11_0 like Mac OS X) AppleWebKit/604.1.38 (KHTML, like Gecko) Version/11.0 Mobile/15A372 Safari/604.1]
[2018-08-08T20:42:24.880] [INFO] default - [::1 GET /javascript/index1.js?_=1533732144840 200 1ms][http://localhost:3000/ HTTP/1.1 Mozilla/5.0 (iPhone; CPU iPhone OS 11_0 like Mac OS X) AppleWebKit/604.1.38 (KHTML, like Gecko) Version/11.0 Mobile/15A372 Safari/604.1]
[2018-08-08T20:42:24.886] [INFO] default - [::1 GET /javascript/order.js?_=1533732144841 200 1ms][http://localhost:3000/ HTTP/1.1 Mozilla/5.0 (iPhone; CPU iPhone OS 11_0 like Mac OS X) AppleWebKit/604.1.38 (KHTML, like Gecko) Version/11.0 Mobile/15A372 Safari/604.1]
[2018-08-08T20:42:24.891] [INFO] default - [::1 GET /javascript/sales.js?_=1533732144842 200 1ms][http://localhost:3000/ HTTP/1.1 Mozilla/5.0 (iPhone; CPU iPhone OS 11_0 like Mac OS X) AppleWebKit/604.1.38 (KHTML, like Gecko) Version/11.0 Mobile/15A372 Safari/604.1]
[2018-08-08T20:42:24.898] [INFO] default - [::1 GET /javascript/pullSignal.js?_=1533732144843 200 0ms][http://localhost:3000/ HTTP/1.1 Mozilla/5.0 (iPhone; CPU iPhone OS 11_0 like Mac OS X) AppleWebKit/604.1.38 (KHTML, like Gecko) Version/11.0 Mobile/15A372 Safari/604.1]
[2018-08-08T20:42:24.904] [INFO] default - [::1 GET /javascript/addApplicationGoods.js?_=1533732144844 200 1ms][http://localhost:3000/ HTTP/1.1 Mozilla/5.0 (iPhone; CPU iPhone OS 11_0 like Mac OS X) AppleWebKit/604.1.38 (KHTML, like Gecko) Version/11.0 Mobile/15A372 Safari/604.1]
[2018-08-08T20:42:24.909] [INFO] default - [::1 GET /javascript/addReturnRequest.js?_=1533732144845 200 1ms][http://localhost:3000/ HTTP/1.1 Mozilla/5.0 (iPhone; CPU iPhone OS 11_0 like Mac OS X) AppleWebKit/604.1.38 (KHTML, like Gecko) Version/11.0 Mobile/15A372 Safari/604.1]
[2018-08-08T20:42:24.916] [INFO] default - [::1 GET /javascript/requireGoodsList.js?_=1533732144846 200 2ms][http://localhost:3000/ HTTP/1.1 Mozilla/5.0 (iPhone; CPU iPhone OS 11_0 like Mac OS X) AppleWebKit/604.1.38 (KHTML, like Gecko) Version/11.0 Mobile/15A372 Safari/604.1]
[2018-08-08T20:42:24.942] [INFO] default - [::1 GET /javascript/saleslist.js?_=1533732144847 200 1ms][http://localhost:3000/ HTTP/1.1 Mozilla/5.0 (iPhone; CPU iPhone OS 11_0 like Mac OS X) AppleWebKit/604.1.38 (KHTML, like Gecko) Version/11.0 Mobile/15A372 Safari/604.1]
[2018-08-08T20:42:24.948] [INFO] default - [::1 GET /javascript/saleslist_goods.js?_=1533732144848 200 1ms][http://localhost:3000/ HTTP/1.1 Mozilla/5.0 (iPhone; CPU iPhone OS 11_0 like Mac OS X) AppleWebKit/604.1.38 (KHTML, like Gecko) Version/11.0 Mobile/15A372 Safari/604.1]
[2018-08-08T20:42:24.953] [INFO] default - [::1 GET /javascript/productList.js?_=1533732144849 200 1ms][http://localhost:3000/ HTTP/1.1 Mozilla/5.0 (iPhone; CPU iPhone OS 11_0 like Mac OS X) AppleWebKit/604.1.38 (KHTML, like Gecko) Version/11.0 Mobile/15A372 Safari/604.1]
[2018-08-08T20:42:24.959] [INFO] default - [::1 GET /javascript/selectCustomer.js?_=1533732144850 200 2ms][http://localhost:3000/ HTTP/1.1 Mozilla/5.0 (iPhone; CPU iPhone OS 11_0 like Mac OS X) AppleWebKit/604.1.38 (KHTML, like Gecko) Version/11.0 Mobile/15A372 Safari/604.1]
[2018-08-08T20:42:24.962] [INFO] default - [::1 GET /javascript/productDetail.js?_=1533732144851 200 1ms][http://localhost:3000/ HTTP/1.1 Mozilla/5.0 (iPhone; CPU iPhone OS 11_0 like Mac OS X) AppleWebKit/604.1.38 (KHTML, like Gecko) Version/11.0 Mobile/15A372 Safari/604.1]
[2018-08-08T20:42:24.968] [INFO] default - [::1 GET /javascript/tuihuo_productList.js?_=1533732144852 200 1ms][http://localhost:3000/ HTTP/1.1 Mozilla/5.0 (iPhone; CPU iPhone OS 11_0 like Mac OS X) AppleWebKit/604.1.38 (KHTML, like Gecko) Version/11.0 Mobile/15A372 Safari/604.1]
[2018-08-08T20:42:24.972] [INFO] default - [::1 GET /javascript/tuihuo_saleslist_goods.js?_=1533732144853 200 1ms][http://localhost:3000/ HTTP/1.1 Mozilla/5.0 (iPhone; CPU iPhone OS 11_0 like Mac OS X) AppleWebKit/604.1.38 (KHTML, like Gecko) Version/11.0 Mobile/15A372 Safari/604.1]
[2018-08-08T20:42:24.978] [INFO] default - [::1 GET /javascript/tuihuo_selectcustomer.js?_=1533732144854 200 1ms][http://localhost:3000/ HTTP/1.1 Mozilla/5.0 (iPhone; CPU iPhone OS 11_0 like Mac OS X) AppleWebKit/604.1.38 (KHTML, like Gecko) Version/11.0 Mobile/15A372 Safari/604.1]
[2018-08-08T20:42:24.988] [INFO] default - [::1 GET /javascript/tuihuo_salelist.js?_=1533732144855 200 1ms][http://localhost:3000/ HTTP/1.1 Mozilla/5.0 (iPhone; CPU iPhone OS 11_0 like Mac OS X) AppleWebKit/604.1.38 (KHTML, like Gecko) Version/11.0 Mobile/15A372 Safari/604.1]
[2018-08-08T20:42:24.993] [INFO] default - [::1 GET /layui/lay/modules/laytpl.js 304 1ms][http://localhost:3000/ HTTP/1.1 Mozilla/5.0 (iPhone; CPU iPhone OS 11_0 like Mac OS X) AppleWebKit/604.1.38 (KHTML, like Gecko) Version/11.0 Mobile/15A372 Safari/604.1]
[2018-08-08T20:42:25.011] [INFO] default - [::1 GET /layui/font/iconfont.woff?v=230 304 1ms][http://localhost:3000/layui/css/layui.css HTTP/1.1 Mozilla/5.0 (iPhone; CPU iPhone OS 11_0 like Mac OS X) AppleWebKit/604.1.38 (KHTML, like Gecko) Version/11.0 Mobile/15A372 Safari/604.1]
[2018-08-08T21:41:43.226] [INFO] default - [::1 GET /layui/lay/modules/laydate.js 304 1ms][http://localhost:3000/ HTTP/1.1 Mozilla/5.0 (iPhone; CPU iPhone OS 11_0 like Mac OS X) AppleWebKit/604.1.38 (KHTML, like Gecko) Version/11.0 Mobile/15A372 Safari/604.1]
[2018-08-08T21:41:43.232] [INFO] default - [::1 GET /layui/css/modules/laydate/default/laydate.css?v=5.0.9 304 0ms][http://localhost:3000/ HTTP/1.1 Mozilla/5.0 (iPhone; CPU iPhone OS 11_0 like Mac OS X) AppleWebKit/604.1.38 (KHTML, like Gecko) Version/11.0 Mobile/15A372 Safari/604.1]
[2018-08-08T21:42:25.698] [INFO] default - [::1 GET /partner 304 1704ms][http://localhost:3000/ HTTP/1.1 Mozilla/5.0 (iPhone; CPU iPhone OS 11_0 like Mac OS X) AppleWebKit/604.1.38 (KHTML, like Gecko) Version/11.0 Mobile/15A372 Safari/604.1]
[2018-08-08T21:42:29.782] [INFO] default - [::1 GET /partner 304 2492ms][http://localhost:3000/ HTTP/1.1 Mozilla/5.0 (iPhone; CPU iPhone OS 11_0 like Mac OS X) AppleWebKit/604.1.38 (KHTML, like Gecko) Version/11.0 Mobile/15A372 Safari/604.1]
[2018-08-08T21:42:30.033] [INFO] default - [::1 GET /warehouse 304 2742ms][http://localhost:3000/ HTTP/1.1 Mozilla/5.0 (iPhone; CPU iPhone OS 11_0 like Mac OS X) AppleWebKit/604.1.38 (KHTML, like Gecko) Version/11.0 Mobile/15A372 Safari/604.1]
[2018-08-08T21:42:30.816] [INFO] default - [::1 POST /Project 200 3523ms][http://localhost:3000/ HTTP/1.1 Mozilla/5.0 (iPhone; CPU iPhone OS 11_0 like Mac OS X) AppleWebKit/604.1.38 (KHTML, like Gecko) Version/11.0 Mobile/15A372 Safari/604.1]
[2018-08-08T21:42:30.869] [INFO] default - [::1 POST /person 200 3573ms][http://localhost:3000/ HTTP/1.1 Mozilla/5.0 (iPhone; CPU iPhone OS 11_0 like Mac OS X) AppleWebKit/604.1.38 (KHTML, like Gecko) Version/11.0 Mobile/15A372 Safari/604.1]
[2018-08-08T21:42:32.548] [INFO] default - [::1 GET /layui/lay/modules/element.js 304 1ms][http://localhost:3000/ HTTP/1.1 Mozilla/5.0 (iPhone; CPU iPhone OS 11_0 like Mac OS X) AppleWebKit/604.1.38 (KHTML, like Gecko) Version/11.0 Mobile/15A372 Safari/604.1]
[2018-08-08T21:42:32.555] [INFO] default - [::1 GET /layui/css/modules/layer/default/loading-1.gif 304 0ms][http://localhost:3000/layui/css/modules/layer/default/layer.css?v=3.1.1 HTTP/1.1 Mozilla/5.0 (iPhone; CPU iPhone OS 11_0 like Mac OS X) AppleWebKit/604.1.38 (KHTML, like Gecko) Version/11.0 Mobile/15A372 Safari/604.1]
[2018-08-08T21:42:33.654] [INFO] default - [::1 POST /inventory 200 1095ms][http://localhost:3000/ HTTP/1.1 Mozilla/5.0 (iPhone; CPU iPhone OS 11_0 like Mac OS X) AppleWebKit/604.1.38 (KHTML, like Gecko) Version/11.0 Mobile/15A372 Safari/604.1]
[2018-08-08T21:42:35.768] [INFO] default - [::1 POST /QueryInventoryPrice 200 2111ms][http://localhost:3000/ HTTP/1.1 Mozilla/5.0 (iPhone; CPU iPhone OS 11_0 like Mac OS X) AppleWebKit/604.1.38 (KHTML, like Gecko) Version/11.0 Mobile/15A372 Safari/604.1]
[2018-08-08T21:44:17.869] [INFO] default - [::1 GET / 304 7ms][ HTTP/1.1 Mozilla/5.0 (iPhone; CPU iPhone OS 11_0 like Mac OS X) AppleWebKit/604.1.38 (KHTML, like Gecko) Version/11.0 Mobile/15A372 Safari/604.1]
[2018-08-08T21:44:17.884] [INFO] default - [::1 GET /layui/css/layui.css 304 2ms][http://localhost:3000/ HTTP/1.1 Mozilla/5.0 (iPhone; CPU iPhone OS 11_0 like Mac OS X) AppleWebKit/604.1.38 (KHTML, like Gecko) Version/11.0 Mobile/15A372 Safari/604.1]
[2018-08-08T21:44:17.886] [INFO] default - [::1 GET /ydui/css/ydui.css 304 4ms][http://localhost:3000/ HTTP/1.1 Mozilla/5.0 (iPhone; CPU iPhone OS 11_0 like Mac OS X) AppleWebKit/604.1.38 (KHTML, like Gecko) Version/11.0 Mobile/15A372 Safari/604.1]
[2018-08-08T21:44:17.886] [INFO] default - [::1 GET /ydui/js/ydui.flexible.js 304 3ms][http://localhost:3000/ HTTP/1.1 Mozilla/5.0 (iPhone; CPU iPhone OS 11_0 like Mac OS X) AppleWebKit/604.1.38 (KHTML, like Gecko) Version/11.0 Mobile/15A372 Safari/604.1]
[2018-08-08T21:44:17.889] [INFO] default - [::1 GET /jquery-weui/dist/lib/weui.min.css 304 6ms][http://localhost:3000/ HTTP/1.1 Mozilla/5.0 (iPhone; CPU iPhone OS 11_0 like Mac OS X) AppleWebKit/604.1.38 (KHTML, like Gecko) Version/11.0 Mobile/15A372 Safari/604.1]
[2018-08-08T21:44:17.890] [INFO] default - [::1 GET /css/order.css 304 6ms][http://localhost:3000/ HTTP/1.1 Mozilla/5.0 (iPhone; CPU iPhone OS 11_0 like Mac OS X) AppleWebKit/604.1.38 (KHTML, like Gecko) Version/11.0 Mobile/15A372 Safari/604.1]
[2018-08-08T21:44:17.891] [INFO] default - [::1 GET /layui/layui.js 304 6ms][http://localhost:3000/ HTTP/1.1 Mozilla/5.0 (iPhone; CPU iPhone OS 11_0 like Mac OS X) AppleWebKit/604.1.38 (KHTML, like Gecko) Version/11.0 Mobile/15A372 Safari/604.1]
[2018-08-08T21:44:17.892] [INFO] default - [::1 GET /jquery/jquery.min.js 304 4ms][http://localhost:3000/ HTTP/1.1 Mozilla/5.0 (iPhone; CPU iPhone OS 11_0 like Mac OS X) AppleWebKit/604.1.38 (KHTML, like Gecko) Version/11.0 Mobile/15A372 Safari/604.1]
[2018-08-08T21:44:17.893] [INFO] default - [::1 GET /jquery-weui/dist/js/jquery-weui.min.js 304 5ms][http://localhost:3000/ HTTP/1.1 Mozilla/5.0 (iPhone; CPU iPhone OS 11_0 like Mac OS X) AppleWebKit/604.1.38 (KHTML, like Gecko) Version/11.0 Mobile/15A372 Safari/604.1]
[2018-08-08T21:44:17.894] [INFO] default - [::1 GET /javascript/function.js 304 6ms][http://localhost:3000/ HTTP/1.1 Mozilla/5.0 (iPhone; CPU iPhone OS 11_0 like Mac OS X) AppleWebKit/604.1.38 (KHTML, like Gecko) Version/11.0 Mobile/15A372 Safari/604.1]
[2018-08-08T21:44:17.937] [INFO] default - [::1 GET /layui/lay/modules/layer.js 304 1ms][http://localhost:3000/ HTTP/1.1 Mozilla/5.0 (iPhone; CPU iPhone OS 11_0 like Mac OS X) AppleWebKit/604.1.38 (KHTML, like Gecko) Version/11.0 Mobile/15A372 Safari/604.1]
[2018-08-08T21:44:17.958] [INFO] default - [::1 GET /layui/css/modules/layer/default/layer.css?v=3.1.1 304 1ms][http://localhost:3000/ HTTP/1.1 Mozilla/5.0 (iPhone; CPU iPhone OS 11_0 like Mac OS X) AppleWebKit/604.1.38 (KHTML, like Gecko) Version/11.0 Mobile/15A372 Safari/604.1]
[2018-08-08T21:44:17.960] [INFO] default - [::1 GET /layui/lay/modules/form.js 304 2ms][http://localhost:3000/ HTTP/1.1 Mozilla/5.0 (iPhone; CPU iPhone OS 11_0 like Mac OS X) AppleWebKit/604.1.38 (KHTML, like Gecko) Version/11.0 Mobile/15A372 Safari/604.1]
[2018-08-08T21:44:17.969] [INFO] default - [::1 GET /layui/css/modules/layer/default/loading-2.gif 304 0ms][http://localhost:3000/layui/css/modules/layer/default/layer.css?v=3.1.1 HTTP/1.1 Mozilla/5.0 (iPhone; CPU iPhone OS 11_0 like Mac OS X) AppleWebKit/604.1.38 (KHTML, like Gecko) Version/11.0 Mobile/15A372 Safari/604.1]
[2018-08-08T21:44:17.976] [INFO] default - [::1 GET /javascript/index1.js?_=1533735857924 200 1ms][http://localhost:3000/ HTTP/1.1 Mozilla/5.0 (iPhone; CPU iPhone OS 11_0 like Mac OS X) AppleWebKit/604.1.38 (KHTML, like Gecko) Version/11.0 Mobile/15A372 Safari/604.1]
[2018-08-08T21:44:17.987] [INFO] default - [::1 GET /javascript/order.js?_=1533735857925 200 1ms][http://localhost:3000/ HTTP/1.1 Mozilla/5.0 (iPhone; CPU iPhone OS 11_0 like Mac OS X) AppleWebKit/604.1.38 (KHTML, like Gecko) Version/11.0 Mobile/15A372 Safari/604.1]
[2018-08-08T21:44:17.992] [INFO] default - [::1 GET /javascript/sales.js?_=1533735857926 200 0ms][http://localhost:3000/ HTTP/1.1 Mozilla/5.0 (iPhone; CPU iPhone OS 11_0 like Mac OS X) AppleWebKit/604.1.38 (KHTML, like Gecko) Version/11.0 Mobile/15A372 Safari/604.1]
[2018-08-08T21:44:17.998] [INFO] default - [::1 GET /javascript/pullSignal.js?_=1533735857927 200 1ms][http://localhost:3000/ HTTP/1.1 Mozilla/5.0 (iPhone; CPU iPhone OS 11_0 like Mac OS X) AppleWebKit/604.1.38 (KHTML, like Gecko) Version/11.0 Mobile/15A372 Safari/604.1]
[2018-08-08T21:44:18.003] [INFO] default - [::1 GET /javascript/addApplicationGoods.js?_=1533735857928 200 2ms][http://localhost:3000/ HTTP/1.1 Mozilla/5.0 (iPhone; CPU iPhone OS 11_0 like Mac OS X) AppleWebKit/604.1.38 (KHTML, like Gecko) Version/11.0 Mobile/15A372 Safari/604.1]
[2018-08-08T21:44:18.007] [INFO] default - [::1 GET /javascript/addReturnRequest.js?_=1533735857929 200 1ms][http://localhost:3000/ HTTP/1.1 Mozilla/5.0 (iPhone; CPU iPhone OS 11_0 like Mac OS X) AppleWebKit/604.1.38 (KHTML, like Gecko) Version/11.0 Mobile/15A372 Safari/604.1]
[2018-08-08T21:44:18.035] [INFO] default - [::1 GET /javascript/requireGoodsList.js?_=1533735857930 200 1ms][http://localhost:3000/ HTTP/1.1 Mozilla/5.0 (iPhone; CPU iPhone OS 11_0 like Mac OS X) AppleWebKit/604.1.38 (KHTML, like Gecko) Version/11.0 Mobile/15A372 Safari/604.1]
[2018-08-08T21:44:18.040] [INFO] default - [::1 GET /javascript/saleslist.js?_=1533735857931 200 1ms][http://localhost:3000/ HTTP/1.1 Mozilla/5.0 (iPhone; CPU iPhone OS 11_0 like Mac OS X) AppleWebKit/604.1.38 (KHTML, like Gecko) Version/11.0 Mobile/15A372 Safari/604.1]
[2018-08-08T21:44:18.046] [INFO] default - [::1 GET /javascript/saleslist_goods.js?_=1533735857932 200 1ms][http://localhost:3000/ HTTP/1.1 Mozilla/5.0 (iPhone; CPU iPhone OS 11_0 like Mac OS X) AppleWebKit/604.1.38 (KHTML, like Gecko) Version/11.0 Mobile/15A372 Safari/604.1]
[2018-08-08T21:44:18.052] [INFO] default - [::1 GET /javascript/productList.js?_=1533735857933 200 1ms][http://localhost:3000/ HTTP/1.1 Mozilla/5.0 (iPhone; CPU iPhone OS 11_0 like Mac OS X) AppleWebKit/604.1.38 (KHTML, like Gecko) Version/11.0 Mobile/15A372 Safari/604.1]
[2018-08-08T21:44:18.057] [INFO] default - [::1 GET /javascript/selectCustomer.js?_=1533735857934 200 0ms][http://localhost:3000/ HTTP/1.1 Mozilla/5.0 (iPhone; CPU iPhone OS 11_0 like Mac OS X) AppleWebKit/604.1.38 (KHTML, like Gecko) Version/11.0 Mobile/15A372 Safari/604.1]
[2018-08-08T21:44:18.062] [INFO] default - [::1 GET /javascript/productDetail.js?_=1533735857935 200 0ms][http://localhost:3000/ HTTP/1.1 Mozilla/5.0 (iPhone; CPU iPhone OS 11_0 like Mac OS X) AppleWebKit/604.1.38 (KHTML, like Gecko) Version/11.0 Mobile/15A372 Safari/604.1]
[2018-08-08T21:44:18.068] [INFO] default - [::1 GET /javascript/tuihuo_productList.js?_=1533735857936 200 1ms][http://localhost:3000/ HTTP/1.1 Mozilla/5.0 (iPhone; CPU iPhone OS 11_0 like Mac OS X) AppleWebKit/604.1.38 (KHTML, like Gecko) Version/11.0 Mobile/15A372 Safari/604.1]
[2018-08-08T21:44:18.073] [INFO] default - [::1 GET /javascript/tuihuo_saleslist_goods.js?_=1533735857937 200 1ms][http://localhost:3000/ HTTP/1.1 Mozilla/5.0 (iPhone; CPU iPhone OS 11_0 like Mac OS X) AppleWebKit/604.1.38 (KHTML, like Gecko) Version/11.0 Mobile/15A372 Safari/604.1]
[2018-08-08T21:44:18.078] [INFO] default - [::1 GET /javascript/tuihuo_selectcustomer.js?_=1533735857938 200 1ms][http://localhost:3000/ HTTP/1.1 Mozilla/5.0 (iPhone; CPU iPhone OS 11_0 like Mac OS X) AppleWebKit/604.1.38 (KHTML, like Gecko) Version/11.0 Mobile/15A372 Safari/604.1]
[2018-08-08T21:44:18.082] [INFO] default - [::1 GET /javascript/tuihuo_salelist.js?_=1533735857939 200 0ms][http://localhost:3000/ HTTP/1.1 Mozilla/5.0 (iPhone; CPU iPhone OS 11_0 like Mac OS X) AppleWebKit/604.1.38 (KHTML, like Gecko) Version/11.0 Mobile/15A372 Safari/604.1]
[2018-08-08T21:44:18.085] [INFO] default - [::1 GET /layui/lay/modules/laytpl.js 304 0ms][http://localhost:3000/ HTTP/1.1 Mozilla/5.0 (iPhone; CPU iPhone OS 11_0 like Mac OS X) AppleWebKit/604.1.38 (KHTML, like Gecko) Version/11.0 Mobile/15A372 Safari/604.1]
[2018-08-08T21:44:18.088] [INFO] default - [::1 GET /layui/lay/modules/element.js 304 0ms][http://localhost:3000/ HTTP/1.1 Mozilla/5.0 (iPhone; CPU iPhone OS 11_0 like Mac OS X) AppleWebKit/604.1.38 (KHTML, like Gecko) Version/11.0 Mobile/15A372 Safari/604.1]
[2018-08-08T21:44:18.095] [INFO] default - [::1 GET /layui/css/modules/layer/default/loading-1.gif 304 1ms][http://localhost:3000/layui/css/modules/layer/default/layer.css?v=3.1.1 HTTP/1.1 Mozilla/5.0 (iPhone; CPU iPhone OS 11_0 like Mac OS X) AppleWebKit/604.1.38 (KHTML, like Gecko) Version/11.0 Mobile/15A372 Safari/604.1]
[2018-08-08T21:44:18.096] [INFO] default - [::1 GET /layui/font/iconfont.woff?v=230 304 1ms][http://localhost:3000/layui/css/layui.css HTTP/1.1 Mozilla/5.0 (iPhone; CPU iPhone OS 11_0 like Mac OS X) AppleWebKit/604.1.38 (KHTML, like Gecko) Version/11.0 Mobile/15A372 Safari/604.1]
[2018-08-08T21:44:19.715] [INFO] default - [::1 POST /inventory 200 1618ms][http://localhost:3000/ HTTP/1.1 Mozilla/5.0 (iPhone; CPU iPhone OS 11_0 like Mac OS X) AppleWebKit/604.1.38 (KHTML, like Gecko) Version/11.0 Mobile/15A372 Safari/604.1]
[2018-08-08T21:44:22.085] [INFO] default - [::1 POST /QueryInventoryPrice 200 2355ms][http://localhost:3000/ HTTP/1.1 Mozilla/5.0 (iPhone; CPU iPhone OS 11_0 like Mac OS X) AppleWebKit/604.1.38 (KHTML, like Gecko) Version/11.0 Mobile/15A372 Safari/604.1]
[2018-08-08T21:44:36.924] [INFO] default - [::1 GET /warehouse 304 2372ms][http://localhost:3000/ HTTP/1.1 Mozilla/5.0 (iPhone; CPU iPhone OS 11_0 like Mac OS X) AppleWebKit/604.1.38 (KHTML, like Gecko) Version/11.0 Mobile/15A372 Safari/604.1]
[2018-08-08T21:44:37.972] [INFO] default - [::1 POST /person 200 3420ms][http://localhost:3000/ HTTP/1.1 Mozilla/5.0 (iPhone; CPU iPhone OS 11_0 like Mac OS X) AppleWebKit/604.1.38 (KHTML, like Gecko) Version/11.0 Mobile/15A372 Safari/604.1]
[2018-08-08T21:44:37.976] [INFO] default - [::1 GET /partner 304 3427ms][http://localhost:3000/ HTTP/1.1 Mozilla/5.0 (iPhone; CPU iPhone OS 11_0 like Mac OS X) AppleWebKit/604.1.38 (KHTML, like Gecko) Version/11.0 Mobile/15A372 Safari/604.1]
[2018-08-08T21:44:38.600] [INFO] default - [::1 POST /Project 200 4051ms][http://localhost:3000/ HTTP/1.1 Mozilla/5.0 (iPhone; CPU iPhone OS 11_0 like Mac OS X) AppleWebKit/604.1.38 (KHTML, like Gecko) Version/11.0 Mobile/15A372 Safari/604.1]
[2018-08-08T21:50:01.084] [INFO] default - [::1 GET / 304 5ms][ HTTP/1.1 Mozilla/5.0 (iPhone; CPU iPhone OS 11_0 like Mac OS X) AppleWebKit/604.1.38 (KHTML, like Gecko) Version/11.0 Mobile/15A372 Safari/604.1]
[2018-08-08T21:50:01.101] [INFO] default - [::1 GET /layui/css/layui.css 304 1ms][http://localhost:3000/ HTTP/1.1 Mozilla/5.0 (iPhone; CPU iPhone OS 11_0 like Mac OS X) AppleWebKit/604.1.38 (KHTML, like Gecko) Version/11.0 Mobile/15A372 Safari/604.1]
[2018-08-08T21:50:01.105] [INFO] default - [::1 GET /ydui/css/ydui.css 304 3ms][http://localhost:3000/ HTTP/1.1 Mozilla/5.0 (iPhone; CPU iPhone OS 11_0 like Mac OS X) AppleWebKit/604.1.38 (KHTML, like Gecko) Version/11.0 Mobile/15A372 Safari/604.1]
[2018-08-08T21:50:01.106] [INFO] default - [::1 GET /ydui/js/ydui.flexible.js 304 3ms][http://localhost:3000/ HTTP/1.1 Mozilla/5.0 (iPhone; CPU iPhone OS 11_0 like Mac OS X) AppleWebKit/604.1.38 (KHTML, like Gecko) Version/11.0 Mobile/15A372 Safari/604.1]
[2018-08-08T21:50:01.107] [INFO] default - [::1 GET /jquery-weui/dist/lib/weui.min.css 304 4ms][http://localhost:3000/ HTTP/1.1 Mozilla/5.0 (iPhone; CPU iPhone OS 11_0 like Mac OS X) AppleWebKit/604.1.38 (KHTML, like Gecko) Version/11.0 Mobile/15A372 Safari/604.1]
[2018-08-08T21:50:01.108] [INFO] default - [::1 GET /css/order.css 304 5ms][http://localhost:3000/ HTTP/1.1 Mozilla/5.0 (iPhone; CPU iPhone OS 11_0 like Mac OS X) AppleWebKit/604.1.38 (KHTML, like Gecko) Version/11.0 Mobile/15A372 Safari/604.1]
[2018-08-08T21:50:01.108] [INFO] default - [::1 GET /layui/layui.js 304 4ms][http://localhost:3000/ HTTP/1.1 Mozilla/5.0 (iPhone; CPU iPhone OS 11_0 like Mac OS X) AppleWebKit/604.1.38 (KHTML, like Gecko) Version/11.0 Mobile/15A372 Safari/604.1]
[2018-08-08T21:50:01.109] [INFO] default - [::1 GET /jquery/jquery.min.js 304 5ms][http://localhost:3000/ HTTP/1.1 Mozilla/5.0 (iPhone; CPU iPhone OS 11_0 like Mac OS X) AppleWebKit/604.1.38 (KHTML, like Gecko) Version/11.0 Mobile/15A372 Safari/604.1]
[2018-08-08T21:50:01.110] [INFO] default - [::1 GET /jquery-weui/dist/js/jquery-weui.min.js 304 1ms][http://localhost:3000/ HTTP/1.1 Mozilla/5.0 (iPhone; CPU iPhone OS 11_0 like Mac OS X) AppleWebKit/604.1.38 (KHTML, like Gecko) Version/11.0 Mobile/15A372 Safari/604.1]
[2018-08-08T21:50:01.111] [INFO] default - [::1 GET /javascript/function.js 304 1ms][http://localhost:3000/ HTTP/1.1 Mozilla/5.0 (iPhone; CPU iPhone OS 11_0 like Mac OS X) AppleWebKit/604.1.38 (KHTML, like Gecko) Version/11.0 Mobile/15A372 Safari/604.1]
[2018-08-08T21:50:01.161] [INFO] default - [::1 GET /layui/lay/modules/layer.js 304 0ms][http://localhost:3000/ HTTP/1.1 Mozilla/5.0 (iPhone; CPU iPhone OS 11_0 like Mac OS X) AppleWebKit/604.1.38 (KHTML, like Gecko) Version/11.0 Mobile/15A372 Safari/604.1]
[2018-08-08T21:50:01.178] [INFO] default - [::1 GET /layui/css/modules/layer/default/layer.css?v=3.1.1 304 1ms][http://localhost:3000/ HTTP/1.1 Mozilla/5.0 (iPhone; CPU iPhone OS 11_0 like Mac OS X) AppleWebKit/604.1.38 (KHTML, like Gecko) Version/11.0 Mobile/15A372 Safari/604.1]
[2018-08-08T21:50:01.178] [INFO] default - [::1 GET /layui/lay/modules/form.js 304 1ms][http://localhost:3000/ HTTP/1.1 Mozilla/5.0 (iPhone; CPU iPhone OS 11_0 like Mac OS X) AppleWebKit/604.1.38 (KHTML, like Gecko) Version/11.0 Mobile/15A372 Safari/604.1]
[2018-08-08T21:50:01.187] [INFO] default - [::1 GET /layui/css/modules/layer/default/loading-2.gif 304 1ms][http://localhost:3000/layui/css/modules/layer/default/layer.css?v=3.1.1 HTTP/1.1 Mozilla/5.0 (iPhone; CPU iPhone OS 11_0 like Mac OS X) AppleWebKit/604.1.38 (KHTML, like Gecko) Version/11.0 Mobile/15A372 Safari/604.1]
[2018-08-08T21:50:01.199] [INFO] default - [::1 GET /javascript/index1.js?_=1533736201147 200 1ms][http://localhost:3000/ HTTP/1.1 Mozilla/5.0 (iPhone; CPU iPhone OS 11_0 like Mac OS X) AppleWebKit/604.1.38 (KHTML, like Gecko) Version/11.0 Mobile/15A372 Safari/604.1]
[2018-08-08T21:50:01.205] [INFO] default - [::1 GET /javascript/order.js?_=1533736201148 200 1ms][http://localhost:3000/ HTTP/1.1 Mozilla/5.0 (iPhone; CPU iPhone OS 11_0 like Mac OS X) AppleWebKit/604.1.38 (KHTML, like Gecko) Version/11.0 Mobile/15A372 Safari/604.1]
[2018-08-08T21:50:01.210] [INFO] default - [::1 GET /javascript/sales.js?_=1533736201149 200 1ms][http://localhost:3000/ HTTP/1.1 Mozilla/5.0 (iPhone; CPU iPhone OS 11_0 like Mac OS X) AppleWebKit/604.1.38 (KHTML, like Gecko) Version/11.0 Mobile/15A372 Safari/604.1]
[2018-08-08T21:50:01.215] [INFO] default - [::1 GET /javascript/pullSignal.js?_=1533736201150 200 1ms][http://localhost:3000/ HTTP/1.1 Mozilla/5.0 (iPhone; CPU iPhone OS 11_0 like Mac OS X) AppleWebKit/604.1.38 (KHTML, like Gecko) Version/11.0 Mobile/15A372 Safari/604.1]
[2018-08-08T21:50:01.220] [INFO] default - [::1 GET /javascript/addApplicationGoods.js?_=1533736201151 200 0ms][http://localhost:3000/ HTTP/1.1 Mozilla/5.0 (iPhone; CPU iPhone OS 11_0 like Mac OS X) AppleWebKit/604.1.38 (KHTML, like Gecko) Version/11.0 Mobile/15A372 Safari/604.1]
[2018-08-08T21:50:01.226] [INFO] default - [::1 GET /javascript/addReturnRequest.js?_=1533736201152 200 1ms][http://localhost:3000/ HTTP/1.1 Mozilla/5.0 (iPhone; CPU iPhone OS 11_0 like Mac OS X) AppleWebKit/604.1.38 (KHTML, like Gecko) Version/11.0 Mobile/15A372 Safari/604.1]
[2018-08-08T21:50:01.232] [INFO] default - [::1 GET /javascript/requireGoodsList.js?_=1533736201153 200 1ms][http://localhost:3000/ HTTP/1.1 Mozilla/5.0 (iPhone; CPU iPhone OS 11_0 like Mac OS X) AppleWebKit/604.1.38 (KHTML, like Gecko) Version/11.0 Mobile/15A372 Safari/604.1]
[2018-08-08T21:50:01.259] [INFO] default - [::1 GET /javascript/saleslist.js?_=1533736201154 200 0ms][http://localhost:3000/ HTTP/1.1 Mozilla/5.0 (iPhone; CPU iPhone OS 11_0 like Mac OS X) AppleWebKit/604.1.38 (KHTML, like Gecko) Version/11.0 Mobile/15A372 Safari/604.1]
[2018-08-08T21:50:01.264] [INFO] default - [::1 GET /javascript/saleslist_goods.js?_=1533736201155 200 0ms][http://localhost:3000/ HTTP/1.1 Mozilla/5.0 (iPhone; CPU iPhone OS 11_0 like Mac OS X) AppleWebKit/604.1.38 (KHTML, like Gecko) Version/11.0 Mobile/15A372 Safari/604.1]
[2018-08-08T21:50:01.269] [INFO] default - [::1 GET /javascript/productList.js?_=1533736201156 200 1ms][http://localhost:3000/ HTTP/1.1 Mozilla/5.0 (iPhone; CPU iPhone OS 11_0 like Mac OS X) AppleWebKit/604.1.38 (KHTML, like Gecko) Version/11.0 Mobile/15A372 Safari/604.1]
[2018-08-08T21:50:01.274] [INFO] default - [::1 GET /javascript/selectCustomer.js?_=1533736201157 200 1ms][http://localhost:3000/ HTTP/1.1 Mozilla/5.0 (iPhone; CPU iPhone OS 11_0 like Mac OS X) AppleWebKit/604.1.38 (KHTML, like Gecko) Version/11.0 Mobile/15A372 Safari/604.1]
[2018-08-08T21:50:01.279] [INFO] default - [::1 GET /javascript/productDetail.js?_=1533736201158 200 1ms][http://localhost:3000/ HTTP/1.1 Mozilla/5.0 (iPhone; CPU iPhone OS 11_0 like Mac OS X) AppleWebKit/604.1.38 (KHTML, like Gecko) Version/11.0 Mobile/15A372 Safari/604.1]
[2018-08-08T21:50:01.285] [INFO] default - [::1 GET /javascript/tuihuo_productList.js?_=1533736201159 200 1ms][http://localhost:3000/ HTTP/1.1 Mozilla/5.0 (iPhone; CPU iPhone OS 11_0 like Mac OS X) AppleWebKit/604.1.38 (KHTML, like Gecko) Version/11.0 Mobile/15A372 Safari/604.1]
[2018-08-08T21:50:01.291] [INFO] default - [::1 GET /javascript/tuihuo_saleslist_goods.js?_=1533736201160 200 1ms][http://localhost:3000/ HTTP/1.1 Mozilla/5.0 (iPhone; CPU iPhone OS 11_0 like Mac OS X) AppleWebKit/604.1.38 (KHTML, like Gecko) Version/11.0 Mobile/15A372 Safari/604.1]
[2018-08-08T21:50:01.296] [INFO] default - [::1 GET /javascript/tuihuo_selectcustomer.js?_=1533736201161 200 1ms][http://localhost:3000/ HTTP/1.1 Mozilla/5.0 (iPhone; CPU iPhone OS 11_0 like Mac OS X) AppleWebKit/604.1.38 (KHTML, like Gecko) Version/11.0 Mobile/15A372 Safari/604.1]
[2018-08-08T21:50:01.301] [INFO] default - [::1 GET /javascript/tuihuo_salelist.js?_=1533736201162 200 1ms][http://localhost:3000/ HTTP/1.1 Mozilla/5.0 (iPhone; CPU iPhone OS 11_0 like Mac OS X) AppleWebKit/604.1.38 (KHTML, like Gecko) Version/11.0 Mobile/15A372 Safari/604.1]
[2018-08-08T21:50:01.304] [INFO] default - [::1 GET /layui/lay/modules/laytpl.js 304 1ms][http://localhost:3000/ HTTP/1.1 Mozilla/5.0 (iPhone; CPU iPhone OS 11_0 like Mac OS X) AppleWebKit/604.1.38 (KHTML, like Gecko) Version/11.0 Mobile/15A372 Safari/604.1]
[2018-08-08T21:50:01.332] [INFO] default - [::1 GET /layui/font/iconfont.woff?v=230 304 0ms][http://localhost:3000/layui/css/layui.css HTTP/1.1 Mozilla/5.0 (iPhone; CPU iPhone OS 11_0 like Mac OS X) AppleWebKit/604.1.38 (KHTML, like Gecko) Version/11.0 Mobile/15A372 Safari/604.1]
[2018-08-08T21:50:06.739] [INFO] default - [::1 GET /partner 304 5428ms][http://localhost:3000/ HTTP/1.1 Mozilla/5.0 (iPhone; CPU iPhone OS 11_0 like Mac OS X) AppleWebKit/604.1.38 (KHTML, like Gecko) Version/11.0 Mobile/15A372 Safari/604.1]
[2018-08-08T21:50:07.201] [INFO] default - [::1 GET /warehouse 304 5891ms][http://localhost:3000/ HTTP/1.1 Mozilla/5.0 (iPhone; CPU iPhone OS 11_0 like Mac OS X) AppleWebKit/604.1.38 (KHTML, like Gecko) Version/11.0 Mobile/15A372 Safari/604.1]
[2018-08-08T21:50:07.717] [INFO] default - [::1 POST /person 200 6403ms][http://localhost:3000/ HTTP/1.1 Mozilla/5.0 (iPhone; CPU iPhone OS 11_0 like Mac OS X) AppleWebKit/604.1.38 (KHTML, like Gecko) Version/11.0 Mobile/15A372 Safari/604.1]
[2018-08-08T21:50:08.107] [INFO] default - [::1 POST /Project 200 6796ms][http://localhost:3000/ HTTP/1.1 Mozilla/5.0 (iPhone; CPU iPhone OS 11_0 like Mac OS X) AppleWebKit/604.1.38 (KHTML, like Gecko) Version/11.0 Mobile/15A372 Safari/604.1]
[2018-08-08T21:50:52.760] [INFO] default - [::1 GET / 304 5ms][ HTTP/1.1 Mozilla/5.0 (iPhone; CPU iPhone OS 11_0 like Mac OS X) AppleWebKit/604.1.38 (KHTML, like Gecko) Version/11.0 Mobile/15A372 Safari/604.1]
[2018-08-08T21:50:52.788] [INFO] default - [::1 GET /layui/css/layui.css 304 1ms][http://localhost:3000/ HTTP/1.1 Mozilla/5.0 (iPhone; CPU iPhone OS 11_0 like Mac OS X) AppleWebKit/604.1.38 (KHTML, like Gecko) Version/11.0 Mobile/15A372 Safari/604.1]
[2018-08-08T21:50:52.790] [INFO] default - [::1 GET /ydui/css/ydui.css 304 2ms][http://localhost:3000/ HTTP/1.1 Mozilla/5.0 (iPhone; CPU iPhone OS 11_0 like Mac OS X) AppleWebKit/604.1.38 (KHTML, like Gecko) Version/11.0 Mobile/15A372 Safari/604.1]
[2018-08-08T21:50:52.791] [INFO] default - [::1 GET /ydui/js/ydui.flexible.js 304 3ms][http://localhost:3000/ HTTP/1.1 Mozilla/5.0 (iPhone; CPU iPhone OS 11_0 like Mac OS X) AppleWebKit/604.1.38 (KHTML, like Gecko) Version/11.0 Mobile/15A372 Safari/604.1]
[2018-08-08T21:50:52.792] [INFO] default - [::1 GET /jquery-weui/dist/lib/weui.min.css 304 3ms][http://localhost:3000/ HTTP/1.1 Mozilla/5.0 (iPhone; CPU iPhone OS 11_0 like Mac OS X) AppleWebKit/604.1.38 (KHTML, like Gecko) Version/11.0 Mobile/15A372 Safari/604.1]
[2018-08-08T21:50:52.792] [INFO] default - [::1 GET /css/order.css 304 3ms][http://localhost:3000/ HTTP/1.1 Mozilla/5.0 (iPhone; CPU iPhone OS 11_0 like Mac OS X) AppleWebKit/604.1.38 (KHTML, like Gecko) Version/11.0 Mobile/15A372 Safari/604.1]
[2018-08-08T21:50:52.794] [INFO] default - [::1 GET /layui/layui.js 304 5ms][http://localhost:3000/ HTTP/1.1 Mozilla/5.0 (iPhone; CPU iPhone OS 11_0 like Mac OS X) AppleWebKit/604.1.38 (KHTML, like Gecko) Version/11.0 Mobile/15A372 Safari/604.1]
[2018-08-08T21:50:52.794] [INFO] default - [::1 GET /jquery/jquery.min.js 304 5ms][http://localhost:3000/ HTTP/1.1 Mozilla/5.0 (iPhone; CPU iPhone OS 11_0 like Mac OS X) AppleWebKit/604.1.38 (KHTML, like Gecko) Version/11.0 Mobile/15A372 Safari/604.1]
[2018-08-08T21:50:52.795] [INFO] default - [::1 GET /jquery-weui/dist/js/jquery-weui.min.js 304 2ms][http://localhost:3000/ HTTP/1.1 Mozilla/5.0 (iPhone; CPU iPhone OS 11_0 like Mac OS X) AppleWebKit/604.1.38 (KHTML, like Gecko) Version/11.0 Mobile/15A372 Safari/604.1]
[2018-08-08T21:50:52.795] [INFO] default - [::1 GET /javascript/function.js 304 2ms][http://localhost:3000/ HTTP/1.1 Mozilla/5.0 (iPhone; CPU iPhone OS 11_0 like Mac OS X) AppleWebKit/604.1.38 (KHTML, like Gecko) Version/11.0 Mobile/15A372 Safari/604.1]
[2018-08-08T21:50:52.830] [INFO] default - [::1 GET /layui/lay/modules/layer.js 304 0ms][http://localhost:3000/ HTTP/1.1 Mozilla/5.0 (iPhone; CPU iPhone OS 11_0 like Mac OS X) AppleWebKit/604.1.38 (KHTML, like Gecko) Version/11.0 Mobile/15A372 Safari/604.1]
[2018-08-08T21:50:52.845] [INFO] default - [::1 GET /layui/css/modules/layer/default/layer.css?v=3.1.1 304 1ms][http://localhost:3000/ HTTP/1.1 Mozilla/5.0 (iPhone; CPU iPhone OS 11_0 like Mac OS X) AppleWebKit/604.1.38 (KHTML, like Gecko) Version/11.0 Mobile/15A372 Safari/604.1]
[2018-08-08T21:50:52.846] [INFO] default - [::1 GET /layui/lay/modules/form.js 304 1ms][http://localhost:3000/ HTTP/1.1 Mozilla/5.0 (iPhone; CPU iPhone OS 11_0 like Mac OS X) AppleWebKit/604.1.38 (KHTML, like Gecko) Version/11.0 Mobile/15A372 Safari/604.1]
[2018-08-08T21:50:52.852] [INFO] default - [::1 GET /layui/css/modules/layer/default/loading-2.gif 304 1ms][http://localhost:3000/layui/css/modules/layer/default/layer.css?v=3.1.1 HTTP/1.1 Mozilla/5.0 (iPhone; CPU iPhone OS 11_0 like Mac OS X) AppleWebKit/604.1.38 (KHTML, like Gecko) Version/11.0 Mobile/15A372 Safari/604.1]
[2018-08-08T21:50:52.859] [INFO] default - [::1 GET /javascript/index1.js?_=1533736252819 200 1ms][http://localhost:3000/ HTTP/1.1 Mozilla/5.0 (iPhone; CPU iPhone OS 11_0 like Mac OS X) AppleWebKit/604.1.38 (KHTML, like Gecko) Version/11.0 Mobile/15A372 Safari/604.1]
[2018-08-08T21:50:52.866] [INFO] default - [::1 GET /javascript/order.js?_=1533736252820 200 1ms][http://localhost:3000/ HTTP/1.1 Mozilla/5.0 (iPhone; CPU iPhone OS 11_0 like Mac OS X) AppleWebKit/604.1.38 (KHTML, like Gecko) Version/11.0 Mobile/15A372 Safari/604.1]
[2018-08-08T21:50:52.874] [INFO] default - [::1 GET /javascript/sales.js?_=1533736252821 200 1ms][http://localhost:3000/ HTTP/1.1 Mozilla/5.0 (iPhone; CPU iPhone OS 11_0 like Mac OS X) AppleWebKit/604.1.38 (KHTML, like Gecko) Version/11.0 Mobile/15A372 Safari/604.1]
[2018-08-08T21:50:52.879] [INFO] default - [::1 GET /javascript/pullSignal.js?_=1533736252822 200 1ms][http://localhost:3000/ HTTP/1.1 Mozilla/5.0 (iPhone; CPU iPhone OS 11_0 like Mac OS X) AppleWebKit/604.1.38 (KHTML, like Gecko) Version/11.0 Mobile/15A372 Safari/604.1]
[2018-08-08T21:50:52.884] [INFO] default - [::1 GET /javascript/addApplicationGoods.js?_=1533736252823 200 1ms][http://localhost:3000/ HTTP/1.1 Mozilla/5.0 (iPhone; CPU iPhone OS 11_0 like Mac OS X) AppleWebKit/604.1.38 (KHTML, like Gecko) Version/11.0 Mobile/15A372 Safari/604.1]
[2018-08-08T21:50:52.891] [INFO] default - [::1 GET /javascript/addReturnRequest.js?_=1533736252824 200 0ms][http://localhost:3000/ HTTP/1.1 Mozilla/5.0 (iPhone; CPU iPhone OS 11_0 like Mac OS X) AppleWebKit/604.1.38 (KHTML, like Gecko) Version/11.0 Mobile/15A372 Safari/604.1]
[2018-08-08T21:50:52.895] [INFO] default - [::1 GET /javascript/requireGoodsList.js?_=1533736252825 200 0ms][http://localhost:3000/ HTTP/1.1 Mozilla/5.0 (iPhone; CPU iPhone OS 11_0 like Mac OS X) AppleWebKit/604.1.38 (KHTML, like Gecko) Version/11.0 Mobile/15A372 Safari/604.1]
[2018-08-08T21:50:52.901] [INFO] default - [::1 GET /javascript/saleslist.js?_=1533736252826 200 1ms][http://localhost:3000/ HTTP/1.1 Mozilla/5.0 (iPhone; CPU iPhone OS 11_0 like Mac OS X) AppleWebKit/604.1.38 (KHTML, like Gecko) Version/11.0 Mobile/15A372 Safari/604.1]
[2018-08-08T21:50:52.906] [INFO] default - [::1 GET /javascript/saleslist_goods.js?_=1533736252827 200 1ms][http://localhost:3000/ HTTP/1.1 Mozilla/5.0 (iPhone; CPU iPhone OS 11_0 like Mac OS X) AppleWebKit/604.1.38 (KHTML, like Gecko) Version/11.0 Mobile/15A372 Safari/604.1]
[2018-08-08T21:50:52.912] [INFO] default - [::1 GET /javascript/productList.js?_=1533736252828 200 1ms][http://localhost:3000/ HTTP/1.1 Mozilla/5.0 (iPhone; CPU iPhone OS 11_0 like Mac OS X) AppleWebKit/604.1.38 (KHTML, like Gecko) Version/11.0 Mobile/15A372 Safari/604.1]
[2018-08-08T21:50:52.917] [INFO] default - [::1 GET /javascript/selectCustomer.js?_=1533736252829 200 1ms][http://localhost:3000/ HTTP/1.1 Mozilla/5.0 (iPhone; CPU iPhone OS 11_0 like Mac OS X) AppleWebKit/604.1.38 (KHTML, like Gecko) Version/11.0 Mobile/15A372 Safari/604.1]
[2018-08-08T21:50:52.923] [INFO] default - [::1 GET /javascript/productDetail.js?_=1533736252830 200 1ms][http://localhost:3000/ HTTP/1.1 Mozilla/5.0 (iPhone; CPU iPhone OS 11_0 like Mac OS X) AppleWebKit/604.1.38 (KHTML, like Gecko) Version/11.0 Mobile/15A372 Safari/604.1]
[2018-08-08T21:50:52.926] [INFO] default - [::1 GET /javascript/tuihuo_productList.js?_=1533736252831 200 0ms][http://localhost:3000/ HTTP/1.1 Mozilla/5.0 (iPhone; CPU iPhone OS 11_0 like Mac OS X) AppleWebKit/604.1.38 (KHTML, like Gecko) Version/11.0 Mobile/15A372 Safari/604.1]
[2018-08-08T21:50:52.932] [INFO] default - [::1 GET /javascript/tuihuo_saleslist_goods.js?_=1533736252832 200 1ms][http://localhost:3000/ HTTP/1.1 Mozilla/5.0 (iPhone; CPU iPhone OS 11_0 like Mac OS X) AppleWebKit/604.1.38 (KHTML, like Gecko) Version/11.0 Mobile/15A372 Safari/604.1]
[2018-08-08T21:50:52.937] [INFO] default - [::1 GET /javascript/tuihuo_selectcustomer.js?_=1533736252833 200 0ms][http://localhost:3000/ HTTP/1.1 Mozilla/5.0 (iPhone; CPU iPhone OS 11_0 like Mac OS X) AppleWebKit/604.1.38 (KHTML, like Gecko) Version/11.0 Mobile/15A372 Safari/604.1]
[2018-08-08T21:50:52.940] [INFO] default - [::1 GET /javascript/tuihuo_salelist.js?_=1533736252834 200 0ms][http://localhost:3000/ HTTP/1.1 Mozilla/5.0 (iPhone; CPU iPhone OS 11_0 like Mac OS X) AppleWebKit/604.1.38 (KHTML, like Gecko) Version/11.0 Mobile/15A372 Safari/604.1]
[2018-08-08T21:50:52.943] [INFO] default - [::1 GET /layui/lay/modules/laytpl.js 304 0ms][http://localhost:3000/ HTTP/1.1 Mozilla/5.0 (iPhone; CPU iPhone OS 11_0 like Mac OS X) AppleWebKit/604.1.38 (KHTML, like Gecko) Version/11.0 Mobile/15A372 Safari/604.1]
[2018-08-08T21:50:52.972] [INFO] default - [::1 GET /layui/font/iconfont.woff?v=230 304 3ms][http://localhost:3000/layui/css/layui.css HTTP/1.1 Mozilla/5.0 (iPhone; CPU iPhone OS 11_0 like Mac OS X) AppleWebKit/604.1.38 (KHTML, like Gecko) Version/11.0 Mobile/15A372 Safari/604.1]
[2018-08-08T21:50:59.404] [INFO] default - [::1 POST /Project 200 6455ms][http://localhost:3000/ HTTP/1.1 Mozilla/5.0 (iPhone; CPU iPhone OS 11_0 like Mac OS X) AppleWebKit/604.1.38 (KHTML, like Gecko) Version/11.0 Mobile/15A372 Safari/604.1]
[2018-08-08T21:51:00.040] [INFO] default - [::1 GET /warehouse 304 7091ms][http://localhost:3000/ HTTP/1.1 Mozilla/5.0 (iPhone; CPU iPhone OS 11_0 like Mac OS X) AppleWebKit/604.1.38 (KHTML, like Gecko) Version/11.0 Mobile/15A372 Safari/604.1]
[2018-08-08T21:51:00.620] [INFO] default - [::1 GET /partner 304 7672ms][http://localhost:3000/ HTTP/1.1 Mozilla/5.0 (iPhone; CPU iPhone OS 11_0 like Mac OS X) AppleWebKit/604.1.38 (KHTML, like Gecko) Version/11.0 Mobile/15A372 Safari/604.1]
[2018-08-08T21:51:01.171] [INFO] default - [::1 POST /person 200 8221ms][http://localhost:3000/ HTTP/1.1 Mozilla/5.0 (iPhone; CPU iPhone OS 11_0 like Mac OS X) AppleWebKit/604.1.38 (KHTML, like Gecko) Version/11.0 Mobile/15A372 Safari/604.1]
[2018-08-08T22:07:35.465] [INFO] default - [::ffff:127.0.0.1 GET / 200 11ms][ HTTP/1.1 Mozilla/5.0 (iPhone; CPU iPhone OS 11_0 like Mac OS X) AppleWebKit/604.1.38 (KHTML, like Gecko) Version/11.0 Mobile/15A372 Safari/604.1]
[2018-08-08T22:07:35.478] [INFO] default - [::ffff:127.0.0.1 GET /css/style.css 304 2ms][http://localhost:3000/ HTTP/1.1 Mozilla/5.0 (iPhone; CPU iPhone OS 11_0 like Mac OS X) AppleWebKit/604.1.38 (KHTML, like Gecko) Version/11.0 Mobile/15A372 Safari/604.1]
[2018-08-08T22:07:35.490] [INFO] default - [::ffff:127.0.0.1 GET /js/jquery.min.js 304 1ms][http://localhost:3000/ HTTP/1.1 Mozilla/5.0 (iPhone; CPU iPhone OS 11_0 like Mac OS X) AppleWebKit/604.1.38 (KHTML, like Gecko) Version/11.0 Mobile/15A372 Safari/604.1]
[2018-08-08T22:07:35.491] [INFO] default - [::ffff:127.0.0.1 GET /js/index.js 304 2ms][http://localhost:3000/ HTTP/1.1 Mozilla/5.0 (iPhone; CPU iPhone OS 11_0 like Mac OS X) AppleWebKit/604.1.38 (KHTML, like Gecko) Version/11.0 Mobile/15A372 Safari/604.1]
[2018-08-08T22:07:35.494] [INFO] default - [::ffff:127.0.0.1 GET /slider-2.jpg 304 1ms][http://localhost:3000/css/style.css HTTP/1.1 Mozilla/5.0 (iPhone; CPU iPhone OS 11_0 like Mac OS X) AppleWebKit/604.1.38 (KHTML, like Gecko) Version/11.0 Mobile/15A372 Safari/604.1]
[2018-08-08T22:07:35.535] [INFO] default - [::ffff:127.0.0.1 GET /js/jquery.min.map 404 2ms][ HTTP/1.1 Mozilla/5.0 (iPhone; CPU iPhone OS 11_0 like Mac OS X) AppleWebKit/604.1.38 (KHTML, like Gecko) Version/11.0 Mobile/15A372 Safari/604.1]
[2018-08-08T22:07:48.710] [INFO] default - [::ffff:127.0.0.1 GET / 304 7ms][ HTTP/1.1 Mozilla/5.0 (iPhone; CPU iPhone OS 11_0 like Mac OS X) AppleWebKit/604.1.38 (KHTML, like Gecko) Version/11.0 Mobile/15A372 Safari/604.1]
[2018-08-08T22:07:48.717] [INFO] default - [::ffff:127.0.0.1 GET /css/style.css 304 1ms][http://localhost:3000/ HTTP/1.1 Mozilla/5.0 (iPhone; CPU iPhone OS 11_0 like Mac OS X) AppleWebKit/604.1.38 (KHTML, like Gecko) Version/11.0 Mobile/15A372 Safari/604.1]
[2018-08-08T22:07:48.729] [INFO] default - [::ffff:127.0.0.1 GET /js/jquery.min.js 304 1ms][http://localhost:3000/ HTTP/1.1 Mozilla/5.0 (iPhone; CPU iPhone OS 11_0 like Mac OS X) AppleWebKit/604.1.38 (KHTML, like Gecko) Version/11.0 Mobile/15A372 Safari/604.1]
[2018-08-08T22:07:48.731] [INFO] default - [::1 GET /js/index.js 304 1ms][http://localhost:3000/ HTTP/1.1 Mozilla/5.0 (iPhone; CPU iPhone OS 11_0 like Mac OS X) AppleWebKit/604.1.38 (KHTML, like Gecko) Version/11.0 Mobile/15A372 Safari/604.1]
[2018-08-08T22:07:48.732] [INFO] default - [::1 GET /slider-2.jpg 304 1ms][http://localhost:3000/css/style.css HTTP/1.1 Mozilla/5.0 (iPhone; CPU iPhone OS 11_0 like Mac OS X) AppleWebKit/604.1.38 (KHTML, like Gecko) Version/11.0 Mobile/15A372 Safari/604.1]
[2018-08-08T22:07:48.756] [INFO] default - [::1 GET /js/jquery.min.map 404 2ms][ HTTP/1.1 Mozilla/5.0 (iPhone; CPU iPhone OS 11_0 like Mac OS X) AppleWebKit/604.1.38 (KHTML, like Gecko) Version/11.0 Mobile/15A372 Safari/604.1]
[2018-08-08T22:07:51.755] [INFO] default - [::1 POST /Login 200 908ms][http://localhost:3000/ HTTP/1.1 Mozilla/5.0 (iPhone; CPU iPhone OS 11_0 like Mac OS X) AppleWebKit/604.1.38 (KHTML, like Gecko) Version/11.0 Mobile/15A372 Safari/604.1]
[2018-08-08T22:07:51.768] [INFO] default - [::1 GET / 200 8ms][http://localhost:3000/ HTTP/1.1 Mozilla/5.0 (iPhone; CPU iPhone OS 11_0 like Mac OS X) AppleWebKit/604.1.38 (KHTML, like Gecko) Version/11.0 Mobile/15A372 Safari/604.1]
[2018-08-08T22:07:51.778] [INFO] default - [::1 GET /layui/css/layui.css 304 1ms][http://localhost:3000/ HTTP/1.1 Mozilla/5.0 (iPhone; CPU iPhone OS 11_0 like Mac OS X) AppleWebKit/604.1.38 (KHTML, like Gecko) Version/11.0 Mobile/15A372 Safari/604.1]
[2018-08-08T22:07:51.781] [INFO] default - [::ffff:127.0.0.1 GET /ydui/css/ydui.css 304 2ms][http://localhost:3000/ HTTP/1.1 Mozilla/5.0 (iPhone; CPU iPhone OS 11_0 like Mac OS X) AppleWebKit/604.1.38 (KHTML, like Gecko) Version/11.0 Mobile/15A372 Safari/604.1]
[2018-08-08T22:07:51.784] [INFO] default - [::1 GET /layui/layui.js 304 5ms][http://localhost:3000/ HTTP/1.1 Mozilla/5.0 (iPhone; CPU iPhone OS 11_0 like Mac OS X) AppleWebKit/604.1.38 (KHTML, like Gecko) Version/11.0 Mobile/15A372 Safari/604.1]
[2018-08-08T22:07:51.785] [INFO] default - [::1 GET /ydui/js/ydui.flexible.js 304 5ms][http://localhost:3000/ HTTP/1.1 Mozilla/5.0 (iPhone; CPU iPhone OS 11_0 like Mac OS X) AppleWebKit/604.1.38 (KHTML, like Gecko) Version/11.0 Mobile/15A372 Safari/604.1]
[2018-08-08T22:07:51.785] [INFO] default - [::1 GET /jquery-weui/dist/lib/weui.min.css 304 5ms][http://localhost:3000/ HTTP/1.1 Mozilla/5.0 (iPhone; CPU iPhone OS 11_0 like Mac OS X) AppleWebKit/604.1.38 (KHTML, like Gecko) Version/11.0 Mobile/15A372 Safari/604.1]
[2018-08-08T22:07:51.786] [INFO] default - [::1 GET /css/order.css 304 6ms][http://localhost:3000/ HTTP/1.1 Mozilla/5.0 (iPhone; CPU iPhone OS 11_0 like Mac OS X) AppleWebKit/604.1.38 (KHTML, like Gecko) Version/11.0 Mobile/15A372 Safari/604.1]
[2018-08-08T22:07:51.787] [INFO] default - [::1 GET /jquery/jquery.min.js 304 7ms][http://localhost:3000/ HTTP/1.1 Mozilla/5.0 (iPhone; CPU iPhone OS 11_0 like Mac OS X) AppleWebKit/604.1.38 (KHTML, like Gecko) Version/11.0 Mobile/15A372 Safari/604.1]
[2018-08-08T22:07:51.789] [INFO] default - [::ffff:127.0.0.1 GET /jquery-weui/dist/js/jquery-weui.min.js 304 6ms][http://localhost:3000/ HTTP/1.1 Mozilla/5.0 (iPhone; CPU iPhone OS 11_0 like Mac OS X) AppleWebKit/604.1.38 (KHTML, like Gecko) Version/11.0 Mobile/15A372 Safari/604.1]
[2018-08-08T22:07:51.799] [INFO] default - [::1 GET /javascript/function.js 200 10ms][http://localhost:3000/ HTTP/1.1 Mozilla/5.0 (iPhone; CPU iPhone OS 11_0 like Mac OS X) AppleWebKit/604.1.38 (KHTML, like Gecko) Version/11.0 Mobile/15A372 Safari/604.1]
[2018-08-08T22:07:51.832] [INFO] default - [::1 GET /layui/lay/modules/layer.js 304 1ms][http://localhost:3000/ HTTP/1.1 Mozilla/5.0 (iPhone; CPU iPhone OS 11_0 like Mac OS X) AppleWebKit/604.1.38 (KHTML, like Gecko) Version/11.0 Mobile/15A372 Safari/604.1]
[2018-08-08T22:07:51.850] [INFO] default - [::1 GET /layui/css/modules/layer/default/layer.css?v=3.1.1 304 1ms][http://localhost:3000/ HTTP/1.1 Mozilla/5.0 (iPhone; CPU iPhone OS 11_0 like Mac OS X) AppleWebKit/604.1.38 (KHTML, like Gecko) Version/11.0 Mobile/15A372 Safari/604.1]
[2018-08-08T22:07:51.851] [INFO] default - [::ffff:127.0.0.1 GET /layui/lay/modules/form.js 304 2ms][http://localhost:3000/ HTTP/1.1 Mozilla/5.0 (iPhone; CPU iPhone OS 11_0 like Mac OS X) AppleWebKit/604.1.38 (KHTML, like Gecko) Version/11.0 Mobile/15A372 Safari/604.1]
[2018-08-08T22:07:51.867] [INFO] default - [::ffff:127.0.0.1 GET /layui/css/modules/layer/default/loading-2.gif 304 1ms][http://localhost:3000/layui/css/modules/layer/default/layer.css?v=3.1.1 HTTP/1.1 Mozilla/5.0 (iPhone; CPU iPhone OS 11_0 like Mac OS X) AppleWebKit/604.1.38 (KHTML, like Gecko) Version/11.0 Mobile/15A372 Safari/604.1]
[2018-08-08T22:07:51.869] [INFO] default - [::1 GET /javascript/index1.js?_=1533737271820 200 3ms][http://localhost:3000/ HTTP/1.1 Mozilla/5.0 (iPhone; CPU iPhone OS 11_0 like Mac OS X) AppleWebKit/604.1.38 (KHTML, like Gecko) Version/11.0 Mobile/15A372 Safari/604.1]
[2018-08-08T22:07:51.875] [INFO] default - [::1 GET /javascript/order.js?_=1533737271821 200 0ms][http://localhost:3000/ HTTP/1.1 Mozilla/5.0 (iPhone; CPU iPhone OS 11_0 like Mac OS X) AppleWebKit/604.1.38 (KHTML, like Gecko) Version/11.0 Mobile/15A372 Safari/604.1]
[2018-08-08T22:07:51.881] [INFO] default - [::1 GET /javascript/sales.js?_=1533737271822 200 1ms][http://localhost:3000/ HTTP/1.1 Mozilla/5.0 (iPhone; CPU iPhone OS 11_0 like Mac OS X) AppleWebKit/604.1.38 (KHTML, like Gecko) Version/11.0 Mobile/15A372 Safari/604.1]
[2018-08-08T22:07:51.884] [INFO] default - [::1 GET /javascript/pullSignal.js?_=1533737271823 200 0ms][http://localhost:3000/ HTTP/1.1 Mozilla/5.0 (iPhone; CPU iPhone OS 11_0 like Mac OS X) AppleWebKit/604.1.38 (KHTML, like Gecko) Version/11.0 Mobile/15A372 Safari/604.1]
[2018-08-08T22:07:51.890] [INFO] default - [::1 GET /javascript/addApplicationGoods.js?_=1533737271824 200 1ms][http://localhost:3000/ HTTP/1.1 Mozilla/5.0 (iPhone; CPU iPhone OS 11_0 like Mac OS X) AppleWebKit/604.1.38 (KHTML, like Gecko) Version/11.0 Mobile/15A372 Safari/604.1]
[2018-08-08T22:07:51.893] [INFO] default - [::1 GET /javascript/addReturnRequest.js?_=1533737271825 200 0ms][http://localhost:3000/ HTTP/1.1 Mozilla/5.0 (iPhone; CPU iPhone OS 11_0 like Mac OS X) AppleWebKit/604.1.38 (KHTML, like Gecko) Version/11.0 Mobile/15A372 Safari/604.1]
[2018-08-08T22:07:51.900] [INFO] default - [::1 GET /javascript/requireGoodsList.js?_=1533737271826 200 1ms][http://localhost:3000/ HTTP/1.1 Mozilla/5.0 (iPhone; CPU iPhone OS 11_0 like Mac OS X) AppleWebKit/604.1.38 (KHTML, like Gecko) Version/11.0 Mobile/15A372 Safari/604.1]
[2018-08-08T22:07:51.905] [INFO] default - [::1 GET /javascript/saleslist.js?_=1533737271827 200 1ms][http://localhost:3000/ HTTP/1.1 Mozilla/5.0 (iPhone; CPU iPhone OS 11_0 like Mac OS X) AppleWebKit/604.1.38 (KHTML, like Gecko) Version/11.0 Mobile/15A372 Safari/604.1]
[2018-08-08T22:07:51.932] [INFO] default - [::1 GET /javascript/saleslist_goods.js?_=1533737271828 200 1ms][http://localhost:3000/ HTTP/1.1 Mozilla/5.0 (iPhone; CPU iPhone OS 11_0 like Mac OS X) AppleWebKit/604.1.38 (KHTML, like Gecko) Version/11.0 Mobile/15A372 Safari/604.1]
[2018-08-08T22:07:51.941] [INFO] default - [::1 GET /javascript/productList.js?_=1533737271829 200 1ms][http://localhost:3000/ HTTP/1.1 Mozilla/5.0 (iPhone; CPU iPhone OS 11_0 like Mac OS X) AppleWebKit/604.1.38 (KHTML, like Gecko) Version/11.0 Mobile/15A372 Safari/604.1]
[2018-08-08T22:07:51.947] [INFO] default - [::1 GET /javascript/selectCustomer.js?_=1533737271830 200 1ms][http://localhost:3000/ HTTP/1.1 Mozilla/5.0 (iPhone; CPU iPhone OS 11_0 like Mac OS X) AppleWebKit/604.1.38 (KHTML, like Gecko) Version/11.0 Mobile/15A372 Safari/604.1]
[2018-08-08T22:07:51.953] [INFO] default - [::1 GET /javascript/productDetail.js?_=1533737271831 200 1ms][http://localhost:3000/ HTTP/1.1 Mozilla/5.0 (iPhone; CPU iPhone OS 11_0 like Mac OS X) AppleWebKit/604.1.38 (KHTML, like Gecko) Version/11.0 Mobile/15A372 Safari/604.1]
[2018-08-08T22:07:51.957] [INFO] default - [::1 GET /javascript/tuihuo_productList.js?_=1533737271832 200 1ms][http://localhost:3000/ HTTP/1.1 Mozilla/5.0 (iPhone; CPU iPhone OS 11_0 like Mac OS X) AppleWebKit/604.1.38 (KHTML, like Gecko) Version/11.0 Mobile/15A372 Safari/604.1]
[2018-08-08T22:07:51.963] [INFO] default - [::1 GET /javascript/tuihuo_saleslist_goods.js?_=1533737271833 200 1ms][http://localhost:3000/ HTTP/1.1 Mozilla/5.0 (iPhone; CPU iPhone OS 11_0 like Mac OS X) AppleWebKit/604.1.38 (KHTML, like Gecko) Version/11.0 Mobile/15A372 Safari/604.1]
[2018-08-08T22:07:51.968] [INFO] default - [::1 GET /javascript/tuihuo_selectcustomer.js?_=1533737271834 200 1ms][http://localhost:3000/ HTTP/1.1 Mozilla/5.0 (iPhone; CPU iPhone OS 11_0 like Mac OS X) AppleWebKit/604.1.38 (KHTML, like Gecko) Version/11.0 Mobile/15A372 Safari/604.1]
[2018-08-08T22:07:51.973] [INFO] default - [::1 GET /javascript/tuihuo_salelist.js?_=1533737271835 200 1ms][http://localhost:3000/ HTTP/1.1 Mozilla/5.0 (iPhone; CPU iPhone OS 11_0 like Mac OS X) AppleWebKit/604.1.38 (KHTML, like Gecko) Version/11.0 Mobile/15A372 Safari/604.1]
[2018-08-08T22:07:51.977] [INFO] default - [::1 GET /javascript/addApplicationGoods_detail.js?_=1533737271836 200 0ms][http://localhost:3000/ HTTP/1.1 Mozilla/5.0 (iPhone; CPU iPhone OS 11_0 like Mac OS X) AppleWebKit/604.1.38 (KHTML, like Gecko) Version/11.0 Mobile/15A372 Safari/604.1]
[2018-08-08T22:07:51.980] [INFO] default - [::1 GET /layui/lay/modules/laytpl.js 304 0ms][http://localhost:3000/ HTTP/1.1 Mozilla/5.0 (iPhone; CPU iPhone OS 11_0 like Mac OS X) AppleWebKit/604.1.38 (KHTML, like Gecko) Version/11.0 Mobile/15A372 Safari/604.1]
[2018-08-08T22:07:51.992] [INFO] default - [::1 GET /layui/font/iconfont.woff?v=230 304 1ms][http://localhost:3000/layui/css/layui.css HTTP/1.1 Mozilla/5.0 (iPhone; CPU iPhone OS 11_0 like Mac OS X) AppleWebKit/604.1.38 (KHTML, like Gecko) Version/11.0 Mobile/15A372 Safari/604.1]
