[2018-08-28T12:09:47.060] [INFO] default - [::1 GET / 200 9ms][ HTTP/1.1 Mozilla/5.0 (Windows NT 10.0; Win64; x64) AppleWebKit/537.36 (KHTML, like Gecko) Chrome/67.0.3396.99 Safari/537.36]
[2018-08-28T12:09:47.068] [INFO] default - [::1 GET /css/style.css 304 2ms][http://localhost:3000/ HTTP/1.1 Mozilla/5.0 (Windows NT 10.0; Win64; x64) AppleWebKit/537.36 (KHTML, like Gecko) Chrome/67.0.3396.99 Safari/537.36]
[2018-08-28T12:09:47.069] [INFO] default - [::1 GET /js/jquery.min.js 304 2ms][http://localhost:3000/ HTTP/1.1 Mozilla/5.0 (Windows NT 10.0; Win64; x64) AppleWebKit/537.36 (KHTML, like Gecko) Chrome/67.0.3396.99 Safari/537.36]
[2018-08-28T12:09:48.006] [INFO] default - [::1 GET /js/index.js 304 1ms][http://localhost:3000/ HTTP/1.1 Mozilla/5.0 (Windows NT 10.0; Win64; x64) AppleWebKit/537.36 (KHTML, like Gecko) Chrome/67.0.3396.99 Safari/537.36]
[2018-08-28T12:09:48.010] [INFO] default - [::1 GET /slider-2.jpg 304 1ms][http://localhost:3000/css/style.css HTTP/1.1 Mozilla/5.0 (Windows NT 10.0; Win64; x64) AppleWebKit/537.36 (KHTML, like Gecko) Chrome/67.0.3396.99 Safari/537.36]
[2018-08-28T12:09:48.415] [INFO] default - [::1 GET /favicon.ico 404 2ms][http://localhost:3000/ HTTP/1.1 Mozilla/5.0 (Windows NT 10.0; Win64; x64) AppleWebKit/537.36 (KHTML, like Gecko) Chrome/67.0.3396.99 Safari/537.36]
[2018-08-28T12:09:51.690] [INFO] default - [::1 POST /Login 200 1384ms][http://localhost:3000/ HTTP/1.1 Mozilla/5.0 (Windows NT 10.0; Win64; x64) AppleWebKit/537.36 (KHTML, like Gecko) Chrome/67.0.3396.99 Safari/537.36]
[2018-08-28T12:09:51.712] [INFO] default - [::1 GET / 200 17ms][http://localhost:3000/ HTTP/1.1 Mozilla/5.0 (Windows NT 10.0; Win64; x64) AppleWebKit/537.36 (KHTML, like Gecko) Chrome/67.0.3396.99 Safari/537.36]
[2018-08-28T12:09:51.726] [INFO] default - [::1 GET /layui/css/layui.css 304 5ms][http://localhost:3000/ HTTP/1.1 Mozilla/5.0 (Windows NT 10.0; Win64; x64) AppleWebKit/537.36 (KHTML, like Gecko) Chrome/67.0.3396.99 Safari/537.36]
[2018-08-28T12:09:51.727] [INFO] default - [::1 GET /ydui/css/ydui.css 304 5ms][http://localhost:3000/ HTTP/1.1 Mozilla/5.0 (Windows NT 10.0; Win64; x64) AppleWebKit/537.36 (KHTML, like Gecko) Chrome/67.0.3396.99 Safari/537.36]
[2018-08-28T12:09:51.729] [INFO] default - [::1 GET /ydui/js/ydui.flexible.js 304 7ms][http://localhost:3000/ HTTP/1.1 Mozilla/5.0 (Windows NT 10.0; Win64; x64) AppleWebKit/537.36 (KHTML, like Gecko) Chrome/67.0.3396.99 Safari/537.36]
[2018-08-28T12:09:51.729] [INFO] default - [::1 GET /jquery-weui/dist/lib/weui.min.css 304 6ms][http://localhost:3000/ HTTP/1.1 Mozilla/5.0 (Windows NT 10.0; Win64; x64) AppleWebKit/537.36 (KHTML, like Gecko) Chrome/67.0.3396.99 Safari/537.36]
[2018-08-28T12:09:51.730] [INFO] default - [::1 GET /css/order.css 304 7ms][http://localhost:3000/ HTTP/1.1 Mozilla/5.0 (Windows NT 10.0; Win64; x64) AppleWebKit/537.36 (KHTML, like Gecko) Chrome/67.0.3396.99 Safari/537.36]
[2018-08-28T12:09:51.732] [INFO] default - [::1 GET /layui/layui.js 304 9ms][http://localhost:3000/ HTTP/1.1 Mozilla/5.0 (Windows NT 10.0; Win64; x64) AppleWebKit/537.36 (KHTML, like Gecko) Chrome/67.0.3396.99 Safari/537.36]
[2018-08-28T12:09:51.735] [INFO] default - [::1 GET /jquery/jquery.min.js 304 2ms][http://localhost:3000/ HTTP/1.1 Mozilla/5.0 (Windows NT 10.0; Win64; x64) AppleWebKit/537.36 (KHTML, like Gecko) Chrome/67.0.3396.99 Safari/537.36]
[2018-08-28T12:09:51.736] [INFO] default - [::1 GET /jquery-weui/dist/js/jquery-weui.min.js 304 3ms][http://localhost:3000/ HTTP/1.1 Mozilla/5.0 (Windows NT 10.0; Win64; x64) AppleWebKit/537.36 (KHTML, like Gecko) Chrome/67.0.3396.99 Safari/537.36]
[2018-08-28T12:09:51.737] [INFO] default - [::1 GET /javascript/function.js 304 3ms][http://localhost:3000/ HTTP/1.1 Mozilla/5.0 (Windows NT 10.0; Win64; x64) AppleWebKit/537.36 (KHTML, like Gecko) Chrome/67.0.3396.99 Safari/537.36]
[2018-08-28T12:09:51.754] [INFO] default - [::1 GET /layui/lay/modules/layer.js 304 1ms][http://localhost:3000/ HTTP/1.1 Mozilla/5.0 (Windows NT 10.0; Win64; x64) AppleWebKit/537.36 (KHTML, like Gecko) Chrome/67.0.3396.99 Safari/537.36]
[2018-08-28T12:09:51.761] [INFO] default - [::1 GET /layui/css/modules/layer/default/layer.css?v=3.1.1 304 0ms][http://localhost:3000/ HTTP/1.1 Mozilla/5.0 (Windows NT 10.0; Win64; x64) AppleWebKit/537.36 (KHTML, like Gecko) Chrome/67.0.3396.99 Safari/537.36]
[2018-08-28T12:09:51.762] [INFO] default - [::1 GET /layui/lay/modules/form.js 304 2ms][http://localhost:3000/ HTTP/1.1 Mozilla/5.0 (Windows NT 10.0; Win64; x64) AppleWebKit/537.36 (KHTML, like Gecko) Chrome/67.0.3396.99 Safari/537.36]
[2018-08-28T12:09:51.768] [INFO] default - [::1 GET /layui/css/modules/layer/default/loading-2.gif 304 1ms][http://localhost:3000/layui/css/modules/layer/default/layer.css?v=3.1.1 HTTP/1.1 Mozilla/5.0 (Windows NT 10.0; Win64; x64) AppleWebKit/537.36 (KHTML, like Gecko) Chrome/67.0.3396.99 Safari/537.36]
[2018-08-28T12:09:51.776] [INFO] default - [::1 GET /javascript/index1.js?_=1535429391747 200 2ms][http://localhost:3000/ HTTP/1.1 Mozilla/5.0 (Windows NT 10.0; Win64; x64) AppleWebKit/537.36 (KHTML, like Gecko) Chrome/67.0.3396.99 Safari/537.36]
[2018-08-28T12:09:51.782] [INFO] default - [::1 GET /javascript/order.js?_=1535429391748 200 1ms][http://localhost:3000/ HTTP/1.1 Mozilla/5.0 (Windows NT 10.0; Win64; x64) AppleWebKit/537.36 (KHTML, like Gecko) Chrome/67.0.3396.99 Safari/537.36]
[2018-08-28T12:09:51.788] [INFO] default - [::1 GET /javascript/sales.js?_=1535429391749 200 2ms][http://localhost:3000/ HTTP/1.1 Mozilla/5.0 (Windows NT 10.0; Win64; x64) AppleWebKit/537.36 (KHTML, like Gecko) Chrome/67.0.3396.99 Safari/537.36]
[2018-08-28T12:09:51.792] [INFO] default - [::1 GET /javascript/pullSignal.js?_=1535429391750 200 1ms][http://localhost:3000/ HTTP/1.1 Mozilla/5.0 (Windows NT 10.0; Win64; x64) AppleWebKit/537.36 (KHTML, like Gecko) Chrome/67.0.3396.99 Safari/537.36]
[2018-08-28T12:09:51.798] [INFO] default - [::1 GET /javascript/addApplicationGoods.js?_=1535429391751 200 1ms][http://localhost:3000/ HTTP/1.1 Mozilla/5.0 (Windows NT 10.0; Win64; x64) AppleWebKit/537.36 (KHTML, like Gecko) Chrome/67.0.3396.99 Safari/537.36]
[2018-08-28T12:09:51.803] [INFO] default - [::1 GET /javascript/addReturnRequest.js?_=1535429391752 200 1ms][http://localhost:3000/ HTTP/1.1 Mozilla/5.0 (Windows NT 10.0; Win64; x64) AppleWebKit/537.36 (KHTML, like Gecko) Chrome/67.0.3396.99 Safari/537.36]
[2018-08-28T12:09:51.808] [INFO] default - [::1 GET /javascript/requireGoodsList.js?_=1535429391753 200 1ms][http://localhost:3000/ HTTP/1.1 Mozilla/5.0 (Windows NT 10.0; Win64; x64) AppleWebKit/537.36 (KHTML, like Gecko) Chrome/67.0.3396.99 Safari/537.36]
[2018-08-28T12:09:51.811] [INFO] default - [::1 GET /javascript/tuihuo_requireGoodsList.js?_=1535429391754 200 1ms][http://localhost:3000/ HTTP/1.1 Mozilla/5.0 (Windows NT 10.0; Win64; x64) AppleWebKit/537.36 (KHTML, like Gecko) Chrome/67.0.3396.99 Safari/537.36]
[2018-08-28T12:09:51.816] [INFO] default - [::1 GET /javascript/saleslist.js?_=1535429391755 200 1ms][http://localhost:3000/ HTTP/1.1 Mozilla/5.0 (Windows NT 10.0; Win64; x64) AppleWebKit/537.36 (KHTML, like Gecko) Chrome/67.0.3396.99 Safari/537.36]
[2018-08-28T12:09:51.821] [INFO] default - [::1 GET /javascript/saleslist_goods.js?_=1535429391756 200 1ms][http://localhost:3000/ HTTP/1.1 Mozilla/5.0 (Windows NT 10.0; Win64; x64) AppleWebKit/537.36 (KHTML, like Gecko) Chrome/67.0.3396.99 Safari/537.36]
[2018-08-28T12:09:51.827] [INFO] default - [::1 GET /javascript/productList.js?_=1535429391757 200 1ms][http://localhost:3000/ HTTP/1.1 Mozilla/5.0 (Windows NT 10.0; Win64; x64) AppleWebKit/537.36 (KHTML, like Gecko) Chrome/67.0.3396.99 Safari/537.36]
[2018-08-28T12:09:51.832] [INFO] default - [::1 GET /javascript/selectCustomer.js?_=1535429391758 200 1ms][http://localhost:3000/ HTTP/1.1 Mozilla/5.0 (Windows NT 10.0; Win64; x64) AppleWebKit/537.36 (KHTML, like Gecko) Chrome/67.0.3396.99 Safari/537.36]
[2018-08-28T12:09:51.837] [INFO] default - [::1 GET /javascript/productDetail.js?_=1535429391759 200 1ms][http://localhost:3000/ HTTP/1.1 Mozilla/5.0 (Windows NT 10.0; Win64; x64) AppleWebKit/537.36 (KHTML, like Gecko) Chrome/67.0.3396.99 Safari/537.36]
[2018-08-28T12:09:51.842] [INFO] default - [::1 GET /javascript/tuihuo_productList.js?_=1535429391760 200 1ms][http://localhost:3000/ HTTP/1.1 Mozilla/5.0 (Windows NT 10.0; Win64; x64) AppleWebKit/537.36 (KHTML, like Gecko) Chrome/67.0.3396.99 Safari/537.36]
[2018-08-28T12:09:51.847] [INFO] default - [::1 GET /javascript/tuihuo_saleslist_goods.js?_=1535429391761 200 1ms][http://localhost:3000/ HTTP/1.1 Mozilla/5.0 (Windows NT 10.0; Win64; x64) AppleWebKit/537.36 (KHTML, like Gecko) Chrome/67.0.3396.99 Safari/537.36]
[2018-08-28T12:09:51.853] [INFO] default - [::1 GET /javascript/tuihuo_selectcustomer.js?_=1535429391762 200 1ms][http://localhost:3000/ HTTP/1.1 Mozilla/5.0 (Windows NT 10.0; Win64; x64) AppleWebKit/537.36 (KHTML, like Gecko) Chrome/67.0.3396.99 Safari/537.36]
[2018-08-28T12:09:51.858] [INFO] default - [::1 GET /javascript/tuihuo_salelist.js?_=1535429391763 200 2ms][http://localhost:3000/ HTTP/1.1 Mozilla/5.0 (Windows NT 10.0; Win64; x64) AppleWebKit/537.36 (KHTML, like Gecko) Chrome/67.0.3396.99 Safari/537.36]
[2018-08-28T12:09:51.862] [INFO] default - [::1 GET /javascript/addApplicationGoods_detail.js?_=1535429391764 200 1ms][http://localhost:3000/ HTTP/1.1 Mozilla/5.0 (Windows NT 10.0; Win64; x64) AppleWebKit/537.36 (KHTML, like Gecko) Chrome/67.0.3396.99 Safari/537.36]
[2018-08-28T12:09:51.867] [INFO] default - [::1 GET /javascript/selectproductlist.js?_=1535429391765 200 2ms][http://localhost:3000/ HTTP/1.1 Mozilla/5.0 (Windows NT 10.0; Win64; x64) AppleWebKit/537.36 (KHTML, like Gecko) Chrome/67.0.3396.99 Safari/537.36]
[2018-08-28T12:09:51.870] [INFO] default - [::1 GET /layui/lay/modules/laytpl.js 304 0ms][http://localhost:3000/ HTTP/1.1 Mozilla/5.0 (Windows NT 10.0; Win64; x64) AppleWebKit/537.36 (KHTML, like Gecko) Chrome/67.0.3396.99 Safari/537.36]
[2018-08-28T12:09:51.887] [INFO] default - [::1 GET /layui/font/iconfont.woff?v=230 304 0ms][http://localhost:3000/layui/css/layui.css HTTP/1.1 Mozilla/5.0 (Windows NT 10.0; Win64; x64) AppleWebKit/537.36 (KHTML, like Gecko) Chrome/67.0.3396.99 Safari/537.36]
[2018-08-28T12:09:56.017] [INFO] default - [::1 POST /GetStockRequest_OutWarehouse 200 1473ms][http://localhost:3000/ HTTP/1.1 Mozilla/5.0 (Windows NT 10.0; Win64; x64) AppleWebKit/537.36 (KHTML, like Gecko) Chrome/67.0.3396.99 Safari/537.36]
[2018-08-28T12:09:57.207] [INFO] default - [::1 POST /GetStockRequest_InWarehouse 200 1185ms][http://localhost:3000/ HTTP/1.1 Mozilla/5.0 (Windows NT 10.0; Win64; x64) AppleWebKit/537.36 (KHTML, like Gecko) Chrome/67.0.3396.99 Safari/537.36]
[2018-08-28T12:10:06.825] [INFO] default - [::1 POST /GetStockRequestsList 200 1907ms][http://localhost:3000/ HTTP/1.1 Mozilla/5.0 (Windows NT 10.0; Win64; x64) AppleWebKit/537.36 (KHTML, like Gecko) Chrome/67.0.3396.99 Safari/537.36]
[2018-08-28T12:20:02.228] [INFO] default - [::1 GET / 200 12ms][http://localhost:3000/ HTTP/1.1 Mozilla/5.0 (Windows NT 10.0; Win64; x64) AppleWebKit/537.36 (KHTML, like Gecko) Chrome/67.0.3396.99 Safari/537.36]
[2018-08-28T12:20:02.243] [INFO] default - [::1 GET /layui/css/layui.css 304 3ms][http://localhost:3000/ HTTP/1.1 Mozilla/5.0 (Windows NT 10.0; Win64; x64) AppleWebKit/537.36 (KHTML, like Gecko) Chrome/67.0.3396.99 Safari/537.36]
[2018-08-28T12:20:02.244] [INFO] default - [::1 GET /ydui/css/ydui.css 304 2ms][http://localhost:3000/ HTTP/1.1 Mozilla/5.0 (Windows NT 10.0; Win64; x64) AppleWebKit/537.36 (KHTML, like Gecko) Chrome/67.0.3396.99 Safari/537.36]
[2018-08-28T12:20:02.244] [INFO] default - [::1 GET /jquery-weui/dist/lib/weui.min.css 304 2ms][http://localhost:3000/ HTTP/1.1 Mozilla/5.0 (Windows NT 10.0; Win64; x64) AppleWebKit/537.36 (KHTML, like Gecko) Chrome/67.0.3396.99 Safari/537.36]
[2018-08-28T12:20:02.247] [INFO] default - [::1 GET /layui/layui.js 304 4ms][http://localhost:3000/ HTTP/1.1 Mozilla/5.0 (Windows NT 10.0; Win64; x64) AppleWebKit/537.36 (KHTML, like Gecko) Chrome/67.0.3396.99 Safari/537.36]
[2018-08-28T12:20:02.247] [INFO] default - [::1 GET /css/order.css 304 5ms][http://localhost:3000/ HTTP/1.1 Mozilla/5.0 (Windows NT 10.0; Win64; x64) AppleWebKit/537.36 (KHTML, like Gecko) Chrome/67.0.3396.99 Safari/537.36]
[2018-08-28T12:20:02.248] [INFO] default - [::1 GET /ydui/js/ydui.flexible.js 304 6ms][http://localhost:3000/ HTTP/1.1 Mozilla/5.0 (Windows NT 10.0; Win64; x64) AppleWebKit/537.36 (KHTML, like Gecko) Chrome/67.0.3396.99 Safari/537.36]
[2018-08-28T12:20:02.250] [INFO] default - [::1 GET /jquery/jquery.min.js 304 4ms][http://localhost:3000/ HTTP/1.1 Mozilla/5.0 (Windows NT 10.0; Win64; x64) AppleWebKit/537.36 (KHTML, like Gecko) Chrome/67.0.3396.99 Safari/537.36]
[2018-08-28T12:20:02.250] [INFO] default - [::1 GET /jquery-weui/dist/js/jquery-weui.min.js 304 4ms][http://localhost:3000/ HTTP/1.1 Mozilla/5.0 (Windows NT 10.0; Win64; x64) AppleWebKit/537.36 (KHTML, like Gecko) Chrome/67.0.3396.99 Safari/537.36]
[2018-08-28T12:20:02.251] [INFO] default - [::1 GET /javascript/function.js 304 5ms][http://localhost:3000/ HTTP/1.1 Mozilla/5.0 (Windows NT 10.0; Win64; x64) AppleWebKit/537.36 (KHTML, like Gecko) Chrome/67.0.3396.99 Safari/537.36]
[2018-08-28T12:20:02.278] [INFO] default - [::1 GET /layui/lay/modules/layer.js 304 0ms][http://localhost:3000/ HTTP/1.1 Mozilla/5.0 (Windows NT 10.0; Win64; x64) AppleWebKit/537.36 (KHTML, like Gecko) Chrome/67.0.3396.99 Safari/537.36]
[2018-08-28T12:20:02.283] [INFO] default - [::1 GET /layui/css/modules/layer/default/layer.css?v=3.1.1 304 1ms][http://localhost:3000/ HTTP/1.1 Mozilla/5.0 (Windows NT 10.0; Win64; x64) AppleWebKit/537.36 (KHTML, like Gecko) Chrome/67.0.3396.99 Safari/537.36]
[2018-08-28T12:20:02.284] [INFO] default - [::1 GET /layui/lay/modules/form.js 304 1ms][http://localhost:3000/ HTTP/1.1 Mozilla/5.0 (Windows NT 10.0; Win64; x64) AppleWebKit/537.36 (KHTML, like Gecko) Chrome/67.0.3396.99 Safari/537.36]
[2018-08-28T12:20:02.291] [INFO] default - [::1 GET /layui/css/modules/layer/default/loading-2.gif 304 2ms][http://localhost:3000/layui/css/modules/layer/default/layer.css?v=3.1.1 HTTP/1.1 Mozilla/5.0 (Windows NT 10.0; Win64; x64) AppleWebKit/537.36 (KHTML, like Gecko) Chrome/67.0.3396.99 Safari/537.36]
[2018-08-28T12:20:02.299] [INFO] default - [::1 GET /javascript/index1.js?_=1535430002268 200 1ms][http://localhost:3000/ HTTP/1.1 Mozilla/5.0 (Windows NT 10.0; Win64; x64) AppleWebKit/537.36 (KHTML, like Gecko) Chrome/67.0.3396.99 Safari/537.36]
[2018-08-28T12:20:02.304] [INFO] default - [::1 GET /javascript/order.js?_=1535430002269 200 1ms][http://localhost:3000/ HTTP/1.1 Mozilla/5.0 (Windows NT 10.0; Win64; x64) AppleWebKit/537.36 (KHTML, like Gecko) Chrome/67.0.3396.99 Safari/537.36]
[2018-08-28T12:20:02.309] [INFO] default - [::1 GET /javascript/sales.js?_=1535430002270 200 1ms][http://localhost:3000/ HTTP/1.1 Mozilla/5.0 (Windows NT 10.0; Win64; x64) AppleWebKit/537.36 (KHTML, like Gecko) Chrome/67.0.3396.99 Safari/537.36]
[2018-08-28T12:20:02.314] [INFO] default - [::1 GET /javascript/pullSignal.js?_=1535430002271 200 0ms][http://localhost:3000/ HTTP/1.1 Mozilla/5.0 (Windows NT 10.0; Win64; x64) AppleWebKit/537.36 (KHTML, like Gecko) Chrome/67.0.3396.99 Safari/537.36]
[2018-08-28T12:20:02.319] [INFO] default - [::1 GET /javascript/addApplicationGoods.js?_=1535430002272 200 1ms][http://localhost:3000/ HTTP/1.1 Mozilla/5.0 (Windows NT 10.0; Win64; x64) AppleWebKit/537.36 (KHTML, like Gecko) Chrome/67.0.3396.99 Safari/537.36]
[2018-08-28T12:20:02.324] [INFO] default - [::1 GET /javascript/addReturnRequest.js?_=1535430002273 200 1ms][http://localhost:3000/ HTTP/1.1 Mozilla/5.0 (Windows NT 10.0; Win64; x64) AppleWebKit/537.36 (KHTML, like Gecko) Chrome/67.0.3396.99 Safari/537.36]
[2018-08-28T12:20:02.328] [INFO] default - [::1 GET /javascript/requireGoodsList.js?_=1535430002274 200 0ms][http://localhost:3000/ HTTP/1.1 Mozilla/5.0 (Windows NT 10.0; Win64; x64) AppleWebKit/537.36 (KHTML, like Gecko) Chrome/67.0.3396.99 Safari/537.36]
[2018-08-28T12:20:02.333] [INFO] default - [::1 GET /javascript/tuihuo_requireGoodsList.js?_=1535430002275 200 1ms][http://localhost:3000/ HTTP/1.1 Mozilla/5.0 (Windows NT 10.0; Win64; x64) AppleWebKit/537.36 (KHTML, like Gecko) Chrome/67.0.3396.99 Safari/537.36]
[2018-08-28T12:20:02.338] [INFO] default - [::1 GET /javascript/saleslist.js?_=1535430002276 200 1ms][http://localhost:3000/ HTTP/1.1 Mozilla/5.0 (Windows NT 10.0; Win64; x64) AppleWebKit/537.36 (KHTML, like Gecko) Chrome/67.0.3396.99 Safari/537.36]
[2018-08-28T12:20:02.343] [INFO] default - [::1 GET /javascript/saleslist_goods.js?_=1535430002277 200 0ms][http://localhost:3000/ HTTP/1.1 Mozilla/5.0 (Windows NT 10.0; Win64; x64) AppleWebKit/537.36 (KHTML, like Gecko) Chrome/67.0.3396.99 Safari/537.36]
[2018-08-28T12:20:02.348] [INFO] default - [::1 GET /javascript/productList.js?_=1535430002278 200 0ms][http://localhost:3000/ HTTP/1.1 Mozilla/5.0 (Windows NT 10.0; Win64; x64) AppleWebKit/537.36 (KHTML, like Gecko) Chrome/67.0.3396.99 Safari/537.36]
[2018-08-28T12:20:02.353] [INFO] default - [::1 GET /javascript/selectCustomer.js?_=1535430002279 200 1ms][http://localhost:3000/ HTTP/1.1 Mozilla/5.0 (Windows NT 10.0; Win64; x64) AppleWebKit/537.36 (KHTML, like Gecko) Chrome/67.0.3396.99 Safari/537.36]
[2018-08-28T12:20:02.359] [INFO] default - [::1 GET /javascript/productDetail.js?_=1535430002280 200 1ms][http://localhost:3000/ HTTP/1.1 Mozilla/5.0 (Windows NT 10.0; Win64; x64) AppleWebKit/537.36 (KHTML, like Gecko) Chrome/67.0.3396.99 Safari/537.36]
[2018-08-28T12:20:02.363] [INFO] default - [::1 GET /javascript/tuihuo_productList.js?_=1535430002281 200 1ms][http://localhost:3000/ HTTP/1.1 Mozilla/5.0 (Windows NT 10.0; Win64; x64) AppleWebKit/537.36 (KHTML, like Gecko) Chrome/67.0.3396.99 Safari/537.36]
[2018-08-28T12:20:02.368] [INFO] default - [::1 GET /javascript/tuihuo_saleslist_goods.js?_=1535430002282 200 1ms][http://localhost:3000/ HTTP/1.1 Mozilla/5.0 (Windows NT 10.0; Win64; x64) AppleWebKit/537.36 (KHTML, like Gecko) Chrome/67.0.3396.99 Safari/537.36]
[2018-08-28T12:20:02.373] [INFO] default - [::1 GET /javascript/tuihuo_selectcustomer.js?_=1535430002283 200 1ms][http://localhost:3000/ HTTP/1.1 Mozilla/5.0 (Windows NT 10.0; Win64; x64) AppleWebKit/537.36 (KHTML, like Gecko) Chrome/67.0.3396.99 Safari/537.36]
[2018-08-28T12:20:02.376] [INFO] default - [::1 GET /javascript/tuihuo_salelist.js?_=1535430002284 200 0ms][http://localhost:3000/ HTTP/1.1 Mozilla/5.0 (Windows NT 10.0; Win64; x64) AppleWebKit/537.36 (KHTML, like Gecko) Chrome/67.0.3396.99 Safari/537.36]
[2018-08-28T12:20:02.380] [INFO] default - [::1 GET /javascript/addApplicationGoods_detail.js?_=1535430002285 200 1ms][http://localhost:3000/ HTTP/1.1 Mozilla/5.0 (Windows NT 10.0; Win64; x64) AppleWebKit/537.36 (KHTML, like Gecko) Chrome/67.0.3396.99 Safari/537.36]
[2018-08-28T12:20:02.385] [INFO] default - [::1 GET /javascript/selectproductlist.js?_=1535430002286 200 1ms][http://localhost:3000/ HTTP/1.1 Mozilla/5.0 (Windows NT 10.0; Win64; x64) AppleWebKit/537.36 (KHTML, like Gecko) Chrome/67.0.3396.99 Safari/537.36]
[2018-08-28T12:20:02.388] [INFO] default - [::1 GET /layui/lay/modules/laytpl.js 304 0ms][http://localhost:3000/ HTTP/1.1 Mozilla/5.0 (Windows NT 10.0; Win64; x64) AppleWebKit/537.36 (KHTML, like Gecko) Chrome/67.0.3396.99 Safari/537.36]
[2018-08-28T12:20:02.403] [INFO] default - [::1 GET /layui/font/iconfont.woff?v=230 304 1ms][http://localhost:3000/layui/css/layui.css HTTP/1.1 Mozilla/5.0 (Windows NT 10.0; Win64; x64) AppleWebKit/537.36 (KHTML, like Gecko) Chrome/67.0.3396.99 Safari/537.36]
[2018-08-28T12:20:03.569] [INFO] default - [::1 POST /GetStockRequestsList 200 1175ms][http://localhost:3000/ HTTP/1.1 Mozilla/5.0 (Windows NT 10.0; Win64; x64) AppleWebKit/537.36 (KHTML, like Gecko) Chrome/67.0.3396.99 Safari/537.36]
[2018-08-28T12:20:22.261] [INFO] default - [::1 POST /GetStockRequestsList 200 784ms][http://localhost:3000/ HTTP/1.1 Mozilla/5.0 (Windows NT 10.0; Win64; x64) AppleWebKit/537.36 (KHTML, like Gecko) Chrome/67.0.3396.99 Safari/537.36]
[2018-08-28T12:20:47.239] [INFO] default - [::1 GET /layui/css/layui.css 304 2ms][http://localhost:3000/ HTTP/1.1 Mozilla/5.0 (Windows NT 10.0; Win64; x64) AppleWebKit/537.36 (KHTML, like Gecko) Chrome/67.0.3396.99 Safari/537.36]
[2018-08-28T12:20:47.240] [INFO] default - [::1 GET /ydui/css/ydui.css 304 2ms][http://localhost:3000/ HTTP/1.1 Mozilla/5.0 (Windows NT 10.0; Win64; x64) AppleWebKit/537.36 (KHTML, like Gecko) Chrome/67.0.3396.99 Safari/537.36]
[2018-08-28T12:20:47.242] [INFO] default - [::1 GET /jquery-weui/dist/lib/weui.min.css 304 1ms][http://localhost:3000/ HTTP/1.1 Mozilla/5.0 (Windows NT 10.0; Win64; x64) AppleWebKit/537.36 (KHTML, like Gecko) Chrome/67.0.3396.99 Safari/537.36]
[2018-08-28T12:20:47.243] [INFO] default - [::1 GET /css/order.css 304 1ms][http://localhost:3000/ HTTP/1.1 Mozilla/5.0 (Windows NT 10.0; Win64; x64) AppleWebKit/537.36 (KHTML, like Gecko) Chrome/67.0.3396.99 Safari/537.36]
[2018-08-28T12:20:47.244] [INFO] default - [::1 GET /layui/css/modules/layer/default/layer.css?v=3.1.1 304 3ms][http://localhost:3000/ HTTP/1.1 Mozilla/5.0 (Windows NT 10.0; Win64; x64) AppleWebKit/537.36 (KHTML, like Gecko) Chrome/67.0.3396.99 Safari/537.36]
[2018-08-28T12:21:30.920] [INFO] default - [::1 GET / 304 13ms][http://localhost:3000/ HTTP/1.1 Mozilla/5.0 (iPhone; CPU iPhone OS 11_0 like Mac OS X) AppleWebKit/604.1.38 (KHTML, like Gecko) Version/11.0 Mobile/15A372 Safari/604.1]
[2018-08-28T12:21:30.931] [INFO] default - [::1 GET /layui/css/layui.css 304 0ms][http://localhost:3000/ HTTP/1.1 Mozilla/5.0 (iPhone; CPU iPhone OS 11_0 like Mac OS X) AppleWebKit/604.1.38 (KHTML, like Gecko) Version/11.0 Mobile/15A372 Safari/604.1]
[2018-08-28T12:21:30.935] [INFO] default - [::1 GET /ydui/css/ydui.css 304 3ms][http://localhost:3000/ HTTP/1.1 Mozilla/5.0 (iPhone; CPU iPhone OS 11_0 like Mac OS X) AppleWebKit/604.1.38 (KHTML, like Gecko) Version/11.0 Mobile/15A372 Safari/604.1]
[2018-08-28T12:21:30.937] [INFO] default - [::1 GET /jquery-weui/dist/lib/weui.min.css 304 3ms][http://localhost:3000/ HTTP/1.1 Mozilla/5.0 (iPhone; CPU iPhone OS 11_0 like Mac OS X) AppleWebKit/604.1.38 (KHTML, like Gecko) Version/11.0 Mobile/15A372 Safari/604.1]
[2018-08-28T12:21:30.938] [INFO] default - [::1 GET /css/order.css 304 4ms][http://localhost:3000/ HTTP/1.1 Mozilla/5.0 (iPhone; CPU iPhone OS 11_0 like Mac OS X) AppleWebKit/604.1.38 (KHTML, like Gecko) Version/11.0 Mobile/15A372 Safari/604.1]
[2018-08-28T12:21:30.938] [INFO] default - [::1 GET /ydui/js/ydui.flexible.js 304 5ms][http://localhost:3000/ HTTP/1.1 Mozilla/5.0 (iPhone; CPU iPhone OS 11_0 like Mac OS X) AppleWebKit/604.1.38 (KHTML, like Gecko) Version/11.0 Mobile/15A372 Safari/604.1]
[2018-08-28T12:21:30.946] [INFO] default - [::1 GET /layui/layui.js 304 12ms][http://localhost:3000/ HTTP/1.1 Mozilla/5.0 (iPhone; CPU iPhone OS 11_0 like Mac OS X) AppleWebKit/604.1.38 (KHTML, like Gecko) Version/11.0 Mobile/15A372 Safari/604.1]
[2018-08-28T12:21:30.947] [INFO] default - [::1 GET /jquery/jquery.min.js 304 13ms][http://localhost:3000/ HTTP/1.1 Mozilla/5.0 (iPhone; CPU iPhone OS 11_0 like Mac OS X) AppleWebKit/604.1.38 (KHTML, like Gecko) Version/11.0 Mobile/15A372 Safari/604.1]
[2018-08-28T12:21:30.954] [INFO] default - [::1 GET /jquery-weui/dist/js/jquery-weui.min.js 304 5ms][http://localhost:3000/ HTTP/1.1 Mozilla/5.0 (iPhone; CPU iPhone OS 11_0 like Mac OS X) AppleWebKit/604.1.38 (KHTML, like Gecko) Version/11.0 Mobile/15A372 Safari/604.1]
[2018-08-28T12:21:30.956] [INFO] default - [::1 GET /javascript/function.js 304 7ms][http://localhost:3000/ HTTP/1.1 Mozilla/5.0 (iPhone; CPU iPhone OS 11_0 like Mac OS X) AppleWebKit/604.1.38 (KHTML, like Gecko) Version/11.0 Mobile/15A372 Safari/604.1]
[2018-08-28T12:21:30.995] [INFO] default - [::1 GET /layui/lay/modules/layer.js 304 1ms][http://localhost:3000/ HTTP/1.1 Mozilla/5.0 (iPhone; CPU iPhone OS 11_0 like Mac OS X) AppleWebKit/604.1.38 (KHTML, like Gecko) Version/11.0 Mobile/15A372 Safari/604.1]
[2018-08-28T12:21:31.001] [INFO] default - [::1 GET /layui/css/modules/layer/default/layer.css?v=3.1.1 304 1ms][http://localhost:3000/ HTTP/1.1 Mozilla/5.0 (iPhone; CPU iPhone OS 11_0 like Mac OS X) AppleWebKit/604.1.38 (KHTML, like Gecko) Version/11.0 Mobile/15A372 Safari/604.1]
[2018-08-28T12:21:31.002] [INFO] default - [::1 GET /layui/lay/modules/form.js 304 1ms][http://localhost:3000/ HTTP/1.1 Mozilla/5.0 (iPhone; CPU iPhone OS 11_0 like Mac OS X) AppleWebKit/604.1.38 (KHTML, like Gecko) Version/11.0 Mobile/15A372 Safari/604.1]
[2018-08-28T12:21:31.009] [INFO] default - [::1 GET /layui/css/modules/layer/default/loading-2.gif 304 1ms][http://localhost:3000/layui/css/modules/layer/default/layer.css?v=3.1.1 HTTP/1.1 Mozilla/5.0 (iPhone; CPU iPhone OS 11_0 like Mac OS X) AppleWebKit/604.1.38 (KHTML, like Gecko) Version/11.0 Mobile/15A372 Safari/604.1]
[2018-08-28T12:21:31.016] [INFO] default - [::1 GET /javascript/index1.js?_=1535430090980 200 1ms][http://localhost:3000/ HTTP/1.1 Mozilla/5.0 (iPhone; CPU iPhone OS 11_0 like Mac OS X) AppleWebKit/604.1.38 (KHTML, like Gecko) Version/11.0 Mobile/15A372 Safari/604.1]
[2018-08-28T12:21:31.024] [INFO] default - [::1 GET /javascript/order.js?_=1535430090981 200 1ms][http://localhost:3000/ HTTP/1.1 Mozilla/5.0 (iPhone; CPU iPhone OS 11_0 like Mac OS X) AppleWebKit/604.1.38 (KHTML, like Gecko) Version/11.0 Mobile/15A372 Safari/604.1]
[2018-08-28T12:21:31.029] [INFO] default - [::1 GET /javascript/sales.js?_=1535430090982 200 1ms][http://localhost:3000/ HTTP/1.1 Mozilla/5.0 (iPhone; CPU iPhone OS 11_0 like Mac OS X) AppleWebKit/604.1.38 (KHTML, like Gecko) Version/11.0 Mobile/15A372 Safari/604.1]
[2018-08-28T12:21:31.036] [INFO] default - [::1 GET /javascript/pullSignal.js?_=1535430090983 200 1ms][http://localhost:3000/ HTTP/1.1 Mozilla/5.0 (iPhone; CPU iPhone OS 11_0 like Mac OS X) AppleWebKit/604.1.38 (KHTML, like Gecko) Version/11.0 Mobile/15A372 Safari/604.1]
[2018-08-28T12:21:31.041] [INFO] default - [::1 GET /javascript/addApplicationGoods.js?_=1535430090984 200 1ms][http://localhost:3000/ HTTP/1.1 Mozilla/5.0 (iPhone; CPU iPhone OS 11_0 like Mac OS X) AppleWebKit/604.1.38 (KHTML, like Gecko) Version/11.0 Mobile/15A372 Safari/604.1]
[2018-08-28T12:21:31.047] [INFO] default - [::1 GET /javascript/addReturnRequest.js?_=1535430090985 200 1ms][http://localhost:3000/ HTTP/1.1 Mozilla/5.0 (iPhone; CPU iPhone OS 11_0 like Mac OS X) AppleWebKit/604.1.38 (KHTML, like Gecko) Version/11.0 Mobile/15A372 Safari/604.1]
[2018-08-28T12:21:31.052] [INFO] default - [::1 GET /javascript/requireGoodsList.js?_=1535430090986 200 0ms][http://localhost:3000/ HTTP/1.1 Mozilla/5.0 (iPhone; CPU iPhone OS 11_0 like Mac OS X) AppleWebKit/604.1.38 (KHTML, like Gecko) Version/11.0 Mobile/15A372 Safari/604.1]
[2018-08-28T12:21:31.057] [INFO] default - [::1 GET /javascript/tuihuo_requireGoodsList.js?_=1535430090987 200 1ms][http://localhost:3000/ HTTP/1.1 Mozilla/5.0 (iPhone; CPU iPhone OS 11_0 like Mac OS X) AppleWebKit/604.1.38 (KHTML, like Gecko) Version/11.0 Mobile/15A372 Safari/604.1]
[2018-08-28T12:21:31.062] [INFO] default - [::1 GET /javascript/saleslist.js?_=1535430090988 200 1ms][http://localhost:3000/ HTTP/1.1 Mozilla/5.0 (iPhone; CPU iPhone OS 11_0 like Mac OS X) AppleWebKit/604.1.38 (KHTML, like Gecko) Version/11.0 Mobile/15A372 Safari/604.1]
[2018-08-28T12:21:31.067] [INFO] default - [::1 GET /javascript/saleslist_goods.js?_=1535430090989 200 1ms][http://localhost:3000/ HTTP/1.1 Mozilla/5.0 (iPhone; CPU iPhone OS 11_0 like Mac OS X) AppleWebKit/604.1.38 (KHTML, like Gecko) Version/11.0 Mobile/15A372 Safari/604.1]
[2018-08-28T12:21:31.073] [INFO] default - [::1 GET /javascript/productList.js?_=1535430090990 200 1ms][http://localhost:3000/ HTTP/1.1 Mozilla/5.0 (iPhone; CPU iPhone OS 11_0 like Mac OS X) AppleWebKit/604.1.38 (KHTML, like Gecko) Version/11.0 Mobile/15A372 Safari/604.1]
[2018-08-28T12:21:31.079] [INFO] default - [::1 GET /javascript/selectCustomer.js?_=1535430090991 200 1ms][http://localhost:3000/ HTTP/1.1 Mozilla/5.0 (iPhone; CPU iPhone OS 11_0 like Mac OS X) AppleWebKit/604.1.38 (KHTML, like Gecko) Version/11.0 Mobile/15A372 Safari/604.1]
[2018-08-28T12:21:31.085] [INFO] default - [::1 GET /javascript/productDetail.js?_=1535430090992 200 1ms][http://localhost:3000/ HTTP/1.1 Mozilla/5.0 (iPhone; CPU iPhone OS 11_0 like Mac OS X) AppleWebKit/604.1.38 (KHTML, like Gecko) Version/11.0 Mobile/15A372 Safari/604.1]
[2018-08-28T12:21:31.090] [INFO] default - [::1 GET /javascript/tuihuo_productList.js?_=1535430090993 200 1ms][http://localhost:3000/ HTTP/1.1 Mozilla/5.0 (iPhone; CPU iPhone OS 11_0 like Mac OS X) AppleWebKit/604.1.38 (KHTML, like Gecko) Version/11.0 Mobile/15A372 Safari/604.1]
[2018-08-28T12:21:31.094] [INFO] default - [::1 GET /javascript/tuihuo_saleslist_goods.js?_=1535430090994 200 1ms][http://localhost:3000/ HTTP/1.1 Mozilla/5.0 (iPhone; CPU iPhone OS 11_0 like Mac OS X) AppleWebKit/604.1.38 (KHTML, like Gecko) Version/11.0 Mobile/15A372 Safari/604.1]
[2018-08-28T12:21:31.099] [INFO] default - [::1 GET /javascript/tuihuo_selectcustomer.js?_=1535430090995 200 1ms][http://localhost:3000/ HTTP/1.1 Mozilla/5.0 (iPhone; CPU iPhone OS 11_0 like Mac OS X) AppleWebKit/604.1.38 (KHTML, like Gecko) Version/11.0 Mobile/15A372 Safari/604.1]
[2018-08-28T12:21:31.107] [INFO] default - [::1 GET /javascript/tuihuo_salelist.js?_=1535430090996 200 2ms][http://localhost:3000/ HTTP/1.1 Mozilla/5.0 (iPhone; CPU iPhone OS 11_0 like Mac OS X) AppleWebKit/604.1.38 (KHTML, like Gecko) Version/11.0 Mobile/15A372 Safari/604.1]
[2018-08-28T12:21:31.112] [INFO] default - [::1 GET /javascript/addApplicationGoods_detail.js?_=1535430090997 200 2ms][http://localhost:3000/ HTTP/1.1 Mozilla/5.0 (iPhone; CPU iPhone OS 11_0 like Mac OS X) AppleWebKit/604.1.38 (KHTML, like Gecko) Version/11.0 Mobile/15A372 Safari/604.1]
[2018-08-28T12:21:31.116] [INFO] default - [::1 GET /javascript/selectproductlist.js?_=1535430090998 200 1ms][http://localhost:3000/ HTTP/1.1 Mozilla/5.0 (iPhone; CPU iPhone OS 11_0 like Mac OS X) AppleWebKit/604.1.38 (KHTML, like Gecko) Version/11.0 Mobile/15A372 Safari/604.1]
[2018-08-28T12:21:31.119] [INFO] default - [::1 GET /layui/lay/modules/laytpl.js 304 0ms][http://localhost:3000/ HTTP/1.1 Mozilla/5.0 (iPhone; CPU iPhone OS 11_0 like Mac OS X) AppleWebKit/604.1.38 (KHTML, like Gecko) Version/11.0 Mobile/15A372 Safari/604.1]
[2018-08-28T12:21:31.130] [INFO] default - [::1 GET /layui/font/iconfont.woff?v=230 304 0ms][http://localhost:3000/layui/css/layui.css HTTP/1.1 Mozilla/5.0 (iPhone; CPU iPhone OS 11_0 like Mac OS X) AppleWebKit/604.1.38 (KHTML, like Gecko) Version/11.0 Mobile/15A372 Safari/604.1]
[2018-08-28T12:21:32.436] [INFO] default - [::1 POST /GetStockRequestsList 200 1310ms][http://localhost:3000/ HTTP/1.1 Mozilla/5.0 (iPhone; CPU iPhone OS 11_0 like Mac OS X) AppleWebKit/604.1.38 (KHTML, like Gecko) Version/11.0 Mobile/15A372 Safari/604.1]
[2018-08-28T12:21:39.140] [INFO] default - [::1 POST /GetStockRequestsList 200 1979ms][http://localhost:3000/ HTTP/1.1 Mozilla/5.0 (iPhone; CPU iPhone OS 11_0 like Mac OS X) AppleWebKit/604.1.38 (KHTML, like Gecko) Version/11.0 Mobile/15A372 Safari/604.1]
[2018-08-28T12:21:46.147] [INFO] default - [::1 POST /GetStockRequestsList 200 916ms][http://localhost:3000/ HTTP/1.1 Mozilla/5.0 (iPhone; CPU iPhone OS 11_0 like Mac OS X) AppleWebKit/604.1.38 (KHTML, like Gecko) Version/11.0 Mobile/15A372 Safari/604.1]
[2018-08-28T12:22:39.804] [INFO] default - [::1 GET / 304 9ms][http://localhost:3000/ HTTP/1.1 Mozilla/5.0 (iPhone; CPU iPhone OS 11_0 like Mac OS X) AppleWebKit/604.1.38 (KHTML, like Gecko) Version/11.0 Mobile/15A372 Safari/604.1]
[2018-08-28T12:22:39.817] [INFO] default - [::1 GET /layui/css/layui.css 304 0ms][http://localhost:3000/ HTTP/1.1 Mozilla/5.0 (iPhone; CPU iPhone OS 11_0 like Mac OS X) AppleWebKit/604.1.38 (KHTML, like Gecko) Version/11.0 Mobile/15A372 Safari/604.1]
[2018-08-28T12:22:39.821] [INFO] default - [::1 GET /ydui/css/ydui.css 304 2ms][http://localhost:3000/ HTTP/1.1 Mozilla/5.0 (iPhone; CPU iPhone OS 11_0 like Mac OS X) AppleWebKit/604.1.38 (KHTML, like Gecko) Version/11.0 Mobile/15A372 Safari/604.1]
[2018-08-28T12:22:39.823] [INFO] default - [::1 GET /jquery-weui/dist/lib/weui.min.css 304 3ms][http://localhost:3000/ HTTP/1.1 Mozilla/5.0 (iPhone; CPU iPhone OS 11_0 like Mac OS X) AppleWebKit/604.1.38 (KHTML, like Gecko) Version/11.0 Mobile/15A372 Safari/604.1]
[2018-08-28T12:22:39.824] [INFO] default - [::1 GET /css/order.css 304 4ms][http://localhost:3000/ HTTP/1.1 Mozilla/5.0 (iPhone; CPU iPhone OS 11_0 like Mac OS X) AppleWebKit/604.1.38 (KHTML, like Gecko) Version/11.0 Mobile/15A372 Safari/604.1]
[2018-08-28T12:22:39.825] [INFO] default - [::1 GET /ydui/js/ydui.flexible.js 304 5ms][http://localhost:3000/ HTTP/1.1 Mozilla/5.0 (iPhone; CPU iPhone OS 11_0 like Mac OS X) AppleWebKit/604.1.38 (KHTML, like Gecko) Version/11.0 Mobile/15A372 Safari/604.1]
[2018-08-28T12:22:39.827] [INFO] default - [::1 GET /layui/layui.js 304 5ms][http://localhost:3000/ HTTP/1.1 Mozilla/5.0 (iPhone; CPU iPhone OS 11_0 like Mac OS X) AppleWebKit/604.1.38 (KHTML, like Gecko) Version/11.0 Mobile/15A372 Safari/604.1]
[2018-08-28T12:22:39.828] [INFO] default - [::1 GET /jquery/jquery.min.js 304 6ms][http://localhost:3000/ HTTP/1.1 Mozilla/5.0 (iPhone; CPU iPhone OS 11_0 like Mac OS X) AppleWebKit/604.1.38 (KHTML, like Gecko) Version/11.0 Mobile/15A372 Safari/604.1]
[2018-08-28T12:22:39.844] [INFO] default - [::1 GET /jquery-weui/dist/js/jquery-weui.min.js 304 18ms][http://localhost:3000/ HTTP/1.1 Mozilla/5.0 (iPhone; CPU iPhone OS 11_0 like Mac OS X) AppleWebKit/604.1.38 (KHTML, like Gecko) Version/11.0 Mobile/15A372 Safari/604.1]
[2018-08-28T12:22:39.845] [INFO] default - [::1 GET /javascript/function.js 304 18ms][http://localhost:3000/ HTTP/1.1 Mozilla/5.0 (iPhone; CPU iPhone OS 11_0 like Mac OS X) AppleWebKit/604.1.38 (KHTML, like Gecko) Version/11.0 Mobile/15A372 Safari/604.1]
[2018-08-28T12:22:39.882] [INFO] default - [::1 GET /layui/lay/modules/layer.js 304 1ms][http://localhost:3000/ HTTP/1.1 Mozilla/5.0 (iPhone; CPU iPhone OS 11_0 like Mac OS X) AppleWebKit/604.1.38 (KHTML, like Gecko) Version/11.0 Mobile/15A372 Safari/604.1]
[2018-08-28T12:22:39.889] [INFO] default - [::1 GET /layui/css/modules/layer/default/layer.css?v=3.1.1 304 1ms][http://localhost:3000/ HTTP/1.1 Mozilla/5.0 (iPhone; CPU iPhone OS 11_0 like Mac OS X) AppleWebKit/604.1.38 (KHTML, like Gecko) Version/11.0 Mobile/15A372 Safari/604.1]
[2018-08-28T12:22:39.889] [INFO] default - [::1 GET /layui/lay/modules/form.js 304 1ms][http://localhost:3000/ HTTP/1.1 Mozilla/5.0 (iPhone; CPU iPhone OS 11_0 like Mac OS X) AppleWebKit/604.1.38 (KHTML, like Gecko) Version/11.0 Mobile/15A372 Safari/604.1]
[2018-08-28T12:22:39.898] [INFO] default - [::1 GET /layui/css/modules/layer/default/loading-2.gif 304 1ms][http://localhost:3000/layui/css/modules/layer/default/layer.css?v=3.1.1 HTTP/1.1 Mozilla/5.0 (iPhone; CPU iPhone OS 11_0 like Mac OS X) AppleWebKit/604.1.38 (KHTML, like Gecko) Version/11.0 Mobile/15A372 Safari/604.1]
[2018-08-28T12:22:39.905] [INFO] default - [::1 GET /javascript/index1.js?_=1535430159860 200 1ms][http://localhost:3000/ HTTP/1.1 Mozilla/5.0 (iPhone; CPU iPhone OS 11_0 like Mac OS X) AppleWebKit/604.1.38 (KHTML, like Gecko) Version/11.0 Mobile/15A372 Safari/604.1]
[2018-08-28T12:22:39.910] [INFO] default - [::1 GET /javascript/order.js?_=1535430159861 200 1ms][http://localhost:3000/ HTTP/1.1 Mozilla/5.0 (iPhone; CPU iPhone OS 11_0 like Mac OS X) AppleWebKit/604.1.38 (KHTML, like Gecko) Version/11.0 Mobile/15A372 Safari/604.1]
[2018-08-28T12:22:39.917] [INFO] default - [::1 GET /javascript/sales.js?_=1535430159862 200 1ms][http://localhost:3000/ HTTP/1.1 Mozilla/5.0 (iPhone; CPU iPhone OS 11_0 like Mac OS X) AppleWebKit/604.1.38 (KHTML, like Gecko) Version/11.0 Mobile/15A372 Safari/604.1]
[2018-08-28T12:22:39.922] [INFO] default - [::1 GET /javascript/pullSignal.js?_=1535430159863 200 1ms][http://localhost:3000/ HTTP/1.1 Mozilla/5.0 (iPhone; CPU iPhone OS 11_0 like Mac OS X) AppleWebKit/604.1.38 (KHTML, like Gecko) Version/11.0 Mobile/15A372 Safari/604.1]
[2018-08-28T12:22:39.928] [INFO] default - [::1 GET /javascript/addApplicationGoods.js?_=1535430159864 200 1ms][http://localhost:3000/ HTTP/1.1 Mozilla/5.0 (iPhone; CPU iPhone OS 11_0 like Mac OS X) AppleWebKit/604.1.38 (KHTML, like Gecko) Version/11.0 Mobile/15A372 Safari/604.1]
[2018-08-28T12:22:39.933] [INFO] default - [::1 GET /javascript/addReturnRequest.js?_=1535430159865 200 1ms][http://localhost:3000/ HTTP/1.1 Mozilla/5.0 (iPhone; CPU iPhone OS 11_0 like Mac OS X) AppleWebKit/604.1.38 (KHTML, like Gecko) Version/11.0 Mobile/15A372 Safari/604.1]
[2018-08-28T12:22:39.939] [INFO] default - [::1 GET /javascript/requireGoodsList.js?_=1535430159866 200 1ms][http://localhost:3000/ HTTP/1.1 Mozilla/5.0 (iPhone; CPU iPhone OS 11_0 like Mac OS X) AppleWebKit/604.1.38 (KHTML, like Gecko) Version/11.0 Mobile/15A372 Safari/604.1]
[2018-08-28T12:22:39.943] [INFO] default - [::1 GET /javascript/tuihuo_requireGoodsList.js?_=1535430159867 200 0ms][http://localhost:3000/ HTTP/1.1 Mozilla/5.0 (iPhone; CPU iPhone OS 11_0 like Mac OS X) AppleWebKit/604.1.38 (KHTML, like Gecko) Version/11.0 Mobile/15A372 Safari/604.1]
[2018-08-28T12:22:39.948] [INFO] default - [::1 GET /javascript/saleslist.js?_=1535430159868 200 0ms][http://localhost:3000/ HTTP/1.1 Mozilla/5.0 (iPhone; CPU iPhone OS 11_0 like Mac OS X) AppleWebKit/604.1.38 (KHTML, like Gecko) Version/11.0 Mobile/15A372 Safari/604.1]
[2018-08-28T12:22:39.953] [INFO] default - [::1 GET /javascript/saleslist_goods.js?_=1535430159869 200 1ms][http://localhost:3000/ HTTP/1.1 Mozilla/5.0 (iPhone; CPU iPhone OS 11_0 like Mac OS X) AppleWebKit/604.1.38 (KHTML, like Gecko) Version/11.0 Mobile/15A372 Safari/604.1]
[2018-08-28T12:22:39.958] [INFO] default - [::1 GET /javascript/productList.js?_=1535430159870 200 1ms][http://localhost:3000/ HTTP/1.1 Mozilla/5.0 (iPhone; CPU iPhone OS 11_0 like Mac OS X) AppleWebKit/604.1.38 (KHTML, like Gecko) Version/11.0 Mobile/15A372 Safari/604.1]
[2018-08-28T12:22:39.964] [INFO] default - [::1 GET /javascript/selectCustomer.js?_=1535430159871 200 1ms][http://localhost:3000/ HTTP/1.1 Mozilla/5.0 (iPhone; CPU iPhone OS 11_0 like Mac OS X) AppleWebKit/604.1.38 (KHTML, like Gecko) Version/11.0 Mobile/15A372 Safari/604.1]
[2018-08-28T12:22:39.970] [INFO] default - [::1 GET /javascript/productDetail.js?_=1535430159872 200 1ms][http://localhost:3000/ HTTP/1.1 Mozilla/5.0 (iPhone; CPU iPhone OS 11_0 like Mac OS X) AppleWebKit/604.1.38 (KHTML, like Gecko) Version/11.0 Mobile/15A372 Safari/604.1]
[2018-08-28T12:22:39.975] [INFO] default - [::1 GET /javascript/tuihuo_productList.js?_=1535430159873 200 2ms][http://localhost:3000/ HTTP/1.1 Mozilla/5.0 (iPhone; CPU iPhone OS 11_0 like Mac OS X) AppleWebKit/604.1.38 (KHTML, like Gecko) Version/11.0 Mobile/15A372 Safari/604.1]
[2018-08-28T12:22:39.979] [INFO] default - [::1 GET /javascript/tuihuo_saleslist_goods.js?_=1535430159874 200 1ms][http://localhost:3000/ HTTP/1.1 Mozilla/5.0 (iPhone; CPU iPhone OS 11_0 like Mac OS X) AppleWebKit/604.1.38 (KHTML, like Gecko) Version/11.0 Mobile/15A372 Safari/604.1]
[2018-08-28T12:22:39.984] [INFO] default - [::1 GET /javascript/tuihuo_selectcustomer.js?_=1535430159875 200 1ms][http://localhost:3000/ HTTP/1.1 Mozilla/5.0 (iPhone; CPU iPhone OS 11_0 like Mac OS X) AppleWebKit/604.1.38 (KHTML, like Gecko) Version/11.0 Mobile/15A372 Safari/604.1]
[2018-08-28T12:22:39.992] [INFO] default - [::1 GET /javascript/tuihuo_salelist.js?_=1535430159876 200 2ms][http://localhost:3000/ HTTP/1.1 Mozilla/5.0 (iPhone; CPU iPhone OS 11_0 like Mac OS X) AppleWebKit/604.1.38 (KHTML, like Gecko) Version/11.0 Mobile/15A372 Safari/604.1]
[2018-08-28T12:22:39.996] [INFO] default - [::1 GET /javascript/addApplicationGoods_detail.js?_=1535430159877 200 1ms][http://localhost:3000/ HTTP/1.1 Mozilla/5.0 (iPhone; CPU iPhone OS 11_0 like Mac OS X) AppleWebKit/604.1.38 (KHTML, like Gecko) Version/11.0 Mobile/15A372 Safari/604.1]
[2018-08-28T12:22:40.000] [INFO] default - [::1 GET /javascript/selectproductlist.js?_=1535430159878 200 1ms][http://localhost:3000/ HTTP/1.1 Mozilla/5.0 (iPhone; CPU iPhone OS 11_0 like Mac OS X) AppleWebKit/604.1.38 (KHTML, like Gecko) Version/11.0 Mobile/15A372 Safari/604.1]
[2018-08-28T12:22:40.003] [INFO] default - [::1 GET /layui/lay/modules/laytpl.js 304 0ms][http://localhost:3000/ HTTP/1.1 Mozilla/5.0 (iPhone; CPU iPhone OS 11_0 like Mac OS X) AppleWebKit/604.1.38 (KHTML, like Gecko) Version/11.0 Mobile/15A372 Safari/604.1]
[2018-08-28T12:22:40.026] [INFO] default - [::1 GET /layui/font/iconfont.woff?v=230 304 0ms][http://localhost:3000/layui/css/layui.css HTTP/1.1 Mozilla/5.0 (iPhone; CPU iPhone OS 11_0 like Mac OS X) AppleWebKit/604.1.38 (KHTML, like Gecko) Version/11.0 Mobile/15A372 Safari/604.1]
[2018-08-28T12:22:41.631] [INFO] default - [::1 POST /GetStockRequestsList 200 1620ms][http://localhost:3000/ HTTP/1.1 Mozilla/5.0 (iPhone; CPU iPhone OS 11_0 like Mac OS X) AppleWebKit/604.1.38 (KHTML, like Gecko) Version/11.0 Mobile/15A372 Safari/604.1]
[2018-08-28T12:22:48.808] [INFO] default - [::1 POST /GetStockRequestsList 200 946ms][http://localhost:3000/ HTTP/1.1 Mozilla/5.0 (iPhone; CPU iPhone OS 11_0 like Mac OS X) AppleWebKit/604.1.38 (KHTML, like Gecko) Version/11.0 Mobile/15A372 Safari/604.1]
[2018-08-28T12:22:52.417] [INFO] default - [::1 POST /GetStockRequestsList 200 953ms][http://localhost:3000/ HTTP/1.1 Mozilla/5.0 (iPhone; CPU iPhone OS 11_0 like Mac OS X) AppleWebKit/604.1.38 (KHTML, like Gecko) Version/11.0 Mobile/15A372 Safari/604.1]
[2018-08-28T12:22:56.292] [INFO] default - [::1 POST /GetStockRequestsList 200 1373ms][http://localhost:3000/ HTTP/1.1 Mozilla/5.0 (iPhone; CPU iPhone OS 11_0 like Mac OS X) AppleWebKit/604.1.38 (KHTML, like Gecko) Version/11.0 Mobile/15A372 Safari/604.1]
[2018-08-28T12:22:59.774] [INFO] default - [::1 POST /GetStockRequestsList 200 1235ms][http://localhost:3000/ HTTP/1.1 Mozilla/5.0 (iPhone; CPU iPhone OS 11_0 like Mac OS X) AppleWebKit/604.1.38 (KHTML, like Gecko) Version/11.0 Mobile/15A372 Safari/604.1]
[2018-08-28T12:23:02.518] [INFO] default - [::1 POST /GetStockRequestsList 200 1074ms][http://localhost:3000/ HTTP/1.1 Mozilla/5.0 (iPhone; CPU iPhone OS 11_0 like Mac OS X) AppleWebKit/604.1.38 (KHTML, like Gecko) Version/11.0 Mobile/15A372 Safari/604.1]
[2018-08-28T12:23:05.997] [INFO] default - [::1 POST /GetStockRequestsList 200 1115ms][http://localhost:3000/ HTTP/1.1 Mozilla/5.0 (iPhone; CPU iPhone OS 11_0 like Mac OS X) AppleWebKit/604.1.38 (KHTML, like Gecko) Version/11.0 Mobile/15A372 Safari/604.1]
[2018-08-28T12:23:12.047] [INFO] default - [::1 POST /GetStockRequestsList 200 1813ms][http://localhost:3000/ HTTP/1.1 Mozilla/5.0 (iPhone; CPU iPhone OS 11_0 like Mac OS X) AppleWebKit/604.1.38 (KHTML, like Gecko) Version/11.0 Mobile/15A372 Safari/604.1]
[2018-08-28T12:23:22.741] [INFO] default - [::1 POST /GetStockRequestsList 200 1137ms][http://localhost:3000/ HTTP/1.1 Mozilla/5.0 (iPhone; CPU iPhone OS 11_0 like Mac OS X) AppleWebKit/604.1.38 (KHTML, like Gecko) Version/11.0 Mobile/15A372 Safari/604.1]
[2018-08-28T12:24:50.172] [INFO] default - [::1 GET / 200 11ms][http://localhost:3000/ HTTP/1.1 Mozilla/5.0 (iPhone; CPU iPhone OS 11_0 like Mac OS X) AppleWebKit/604.1.38 (KHTML, like Gecko) Version/11.0 Mobile/15A372 Safari/604.1]
[2018-08-28T12:24:50.191] [INFO] default - [::1 GET /layui/css/layui.css 304 11ms][http://localhost:3000/ HTTP/1.1 Mozilla/5.0 (iPhone; CPU iPhone OS 11_0 like Mac OS X) AppleWebKit/604.1.38 (KHTML, like Gecko) Version/11.0 Mobile/15A372 Safari/604.1]
[2018-08-28T12:24:50.194] [INFO] default - [::1 GET /ydui/css/ydui.css 304 2ms][http://localhost:3000/ HTTP/1.1 Mozilla/5.0 (iPhone; CPU iPhone OS 11_0 like Mac OS X) AppleWebKit/604.1.38 (KHTML, like Gecko) Version/11.0 Mobile/15A372 Safari/604.1]
[2018-08-28T12:24:50.195] [INFO] default - [::1 GET /jquery-weui/dist/lib/weui.min.css 304 3ms][http://localhost:3000/ HTTP/1.1 Mozilla/5.0 (iPhone; CPU iPhone OS 11_0 like Mac OS X) AppleWebKit/604.1.38 (KHTML, like Gecko) Version/11.0 Mobile/15A372 Safari/604.1]
[2018-08-28T12:24:50.195] [INFO] default - [::1 GET /css/order.css 304 3ms][http://localhost:3000/ HTTP/1.1 Mozilla/5.0 (iPhone; CPU iPhone OS 11_0 like Mac OS X) AppleWebKit/604.1.38 (KHTML, like Gecko) Version/11.0 Mobile/15A372 Safari/604.1]
[2018-08-28T12:24:50.196] [INFO] default - [::1 GET /ydui/js/ydui.flexible.js 304 3ms][http://localhost:3000/ HTTP/1.1 Mozilla/5.0 (iPhone; CPU iPhone OS 11_0 like Mac OS X) AppleWebKit/604.1.38 (KHTML, like Gecko) Version/11.0 Mobile/15A372 Safari/604.1]
[2018-08-28T12:24:50.197] [INFO] default - [::1 GET /layui/layui.js 304 4ms][http://localhost:3000/ HTTP/1.1 Mozilla/5.0 (iPhone; CPU iPhone OS 11_0 like Mac OS X) AppleWebKit/604.1.38 (KHTML, like Gecko) Version/11.0 Mobile/15A372 Safari/604.1]
[2018-08-28T12:24:50.198] [INFO] default - [::1 GET /jquery/jquery.min.js 304 5ms][http://localhost:3000/ HTTP/1.1 Mozilla/5.0 (iPhone; CPU iPhone OS 11_0 like Mac OS X) AppleWebKit/604.1.38 (KHTML, like Gecko) Version/11.0 Mobile/15A372 Safari/604.1]
[2018-08-28T12:24:50.201] [INFO] default - [::1 GET /jquery-weui/dist/js/jquery-weui.min.js 304 1ms][http://localhost:3000/ HTTP/1.1 Mozilla/5.0 (iPhone; CPU iPhone OS 11_0 like Mac OS X) AppleWebKit/604.1.38 (KHTML, like Gecko) Version/11.0 Mobile/15A372 Safari/604.1]
[2018-08-28T12:24:50.208] [INFO] default - [::1 GET /javascript/function.js 304 1ms][http://localhost:3000/ HTTP/1.1 Mozilla/5.0 (iPhone; CPU iPhone OS 11_0 like Mac OS X) AppleWebKit/604.1.38 (KHTML, like Gecko) Version/11.0 Mobile/15A372 Safari/604.1]
[2018-08-28T12:24:50.249] [INFO] default - [::1 GET /layui/lay/modules/layer.js 304 0ms][http://localhost:3000/ HTTP/1.1 Mozilla/5.0 (iPhone; CPU iPhone OS 11_0 like Mac OS X) AppleWebKit/604.1.38 (KHTML, like Gecko) Version/11.0 Mobile/15A372 Safari/604.1]
[2018-08-28T12:24:50.267] [INFO] default - [::1 GET /layui/css/modules/layer/default/layer.css?v=3.1.1 304 1ms][http://localhost:3000/ HTTP/1.1 Mozilla/5.0 (iPhone; CPU iPhone OS 11_0 like Mac OS X) AppleWebKit/604.1.38 (KHTML, like Gecko) Version/11.0 Mobile/15A372 Safari/604.1]
[2018-08-28T12:24:50.268] [INFO] default - [::1 GET /layui/lay/modules/form.js 304 2ms][http://localhost:3000/ HTTP/1.1 Mozilla/5.0 (iPhone; CPU iPhone OS 11_0 like Mac OS X) AppleWebKit/604.1.38 (KHTML, like Gecko) Version/11.0 Mobile/15A372 Safari/604.1]
[2018-08-28T12:24:50.275] [INFO] default - [::1 GET /layui/css/modules/layer/default/loading-2.gif 304 1ms][http://localhost:3000/layui/css/modules/layer/default/layer.css?v=3.1.1 HTTP/1.1 Mozilla/5.0 (iPhone; CPU iPhone OS 11_0 like Mac OS X) AppleWebKit/604.1.38 (KHTML, like Gecko) Version/11.0 Mobile/15A372 Safari/604.1]
[2018-08-28T12:24:50.281] [INFO] default - [::1 GET /javascript/index1.js?_=1535430290238 200 1ms][http://localhost:3000/ HTTP/1.1 Mozilla/5.0 (iPhone; CPU iPhone OS 11_0 like Mac OS X) AppleWebKit/604.1.38 (KHTML, like Gecko) Version/11.0 Mobile/15A372 Safari/604.1]
[2018-08-28T12:24:50.288] [INFO] default - [::1 GET /javascript/order.js?_=1535430290239 200 1ms][http://localhost:3000/ HTTP/1.1 Mozilla/5.0 (iPhone; CPU iPhone OS 11_0 like Mac OS X) AppleWebKit/604.1.38 (KHTML, like Gecko) Version/11.0 Mobile/15A372 Safari/604.1]
[2018-08-28T12:24:50.293] [INFO] default - [::1 GET /javascript/sales.js?_=1535430290240 200 1ms][http://localhost:3000/ HTTP/1.1 Mozilla/5.0 (iPhone; CPU iPhone OS 11_0 like Mac OS X) AppleWebKit/604.1.38 (KHTML, like Gecko) Version/11.0 Mobile/15A372 Safari/604.1]
[2018-08-28T12:24:50.298] [INFO] default - [::1 GET /javascript/pullSignal.js?_=1535430290241 200 1ms][http://localhost:3000/ HTTP/1.1 Mozilla/5.0 (iPhone; CPU iPhone OS 11_0 like Mac OS X) AppleWebKit/604.1.38 (KHTML, like Gecko) Version/11.0 Mobile/15A372 Safari/604.1]
[2018-08-28T12:24:50.303] [INFO] default - [::1 GET /javascript/addApplicationGoods.js?_=1535430290242 200 1ms][http://localhost:3000/ HTTP/1.1 Mozilla/5.0 (iPhone; CPU iPhone OS 11_0 like Mac OS X) AppleWebKit/604.1.38 (KHTML, like Gecko) Version/11.0 Mobile/15A372 Safari/604.1]
[2018-08-28T12:24:50.308] [INFO] default - [::1 GET /javascript/addReturnRequest.js?_=1535430290243 200 1ms][http://localhost:3000/ HTTP/1.1 Mozilla/5.0 (iPhone; CPU iPhone OS 11_0 like Mac OS X) AppleWebKit/604.1.38 (KHTML, like Gecko) Version/11.0 Mobile/15A372 Safari/604.1]
[2018-08-28T12:24:50.313] [INFO] default - [::1 GET /javascript/requireGoodsList.js?_=1535430290244 200 1ms][http://localhost:3000/ HTTP/1.1 Mozilla/5.0 (iPhone; CPU iPhone OS 11_0 like Mac OS X) AppleWebKit/604.1.38 (KHTML, like Gecko) Version/11.0 Mobile/15A372 Safari/604.1]
[2018-08-28T12:24:50.319] [INFO] default - [::1 GET /javascript/tuihuo_requireGoodsList.js?_=1535430290245 200 1ms][http://localhost:3000/ HTTP/1.1 Mozilla/5.0 (iPhone; CPU iPhone OS 11_0 like Mac OS X) AppleWebKit/604.1.38 (KHTML, like Gecko) Version/11.0 Mobile/15A372 Safari/604.1]
[2018-08-28T12:24:50.324] [INFO] default - [::1 GET /javascript/saleslist.js?_=1535430290246 200 1ms][http://localhost:3000/ HTTP/1.1 Mozilla/5.0 (iPhone; CPU iPhone OS 11_0 like Mac OS X) AppleWebKit/604.1.38 (KHTML, like Gecko) Version/11.0 Mobile/15A372 Safari/604.1]
[2018-08-28T12:24:50.329] [INFO] default - [::1 GET /javascript/saleslist_goods.js?_=1535430290247 200 1ms][http://localhost:3000/ HTTP/1.1 Mozilla/5.0 (iPhone; CPU iPhone OS 11_0 like Mac OS X) AppleWebKit/604.1.38 (KHTML, like Gecko) Version/11.0 Mobile/15A372 Safari/604.1]
[2018-08-28T12:24:50.335] [INFO] default - [::1 GET /javascript/productList.js?_=1535430290248 200 1ms][http://localhost:3000/ HTTP/1.1 Mozilla/5.0 (iPhone; CPU iPhone OS 11_0 like Mac OS X) AppleWebKit/604.1.38 (KHTML, like Gecko) Version/11.0 Mobile/15A372 Safari/604.1]
[2018-08-28T12:24:50.341] [INFO] default - [::1 GET /javascript/selectCustomer.js?_=1535430290249 200 1ms][http://localhost:3000/ HTTP/1.1 Mozilla/5.0 (iPhone; CPU iPhone OS 11_0 like Mac OS X) AppleWebKit/604.1.38 (KHTML, like Gecko) Version/11.0 Mobile/15A372 Safari/604.1]
[2018-08-28T12:24:50.345] [INFO] default - [::1 GET /javascript/productDetail.js?_=1535430290250 200 1ms][http://localhost:3000/ HTTP/1.1 Mozilla/5.0 (iPhone; CPU iPhone OS 11_0 like Mac OS X) AppleWebKit/604.1.38 (KHTML, like Gecko) Version/11.0 Mobile/15A372 Safari/604.1]
[2018-08-28T12:24:50.351] [INFO] default - [::1 GET /javascript/tuihuo_productList.js?_=1535430290251 200 1ms][http://localhost:3000/ HTTP/1.1 Mozilla/5.0 (iPhone; CPU iPhone OS 11_0 like Mac OS X) AppleWebKit/604.1.38 (KHTML, like Gecko) Version/11.0 Mobile/15A372 Safari/604.1]
[2018-08-28T12:24:50.355] [INFO] default - [::1 GET /javascript/tuihuo_saleslist_goods.js?_=1535430290252 200 1ms][http://localhost:3000/ HTTP/1.1 Mozilla/5.0 (iPhone; CPU iPhone OS 11_0 like Mac OS X) AppleWebKit/604.1.38 (KHTML, like Gecko) Version/11.0 Mobile/15A372 Safari/604.1]
[2018-08-28T12:24:50.360] [INFO] default - [::1 GET /javascript/tuihuo_selectcustomer.js?_=1535430290253 200 1ms][http://localhost:3000/ HTTP/1.1 Mozilla/5.0 (iPhone; CPU iPhone OS 11_0 like Mac OS X) AppleWebKit/604.1.38 (KHTML, like Gecko) Version/11.0 Mobile/15A372 Safari/604.1]
[2018-08-28T12:24:50.367] [INFO] default - [::1 GET /javascript/tuihuo_salelist.js?_=1535430290254 200 2ms][http://localhost:3000/ HTTP/1.1 Mozilla/5.0 (iPhone; CPU iPhone OS 11_0 like Mac OS X) AppleWebKit/604.1.38 (KHTML, like Gecko) Version/11.0 Mobile/15A372 Safari/604.1]
[2018-08-28T12:24:50.371] [INFO] default - [::1 GET /javascript/addApplicationGoods_detail.js?_=1535430290255 200 1ms][http://localhost:3000/ HTTP/1.1 Mozilla/5.0 (iPhone; CPU iPhone OS 11_0 like Mac OS X) AppleWebKit/604.1.38 (KHTML, like Gecko) Version/11.0 Mobile/15A372 Safari/604.1]
[2018-08-28T12:24:50.376] [INFO] default - [::1 GET /javascript/selectproductlist.js?_=1535430290256 200 1ms][http://localhost:3000/ HTTP/1.1 Mozilla/5.0 (iPhone; CPU iPhone OS 11_0 like Mac OS X) AppleWebKit/604.1.38 (KHTML, like Gecko) Version/11.0 Mobile/15A372 Safari/604.1]
[2018-08-28T12:24:50.379] [INFO] default - [::1 GET /layui/lay/modules/laytpl.js 304 1ms][http://localhost:3000/ HTTP/1.1 Mozilla/5.0 (iPhone; CPU iPhone OS 11_0 like Mac OS X) AppleWebKit/604.1.38 (KHTML, like Gecko) Version/11.0 Mobile/15A372 Safari/604.1]
[2018-08-28T12:24:50.390] [INFO] default - [::1 GET /layui/font/iconfont.woff?v=230 304 0ms][http://localhost:3000/layui/css/layui.css HTTP/1.1 Mozilla/5.0 (iPhone; CPU iPhone OS 11_0 like Mac OS X) AppleWebKit/604.1.38 (KHTML, like Gecko) Version/11.0 Mobile/15A372 Safari/604.1]
[2018-08-28T12:24:51.454] [INFO] default - [::1 POST /GetStockRequestsList 200 1068ms][http://localhost:3000/ HTTP/1.1 Mozilla/5.0 (iPhone; CPU iPhone OS 11_0 like Mac OS X) AppleWebKit/604.1.38 (KHTML, like Gecko) Version/11.0 Mobile/15A372 Safari/604.1]
[2018-08-28T12:24:57.568] [INFO] default - [::1 POST /GetStockRequestsList 200 772ms][http://localhost:3000/ HTTP/1.1 Mozilla/5.0 (iPhone; CPU iPhone OS 11_0 like Mac OS X) AppleWebKit/604.1.38 (KHTML, like Gecko) Version/11.0 Mobile/15A372 Safari/604.1]
[2018-08-28T12:25:00.182] [INFO] default - [::1 POST /GetStockRequestsList 200 1016ms][http://localhost:3000/ HTTP/1.1 Mozilla/5.0 (iPhone; CPU iPhone OS 11_0 like Mac OS X) AppleWebKit/604.1.38 (KHTML, like Gecko) Version/11.0 Mobile/15A372 Safari/604.1]
[2018-08-28T12:25:02.431] [INFO] default - [::1 POST /GetStockRequestsList 200 1246ms][http://localhost:3000/ HTTP/1.1 Mozilla/5.0 (iPhone; CPU iPhone OS 11_0 like Mac OS X) AppleWebKit/604.1.38 (KHTML, like Gecko) Version/11.0 Mobile/15A372 Safari/604.1]
