[2018-08-03T08:59:35.782] [INFO] default - [::1 GET / 200 100ms][ HTTP/1.1 Mozilla/5.0 (X11; Linux x86_64) AppleWebKit/537.36 (KHTML, like Gecko) Chrome/68.0.3440.75 Safari/537.36]
[2018-08-03T08:59:35.967] [INFO] default - [::1 GET /css/style.css 304 2ms][http://localhost:3001/ HTTP/1.1 Mozilla/5.0 (X11; Linux x86_64) AppleWebKit/537.36 (KHTML, like Gecko) Chrome/68.0.3440.75 Safari/537.36]
[2018-08-03T08:59:36.101] [INFO] default - [::1 GET /js/jquery.min.js 304 1ms][http://localhost:3001/ HTTP/1.1 Mozilla/5.0 (X11; Linux x86_64) AppleWebKit/537.36 (KHTML, like Gecko) Chrome/68.0.3440.75 Safari/537.36]
[2018-08-03T08:59:36.101] [INFO] default - [::1 GET /js/index.js 304 1ms][http://localhost:3001/ HTTP/1.1 Mozilla/5.0 (X11; Linux x86_64) AppleWebKit/537.36 (KHTML, like Gecko) Chrome/68.0.3440.75 Safari/537.36]
[2018-08-03T08:59:36.102] [INFO] default - [::1 GET /slider-2.jpg 304 1ms][http://localhost:3001/css/style.css HTTP/1.1 Mozilla/5.0 (X11; Linux x86_64) AppleWebKit/537.36 (KHTML, like Gecko) Chrome/68.0.3440.75 Safari/537.36]
[2018-08-03T08:59:36.668] [INFO] default - [::1 GET /favicon.ico 404 6ms][http://localhost:3001/ HTTP/1.1 Mozilla/5.0 (X11; Linux x86_64) AppleWebKit/537.36 (KHTML, like Gecko) Chrome/68.0.3440.75 Safari/537.36]
[2018-08-03T09:00:55.355] [INFO] default - [::1 POST /Login 200 785ms][http://localhost:3001/ HTTP/1.1 Mozilla/5.0 (X11; Linux x86_64) AppleWebKit/537.36 (KHTML, like Gecko) Chrome/68.0.3440.75 Safari/537.36]
[2018-08-03T09:00:55.411] [INFO] default - [::1 GET / 200 50ms][http://localhost:3001/ HTTP/1.1 Mozilla/5.0 (X11; Linux x86_64) AppleWebKit/537.36 (KHTML, like Gecko) Chrome/68.0.3440.75 Safari/537.36]
[2018-08-03T09:00:55.447] [INFO] default - [::1 GET /layui/css/layui.css 304 1ms][http://localhost:3001/ HTTP/1.1 Mozilla/5.0 (X11; Linux x86_64) AppleWebKit/537.36 (KHTML, like Gecko) Chrome/68.0.3440.75 Safari/537.36]
[2018-08-03T09:00:55.449] [INFO] default - [::1 GET /ydui/css/ydui.css 304 1ms][http://localhost:3001/ HTTP/1.1 Mozilla/5.0 (X11; Linux x86_64) AppleWebKit/537.36 (KHTML, like Gecko) Chrome/68.0.3440.75 Safari/537.36]
[2018-08-03T09:00:55.466] [INFO] default - [::1 GET /css/order.css 304 10ms][http://localhost:3001/ HTTP/1.1 Mozilla/5.0 (X11; Linux x86_64) AppleWebKit/537.36 (KHTML, like Gecko) Chrome/68.0.3440.75 Safari/537.36]
[2018-08-03T09:00:55.468] [INFO] default - [::1 GET /layui/layui.js 304 2ms][http://localhost:3001/ HTTP/1.1 Mozilla/5.0 (X11; Linux x86_64) AppleWebKit/537.36 (KHTML, like Gecko) Chrome/68.0.3440.75 Safari/537.36]
[2018-08-03T09:00:55.469] [INFO] default - [::1 GET /javascript/function.js 304 2ms][http://localhost:3001/ HTTP/1.1 Mozilla/5.0 (X11; Linux x86_64) AppleWebKit/537.36 (KHTML, like Gecko) Chrome/68.0.3440.75 Safari/537.36]
[2018-08-03T09:00:55.470] [INFO] default - [::1 GET /jquery-weui/dist/lib/weui.min.css 304 2ms][http://localhost:3001/ HTTP/1.1 Mozilla/5.0 (X11; Linux x86_64) AppleWebKit/537.36 (KHTML, like Gecko) Chrome/68.0.3440.75 Safari/537.36]
[2018-08-03T09:00:55.471] [INFO] default - [::1 GET /ydui/js/ydui.flexible.js 304 1ms][http://localhost:3001/ HTTP/1.1 Mozilla/5.0 (X11; Linux x86_64) AppleWebKit/537.36 (KHTML, like Gecko) Chrome/68.0.3440.75 Safari/537.36]
[2018-08-03T09:00:55.488] [INFO] default - [::1 GET /jquery/jquery.min.js 304 1ms][http://localhost:3001/ HTTP/1.1 Mozilla/5.0 (X11; Linux x86_64) AppleWebKit/537.36 (KHTML, like Gecko) Chrome/68.0.3440.75 Safari/537.36]
[2018-08-03T09:00:55.488] [INFO] default - [::1 GET /jquery-weui/dist/js/jquery-weui.min.js 304 1ms][http://localhost:3001/ HTTP/1.1 Mozilla/5.0 (X11; Linux x86_64) AppleWebKit/537.36 (KHTML, like Gecko) Chrome/68.0.3440.75 Safari/537.36]
[2018-08-03T09:00:55.525] [INFO] default - [::1 GET /layui/lay/modules/layer.js 304 1ms][http://localhost:3001/ HTTP/1.1 Mozilla/5.0 (X11; Linux x86_64) AppleWebKit/537.36 (KHTML, like Gecko) Chrome/68.0.3440.75 Safari/537.36]
[2018-08-03T09:00:55.535] [INFO] default - [::1 GET /layui/css/modules/layer/default/layer.css?v=3.1.1 304 1ms][http://localhost:3001/ HTTP/1.1 Mozilla/5.0 (X11; Linux x86_64) AppleWebKit/537.36 (KHTML, like Gecko) Chrome/68.0.3440.75 Safari/537.36]
[2018-08-03T09:00:55.536] [INFO] default - [::1 GET /layui/lay/modules/form.js 304 1ms][http://localhost:3001/ HTTP/1.1 Mozilla/5.0 (X11; Linux x86_64) AppleWebKit/537.36 (KHTML, like Gecko) Chrome/68.0.3440.75 Safari/537.36]
[2018-08-03T09:00:55.543] [INFO] default - [::1 GET /layui/css/modules/layer/default/loading-2.gif 304 1ms][http://localhost:3001/layui/css/modules/layer/default/layer.css?v=3.1.1 HTTP/1.1 Mozilla/5.0 (X11; Linux x86_64) AppleWebKit/537.36 (KHTML, like Gecko) Chrome/68.0.3440.75 Safari/537.36]
[2018-08-03T09:00:55.616] [INFO] default - [::1 GET /javascript/index1.js?_=1533258055500 200 68ms][http://localhost:3001/ HTTP/1.1 Mozilla/5.0 (X11; Linux x86_64) AppleWebKit/537.36 (KHTML, like Gecko) Chrome/68.0.3440.75 Safari/537.36]
[2018-08-03T09:00:55.630] [INFO] default - [::1 GET /javascript/order.js?_=1533258055501 200 6ms][http://localhost:3001/ HTTP/1.1 Mozilla/5.0 (X11; Linux x86_64) AppleWebKit/537.36 (KHTML, like Gecko) Chrome/68.0.3440.75 Safari/537.36]
[2018-08-03T09:00:55.636] [INFO] default - [::1 GET /javascript/sales.js?_=1533258055502 200 1ms][http://localhost:3001/ HTTP/1.1 Mozilla/5.0 (X11; Linux x86_64) AppleWebKit/537.36 (KHTML, like Gecko) Chrome/68.0.3440.75 Safari/537.36]
[2018-08-03T09:00:55.643] [INFO] default - [::1 GET /javascript/pullSignal.js?_=1533258055503 200 1ms][http://localhost:3001/ HTTP/1.1 Mozilla/5.0 (X11; Linux x86_64) AppleWebKit/537.36 (KHTML, like Gecko) Chrome/68.0.3440.75 Safari/537.36]
[2018-08-03T09:00:55.647] [INFO] default - [::1 GET /javascript/addApplicationGoods.js?_=1533258055504 200 1ms][http://localhost:3001/ HTTP/1.1 Mozilla/5.0 (X11; Linux x86_64) AppleWebKit/537.36 (KHTML, like Gecko) Chrome/68.0.3440.75 Safari/537.36]
[2018-08-03T09:00:55.652] [INFO] default - [::1 GET /javascript/addReturnRequest.js?_=1533258055505 200 2ms][http://localhost:3001/ HTTP/1.1 Mozilla/5.0 (X11; Linux x86_64) AppleWebKit/537.36 (KHTML, like Gecko) Chrome/68.0.3440.75 Safari/537.36]
[2018-08-03T09:00:55.657] [INFO] default - [::1 GET /javascript/requireGoodsList.js?_=1533258055506 200 0ms][http://localhost:3001/ HTTP/1.1 Mozilla/5.0 (X11; Linux x86_64) AppleWebKit/537.36 (KHTML, like Gecko) Chrome/68.0.3440.75 Safari/537.36]
[2018-08-03T09:00:55.661] [INFO] default - [::1 GET /javascript/saleslist.js?_=1533258055507 200 1ms][http://localhost:3001/ HTTP/1.1 Mozilla/5.0 (X11; Linux x86_64) AppleWebKit/537.36 (KHTML, like Gecko) Chrome/68.0.3440.75 Safari/537.36]
[2018-08-03T09:00:55.665] [INFO] default - [::1 GET /javascript/saleslist_goods.js?_=1533258055508 200 1ms][http://localhost:3001/ HTTP/1.1 Mozilla/5.0 (X11; Linux x86_64) AppleWebKit/537.36 (KHTML, like Gecko) Chrome/68.0.3440.75 Safari/537.36]
[2018-08-03T09:00:55.678] [INFO] default - [::1 GET /javascript/productList.js?_=1533258055509 200 9ms][http://localhost:3001/ HTTP/1.1 Mozilla/5.0 (X11; Linux x86_64) AppleWebKit/537.36 (KHTML, like Gecko) Chrome/68.0.3440.75 Safari/537.36]
[2018-08-03T09:00:55.707] [INFO] default - [::1 GET /javascript/selectCustomer.js?_=1533258055510 200 26ms][http://localhost:3001/ HTTP/1.1 Mozilla/5.0 (X11; Linux x86_64) AppleWebKit/537.36 (KHTML, like Gecko) Chrome/68.0.3440.75 Safari/537.36]
[2018-08-03T09:00:55.743] [INFO] default - [::1 GET /javascript/productDetail.js?_=1533258055511 200 33ms][http://localhost:3001/ HTTP/1.1 Mozilla/5.0 (X11; Linux x86_64) AppleWebKit/537.36 (KHTML, like Gecko) Chrome/68.0.3440.75 Safari/537.36]
[2018-08-03T09:00:55.784] [INFO] default - [::1 GET /layui/lay/modules/laytpl.js 304 0ms][http://localhost:3001/ HTTP/1.1 Mozilla/5.0 (X11; Linux x86_64) AppleWebKit/537.36 (KHTML, like Gecko) Chrome/68.0.3440.75 Safari/537.36]
[2018-08-03T09:00:55.815] [INFO] default - [::1 GET /layui/font/iconfont.woff?v=230 304 1ms][http://localhost:3001/layui/css/layui.css HTTP/1.1 Mozilla/5.0 (X11; Linux x86_64) AppleWebKit/537.36 (KHTML, like Gecko) Chrome/68.0.3440.75 Safari/537.36]
[2018-08-03T09:01:00.133] [INFO] default - [::1 GET /QueryExecuting 200 1100ms][http://localhost:3001/ HTTP/1.1 Mozilla/5.0 (X11; Linux x86_64) AppleWebKit/537.36 (KHTML, like Gecko) Chrome/68.0.3440.75 Safari/537.36]
[2018-08-03T09:03:25.965] [INFO] default - [::1 GET / 304 6ms][http://localhost:3001/ HTTP/1.1 Mozilla/5.0 (X11; Linux x86_64) AppleWebKit/537.36 (KHTML, like Gecko) Chrome/68.0.3440.75 Safari/537.36]
[2018-08-03T09:03:25.978] [INFO] default - [::1 GET /layui/css/layui.css 304 3ms][http://localhost:3001/ HTTP/1.1 Mozilla/5.0 (X11; Linux x86_64) AppleWebKit/537.36 (KHTML, like Gecko) Chrome/68.0.3440.75 Safari/537.36]
[2018-08-03T09:03:25.978] [INFO] default - [::1 GET /ydui/css/ydui.css 304 2ms][http://localhost:3001/ HTTP/1.1 Mozilla/5.0 (X11; Linux x86_64) AppleWebKit/537.36 (KHTML, like Gecko) Chrome/68.0.3440.75 Safari/537.36]
[2018-08-03T09:03:25.979] [INFO] default - [::1 GET /ydui/js/ydui.flexible.js 304 3ms][http://localhost:3001/ HTTP/1.1 Mozilla/5.0 (X11; Linux x86_64) AppleWebKit/537.36 (KHTML, like Gecko) Chrome/68.0.3440.75 Safari/537.36]
[2018-08-03T09:03:25.980] [INFO] default - [::1 GET /jquery-weui/dist/lib/weui.min.css 304 3ms][http://localhost:3001/ HTTP/1.1 Mozilla/5.0 (X11; Linux x86_64) AppleWebKit/537.36 (KHTML, like Gecko) Chrome/68.0.3440.75 Safari/537.36]
[2018-08-03T09:03:25.980] [INFO] default - [::1 GET /css/order.css 304 3ms][http://localhost:3001/ HTTP/1.1 Mozilla/5.0 (X11; Linux x86_64) AppleWebKit/537.36 (KHTML, like Gecko) Chrome/68.0.3440.75 Safari/537.36]
[2018-08-03T09:03:25.981] [INFO] default - [::1 GET /jquery/jquery.min.js 304 2ms][http://localhost:3001/ HTTP/1.1 Mozilla/5.0 (X11; Linux x86_64) AppleWebKit/537.36 (KHTML, like Gecko) Chrome/68.0.3440.75 Safari/537.36]
[2018-08-03T09:03:25.982] [INFO] default - [::1 GET /layui/layui.js 304 3ms][http://localhost:3001/ HTTP/1.1 Mozilla/5.0 (X11; Linux x86_64) AppleWebKit/537.36 (KHTML, like Gecko) Chrome/68.0.3440.75 Safari/537.36]
[2018-08-03T09:03:25.984] [INFO] default - [::1 GET /jquery-weui/dist/js/jquery-weui.min.js 304 2ms][http://localhost:3001/ HTTP/1.1 Mozilla/5.0 (X11; Linux x86_64) AppleWebKit/537.36 (KHTML, like Gecko) Chrome/68.0.3440.75 Safari/537.36]
[2018-08-03T09:03:25.987] [INFO] default - [::1 GET /javascript/function.js 304 0ms][http://localhost:3001/ HTTP/1.1 Mozilla/5.0 (X11; Linux x86_64) AppleWebKit/537.36 (KHTML, like Gecko) Chrome/68.0.3440.75 Safari/537.36]
[2018-08-03T09:03:26.006] [INFO] default - [::1 GET /layui/lay/modules/layer.js 304 1ms][http://localhost:3001/ HTTP/1.1 Mozilla/5.0 (X11; Linux x86_64) AppleWebKit/537.36 (KHTML, like Gecko) Chrome/68.0.3440.75 Safari/537.36]
[2018-08-03T09:03:26.010] [INFO] default - [::1 GET /layui/css/modules/layer/default/layer.css?v=3.1.1 304 1ms][http://localhost:3001/ HTTP/1.1 Mozilla/5.0 (X11; Linux x86_64) AppleWebKit/537.36 (KHTML, like Gecko) Chrome/68.0.3440.75 Safari/537.36]
[2018-08-03T09:03:26.010] [INFO] default - [::1 GET /layui/lay/modules/form.js 304 1ms][http://localhost:3001/ HTTP/1.1 Mozilla/5.0 (X11; Linux x86_64) AppleWebKit/537.36 (KHTML, like Gecko) Chrome/68.0.3440.75 Safari/537.36]
[2018-08-03T09:03:26.017] [INFO] default - [::1 GET /layui/css/modules/layer/default/loading-2.gif 304 1ms][http://localhost:3001/layui/css/modules/layer/default/layer.css?v=3.1.1 HTTP/1.1 Mozilla/5.0 (X11; Linux x86_64) AppleWebKit/537.36 (KHTML, like Gecko) Chrome/68.0.3440.75 Safari/537.36]
[2018-08-03T09:03:26.024] [INFO] default - [::1 GET /javascript/index1.js?_=1533258206001 200 1ms][http://localhost:3001/ HTTP/1.1 Mozilla/5.0 (X11; Linux x86_64) AppleWebKit/537.36 (KHTML, like Gecko) Chrome/68.0.3440.75 Safari/537.36]
[2018-08-03T09:03:26.033] [INFO] default - [::1 GET /javascript/order.js?_=1533258206002 200 2ms][http://localhost:3001/ HTTP/1.1 Mozilla/5.0 (X11; Linux x86_64) AppleWebKit/537.36 (KHTML, like Gecko) Chrome/68.0.3440.75 Safari/537.36]
[2018-08-03T09:03:26.040] [INFO] default - [::1 GET /javascript/sales.js?_=1533258206003 200 1ms][http://localhost:3001/ HTTP/1.1 Mozilla/5.0 (X11; Linux x86_64) AppleWebKit/537.36 (KHTML, like Gecko) Chrome/68.0.3440.75 Safari/537.36]
[2018-08-03T09:03:26.044] [INFO] default - [::1 GET /javascript/pullSignal.js?_=1533258206004 200 0ms][http://localhost:3001/ HTTP/1.1 Mozilla/5.0 (X11; Linux x86_64) AppleWebKit/537.36 (KHTML, like Gecko) Chrome/68.0.3440.75 Safari/537.36]
[2018-08-03T09:03:26.052] [INFO] default - [::1 GET /javascript/addApplicationGoods.js?_=1533258206005 200 1ms][http://localhost:3001/ HTTP/1.1 Mozilla/5.0 (X11; Linux x86_64) AppleWebKit/537.36 (KHTML, like Gecko) Chrome/68.0.3440.75 Safari/537.36]
[2018-08-03T09:03:26.057] [INFO] default - [::1 GET /javascript/addReturnRequest.js?_=1533258206006 200 1ms][http://localhost:3001/ HTTP/1.1 Mozilla/5.0 (X11; Linux x86_64) AppleWebKit/537.36 (KHTML, like Gecko) Chrome/68.0.3440.75 Safari/537.36]
[2018-08-03T09:03:26.064] [INFO] default - [::1 GET /javascript/requireGoodsList.js?_=1533258206007 200 2ms][http://localhost:3001/ HTTP/1.1 Mozilla/5.0 (X11; Linux x86_64) AppleWebKit/537.36 (KHTML, like Gecko) Chrome/68.0.3440.75 Safari/537.36]
[2018-08-03T09:03:26.071] [INFO] default - [::1 GET /javascript/saleslist.js?_=1533258206008 200 1ms][http://localhost:3001/ HTTP/1.1 Mozilla/5.0 (X11; Linux x86_64) AppleWebKit/537.36 (KHTML, like Gecko) Chrome/68.0.3440.75 Safari/537.36]
[2018-08-03T09:03:26.076] [INFO] default - [::1 GET /javascript/saleslist_goods.js?_=1533258206009 200 1ms][http://localhost:3001/ HTTP/1.1 Mozilla/5.0 (X11; Linux x86_64) AppleWebKit/537.36 (KHTML, like Gecko) Chrome/68.0.3440.75 Safari/537.36]
[2018-08-03T09:03:26.082] [INFO] default - [::1 GET /javascript/productList.js?_=1533258206010 200 2ms][http://localhost:3001/ HTTP/1.1 Mozilla/5.0 (X11; Linux x86_64) AppleWebKit/537.36 (KHTML, like Gecko) Chrome/68.0.3440.75 Safari/537.36]
[2018-08-03T09:03:26.130] [INFO] default - [::1 GET /javascript/selectCustomer.js?_=1533258206011 200 1ms][http://localhost:3001/ HTTP/1.1 Mozilla/5.0 (X11; Linux x86_64) AppleWebKit/537.36 (KHTML, like Gecko) Chrome/68.0.3440.75 Safari/537.36]
[2018-08-03T09:03:26.137] [INFO] default - [::1 GET /javascript/productDetail.js?_=1533258206012 200 1ms][http://localhost:3001/ HTTP/1.1 Mozilla/5.0 (X11; Linux x86_64) AppleWebKit/537.36 (KHTML, like Gecko) Chrome/68.0.3440.75 Safari/537.36]
[2018-08-03T09:03:26.142] [INFO] default - [::1 GET /layui/lay/modules/laytpl.js 304 1ms][http://localhost:3001/ HTTP/1.1 Mozilla/5.0 (X11; Linux x86_64) AppleWebKit/537.36 (KHTML, like Gecko) Chrome/68.0.3440.75 Safari/537.36]
[2018-08-03T09:03:26.152] [INFO] default - [::1 GET /layui/font/iconfont.woff?v=230 304 1ms][http://localhost:3001/layui/css/layui.css HTTP/1.1 Mozilla/5.0 (X11; Linux x86_64) AppleWebKit/537.36 (KHTML, like Gecko) Chrome/68.0.3440.75 Safari/537.36]
[2018-08-03T09:03:27.261] [INFO] default - [::1 GET /QueryExecuting 304 1113ms][http://localhost:3001/ HTTP/1.1 Mozilla/5.0 (X11; Linux x86_64) AppleWebKit/537.36 (KHTML, like Gecko) Chrome/68.0.3440.75 Safari/537.36]
[2018-08-03T09:03:28.768] [INFO] default - [::1 GET /layui/css/layui.css 304 2ms][http://localhost:3001/ HTTP/1.1 Mozilla/5.0 (X11; Linux x86_64) AppleWebKit/537.36 (KHTML, like Gecko) Chrome/68.0.3440.75 Safari/537.36]
[2018-08-03T09:03:28.769] [INFO] default - [::1 GET /ydui/css/ydui.css 304 3ms][http://localhost:3001/ HTTP/1.1 Mozilla/5.0 (X11; Linux x86_64) AppleWebKit/537.36 (KHTML, like Gecko) Chrome/68.0.3440.75 Safari/537.36]
[2018-08-03T09:03:28.769] [INFO] default - [::1 GET /jquery-weui/dist/lib/weui.min.css 304 2ms][http://localhost:3001/ HTTP/1.1 Mozilla/5.0 (X11; Linux x86_64) AppleWebKit/537.36 (KHTML, like Gecko) Chrome/68.0.3440.75 Safari/537.36]
[2018-08-03T09:03:28.769] [INFO] default - [::1 GET /css/order.css 304 2ms][http://localhost:3001/ HTTP/1.1 Mozilla/5.0 (X11; Linux x86_64) AppleWebKit/537.36 (KHTML, like Gecko) Chrome/68.0.3440.75 Safari/537.36]
[2018-08-03T09:03:28.769] [INFO] default - [::1 GET /layui/css/modules/layer/default/layer.css?v=3.1.1 304 2ms][http://localhost:3001/ HTTP/1.1 Mozilla/5.0 (X11; Linux x86_64) AppleWebKit/537.36 (KHTML, like Gecko) Chrome/68.0.3440.75 Safari/537.36]
[2018-08-03T09:03:34.094] [INFO] default - [::1 GET /partner 304 1204ms][http://localhost:3001/ HTTP/1.1 Mozilla/5.0 (iPhone; CPU iPhone OS 11_0 like Mac OS X) AppleWebKit/604.1.38 (KHTML, like Gecko) Version/11.0 Mobile/15A372 Safari/604.1]
[2018-08-03T09:03:37.490] [INFO] default - [::1 POST /person 200 1949ms][http://localhost:3001/ HTTP/1.1 Mozilla/5.0 (iPhone; CPU iPhone OS 11_0 like Mac OS X) AppleWebKit/604.1.38 (KHTML, like Gecko) Version/11.0 Mobile/15A372 Safari/604.1]
[2018-08-03T09:03:37.495] [INFO] default - [::1 GET /warehouse 304 1936ms][http://localhost:3001/ HTTP/1.1 Mozilla/5.0 (iPhone; CPU iPhone OS 11_0 like Mac OS X) AppleWebKit/604.1.38 (KHTML, like Gecko) Version/11.0 Mobile/15A372 Safari/604.1]
[2018-08-03T09:03:37.566] [INFO] default - [::1 GET /partner 304 2028ms][http://localhost:3001/ HTTP/1.1 Mozilla/5.0 (iPhone; CPU iPhone OS 11_0 like Mac OS X) AppleWebKit/604.1.38 (KHTML, like Gecko) Version/11.0 Mobile/15A372 Safari/604.1]
[2018-08-03T09:03:37.873] [INFO] default - [::1 POST /Project 200 2333ms][http://localhost:3001/ HTTP/1.1 Mozilla/5.0 (iPhone; CPU iPhone OS 11_0 like Mac OS X) AppleWebKit/604.1.38 (KHTML, like Gecko) Version/11.0 Mobile/15A372 Safari/604.1]
[2018-08-03T09:03:39.242] [INFO] default - [::1 POST /inventory 200 960ms][http://localhost:3001/ HTTP/1.1 Mozilla/5.0 (iPhone; CPU iPhone OS 11_0 like Mac OS X) AppleWebKit/604.1.38 (KHTML, like Gecko) Version/11.0 Mobile/15A372 Safari/604.1]
[2018-08-03T09:03:40.945] [INFO] default - [::1 POST /QueryInventoryPrice 200 1691ms][http://localhost:3001/ HTTP/1.1 Mozilla/5.0 (iPhone; CPU iPhone OS 11_0 like Mac OS X) AppleWebKit/604.1.38 (KHTML, like Gecko) Version/11.0 Mobile/15A372 Safari/604.1]
[2018-08-03T09:03:45.249] [INFO] default - [::1 GET /partner 304 1486ms][http://localhost:3001/ HTTP/1.1 Mozilla/5.0 (iPhone; CPU iPhone OS 11_0 like Mac OS X) AppleWebKit/604.1.38 (KHTML, like Gecko) Version/11.0 Mobile/15A372 Safari/604.1]
[2018-08-03T09:03:45.304] [INFO] default - [::1 POST /person 200 1535ms][http://localhost:3001/ HTTP/1.1 Mozilla/5.0 (iPhone; CPU iPhone OS 11_0 like Mac OS X) AppleWebKit/604.1.38 (KHTML, like Gecko) Version/11.0 Mobile/15A372 Safari/604.1]
[2018-08-03T09:03:45.711] [INFO] default - [::1 GET /warehouse 304 1944ms][http://localhost:3001/ HTTP/1.1 Mozilla/5.0 (iPhone; CPU iPhone OS 11_0 like Mac OS X) AppleWebKit/604.1.38 (KHTML, like Gecko) Version/11.0 Mobile/15A372 Safari/604.1]
[2018-08-03T09:03:45.916] [INFO] default - [::1 POST /Project 200 2151ms][http://localhost:3001/ HTTP/1.1 Mozilla/5.0 (iPhone; CPU iPhone OS 11_0 like Mac OS X) AppleWebKit/604.1.38 (KHTML, like Gecko) Version/11.0 Mobile/15A372 Safari/604.1]
[2018-08-03T09:03:49.872] [INFO] default - [::1 GET /layui/css/modules/layer/default/icon.png 304 1ms][http://localhost:3001/layui/css/modules/layer/default/layer.css?v=3.1.1 HTTP/1.1 Mozilla/5.0 (iPhone; CPU iPhone OS 11_0 like Mac OS X) AppleWebKit/604.1.38 (KHTML, like Gecko) Version/11.0 Mobile/15A372 Safari/604.1]
[2018-08-03T09:04:38.787] [INFO] default - [::1 GET / 304 6ms][http://localhost:3001/ HTTP/1.1 Mozilla/5.0 (iPhone; CPU iPhone OS 11_0 like Mac OS X) AppleWebKit/604.1.38 (KHTML, like Gecko) Version/11.0 Mobile/15A372 Safari/604.1]
[2018-08-03T09:04:38.804] [INFO] default - [::1 GET /layui/css/layui.css 304 3ms][http://localhost:3001/ HTTP/1.1 Mozilla/5.0 (iPhone; CPU iPhone OS 11_0 like Mac OS X) AppleWebKit/604.1.38 (KHTML, like Gecko) Version/11.0 Mobile/15A372 Safari/604.1]
[2018-08-03T09:04:38.804] [INFO] default - [::1 GET /ydui/css/ydui.css 304 3ms][http://localhost:3001/ HTTP/1.1 Mozilla/5.0 (iPhone; CPU iPhone OS 11_0 like Mac OS X) AppleWebKit/604.1.38 (KHTML, like Gecko) Version/11.0 Mobile/15A372 Safari/604.1]
[2018-08-03T09:04:38.806] [INFO] default - [::1 GET /ydui/js/ydui.flexible.js 304 4ms][http://localhost:3001/ HTTP/1.1 Mozilla/5.0 (iPhone; CPU iPhone OS 11_0 like Mac OS X) AppleWebKit/604.1.38 (KHTML, like Gecko) Version/11.0 Mobile/15A372 Safari/604.1]
[2018-08-03T09:04:38.806] [INFO] default - [::1 GET /jquery-weui/dist/lib/weui.min.css 304 4ms][http://localhost:3001/ HTTP/1.1 Mozilla/5.0 (iPhone; CPU iPhone OS 11_0 like Mac OS X) AppleWebKit/604.1.38 (KHTML, like Gecko) Version/11.0 Mobile/15A372 Safari/604.1]
[2018-08-03T09:04:38.808] [INFO] default - [::1 GET /css/order.css 304 3ms][http://localhost:3001/ HTTP/1.1 Mozilla/5.0 (iPhone; CPU iPhone OS 11_0 like Mac OS X) AppleWebKit/604.1.38 (KHTML, like Gecko) Version/11.0 Mobile/15A372 Safari/604.1]
[2018-08-03T09:04:38.809] [INFO] default - [::1 GET /layui/layui.js 304 4ms][http://localhost:3001/ HTTP/1.1 Mozilla/5.0 (iPhone; CPU iPhone OS 11_0 like Mac OS X) AppleWebKit/604.1.38 (KHTML, like Gecko) Version/11.0 Mobile/15A372 Safari/604.1]
[2018-08-03T09:04:38.813] [INFO] default - [::1 GET /jquery/jquery.min.js 304 1ms][http://localhost:3001/ HTTP/1.1 Mozilla/5.0 (iPhone; CPU iPhone OS 11_0 like Mac OS X) AppleWebKit/604.1.38 (KHTML, like Gecko) Version/11.0 Mobile/15A372 Safari/604.1]
[2018-08-03T09:04:38.814] [INFO] default - [::1 GET /jquery-weui/dist/js/jquery-weui.min.js 304 2ms][http://localhost:3001/ HTTP/1.1 Mozilla/5.0 (iPhone; CPU iPhone OS 11_0 like Mac OS X) AppleWebKit/604.1.38 (KHTML, like Gecko) Version/11.0 Mobile/15A372 Safari/604.1]
[2018-08-03T09:04:38.814] [INFO] default - [::1 GET /javascript/function.js 304 2ms][http://localhost:3001/ HTTP/1.1 Mozilla/5.0 (iPhone; CPU iPhone OS 11_0 like Mac OS X) AppleWebKit/604.1.38 (KHTML, like Gecko) Version/11.0 Mobile/15A372 Safari/604.1]
[2018-08-03T09:04:38.880] [INFO] default - [::1 GET /layui/lay/modules/layer.js 304 1ms][http://localhost:3001/ HTTP/1.1 Mozilla/5.0 (iPhone; CPU iPhone OS 11_0 like Mac OS X) AppleWebKit/604.1.38 (KHTML, like Gecko) Version/11.0 Mobile/15A372 Safari/604.1]
[2018-08-03T09:04:38.888] [INFO] default - [::1 GET /layui/css/modules/layer/default/layer.css?v=3.1.1 304 1ms][http://localhost:3001/ HTTP/1.1 Mozilla/5.0 (iPhone; CPU iPhone OS 11_0 like Mac OS X) AppleWebKit/604.1.38 (KHTML, like Gecko) Version/11.0 Mobile/15A372 Safari/604.1]
[2018-08-03T09:04:38.890] [INFO] default - [::1 GET /layui/lay/modules/form.js 304 1ms][http://localhost:3001/ HTTP/1.1 Mozilla/5.0 (iPhone; CPU iPhone OS 11_0 like Mac OS X) AppleWebKit/604.1.38 (KHTML, like Gecko) Version/11.0 Mobile/15A372 Safari/604.1]
[2018-08-03T09:04:38.899] [INFO] default - [::1 GET /layui/css/modules/layer/default/loading-2.gif 304 1ms][http://localhost:3001/layui/css/modules/layer/default/layer.css?v=3.1.1 HTTP/1.1 Mozilla/5.0 (iPhone; CPU iPhone OS 11_0 like Mac OS X) AppleWebKit/604.1.38 (KHTML, like Gecko) Version/11.0 Mobile/15A372 Safari/604.1]
[2018-08-03T09:04:38.911] [INFO] default - [::1 GET /javascript/index1.js?_=1533258278866 200 2ms][http://localhost:3001/ HTTP/1.1 Mozilla/5.0 (iPhone; CPU iPhone OS 11_0 like Mac OS X) AppleWebKit/604.1.38 (KHTML, like Gecko) Version/11.0 Mobile/15A372 Safari/604.1]
[2018-08-03T09:04:38.923] [INFO] default - [::1 GET /javascript/order.js?_=1533258278867 200 1ms][http://localhost:3001/ HTTP/1.1 Mozilla/5.0 (iPhone; CPU iPhone OS 11_0 like Mac OS X) AppleWebKit/604.1.38 (KHTML, like Gecko) Version/11.0 Mobile/15A372 Safari/604.1]
[2018-08-03T09:04:38.929] [INFO] default - [::1 GET /javascript/sales.js?_=1533258278868 200 1ms][http://localhost:3001/ HTTP/1.1 Mozilla/5.0 (iPhone; CPU iPhone OS 11_0 like Mac OS X) AppleWebKit/604.1.38 (KHTML, like Gecko) Version/11.0 Mobile/15A372 Safari/604.1]
[2018-08-03T09:04:38.934] [INFO] default - [::1 GET /javascript/pullSignal.js?_=1533258278869 200 1ms][http://localhost:3001/ HTTP/1.1 Mozilla/5.0 (iPhone; CPU iPhone OS 11_0 like Mac OS X) AppleWebKit/604.1.38 (KHTML, like Gecko) Version/11.0 Mobile/15A372 Safari/604.1]
[2018-08-03T09:04:38.940] [INFO] default - [::1 GET /javascript/addApplicationGoods.js?_=1533258278870 200 1ms][http://localhost:3001/ HTTP/1.1 Mozilla/5.0 (iPhone; CPU iPhone OS 11_0 like Mac OS X) AppleWebKit/604.1.38 (KHTML, like Gecko) Version/11.0 Mobile/15A372 Safari/604.1]
[2018-08-03T09:04:38.944] [INFO] default - [::1 GET /javascript/addReturnRequest.js?_=1533258278871 200 1ms][http://localhost:3001/ HTTP/1.1 Mozilla/5.0 (iPhone; CPU iPhone OS 11_0 like Mac OS X) AppleWebKit/604.1.38 (KHTML, like Gecko) Version/11.0 Mobile/15A372 Safari/604.1]
[2018-08-03T09:04:38.951] [INFO] default - [::1 GET /javascript/requireGoodsList.js?_=1533258278872 200 1ms][http://localhost:3001/ HTTP/1.1 Mozilla/5.0 (iPhone; CPU iPhone OS 11_0 like Mac OS X) AppleWebKit/604.1.38 (KHTML, like Gecko) Version/11.0 Mobile/15A372 Safari/604.1]
[2018-08-03T09:04:38.960] [INFO] default - [::1 GET /javascript/saleslist.js?_=1533258278873 200 0ms][http://localhost:3001/ HTTP/1.1 Mozilla/5.0 (iPhone; CPU iPhone OS 11_0 like Mac OS X) AppleWebKit/604.1.38 (KHTML, like Gecko) Version/11.0 Mobile/15A372 Safari/604.1]
[2018-08-03T09:04:38.971] [INFO] default - [::1 GET /javascript/saleslist_goods.js?_=1533258278874 200 1ms][http://localhost:3001/ HTTP/1.1 Mozilla/5.0 (iPhone; CPU iPhone OS 11_0 like Mac OS X) AppleWebKit/604.1.38 (KHTML, like Gecko) Version/11.0 Mobile/15A372 Safari/604.1]
[2018-08-03T09:04:38.977] [INFO] default - [::1 GET /javascript/productList.js?_=1533258278875 200 1ms][http://localhost:3001/ HTTP/1.1 Mozilla/5.0 (iPhone; CPU iPhone OS 11_0 like Mac OS X) AppleWebKit/604.1.38 (KHTML, like Gecko) Version/11.0 Mobile/15A372 Safari/604.1]
[2018-08-03T09:04:38.984] [INFO] default - [::1 GET /javascript/selectCustomer.js?_=1533258278876 200 1ms][http://localhost:3001/ HTTP/1.1 Mozilla/5.0 (iPhone; CPU iPhone OS 11_0 like Mac OS X) AppleWebKit/604.1.38 (KHTML, like Gecko) Version/11.0 Mobile/15A372 Safari/604.1]
[2018-08-03T09:04:38.992] [INFO] default - [::1 GET /javascript/productDetail.js?_=1533258278877 200 1ms][http://localhost:3001/ HTTP/1.1 Mozilla/5.0 (iPhone; CPU iPhone OS 11_0 like Mac OS X) AppleWebKit/604.1.38 (KHTML, like Gecko) Version/11.0 Mobile/15A372 Safari/604.1]
[2018-08-03T09:04:39.001] [INFO] default - [::1 GET /layui/lay/modules/laytpl.js 304 1ms][http://localhost:3001/ HTTP/1.1 Mozilla/5.0 (iPhone; CPU iPhone OS 11_0 like Mac OS X) AppleWebKit/604.1.38 (KHTML, like Gecko) Version/11.0 Mobile/15A372 Safari/604.1]
[2018-08-03T09:04:39.067] [INFO] default - [::1 GET /layui/font/iconfont.woff?v=230 304 1ms][http://localhost:3001/layui/css/layui.css HTTP/1.1 Mozilla/5.0 (iPhone; CPU iPhone OS 11_0 like Mac OS X) AppleWebKit/604.1.38 (KHTML, like Gecko) Version/11.0 Mobile/15A372 Safari/604.1]
[2018-08-03T09:04:40.453] [INFO] default - [::1 POST /person 200 1437ms][http://localhost:3001/ HTTP/1.1 Mozilla/5.0 (iPhone; CPU iPhone OS 11_0 like Mac OS X) AppleWebKit/604.1.38 (KHTML, like Gecko) Version/11.0 Mobile/15A372 Safari/604.1]
[2018-08-03T09:04:40.685] [INFO] default - [::1 GET /layui/css/modules/layer/default/icon.png 304 2ms][http://localhost:3001/layui/css/modules/layer/default/layer.css?v=3.1.1 HTTP/1.1 Mozilla/5.0 (iPhone; CPU iPhone OS 11_0 like Mac OS X) AppleWebKit/604.1.38 (KHTML, like Gecko) Version/11.0 Mobile/15A372 Safari/604.1]
[2018-08-03T09:04:40.800] [INFO] default - [::1 GET /partner 304 1790ms][http://localhost:3001/ HTTP/1.1 Mozilla/5.0 (iPhone; CPU iPhone OS 11_0 like Mac OS X) AppleWebKit/604.1.38 (KHTML, like Gecko) Version/11.0 Mobile/15A372 Safari/604.1]
[2018-08-03T09:04:40.904] [INFO] default - [::1 GET /warehouse 304 1893ms][http://localhost:3001/ HTTP/1.1 Mozilla/5.0 (iPhone; CPU iPhone OS 11_0 like Mac OS X) AppleWebKit/604.1.38 (KHTML, like Gecko) Version/11.0 Mobile/15A372 Safari/604.1]
[2018-08-03T09:04:41.147] [INFO] default - [::1 POST /Project 200 2133ms][http://localhost:3001/ HTTP/1.1 Mozilla/5.0 (iPhone; CPU iPhone OS 11_0 like Mac OS X) AppleWebKit/604.1.38 (KHTML, like Gecko) Version/11.0 Mobile/15A372 Safari/604.1]
[2018-08-03T09:04:44.726] [INFO] default - [::1 POST /saleDeliveryCreate 200 1160ms][http://localhost:3001/ HTTP/1.1 Mozilla/5.0 (iPhone; CPU iPhone OS 11_0 like Mac OS X) AppleWebKit/604.1.38 (KHTML, like Gecko) Version/11.0 Mobile/15A372 Safari/604.1]
[2018-08-03T09:04:46.196] [INFO] default - [::1 GET /QueryExecuting 304 1461ms][http://localhost:3001/ HTTP/1.1 Mozilla/5.0 (iPhone; CPU iPhone OS 11_0 like Mac OS X) AppleWebKit/604.1.38 (KHTML, like Gecko) Version/11.0 Mobile/15A372 Safari/604.1]
[2018-08-03T09:04:49.148] [INFO] default - [::1 POST /saleDeliveryCreate 200 1853ms][http://localhost:3001/ HTTP/1.1 Mozilla/5.0 (iPhone; CPU iPhone OS 11_0 like Mac OS X) AppleWebKit/604.1.38 (KHTML, like Gecko) Version/11.0 Mobile/15A372 Safari/604.1]
[2018-08-03T09:04:51.323] [INFO] default - [::1 GET /QueryExecuting 304 2169ms][http://localhost:3001/ HTTP/1.1 Mozilla/5.0 (iPhone; CPU iPhone OS 11_0 like Mac OS X) AppleWebKit/604.1.38 (KHTML, like Gecko) Version/11.0 Mobile/15A372 Safari/604.1]
[2018-08-03T09:04:57.286] [INFO] default - [::1 GET /partner 304 2032ms][http://localhost:3001/ HTTP/1.1 Mozilla/5.0 (iPhone; CPU iPhone OS 11_0 like Mac OS X) AppleWebKit/604.1.38 (KHTML, like Gecko) Version/11.0 Mobile/15A372 Safari/604.1]
[2018-08-03T09:04:59.835] [INFO] default - [::1 POST /Project 200 1315ms][http://localhost:3001/ HTTP/1.1 Mozilla/5.0 (iPhone; CPU iPhone OS 11_0 like Mac OS X) AppleWebKit/604.1.38 (KHTML, like Gecko) Version/11.0 Mobile/15A372 Safari/604.1]
[2018-08-03T09:05:00.291] [INFO] default - [::1 GET /warehouse 304 1767ms][http://localhost:3001/ HTTP/1.1 Mozilla/5.0 (iPhone; CPU iPhone OS 11_0 like Mac OS X) AppleWebKit/604.1.38 (KHTML, like Gecko) Version/11.0 Mobile/15A372 Safari/604.1]
[2018-08-03T09:05:00.304] [INFO] default - [::1 POST /person 200 1782ms][http://localhost:3001/ HTTP/1.1 Mozilla/5.0 (iPhone; CPU iPhone OS 11_0 like Mac OS X) AppleWebKit/604.1.38 (KHTML, like Gecko) Version/11.0 Mobile/15A372 Safari/604.1]
[2018-08-03T09:05:00.687] [INFO] default - [::1 GET /partner 304 2171ms][http://localhost:3001/ HTTP/1.1 Mozilla/5.0 (iPhone; CPU iPhone OS 11_0 like Mac OS X) AppleWebKit/604.1.38 (KHTML, like Gecko) Version/11.0 Mobile/15A372 Safari/604.1]
[2018-08-03T09:05:06.432] [INFO] default - [::1 POST /inventory 200 821ms][http://localhost:3001/ HTTP/1.1 Mozilla/5.0 (iPhone; CPU iPhone OS 11_0 like Mac OS X) AppleWebKit/604.1.38 (KHTML, like Gecko) Version/11.0 Mobile/15A372 Safari/604.1]
[2018-08-03T09:05:08.116] [INFO] default - [::1 POST /QueryInventoryPrice 200 1677ms][http://localhost:3001/ HTTP/1.1 Mozilla/5.0 (iPhone; CPU iPhone OS 11_0 like Mac OS X) AppleWebKit/604.1.38 (KHTML, like Gecko) Version/11.0 Mobile/15A372 Safari/604.1]
[2018-08-03T09:05:13.761] [INFO] default - [::1 POST /person 200 1150ms][http://localhost:3001/ HTTP/1.1 Mozilla/5.0 (iPhone; CPU iPhone OS 11_0 like Mac OS X) AppleWebKit/604.1.38 (KHTML, like Gecko) Version/11.0 Mobile/15A372 Safari/604.1]
[2018-08-03T09:05:13.949] [INFO] default - [::1 GET /warehouse 304 1336ms][http://localhost:3001/ HTTP/1.1 Mozilla/5.0 (iPhone; CPU iPhone OS 11_0 like Mac OS X) AppleWebKit/604.1.38 (KHTML, like Gecko) Version/11.0 Mobile/15A372 Safari/604.1]
[2018-08-03T09:05:14.371] [INFO] default - [::1 GET /partner 304 1763ms][http://localhost:3001/ HTTP/1.1 Mozilla/5.0 (iPhone; CPU iPhone OS 11_0 like Mac OS X) AppleWebKit/604.1.38 (KHTML, like Gecko) Version/11.0 Mobile/15A372 Safari/604.1]
[2018-08-03T09:05:14.556] [INFO] default - [::1 POST /Project 200 1946ms][http://localhost:3001/ HTTP/1.1 Mozilla/5.0 (iPhone; CPU iPhone OS 11_0 like Mac OS X) AppleWebKit/604.1.38 (KHTML, like Gecko) Version/11.0 Mobile/15A372 Safari/604.1]
[2018-08-03T09:05:20.393] [INFO] default - [::1 POST /saleDeliveryCreate 200 1342ms][http://localhost:3001/ HTTP/1.1 Mozilla/5.0 (iPhone; CPU iPhone OS 11_0 like Mac OS X) AppleWebKit/604.1.38 (KHTML, like Gecko) Version/11.0 Mobile/15A372 Safari/604.1]
[2018-08-03T09:05:21.549] [INFO] default - [::1 GET /QueryExecuting 304 1146ms][http://localhost:3001/ HTTP/1.1 Mozilla/5.0 (iPhone; CPU iPhone OS 11_0 like Mac OS X) AppleWebKit/604.1.38 (KHTML, like Gecko) Version/11.0 Mobile/15A372 Safari/604.1]
[2018-08-03T09:05:31.906] [INFO] default - [::1 POST /saleDeliveryCreate 200 900ms][http://localhost:3001/ HTTP/1.1 Mozilla/5.0 (iPhone; CPU iPhone OS 11_0 like Mac OS X) AppleWebKit/604.1.38 (KHTML, like Gecko) Version/11.0 Mobile/15A372 Safari/604.1]
[2018-08-03T09:05:33.563] [INFO] default - [::1 GET /QueryExecuting 304 1648ms][http://localhost:3001/ HTTP/1.1 Mozilla/5.0 (iPhone; CPU iPhone OS 11_0 like Mac OS X) AppleWebKit/604.1.38 (KHTML, like Gecko) Version/11.0 Mobile/15A372 Safari/604.1]
[2018-08-03T09:05:34.488] [INFO] default - [::1 GET /partner 304 1627ms][http://localhost:3001/ HTTP/1.1 Mozilla/5.0 (iPhone; CPU iPhone OS 11_0 like Mac OS X) AppleWebKit/604.1.38 (KHTML, like Gecko) Version/11.0 Mobile/15A372 Safari/604.1]
[2018-08-03T09:05:38.002] [INFO] default - [::1 GET /partner 304 2660ms][http://localhost:3001/ HTTP/1.1 Mozilla/5.0 (iPhone; CPU iPhone OS 11_0 like Mac OS X) AppleWebKit/604.1.38 (KHTML, like Gecko) Version/11.0 Mobile/15A372 Safari/604.1]
[2018-08-03T09:05:38.480] [INFO] default - [::1 POST /person 200 3135ms][http://localhost:3001/ HTTP/1.1 Mozilla/5.0 (iPhone; CPU iPhone OS 11_0 like Mac OS X) AppleWebKit/604.1.38 (KHTML, like Gecko) Version/11.0 Mobile/15A372 Safari/604.1]
[2018-08-03T09:05:38.795] [INFO] default - [::1 POST /Project 200 3450ms][http://localhost:3001/ HTTP/1.1 Mozilla/5.0 (iPhone; CPU iPhone OS 11_0 like Mac OS X) AppleWebKit/604.1.38 (KHTML, like Gecko) Version/11.0 Mobile/15A372 Safari/604.1]
[2018-08-03T09:05:39.194] [INFO] default - [::1 GET /warehouse 304 3851ms][http://localhost:3001/ HTTP/1.1 Mozilla/5.0 (iPhone; CPU iPhone OS 11_0 like Mac OS X) AppleWebKit/604.1.38 (KHTML, like Gecko) Version/11.0 Mobile/15A372 Safari/604.1]
[2018-08-03T09:05:40.332] [INFO] default - [::1 POST /inventory 200 1052ms][http://localhost:3001/ HTTP/1.1 Mozilla/5.0 (iPhone; CPU iPhone OS 11_0 like Mac OS X) AppleWebKit/604.1.38 (KHTML, like Gecko) Version/11.0 Mobile/15A372 Safari/604.1]
[2018-08-03T09:05:41.846] [INFO] default - [::1 POST /QueryInventoryPrice 200 1505ms][http://localhost:3001/ HTTP/1.1 Mozilla/5.0 (iPhone; CPU iPhone OS 11_0 like Mac OS X) AppleWebKit/604.1.38 (KHTML, like Gecko) Version/11.0 Mobile/15A372 Safari/604.1]
[2018-08-03T09:05:45.947] [INFO] default - [::1 POST /Project 200 1252ms][http://localhost:3001/ HTTP/1.1 Mozilla/5.0 (iPhone; CPU iPhone OS 11_0 like Mac OS X) AppleWebKit/604.1.38 (KHTML, like Gecko) Version/11.0 Mobile/15A372 Safari/604.1]
[2018-08-03T09:05:46.111] [INFO] default - [::1 GET /warehouse 304 1415ms][http://localhost:3001/ HTTP/1.1 Mozilla/5.0 (iPhone; CPU iPhone OS 11_0 like Mac OS X) AppleWebKit/604.1.38 (KHTML, like Gecko) Version/11.0 Mobile/15A372 Safari/604.1]
[2018-08-03T09:05:46.199] [INFO] default - [::1 POST /person 200 1502ms][http://localhost:3001/ HTTP/1.1 Mozilla/5.0 (iPhone; CPU iPhone OS 11_0 like Mac OS X) AppleWebKit/604.1.38 (KHTML, like Gecko) Version/11.0 Mobile/15A372 Safari/604.1]
[2018-08-03T09:05:46.744] [INFO] default - [::1 GET /partner 304 2051ms][http://localhost:3001/ HTTP/1.1 Mozilla/5.0 (iPhone; CPU iPhone OS 11_0 like Mac OS X) AppleWebKit/604.1.38 (KHTML, like Gecko) Version/11.0 Mobile/15A372 Safari/604.1]
[2018-08-03T09:06:22.658] [INFO] default - [::1 POST /saleDeliveryCreate 200 967ms][http://localhost:3001/ HTTP/1.1 Mozilla/5.0 (iPhone; CPU iPhone OS 11_0 like Mac OS X) AppleWebKit/604.1.38 (KHTML, like Gecko) Version/11.0 Mobile/15A372 Safari/604.1]
[2018-08-03T09:06:23.790] [INFO] default - [::1 GET /QueryExecuting 304 1113ms][http://localhost:3001/ HTTP/1.1 Mozilla/5.0 (iPhone; CPU iPhone OS 11_0 like Mac OS X) AppleWebKit/604.1.38 (KHTML, like Gecko) Version/11.0 Mobile/15A372 Safari/604.1]
[2018-08-03T09:06:27.394] [INFO] default - [::1 GET /partner 304 943ms][http://localhost:3001/ HTTP/1.1 Mozilla/5.0 (iPhone; CPU iPhone OS 11_0 like Mac OS X) AppleWebKit/604.1.38 (KHTML, like Gecko) Version/11.0 Mobile/15A372 Safari/604.1]
[2018-08-03T09:08:14.107] [INFO] default - [::1 GET / 304 6ms][http://localhost:3001/ HTTP/1.1 Mozilla/5.0 (iPhone; CPU iPhone OS 11_0 like Mac OS X) AppleWebKit/604.1.38 (KHTML, like Gecko) Version/11.0 Mobile/15A372 Safari/604.1]
[2018-08-03T09:08:14.122] [INFO] default - [::1 GET /layui/css/layui.css 304 2ms][http://localhost:3001/ HTTP/1.1 Mozilla/5.0 (iPhone; CPU iPhone OS 11_0 like Mac OS X) AppleWebKit/604.1.38 (KHTML, like Gecko) Version/11.0 Mobile/15A372 Safari/604.1]
[2018-08-03T09:08:14.122] [INFO] default - [::1 GET /ydui/css/ydui.css 304 2ms][http://localhost:3001/ HTTP/1.1 Mozilla/5.0 (iPhone; CPU iPhone OS 11_0 like Mac OS X) AppleWebKit/604.1.38 (KHTML, like Gecko) Version/11.0 Mobile/15A372 Safari/604.1]
[2018-08-03T09:08:14.122] [INFO] default - [::1 GET /ydui/js/ydui.flexible.js 304 2ms][http://localhost:3001/ HTTP/1.1 Mozilla/5.0 (iPhone; CPU iPhone OS 11_0 like Mac OS X) AppleWebKit/604.1.38 (KHTML, like Gecko) Version/11.0 Mobile/15A372 Safari/604.1]
[2018-08-03T09:08:14.122] [INFO] default - [::1 GET /jquery-weui/dist/lib/weui.min.css 304 2ms][http://localhost:3001/ HTTP/1.1 Mozilla/5.0 (iPhone; CPU iPhone OS 11_0 like Mac OS X) AppleWebKit/604.1.38 (KHTML, like Gecko) Version/11.0 Mobile/15A372 Safari/604.1]
[2018-08-03T09:08:14.122] [INFO] default - [::1 GET /css/order.css 304 2ms][http://localhost:3001/ HTTP/1.1 Mozilla/5.0 (iPhone; CPU iPhone OS 11_0 like Mac OS X) AppleWebKit/604.1.38 (KHTML, like Gecko) Version/11.0 Mobile/15A372 Safari/604.1]
[2018-08-03T09:08:14.122] [INFO] default - [::1 GET /layui/layui.js 304 2ms][http://localhost:3001/ HTTP/1.1 Mozilla/5.0 (iPhone; CPU iPhone OS 11_0 like Mac OS X) AppleWebKit/604.1.38 (KHTML, like Gecko) Version/11.0 Mobile/15A372 Safari/604.1]
[2018-08-03T09:08:14.125] [INFO] default - [::1 GET /jquery/jquery.min.js 304 1ms][http://localhost:3001/ HTTP/1.1 Mozilla/5.0 (iPhone; CPU iPhone OS 11_0 like Mac OS X) AppleWebKit/604.1.38 (KHTML, like Gecko) Version/11.0 Mobile/15A372 Safari/604.1]
[2018-08-03T09:08:14.127] [INFO] default - [::1 GET /jquery-weui/dist/js/jquery-weui.min.js 304 1ms][http://localhost:3001/ HTTP/1.1 Mozilla/5.0 (iPhone; CPU iPhone OS 11_0 like Mac OS X) AppleWebKit/604.1.38 (KHTML, like Gecko) Version/11.0 Mobile/15A372 Safari/604.1]
[2018-08-03T09:08:14.128] [INFO] default - [::1 GET /javascript/function.js 304 0ms][http://localhost:3001/ HTTP/1.1 Mozilla/5.0 (iPhone; CPU iPhone OS 11_0 like Mac OS X) AppleWebKit/604.1.38 (KHTML, like Gecko) Version/11.0 Mobile/15A372 Safari/604.1]
[2018-08-03T09:08:14.179] [INFO] default - [::1 GET /layui/lay/modules/layer.js 304 0ms][http://localhost:3001/ HTTP/1.1 Mozilla/5.0 (iPhone; CPU iPhone OS 11_0 like Mac OS X) AppleWebKit/604.1.38 (KHTML, like Gecko) Version/11.0 Mobile/15A372 Safari/604.1]
[2018-08-03T09:08:14.189] [INFO] default - [::1 GET /layui/css/modules/layer/default/layer.css?v=3.1.1 304 2ms][http://localhost:3001/ HTTP/1.1 Mozilla/5.0 (iPhone; CPU iPhone OS 11_0 like Mac OS X) AppleWebKit/604.1.38 (KHTML, like Gecko) Version/11.0 Mobile/15A372 Safari/604.1]
[2018-08-03T09:08:14.189] [INFO] default - [::1 GET /layui/lay/modules/form.js 304 2ms][http://localhost:3001/ HTTP/1.1 Mozilla/5.0 (iPhone; CPU iPhone OS 11_0 like Mac OS X) AppleWebKit/604.1.38 (KHTML, like Gecko) Version/11.0 Mobile/15A372 Safari/604.1]
[2018-08-03T09:08:14.214] [INFO] default - [::1 GET /layui/css/modules/layer/default/loading-2.gif 304 0ms][http://localhost:3001/layui/css/modules/layer/default/layer.css?v=3.1.1 HTTP/1.1 Mozilla/5.0 (iPhone; CPU iPhone OS 11_0 like Mac OS X) AppleWebKit/604.1.38 (KHTML, like Gecko) Version/11.0 Mobile/15A372 Safari/604.1]
[2018-08-03T09:08:14.228] [INFO] default - [::1 GET /javascript/index1.js?_=1533258494157 200 1ms][http://localhost:3001/ HTTP/1.1 Mozilla/5.0 (iPhone; CPU iPhone OS 11_0 like Mac OS X) AppleWebKit/604.1.38 (KHTML, like Gecko) Version/11.0 Mobile/15A372 Safari/604.1]
[2018-08-03T09:08:14.234] [INFO] default - [::1 GET /javascript/order.js?_=1533258494158 200 1ms][http://localhost:3001/ HTTP/1.1 Mozilla/5.0 (iPhone; CPU iPhone OS 11_0 like Mac OS X) AppleWebKit/604.1.38 (KHTML, like Gecko) Version/11.0 Mobile/15A372 Safari/604.1]
[2018-08-03T09:08:14.242] [INFO] default - [::1 GET /javascript/sales.js?_=1533258494159 200 1ms][http://localhost:3001/ HTTP/1.1 Mozilla/5.0 (iPhone; CPU iPhone OS 11_0 like Mac OS X) AppleWebKit/604.1.38 (KHTML, like Gecko) Version/11.0 Mobile/15A372 Safari/604.1]
[2018-08-03T09:08:14.246] [INFO] default - [::1 GET /javascript/pullSignal.js?_=1533258494160 200 0ms][http://localhost:3001/ HTTP/1.1 Mozilla/5.0 (iPhone; CPU iPhone OS 11_0 like Mac OS X) AppleWebKit/604.1.38 (KHTML, like Gecko) Version/11.0 Mobile/15A372 Safari/604.1]
[2018-08-03T09:08:14.251] [INFO] default - [::1 GET /javascript/addApplicationGoods.js?_=1533258494161 200 1ms][http://localhost:3001/ HTTP/1.1 Mozilla/5.0 (iPhone; CPU iPhone OS 11_0 like Mac OS X) AppleWebKit/604.1.38 (KHTML, like Gecko) Version/11.0 Mobile/15A372 Safari/604.1]
[2018-08-03T09:08:14.259] [INFO] default - [::1 GET /javascript/addReturnRequest.js?_=1533258494162 200 1ms][http://localhost:3001/ HTTP/1.1 Mozilla/5.0 (iPhone; CPU iPhone OS 11_0 like Mac OS X) AppleWebKit/604.1.38 (KHTML, like Gecko) Version/11.0 Mobile/15A372 Safari/604.1]
[2018-08-03T09:08:14.264] [INFO] default - [::1 GET /javascript/requireGoodsList.js?_=1533258494163 200 1ms][http://localhost:3001/ HTTP/1.1 Mozilla/5.0 (iPhone; CPU iPhone OS 11_0 like Mac OS X) AppleWebKit/604.1.38 (KHTML, like Gecko) Version/11.0 Mobile/15A372 Safari/604.1]
[2018-08-03T09:08:14.269] [INFO] default - [::1 GET /javascript/saleslist.js?_=1533258494164 200 1ms][http://localhost:3001/ HTTP/1.1 Mozilla/5.0 (iPhone; CPU iPhone OS 11_0 like Mac OS X) AppleWebKit/604.1.38 (KHTML, like Gecko) Version/11.0 Mobile/15A372 Safari/604.1]
[2018-08-03T09:08:14.278] [INFO] default - [::1 GET /javascript/saleslist_goods.js?_=1533258494165 200 2ms][http://localhost:3001/ HTTP/1.1 Mozilla/5.0 (iPhone; CPU iPhone OS 11_0 like Mac OS X) AppleWebKit/604.1.38 (KHTML, like Gecko) Version/11.0 Mobile/15A372 Safari/604.1]
[2018-08-03T09:08:14.285] [INFO] default - [::1 GET /javascript/productList.js?_=1533258494166 200 2ms][http://localhost:3001/ HTTP/1.1 Mozilla/5.0 (iPhone; CPU iPhone OS 11_0 like Mac OS X) AppleWebKit/604.1.38 (KHTML, like Gecko) Version/11.0 Mobile/15A372 Safari/604.1]
[2018-08-03T09:08:14.338] [INFO] default - [::1 GET /javascript/selectCustomer.js?_=1533258494167 200 1ms][http://localhost:3001/ HTTP/1.1 Mozilla/5.0 (iPhone; CPU iPhone OS 11_0 like Mac OS X) AppleWebKit/604.1.38 (KHTML, like Gecko) Version/11.0 Mobile/15A372 Safari/604.1]
[2018-08-03T09:08:14.344] [INFO] default - [::1 GET /javascript/productDetail.js?_=1533258494168 200 1ms][http://localhost:3001/ HTTP/1.1 Mozilla/5.0 (iPhone; CPU iPhone OS 11_0 like Mac OS X) AppleWebKit/604.1.38 (KHTML, like Gecko) Version/11.0 Mobile/15A372 Safari/604.1]
[2018-08-03T09:08:14.348] [INFO] default - [::1 GET /layui/lay/modules/laytpl.js 304 1ms][http://localhost:3001/ HTTP/1.1 Mozilla/5.0 (iPhone; CPU iPhone OS 11_0 like Mac OS X) AppleWebKit/604.1.38 (KHTML, like Gecko) Version/11.0 Mobile/15A372 Safari/604.1]
[2018-08-03T09:08:14.359] [INFO] default - [::1 GET /layui/font/iconfont.woff?v=230 304 1ms][http://localhost:3001/layui/css/layui.css HTTP/1.1 Mozilla/5.0 (iPhone; CPU iPhone OS 11_0 like Mac OS X) AppleWebKit/604.1.38 (KHTML, like Gecko) Version/11.0 Mobile/15A372 Safari/604.1]
[2018-08-03T09:08:15.213] [INFO] default - [::1 GET /partner 304 861ms][http://localhost:3001/ HTTP/1.1 Mozilla/5.0 (iPhone; CPU iPhone OS 11_0 like Mac OS X) AppleWebKit/604.1.38 (KHTML, like Gecko) Version/11.0 Mobile/15A372 Safari/604.1]
[2018-08-03T09:08:17.217] [INFO] default - [::1 POST /Project 200 1141ms][http://localhost:3001/ HTTP/1.1 Mozilla/5.0 (iPhone; CPU iPhone OS 11_0 like Mac OS X) AppleWebKit/604.1.38 (KHTML, like Gecko) Version/11.0 Mobile/15A372 Safari/604.1]
[2018-08-03T09:08:17.714] [INFO] default - [::1 POST /person 200 1637ms][http://localhost:3001/ HTTP/1.1 Mozilla/5.0 (iPhone; CPU iPhone OS 11_0 like Mac OS X) AppleWebKit/604.1.38 (KHTML, like Gecko) Version/11.0 Mobile/15A372 Safari/604.1]
[2018-08-03T09:08:17.752] [INFO] default - [::1 GET /warehouse 304 1678ms][http://localhost:3001/ HTTP/1.1 Mozilla/5.0 (iPhone; CPU iPhone OS 11_0 like Mac OS X) AppleWebKit/604.1.38 (KHTML, like Gecko) Version/11.0 Mobile/15A372 Safari/604.1]
[2018-08-03T09:08:18.269] [INFO] default - [::1 GET /partner 304 2197ms][http://localhost:3001/ HTTP/1.1 Mozilla/5.0 (iPhone; CPU iPhone OS 11_0 like Mac OS X) AppleWebKit/604.1.38 (KHTML, like Gecko) Version/11.0 Mobile/15A372 Safari/604.1]
[2018-08-03T09:08:20.198] [INFO] default - [::1 POST /inventory 200 1018ms][http://localhost:3001/ HTTP/1.1 Mozilla/5.0 (iPhone; CPU iPhone OS 11_0 like Mac OS X) AppleWebKit/604.1.38 (KHTML, like Gecko) Version/11.0 Mobile/15A372 Safari/604.1]
[2018-08-03T09:08:21.511] [INFO] default - [::1 POST /QueryInventoryPrice 200 1305ms][http://localhost:3001/ HTTP/1.1 Mozilla/5.0 (iPhone; CPU iPhone OS 11_0 like Mac OS X) AppleWebKit/604.1.38 (KHTML, like Gecko) Version/11.0 Mobile/15A372 Safari/604.1]
[2018-08-03T09:08:26.165] [INFO] default - [::1 POST /Project 200 2332ms][http://localhost:3001/ HTTP/1.1 Mozilla/5.0 (iPhone; CPU iPhone OS 11_0 like Mac OS X) AppleWebKit/604.1.38 (KHTML, like Gecko) Version/11.0 Mobile/15A372 Safari/604.1]
[2018-08-03T09:08:26.539] [INFO] default - [::1 GET /warehouse 304 2704ms][http://localhost:3001/ HTTP/1.1 Mozilla/5.0 (iPhone; CPU iPhone OS 11_0 like Mac OS X) AppleWebKit/604.1.38 (KHTML, like Gecko) Version/11.0 Mobile/15A372 Safari/604.1]
[2018-08-03T09:08:26.715] [INFO] default - [::1 GET /layui/css/modules/layer/default/icon.png 304 1ms][http://localhost:3001/layui/css/modules/layer/default/layer.css?v=3.1.1 HTTP/1.1 Mozilla/5.0 (iPhone; CPU iPhone OS 11_0 like Mac OS X) AppleWebKit/604.1.38 (KHTML, like Gecko) Version/11.0 Mobile/15A372 Safari/604.1]
[2018-08-03T09:08:26.898] [INFO] default - [::1 GET /partner 304 3067ms][http://localhost:3001/ HTTP/1.1 Mozilla/5.0 (iPhone; CPU iPhone OS 11_0 like Mac OS X) AppleWebKit/604.1.38 (KHTML, like Gecko) Version/11.0 Mobile/15A372 Safari/604.1]
[2018-08-03T09:08:27.435] [INFO] default - [::1 POST /person 200 3601ms][http://localhost:3001/ HTTP/1.1 Mozilla/5.0 (iPhone; CPU iPhone OS 11_0 like Mac OS X) AppleWebKit/604.1.38 (KHTML, like Gecko) Version/11.0 Mobile/15A372 Safari/604.1]
[2018-08-03T09:08:31.302] [INFO] default - [::1 POST /saleDeliveryCreate 200 1096ms][http://localhost:3001/ HTTP/1.1 Mozilla/5.0 (iPhone; CPU iPhone OS 11_0 like Mac OS X) AppleWebKit/604.1.38 (KHTML, like Gecko) Version/11.0 Mobile/15A372 Safari/604.1]
[2018-08-03T09:08:32.314] [INFO] default - [::1 GET /QueryExecuting 304 996ms][http://localhost:3001/ HTTP/1.1 Mozilla/5.0 (iPhone; CPU iPhone OS 11_0 like Mac OS X) AppleWebKit/604.1.38 (KHTML, like Gecko) Version/11.0 Mobile/15A372 Safari/604.1]
[2018-08-03T09:11:09.875] [INFO] default - [::1 GET / 304 5ms][http://localhost:3001/ HTTP/1.1 Mozilla/5.0 (iPhone; CPU iPhone OS 11_0 like Mac OS X) AppleWebKit/604.1.38 (KHTML, like Gecko) Version/11.0 Mobile/15A372 Safari/604.1]
[2018-08-03T09:11:09.886] [INFO] default - [::1 GET /layui/css/layui.css 304 1ms][http://localhost:3001/ HTTP/1.1 Mozilla/5.0 (iPhone; CPU iPhone OS 11_0 like Mac OS X) AppleWebKit/604.1.38 (KHTML, like Gecko) Version/11.0 Mobile/15A372 Safari/604.1]
[2018-08-03T09:11:09.887] [INFO] default - [::1 GET /ydui/css/ydui.css 304 2ms][http://localhost:3001/ HTTP/1.1 Mozilla/5.0 (iPhone; CPU iPhone OS 11_0 like Mac OS X) AppleWebKit/604.1.38 (KHTML, like Gecko) Version/11.0 Mobile/15A372 Safari/604.1]
[2018-08-03T09:11:09.888] [INFO] default - [::1 GET /ydui/js/ydui.flexible.js 304 2ms][http://localhost:3001/ HTTP/1.1 Mozilla/5.0 (iPhone; CPU iPhone OS 11_0 like Mac OS X) AppleWebKit/604.1.38 (KHTML, like Gecko) Version/11.0 Mobile/15A372 Safari/604.1]
[2018-08-03T09:11:09.888] [INFO] default - [::1 GET /jquery-weui/dist/lib/weui.min.css 304 2ms][http://localhost:3001/ HTTP/1.1 Mozilla/5.0 (iPhone; CPU iPhone OS 11_0 like Mac OS X) AppleWebKit/604.1.38 (KHTML, like Gecko) Version/11.0 Mobile/15A372 Safari/604.1]
[2018-08-03T09:11:09.889] [INFO] default - [::1 GET /css/order.css 304 2ms][http://localhost:3001/ HTTP/1.1 Mozilla/5.0 (iPhone; CPU iPhone OS 11_0 like Mac OS X) AppleWebKit/604.1.38 (KHTML, like Gecko) Version/11.0 Mobile/15A372 Safari/604.1]
[2018-08-03T09:11:09.889] [INFO] default - [::1 GET /layui/layui.js 304 2ms][http://localhost:3001/ HTTP/1.1 Mozilla/5.0 (iPhone; CPU iPhone OS 11_0 like Mac OS X) AppleWebKit/604.1.38 (KHTML, like Gecko) Version/11.0 Mobile/15A372 Safari/604.1]
[2018-08-03T09:11:09.890] [INFO] default - [::1 GET /jquery/jquery.min.js 304 1ms][http://localhost:3001/ HTTP/1.1 Mozilla/5.0 (iPhone; CPU iPhone OS 11_0 like Mac OS X) AppleWebKit/604.1.38 (KHTML, like Gecko) Version/11.0 Mobile/15A372 Safari/604.1]
[2018-08-03T09:11:09.891] [INFO] default - [::1 GET /jquery-weui/dist/js/jquery-weui.min.js 304 2ms][http://localhost:3001/ HTTP/1.1 Mozilla/5.0 (iPhone; CPU iPhone OS 11_0 like Mac OS X) AppleWebKit/604.1.38 (KHTML, like Gecko) Version/11.0 Mobile/15A372 Safari/604.1]
[2018-08-03T09:11:09.891] [INFO] default - [::1 GET /javascript/function.js 304 1ms][http://localhost:3001/ HTTP/1.1 Mozilla/5.0 (iPhone; CPU iPhone OS 11_0 like Mac OS X) AppleWebKit/604.1.38 (KHTML, like Gecko) Version/11.0 Mobile/15A372 Safari/604.1]
[2018-08-03T09:11:09.933] [INFO] default - [::1 GET /layui/lay/modules/layer.js 304 0ms][http://localhost:3001/ HTTP/1.1 Mozilla/5.0 (iPhone; CPU iPhone OS 11_0 like Mac OS X) AppleWebKit/604.1.38 (KHTML, like Gecko) Version/11.0 Mobile/15A372 Safari/604.1]
[2018-08-03T09:11:09.950] [INFO] default - [::1 GET /layui/css/modules/layer/default/layer.css?v=3.1.1 304 1ms][http://localhost:3001/ HTTP/1.1 Mozilla/5.0 (iPhone; CPU iPhone OS 11_0 like Mac OS X) AppleWebKit/604.1.38 (KHTML, like Gecko) Version/11.0 Mobile/15A372 Safari/604.1]
[2018-08-03T09:11:09.954] [INFO] default - [::1 GET /layui/lay/modules/form.js 304 0ms][http://localhost:3001/ HTTP/1.1 Mozilla/5.0 (iPhone; CPU iPhone OS 11_0 like Mac OS X) AppleWebKit/604.1.38 (KHTML, like Gecko) Version/11.0 Mobile/15A372 Safari/604.1]
[2018-08-03T09:11:09.963] [INFO] default - [::1 GET /layui/css/modules/layer/default/loading-2.gif 304 0ms][http://localhost:3001/layui/css/modules/layer/default/layer.css?v=3.1.1 HTTP/1.1 Mozilla/5.0 (iPhone; CPU iPhone OS 11_0 like Mac OS X) AppleWebKit/604.1.38 (KHTML, like Gecko) Version/11.0 Mobile/15A372 Safari/604.1]
[2018-08-03T09:11:09.971] [INFO] default - [::1 GET /javascript/index1.js?_=1533258669919 200 1ms][http://localhost:3001/ HTTP/1.1 Mozilla/5.0 (iPhone; CPU iPhone OS 11_0 like Mac OS X) AppleWebKit/604.1.38 (KHTML, like Gecko) Version/11.0 Mobile/15A372 Safari/604.1]
[2018-08-03T09:11:09.977] [INFO] default - [::1 GET /javascript/order.js?_=1533258669920 200 1ms][http://localhost:3001/ HTTP/1.1 Mozilla/5.0 (iPhone; CPU iPhone OS 11_0 like Mac OS X) AppleWebKit/604.1.38 (KHTML, like Gecko) Version/11.0 Mobile/15A372 Safari/604.1]
[2018-08-03T09:11:09.984] [INFO] default - [::1 GET /javascript/sales.js?_=1533258669921 200 1ms][http://localhost:3001/ HTTP/1.1 Mozilla/5.0 (iPhone; CPU iPhone OS 11_0 like Mac OS X) AppleWebKit/604.1.38 (KHTML, like Gecko) Version/11.0 Mobile/15A372 Safari/604.1]
[2018-08-03T09:11:09.990] [INFO] default - [::1 GET /javascript/pullSignal.js?_=1533258669922 200 1ms][http://localhost:3001/ HTTP/1.1 Mozilla/5.0 (iPhone; CPU iPhone OS 11_0 like Mac OS X) AppleWebKit/604.1.38 (KHTML, like Gecko) Version/11.0 Mobile/15A372 Safari/604.1]
[2018-08-03T09:11:09.998] [INFO] default - [::1 GET /javascript/addApplicationGoods.js?_=1533258669923 200 1ms][http://localhost:3001/ HTTP/1.1 Mozilla/5.0 (iPhone; CPU iPhone OS 11_0 like Mac OS X) AppleWebKit/604.1.38 (KHTML, like Gecko) Version/11.0 Mobile/15A372 Safari/604.1]
[2018-08-03T09:11:10.004] [INFO] default - [::1 GET /javascript/addReturnRequest.js?_=1533258669924 200 1ms][http://localhost:3001/ HTTP/1.1 Mozilla/5.0 (iPhone; CPU iPhone OS 11_0 like Mac OS X) AppleWebKit/604.1.38 (KHTML, like Gecko) Version/11.0 Mobile/15A372 Safari/604.1]
[2018-08-03T09:11:10.010] [INFO] default - [::1 GET /javascript/requireGoodsList.js?_=1533258669925 200 1ms][http://localhost:3001/ HTTP/1.1 Mozilla/5.0 (iPhone; CPU iPhone OS 11_0 like Mac OS X) AppleWebKit/604.1.38 (KHTML, like Gecko) Version/11.0 Mobile/15A372 Safari/604.1]
[2018-08-03T09:11:10.016] [INFO] default - [::1 GET /javascript/saleslist.js?_=1533258669926 200 1ms][http://localhost:3001/ HTTP/1.1 Mozilla/5.0 (iPhone; CPU iPhone OS 11_0 like Mac OS X) AppleWebKit/604.1.38 (KHTML, like Gecko) Version/11.0 Mobile/15A372 Safari/604.1]
[2018-08-03T09:11:10.023] [INFO] default - [::1 GET /javascript/saleslist_goods.js?_=1533258669927 200 2ms][http://localhost:3001/ HTTP/1.1 Mozilla/5.0 (iPhone; CPU iPhone OS 11_0 like Mac OS X) AppleWebKit/604.1.38 (KHTML, like Gecko) Version/11.0 Mobile/15A372 Safari/604.1]
[2018-08-03T09:11:10.032] [INFO] default - [::1 GET /javascript/productList.js?_=1533258669928 200 1ms][http://localhost:3001/ HTTP/1.1 Mozilla/5.0 (iPhone; CPU iPhone OS 11_0 like Mac OS X) AppleWebKit/604.1.38 (KHTML, like Gecko) Version/11.0 Mobile/15A372 Safari/604.1]
[2018-08-03T09:11:10.040] [INFO] default - [::1 GET /javascript/selectCustomer.js?_=1533258669929 200 1ms][http://localhost:3001/ HTTP/1.1 Mozilla/5.0 (iPhone; CPU iPhone OS 11_0 like Mac OS X) AppleWebKit/604.1.38 (KHTML, like Gecko) Version/11.0 Mobile/15A372 Safari/604.1]
[2018-08-03T09:11:10.049] [INFO] default - [::1 GET /javascript/productDetail.js?_=1533258669930 200 1ms][http://localhost:3001/ HTTP/1.1 Mozilla/5.0 (iPhone; CPU iPhone OS 11_0 like Mac OS X) AppleWebKit/604.1.38 (KHTML, like Gecko) Version/11.0 Mobile/15A372 Safari/604.1]
[2018-08-03T09:11:10.053] [INFO] default - [::1 GET /layui/lay/modules/laytpl.js 304 1ms][http://localhost:3001/ HTTP/1.1 Mozilla/5.0 (iPhone; CPU iPhone OS 11_0 like Mac OS X) AppleWebKit/604.1.38 (KHTML, like Gecko) Version/11.0 Mobile/15A372 Safari/604.1]
[2018-08-03T09:11:10.069] [INFO] default - [::1 GET /layui/font/iconfont.woff?v=230 304 1ms][http://localhost:3001/layui/css/layui.css HTTP/1.1 Mozilla/5.0 (iPhone; CPU iPhone OS 11_0 like Mac OS X) AppleWebKit/604.1.38 (KHTML, like Gecko) Version/11.0 Mobile/15A372 Safari/604.1]
[2018-08-03T09:11:11.191] [INFO] default - [::1 GET /QueryExecuting 304 1128ms][http://localhost:3001/ HTTP/1.1 Mozilla/5.0 (iPhone; CPU iPhone OS 11_0 like Mac OS X) AppleWebKit/604.1.38 (KHTML, like Gecko) Version/11.0 Mobile/15A372 Safari/604.1]
[2018-08-03T09:11:14.378] [INFO] default - [::1 GET /partner 304 832ms][http://localhost:3001/ HTTP/1.1 Mozilla/5.0 (iPhone; CPU iPhone OS 11_0 like Mac OS X) AppleWebKit/604.1.38 (KHTML, like Gecko) Version/11.0 Mobile/15A372 Safari/604.1]
[2018-08-03T09:11:17.818] [INFO] default - [::1 GET /partner 304 2443ms][http://localhost:3001/ HTTP/1.1 Mozilla/5.0 (iPhone; CPU iPhone OS 11_0 like Mac OS X) AppleWebKit/604.1.38 (KHTML, like Gecko) Version/11.0 Mobile/15A372 Safari/604.1]
[2018-08-03T09:11:18.200] [INFO] default - [::1 POST /Project 200 2823ms][http://localhost:3001/ HTTP/1.1 Mozilla/5.0 (iPhone; CPU iPhone OS 11_0 like Mac OS X) AppleWebKit/604.1.38 (KHTML, like Gecko) Version/11.0 Mobile/15A372 Safari/604.1]
[2018-08-03T09:11:18.782] [INFO] default - [::1 GET /warehouse 304 3402ms][http://localhost:3001/ HTTP/1.1 Mozilla/5.0 (iPhone; CPU iPhone OS 11_0 like Mac OS X) AppleWebKit/604.1.38 (KHTML, like Gecko) Version/11.0 Mobile/15A372 Safari/604.1]
[2018-08-03T09:11:19.220] [INFO] default - [::1 POST /person 200 3841ms][http://localhost:3001/ HTTP/1.1 Mozilla/5.0 (iPhone; CPU iPhone OS 11_0 like Mac OS X) AppleWebKit/604.1.38 (KHTML, like Gecko) Version/11.0 Mobile/15A372 Safari/604.1]
[2018-08-03T09:11:21.071] [INFO] default - [::1 POST /inventory 200 2106ms][http://localhost:3001/ HTTP/1.1 Mozilla/5.0 (iPhone; CPU iPhone OS 11_0 like Mac OS X) AppleWebKit/604.1.38 (KHTML, like Gecko) Version/11.0 Mobile/15A372 Safari/604.1]
[2018-08-03T09:11:23.124] [INFO] default - [::1 POST /QueryInventoryPrice 200 2046ms][http://localhost:3001/ HTTP/1.1 Mozilla/5.0 (iPhone; CPU iPhone OS 11_0 like Mac OS X) AppleWebKit/604.1.38 (KHTML, like Gecko) Version/11.0 Mobile/15A372 Safari/604.1]
[2018-08-03T09:11:26.881] [INFO] default - [::1 GET /partner 304 1618ms][http://localhost:3001/ HTTP/1.1 Mozilla/5.0 (iPhone; CPU iPhone OS 11_0 like Mac OS X) AppleWebKit/604.1.38 (KHTML, like Gecko) Version/11.0 Mobile/15A372 Safari/604.1]
[2018-08-03T09:11:27.101] [INFO] default - [::1 POST /Project 200 1836ms][http://localhost:3001/ HTTP/1.1 Mozilla/5.0 (iPhone; CPU iPhone OS 11_0 like Mac OS X) AppleWebKit/604.1.38 (KHTML, like Gecko) Version/11.0 Mobile/15A372 Safari/604.1]
[2018-08-03T09:11:27.464] [INFO] default - [::1 GET /warehouse 304 2197ms][http://localhost:3001/ HTTP/1.1 Mozilla/5.0 (iPhone; CPU iPhone OS 11_0 like Mac OS X) AppleWebKit/604.1.38 (KHTML, like Gecko) Version/11.0 Mobile/15A372 Safari/604.1]
[2018-08-03T09:11:27.481] [INFO] default - [::1 POST /person 200 2216ms][http://localhost:3001/ HTTP/1.1 Mozilla/5.0 (iPhone; CPU iPhone OS 11_0 like Mac OS X) AppleWebKit/604.1.38 (KHTML, like Gecko) Version/11.0 Mobile/15A372 Safari/604.1]
[2018-08-03T09:11:30.198] [INFO] default - [::1 GET /layui/css/modules/layer/default/icon.png 304 0ms][http://localhost:3001/layui/css/modules/layer/default/layer.css?v=3.1.1 HTTP/1.1 Mozilla/5.0 (iPhone; CPU iPhone OS 11_0 like Mac OS X) AppleWebKit/604.1.38 (KHTML, like Gecko) Version/11.0 Mobile/15A372 Safari/604.1]
[2018-08-03T09:11:44.231] [INFO] default - [::1 POST /saleDeliveryCreate 200 4932ms][http://localhost:3001/ HTTP/1.1 Mozilla/5.0 (iPhone; CPU iPhone OS 11_0 like Mac OS X) AppleWebKit/604.1.38 (KHTML, like Gecko) Version/11.0 Mobile/15A372 Safari/604.1]
[2018-08-03T09:11:45.213] [INFO] default - [::1 GET /QueryExecuting 200 972ms][http://localhost:3001/ HTTP/1.1 Mozilla/5.0 (iPhone; CPU iPhone OS 11_0 like Mac OS X) AppleWebKit/604.1.38 (KHTML, like Gecko) Version/11.0 Mobile/15A372 Safari/604.1]
[2018-08-03T09:13:19.962] [INFO] default - [::1 GET / 304 4ms][http://localhost:3001/ HTTP/1.1 Mozilla/5.0 (iPhone; CPU iPhone OS 11_0 like Mac OS X) AppleWebKit/604.1.38 (KHTML, like Gecko) Version/11.0 Mobile/15A372 Safari/604.1]
[2018-08-03T09:13:19.973] [INFO] default - [::1 GET /layui/css/layui.css 304 1ms][http://localhost:3001/ HTTP/1.1 Mozilla/5.0 (iPhone; CPU iPhone OS 11_0 like Mac OS X) AppleWebKit/604.1.38 (KHTML, like Gecko) Version/11.0 Mobile/15A372 Safari/604.1]
[2018-08-03T09:13:19.973] [INFO] default - [::1 GET /ydui/css/ydui.css 304 1ms][http://localhost:3001/ HTTP/1.1 Mozilla/5.0 (iPhone; CPU iPhone OS 11_0 like Mac OS X) AppleWebKit/604.1.38 (KHTML, like Gecko) Version/11.0 Mobile/15A372 Safari/604.1]
[2018-08-03T09:13:19.975] [INFO] default - [::1 GET /ydui/js/ydui.flexible.js 304 3ms][http://localhost:3001/ HTTP/1.1 Mozilla/5.0 (iPhone; CPU iPhone OS 11_0 like Mac OS X) AppleWebKit/604.1.38 (KHTML, like Gecko) Version/11.0 Mobile/15A372 Safari/604.1]
[2018-08-03T09:13:19.975] [INFO] default - [::1 GET /jquery-weui/dist/lib/weui.min.css 304 2ms][http://localhost:3001/ HTTP/1.1 Mozilla/5.0 (iPhone; CPU iPhone OS 11_0 like Mac OS X) AppleWebKit/604.1.38 (KHTML, like Gecko) Version/11.0 Mobile/15A372 Safari/604.1]
[2018-08-03T09:13:19.977] [INFO] default - [::1 GET /css/order.css 304 2ms][http://localhost:3001/ HTTP/1.1 Mozilla/5.0 (iPhone; CPU iPhone OS 11_0 like Mac OS X) AppleWebKit/604.1.38 (KHTML, like Gecko) Version/11.0 Mobile/15A372 Safari/604.1]
[2018-08-03T09:13:19.977] [INFO] default - [::1 GET /layui/layui.js 304 2ms][http://localhost:3001/ HTTP/1.1 Mozilla/5.0 (iPhone; CPU iPhone OS 11_0 like Mac OS X) AppleWebKit/604.1.38 (KHTML, like Gecko) Version/11.0 Mobile/15A372 Safari/604.1]
[2018-08-03T09:13:19.977] [INFO] default - [::1 GET /jquery/jquery.min.js 304 1ms][http://localhost:3001/ HTTP/1.1 Mozilla/5.0 (iPhone; CPU iPhone OS 11_0 like Mac OS X) AppleWebKit/604.1.38 (KHTML, like Gecko) Version/11.0 Mobile/15A372 Safari/604.1]
[2018-08-03T09:13:19.977] [INFO] default - [::1 GET /jquery-weui/dist/js/jquery-weui.min.js 304 1ms][http://localhost:3001/ HTTP/1.1 Mozilla/5.0 (iPhone; CPU iPhone OS 11_0 like Mac OS X) AppleWebKit/604.1.38 (KHTML, like Gecko) Version/11.0 Mobile/15A372 Safari/604.1]
[2018-08-03T09:13:19.980] [INFO] default - [::1 GET /javascript/function.js 304 0ms][http://localhost:3001/ HTTP/1.1 Mozilla/5.0 (iPhone; CPU iPhone OS 11_0 like Mac OS X) AppleWebKit/604.1.38 (KHTML, like Gecko) Version/11.0 Mobile/15A372 Safari/604.1]
[2018-08-03T09:13:20.020] [INFO] default - [::1 GET /layui/lay/modules/layer.js 304 0ms][http://localhost:3001/ HTTP/1.1 Mozilla/5.0 (iPhone; CPU iPhone OS 11_0 like Mac OS X) AppleWebKit/604.1.38 (KHTML, like Gecko) Version/11.0 Mobile/15A372 Safari/604.1]
[2018-08-03T09:13:20.038] [INFO] default - [::1 GET /layui/css/modules/layer/default/layer.css?v=3.1.1 304 1ms][http://localhost:3001/ HTTP/1.1 Mozilla/5.0 (iPhone; CPU iPhone OS 11_0 like Mac OS X) AppleWebKit/604.1.38 (KHTML, like Gecko) Version/11.0 Mobile/15A372 Safari/604.1]
[2018-08-03T09:13:20.038] [INFO] default - [::1 GET /layui/lay/modules/form.js 304 0ms][http://localhost:3001/ HTTP/1.1 Mozilla/5.0 (iPhone; CPU iPhone OS 11_0 like Mac OS X) AppleWebKit/604.1.38 (KHTML, like Gecko) Version/11.0 Mobile/15A372 Safari/604.1]
[2018-08-03T09:13:20.051] [INFO] default - [::1 GET /layui/css/modules/layer/default/loading-2.gif 304 1ms][http://localhost:3001/layui/css/modules/layer/default/layer.css?v=3.1.1 HTTP/1.1 Mozilla/5.0 (iPhone; CPU iPhone OS 11_0 like Mac OS X) AppleWebKit/604.1.38 (KHTML, like Gecko) Version/11.0 Mobile/15A372 Safari/604.1]
[2018-08-03T09:13:20.062] [INFO] default - [::1 GET /javascript/index1.js?_=1533258800005 200 0ms][http://localhost:3001/ HTTP/1.1 Mozilla/5.0 (iPhone; CPU iPhone OS 11_0 like Mac OS X) AppleWebKit/604.1.38 (KHTML, like Gecko) Version/11.0 Mobile/15A372 Safari/604.1]
[2018-08-03T09:13:20.070] [INFO] default - [::1 GET /javascript/order.js?_=1533258800006 200 1ms][http://localhost:3001/ HTTP/1.1 Mozilla/5.0 (iPhone; CPU iPhone OS 11_0 like Mac OS X) AppleWebKit/604.1.38 (KHTML, like Gecko) Version/11.0 Mobile/15A372 Safari/604.1]
[2018-08-03T09:13:20.076] [INFO] default - [::1 GET /javascript/sales.js?_=1533258800007 200 2ms][http://localhost:3001/ HTTP/1.1 Mozilla/5.0 (iPhone; CPU iPhone OS 11_0 like Mac OS X) AppleWebKit/604.1.38 (KHTML, like Gecko) Version/11.0 Mobile/15A372 Safari/604.1]
[2018-08-03T09:13:20.080] [INFO] default - [::1 GET /javascript/pullSignal.js?_=1533258800008 200 1ms][http://localhost:3001/ HTTP/1.1 Mozilla/5.0 (iPhone; CPU iPhone OS 11_0 like Mac OS X) AppleWebKit/604.1.38 (KHTML, like Gecko) Version/11.0 Mobile/15A372 Safari/604.1]
[2018-08-03T09:13:20.086] [INFO] default - [::1 GET /javascript/addApplicationGoods.js?_=1533258800009 200 1ms][http://localhost:3001/ HTTP/1.1 Mozilla/5.0 (iPhone; CPU iPhone OS 11_0 like Mac OS X) AppleWebKit/604.1.38 (KHTML, like Gecko) Version/11.0 Mobile/15A372 Safari/604.1]
[2018-08-03T09:13:20.092] [INFO] default - [::1 GET /javascript/addReturnRequest.js?_=1533258800010 200 0ms][http://localhost:3001/ HTTP/1.1 Mozilla/5.0 (iPhone; CPU iPhone OS 11_0 like Mac OS X) AppleWebKit/604.1.38 (KHTML, like Gecko) Version/11.0 Mobile/15A372 Safari/604.1]
[2018-08-03T09:13:20.098] [INFO] default - [::1 GET /javascript/requireGoodsList.js?_=1533258800011 200 1ms][http://localhost:3001/ HTTP/1.1 Mozilla/5.0 (iPhone; CPU iPhone OS 11_0 like Mac OS X) AppleWebKit/604.1.38 (KHTML, like Gecko) Version/11.0 Mobile/15A372 Safari/604.1]
[2018-08-03T09:13:20.108] [INFO] default - [::1 GET /javascript/saleslist.js?_=1533258800012 200 1ms][http://localhost:3001/ HTTP/1.1 Mozilla/5.0 (iPhone; CPU iPhone OS 11_0 like Mac OS X) AppleWebKit/604.1.38 (KHTML, like Gecko) Version/11.0 Mobile/15A372 Safari/604.1]
[2018-08-03T09:13:20.113] [INFO] default - [::1 GET /javascript/saleslist_goods.js?_=1533258800013 200 1ms][http://localhost:3001/ HTTP/1.1 Mozilla/5.0 (iPhone; CPU iPhone OS 11_0 like Mac OS X) AppleWebKit/604.1.38 (KHTML, like Gecko) Version/11.0 Mobile/15A372 Safari/604.1]
[2018-08-03T09:13:20.159] [INFO] default - [::1 GET /javascript/productList.js?_=1533258800014 200 1ms][http://localhost:3001/ HTTP/1.1 Mozilla/5.0 (iPhone; CPU iPhone OS 11_0 like Mac OS X) AppleWebKit/604.1.38 (KHTML, like Gecko) Version/11.0 Mobile/15A372 Safari/604.1]
[2018-08-03T09:13:20.166] [INFO] default - [::1 GET /javascript/selectCustomer.js?_=1533258800015 200 2ms][http://localhost:3001/ HTTP/1.1 Mozilla/5.0 (iPhone; CPU iPhone OS 11_0 like Mac OS X) AppleWebKit/604.1.38 (KHTML, like Gecko) Version/11.0 Mobile/15A372 Safari/604.1]
[2018-08-03T09:13:20.173] [INFO] default - [::1 GET /javascript/productDetail.js?_=1533258800016 200 1ms][http://localhost:3001/ HTTP/1.1 Mozilla/5.0 (iPhone; CPU iPhone OS 11_0 like Mac OS X) AppleWebKit/604.1.38 (KHTML, like Gecko) Version/11.0 Mobile/15A372 Safari/604.1]
[2018-08-03T09:13:20.179] [INFO] default - [::1 GET /layui/lay/modules/laytpl.js 304 1ms][http://localhost:3001/ HTTP/1.1 Mozilla/5.0 (iPhone; CPU iPhone OS 11_0 like Mac OS X) AppleWebKit/604.1.38 (KHTML, like Gecko) Version/11.0 Mobile/15A372 Safari/604.1]
[2018-08-03T09:13:20.194] [INFO] default - [::1 GET /layui/font/iconfont.woff?v=230 304 2ms][http://localhost:3001/layui/css/layui.css HTTP/1.1 Mozilla/5.0 (iPhone; CPU iPhone OS 11_0 like Mac OS X) AppleWebKit/604.1.38 (KHTML, like Gecko) Version/11.0 Mobile/15A372 Safari/604.1]
[2018-08-03T09:13:21.825] [INFO] default - [::1 GET /partner 304 996ms][http://localhost:3001/ HTTP/1.1 Mozilla/5.0 (iPhone; CPU iPhone OS 11_0 like Mac OS X) AppleWebKit/604.1.38 (KHTML, like Gecko) Version/11.0 Mobile/15A372 Safari/604.1]
[2018-08-03T09:13:24.214] [INFO] default - [::1 POST /person 200 1465ms][http://localhost:3001/ HTTP/1.1 Mozilla/5.0 (iPhone; CPU iPhone OS 11_0 like Mac OS X) AppleWebKit/604.1.38 (KHTML, like Gecko) Version/11.0 Mobile/15A372 Safari/604.1]
[2018-08-03T09:13:24.562] [INFO] default - [::1 POST /Project 200 1814ms][http://localhost:3001/ HTTP/1.1 Mozilla/5.0 (iPhone; CPU iPhone OS 11_0 like Mac OS X) AppleWebKit/604.1.38 (KHTML, like Gecko) Version/11.0 Mobile/15A372 Safari/604.1]
[2018-08-03T09:13:24.914] [INFO] default - [::1 GET /warehouse 304 2167ms][http://localhost:3001/ HTTP/1.1 Mozilla/5.0 (iPhone; CPU iPhone OS 11_0 like Mac OS X) AppleWebKit/604.1.38 (KHTML, like Gecko) Version/11.0 Mobile/15A372 Safari/604.1]
[2018-08-03T09:13:24.976] [INFO] default - [::1 GET /partner 304 2230ms][http://localhost:3001/ HTTP/1.1 Mozilla/5.0 (iPhone; CPU iPhone OS 11_0 like Mac OS X) AppleWebKit/604.1.38 (KHTML, like Gecko) Version/11.0 Mobile/15A372 Safari/604.1]
[2018-08-03T09:13:26.333] [INFO] default - [::1 POST /inventory 200 721ms][http://localhost:3001/ HTTP/1.1 Mozilla/5.0 (iPhone; CPU iPhone OS 11_0 like Mac OS X) AppleWebKit/604.1.38 (KHTML, like Gecko) Version/11.0 Mobile/15A372 Safari/604.1]
[2018-08-03T09:13:27.760] [INFO] default - [::1 POST /QueryInventoryPrice 200 1420ms][http://localhost:3001/ HTTP/1.1 Mozilla/5.0 (iPhone; CPU iPhone OS 11_0 like Mac OS X) AppleWebKit/604.1.38 (KHTML, like Gecko) Version/11.0 Mobile/15A372 Safari/604.1]
[2018-08-03T09:13:32.520] [INFO] default - [::1 GET /warehouse 304 2040ms][http://localhost:3001/ HTTP/1.1 Mozilla/5.0 (iPhone; CPU iPhone OS 11_0 like Mac OS X) AppleWebKit/604.1.38 (KHTML, like Gecko) Version/11.0 Mobile/15A372 Safari/604.1]
[2018-08-03T09:13:32.564] [INFO] default - [::1 GET /partner 304 2085ms][http://localhost:3001/ HTTP/1.1 Mozilla/5.0 (iPhone; CPU iPhone OS 11_0 like Mac OS X) AppleWebKit/604.1.38 (KHTML, like Gecko) Version/11.0 Mobile/15A372 Safari/604.1]
[2018-08-03T09:13:32.930] [INFO] default - [::1 POST /Project 200 2450ms][http://localhost:3001/ HTTP/1.1 Mozilla/5.0 (iPhone; CPU iPhone OS 11_0 like Mac OS X) AppleWebKit/604.1.38 (KHTML, like Gecko) Version/11.0 Mobile/15A372 Safari/604.1]
[2018-08-03T09:13:33.389] [INFO] default - [::1 POST /person 200 2906ms][http://localhost:3001/ HTTP/1.1 Mozilla/5.0 (iPhone; CPU iPhone OS 11_0 like Mac OS X) AppleWebKit/604.1.38 (KHTML, like Gecko) Version/11.0 Mobile/15A372 Safari/604.1]
[2018-08-03T09:13:42.015] [INFO] default - [::1 GET /layui/css/modules/layer/default/icon.png 304 1ms][http://localhost:3001/layui/css/modules/layer/default/layer.css?v=3.1.1 HTTP/1.1 Mozilla/5.0 (iPhone; CPU iPhone OS 11_0 like Mac OS X) AppleWebKit/604.1.38 (KHTML, like Gecko) Version/11.0 Mobile/15A372 Safari/604.1]
[2018-08-03T09:13:43.340] [INFO] default - [::1 GET /layui/css/modules/layer/default/loading-0.gif 200 23ms][http://localhost:3001/layui/css/modules/layer/default/layer.css?v=3.1.1 HTTP/1.1 Mozilla/5.0 (iPhone; CPU iPhone OS 11_0 like Mac OS X) AppleWebKit/604.1.38 (KHTML, like Gecko) Version/11.0 Mobile/15A372 Safari/604.1]
[2018-08-03T09:13:45.188] [INFO] default - [::1 POST /saleDeliveryCreate 200 1868ms][http://localhost:3001/ HTTP/1.1 Mozilla/5.0 (iPhone; CPU iPhone OS 11_0 like Mac OS X) AppleWebKit/604.1.38 (KHTML, like Gecko) Version/11.0 Mobile/15A372 Safari/604.1]
[2018-08-03T09:13:47.143] [INFO] default - [::1 GET /QueryExecuting 200 1939ms][http://localhost:3001/ HTTP/1.1 Mozilla/5.0 (iPhone; CPU iPhone OS 11_0 like Mac OS X) AppleWebKit/604.1.38 (KHTML, like Gecko) Version/11.0 Mobile/15A372 Safari/604.1]
[2018-08-03T09:14:54.476] [INFO] default - [::1 GET / 304 4ms][http://localhost:3001/ HTTP/1.1 Mozilla/5.0 (iPhone; CPU iPhone OS 11_0 like Mac OS X) AppleWebKit/604.1.38 (KHTML, like Gecko) Version/11.0 Mobile/15A372 Safari/604.1]
[2018-08-03T09:14:54.493] [INFO] default - [::1 GET /layui/css/layui.css 304 1ms][http://localhost:3001/ HTTP/1.1 Mozilla/5.0 (iPhone; CPU iPhone OS 11_0 like Mac OS X) AppleWebKit/604.1.38 (KHTML, like Gecko) Version/11.0 Mobile/15A372 Safari/604.1]
[2018-08-03T09:14:54.493] [INFO] default - [::1 GET /ydui/css/ydui.css 304 1ms][http://localhost:3001/ HTTP/1.1 Mozilla/5.0 (iPhone; CPU iPhone OS 11_0 like Mac OS X) AppleWebKit/604.1.38 (KHTML, like Gecko) Version/11.0 Mobile/15A372 Safari/604.1]
[2018-08-03T09:14:54.495] [INFO] default - [::1 GET /ydui/js/ydui.flexible.js 304 3ms][http://localhost:3001/ HTTP/1.1 Mozilla/5.0 (iPhone; CPU iPhone OS 11_0 like Mac OS X) AppleWebKit/604.1.38 (KHTML, like Gecko) Version/11.0 Mobile/15A372 Safari/604.1]
[2018-08-03T09:14:54.495] [INFO] default - [::1 GET /jquery-weui/dist/lib/weui.min.css 304 3ms][http://localhost:3001/ HTTP/1.1 Mozilla/5.0 (iPhone; CPU iPhone OS 11_0 like Mac OS X) AppleWebKit/604.1.38 (KHTML, like Gecko) Version/11.0 Mobile/15A372 Safari/604.1]
[2018-08-03T09:14:54.497] [INFO] default - [::1 GET /css/order.css 304 2ms][http://localhost:3001/ HTTP/1.1 Mozilla/5.0 (iPhone; CPU iPhone OS 11_0 like Mac OS X) AppleWebKit/604.1.38 (KHTML, like Gecko) Version/11.0 Mobile/15A372 Safari/604.1]
[2018-08-03T09:14:54.497] [INFO] default - [::1 GET /layui/layui.js 304 3ms][http://localhost:3001/ HTTP/1.1 Mozilla/5.0 (iPhone; CPU iPhone OS 11_0 like Mac OS X) AppleWebKit/604.1.38 (KHTML, like Gecko) Version/11.0 Mobile/15A372 Safari/604.1]
[2018-08-03T09:14:54.498] [INFO] default - [::1 GET /jquery/jquery.min.js 304 2ms][http://localhost:3001/ HTTP/1.1 Mozilla/5.0 (iPhone; CPU iPhone OS 11_0 like Mac OS X) AppleWebKit/604.1.38 (KHTML, like Gecko) Version/11.0 Mobile/15A372 Safari/604.1]
[2018-08-03T09:14:54.498] [INFO] default - [::1 GET /jquery-weui/dist/js/jquery-weui.min.js 304 2ms][http://localhost:3001/ HTTP/1.1 Mozilla/5.0 (iPhone; CPU iPhone OS 11_0 like Mac OS X) AppleWebKit/604.1.38 (KHTML, like Gecko) Version/11.0 Mobile/15A372 Safari/604.1]
[2018-08-03T09:14:54.498] [INFO] default - [::1 GET /javascript/function.js 304 1ms][http://localhost:3001/ HTTP/1.1 Mozilla/5.0 (iPhone; CPU iPhone OS 11_0 like Mac OS X) AppleWebKit/604.1.38 (KHTML, like Gecko) Version/11.0 Mobile/15A372 Safari/604.1]
[2018-08-03T09:14:54.538] [INFO] default - [::1 GET /layui/lay/modules/layer.js 304 1ms][http://localhost:3001/ HTTP/1.1 Mozilla/5.0 (iPhone; CPU iPhone OS 11_0 like Mac OS X) AppleWebKit/604.1.38 (KHTML, like Gecko) Version/11.0 Mobile/15A372 Safari/604.1]
[2018-08-03T09:14:54.556] [INFO] default - [::1 GET /layui/css/modules/layer/default/layer.css?v=3.1.1 304 0ms][http://localhost:3001/ HTTP/1.1 Mozilla/5.0 (iPhone; CPU iPhone OS 11_0 like Mac OS X) AppleWebKit/604.1.38 (KHTML, like Gecko) Version/11.0 Mobile/15A372 Safari/604.1]
[2018-08-03T09:14:54.558] [INFO] default - [::1 GET /layui/lay/modules/form.js 304 1ms][http://localhost:3001/ HTTP/1.1 Mozilla/5.0 (iPhone; CPU iPhone OS 11_0 like Mac OS X) AppleWebKit/604.1.38 (KHTML, like Gecko) Version/11.0 Mobile/15A372 Safari/604.1]
[2018-08-03T09:14:54.567] [INFO] default - [::1 GET /layui/css/modules/layer/default/loading-2.gif 304 0ms][http://localhost:3001/layui/css/modules/layer/default/layer.css?v=3.1.1 HTTP/1.1 Mozilla/5.0 (iPhone; CPU iPhone OS 11_0 like Mac OS X) AppleWebKit/604.1.38 (KHTML, like Gecko) Version/11.0 Mobile/15A372 Safari/604.1]
[2018-08-03T09:14:54.577] [INFO] default - [::1 GET /javascript/index1.js?_=1533258894525 200 1ms][http://localhost:3001/ HTTP/1.1 Mozilla/5.0 (iPhone; CPU iPhone OS 11_0 like Mac OS X) AppleWebKit/604.1.38 (KHTML, like Gecko) Version/11.0 Mobile/15A372 Safari/604.1]
[2018-08-03T09:14:54.585] [INFO] default - [::1 GET /javascript/order.js?_=1533258894526 200 1ms][http://localhost:3001/ HTTP/1.1 Mozilla/5.0 (iPhone; CPU iPhone OS 11_0 like Mac OS X) AppleWebKit/604.1.38 (KHTML, like Gecko) Version/11.0 Mobile/15A372 Safari/604.1]
[2018-08-03T09:14:54.591] [INFO] default - [::1 GET /javascript/sales.js?_=1533258894527 200 2ms][http://localhost:3001/ HTTP/1.1 Mozilla/5.0 (iPhone; CPU iPhone OS 11_0 like Mac OS X) AppleWebKit/604.1.38 (KHTML, like Gecko) Version/11.0 Mobile/15A372 Safari/604.1]
[2018-08-03T09:14:54.597] [INFO] default - [::1 GET /javascript/pullSignal.js?_=1533258894528 200 1ms][http://localhost:3001/ HTTP/1.1 Mozilla/5.0 (iPhone; CPU iPhone OS 11_0 like Mac OS X) AppleWebKit/604.1.38 (KHTML, like Gecko) Version/11.0 Mobile/15A372 Safari/604.1]
[2018-08-03T09:14:54.602] [INFO] default - [::1 GET /javascript/addApplicationGoods.js?_=1533258894529 200 1ms][http://localhost:3001/ HTTP/1.1 Mozilla/5.0 (iPhone; CPU iPhone OS 11_0 like Mac OS X) AppleWebKit/604.1.38 (KHTML, like Gecko) Version/11.0 Mobile/15A372 Safari/604.1]
[2018-08-03T09:14:54.607] [INFO] default - [::1 GET /javascript/addReturnRequest.js?_=1533258894530 200 1ms][http://localhost:3001/ HTTP/1.1 Mozilla/5.0 (iPhone; CPU iPhone OS 11_0 like Mac OS X) AppleWebKit/604.1.38 (KHTML, like Gecko) Version/11.0 Mobile/15A372 Safari/604.1]
[2018-08-03T09:14:54.614] [INFO] default - [::1 GET /javascript/requireGoodsList.js?_=1533258894531 200 1ms][http://localhost:3001/ HTTP/1.1 Mozilla/5.0 (iPhone; CPU iPhone OS 11_0 like Mac OS X) AppleWebKit/604.1.38 (KHTML, like Gecko) Version/11.0 Mobile/15A372 Safari/604.1]
[2018-08-03T09:14:54.619] [INFO] default - [::1 GET /javascript/saleslist.js?_=1533258894532 200 1ms][http://localhost:3001/ HTTP/1.1 Mozilla/5.0 (iPhone; CPU iPhone OS 11_0 like Mac OS X) AppleWebKit/604.1.38 (KHTML, like Gecko) Version/11.0 Mobile/15A372 Safari/604.1]
[2018-08-03T09:14:54.625] [INFO] default - [::1 GET /javascript/saleslist_goods.js?_=1533258894533 200 0ms][http://localhost:3001/ HTTP/1.1 Mozilla/5.0 (iPhone; CPU iPhone OS 11_0 like Mac OS X) AppleWebKit/604.1.38 (KHTML, like Gecko) Version/11.0 Mobile/15A372 Safari/604.1]
[2018-08-03T09:14:54.634] [INFO] default - [::1 GET /javascript/productList.js?_=1533258894534 200 1ms][http://localhost:3001/ HTTP/1.1 Mozilla/5.0 (iPhone; CPU iPhone OS 11_0 like Mac OS X) AppleWebKit/604.1.38 (KHTML, like Gecko) Version/11.0 Mobile/15A372 Safari/604.1]
[2018-08-03T09:14:54.641] [INFO] default - [::1 GET /javascript/selectCustomer.js?_=1533258894535 200 1ms][http://localhost:3001/ HTTP/1.1 Mozilla/5.0 (iPhone; CPU iPhone OS 11_0 like Mac OS X) AppleWebKit/604.1.38 (KHTML, like Gecko) Version/11.0 Mobile/15A372 Safari/604.1]
[2018-08-03T09:14:54.648] [INFO] default - [::1 GET /javascript/productDetail.js?_=1533258894536 200 1ms][http://localhost:3001/ HTTP/1.1 Mozilla/5.0 (iPhone; CPU iPhone OS 11_0 like Mac OS X) AppleWebKit/604.1.38 (KHTML, like Gecko) Version/11.0 Mobile/15A372 Safari/604.1]
[2018-08-03T09:14:54.656] [INFO] default - [::1 GET /layui/lay/modules/laytpl.js 304 1ms][http://localhost:3001/ HTTP/1.1 Mozilla/5.0 (iPhone; CPU iPhone OS 11_0 like Mac OS X) AppleWebKit/604.1.38 (KHTML, like Gecko) Version/11.0 Mobile/15A372 Safari/604.1]
[2018-08-03T09:14:54.671] [INFO] default - [::1 GET /layui/font/iconfont.woff?v=230 304 1ms][http://localhost:3001/layui/css/layui.css HTTP/1.1 Mozilla/5.0 (iPhone; CPU iPhone OS 11_0 like Mac OS X) AppleWebKit/604.1.38 (KHTML, like Gecko) Version/11.0 Mobile/15A372 Safari/604.1]
[2018-08-03T09:14:55.617] [INFO] default - [::1 GET /QueryExecuting 304 952ms][http://localhost:3001/ HTTP/1.1 Mozilla/5.0 (iPhone; CPU iPhone OS 11_0 like Mac OS X) AppleWebKit/604.1.38 (KHTML, like Gecko) Version/11.0 Mobile/15A372 Safari/604.1]
[2018-08-03T09:14:58.190] [INFO] default - [::1 GET /partner 304 1732ms][http://localhost:3001/ HTTP/1.1 Mozilla/5.0 (iPhone; CPU iPhone OS 11_0 like Mac OS X) AppleWebKit/604.1.38 (KHTML, like Gecko) Version/11.0 Mobile/15A372 Safari/604.1]
[2018-08-03T09:15:01.613] [INFO] default - [::1 GET /partner 304 2875ms][http://localhost:3001/ HTTP/1.1 Mozilla/5.0 (iPhone; CPU iPhone OS 11_0 like Mac OS X) AppleWebKit/604.1.38 (KHTML, like Gecko) Version/11.0 Mobile/15A372 Safari/604.1]
[2018-08-03T09:15:02.297] [INFO] default - [::1 GET /warehouse 304 3559ms][http://localhost:3001/ HTTP/1.1 Mozilla/5.0 (iPhone; CPU iPhone OS 11_0 like Mac OS X) AppleWebKit/604.1.38 (KHTML, like Gecko) Version/11.0 Mobile/15A372 Safari/604.1]
[2018-08-03T09:15:02.838] [INFO] default - [::1 POST /Project 200 4096ms][http://localhost:3001/ HTTP/1.1 Mozilla/5.0 (iPhone; CPU iPhone OS 11_0 like Mac OS X) AppleWebKit/604.1.38 (KHTML, like Gecko) Version/11.0 Mobile/15A372 Safari/604.1]
[2018-08-03T09:15:03.267] [INFO] default - [::1 POST /person 200 4524ms][http://localhost:3001/ HTTP/1.1 Mozilla/5.0 (iPhone; CPU iPhone OS 11_0 like Mac OS X) AppleWebKit/604.1.38 (KHTML, like Gecko) Version/11.0 Mobile/15A372 Safari/604.1]
[2018-08-03T09:15:04.890] [INFO] default - [::1 POST /inventory 200 2390ms][http://localhost:3001/ HTTP/1.1 Mozilla/5.0 (iPhone; CPU iPhone OS 11_0 like Mac OS X) AppleWebKit/604.1.38 (KHTML, like Gecko) Version/11.0 Mobile/15A372 Safari/604.1]
[2018-08-03T09:15:07.065] [INFO] default - [::1 POST /QueryInventoryPrice 200 2163ms][http://localhost:3001/ HTTP/1.1 Mozilla/5.0 (iPhone; CPU iPhone OS 11_0 like Mac OS X) AppleWebKit/604.1.38 (KHTML, like Gecko) Version/11.0 Mobile/15A372 Safari/604.1]
[2018-08-03T09:15:11.727] [INFO] default - [::1 GET /partner 304 1620ms][http://localhost:3001/ HTTP/1.1 Mozilla/5.0 (iPhone; CPU iPhone OS 11_0 like Mac OS X) AppleWebKit/604.1.38 (KHTML, like Gecko) Version/11.0 Mobile/15A372 Safari/604.1]
[2018-08-03T09:15:11.890] [INFO] default - [::1 GET /warehouse 304 1774ms][http://localhost:3001/ HTTP/1.1 Mozilla/5.0 (iPhone; CPU iPhone OS 11_0 like Mac OS X) AppleWebKit/604.1.38 (KHTML, like Gecko) Version/11.0 Mobile/15A372 Safari/604.1]
[2018-08-03T09:15:11.967] [INFO] default - [::1 POST /Project 200 1856ms][http://localhost:3001/ HTTP/1.1 Mozilla/5.0 (iPhone; CPU iPhone OS 11_0 like Mac OS X) AppleWebKit/604.1.38 (KHTML, like Gecko) Version/11.0 Mobile/15A372 Safari/604.1]
[2018-08-03T09:15:12.698] [INFO] default - [::1 POST /person 200 2585ms][http://localhost:3001/ HTTP/1.1 Mozilla/5.0 (iPhone; CPU iPhone OS 11_0 like Mac OS X) AppleWebKit/604.1.38 (KHTML, like Gecko) Version/11.0 Mobile/15A372 Safari/604.1]
[2018-08-03T09:15:13.497] [INFO] default - [::1 GET /layui/css/modules/layer/default/icon.png 304 1ms][http://localhost:3001/layui/css/modules/layer/default/layer.css?v=3.1.1 HTTP/1.1 Mozilla/5.0 (iPhone; CPU iPhone OS 11_0 like Mac OS X) AppleWebKit/604.1.38 (KHTML, like Gecko) Version/11.0 Mobile/15A372 Safari/604.1]
[2018-08-03T09:15:14.773] [INFO] default - [::1 GET /layui/css/modules/layer/default/loading-0.gif 304 1ms][http://localhost:3001/layui/css/modules/layer/default/layer.css?v=3.1.1 HTTP/1.1 Mozilla/5.0 (iPhone; CPU iPhone OS 11_0 like Mac OS X) AppleWebKit/604.1.38 (KHTML, like Gecko) Version/11.0 Mobile/15A372 Safari/604.1]
[2018-08-03T09:15:17.312] [INFO] default - [::1 POST /saleDeliveryCreate 200 2537ms][http://localhost:3001/ HTTP/1.1 Mozilla/5.0 (iPhone; CPU iPhone OS 11_0 like Mac OS X) AppleWebKit/604.1.38 (KHTML, like Gecko) Version/11.0 Mobile/15A372 Safari/604.1]
[2018-08-03T09:15:18.307] [INFO] default - [::1 GET /QueryExecuting 200 943ms][http://localhost:3001/ HTTP/1.1 Mozilla/5.0 (iPhone; CPU iPhone OS 11_0 like Mac OS X) AppleWebKit/604.1.38 (KHTML, like Gecko) Version/11.0 Mobile/15A372 Safari/604.1]
