[2018-08-16T20:33:54.238] [INFO] default - [::1 GET / 200 10ms][ HTTP/1.1 Mozilla/5.0 (Windows NT 10.0; Win64; x64) AppleWebKit/537.36 (KHTML, like Gecko) Chrome/67.0.3396.99 Safari/537.36]
[2018-08-16T20:33:54.266] [INFO] default - [::1 GET /css/style.css 304 2ms][http://localhost:3000/ HTTP/1.1 Mozilla/5.0 (Windows NT 10.0; Win64; x64) AppleWebKit/537.36 (KHTML, like Gecko) Chrome/67.0.3396.99 Safari/537.36]
[2018-08-16T20:33:54.279] [INFO] default - [::1 GET /js/jquery.min.js 304 1ms][http://localhost:3000/ HTTP/1.1 Mozilla/5.0 (Windows NT 10.0; Win64; x64) AppleWebKit/537.36 (KHTML, like Gecko) Chrome/67.0.3396.99 Safari/537.36]
[2018-08-16T20:33:54.279] [INFO] default - [::1 GET /js/index.js 304 1ms][http://localhost:3000/ HTTP/1.1 Mozilla/5.0 (Windows NT 10.0; Win64; x64) AppleWebKit/537.36 (KHTML, like Gecko) Chrome/67.0.3396.99 Safari/537.36]
[2018-08-16T20:33:54.280] [INFO] default - [::1 GET /slider-2.jpg 304 0ms][http://localhost:3000/css/style.css HTTP/1.1 Mozilla/5.0 (Windows NT 10.0; Win64; x64) AppleWebKit/537.36 (KHTML, like Gecko) Chrome/67.0.3396.99 Safari/537.36]
[2018-08-16T20:33:54.755] [INFO] default - [::1 GET /favicon.ico 404 3ms][http://localhost:3000/ HTTP/1.1 Mozilla/5.0 (Windows NT 10.0; Win64; x64) AppleWebKit/537.36 (KHTML, like Gecko) Chrome/67.0.3396.99 Safari/537.36]
[2018-08-16T20:33:58.433] [INFO] default - [::1 POST /Login 200 1642ms][http://localhost:3000/ HTTP/1.1 Mozilla/5.0 (Windows NT 10.0; Win64; x64) AppleWebKit/537.36 (KHTML, like Gecko) Chrome/67.0.3396.99 Safari/537.36]
[2018-08-16T20:33:58.454] [INFO] default - [::1 GET / 200 16ms][http://localhost:3000/ HTTP/1.1 Mozilla/5.0 (Windows NT 10.0; Win64; x64) AppleWebKit/537.36 (KHTML, like Gecko) Chrome/67.0.3396.99 Safari/537.36]
[2018-08-16T20:33:58.471] [INFO] default - [::1 GET /layui/css/layui.css 304 7ms][http://localhost:3000/ HTTP/1.1 Mozilla/5.0 (Windows NT 10.0; Win64; x64) AppleWebKit/537.36 (KHTML, like Gecko) Chrome/67.0.3396.99 Safari/537.36]
[2018-08-16T20:33:58.472] [INFO] default - [::1 GET /jquery-weui/dist/lib/weui.min.css 304 8ms][http://localhost:3000/ HTTP/1.1 Mozilla/5.0 (Windows NT 10.0; Win64; x64) AppleWebKit/537.36 (KHTML, like Gecko) Chrome/67.0.3396.99 Safari/537.36]
[2018-08-16T20:33:58.473] [INFO] default - [::1 GET /ydui/css/ydui.css 304 8ms][http://localhost:3000/ HTTP/1.1 Mozilla/5.0 (Windows NT 10.0; Win64; x64) AppleWebKit/537.36 (KHTML, like Gecko) Chrome/67.0.3396.99 Safari/537.36]
[2018-08-16T20:33:58.474] [INFO] default - [::1 GET /ydui/js/ydui.flexible.js 304 9ms][http://localhost:3000/ HTTP/1.1 Mozilla/5.0 (Windows NT 10.0; Win64; x64) AppleWebKit/537.36 (KHTML, like Gecko) Chrome/67.0.3396.99 Safari/537.36]
[2018-08-16T20:33:58.475] [INFO] default - [::1 GET /css/order.css 304 10ms][http://localhost:3000/ HTTP/1.1 Mozilla/5.0 (Windows NT 10.0; Win64; x64) AppleWebKit/537.36 (KHTML, like Gecko) Chrome/67.0.3396.99 Safari/537.36]
[2018-08-16T20:33:58.478] [INFO] default - [::1 GET /layui/layui.js 304 11ms][http://localhost:3000/ HTTP/1.1 Mozilla/5.0 (Windows NT 10.0; Win64; x64) AppleWebKit/537.36 (KHTML, like Gecko) Chrome/67.0.3396.99 Safari/537.36]
[2018-08-16T20:33:58.480] [INFO] default - [::1 GET /jquery-weui/dist/js/jquery-weui.min.js 304 3ms][http://localhost:3000/ HTTP/1.1 Mozilla/5.0 (Windows NT 10.0; Win64; x64) AppleWebKit/537.36 (KHTML, like Gecko) Chrome/67.0.3396.99 Safari/537.36]
[2018-08-16T20:33:58.481] [INFO] default - [::1 GET /jquery/jquery.min.js 304 4ms][http://localhost:3000/ HTTP/1.1 Mozilla/5.0 (Windows NT 10.0; Win64; x64) AppleWebKit/537.36 (KHTML, like Gecko) Chrome/67.0.3396.99 Safari/537.36]
[2018-08-16T20:33:58.483] [INFO] default - [::1 GET /javascript/function.js 304 5ms][http://localhost:3000/ HTTP/1.1 Mozilla/5.0 (Windows NT 10.0; Win64; x64) AppleWebKit/537.36 (KHTML, like Gecko) Chrome/67.0.3396.99 Safari/537.36]
[2018-08-16T20:33:58.499] [INFO] default - [::1 GET /layui/lay/modules/layer.js 304 1ms][http://localhost:3000/ HTTP/1.1 Mozilla/5.0 (Windows NT 10.0; Win64; x64) AppleWebKit/537.36 (KHTML, like Gecko) Chrome/67.0.3396.99 Safari/537.36]
[2018-08-16T20:33:58.506] [INFO] default - [::1 GET /layui/css/modules/layer/default/layer.css?v=3.1.1 304 1ms][http://localhost:3000/ HTTP/1.1 Mozilla/5.0 (Windows NT 10.0; Win64; x64) AppleWebKit/537.36 (KHTML, like Gecko) Chrome/67.0.3396.99 Safari/537.36]
[2018-08-16T20:33:58.508] [INFO] default - [::1 GET /layui/lay/modules/form.js 304 3ms][http://localhost:3000/ HTTP/1.1 Mozilla/5.0 (Windows NT 10.0; Win64; x64) AppleWebKit/537.36 (KHTML, like Gecko) Chrome/67.0.3396.99 Safari/537.36]
[2018-08-16T20:33:58.515] [INFO] default - [::1 GET /layui/css/modules/layer/default/loading-2.gif 304 1ms][http://localhost:3000/layui/css/modules/layer/default/layer.css?v=3.1.1 HTTP/1.1 Mozilla/5.0 (Windows NT 10.0; Win64; x64) AppleWebKit/537.36 (KHTML, like Gecko) Chrome/67.0.3396.99 Safari/537.36]
[2018-08-16T20:33:58.525] [INFO] default - [::1 GET /javascript/index1.js?_=1534422838493 200 4ms][http://localhost:3000/ HTTP/1.1 Mozilla/5.0 (Windows NT 10.0; Win64; x64) AppleWebKit/537.36 (KHTML, like Gecko) Chrome/67.0.3396.99 Safari/537.36]
[2018-08-16T20:33:58.532] [INFO] default - [::1 GET /javascript/order.js?_=1534422838494 200 1ms][http://localhost:3000/ HTTP/1.1 Mozilla/5.0 (Windows NT 10.0; Win64; x64) AppleWebKit/537.36 (KHTML, like Gecko) Chrome/67.0.3396.99 Safari/537.36]
[2018-08-16T20:33:58.537] [INFO] default - [::1 GET /javascript/sales.js?_=1534422838495 200 1ms][http://localhost:3000/ HTTP/1.1 Mozilla/5.0 (Windows NT 10.0; Win64; x64) AppleWebKit/537.36 (KHTML, like Gecko) Chrome/67.0.3396.99 Safari/537.36]
[2018-08-16T20:33:58.543] [INFO] default - [::1 GET /javascript/pullSignal.js?_=1534422838496 200 1ms][http://localhost:3000/ HTTP/1.1 Mozilla/5.0 (Windows NT 10.0; Win64; x64) AppleWebKit/537.36 (KHTML, like Gecko) Chrome/67.0.3396.99 Safari/537.36]
[2018-08-16T20:33:58.548] [INFO] default - [::1 GET /javascript/addApplicationGoods.js?_=1534422838497 200 1ms][http://localhost:3000/ HTTP/1.1 Mozilla/5.0 (Windows NT 10.0; Win64; x64) AppleWebKit/537.36 (KHTML, like Gecko) Chrome/67.0.3396.99 Safari/537.36]
[2018-08-16T20:33:58.553] [INFO] default - [::1 GET /javascript/addReturnRequest.js?_=1534422838498 200 1ms][http://localhost:3000/ HTTP/1.1 Mozilla/5.0 (Windows NT 10.0; Win64; x64) AppleWebKit/537.36 (KHTML, like Gecko) Chrome/67.0.3396.99 Safari/537.36]
[2018-08-16T20:33:58.558] [INFO] default - [::1 GET /javascript/requireGoodsList.js?_=1534422838499 200 1ms][http://localhost:3000/ HTTP/1.1 Mozilla/5.0 (Windows NT 10.0; Win64; x64) AppleWebKit/537.36 (KHTML, like Gecko) Chrome/67.0.3396.99 Safari/537.36]
[2018-08-16T20:33:58.563] [INFO] default - [::1 GET /javascript/saleslist.js?_=1534422838500 200 1ms][http://localhost:3000/ HTTP/1.1 Mozilla/5.0 (Windows NT 10.0; Win64; x64) AppleWebKit/537.36 (KHTML, like Gecko) Chrome/67.0.3396.99 Safari/537.36]
[2018-08-16T20:33:58.567] [INFO] default - [::1 GET /javascript/saleslist_goods.js?_=1534422838501 200 1ms][http://localhost:3000/ HTTP/1.1 Mozilla/5.0 (Windows NT 10.0; Win64; x64) AppleWebKit/537.36 (KHTML, like Gecko) Chrome/67.0.3396.99 Safari/537.36]
[2018-08-16T20:33:58.572] [INFO] default - [::1 GET /javascript/productList.js?_=1534422838502 200 1ms][http://localhost:3000/ HTTP/1.1 Mozilla/5.0 (Windows NT 10.0; Win64; x64) AppleWebKit/537.36 (KHTML, like Gecko) Chrome/67.0.3396.99 Safari/537.36]
[2018-08-16T20:33:58.577] [INFO] default - [::1 GET /javascript/selectCustomer.js?_=1534422838503 200 1ms][http://localhost:3000/ HTTP/1.1 Mozilla/5.0 (Windows NT 10.0; Win64; x64) AppleWebKit/537.36 (KHTML, like Gecko) Chrome/67.0.3396.99 Safari/537.36]
[2018-08-16T20:33:58.581] [INFO] default - [::1 GET /javascript/productDetail.js?_=1534422838504 200 1ms][http://localhost:3000/ HTTP/1.1 Mozilla/5.0 (Windows NT 10.0; Win64; x64) AppleWebKit/537.36 (KHTML, like Gecko) Chrome/67.0.3396.99 Safari/537.36]
[2018-08-16T20:33:58.585] [INFO] default - [::1 GET /javascript/tuihuo_productList.js?_=1534422838505 200 1ms][http://localhost:3000/ HTTP/1.1 Mozilla/5.0 (Windows NT 10.0; Win64; x64) AppleWebKit/537.36 (KHTML, like Gecko) Chrome/67.0.3396.99 Safari/537.36]
[2018-08-16T20:33:58.590] [INFO] default - [::1 GET /javascript/tuihuo_saleslist_goods.js?_=1534422838506 200 1ms][http://localhost:3000/ HTTP/1.1 Mozilla/5.0 (Windows NT 10.0; Win64; x64) AppleWebKit/537.36 (KHTML, like Gecko) Chrome/67.0.3396.99 Safari/537.36]
[2018-08-16T20:33:58.595] [INFO] default - [::1 GET /javascript/tuihuo_selectcustomer.js?_=1534422838507 200 2ms][http://localhost:3000/ HTTP/1.1 Mozilla/5.0 (Windows NT 10.0; Win64; x64) AppleWebKit/537.36 (KHTML, like Gecko) Chrome/67.0.3396.99 Safari/537.36]
[2018-08-16T20:33:58.599] [INFO] default - [::1 GET /javascript/tuihuo_salelist.js?_=1534422838508 200 1ms][http://localhost:3000/ HTTP/1.1 Mozilla/5.0 (Windows NT 10.0; Win64; x64) AppleWebKit/537.36 (KHTML, like Gecko) Chrome/67.0.3396.99 Safari/537.36]
[2018-08-16T20:33:58.603] [INFO] default - [::1 GET /javascript/addApplicationGoods_detail.js?_=1534422838509 200 1ms][http://localhost:3000/ HTTP/1.1 Mozilla/5.0 (Windows NT 10.0; Win64; x64) AppleWebKit/537.36 (KHTML, like Gecko) Chrome/67.0.3396.99 Safari/537.36]
[2018-08-16T20:33:58.607] [INFO] default - [::1 GET /layui/lay/modules/laytpl.js 304 1ms][http://localhost:3000/ HTTP/1.1 Mozilla/5.0 (Windows NT 10.0; Win64; x64) AppleWebKit/537.36 (KHTML, like Gecko) Chrome/67.0.3396.99 Safari/537.36]
[2018-08-16T20:33:58.621] [INFO] default - [::1 GET /layui/font/iconfont.woff?v=230 304 0ms][http://localhost:3000/layui/css/layui.css HTTP/1.1 Mozilla/5.0 (Windows NT 10.0; Win64; x64) AppleWebKit/537.36 (KHTML, like Gecko) Chrome/67.0.3396.99 Safari/537.36]
[2018-08-16T20:34:06.823] [INFO] default - [::1 POST /Project 200 1068ms][http://localhost:3000/ HTTP/1.1 Mozilla/5.0 (Windows NT 10.0; Win64; x64) AppleWebKit/537.36 (KHTML, like Gecko) Chrome/67.0.3396.99 Safari/537.36]
[2018-08-16T20:34:07.054] [INFO] default - [::1 POST /person 200 1296ms][http://localhost:3000/ HTTP/1.1 Mozilla/5.0 (Windows NT 10.0; Win64; x64) AppleWebKit/537.36 (KHTML, like Gecko) Chrome/67.0.3396.99 Safari/537.36]
[2018-08-16T20:34:07.249] [INFO] default - [::1 GET /warehouse 304 1491ms][http://localhost:3000/ HTTP/1.1 Mozilla/5.0 (Windows NT 10.0; Win64; x64) AppleWebKit/537.36 (KHTML, like Gecko) Chrome/67.0.3396.99 Safari/537.36]
[2018-08-16T20:34:17.429] [INFO] default - [::1 GET /layui/lay/modules/element.js 304 1ms][http://localhost:3000/ HTTP/1.1 Mozilla/5.0 (Windows NT 10.0; Win64; x64) AppleWebKit/537.36 (KHTML, like Gecko) Chrome/67.0.3396.99 Safari/537.36]
[2018-08-16T20:34:17.435] [INFO] default - [::1 GET /layui/css/modules/layer/default/loading-1.gif 304 1ms][http://localhost:3000/layui/css/modules/layer/default/layer.css?v=3.1.1 HTTP/1.1 Mozilla/5.0 (Windows NT 10.0; Win64; x64) AppleWebKit/537.36 (KHTML, like Gecko) Chrome/67.0.3396.99 Safari/537.36]
[2018-08-16T20:34:18.647] [INFO] default - [::1 POST /inventory 200 1209ms][http://localhost:3000/ HTTP/1.1 Mozilla/5.0 (Windows NT 10.0; Win64; x64) AppleWebKit/537.36 (KHTML, like Gecko) Chrome/67.0.3396.99 Safari/537.36]
[2018-08-16T20:34:23.320] [INFO] default - [::1 POST /QueryInventoryPrice 200 4668ms][http://localhost:3000/ HTTP/1.1 Mozilla/5.0 (Windows NT 10.0; Win64; x64) AppleWebKit/537.36 (KHTML, like Gecko) Chrome/67.0.3396.99 Safari/537.36]
[2018-08-16T20:40:30.254] [INFO] default - [::1 GET / 304 11ms][http://localhost:3000/ HTTP/1.1 Mozilla/5.0 (Windows NT 10.0; Win64; x64) AppleWebKit/537.36 (KHTML, like Gecko) Chrome/67.0.3396.99 Safari/537.36]
[2018-08-16T20:40:30.264] [INFO] default - [::1 GET /layui/css/layui.css 304 1ms][http://localhost:3000/ HTTP/1.1 Mozilla/5.0 (Windows NT 10.0; Win64; x64) AppleWebKit/537.36 (KHTML, like Gecko) Chrome/67.0.3396.99 Safari/537.36]
[2018-08-16T20:40:30.267] [INFO] default - [::1 GET /css/order.css 304 2ms][http://localhost:3000/ HTTP/1.1 Mozilla/5.0 (Windows NT 10.0; Win64; x64) AppleWebKit/537.36 (KHTML, like Gecko) Chrome/67.0.3396.99 Safari/537.36]
[2018-08-16T20:40:30.268] [INFO] default - [::1 GET /ydui/js/ydui.flexible.js 304 3ms][http://localhost:3000/ HTTP/1.1 Mozilla/5.0 (Windows NT 10.0; Win64; x64) AppleWebKit/537.36 (KHTML, like Gecko) Chrome/67.0.3396.99 Safari/537.36]
[2018-08-16T20:40:30.269] [INFO] default - [::1 GET /layui/layui.js 304 3ms][http://localhost:3000/ HTTP/1.1 Mozilla/5.0 (Windows NT 10.0; Win64; x64) AppleWebKit/537.36 (KHTML, like Gecko) Chrome/67.0.3396.99 Safari/537.36]
[2018-08-16T20:40:30.270] [INFO] default - [::1 GET /ydui/css/ydui.css 304 4ms][http://localhost:3000/ HTTP/1.1 Mozilla/5.0 (Windows NT 10.0; Win64; x64) AppleWebKit/537.36 (KHTML, like Gecko) Chrome/67.0.3396.99 Safari/537.36]
[2018-08-16T20:40:30.270] [INFO] default - [::1 GET /jquery/jquery.min.js 304 4ms][http://localhost:3000/ HTTP/1.1 Mozilla/5.0 (Windows NT 10.0; Win64; x64) AppleWebKit/537.36 (KHTML, like Gecko) Chrome/67.0.3396.99 Safari/537.36]
[2018-08-16T20:40:30.271] [INFO] default - [::1 GET /jquery-weui/dist/lib/weui.min.css 304 5ms][http://localhost:3000/ HTTP/1.1 Mozilla/5.0 (Windows NT 10.0; Win64; x64) AppleWebKit/537.36 (KHTML, like Gecko) Chrome/67.0.3396.99 Safari/537.36]
[2018-08-16T20:40:30.273] [INFO] default - [::1 GET /jquery-weui/dist/js/jquery-weui.min.js 304 0ms][http://localhost:3000/ HTTP/1.1 Mozilla/5.0 (Windows NT 10.0; Win64; x64) AppleWebKit/537.36 (KHTML, like Gecko) Chrome/67.0.3396.99 Safari/537.36]
[2018-08-16T20:40:30.274] [INFO] default - [::1 GET /javascript/function.js 304 1ms][http://localhost:3000/ HTTP/1.1 Mozilla/5.0 (Windows NT 10.0; Win64; x64) AppleWebKit/537.36 (KHTML, like Gecko) Chrome/67.0.3396.99 Safari/537.36]
[2018-08-16T20:40:30.315] [INFO] default - [::1 GET /layui/lay/modules/layer.js 304 2ms][http://localhost:3000/ HTTP/1.1 Mozilla/5.0 (Windows NT 10.0; Win64; x64) AppleWebKit/537.36 (KHTML, like Gecko) Chrome/67.0.3396.99 Safari/537.36]
[2018-08-16T20:40:30.319] [INFO] default - [::1 GET /layui/css/modules/layer/default/layer.css?v=3.1.1 304 0ms][http://localhost:3000/ HTTP/1.1 Mozilla/5.0 (Windows NT 10.0; Win64; x64) AppleWebKit/537.36 (KHTML, like Gecko) Chrome/67.0.3396.99 Safari/537.36]
[2018-08-16T20:40:30.320] [INFO] default - [::1 GET /layui/lay/modules/form.js 304 1ms][http://localhost:3000/ HTTP/1.1 Mozilla/5.0 (Windows NT 10.0; Win64; x64) AppleWebKit/537.36 (KHTML, like Gecko) Chrome/67.0.3396.99 Safari/537.36]
[2018-08-16T20:40:30.326] [INFO] default - [::1 GET /layui/css/modules/layer/default/loading-2.gif 304 1ms][http://localhost:3000/layui/css/modules/layer/default/layer.css?v=3.1.1 HTTP/1.1 Mozilla/5.0 (Windows NT 10.0; Win64; x64) AppleWebKit/537.36 (KHTML, like Gecko) Chrome/67.0.3396.99 Safari/537.36]
[2018-08-16T20:40:30.332] [INFO] default - [::1 GET /javascript/index1.js?_=1534423230302 200 1ms][http://localhost:3000/ HTTP/1.1 Mozilla/5.0 (Windows NT 10.0; Win64; x64) AppleWebKit/537.36 (KHTML, like Gecko) Chrome/67.0.3396.99 Safari/537.36]
[2018-08-16T20:40:30.338] [INFO] default - [::1 GET /javascript/order.js?_=1534423230303 200 0ms][http://localhost:3000/ HTTP/1.1 Mozilla/5.0 (Windows NT 10.0; Win64; x64) AppleWebKit/537.36 (KHTML, like Gecko) Chrome/67.0.3396.99 Safari/537.36]
[2018-08-16T20:40:30.341] [INFO] default - [::1 GET /javascript/sales.js?_=1534423230304 200 1ms][http://localhost:3000/ HTTP/1.1 Mozilla/5.0 (Windows NT 10.0; Win64; x64) AppleWebKit/537.36 (KHTML, like Gecko) Chrome/67.0.3396.99 Safari/537.36]
[2018-08-16T20:40:30.346] [INFO] default - [::1 GET /javascript/pullSignal.js?_=1534423230305 200 1ms][http://localhost:3000/ HTTP/1.1 Mozilla/5.0 (Windows NT 10.0; Win64; x64) AppleWebKit/537.36 (KHTML, like Gecko) Chrome/67.0.3396.99 Safari/537.36]
[2018-08-16T20:40:30.351] [INFO] default - [::1 GET /javascript/addApplicationGoods.js?_=1534423230306 200 1ms][http://localhost:3000/ HTTP/1.1 Mozilla/5.0 (Windows NT 10.0; Win64; x64) AppleWebKit/537.36 (KHTML, like Gecko) Chrome/67.0.3396.99 Safari/537.36]
[2018-08-16T20:40:30.355] [INFO] default - [::1 GET /javascript/addReturnRequest.js?_=1534423230307 200 0ms][http://localhost:3000/ HTTP/1.1 Mozilla/5.0 (Windows NT 10.0; Win64; x64) AppleWebKit/537.36 (KHTML, like Gecko) Chrome/67.0.3396.99 Safari/537.36]
[2018-08-16T20:40:30.360] [INFO] default - [::1 GET /javascript/requireGoodsList.js?_=1534423230308 200 1ms][http://localhost:3000/ HTTP/1.1 Mozilla/5.0 (Windows NT 10.0; Win64; x64) AppleWebKit/537.36 (KHTML, like Gecko) Chrome/67.0.3396.99 Safari/537.36]
[2018-08-16T20:40:30.365] [INFO] default - [::1 GET /javascript/saleslist.js?_=1534423230309 200 1ms][http://localhost:3000/ HTTP/1.1 Mozilla/5.0 (Windows NT 10.0; Win64; x64) AppleWebKit/537.36 (KHTML, like Gecko) Chrome/67.0.3396.99 Safari/537.36]
[2018-08-16T20:40:30.370] [INFO] default - [::1 GET /javascript/saleslist_goods.js?_=1534423230310 200 1ms][http://localhost:3000/ HTTP/1.1 Mozilla/5.0 (Windows NT 10.0; Win64; x64) AppleWebKit/537.36 (KHTML, like Gecko) Chrome/67.0.3396.99 Safari/537.36]
[2018-08-16T20:40:30.374] [INFO] default - [::1 GET /javascript/productList.js?_=1534423230311 200 1ms][http://localhost:3000/ HTTP/1.1 Mozilla/5.0 (Windows NT 10.0; Win64; x64) AppleWebKit/537.36 (KHTML, like Gecko) Chrome/67.0.3396.99 Safari/537.36]
[2018-08-16T20:40:30.379] [INFO] default - [::1 GET /javascript/selectCustomer.js?_=1534423230312 200 1ms][http://localhost:3000/ HTTP/1.1 Mozilla/5.0 (Windows NT 10.0; Win64; x64) AppleWebKit/537.36 (KHTML, like Gecko) Chrome/67.0.3396.99 Safari/537.36]
[2018-08-16T20:40:30.382] [INFO] default - [::1 GET /javascript/productDetail.js?_=1534423230313 200 0ms][http://localhost:3000/ HTTP/1.1 Mozilla/5.0 (Windows NT 10.0; Win64; x64) AppleWebKit/537.36 (KHTML, like Gecko) Chrome/67.0.3396.99 Safari/537.36]
[2018-08-16T20:40:30.387] [INFO] default - [::1 GET /javascript/tuihuo_productList.js?_=1534423230314 200 1ms][http://localhost:3000/ HTTP/1.1 Mozilla/5.0 (Windows NT 10.0; Win64; x64) AppleWebKit/537.36 (KHTML, like Gecko) Chrome/67.0.3396.99 Safari/537.36]
[2018-08-16T20:40:30.393] [INFO] default - [::1 GET /javascript/tuihuo_saleslist_goods.js?_=1534423230315 200 1ms][http://localhost:3000/ HTTP/1.1 Mozilla/5.0 (Windows NT 10.0; Win64; x64) AppleWebKit/537.36 (KHTML, like Gecko) Chrome/67.0.3396.99 Safari/537.36]
[2018-08-16T20:40:30.398] [INFO] default - [::1 GET /javascript/tuihuo_selectcustomer.js?_=1534423230316 200 1ms][http://localhost:3000/ HTTP/1.1 Mozilla/5.0 (Windows NT 10.0; Win64; x64) AppleWebKit/537.36 (KHTML, like Gecko) Chrome/67.0.3396.99 Safari/537.36]
[2018-08-16T20:40:30.402] [INFO] default - [::1 GET /javascript/tuihuo_salelist.js?_=1534423230317 200 1ms][http://localhost:3000/ HTTP/1.1 Mozilla/5.0 (Windows NT 10.0; Win64; x64) AppleWebKit/537.36 (KHTML, like Gecko) Chrome/67.0.3396.99 Safari/537.36]
[2018-08-16T20:40:30.406] [INFO] default - [::1 GET /javascript/addApplicationGoods_detail.js?_=1534423230318 200 0ms][http://localhost:3000/ HTTP/1.1 Mozilla/5.0 (Windows NT 10.0; Win64; x64) AppleWebKit/537.36 (KHTML, like Gecko) Chrome/67.0.3396.99 Safari/537.36]
[2018-08-16T20:40:30.409] [INFO] default - [::1 GET /layui/lay/modules/laytpl.js 304 1ms][http://localhost:3000/ HTTP/1.1 Mozilla/5.0 (Windows NT 10.0; Win64; x64) AppleWebKit/537.36 (KHTML, like Gecko) Chrome/67.0.3396.99 Safari/537.36]
[2018-08-16T20:40:30.412] [INFO] default - [::1 GET /layui/lay/modules/element.js 304 1ms][http://localhost:3000/ HTTP/1.1 Mozilla/5.0 (Windows NT 10.0; Win64; x64) AppleWebKit/537.36 (KHTML, like Gecko) Chrome/67.0.3396.99 Safari/537.36]
[2018-08-16T20:40:30.416] [INFO] default - [::1 GET /layui/css/modules/layer/default/loading-1.gif 304 1ms][http://localhost:3000/layui/css/modules/layer/default/layer.css?v=3.1.1 HTTP/1.1 Mozilla/5.0 (Windows NT 10.0; Win64; x64) AppleWebKit/537.36 (KHTML, like Gecko) Chrome/67.0.3396.99 Safari/537.36]
[2018-08-16T20:40:30.418] [INFO] default - [::1 GET /layui/font/iconfont.woff?v=230 304 1ms][http://localhost:3000/layui/css/layui.css HTTP/1.1 Mozilla/5.0 (Windows NT 10.0; Win64; x64) AppleWebKit/537.36 (KHTML, like Gecko) Chrome/67.0.3396.99 Safari/537.36]
[2018-08-16T20:40:33.800] [INFO] default - [::1 POST /inventory 200 3381ms][http://localhost:3000/ HTTP/1.1 Mozilla/5.0 (Windows NT 10.0; Win64; x64) AppleWebKit/537.36 (KHTML, like Gecko) Chrome/67.0.3396.99 Safari/537.36]
[2018-08-16T20:40:37.579] [INFO] default - [::1 POST /QueryInventoryPrice 200 3774ms][http://localhost:3000/ HTTP/1.1 Mozilla/5.0 (Windows NT 10.0; Win64; x64) AppleWebKit/537.36 (KHTML, like Gecko) Chrome/67.0.3396.99 Safari/537.36]
[2018-08-16T20:40:42.785] [INFO] default - [::1 POST /person 200 1859ms][http://localhost:3000/ HTTP/1.1 Mozilla/5.0 (Windows NT 10.0; Win64; x64) AppleWebKit/537.36 (KHTML, like Gecko) Chrome/67.0.3396.99 Safari/537.36]
[2018-08-16T20:40:42.864] [INFO] default - [::1 GET /warehouse 304 1938ms][http://localhost:3000/ HTTP/1.1 Mozilla/5.0 (Windows NT 10.0; Win64; x64) AppleWebKit/537.36 (KHTML, like Gecko) Chrome/67.0.3396.99 Safari/537.36]
[2018-08-16T20:40:43.180] [INFO] default - [::1 POST /Project 200 2256ms][http://localhost:3000/ HTTP/1.1 Mozilla/5.0 (Windows NT 10.0; Win64; x64) AppleWebKit/537.36 (KHTML, like Gecko) Chrome/67.0.3396.99 Safari/537.36]
[2018-08-16T20:40:43.541] [INFO] default - [::1 GET /partner 304 2615ms][http://localhost:3000/ HTTP/1.1 Mozilla/5.0 (Windows NT 10.0; Win64; x64) AppleWebKit/537.36 (KHTML, like Gecko) Chrome/67.0.3396.99 Safari/537.36]
[2018-08-16T20:40:45.160] [INFO] default - [::1 GET /layui/css/modules/layer/default/icon.png 304 1ms][http://localhost:3000/layui/css/modules/layer/default/layer.css?v=3.1.1 HTTP/1.1 Mozilla/5.0 (Windows NT 10.0; Win64; x64) AppleWebKit/537.36 (KHTML, like Gecko) Chrome/67.0.3396.99 Safari/537.36]
[2018-08-16T20:40:46.285] [INFO] default - [::1 POST /BankAccount 200 1121ms][http://localhost:3000/ HTTP/1.1 Mozilla/5.0 (Windows NT 10.0; Win64; x64) AppleWebKit/537.36 (KHTML, like Gecko) Chrome/67.0.3396.99 Safari/537.36]
[2018-08-16T20:40:52.262] [INFO] default - [::1 GET /layui/css/modules/layer/default/loading-0.gif 304 3ms][http://localhost:3000/layui/css/modules/layer/default/layer.css?v=3.1.1 HTTP/1.1 Mozilla/5.0 (Windows NT 10.0; Win64; x64) AppleWebKit/537.36 (KHTML, like Gecko) Chrome/67.0.3396.99 Safari/537.36]
[2018-08-16T20:40:55.646] [INFO] default - [::1 POST /saleDeliveryCreate 200 3387ms][http://localhost:3000/ HTTP/1.1 Mozilla/5.0 (Windows NT 10.0; Win64; x64) AppleWebKit/537.36 (KHTML, like Gecko) Chrome/67.0.3396.99 Safari/537.36]
[2018-08-16T20:40:59.955] [INFO] default - [::1 GET /QueryExecuting 200 1098ms][http://localhost:3000/ HTTP/1.1 Mozilla/5.0 (Windows NT 10.0; Win64; x64) AppleWebKit/537.36 (KHTML, like Gecko) Chrome/67.0.3396.99 Safari/537.36]
[2018-08-16T20:42:22.341] [INFO] default - [::1 GET / 304 16ms][http://localhost:3000/ HTTP/1.1 Mozilla/5.0 (Windows NT 10.0; Win64; x64) AppleWebKit/537.36 (KHTML, like Gecko) Chrome/67.0.3396.99 Safari/537.36]
[2018-08-16T20:42:22.350] [INFO] default - [::1 GET /layui/css/layui.css 304 1ms][http://localhost:3000/ HTTP/1.1 Mozilla/5.0 (Windows NT 10.0; Win64; x64) AppleWebKit/537.36 (KHTML, like Gecko) Chrome/67.0.3396.99 Safari/537.36]
[2018-08-16T20:42:22.352] [INFO] default - [::1 GET /ydui/css/ydui.css 304 2ms][http://localhost:3000/ HTTP/1.1 Mozilla/5.0 (Windows NT 10.0; Win64; x64) AppleWebKit/537.36 (KHTML, like Gecko) Chrome/67.0.3396.99 Safari/537.36]
[2018-08-16T20:42:22.355] [INFO] default - [::1 GET /css/order.css 304 4ms][http://localhost:3000/ HTTP/1.1 Mozilla/5.0 (Windows NT 10.0; Win64; x64) AppleWebKit/537.36 (KHTML, like Gecko) Chrome/67.0.3396.99 Safari/537.36]
[2018-08-16T20:42:22.356] [INFO] default - [::1 GET /jquery-weui/dist/lib/weui.min.css 304 5ms][http://localhost:3000/ HTTP/1.1 Mozilla/5.0 (Windows NT 10.0; Win64; x64) AppleWebKit/537.36 (KHTML, like Gecko) Chrome/67.0.3396.99 Safari/537.36]
[2018-08-16T20:42:22.356] [INFO] default - [::1 GET /ydui/js/ydui.flexible.js 304 5ms][http://localhost:3000/ HTTP/1.1 Mozilla/5.0 (Windows NT 10.0; Win64; x64) AppleWebKit/537.36 (KHTML, like Gecko) Chrome/67.0.3396.99 Safari/537.36]
[2018-08-16T20:42:22.357] [INFO] default - [::1 GET /layui/layui.js 304 6ms][http://localhost:3000/ HTTP/1.1 Mozilla/5.0 (Windows NT 10.0; Win64; x64) AppleWebKit/537.36 (KHTML, like Gecko) Chrome/67.0.3396.99 Safari/537.36]
[2018-08-16T20:42:22.358] [INFO] default - [::1 GET /jquery/jquery.min.js 304 7ms][http://localhost:3000/ HTTP/1.1 Mozilla/5.0 (Windows NT 10.0; Win64; x64) AppleWebKit/537.36 (KHTML, like Gecko) Chrome/67.0.3396.99 Safari/537.36]
[2018-08-16T20:42:22.360] [INFO] default - [::1 GET /jquery-weui/dist/js/jquery-weui.min.js 304 1ms][http://localhost:3000/ HTTP/1.1 Mozilla/5.0 (Windows NT 10.0; Win64; x64) AppleWebKit/537.36 (KHTML, like Gecko) Chrome/67.0.3396.99 Safari/537.36]
[2018-08-16T20:42:22.364] [INFO] default - [::1 GET /javascript/function.js 304 5ms][http://localhost:3000/ HTTP/1.1 Mozilla/5.0 (Windows NT 10.0; Win64; x64) AppleWebKit/537.36 (KHTML, like Gecko) Chrome/67.0.3396.99 Safari/537.36]
[2018-08-16T20:42:22.398] [INFO] default - [::1 GET /layui/lay/modules/layer.js 304 0ms][http://localhost:3000/ HTTP/1.1 Mozilla/5.0 (Windows NT 10.0; Win64; x64) AppleWebKit/537.36 (KHTML, like Gecko) Chrome/67.0.3396.99 Safari/537.36]
[2018-08-16T20:42:22.402] [INFO] default - [::1 GET /layui/css/modules/layer/default/layer.css?v=3.1.1 304 0ms][http://localhost:3000/ HTTP/1.1 Mozilla/5.0 (Windows NT 10.0; Win64; x64) AppleWebKit/537.36 (KHTML, like Gecko) Chrome/67.0.3396.99 Safari/537.36]
[2018-08-16T20:42:22.403] [INFO] default - [::1 GET /layui/lay/modules/form.js 304 1ms][http://localhost:3000/ HTTP/1.1 Mozilla/5.0 (Windows NT 10.0; Win64; x64) AppleWebKit/537.36 (KHTML, like Gecko) Chrome/67.0.3396.99 Safari/537.36]
[2018-08-16T20:42:22.408] [INFO] default - [::1 GET /layui/css/modules/layer/default/loading-2.gif 304 1ms][http://localhost:3000/layui/css/modules/layer/default/layer.css?v=3.1.1 HTTP/1.1 Mozilla/5.0 (Windows NT 10.0; Win64; x64) AppleWebKit/537.36 (KHTML, like Gecko) Chrome/67.0.3396.99 Safari/537.36]
[2018-08-16T20:42:22.415] [INFO] default - [::1 GET /javascript/index1.js?_=1534423342384 200 1ms][http://localhost:3000/ HTTP/1.1 Mozilla/5.0 (Windows NT 10.0; Win64; x64) AppleWebKit/537.36 (KHTML, like Gecko) Chrome/67.0.3396.99 Safari/537.36]
[2018-08-16T20:42:22.420] [INFO] default - [::1 GET /javascript/order.js?_=1534423342385 200 0ms][http://localhost:3000/ HTTP/1.1 Mozilla/5.0 (Windows NT 10.0; Win64; x64) AppleWebKit/537.36 (KHTML, like Gecko) Chrome/67.0.3396.99 Safari/537.36]
[2018-08-16T20:42:22.424] [INFO] default - [::1 GET /javascript/sales.js?_=1534423342386 200 0ms][http://localhost:3000/ HTTP/1.1 Mozilla/5.0 (Windows NT 10.0; Win64; x64) AppleWebKit/537.36 (KHTML, like Gecko) Chrome/67.0.3396.99 Safari/537.36]
[2018-08-16T20:42:22.431] [INFO] default - [::1 GET /javascript/pullSignal.js?_=1534423342387 200 1ms][http://localhost:3000/ HTTP/1.1 Mozilla/5.0 (Windows NT 10.0; Win64; x64) AppleWebKit/537.36 (KHTML, like Gecko) Chrome/67.0.3396.99 Safari/537.36]
[2018-08-16T20:42:22.436] [INFO] default - [::1 GET /javascript/addApplicationGoods.js?_=1534423342388 200 1ms][http://localhost:3000/ HTTP/1.1 Mozilla/5.0 (Windows NT 10.0; Win64; x64) AppleWebKit/537.36 (KHTML, like Gecko) Chrome/67.0.3396.99 Safari/537.36]
[2018-08-16T20:42:22.441] [INFO] default - [::1 GET /javascript/addReturnRequest.js?_=1534423342389 200 1ms][http://localhost:3000/ HTTP/1.1 Mozilla/5.0 (Windows NT 10.0; Win64; x64) AppleWebKit/537.36 (KHTML, like Gecko) Chrome/67.0.3396.99 Safari/537.36]
[2018-08-16T20:42:22.445] [INFO] default - [::1 GET /javascript/requireGoodsList.js?_=1534423342390 200 1ms][http://localhost:3000/ HTTP/1.1 Mozilla/5.0 (Windows NT 10.0; Win64; x64) AppleWebKit/537.36 (KHTML, like Gecko) Chrome/67.0.3396.99 Safari/537.36]
[2018-08-16T20:42:22.448] [INFO] default - [::1 GET /javascript/saleslist.js?_=1534423342391 200 1ms][http://localhost:3000/ HTTP/1.1 Mozilla/5.0 (Windows NT 10.0; Win64; x64) AppleWebKit/537.36 (KHTML, like Gecko) Chrome/67.0.3396.99 Safari/537.36]
[2018-08-16T20:42:22.452] [INFO] default - [::1 GET /javascript/saleslist_goods.js?_=1534423342392 200 1ms][http://localhost:3000/ HTTP/1.1 Mozilla/5.0 (Windows NT 10.0; Win64; x64) AppleWebKit/537.36 (KHTML, like Gecko) Chrome/67.0.3396.99 Safari/537.36]
[2018-08-16T20:42:22.457] [INFO] default - [::1 GET /javascript/productList.js?_=1534423342393 200 0ms][http://localhost:3000/ HTTP/1.1 Mozilla/5.0 (Windows NT 10.0; Win64; x64) AppleWebKit/537.36 (KHTML, like Gecko) Chrome/67.0.3396.99 Safari/537.36]
[2018-08-16T20:42:22.463] [INFO] default - [::1 GET /javascript/selectCustomer.js?_=1534423342394 200 1ms][http://localhost:3000/ HTTP/1.1 Mozilla/5.0 (Windows NT 10.0; Win64; x64) AppleWebKit/537.36 (KHTML, like Gecko) Chrome/67.0.3396.99 Safari/537.36]
[2018-08-16T20:42:22.466] [INFO] default - [::1 GET /javascript/productDetail.js?_=1534423342395 200 0ms][http://localhost:3000/ HTTP/1.1 Mozilla/5.0 (Windows NT 10.0; Win64; x64) AppleWebKit/537.36 (KHTML, like Gecko) Chrome/67.0.3396.99 Safari/537.36]
[2018-08-16T20:42:22.471] [INFO] default - [::1 GET /javascript/tuihuo_productList.js?_=1534423342396 200 2ms][http://localhost:3000/ HTTP/1.1 Mozilla/5.0 (Windows NT 10.0; Win64; x64) AppleWebKit/537.36 (KHTML, like Gecko) Chrome/67.0.3396.99 Safari/537.36]
[2018-08-16T20:42:22.476] [INFO] default - [::1 GET /javascript/tuihuo_saleslist_goods.js?_=1534423342397 200 1ms][http://localhost:3000/ HTTP/1.1 Mozilla/5.0 (Windows NT 10.0; Win64; x64) AppleWebKit/537.36 (KHTML, like Gecko) Chrome/67.0.3396.99 Safari/537.36]
[2018-08-16T20:42:22.480] [INFO] default - [::1 GET /javascript/tuihuo_selectcustomer.js?_=1534423342398 200 0ms][http://localhost:3000/ HTTP/1.1 Mozilla/5.0 (Windows NT 10.0; Win64; x64) AppleWebKit/537.36 (KHTML, like Gecko) Chrome/67.0.3396.99 Safari/537.36]
[2018-08-16T20:42:22.484] [INFO] default - [::1 GET /javascript/tuihuo_salelist.js?_=1534423342399 200 0ms][http://localhost:3000/ HTTP/1.1 Mozilla/5.0 (Windows NT 10.0; Win64; x64) AppleWebKit/537.36 (KHTML, like Gecko) Chrome/67.0.3396.99 Safari/537.36]
[2018-08-16T20:42:22.489] [INFO] default - [::1 GET /javascript/addApplicationGoods_detail.js?_=1534423342400 200 1ms][http://localhost:3000/ HTTP/1.1 Mozilla/5.0 (Windows NT 10.0; Win64; x64) AppleWebKit/537.36 (KHTML, like Gecko) Chrome/67.0.3396.99 Safari/537.36]
[2018-08-16T20:42:22.492] [INFO] default - [::1 GET /layui/lay/modules/laytpl.js 304 1ms][http://localhost:3000/ HTTP/1.1 Mozilla/5.0 (Windows NT 10.0; Win64; x64) AppleWebKit/537.36 (KHTML, like Gecko) Chrome/67.0.3396.99 Safari/537.36]
[2018-08-16T20:42:22.511] [INFO] default - [::1 GET /layui/font/iconfont.woff?v=230 304 0ms][http://localhost:3000/layui/css/layui.css HTTP/1.1 Mozilla/5.0 (Windows NT 10.0; Win64; x64) AppleWebKit/537.36 (KHTML, like Gecko) Chrome/67.0.3396.99 Safari/537.36]
[2018-08-16T20:42:23.854] [INFO] default - [::1 GET /QueryExecuting 304 1356ms][http://localhost:3000/ HTTP/1.1 Mozilla/5.0 (Windows NT 10.0; Win64; x64) AppleWebKit/537.36 (KHTML, like Gecko) Chrome/67.0.3396.99 Safari/537.36]
[2018-08-16T20:42:28.257] [INFO] default - [::1 POST /Project 200 946ms][http://localhost:3000/ HTTP/1.1 Mozilla/5.0 (Windows NT 10.0; Win64; x64) AppleWebKit/537.36 (KHTML, like Gecko) Chrome/67.0.3396.99 Safari/537.36]
[2018-08-16T20:42:28.479] [INFO] default - [::1 POST /person 200 1165ms][http://localhost:3000/ HTTP/1.1 Mozilla/5.0 (Windows NT 10.0; Win64; x64) AppleWebKit/537.36 (KHTML, like Gecko) Chrome/67.0.3396.99 Safari/537.36]
[2018-08-16T20:42:28.617] [INFO] default - [::1 GET /warehouse 304 1302ms][http://localhost:3000/ HTTP/1.1 Mozilla/5.0 (Windows NT 10.0; Win64; x64) AppleWebKit/537.36 (KHTML, like Gecko) Chrome/67.0.3396.99 Safari/537.36]
[2018-08-16T20:42:29.430] [INFO] default - [::1 GET /layui/lay/modules/element.js 304 1ms][http://localhost:3000/ HTTP/1.1 Mozilla/5.0 (Windows NT 10.0; Win64; x64) AppleWebKit/537.36 (KHTML, like Gecko) Chrome/67.0.3396.99 Safari/537.36]
[2018-08-16T20:42:29.434] [INFO] default - [::1 GET /layui/css/modules/layer/default/loading-1.gif 304 0ms][http://localhost:3000/layui/css/modules/layer/default/layer.css?v=3.1.1 HTTP/1.1 Mozilla/5.0 (Windows NT 10.0; Win64; x64) AppleWebKit/537.36 (KHTML, like Gecko) Chrome/67.0.3396.99 Safari/537.36]
[2018-08-16T20:42:30.451] [INFO] default - [::1 POST /inventory 200 1015ms][http://localhost:3000/ HTTP/1.1 Mozilla/5.0 (Windows NT 10.0; Win64; x64) AppleWebKit/537.36 (KHTML, like Gecko) Chrome/67.0.3396.99 Safari/537.36]
[2018-08-16T20:42:34.125] [INFO] default - [::1 POST /QueryInventoryPrice 200 3669ms][http://localhost:3000/ HTTP/1.1 Mozilla/5.0 (Windows NT 10.0; Win64; x64) AppleWebKit/537.36 (KHTML, like Gecko) Chrome/67.0.3396.99 Safari/537.36]
[2018-08-16T20:42:39.487] [INFO] default - [::1 POST /Project 200 1630ms][http://localhost:3000/ HTTP/1.1 Mozilla/5.0 (Windows NT 10.0; Win64; x64) AppleWebKit/537.36 (KHTML, like Gecko) Chrome/67.0.3396.99 Safari/537.36]
[2018-08-16T20:42:39.564] [INFO] default - [::1 GET /partner 304 1704ms][http://localhost:3000/ HTTP/1.1 Mozilla/5.0 (Windows NT 10.0; Win64; x64) AppleWebKit/537.36 (KHTML, like Gecko) Chrome/67.0.3396.99 Safari/537.36]
[2018-08-16T20:42:39.703] [INFO] default - [::1 POST /person 200 1841ms][http://localhost:3000/ HTTP/1.1 Mozilla/5.0 (Windows NT 10.0; Win64; x64) AppleWebKit/537.36 (KHTML, like Gecko) Chrome/67.0.3396.99 Safari/537.36]
[2018-08-16T20:42:39.886] [INFO] default - [::1 GET /warehouse 304 2016ms][http://localhost:3000/ HTTP/1.1 Mozilla/5.0 (Windows NT 10.0; Win64; x64) AppleWebKit/537.36 (KHTML, like Gecko) Chrome/67.0.3396.99 Safari/537.36]
[2018-08-16T20:42:42.271] [INFO] default - [::1 GET /layui/css/modules/layer/default/icon.png 304 1ms][http://localhost:3000/layui/css/modules/layer/default/layer.css?v=3.1.1 HTTP/1.1 Mozilla/5.0 (Windows NT 10.0; Win64; x64) AppleWebKit/537.36 (KHTML, like Gecko) Chrome/67.0.3396.99 Safari/537.36]
[2018-08-16T20:42:43.317] [INFO] default - [::1 POST /BankAccount 200 1044ms][http://localhost:3000/ HTTP/1.1 Mozilla/5.0 (Windows NT 10.0; Win64; x64) AppleWebKit/537.36 (KHTML, like Gecko) Chrome/67.0.3396.99 Safari/537.36]
[2018-08-16T20:42:43.425] [INFO] default - [::1 GET /layui/css/modules/layer/default/loading-0.gif 304 1ms][http://localhost:3000/layui/css/modules/layer/default/layer.css?v=3.1.1 HTTP/1.1 Mozilla/5.0 (Windows NT 10.0; Win64; x64) AppleWebKit/537.36 (KHTML, like Gecko) Chrome/67.0.3396.99 Safari/537.36]
[2018-08-16T20:42:45.658] [INFO] default - [::1 POST /saleDeliveryCreate 200 2233ms][http://localhost:3000/ HTTP/1.1 Mozilla/5.0 (Windows NT 10.0; Win64; x64) AppleWebKit/537.36 (KHTML, like Gecko) Chrome/67.0.3396.99 Safari/537.36]
[2018-08-16T20:42:50.015] [INFO] default - [::1 GET /QueryExecuting 200 1149ms][http://localhost:3000/ HTTP/1.1 Mozilla/5.0 (Windows NT 10.0; Win64; x64) AppleWebKit/537.36 (KHTML, like Gecko) Chrome/67.0.3396.99 Safari/537.36]
[2018-08-16T20:45:17.483] [INFO] default - [::1 GET / 304 8ms][http://localhost:3000/ HTTP/1.1 Mozilla/5.0 (Windows NT 10.0; Win64; x64) AppleWebKit/537.36 (KHTML, like Gecko) Chrome/67.0.3396.99 Safari/537.36]
[2018-08-16T20:45:17.505] [INFO] default - [::1 GET /layui/css/layui.css 304 0ms][http://localhost:3000/ HTTP/1.1 Mozilla/5.0 (Windows NT 10.0; Win64; x64) AppleWebKit/537.36 (KHTML, like Gecko) Chrome/67.0.3396.99 Safari/537.36]
[2018-08-16T20:45:17.508] [INFO] default - [::1 GET /ydui/js/ydui.flexible.js 304 2ms][http://localhost:3000/ HTTP/1.1 Mozilla/5.0 (Windows NT 10.0; Win64; x64) AppleWebKit/537.36 (KHTML, like Gecko) Chrome/67.0.3396.99 Safari/537.36]
[2018-08-16T20:45:17.509] [INFO] default - [::1 GET /ydui/css/ydui.css 304 2ms][http://localhost:3000/ HTTP/1.1 Mozilla/5.0 (Windows NT 10.0; Win64; x64) AppleWebKit/537.36 (KHTML, like Gecko) Chrome/67.0.3396.99 Safari/537.36]
[2018-08-16T20:45:17.509] [INFO] default - [::1 GET /jquery-weui/dist/lib/weui.min.css 304 2ms][http://localhost:3000/ HTTP/1.1 Mozilla/5.0 (Windows NT 10.0; Win64; x64) AppleWebKit/537.36 (KHTML, like Gecko) Chrome/67.0.3396.99 Safari/537.36]
[2018-08-16T20:45:17.510] [INFO] default - [::1 GET /css/order.css 304 3ms][http://localhost:3000/ HTTP/1.1 Mozilla/5.0 (Windows NT 10.0; Win64; x64) AppleWebKit/537.36 (KHTML, like Gecko) Chrome/67.0.3396.99 Safari/537.36]
[2018-08-16T20:45:17.511] [INFO] default - [::1 GET /layui/layui.js 304 3ms][http://localhost:3000/ HTTP/1.1 Mozilla/5.0 (Windows NT 10.0; Win64; x64) AppleWebKit/537.36 (KHTML, like Gecko) Chrome/67.0.3396.99 Safari/537.36]
[2018-08-16T20:45:17.512] [INFO] default - [::1 GET /jquery/jquery.min.js 304 4ms][http://localhost:3000/ HTTP/1.1 Mozilla/5.0 (Windows NT 10.0; Win64; x64) AppleWebKit/537.36 (KHTML, like Gecko) Chrome/67.0.3396.99 Safari/537.36]
[2018-08-16T20:45:17.517] [INFO] default - [::1 GET /jquery-weui/dist/js/jquery-weui.min.js 304 1ms][http://localhost:3000/ HTTP/1.1 Mozilla/5.0 (Windows NT 10.0; Win64; x64) AppleWebKit/537.36 (KHTML, like Gecko) Chrome/67.0.3396.99 Safari/537.36]
[2018-08-16T20:45:17.520] [INFO] default - [::1 GET /javascript/function.js 304 4ms][http://localhost:3000/ HTTP/1.1 Mozilla/5.0 (Windows NT 10.0; Win64; x64) AppleWebKit/537.36 (KHTML, like Gecko) Chrome/67.0.3396.99 Safari/537.36]
[2018-08-16T20:45:17.527] [INFO] default - [::1 GET /layui/lay/modules/layer.js 304 0ms][http://localhost:3000/ HTTP/1.1 Mozilla/5.0 (Windows NT 10.0; Win64; x64) AppleWebKit/537.36 (KHTML, like Gecko) Chrome/67.0.3396.99 Safari/537.36]
[2018-08-16T20:45:17.531] [INFO] default - [::1 GET /layui/css/modules/layer/default/layer.css?v=3.1.1 304 0ms][http://localhost:3000/ HTTP/1.1 Mozilla/5.0 (Windows NT 10.0; Win64; x64) AppleWebKit/537.36 (KHTML, like Gecko) Chrome/67.0.3396.99 Safari/537.36]
[2018-08-16T20:45:17.532] [INFO] default - [::1 GET /layui/lay/modules/form.js 304 1ms][http://localhost:3000/ HTTP/1.1 Mozilla/5.0 (Windows NT 10.0; Win64; x64) AppleWebKit/537.36 (KHTML, like Gecko) Chrome/67.0.3396.99 Safari/537.36]
[2018-08-16T20:45:17.537] [INFO] default - [::1 GET /layui/css/modules/layer/default/loading-2.gif 304 1ms][http://localhost:3000/layui/css/modules/layer/default/layer.css?v=3.1.1 HTTP/1.1 Mozilla/5.0 (Windows NT 10.0; Win64; x64) AppleWebKit/537.36 (KHTML, like Gecko) Chrome/67.0.3396.99 Safari/537.36]
[2018-08-16T20:45:17.543] [INFO] default - [::1 GET /javascript/index1.js?_=1534423517520 200 1ms][http://localhost:3000/ HTTP/1.1 Mozilla/5.0 (Windows NT 10.0; Win64; x64) AppleWebKit/537.36 (KHTML, like Gecko) Chrome/67.0.3396.99 Safari/537.36]
[2018-08-16T20:45:17.550] [INFO] default - [::1 GET /javascript/order.js?_=1534423517521 200 1ms][http://localhost:3000/ HTTP/1.1 Mozilla/5.0 (Windows NT 10.0; Win64; x64) AppleWebKit/537.36 (KHTML, like Gecko) Chrome/67.0.3396.99 Safari/537.36]
[2018-08-16T20:45:17.553] [INFO] default - [::1 GET /javascript/sales.js?_=1534423517522 200 0ms][http://localhost:3000/ HTTP/1.1 Mozilla/5.0 (Windows NT 10.0; Win64; x64) AppleWebKit/537.36 (KHTML, like Gecko) Chrome/67.0.3396.99 Safari/537.36]
[2018-08-16T20:45:17.558] [INFO] default - [::1 GET /javascript/pullSignal.js?_=1534423517523 200 1ms][http://localhost:3000/ HTTP/1.1 Mozilla/5.0 (Windows NT 10.0; Win64; x64) AppleWebKit/537.36 (KHTML, like Gecko) Chrome/67.0.3396.99 Safari/537.36]
[2018-08-16T20:45:17.563] [INFO] default - [::1 GET /javascript/addApplicationGoods.js?_=1534423517524 200 1ms][http://localhost:3000/ HTTP/1.1 Mozilla/5.0 (Windows NT 10.0; Win64; x64) AppleWebKit/537.36 (KHTML, like Gecko) Chrome/67.0.3396.99 Safari/537.36]
[2018-08-16T20:45:17.568] [INFO] default - [::1 GET /javascript/addReturnRequest.js?_=1534423517525 200 1ms][http://localhost:3000/ HTTP/1.1 Mozilla/5.0 (Windows NT 10.0; Win64; x64) AppleWebKit/537.36 (KHTML, like Gecko) Chrome/67.0.3396.99 Safari/537.36]
[2018-08-16T20:45:17.573] [INFO] default - [::1 GET /javascript/requireGoodsList.js?_=1534423517526 200 1ms][http://localhost:3000/ HTTP/1.1 Mozilla/5.0 (Windows NT 10.0; Win64; x64) AppleWebKit/537.36 (KHTML, like Gecko) Chrome/67.0.3396.99 Safari/537.36]
[2018-08-16T20:45:17.576] [INFO] default - [::1 GET /javascript/saleslist.js?_=1534423517527 200 0ms][http://localhost:3000/ HTTP/1.1 Mozilla/5.0 (Windows NT 10.0; Win64; x64) AppleWebKit/537.36 (KHTML, like Gecko) Chrome/67.0.3396.99 Safari/537.36]
[2018-08-16T20:45:17.582] [INFO] default - [::1 GET /javascript/saleslist_goods.js?_=1534423517528 200 1ms][http://localhost:3000/ HTTP/1.1 Mozilla/5.0 (Windows NT 10.0; Win64; x64) AppleWebKit/537.36 (KHTML, like Gecko) Chrome/67.0.3396.99 Safari/537.36]
[2018-08-16T20:45:17.586] [INFO] default - [::1 GET /javascript/productList.js?_=1534423517529 200 0ms][http://localhost:3000/ HTTP/1.1 Mozilla/5.0 (Windows NT 10.0; Win64; x64) AppleWebKit/537.36 (KHTML, like Gecko) Chrome/67.0.3396.99 Safari/537.36]
[2018-08-16T20:45:17.590] [INFO] default - [::1 GET /javascript/selectCustomer.js?_=1534423517530 200 1ms][http://localhost:3000/ HTTP/1.1 Mozilla/5.0 (Windows NT 10.0; Win64; x64) AppleWebKit/537.36 (KHTML, like Gecko) Chrome/67.0.3396.99 Safari/537.36]
[2018-08-16T20:45:17.595] [INFO] default - [::1 GET /javascript/productDetail.js?_=1534423517531 200 1ms][http://localhost:3000/ HTTP/1.1 Mozilla/5.0 (Windows NT 10.0; Win64; x64) AppleWebKit/537.36 (KHTML, like Gecko) Chrome/67.0.3396.99 Safari/537.36]
[2018-08-16T20:45:17.600] [INFO] default - [::1 GET /javascript/tuihuo_productList.js?_=1534423517532 200 1ms][http://localhost:3000/ HTTP/1.1 Mozilla/5.0 (Windows NT 10.0; Win64; x64) AppleWebKit/537.36 (KHTML, like Gecko) Chrome/67.0.3396.99 Safari/537.36]
[2018-08-16T20:45:17.605] [INFO] default - [::1 GET /javascript/tuihuo_saleslist_goods.js?_=1534423517533 200 1ms][http://localhost:3000/ HTTP/1.1 Mozilla/5.0 (Windows NT 10.0; Win64; x64) AppleWebKit/537.36 (KHTML, like Gecko) Chrome/67.0.3396.99 Safari/537.36]
[2018-08-16T20:45:17.610] [INFO] default - [::1 GET /javascript/tuihuo_selectcustomer.js?_=1534423517534 200 1ms][http://localhost:3000/ HTTP/1.1 Mozilla/5.0 (Windows NT 10.0; Win64; x64) AppleWebKit/537.36 (KHTML, like Gecko) Chrome/67.0.3396.99 Safari/537.36]
[2018-08-16T20:45:17.615] [INFO] default - [::1 GET /javascript/tuihuo_salelist.js?_=1534423517535 200 1ms][http://localhost:3000/ HTTP/1.1 Mozilla/5.0 (Windows NT 10.0; Win64; x64) AppleWebKit/537.36 (KHTML, like Gecko) Chrome/67.0.3396.99 Safari/537.36]
[2018-08-16T20:45:17.619] [INFO] default - [::1 GET /javascript/addApplicationGoods_detail.js?_=1534423517536 200 0ms][http://localhost:3000/ HTTP/1.1 Mozilla/5.0 (Windows NT 10.0; Win64; x64) AppleWebKit/537.36 (KHTML, like Gecko) Chrome/67.0.3396.99 Safari/537.36]
[2018-08-16T20:45:17.621] [INFO] default - [::1 GET /layui/lay/modules/laytpl.js 304 0ms][http://localhost:3000/ HTTP/1.1 Mozilla/5.0 (Windows NT 10.0; Win64; x64) AppleWebKit/537.36 (KHTML, like Gecko) Chrome/67.0.3396.99 Safari/537.36]
[2018-08-16T20:45:17.630] [INFO] default - [::1 GET /layui/font/iconfont.woff?v=230 304 1ms][http://localhost:3000/layui/css/layui.css HTTP/1.1 Mozilla/5.0 (Windows NT 10.0; Win64; x64) AppleWebKit/537.36 (KHTML, like Gecko) Chrome/67.0.3396.99 Safari/537.36]
[2018-08-16T20:45:18.666] [INFO] default - [::1 GET /QueryExecuting 304 1040ms][http://localhost:3000/ HTTP/1.1 Mozilla/5.0 (Windows NT 10.0; Win64; x64) AppleWebKit/537.36 (KHTML, like Gecko) Chrome/67.0.3396.99 Safari/537.36]
[2018-08-16T20:45:24.642] [INFO] default - [::1 GET /warehouse 304 1077ms][http://localhost:3000/ HTTP/1.1 Mozilla/5.0 (Windows NT 10.0; Win64; x64) AppleWebKit/537.36 (KHTML, like Gecko) Chrome/67.0.3396.99 Safari/537.36]
[2018-08-16T20:45:24.847] [INFO] default - [::1 POST /Project 200 1285ms][http://localhost:3000/ HTTP/1.1 Mozilla/5.0 (Windows NT 10.0; Win64; x64) AppleWebKit/537.36 (KHTML, like Gecko) Chrome/67.0.3396.99 Safari/537.36]
[2018-08-16T20:45:25.247] [INFO] default - [::1 POST /person 200 1683ms][http://localhost:3000/ HTTP/1.1 Mozilla/5.0 (Windows NT 10.0; Win64; x64) AppleWebKit/537.36 (KHTML, like Gecko) Chrome/67.0.3396.99 Safari/537.36]
[2018-08-16T20:45:28.038] [INFO] default - [::1 GET /layui/lay/modules/element.js 304 0ms][http://localhost:3000/ HTTP/1.1 Mozilla/5.0 (Windows NT 10.0; Win64; x64) AppleWebKit/537.36 (KHTML, like Gecko) Chrome/67.0.3396.99 Safari/537.36]
[2018-08-16T20:45:28.042] [INFO] default - [::1 GET /layui/css/modules/layer/default/loading-1.gif 304 1ms][http://localhost:3000/layui/css/modules/layer/default/layer.css?v=3.1.1 HTTP/1.1 Mozilla/5.0 (Windows NT 10.0; Win64; x64) AppleWebKit/537.36 (KHTML, like Gecko) Chrome/67.0.3396.99 Safari/537.36]
[2018-08-16T20:45:28.853] [INFO] default - [::1 POST /inventory 200 808ms][http://localhost:3000/ HTTP/1.1 Mozilla/5.0 (Windows NT 10.0; Win64; x64) AppleWebKit/537.36 (KHTML, like Gecko) Chrome/67.0.3396.99 Safari/537.36]
[2018-08-16T20:45:32.390] [INFO] default - [::1 POST /QueryInventoryPrice 200 3532ms][http://localhost:3000/ HTTP/1.1 Mozilla/5.0 (Windows NT 10.0; Win64; x64) AppleWebKit/537.36 (KHTML, like Gecko) Chrome/67.0.3396.99 Safari/537.36]
[2018-08-16T20:45:34.696] [INFO] default - [::1 GET / 304 7ms][http://localhost:3000/ HTTP/1.1 Mozilla/5.0 (Windows NT 10.0; Win64; x64) AppleWebKit/537.36 (KHTML, like Gecko) Chrome/67.0.3396.99 Safari/537.36]
[2018-08-16T20:45:34.704] [INFO] default - [::1 GET /layui/css/layui.css 304 1ms][http://localhost:3000/ HTTP/1.1 Mozilla/5.0 (Windows NT 10.0; Win64; x64) AppleWebKit/537.36 (KHTML, like Gecko) Chrome/67.0.3396.99 Safari/537.36]
[2018-08-16T20:45:34.708] [INFO] default - [::1 GET /ydui/js/ydui.flexible.js 304 3ms][http://localhost:3000/ HTTP/1.1 Mozilla/5.0 (Windows NT 10.0; Win64; x64) AppleWebKit/537.36 (KHTML, like Gecko) Chrome/67.0.3396.99 Safari/537.36]
[2018-08-16T20:45:34.709] [INFO] default - [::1 GET /ydui/css/ydui.css 304 4ms][http://localhost:3000/ HTTP/1.1 Mozilla/5.0 (Windows NT 10.0; Win64; x64) AppleWebKit/537.36 (KHTML, like Gecko) Chrome/67.0.3396.99 Safari/537.36]
[2018-08-16T20:45:34.710] [INFO] default - [::1 GET /jquery-weui/dist/lib/weui.min.css 304 5ms][http://localhost:3000/ HTTP/1.1 Mozilla/5.0 (Windows NT 10.0; Win64; x64) AppleWebKit/537.36 (KHTML, like Gecko) Chrome/67.0.3396.99 Safari/537.36]
[2018-08-16T20:45:34.710] [INFO] default - [::1 GET /css/order.css 304 4ms][http://localhost:3000/ HTTP/1.1 Mozilla/5.0 (Windows NT 10.0; Win64; x64) AppleWebKit/537.36 (KHTML, like Gecko) Chrome/67.0.3396.99 Safari/537.36]
[2018-08-16T20:45:34.711] [INFO] default - [::1 GET /layui/layui.js 304 4ms][http://localhost:3000/ HTTP/1.1 Mozilla/5.0 (Windows NT 10.0; Win64; x64) AppleWebKit/537.36 (KHTML, like Gecko) Chrome/67.0.3396.99 Safari/537.36]
[2018-08-16T20:45:34.712] [INFO] default - [::1 GET /jquery/jquery.min.js 304 5ms][http://localhost:3000/ HTTP/1.1 Mozilla/5.0 (Windows NT 10.0; Win64; x64) AppleWebKit/537.36 (KHTML, like Gecko) Chrome/67.0.3396.99 Safari/537.36]
[2018-08-16T20:45:34.713] [INFO] default - [::1 GET /jquery-weui/dist/js/jquery-weui.min.js 304 0ms][http://localhost:3000/ HTTP/1.1 Mozilla/5.0 (Windows NT 10.0; Win64; x64) AppleWebKit/537.36 (KHTML, like Gecko) Chrome/67.0.3396.99 Safari/537.36]
[2018-08-16T20:45:34.714] [INFO] default - [::1 GET /javascript/function.js 304 1ms][http://localhost:3000/ HTTP/1.1 Mozilla/5.0 (Windows NT 10.0; Win64; x64) AppleWebKit/537.36 (KHTML, like Gecko) Chrome/67.0.3396.99 Safari/537.36]
[2018-08-16T20:45:34.729] [INFO] default - [::1 GET /layui/lay/modules/layer.js 304 1ms][http://localhost:3000/ HTTP/1.1 Mozilla/5.0 (Windows NT 10.0; Win64; x64) AppleWebKit/537.36 (KHTML, like Gecko) Chrome/67.0.3396.99 Safari/537.36]
[2018-08-16T20:45:34.733] [INFO] default - [::1 GET /layui/css/modules/layer/default/layer.css?v=3.1.1 304 1ms][http://localhost:3000/ HTTP/1.1 Mozilla/5.0 (Windows NT 10.0; Win64; x64) AppleWebKit/537.36 (KHTML, like Gecko) Chrome/67.0.3396.99 Safari/537.36]
[2018-08-16T20:45:34.734] [INFO] default - [::1 GET /layui/lay/modules/form.js 304 1ms][http://localhost:3000/ HTTP/1.1 Mozilla/5.0 (Windows NT 10.0; Win64; x64) AppleWebKit/537.36 (KHTML, like Gecko) Chrome/67.0.3396.99 Safari/537.36]
[2018-08-16T20:45:34.738] [INFO] default - [::1 GET /layui/css/modules/layer/default/loading-2.gif 304 0ms][http://localhost:3000/layui/css/modules/layer/default/layer.css?v=3.1.1 HTTP/1.1 Mozilla/5.0 (Windows NT 10.0; Win64; x64) AppleWebKit/537.36 (KHTML, like Gecko) Chrome/67.0.3396.99 Safari/537.36]
[2018-08-16T20:45:34.745] [INFO] default - [::1 GET /javascript/index1.js?_=1534423534724 200 1ms][http://localhost:3000/ HTTP/1.1 Mozilla/5.0 (Windows NT 10.0; Win64; x64) AppleWebKit/537.36 (KHTML, like Gecko) Chrome/67.0.3396.99 Safari/537.36]
[2018-08-16T20:45:34.757] [INFO] default - [::1 GET /javascript/order.js?_=1534423534725 200 0ms][http://localhost:3000/ HTTP/1.1 Mozilla/5.0 (Windows NT 10.0; Win64; x64) AppleWebKit/537.36 (KHTML, like Gecko) Chrome/67.0.3396.99 Safari/537.36]
[2018-08-16T20:45:34.761] [INFO] default - [::1 GET /javascript/sales.js?_=1534423534726 200 1ms][http://localhost:3000/ HTTP/1.1 Mozilla/5.0 (Windows NT 10.0; Win64; x64) AppleWebKit/537.36 (KHTML, like Gecko) Chrome/67.0.3396.99 Safari/537.36]
[2018-08-16T20:45:34.772] [INFO] default - [::1 GET /javascript/pullSignal.js?_=1534423534727 200 1ms][http://localhost:3000/ HTTP/1.1 Mozilla/5.0 (Windows NT 10.0; Win64; x64) AppleWebKit/537.36 (KHTML, like Gecko) Chrome/67.0.3396.99 Safari/537.36]
[2018-08-16T20:45:34.777] [INFO] default - [::1 GET /javascript/addApplicationGoods.js?_=1534423534728 200 1ms][http://localhost:3000/ HTTP/1.1 Mozilla/5.0 (Windows NT 10.0; Win64; x64) AppleWebKit/537.36 (KHTML, like Gecko) Chrome/67.0.3396.99 Safari/537.36]
[2018-08-16T20:45:34.782] [INFO] default - [::1 GET /javascript/addReturnRequest.js?_=1534423534729 200 1ms][http://localhost:3000/ HTTP/1.1 Mozilla/5.0 (Windows NT 10.0; Win64; x64) AppleWebKit/537.36 (KHTML, like Gecko) Chrome/67.0.3396.99 Safari/537.36]
[2018-08-16T20:45:34.785] [INFO] default - [::1 GET /javascript/requireGoodsList.js?_=1534423534730 200 1ms][http://localhost:3000/ HTTP/1.1 Mozilla/5.0 (Windows NT 10.0; Win64; x64) AppleWebKit/537.36 (KHTML, like Gecko) Chrome/67.0.3396.99 Safari/537.36]
[2018-08-16T20:45:34.791] [INFO] default - [::1 GET /javascript/saleslist.js?_=1534423534731 200 1ms][http://localhost:3000/ HTTP/1.1 Mozilla/5.0 (Windows NT 10.0; Win64; x64) AppleWebKit/537.36 (KHTML, like Gecko) Chrome/67.0.3396.99 Safari/537.36]
[2018-08-16T20:45:34.795] [INFO] default - [::1 GET /javascript/saleslist_goods.js?_=1534423534732 200 1ms][http://localhost:3000/ HTTP/1.1 Mozilla/5.0 (Windows NT 10.0; Win64; x64) AppleWebKit/537.36 (KHTML, like Gecko) Chrome/67.0.3396.99 Safari/537.36]
[2018-08-16T20:45:34.799] [INFO] default - [::1 GET /javascript/productList.js?_=1534423534733 200 1ms][http://localhost:3000/ HTTP/1.1 Mozilla/5.0 (Windows NT 10.0; Win64; x64) AppleWebKit/537.36 (KHTML, like Gecko) Chrome/67.0.3396.99 Safari/537.36]
[2018-08-16T20:45:34.804] [INFO] default - [::1 GET /javascript/selectCustomer.js?_=1534423534734 200 0ms][http://localhost:3000/ HTTP/1.1 Mozilla/5.0 (Windows NT 10.0; Win64; x64) AppleWebKit/537.36 (KHTML, like Gecko) Chrome/67.0.3396.99 Safari/537.36]
[2018-08-16T20:45:34.807] [INFO] default - [::1 GET /javascript/productDetail.js?_=1534423534735 200 1ms][http://localhost:3000/ HTTP/1.1 Mozilla/5.0 (Windows NT 10.0; Win64; x64) AppleWebKit/537.36 (KHTML, like Gecko) Chrome/67.0.3396.99 Safari/537.36]
[2018-08-16T20:45:34.812] [INFO] default - [::1 GET /javascript/tuihuo_productList.js?_=1534423534736 200 0ms][http://localhost:3000/ HTTP/1.1 Mozilla/5.0 (Windows NT 10.0; Win64; x64) AppleWebKit/537.36 (KHTML, like Gecko) Chrome/67.0.3396.99 Safari/537.36]
[2018-08-16T20:45:34.815] [INFO] default - [::1 GET /javascript/tuihuo_saleslist_goods.js?_=1534423534737 200 1ms][http://localhost:3000/ HTTP/1.1 Mozilla/5.0 (Windows NT 10.0; Win64; x64) AppleWebKit/537.36 (KHTML, like Gecko) Chrome/67.0.3396.99 Safari/537.36]
[2018-08-16T20:45:34.820] [INFO] default - [::1 GET /javascript/tuihuo_selectcustomer.js?_=1534423534738 200 0ms][http://localhost:3000/ HTTP/1.1 Mozilla/5.0 (Windows NT 10.0; Win64; x64) AppleWebKit/537.36 (KHTML, like Gecko) Chrome/67.0.3396.99 Safari/537.36]
[2018-08-16T20:45:34.824] [INFO] default - [::1 GET /javascript/tuihuo_salelist.js?_=1534423534739 200 0ms][http://localhost:3000/ HTTP/1.1 Mozilla/5.0 (Windows NT 10.0; Win64; x64) AppleWebKit/537.36 (KHTML, like Gecko) Chrome/67.0.3396.99 Safari/537.36]
[2018-08-16T20:45:34.829] [INFO] default - [::1 GET /javascript/addApplicationGoods_detail.js?_=1534423534740 200 0ms][http://localhost:3000/ HTTP/1.1 Mozilla/5.0 (Windows NT 10.0; Win64; x64) AppleWebKit/537.36 (KHTML, like Gecko) Chrome/67.0.3396.99 Safari/537.36]
[2018-08-16T20:45:34.832] [INFO] default - [::1 GET /layui/lay/modules/laytpl.js 304 1ms][http://localhost:3000/ HTTP/1.1 Mozilla/5.0 (Windows NT 10.0; Win64; x64) AppleWebKit/537.36 (KHTML, like Gecko) Chrome/67.0.3396.99 Safari/537.36]
[2018-08-16T20:45:34.834] [INFO] default - [::1 GET /layui/lay/modules/element.js 304 1ms][http://localhost:3000/ HTTP/1.1 Mozilla/5.0 (Windows NT 10.0; Win64; x64) AppleWebKit/537.36 (KHTML, like Gecko) Chrome/67.0.3396.99 Safari/537.36]
[2018-08-16T20:45:34.837] [INFO] default - [::1 GET /layui/css/modules/layer/default/loading-1.gif 304 1ms][http://localhost:3000/layui/css/modules/layer/default/layer.css?v=3.1.1 HTTP/1.1 Mozilla/5.0 (Windows NT 10.0; Win64; x64) AppleWebKit/537.36 (KHTML, like Gecko) Chrome/67.0.3396.99 Safari/537.36]
[2018-08-16T20:45:34.838] [INFO] default - [::1 GET /layui/font/iconfont.woff?v=230 304 0ms][http://localhost:3000/layui/css/layui.css HTTP/1.1 Mozilla/5.0 (Windows NT 10.0; Win64; x64) AppleWebKit/537.36 (KHTML, like Gecko) Chrome/67.0.3396.99 Safari/537.36]
[2018-08-16T20:45:35.743] [INFO] default - [::1 POST /inventory 200 904ms][http://localhost:3000/ HTTP/1.1 Mozilla/5.0 (Windows NT 10.0; Win64; x64) AppleWebKit/537.36 (KHTML, like Gecko) Chrome/67.0.3396.99 Safari/537.36]
[2018-08-16T20:45:39.459] [INFO] default - [::1 POST /QueryInventoryPrice 200 3712ms][http://localhost:3000/ HTTP/1.1 Mozilla/5.0 (Windows NT 10.0; Win64; x64) AppleWebKit/537.36 (KHTML, like Gecko) Chrome/67.0.3396.99 Safari/537.36]
[2018-08-16T20:46:09.805] [INFO] default - [::1 GET /layui/css/layui.css 304 0ms][http://localhost:3000/ HTTP/1.1 Mozilla/5.0 (Windows NT 10.0; Win64; x64) AppleWebKit/537.36 (KHTML, like Gecko) Chrome/67.0.3396.99 Safari/537.36]
[2018-08-16T20:46:09.807] [INFO] default - [::1 GET /ydui/css/ydui.css 304 2ms][http://localhost:3000/ HTTP/1.1 Mozilla/5.0 (Windows NT 10.0; Win64; x64) AppleWebKit/537.36 (KHTML, like Gecko) Chrome/67.0.3396.99 Safari/537.36]
[2018-08-16T20:46:09.808] [INFO] default - [::1 GET /jquery-weui/dist/lib/weui.min.css 304 3ms][http://localhost:3000/ HTTP/1.1 Mozilla/5.0 (Windows NT 10.0; Win64; x64) AppleWebKit/537.36 (KHTML, like Gecko) Chrome/67.0.3396.99 Safari/537.36]
[2018-08-16T20:46:09.809] [INFO] default - [::1 GET /css/order.css 304 3ms][http://localhost:3000/ HTTP/1.1 Mozilla/5.0 (Windows NT 10.0; Win64; x64) AppleWebKit/537.36 (KHTML, like Gecko) Chrome/67.0.3396.99 Safari/537.36]
[2018-08-16T20:46:09.810] [INFO] default - [::1 GET /layui/css/modules/layer/default/layer.css?v=3.1.1 304 2ms][http://localhost:3000/ HTTP/1.1 Mozilla/5.0 (Windows NT 10.0; Win64; x64) AppleWebKit/537.36 (KHTML, like Gecko) Chrome/67.0.3396.99 Safari/537.36]
[2018-08-16T20:46:17.027] [INFO] default - [::1 GET / 304 9ms][http://localhost:3000/ HTTP/1.1 Mozilla/5.0 (Windows NT 10.0; Win64; x64) AppleWebKit/537.36 (KHTML, like Gecko) Chrome/67.0.3396.99 Safari/537.36]
[2018-08-16T20:46:17.048] [INFO] default - [::1 GET /layui/css/layui.css 304 0ms][http://localhost:3000/ HTTP/1.1 Mozilla/5.0 (Windows NT 10.0; Win64; x64) AppleWebKit/537.36 (KHTML, like Gecko) Chrome/67.0.3396.99 Safari/537.36]
[2018-08-16T20:46:17.051] [INFO] default - [::1 GET /ydui/css/ydui.css 304 0ms][http://localhost:3000/ HTTP/1.1 Mozilla/5.0 (Windows NT 10.0; Win64; x64) AppleWebKit/537.36 (KHTML, like Gecko) Chrome/67.0.3396.99 Safari/537.36]
[2018-08-16T20:46:17.060] [INFO] default - [::1 GET /jquery-weui/dist/lib/weui.min.css 304 9ms][http://localhost:3000/ HTTP/1.1 Mozilla/5.0 (Windows NT 10.0; Win64; x64) AppleWebKit/537.36 (KHTML, like Gecko) Chrome/67.0.3396.99 Safari/537.36]
[2018-08-16T20:46:17.061] [INFO] default - [::1 GET /css/order.css 304 9ms][http://localhost:3000/ HTTP/1.1 Mozilla/5.0 (Windows NT 10.0; Win64; x64) AppleWebKit/537.36 (KHTML, like Gecko) Chrome/67.0.3396.99 Safari/537.36]
[2018-08-16T20:46:17.061] [INFO] default - [::1 GET /ydui/js/ydui.flexible.js 304 9ms][http://localhost:3000/ HTTP/1.1 Mozilla/5.0 (Windows NT 10.0; Win64; x64) AppleWebKit/537.36 (KHTML, like Gecko) Chrome/67.0.3396.99 Safari/537.36]
[2018-08-16T20:46:17.062] [INFO] default - [::1 GET /layui/layui.js 304 10ms][http://localhost:3000/ HTTP/1.1 Mozilla/5.0 (Windows NT 10.0; Win64; x64) AppleWebKit/537.36 (KHTML, like Gecko) Chrome/67.0.3396.99 Safari/537.36]
[2018-08-16T20:46:17.075] [INFO] default - [::1 GET /jquery/jquery.min.js 304 23ms][http://localhost:3000/ HTTP/1.1 Mozilla/5.0 (Windows NT 10.0; Win64; x64) AppleWebKit/537.36 (KHTML, like Gecko) Chrome/67.0.3396.99 Safari/537.36]
[2018-08-16T20:46:17.076] [INFO] default - [::1 GET /jquery-weui/dist/js/jquery-weui.min.js 304 24ms][http://localhost:3000/ HTTP/1.1 Mozilla/5.0 (Windows NT 10.0; Win64; x64) AppleWebKit/537.36 (KHTML, like Gecko) Chrome/67.0.3396.99 Safari/537.36]
[2018-08-16T20:46:17.077] [INFO] default - [::1 GET /javascript/function.js 304 0ms][http://localhost:3000/ HTTP/1.1 Mozilla/5.0 (Windows NT 10.0; Win64; x64) AppleWebKit/537.36 (KHTML, like Gecko) Chrome/67.0.3396.99 Safari/537.36]
[2018-08-16T20:46:17.101] [INFO] default - [::1 GET /layui/lay/modules/layer.js 304 1ms][http://localhost:3000/ HTTP/1.1 Mozilla/5.0 (Windows NT 10.0; Win64; x64) AppleWebKit/537.36 (KHTML, like Gecko) Chrome/67.0.3396.99 Safari/537.36]
[2018-08-16T20:46:17.107] [INFO] default - [::1 GET /layui/css/modules/layer/default/layer.css?v=3.1.1 304 1ms][http://localhost:3000/ HTTP/1.1 Mozilla/5.0 (Windows NT 10.0; Win64; x64) AppleWebKit/537.36 (KHTML, like Gecko) Chrome/67.0.3396.99 Safari/537.36]
[2018-08-16T20:46:17.108] [INFO] default - [::1 GET /layui/lay/modules/form.js 304 1ms][http://localhost:3000/ HTTP/1.1 Mozilla/5.0 (Windows NT 10.0; Win64; x64) AppleWebKit/537.36 (KHTML, like Gecko) Chrome/67.0.3396.99 Safari/537.36]
[2018-08-16T20:46:17.114] [INFO] default - [::1 GET /layui/css/modules/layer/default/loading-2.gif 304 1ms][http://localhost:3000/layui/css/modules/layer/default/layer.css?v=3.1.1 HTTP/1.1 Mozilla/5.0 (Windows NT 10.0; Win64; x64) AppleWebKit/537.36 (KHTML, like Gecko) Chrome/67.0.3396.99 Safari/537.36]
[2018-08-16T20:46:17.124] [INFO] default - [::1 GET /javascript/index1.js?_=1534423577091 200 2ms][http://localhost:3000/ HTTP/1.1 Mozilla/5.0 (Windows NT 10.0; Win64; x64) AppleWebKit/537.36 (KHTML, like Gecko) Chrome/67.0.3396.99 Safari/537.36]
[2018-08-16T20:46:17.131] [INFO] default - [::1 GET /javascript/order.js?_=1534423577092 200 1ms][http://localhost:3000/ HTTP/1.1 Mozilla/5.0 (Windows NT 10.0; Win64; x64) AppleWebKit/537.36 (KHTML, like Gecko) Chrome/67.0.3396.99 Safari/537.36]
[2018-08-16T20:46:17.136] [INFO] default - [::1 GET /javascript/sales.js?_=1534423577093 200 1ms][http://localhost:3000/ HTTP/1.1 Mozilla/5.0 (Windows NT 10.0; Win64; x64) AppleWebKit/537.36 (KHTML, like Gecko) Chrome/67.0.3396.99 Safari/537.36]
[2018-08-16T20:46:17.142] [INFO] default - [::1 GET /javascript/pullSignal.js?_=1534423577094 200 1ms][http://localhost:3000/ HTTP/1.1 Mozilla/5.0 (Windows NT 10.0; Win64; x64) AppleWebKit/537.36 (KHTML, like Gecko) Chrome/67.0.3396.99 Safari/537.36]
[2018-08-16T20:46:17.147] [INFO] default - [::1 GET /javascript/addApplicationGoods.js?_=1534423577095 200 1ms][http://localhost:3000/ HTTP/1.1 Mozilla/5.0 (Windows NT 10.0; Win64; x64) AppleWebKit/537.36 (KHTML, like Gecko) Chrome/67.0.3396.99 Safari/537.36]
[2018-08-16T20:46:17.153] [INFO] default - [::1 GET /javascript/addReturnRequest.js?_=1534423577096 200 1ms][http://localhost:3000/ HTTP/1.1 Mozilla/5.0 (Windows NT 10.0; Win64; x64) AppleWebKit/537.36 (KHTML, like Gecko) Chrome/67.0.3396.99 Safari/537.36]
[2018-08-16T20:46:17.158] [INFO] default - [::1 GET /javascript/requireGoodsList.js?_=1534423577097 200 1ms][http://localhost:3000/ HTTP/1.1 Mozilla/5.0 (Windows NT 10.0; Win64; x64) AppleWebKit/537.36 (KHTML, like Gecko) Chrome/67.0.3396.99 Safari/537.36]
[2018-08-16T20:46:17.164] [INFO] default - [::1 GET /javascript/saleslist.js?_=1534423577098 200 1ms][http://localhost:3000/ HTTP/1.1 Mozilla/5.0 (Windows NT 10.0; Win64; x64) AppleWebKit/537.36 (KHTML, like Gecko) Chrome/67.0.3396.99 Safari/537.36]
[2018-08-16T20:46:17.169] [INFO] default - [::1 GET /javascript/saleslist_goods.js?_=1534423577099 200 1ms][http://localhost:3000/ HTTP/1.1 Mozilla/5.0 (Windows NT 10.0; Win64; x64) AppleWebKit/537.36 (KHTML, like Gecko) Chrome/67.0.3396.99 Safari/537.36]
[2018-08-16T20:46:17.175] [INFO] default - [::1 GET /javascript/productList.js?_=1534423577100 200 1ms][http://localhost:3000/ HTTP/1.1 Mozilla/5.0 (Windows NT 10.0; Win64; x64) AppleWebKit/537.36 (KHTML, like Gecko) Chrome/67.0.3396.99 Safari/537.36]
[2018-08-16T20:46:17.183] [INFO] default - [::1 GET /javascript/selectCustomer.js?_=1534423577101 200 1ms][http://localhost:3000/ HTTP/1.1 Mozilla/5.0 (Windows NT 10.0; Win64; x64) AppleWebKit/537.36 (KHTML, like Gecko) Chrome/67.0.3396.99 Safari/537.36]
[2018-08-16T20:46:17.189] [INFO] default - [::1 GET /javascript/productDetail.js?_=1534423577102 200 1ms][http://localhost:3000/ HTTP/1.1 Mozilla/5.0 (Windows NT 10.0; Win64; x64) AppleWebKit/537.36 (KHTML, like Gecko) Chrome/67.0.3396.99 Safari/537.36]
[2018-08-16T20:46:17.195] [INFO] default - [::1 GET /javascript/tuihuo_productList.js?_=1534423577103 200 1ms][http://localhost:3000/ HTTP/1.1 Mozilla/5.0 (Windows NT 10.0; Win64; x64) AppleWebKit/537.36 (KHTML, like Gecko) Chrome/67.0.3396.99 Safari/537.36]
[2018-08-16T20:46:17.199] [INFO] default - [::1 GET /javascript/tuihuo_saleslist_goods.js?_=1534423577104 200 1ms][http://localhost:3000/ HTTP/1.1 Mozilla/5.0 (Windows NT 10.0; Win64; x64) AppleWebKit/537.36 (KHTML, like Gecko) Chrome/67.0.3396.99 Safari/537.36]
[2018-08-16T20:46:17.204] [INFO] default - [::1 GET /javascript/tuihuo_selectcustomer.js?_=1534423577105 200 1ms][http://localhost:3000/ HTTP/1.1 Mozilla/5.0 (Windows NT 10.0; Win64; x64) AppleWebKit/537.36 (KHTML, like Gecko) Chrome/67.0.3396.99 Safari/537.36]
[2018-08-16T20:46:17.209] [INFO] default - [::1 GET /javascript/tuihuo_salelist.js?_=1534423577106 200 1ms][http://localhost:3000/ HTTP/1.1 Mozilla/5.0 (Windows NT 10.0; Win64; x64) AppleWebKit/537.36 (KHTML, like Gecko) Chrome/67.0.3396.99 Safari/537.36]
[2018-08-16T20:46:17.214] [INFO] default - [::1 GET /javascript/addApplicationGoods_detail.js?_=1534423577107 200 1ms][http://localhost:3000/ HTTP/1.1 Mozilla/5.0 (Windows NT 10.0; Win64; x64) AppleWebKit/537.36 (KHTML, like Gecko) Chrome/67.0.3396.99 Safari/537.36]
[2018-08-16T20:46:17.221] [INFO] default - [::1 GET /layui/lay/modules/laytpl.js 304 1ms][http://localhost:3000/ HTTP/1.1 Mozilla/5.0 (Windows NT 10.0; Win64; x64) AppleWebKit/537.36 (KHTML, like Gecko) Chrome/67.0.3396.99 Safari/537.36]
[2018-08-16T20:46:17.224] [INFO] default - [::1 GET /layui/lay/modules/element.js 304 1ms][http://localhost:3000/ HTTP/1.1 Mozilla/5.0 (Windows NT 10.0; Win64; x64) AppleWebKit/537.36 (KHTML, like Gecko) Chrome/67.0.3396.99 Safari/537.36]
[2018-08-16T20:46:17.228] [INFO] default - [::1 GET /layui/css/modules/layer/default/loading-1.gif 304 0ms][http://localhost:3000/layui/css/modules/layer/default/layer.css?v=3.1.1 HTTP/1.1 Mozilla/5.0 (Windows NT 10.0; Win64; x64) AppleWebKit/537.36 (KHTML, like Gecko) Chrome/67.0.3396.99 Safari/537.36]
[2018-08-16T20:46:17.230] [INFO] default - [::1 GET /layui/font/iconfont.woff?v=230 304 1ms][http://localhost:3000/layui/css/layui.css HTTP/1.1 Mozilla/5.0 (Windows NT 10.0; Win64; x64) AppleWebKit/537.36 (KHTML, like Gecko) Chrome/67.0.3396.99 Safari/537.36]
[2018-08-16T20:46:18.285] [INFO] default - [::1 POST /inventory 200 1054ms][http://localhost:3000/ HTTP/1.1 Mozilla/5.0 (Windows NT 10.0; Win64; x64) AppleWebKit/537.36 (KHTML, like Gecko) Chrome/67.0.3396.99 Safari/537.36]
[2018-08-16T20:46:40.317] [INFO] default - [::1 POST /QueryInventoryPrice 200 4099ms][http://localhost:3000/ HTTP/1.1 Mozilla/5.0 (Windows NT 10.0; Win64; x64) AppleWebKit/537.36 (KHTML, like Gecko) Chrome/67.0.3396.99 Safari/537.36]
[2018-08-16T20:49:33.822] [INFO] default - [::1 POST /Project 200 1194ms][http://localhost:3000/ HTTP/1.1 Mozilla/5.0 (Windows NT 10.0; Win64; x64) AppleWebKit/537.36 (KHTML, like Gecko) Chrome/67.0.3396.99 Safari/537.36]
[2018-08-16T20:49:34.100] [INFO] default - [::1 GET /warehouse 304 1469ms][http://localhost:3000/ HTTP/1.1 Mozilla/5.0 (Windows NT 10.0; Win64; x64) AppleWebKit/537.36 (KHTML, like Gecko) Chrome/67.0.3396.99 Safari/537.36]
[2018-08-16T20:49:34.109] [INFO] default - [::1 POST /person 200 1479ms][http://localhost:3000/ HTTP/1.1 Mozilla/5.0 (Windows NT 10.0; Win64; x64) AppleWebKit/537.36 (KHTML, like Gecko) Chrome/67.0.3396.99 Safari/537.36]
[2018-08-16T20:50:04.357] [INFO] default - [::1 GET /layui/lay/modules/laydate.js 304 1ms][http://localhost:3000/ HTTP/1.1 Mozilla/5.0 (Windows NT 10.0; Win64; x64) AppleWebKit/537.36 (KHTML, like Gecko) Chrome/67.0.3396.99 Safari/537.36]
[2018-08-16T20:50:04.363] [INFO] default - [::1 GET /layui/css/modules/laydate/default/laydate.css?v=5.0.9 304 1ms][http://localhost:3000/ HTTP/1.1 Mozilla/5.0 (Windows NT 10.0; Win64; x64) AppleWebKit/537.36 (KHTML, like Gecko) Chrome/67.0.3396.99 Safari/537.36]
[2018-08-16T20:54:28.770] [INFO] default - [::1 GET / 200 10ms][http://localhost:3000/ HTTP/1.1 Mozilla/5.0 (Windows NT 10.0; Win64; x64) AppleWebKit/537.36 (KHTML, like Gecko) Chrome/67.0.3396.99 Safari/537.36]
[2018-08-16T20:54:28.777] [INFO] default - [::1 GET /css/style.css 304 1ms][http://localhost:3000/ HTTP/1.1 Mozilla/5.0 (Windows NT 10.0; Win64; x64) AppleWebKit/537.36 (KHTML, like Gecko) Chrome/67.0.3396.99 Safari/537.36]
[2018-08-16T20:54:28.786] [INFO] default - [::1 GET /js/jquery.min.js 304 2ms][http://localhost:3000/ HTTP/1.1 Mozilla/5.0 (Windows NT 10.0; Win64; x64) AppleWebKit/537.36 (KHTML, like Gecko) Chrome/67.0.3396.99 Safari/537.36]
[2018-08-16T20:54:28.787] [INFO] default - [::1 GET /js/index.js 304 1ms][http://localhost:3000/ HTTP/1.1 Mozilla/5.0 (Windows NT 10.0; Win64; x64) AppleWebKit/537.36 (KHTML, like Gecko) Chrome/67.0.3396.99 Safari/537.36]
[2018-08-16T20:54:28.788] [INFO] default - [::1 GET /slider-2.jpg 304 1ms][http://localhost:3000/css/style.css HTTP/1.1 Mozilla/5.0 (Windows NT 10.0; Win64; x64) AppleWebKit/537.36 (KHTML, like Gecko) Chrome/67.0.3396.99 Safari/537.36]
[2018-08-16T20:54:41.694] [INFO] default - [::1 POST /Login 200 701ms][http://localhost:3000/ HTTP/1.1 Mozilla/5.0 (Windows NT 10.0; Win64; x64) AppleWebKit/537.36 (KHTML, like Gecko) Chrome/67.0.3396.99 Safari/537.36]
[2018-08-16T20:54:41.710] [INFO] default - [::1 GET / 200 13ms][http://localhost:3000/ HTTP/1.1 Mozilla/5.0 (Windows NT 10.0; Win64; x64) AppleWebKit/537.36 (KHTML, like Gecko) Chrome/67.0.3396.99 Safari/537.36]
[2018-08-16T20:54:41.719] [INFO] default - [::1 GET /layui/css/layui.css 304 2ms][http://localhost:3000/ HTTP/1.1 Mozilla/5.0 (Windows NT 10.0; Win64; x64) AppleWebKit/537.36 (KHTML, like Gecko) Chrome/67.0.3396.99 Safari/537.36]
[2018-08-16T20:54:41.720] [INFO] default - [::ffff:127.0.0.1 GET /ydui/css/ydui.css 304 3ms][http://localhost:3000/ HTTP/1.1 Mozilla/5.0 (Windows NT 10.0; Win64; x64) AppleWebKit/537.36 (KHTML, like Gecko) Chrome/67.0.3396.99 Safari/537.36]
[2018-08-16T20:54:41.724] [INFO] default - [::1 GET /css/order.css 304 3ms][http://localhost:3000/ HTTP/1.1 Mozilla/5.0 (Windows NT 10.0; Win64; x64) AppleWebKit/537.36 (KHTML, like Gecko) Chrome/67.0.3396.99 Safari/537.36]
[2018-08-16T20:54:41.725] [INFO] default - [::1 GET /ydui/js/ydui.flexible.js 304 4ms][http://localhost:3000/ HTTP/1.1 Mozilla/5.0 (Windows NT 10.0; Win64; x64) AppleWebKit/537.36 (KHTML, like Gecko) Chrome/67.0.3396.99 Safari/537.36]
[2018-08-16T20:54:41.725] [INFO] default - [::1 GET /layui/layui.js 304 4ms][http://localhost:3000/ HTTP/1.1 Mozilla/5.0 (Windows NT 10.0; Win64; x64) AppleWebKit/537.36 (KHTML, like Gecko) Chrome/67.0.3396.99 Safari/537.36]
[2018-08-16T20:54:41.725] [INFO] default - [::1 GET /jquery-weui/dist/lib/weui.min.css 304 4ms][http://localhost:3000/ HTTP/1.1 Mozilla/5.0 (Windows NT 10.0; Win64; x64) AppleWebKit/537.36 (KHTML, like Gecko) Chrome/67.0.3396.99 Safari/537.36]
[2018-08-16T20:54:41.726] [INFO] default - [::1 GET /jquery/jquery.min.js 304 4ms][http://localhost:3000/ HTTP/1.1 Mozilla/5.0 (Windows NT 10.0; Win64; x64) AppleWebKit/537.36 (KHTML, like Gecko) Chrome/67.0.3396.99 Safari/537.36]
[2018-08-16T20:54:41.727] [INFO] default - [::ffff:127.0.0.1 GET /jquery-weui/dist/js/jquery-weui.min.js 304 4ms][http://localhost:3000/ HTTP/1.1 Mozilla/5.0 (Windows NT 10.0; Win64; x64) AppleWebKit/537.36 (KHTML, like Gecko) Chrome/67.0.3396.99 Safari/537.36]
[2018-08-16T20:54:41.728] [INFO] default - [::1 GET /javascript/function.js 304 1ms][http://localhost:3000/ HTTP/1.1 Mozilla/5.0 (Windows NT 10.0; Win64; x64) AppleWebKit/537.36 (KHTML, like Gecko) Chrome/67.0.3396.99 Safari/537.36]
[2018-08-16T20:54:41.750] [INFO] default - [::1 GET /layui/lay/modules/layer.js 304 1ms][http://localhost:3000/ HTTP/1.1 Mozilla/5.0 (Windows NT 10.0; Win64; x64) AppleWebKit/537.36 (KHTML, like Gecko) Chrome/67.0.3396.99 Safari/537.36]
[2018-08-16T20:54:41.755] [INFO] default - [::1 GET /layui/css/modules/layer/default/layer.css?v=3.1.1 304 1ms][http://localhost:3000/ HTTP/1.1 Mozilla/5.0 (Windows NT 10.0; Win64; x64) AppleWebKit/537.36 (KHTML, like Gecko) Chrome/67.0.3396.99 Safari/537.36]
[2018-08-16T20:54:41.755] [INFO] default - [::ffff:127.0.0.1 GET /layui/lay/modules/form.js 304 1ms][http://localhost:3000/ HTTP/1.1 Mozilla/5.0 (Windows NT 10.0; Win64; x64) AppleWebKit/537.36 (KHTML, like Gecko) Chrome/67.0.3396.99 Safari/537.36]
[2018-08-16T20:54:41.760] [INFO] default - [::ffff:127.0.0.1 GET /layui/css/modules/layer/default/loading-2.gif 304 1ms][http://localhost:3000/layui/css/modules/layer/default/layer.css?v=3.1.1 HTTP/1.1 Mozilla/5.0 (Windows NT 10.0; Win64; x64) AppleWebKit/537.36 (KHTML, like Gecko) Chrome/67.0.3396.99 Safari/537.36]
[2018-08-16T20:54:41.768] [INFO] default - [::ffff:127.0.0.1 GET /javascript/index1.js?_=1534424081745 200 2ms][http://localhost:3000/ HTTP/1.1 Mozilla/5.0 (Windows NT 10.0; Win64; x64) AppleWebKit/537.36 (KHTML, like Gecko) Chrome/67.0.3396.99 Safari/537.36]
[2018-08-16T20:54:41.773] [INFO] default - [::ffff:127.0.0.1 GET /javascript/order.js?_=1534424081746 200 0ms][http://localhost:3000/ HTTP/1.1 Mozilla/5.0 (Windows NT 10.0; Win64; x64) AppleWebKit/537.36 (KHTML, like Gecko) Chrome/67.0.3396.99 Safari/537.36]
[2018-08-16T20:54:41.777] [INFO] default - [::ffff:127.0.0.1 GET /javascript/sales.js?_=1534424081747 200 0ms][http://localhost:3000/ HTTP/1.1 Mozilla/5.0 (Windows NT 10.0; Win64; x64) AppleWebKit/537.36 (KHTML, like Gecko) Chrome/67.0.3396.99 Safari/537.36]
[2018-08-16T20:54:41.781] [INFO] default - [::ffff:127.0.0.1 GET /javascript/pullSignal.js?_=1534424081748 200 1ms][http://localhost:3000/ HTTP/1.1 Mozilla/5.0 (Windows NT 10.0; Win64; x64) AppleWebKit/537.36 (KHTML, like Gecko) Chrome/67.0.3396.99 Safari/537.36]
[2018-08-16T20:54:41.786] [INFO] default - [::ffff:127.0.0.1 GET /javascript/addApplicationGoods.js?_=1534424081749 200 1ms][http://localhost:3000/ HTTP/1.1 Mozilla/5.0 (Windows NT 10.0; Win64; x64) AppleWebKit/537.36 (KHTML, like Gecko) Chrome/67.0.3396.99 Safari/537.36]
[2018-08-16T20:54:41.797] [INFO] default - [::ffff:127.0.0.1 GET /javascript/addReturnRequest.js?_=1534424081750 200 7ms][http://localhost:3000/ HTTP/1.1 Mozilla/5.0 (Windows NT 10.0; Win64; x64) AppleWebKit/537.36 (KHTML, like Gecko) Chrome/67.0.3396.99 Safari/537.36]
[2018-08-16T20:54:41.803] [INFO] default - [::ffff:127.0.0.1 GET /javascript/requireGoodsList.js?_=1534424081751 200 2ms][http://localhost:3000/ HTTP/1.1 Mozilla/5.0 (Windows NT 10.0; Win64; x64) AppleWebKit/537.36 (KHTML, like Gecko) Chrome/67.0.3396.99 Safari/537.36]
[2018-08-16T20:54:41.808] [INFO] default - [::ffff:127.0.0.1 GET /javascript/saleslist.js?_=1534424081752 200 1ms][http://localhost:3000/ HTTP/1.1 Mozilla/5.0 (Windows NT 10.0; Win64; x64) AppleWebKit/537.36 (KHTML, like Gecko) Chrome/67.0.3396.99 Safari/537.36]
[2018-08-16T20:54:41.814] [INFO] default - [::ffff:127.0.0.1 GET /javascript/saleslist_goods.js?_=1534424081753 200 1ms][http://localhost:3000/ HTTP/1.1 Mozilla/5.0 (Windows NT 10.0; Win64; x64) AppleWebKit/537.36 (KHTML, like Gecko) Chrome/67.0.3396.99 Safari/537.36]
[2018-08-16T20:54:41.820] [INFO] default - [::ffff:127.0.0.1 GET /javascript/productList.js?_=1534424081754 200 1ms][http://localhost:3000/ HTTP/1.1 Mozilla/5.0 (Windows NT 10.0; Win64; x64) AppleWebKit/537.36 (KHTML, like Gecko) Chrome/67.0.3396.99 Safari/537.36]
[2018-08-16T20:54:41.826] [INFO] default - [::ffff:127.0.0.1 GET /javascript/selectCustomer.js?_=1534424081755 200 1ms][http://localhost:3000/ HTTP/1.1 Mozilla/5.0 (Windows NT 10.0; Win64; x64) AppleWebKit/537.36 (KHTML, like Gecko) Chrome/67.0.3396.99 Safari/537.36]
[2018-08-16T20:54:41.831] [INFO] default - [::ffff:127.0.0.1 GET /javascript/productDetail.js?_=1534424081756 200 0ms][http://localhost:3000/ HTTP/1.1 Mozilla/5.0 (Windows NT 10.0; Win64; x64) AppleWebKit/537.36 (KHTML, like Gecko) Chrome/67.0.3396.99 Safari/537.36]
[2018-08-16T20:54:41.837] [INFO] default - [::ffff:127.0.0.1 GET /javascript/tuihuo_productList.js?_=1534424081757 200 1ms][http://localhost:3000/ HTTP/1.1 Mozilla/5.0 (Windows NT 10.0; Win64; x64) AppleWebKit/537.36 (KHTML, like Gecko) Chrome/67.0.3396.99 Safari/537.36]
[2018-08-16T20:54:41.842] [INFO] default - [::ffff:127.0.0.1 GET /javascript/tuihuo_saleslist_goods.js?_=1534424081758 200 1ms][http://localhost:3000/ HTTP/1.1 Mozilla/5.0 (Windows NT 10.0; Win64; x64) AppleWebKit/537.36 (KHTML, like Gecko) Chrome/67.0.3396.99 Safari/537.36]
[2018-08-16T20:54:41.847] [INFO] default - [::ffff:127.0.0.1 GET /javascript/tuihuo_selectcustomer.js?_=1534424081759 200 0ms][http://localhost:3000/ HTTP/1.1 Mozilla/5.0 (Windows NT 10.0; Win64; x64) AppleWebKit/537.36 (KHTML, like Gecko) Chrome/67.0.3396.99 Safari/537.36]
[2018-08-16T20:54:41.850] [INFO] default - [::ffff:127.0.0.1 GET /javascript/tuihuo_salelist.js?_=1534424081760 200 1ms][http://localhost:3000/ HTTP/1.1 Mozilla/5.0 (Windows NT 10.0; Win64; x64) AppleWebKit/537.36 (KHTML, like Gecko) Chrome/67.0.3396.99 Safari/537.36]
[2018-08-16T20:54:41.856] [INFO] default - [::ffff:127.0.0.1 GET /javascript/addApplicationGoods_detail.js?_=1534424081761 200 1ms][http://localhost:3000/ HTTP/1.1 Mozilla/5.0 (Windows NT 10.0; Win64; x64) AppleWebKit/537.36 (KHTML, like Gecko) Chrome/67.0.3396.99 Safari/537.36]
[2018-08-16T20:54:41.858] [INFO] default - [::ffff:127.0.0.1 GET /layui/lay/modules/laytpl.js 304 0ms][http://localhost:3000/ HTTP/1.1 Mozilla/5.0 (Windows NT 10.0; Win64; x64) AppleWebKit/537.36 (KHTML, like Gecko) Chrome/67.0.3396.99 Safari/537.36]
[2018-08-16T20:54:41.871] [INFO] default - [::ffff:127.0.0.1 GET /layui/font/iconfont.woff?v=230 304 0ms][http://localhost:3000/layui/css/layui.css HTTP/1.1 Mozilla/5.0 (Windows NT 10.0; Win64; x64) AppleWebKit/537.36 (KHTML, like Gecko) Chrome/67.0.3396.99 Safari/537.36]
[2018-08-16T20:54:45.389] [INFO] default - [::ffff:127.0.0.1 POST /Project 200 1022ms][http://localhost:3000/ HTTP/1.1 Mozilla/5.0 (Windows NT 10.0; Win64; x64) AppleWebKit/537.36 (KHTML, like Gecko) Chrome/67.0.3396.99 Safari/537.36]
[2018-08-16T20:54:45.737] [INFO] default - [::ffff:127.0.0.1 GET /layui/lay/modules/element.js 304 1ms][http://localhost:3000/ HTTP/1.1 Mozilla/5.0 (Windows NT 10.0; Win64; x64) AppleWebKit/537.36 (KHTML, like Gecko) Chrome/67.0.3396.99 Safari/537.36]
[2018-08-16T20:54:45.742] [INFO] default - [::ffff:127.0.0.1 GET /layui/css/modules/layer/default/loading-1.gif 304 1ms][http://localhost:3000/layui/css/modules/layer/default/layer.css?v=3.1.1 HTTP/1.1 Mozilla/5.0 (Windows NT 10.0; Win64; x64) AppleWebKit/537.36 (KHTML, like Gecko) Chrome/67.0.3396.99 Safari/537.36]
[2018-08-16T20:54:46.072] [INFO] default - [::1 GET /warehouse 304 1702ms][http://localhost:3000/ HTTP/1.1 Mozilla/5.0 (Windows NT 10.0; Win64; x64) AppleWebKit/537.36 (KHTML, like Gecko) Chrome/67.0.3396.99 Safari/537.36]
[2018-08-16T20:54:46.138] [INFO] default - [::1 POST /person 200 1768ms][http://localhost:3000/ HTTP/1.1 Mozilla/5.0 (Windows NT 10.0; Win64; x64) AppleWebKit/537.36 (KHTML, like Gecko) Chrome/67.0.3396.99 Safari/537.36]
[2018-08-16T20:54:46.809] [INFO] default - [::ffff:127.0.0.1 POST /inventory 200 1066ms][http://localhost:3000/ HTTP/1.1 Mozilla/5.0 (Windows NT 10.0; Win64; x64) AppleWebKit/537.36 (KHTML, like Gecko) Chrome/67.0.3396.99 Safari/537.36]
[2018-08-16T20:54:48.827] [INFO] default - [::1 GET /layui/css/layui.css 304 2ms][http://localhost:3000/ HTTP/1.1 Mozilla/5.0 (Windows NT 10.0; Win64; x64) AppleWebKit/537.36 (KHTML, like Gecko) Chrome/67.0.3396.99 Safari/537.36]
[2018-08-16T20:54:48.828] [INFO] default - [::1 GET /ydui/css/ydui.css 304 2ms][http://localhost:3000/ HTTP/1.1 Mozilla/5.0 (Windows NT 10.0; Win64; x64) AppleWebKit/537.36 (KHTML, like Gecko) Chrome/67.0.3396.99 Safari/537.36]
[2018-08-16T20:54:48.828] [INFO] default - [::1 GET /jquery-weui/dist/lib/weui.min.css 304 2ms][http://localhost:3000/ HTTP/1.1 Mozilla/5.0 (Windows NT 10.0; Win64; x64) AppleWebKit/537.36 (KHTML, like Gecko) Chrome/67.0.3396.99 Safari/537.36]
[2018-08-16T20:54:48.830] [INFO] default - [::1 GET /css/order.css 304 4ms][http://localhost:3000/ HTTP/1.1 Mozilla/5.0 (Windows NT 10.0; Win64; x64) AppleWebKit/537.36 (KHTML, like Gecko) Chrome/67.0.3396.99 Safari/537.36]
[2018-08-16T20:54:48.830] [INFO] default - [::1 GET /layui/css/modules/layer/default/layer.css?v=3.1.1 304 1ms][http://localhost:3000/ HTTP/1.1 Mozilla/5.0 (Windows NT 10.0; Win64; x64) AppleWebKit/537.36 (KHTML, like Gecko) Chrome/67.0.3396.99 Safari/537.36]
[2018-08-16T20:54:50.768] [INFO] default - [::ffff:127.0.0.1 POST /QueryInventoryPrice 200 3955ms][http://localhost:3000/ HTTP/1.1 Mozilla/5.0 (Windows NT 10.0; Win64; x64) AppleWebKit/537.36 (KHTML, like Gecko) Chrome/67.0.3396.99 Safari/537.36]
[2018-08-16T20:55:17.712] [INFO] default - [::1 GET / 304 13ms][http://localhost:3000/ HTTP/1.1 Mozilla/5.0 (Windows NT 10.0; Win64; x64) AppleWebKit/537.36 (KHTML, like Gecko) Chrome/67.0.3396.99 Safari/537.36]
[2018-08-16T20:55:17.727] [INFO] default - [::1 GET /layui/css/layui.css 304 3ms][http://localhost:3000/ HTTP/1.1 Mozilla/5.0 (Windows NT 10.0; Win64; x64) AppleWebKit/537.36 (KHTML, like Gecko) Chrome/67.0.3396.99 Safari/537.36]
[2018-08-16T20:55:17.729] [INFO] default - [::1 GET /ydui/css/ydui.css 304 4ms][http://localhost:3000/ HTTP/1.1 Mozilla/5.0 (Windows NT 10.0; Win64; x64) AppleWebKit/537.36 (KHTML, like Gecko) Chrome/67.0.3396.99 Safari/537.36]
[2018-08-16T20:55:17.730] [INFO] default - [::1 GET /jquery-weui/dist/lib/weui.min.css 304 5ms][http://localhost:3000/ HTTP/1.1 Mozilla/5.0 (Windows NT 10.0; Win64; x64) AppleWebKit/537.36 (KHTML, like Gecko) Chrome/67.0.3396.99 Safari/537.36]
[2018-08-16T20:55:17.730] [INFO] default - [::1 GET /ydui/js/ydui.flexible.js 304 4ms][http://localhost:3000/ HTTP/1.1 Mozilla/5.0 (Windows NT 10.0; Win64; x64) AppleWebKit/537.36 (KHTML, like Gecko) Chrome/67.0.3396.99 Safari/537.36]
[2018-08-16T20:55:17.731] [INFO] default - [::1 GET /css/order.css 304 4ms][http://localhost:3000/ HTTP/1.1 Mozilla/5.0 (Windows NT 10.0; Win64; x64) AppleWebKit/537.36 (KHTML, like Gecko) Chrome/67.0.3396.99 Safari/537.36]
[2018-08-16T20:55:17.732] [INFO] default - [::1 GET /layui/layui.js 304 4ms][http://localhost:3000/ HTTP/1.1 Mozilla/5.0 (Windows NT 10.0; Win64; x64) AppleWebKit/537.36 (KHTML, like Gecko) Chrome/67.0.3396.99 Safari/537.36]
[2018-08-16T20:55:17.732] [INFO] default - [::1 GET /jquery/jquery.min.js 304 4ms][http://localhost:3000/ HTTP/1.1 Mozilla/5.0 (Windows NT 10.0; Win64; x64) AppleWebKit/537.36 (KHTML, like Gecko) Chrome/67.0.3396.99 Safari/537.36]
[2018-08-16T20:55:17.738] [INFO] default - [::1 GET /jquery-weui/dist/js/jquery-weui.min.js 304 5ms][http://localhost:3000/ HTTP/1.1 Mozilla/5.0 (Windows NT 10.0; Win64; x64) AppleWebKit/537.36 (KHTML, like Gecko) Chrome/67.0.3396.99 Safari/537.36]
[2018-08-16T20:55:17.739] [INFO] default - [::1 GET /javascript/function.js 304 5ms][http://localhost:3000/ HTTP/1.1 Mozilla/5.0 (Windows NT 10.0; Win64; x64) AppleWebKit/537.36 (KHTML, like Gecko) Chrome/67.0.3396.99 Safari/537.36]
[2018-08-16T20:55:17.779] [INFO] default - [::1 GET /layui/lay/modules/layer.js 304 2ms][http://localhost:3000/ HTTP/1.1 Mozilla/5.0 (Windows NT 10.0; Win64; x64) AppleWebKit/537.36 (KHTML, like Gecko) Chrome/67.0.3396.99 Safari/537.36]
[2018-08-16T20:55:17.786] [INFO] default - [::1 GET /layui/css/modules/layer/default/layer.css?v=3.1.1 304 1ms][http://localhost:3000/ HTTP/1.1 Mozilla/5.0 (Windows NT 10.0; Win64; x64) AppleWebKit/537.36 (KHTML, like Gecko) Chrome/67.0.3396.99 Safari/537.36]
[2018-08-16T20:55:17.786] [INFO] default - [::1 GET /layui/lay/modules/form.js 304 1ms][http://localhost:3000/ HTTP/1.1 Mozilla/5.0 (Windows NT 10.0; Win64; x64) AppleWebKit/537.36 (KHTML, like Gecko) Chrome/67.0.3396.99 Safari/537.36]
[2018-08-16T20:55:17.793] [INFO] default - [::1 GET /layui/css/modules/layer/default/loading-2.gif 304 1ms][http://localhost:3000/layui/css/modules/layer/default/layer.css?v=3.1.1 HTTP/1.1 Mozilla/5.0 (Windows NT 10.0; Win64; x64) AppleWebKit/537.36 (KHTML, like Gecko) Chrome/67.0.3396.99 Safari/537.36]
[2018-08-16T20:55:17.800] [INFO] default - [::1 GET /javascript/index1.js?_=1534424117766 200 1ms][http://localhost:3000/ HTTP/1.1 Mozilla/5.0 (Windows NT 10.0; Win64; x64) AppleWebKit/537.36 (KHTML, like Gecko) Chrome/67.0.3396.99 Safari/537.36]
[2018-08-16T20:55:17.807] [INFO] default - [::1 GET /javascript/order.js?_=1534424117767 200 1ms][http://localhost:3000/ HTTP/1.1 Mozilla/5.0 (Windows NT 10.0; Win64; x64) AppleWebKit/537.36 (KHTML, like Gecko) Chrome/67.0.3396.99 Safari/537.36]
[2018-08-16T20:55:17.813] [INFO] default - [::1 GET /javascript/sales.js?_=1534424117768 200 1ms][http://localhost:3000/ HTTP/1.1 Mozilla/5.0 (Windows NT 10.0; Win64; x64) AppleWebKit/537.36 (KHTML, like Gecko) Chrome/67.0.3396.99 Safari/537.36]
[2018-08-16T20:55:17.819] [INFO] default - [::1 GET /javascript/pullSignal.js?_=1534424117769 200 1ms][http://localhost:3000/ HTTP/1.1 Mozilla/5.0 (Windows NT 10.0; Win64; x64) AppleWebKit/537.36 (KHTML, like Gecko) Chrome/67.0.3396.99 Safari/537.36]
[2018-08-16T20:55:17.828] [INFO] default - [::1 GET /javascript/addApplicationGoods.js?_=1534424117770 200 1ms][http://localhost:3000/ HTTP/1.1 Mozilla/5.0 (Windows NT 10.0; Win64; x64) AppleWebKit/537.36 (KHTML, like Gecko) Chrome/67.0.3396.99 Safari/537.36]
[2018-08-16T20:55:17.834] [INFO] default - [::1 GET /javascript/addReturnRequest.js?_=1534424117771 200 1ms][http://localhost:3000/ HTTP/1.1 Mozilla/5.0 (Windows NT 10.0; Win64; x64) AppleWebKit/537.36 (KHTML, like Gecko) Chrome/67.0.3396.99 Safari/537.36]
[2018-08-16T20:55:17.840] [INFO] default - [::1 GET /javascript/requireGoodsList.js?_=1534424117772 200 1ms][http://localhost:3000/ HTTP/1.1 Mozilla/5.0 (Windows NT 10.0; Win64; x64) AppleWebKit/537.36 (KHTML, like Gecko) Chrome/67.0.3396.99 Safari/537.36]
[2018-08-16T20:55:17.846] [INFO] default - [::1 GET /javascript/saleslist.js?_=1534424117773 200 1ms][http://localhost:3000/ HTTP/1.1 Mozilla/5.0 (Windows NT 10.0; Win64; x64) AppleWebKit/537.36 (KHTML, like Gecko) Chrome/67.0.3396.99 Safari/537.36]
[2018-08-16T20:55:17.852] [INFO] default - [::1 GET /javascript/saleslist_goods.js?_=1534424117774 200 1ms][http://localhost:3000/ HTTP/1.1 Mozilla/5.0 (Windows NT 10.0; Win64; x64) AppleWebKit/537.36 (KHTML, like Gecko) Chrome/67.0.3396.99 Safari/537.36]
[2018-08-16T20:55:17.859] [INFO] default - [::1 GET /javascript/productList.js?_=1534424117775 200 1ms][http://localhost:3000/ HTTP/1.1 Mozilla/5.0 (Windows NT 10.0; Win64; x64) AppleWebKit/537.36 (KHTML, like Gecko) Chrome/67.0.3396.99 Safari/537.36]
[2018-08-16T20:55:17.865] [INFO] default - [::1 GET /javascript/selectCustomer.js?_=1534424117776 200 1ms][http://localhost:3000/ HTTP/1.1 Mozilla/5.0 (Windows NT 10.0; Win64; x64) AppleWebKit/537.36 (KHTML, like Gecko) Chrome/67.0.3396.99 Safari/537.36]
[2018-08-16T20:55:17.870] [INFO] default - [::1 GET /javascript/productDetail.js?_=1534424117777 200 1ms][http://localhost:3000/ HTTP/1.1 Mozilla/5.0 (Windows NT 10.0; Win64; x64) AppleWebKit/537.36 (KHTML, like Gecko) Chrome/67.0.3396.99 Safari/537.36]
[2018-08-16T20:55:17.876] [INFO] default - [::1 GET /javascript/tuihuo_productList.js?_=1534424117778 200 0ms][http://localhost:3000/ HTTP/1.1 Mozilla/5.0 (Windows NT 10.0; Win64; x64) AppleWebKit/537.36 (KHTML, like Gecko) Chrome/67.0.3396.99 Safari/537.36]
[2018-08-16T20:55:17.880] [INFO] default - [::1 GET /javascript/tuihuo_saleslist_goods.js?_=1534424117779 200 1ms][http://localhost:3000/ HTTP/1.1 Mozilla/5.0 (Windows NT 10.0; Win64; x64) AppleWebKit/537.36 (KHTML, like Gecko) Chrome/67.0.3396.99 Safari/537.36]
[2018-08-16T20:55:17.885] [INFO] default - [::1 GET /javascript/tuihuo_selectcustomer.js?_=1534424117780 200 1ms][http://localhost:3000/ HTTP/1.1 Mozilla/5.0 (Windows NT 10.0; Win64; x64) AppleWebKit/537.36 (KHTML, like Gecko) Chrome/67.0.3396.99 Safari/537.36]
[2018-08-16T20:55:17.889] [INFO] default - [::1 GET /javascript/tuihuo_salelist.js?_=1534424117781 200 1ms][http://localhost:3000/ HTTP/1.1 Mozilla/5.0 (Windows NT 10.0; Win64; x64) AppleWebKit/537.36 (KHTML, like Gecko) Chrome/67.0.3396.99 Safari/537.36]
[2018-08-16T20:55:17.893] [INFO] default - [::1 GET /javascript/addApplicationGoods_detail.js?_=1534424117782 200 1ms][http://localhost:3000/ HTTP/1.1 Mozilla/5.0 (Windows NT 10.0; Win64; x64) AppleWebKit/537.36 (KHTML, like Gecko) Chrome/67.0.3396.99 Safari/537.36]
[2018-08-16T20:55:17.896] [INFO] default - [::1 GET /layui/lay/modules/laytpl.js 304 0ms][http://localhost:3000/ HTTP/1.1 Mozilla/5.0 (Windows NT 10.0; Win64; x64) AppleWebKit/537.36 (KHTML, like Gecko) Chrome/67.0.3396.99 Safari/537.36]
[2018-08-16T20:55:17.899] [INFO] default - [::1 GET /layui/lay/modules/element.js 304 0ms][http://localhost:3000/ HTTP/1.1 Mozilla/5.0 (Windows NT 10.0; Win64; x64) AppleWebKit/537.36 (KHTML, like Gecko) Chrome/67.0.3396.99 Safari/537.36]
[2018-08-16T20:55:17.928] [INFO] default - [::1 GET /layui/css/modules/layer/default/loading-1.gif 304 1ms][http://localhost:3000/layui/css/modules/layer/default/layer.css?v=3.1.1 HTTP/1.1 Mozilla/5.0 (Windows NT 10.0; Win64; x64) AppleWebKit/537.36 (KHTML, like Gecko) Chrome/67.0.3396.99 Safari/537.36]
[2018-08-16T20:55:17.929] [INFO] default - [::1 GET /layui/font/iconfont.woff?v=230 304 1ms][http://localhost:3000/layui/css/layui.css HTTP/1.1 Mozilla/5.0 (Windows NT 10.0; Win64; x64) AppleWebKit/537.36 (KHTML, like Gecko) Chrome/67.0.3396.99 Safari/537.36]
[2018-08-16T20:55:19.019] [INFO] default - [::1 POST /inventory 200 1089ms][http://localhost:3000/ HTTP/1.1 Mozilla/5.0 (Windows NT 10.0; Win64; x64) AppleWebKit/537.36 (KHTML, like Gecko) Chrome/67.0.3396.99 Safari/537.36]
[2018-08-16T20:55:23.172] [INFO] default - [::1 POST /QueryInventoryPrice 200 4141ms][http://localhost:3000/ HTTP/1.1 Mozilla/5.0 (Windows NT 10.0; Win64; x64) AppleWebKit/537.36 (KHTML, like Gecko) Chrome/67.0.3396.99 Safari/537.36]
