[2018-08-12T21:02:28.960] [INFO] default - [::1 GET / 200 14ms][ HTTP/1.1 Mozilla/5.0 (Windows NT 10.0; Win64; x64) AppleWebKit/537.36 (KHTML, like Gecko) Chrome/67.0.3396.99 Safari/537.36]
[2018-08-12T21:02:28.975] [INFO] default - [::1 GET /css/style.css 304 2ms][http://localhost:3000/ HTTP/1.1 Mozilla/5.0 (Windows NT 10.0; Win64; x64) AppleWebKit/537.36 (KHTML, like Gecko) Chrome/67.0.3396.99 Safari/537.36]
[2018-08-12T21:02:28.995] [INFO] default - [::1 GET /js/jquery.min.js 304 1ms][http://localhost:3000/ HTTP/1.1 Mozilla/5.0 (Windows NT 10.0; Win64; x64) AppleWebKit/537.36 (KHTML, like Gecko) Chrome/67.0.3396.99 Safari/537.36]
[2018-08-12T21:02:28.996] [INFO] default - [::1 GET /js/index.js 304 2ms][http://localhost:3000/ HTTP/1.1 Mozilla/5.0 (Windows NT 10.0; Win64; x64) AppleWebKit/537.36 (KHTML, like Gecko) Chrome/67.0.3396.99 Safari/537.36]
[2018-08-12T21:02:28.998] [INFO] default - [::1 GET /slider-2.jpg 304 1ms][http://localhost:3000/css/style.css HTTP/1.1 Mozilla/5.0 (Windows NT 10.0; Win64; x64) AppleWebKit/537.36 (KHTML, like Gecko) Chrome/67.0.3396.99 Safari/537.36]
[2018-08-12T21:02:29.462] [INFO] default - [::1 GET /favicon.ico 404 1ms][http://localhost:3000/ HTTP/1.1 Mozilla/5.0 (Windows NT 10.0; Win64; x64) AppleWebKit/537.36 (KHTML, like Gecko) Chrome/67.0.3396.99 Safari/537.36]
[2018-08-12T21:02:33.019] [INFO] default - [::1 GET /css/style.css 304 0ms][http://localhost:3000/ HTTP/1.1 Mozilla/5.0 (Windows NT 10.0; Win64; x64) AppleWebKit/537.36 (KHTML, like Gecko) Chrome/67.0.3396.99 Safari/537.36]
[2018-08-12T21:02:33.037] [INFO] default - [::1 GET /js/jquery.min.map 404 0ms][ HTTP/1.1 Mozilla/5.0 (iPhone; CPU iPhone OS 11_0 like Mac OS X) AppleWebKit/604.1.38 (KHTML, like Gecko) Version/11.0 Mobile/15A372 Safari/604.1]
[2018-08-12T21:02:33.092] [INFO] default - [::1 POST /Login 200 1572ms][http://localhost:3000/ HTTP/1.1 Mozilla/5.0 (Windows NT 10.0; Win64; x64) AppleWebKit/537.36 (KHTML, like Gecko) Chrome/67.0.3396.99 Safari/537.36]
[2018-08-12T21:02:33.111] [INFO] default - [::1 GET / 200 14ms][http://localhost:3000/ HTTP/1.1 Mozilla/5.0 (iPhone; CPU iPhone OS 11_0 like Mac OS X) AppleWebKit/604.1.38 (KHTML, like Gecko) Version/11.0 Mobile/15A372 Safari/604.1]
[2018-08-12T21:02:33.125] [INFO] default - [::1 GET /layui/css/layui.css 304 4ms][http://localhost:3000/ HTTP/1.1 Mozilla/5.0 (iPhone; CPU iPhone OS 11_0 like Mac OS X) AppleWebKit/604.1.38 (KHTML, like Gecko) Version/11.0 Mobile/15A372 Safari/604.1]
[2018-08-12T21:02:33.126] [INFO] default - [::1 GET /ydui/js/ydui.flexible.js 304 4ms][http://localhost:3000/ HTTP/1.1 Mozilla/5.0 (iPhone; CPU iPhone OS 11_0 like Mac OS X) AppleWebKit/604.1.38 (KHTML, like Gecko) Version/11.0 Mobile/15A372 Safari/604.1]
[2018-08-12T21:02:33.127] [INFO] default - [::1 GET /jquery-weui/dist/lib/weui.min.css 304 5ms][http://localhost:3000/ HTTP/1.1 Mozilla/5.0 (iPhone; CPU iPhone OS 11_0 like Mac OS X) AppleWebKit/604.1.38 (KHTML, like Gecko) Version/11.0 Mobile/15A372 Safari/604.1]
[2018-08-12T21:02:33.128] [INFO] default - [::1 GET /ydui/css/ydui.css 304 4ms][http://localhost:3000/ HTTP/1.1 Mozilla/5.0 (iPhone; CPU iPhone OS 11_0 like Mac OS X) AppleWebKit/604.1.38 (KHTML, like Gecko) Version/11.0 Mobile/15A372 Safari/604.1]
[2018-08-12T21:02:33.128] [INFO] default - [::1 GET /css/order.css 304 5ms][http://localhost:3000/ HTTP/1.1 Mozilla/5.0 (iPhone; CPU iPhone OS 11_0 like Mac OS X) AppleWebKit/604.1.38 (KHTML, like Gecko) Version/11.0 Mobile/15A372 Safari/604.1]
[2018-08-12T21:02:33.132] [INFO] default - [::1 GET /layui/layui.js 304 9ms][http://localhost:3000/ HTTP/1.1 Mozilla/5.0 (iPhone; CPU iPhone OS 11_0 like Mac OS X) AppleWebKit/604.1.38 (KHTML, like Gecko) Version/11.0 Mobile/15A372 Safari/604.1]
[2018-08-12T21:02:33.133] [INFO] default - [::1 GET /jquery/jquery.min.js 304 3ms][http://localhost:3000/ HTTP/1.1 Mozilla/5.0 (iPhone; CPU iPhone OS 11_0 like Mac OS X) AppleWebKit/604.1.38 (KHTML, like Gecko) Version/11.0 Mobile/15A372 Safari/604.1]
[2018-08-12T21:02:33.135] [INFO] default - [::1 GET /jquery-weui/dist/js/jquery-weui.min.js 304 5ms][http://localhost:3000/ HTTP/1.1 Mozilla/5.0 (iPhone; CPU iPhone OS 11_0 like Mac OS X) AppleWebKit/604.1.38 (KHTML, like Gecko) Version/11.0 Mobile/15A372 Safari/604.1]
[2018-08-12T21:02:33.135] [INFO] default - [::1 GET /javascript/function.js 304 4ms][http://localhost:3000/ HTTP/1.1 Mozilla/5.0 (iPhone; CPU iPhone OS 11_0 like Mac OS X) AppleWebKit/604.1.38 (KHTML, like Gecko) Version/11.0 Mobile/15A372 Safari/604.1]
[2018-08-12T21:02:33.170] [INFO] default - [::1 GET /layui/lay/modules/layer.js 304 1ms][http://localhost:3000/ HTTP/1.1 Mozilla/5.0 (iPhone; CPU iPhone OS 11_0 like Mac OS X) AppleWebKit/604.1.38 (KHTML, like Gecko) Version/11.0 Mobile/15A372 Safari/604.1]
[2018-08-12T21:02:33.185] [INFO] default - [::1 GET /layui/css/modules/layer/default/layer.css?v=3.1.1 304 1ms][http://localhost:3000/ HTTP/1.1 Mozilla/5.0 (iPhone; CPU iPhone OS 11_0 like Mac OS X) AppleWebKit/604.1.38 (KHTML, like Gecko) Version/11.0 Mobile/15A372 Safari/604.1]
[2018-08-12T21:02:33.186] [INFO] default - [::1 GET /layui/lay/modules/form.js 304 1ms][http://localhost:3000/ HTTP/1.1 Mozilla/5.0 (iPhone; CPU iPhone OS 11_0 like Mac OS X) AppleWebKit/604.1.38 (KHTML, like Gecko) Version/11.0 Mobile/15A372 Safari/604.1]
[2018-08-12T21:02:33.193] [INFO] default - [::1 GET /layui/css/modules/layer/default/loading-2.gif 304 1ms][http://localhost:3000/layui/css/modules/layer/default/layer.css?v=3.1.1 HTTP/1.1 Mozilla/5.0 (iPhone; CPU iPhone OS 11_0 like Mac OS X) AppleWebKit/604.1.38 (KHTML, like Gecko) Version/11.0 Mobile/15A372 Safari/604.1]
[2018-08-12T21:02:33.204] [INFO] default - [::1 GET /javascript/index1.js?_=1534078953157 200 2ms][http://localhost:3000/ HTTP/1.1 Mozilla/5.0 (iPhone; CPU iPhone OS 11_0 like Mac OS X) AppleWebKit/604.1.38 (KHTML, like Gecko) Version/11.0 Mobile/15A372 Safari/604.1]
[2018-08-12T21:02:33.210] [INFO] default - [::1 GET /javascript/order.js?_=1534078953158 200 1ms][http://localhost:3000/ HTTP/1.1 Mozilla/5.0 (iPhone; CPU iPhone OS 11_0 like Mac OS X) AppleWebKit/604.1.38 (KHTML, like Gecko) Version/11.0 Mobile/15A372 Safari/604.1]
[2018-08-12T21:02:33.216] [INFO] default - [::1 GET /javascript/sales.js?_=1534078953159 200 1ms][http://localhost:3000/ HTTP/1.1 Mozilla/5.0 (iPhone; CPU iPhone OS 11_0 like Mac OS X) AppleWebKit/604.1.38 (KHTML, like Gecko) Version/11.0 Mobile/15A372 Safari/604.1]
[2018-08-12T21:02:33.223] [INFO] default - [::1 GET /javascript/pullSignal.js?_=1534078953160 200 1ms][http://localhost:3000/ HTTP/1.1 Mozilla/5.0 (iPhone; CPU iPhone OS 11_0 like Mac OS X) AppleWebKit/604.1.38 (KHTML, like Gecko) Version/11.0 Mobile/15A372 Safari/604.1]
[2018-08-12T21:02:33.228] [INFO] default - [::1 GET /javascript/addApplicationGoods.js?_=1534078953161 200 1ms][http://localhost:3000/ HTTP/1.1 Mozilla/5.0 (iPhone; CPU iPhone OS 11_0 like Mac OS X) AppleWebKit/604.1.38 (KHTML, like Gecko) Version/11.0 Mobile/15A372 Safari/604.1]
[2018-08-12T21:02:33.233] [INFO] default - [::1 GET /javascript/addReturnRequest.js?_=1534078953162 200 1ms][http://localhost:3000/ HTTP/1.1 Mozilla/5.0 (iPhone; CPU iPhone OS 11_0 like Mac OS X) AppleWebKit/604.1.38 (KHTML, like Gecko) Version/11.0 Mobile/15A372 Safari/604.1]
[2018-08-12T21:02:33.238] [INFO] default - [::1 GET /javascript/requireGoodsList.js?_=1534078953163 200 1ms][http://localhost:3000/ HTTP/1.1 Mozilla/5.0 (iPhone; CPU iPhone OS 11_0 like Mac OS X) AppleWebKit/604.1.38 (KHTML, like Gecko) Version/11.0 Mobile/15A372 Safari/604.1]
[2018-08-12T21:02:33.243] [INFO] default - [::1 GET /javascript/saleslist.js?_=1534078953164 200 1ms][http://localhost:3000/ HTTP/1.1 Mozilla/5.0 (iPhone; CPU iPhone OS 11_0 like Mac OS X) AppleWebKit/604.1.38 (KHTML, like Gecko) Version/11.0 Mobile/15A372 Safari/604.1]
[2018-08-12T21:02:33.249] [INFO] default - [::1 GET /javascript/saleslist_goods.js?_=1534078953165 200 1ms][http://localhost:3000/ HTTP/1.1 Mozilla/5.0 (iPhone; CPU iPhone OS 11_0 like Mac OS X) AppleWebKit/604.1.38 (KHTML, like Gecko) Version/11.0 Mobile/15A372 Safari/604.1]
[2018-08-12T21:02:33.255] [INFO] default - [::1 GET /javascript/productList.js?_=1534078953166 200 1ms][http://localhost:3000/ HTTP/1.1 Mozilla/5.0 (iPhone; CPU iPhone OS 11_0 like Mac OS X) AppleWebKit/604.1.38 (KHTML, like Gecko) Version/11.0 Mobile/15A372 Safari/604.1]
[2018-08-12T21:02:33.261] [INFO] default - [::1 GET /javascript/selectCustomer.js?_=1534078953167 200 1ms][http://localhost:3000/ HTTP/1.1 Mozilla/5.0 (iPhone; CPU iPhone OS 11_0 like Mac OS X) AppleWebKit/604.1.38 (KHTML, like Gecko) Version/11.0 Mobile/15A372 Safari/604.1]
[2018-08-12T21:02:33.267] [INFO] default - [::1 GET /javascript/productDetail.js?_=1534078953168 200 1ms][http://localhost:3000/ HTTP/1.1 Mozilla/5.0 (iPhone; CPU iPhone OS 11_0 like Mac OS X) AppleWebKit/604.1.38 (KHTML, like Gecko) Version/11.0 Mobile/15A372 Safari/604.1]
[2018-08-12T21:02:33.271] [INFO] default - [::1 GET /javascript/tuihuo_productList.js?_=1534078953169 200 1ms][http://localhost:3000/ HTTP/1.1 Mozilla/5.0 (iPhone; CPU iPhone OS 11_0 like Mac OS X) AppleWebKit/604.1.38 (KHTML, like Gecko) Version/11.0 Mobile/15A372 Safari/604.1]
[2018-08-12T21:02:33.279] [INFO] default - [::1 GET /javascript/tuihuo_saleslist_goods.js?_=1534078953170 200 2ms][http://localhost:3000/ HTTP/1.1 Mozilla/5.0 (iPhone; CPU iPhone OS 11_0 like Mac OS X) AppleWebKit/604.1.38 (KHTML, like Gecko) Version/11.0 Mobile/15A372 Safari/604.1]
[2018-08-12T21:02:33.285] [INFO] default - [::1 GET /javascript/tuihuo_selectcustomer.js?_=1534078953171 200 1ms][http://localhost:3000/ HTTP/1.1 Mozilla/5.0 (iPhone; CPU iPhone OS 11_0 like Mac OS X) AppleWebKit/604.1.38 (KHTML, like Gecko) Version/11.0 Mobile/15A372 Safari/604.1]
[2018-08-12T21:02:33.289] [INFO] default - [::1 GET /javascript/tuihuo_salelist.js?_=1534078953172 200 1ms][http://localhost:3000/ HTTP/1.1 Mozilla/5.0 (iPhone; CPU iPhone OS 11_0 like Mac OS X) AppleWebKit/604.1.38 (KHTML, like Gecko) Version/11.0 Mobile/15A372 Safari/604.1]
[2018-08-12T21:02:33.317] [INFO] default - [::1 GET /javascript/addApplicationGoods_detail.js?_=1534078953173 200 1ms][http://localhost:3000/ HTTP/1.1 Mozilla/5.0 (iPhone; CPU iPhone OS 11_0 like Mac OS X) AppleWebKit/604.1.38 (KHTML, like Gecko) Version/11.0 Mobile/15A372 Safari/604.1]
[2018-08-12T21:02:33.327] [INFO] default - [::1 GET /layui/lay/modules/laytpl.js 304 1ms][http://localhost:3000/ HTTP/1.1 Mozilla/5.0 (iPhone; CPU iPhone OS 11_0 like Mac OS X) AppleWebKit/604.1.38 (KHTML, like Gecko) Version/11.0 Mobile/15A372 Safari/604.1]
[2018-08-12T21:02:33.348] [INFO] default - [::1 GET /layui/font/iconfont.woff?v=230 304 0ms][http://localhost:3000/layui/css/layui.css HTTP/1.1 Mozilla/5.0 (iPhone; CPU iPhone OS 11_0 like Mac OS X) AppleWebKit/604.1.38 (KHTML, like Gecko) Version/11.0 Mobile/15A372 Safari/604.1]
[2018-08-12T21:02:37.081] [INFO] default - [::1 GET /partner 304 1565ms][http://localhost:3000/ HTTP/1.1 Mozilla/5.0 (iPhone; CPU iPhone OS 11_0 like Mac OS X) AppleWebKit/604.1.38 (KHTML, like Gecko) Version/11.0 Mobile/15A372 Safari/604.1]
[2018-08-12T21:02:43.199] [INFO] default - [::1 POST /Project 200 5936ms][http://localhost:3000/ HTTP/1.1 Mozilla/5.0 (iPhone; CPU iPhone OS 11_0 like Mac OS X) AppleWebKit/604.1.38 (KHTML, like Gecko) Version/11.0 Mobile/15A372 Safari/604.1]
[2018-08-12T21:02:44.430] [INFO] default - [::1 GET /QueryExecuting 200 7176ms][http://localhost:3000/ HTTP/1.1 Mozilla/5.0 (iPhone; CPU iPhone OS 11_0 like Mac OS X) AppleWebKit/604.1.38 (KHTML, like Gecko) Version/11.0 Mobile/15A372 Safari/604.1]
[2018-08-12T21:02:44.549] [INFO] default - [::1 GET /warehouse 304 7286ms][http://localhost:3000/ HTTP/1.1 Mozilla/5.0 (iPhone; CPU iPhone OS 11_0 like Mac OS X) AppleWebKit/604.1.38 (KHTML, like Gecko) Version/11.0 Mobile/15A372 Safari/604.1]
[2018-08-12T21:02:44.773] [INFO] default - [::1 GET /partner 304 7511ms][http://localhost:3000/ HTTP/1.1 Mozilla/5.0 (iPhone; CPU iPhone OS 11_0 like Mac OS X) AppleWebKit/604.1.38 (KHTML, like Gecko) Version/11.0 Mobile/15A372 Safari/604.1]
[2018-08-12T21:02:45.135] [INFO] default - [::1 POST /person 200 7867ms][http://localhost:3000/ HTTP/1.1 Mozilla/5.0 (iPhone; CPU iPhone OS 11_0 like Mac OS X) AppleWebKit/604.1.38 (KHTML, like Gecko) Version/11.0 Mobile/15A372 Safari/604.1]
[2018-08-12T21:02:46.435] [INFO] default - [::1 GET /QueryExecuting 304 2003ms][http://localhost:3000/ HTTP/1.1 Mozilla/5.0 (iPhone; CPU iPhone OS 11_0 like Mac OS X) AppleWebKit/604.1.38 (KHTML, like Gecko) Version/11.0 Mobile/15A372 Safari/604.1]
[2018-08-12T21:05:34.047] [INFO] default - [::1 GET / 304 9ms][http://localhost:3000/ HTTP/1.1 Mozilla/5.0 (iPhone; CPU iPhone OS 11_0 like Mac OS X) AppleWebKit/604.1.38 (KHTML, like Gecko) Version/11.0 Mobile/15A372 Safari/604.1]
[2018-08-12T21:05:34.063] [INFO] default - [::1 GET /layui/css/layui.css 304 4ms][http://localhost:3000/ HTTP/1.1 Mozilla/5.0 (iPhone; CPU iPhone OS 11_0 like Mac OS X) AppleWebKit/604.1.38 (KHTML, like Gecko) Version/11.0 Mobile/15A372 Safari/604.1]
[2018-08-12T21:05:34.065] [INFO] default - [::1 GET /ydui/js/ydui.flexible.js 304 5ms][http://localhost:3000/ HTTP/1.1 Mozilla/5.0 (iPhone; CPU iPhone OS 11_0 like Mac OS X) AppleWebKit/604.1.38 (KHTML, like Gecko) Version/11.0 Mobile/15A372 Safari/604.1]
[2018-08-12T21:05:34.066] [INFO] default - [::1 GET /layui/layui.js 304 5ms][http://localhost:3000/ HTTP/1.1 Mozilla/5.0 (iPhone; CPU iPhone OS 11_0 like Mac OS X) AppleWebKit/604.1.38 (KHTML, like Gecko) Version/11.0 Mobile/15A372 Safari/604.1]
[2018-08-12T21:05:34.066] [INFO] default - [::1 GET /ydui/css/ydui.css 304 5ms][http://localhost:3000/ HTTP/1.1 Mozilla/5.0 (iPhone; CPU iPhone OS 11_0 like Mac OS X) AppleWebKit/604.1.38 (KHTML, like Gecko) Version/11.0 Mobile/15A372 Safari/604.1]
[2018-08-12T21:05:34.067] [INFO] default - [::1 GET /jquery-weui/dist/lib/weui.min.css 304 6ms][http://localhost:3000/ HTTP/1.1 Mozilla/5.0 (iPhone; CPU iPhone OS 11_0 like Mac OS X) AppleWebKit/604.1.38 (KHTML, like Gecko) Version/11.0 Mobile/15A372 Safari/604.1]
[2018-08-12T21:05:34.067] [INFO] default - [::1 GET /css/order.css 304 5ms][http://localhost:3000/ HTTP/1.1 Mozilla/5.0 (iPhone; CPU iPhone OS 11_0 like Mac OS X) AppleWebKit/604.1.38 (KHTML, like Gecko) Version/11.0 Mobile/15A372 Safari/604.1]
[2018-08-12T21:05:34.069] [INFO] default - [::1 GET /jquery/jquery.min.js 304 5ms][http://localhost:3000/ HTTP/1.1 Mozilla/5.0 (iPhone; CPU iPhone OS 11_0 like Mac OS X) AppleWebKit/604.1.38 (KHTML, like Gecko) Version/11.0 Mobile/15A372 Safari/604.1]
[2018-08-12T21:05:34.071] [INFO] default - [::1 GET /jquery-weui/dist/js/jquery-weui.min.js 304 2ms][http://localhost:3000/ HTTP/1.1 Mozilla/5.0 (iPhone; CPU iPhone OS 11_0 like Mac OS X) AppleWebKit/604.1.38 (KHTML, like Gecko) Version/11.0 Mobile/15A372 Safari/604.1]
[2018-08-12T21:05:34.072] [INFO] default - [::1 GET /javascript/function.js 304 4ms][http://localhost:3000/ HTTP/1.1 Mozilla/5.0 (iPhone; CPU iPhone OS 11_0 like Mac OS X) AppleWebKit/604.1.38 (KHTML, like Gecko) Version/11.0 Mobile/15A372 Safari/604.1]
[2018-08-12T21:05:34.119] [INFO] default - [::1 GET /layui/lay/modules/layer.js 304 0ms][http://localhost:3000/ HTTP/1.1 Mozilla/5.0 (iPhone; CPU iPhone OS 11_0 like Mac OS X) AppleWebKit/604.1.38 (KHTML, like Gecko) Version/11.0 Mobile/15A372 Safari/604.1]
[2018-08-12T21:05:34.137] [INFO] default - [::1 GET /layui/css/modules/layer/default/layer.css?v=3.1.1 304 1ms][http://localhost:3000/ HTTP/1.1 Mozilla/5.0 (iPhone; CPU iPhone OS 11_0 like Mac OS X) AppleWebKit/604.1.38 (KHTML, like Gecko) Version/11.0 Mobile/15A372 Safari/604.1]
[2018-08-12T21:05:34.138] [INFO] default - [::1 GET /layui/lay/modules/form.js 304 2ms][http://localhost:3000/ HTTP/1.1 Mozilla/5.0 (iPhone; CPU iPhone OS 11_0 like Mac OS X) AppleWebKit/604.1.38 (KHTML, like Gecko) Version/11.0 Mobile/15A372 Safari/604.1]
[2018-08-12T21:05:34.146] [INFO] default - [::1 GET /layui/css/modules/layer/default/loading-2.gif 304 1ms][http://localhost:3000/layui/css/modules/layer/default/layer.css?v=3.1.1 HTTP/1.1 Mozilla/5.0 (iPhone; CPU iPhone OS 11_0 like Mac OS X) AppleWebKit/604.1.38 (KHTML, like Gecko) Version/11.0 Mobile/15A372 Safari/604.1]
[2018-08-12T21:05:34.153] [INFO] default - [::1 GET /javascript/index1.js?_=1534079134106 200 1ms][http://localhost:3000/ HTTP/1.1 Mozilla/5.0 (iPhone; CPU iPhone OS 11_0 like Mac OS X) AppleWebKit/604.1.38 (KHTML, like Gecko) Version/11.0 Mobile/15A372 Safari/604.1]
[2018-08-12T21:05:34.162] [INFO] default - [::1 GET /javascript/order.js?_=1534079134107 200 1ms][http://localhost:3000/ HTTP/1.1 Mozilla/5.0 (iPhone; CPU iPhone OS 11_0 like Mac OS X) AppleWebKit/604.1.38 (KHTML, like Gecko) Version/11.0 Mobile/15A372 Safari/604.1]
[2018-08-12T21:05:34.166] [INFO] default - [::1 GET /javascript/sales.js?_=1534079134108 200 0ms][http://localhost:3000/ HTTP/1.1 Mozilla/5.0 (iPhone; CPU iPhone OS 11_0 like Mac OS X) AppleWebKit/604.1.38 (KHTML, like Gecko) Version/11.0 Mobile/15A372 Safari/604.1]
[2018-08-12T21:05:34.172] [INFO] default - [::1 GET /javascript/pullSignal.js?_=1534079134109 200 1ms][http://localhost:3000/ HTTP/1.1 Mozilla/5.0 (iPhone; CPU iPhone OS 11_0 like Mac OS X) AppleWebKit/604.1.38 (KHTML, like Gecko) Version/11.0 Mobile/15A372 Safari/604.1]
[2018-08-12T21:05:34.177] [INFO] default - [::1 GET /javascript/addApplicationGoods.js?_=1534079134110 200 0ms][http://localhost:3000/ HTTP/1.1 Mozilla/5.0 (iPhone; CPU iPhone OS 11_0 like Mac OS X) AppleWebKit/604.1.38 (KHTML, like Gecko) Version/11.0 Mobile/15A372 Safari/604.1]
[2018-08-12T21:05:34.181] [INFO] default - [::1 GET /javascript/addReturnRequest.js?_=1534079134111 200 1ms][http://localhost:3000/ HTTP/1.1 Mozilla/5.0 (iPhone; CPU iPhone OS 11_0 like Mac OS X) AppleWebKit/604.1.38 (KHTML, like Gecko) Version/11.0 Mobile/15A372 Safari/604.1]
[2018-08-12T21:05:34.187] [INFO] default - [::1 GET /javascript/requireGoodsList.js?_=1534079134112 200 1ms][http://localhost:3000/ HTTP/1.1 Mozilla/5.0 (iPhone; CPU iPhone OS 11_0 like Mac OS X) AppleWebKit/604.1.38 (KHTML, like Gecko) Version/11.0 Mobile/15A372 Safari/604.1]
[2018-08-12T21:05:34.193] [INFO] default - [::1 GET /javascript/saleslist.js?_=1534079134113 200 1ms][http://localhost:3000/ HTTP/1.1 Mozilla/5.0 (iPhone; CPU iPhone OS 11_0 like Mac OS X) AppleWebKit/604.1.38 (KHTML, like Gecko) Version/11.0 Mobile/15A372 Safari/604.1]
[2018-08-12T21:05:34.220] [INFO] default - [::1 GET /javascript/saleslist_goods.js?_=1534079134114 200 1ms][http://localhost:3000/ HTTP/1.1 Mozilla/5.0 (iPhone; CPU iPhone OS 11_0 like Mac OS X) AppleWebKit/604.1.38 (KHTML, like Gecko) Version/11.0 Mobile/15A372 Safari/604.1]
[2018-08-12T21:05:34.226] [INFO] default - [::1 GET /javascript/productList.js?_=1534079134115 200 1ms][http://localhost:3000/ HTTP/1.1 Mozilla/5.0 (iPhone; CPU iPhone OS 11_0 like Mac OS X) AppleWebKit/604.1.38 (KHTML, like Gecko) Version/11.0 Mobile/15A372 Safari/604.1]
[2018-08-12T21:05:34.231] [INFO] default - [::1 GET /javascript/selectCustomer.js?_=1534079134116 200 1ms][http://localhost:3000/ HTTP/1.1 Mozilla/5.0 (iPhone; CPU iPhone OS 11_0 like Mac OS X) AppleWebKit/604.1.38 (KHTML, like Gecko) Version/11.0 Mobile/15A372 Safari/604.1]
[2018-08-12T21:05:34.235] [INFO] default - [::1 GET /javascript/productDetail.js?_=1534079134117 200 0ms][http://localhost:3000/ HTTP/1.1 Mozilla/5.0 (iPhone; CPU iPhone OS 11_0 like Mac OS X) AppleWebKit/604.1.38 (KHTML, like Gecko) Version/11.0 Mobile/15A372 Safari/604.1]
[2018-08-12T21:05:34.241] [INFO] default - [::1 GET /javascript/tuihuo_productList.js?_=1534079134118 200 0ms][http://localhost:3000/ HTTP/1.1 Mozilla/5.0 (iPhone; CPU iPhone OS 11_0 like Mac OS X) AppleWebKit/604.1.38 (KHTML, like Gecko) Version/11.0 Mobile/15A372 Safari/604.1]
[2018-08-12T21:05:34.245] [INFO] default - [::1 GET /javascript/tuihuo_saleslist_goods.js?_=1534079134119 200 0ms][http://localhost:3000/ HTTP/1.1 Mozilla/5.0 (iPhone; CPU iPhone OS 11_0 like Mac OS X) AppleWebKit/604.1.38 (KHTML, like Gecko) Version/11.0 Mobile/15A372 Safari/604.1]
[2018-08-12T21:05:34.250] [INFO] default - [::1 GET /javascript/tuihuo_selectcustomer.js?_=1534079134120 200 1ms][http://localhost:3000/ HTTP/1.1 Mozilla/5.0 (iPhone; CPU iPhone OS 11_0 like Mac OS X) AppleWebKit/604.1.38 (KHTML, like Gecko) Version/11.0 Mobile/15A372 Safari/604.1]
[2018-08-12T21:05:34.255] [INFO] default - [::1 GET /javascript/tuihuo_salelist.js?_=1534079134121 200 0ms][http://localhost:3000/ HTTP/1.1 Mozilla/5.0 (iPhone; CPU iPhone OS 11_0 like Mac OS X) AppleWebKit/604.1.38 (KHTML, like Gecko) Version/11.0 Mobile/15A372 Safari/604.1]
[2018-08-12T21:05:34.261] [INFO] default - [::1 GET /javascript/addApplicationGoods_detail.js?_=1534079134122 200 1ms][http://localhost:3000/ HTTP/1.1 Mozilla/5.0 (iPhone; CPU iPhone OS 11_0 like Mac OS X) AppleWebKit/604.1.38 (KHTML, like Gecko) Version/11.0 Mobile/15A372 Safari/604.1]
[2018-08-12T21:05:34.264] [INFO] default - [::1 GET /layui/lay/modules/laytpl.js 304 0ms][http://localhost:3000/ HTTP/1.1 Mozilla/5.0 (iPhone; CPU iPhone OS 11_0 like Mac OS X) AppleWebKit/604.1.38 (KHTML, like Gecko) Version/11.0 Mobile/15A372 Safari/604.1]
[2018-08-12T21:05:34.275] [INFO] default - [::1 GET /layui/font/iconfont.woff?v=230 304 1ms][http://localhost:3000/layui/css/layui.css HTTP/1.1 Mozilla/5.0 (iPhone; CPU iPhone OS 11_0 like Mac OS X) AppleWebKit/604.1.38 (KHTML, like Gecko) Version/11.0 Mobile/15A372 Safari/604.1]
[2018-08-12T21:05:35.868] [INFO] default - [::1 GET /QueryExecuting 304 1598ms][http://localhost:3000/ HTTP/1.1 Mozilla/5.0 (iPhone; CPU iPhone OS 11_0 like Mac OS X) AppleWebKit/604.1.38 (KHTML, like Gecko) Version/11.0 Mobile/15A372 Safari/604.1]
