[2018-08-06T23:28:17.943] [INFO] default - [::1 GET / 200 9ms][ HTTP/1.1 Mozilla/5.0 (Windows NT 10.0; Win64; x64) AppleWebKit/537.36 (KHTML, like Gecko) Chrome/67.0.3396.99 Safari/537.36]
[2018-08-06T23:28:17.962] [INFO] default - [::1 GET /css/style.css 200 5ms][http://localhost:3000/ HTTP/1.1 Mozilla/5.0 (Windows NT 10.0; Win64; x64) AppleWebKit/537.36 (KHTML, like Gecko) Chrome/67.0.3396.99 Safari/537.36]
[2018-08-06T23:28:17.978] [INFO] default - [::1 GET /js/index.js 200 1ms][http://localhost:3000/ HTTP/1.1 Mozilla/5.0 (Windows NT 10.0; Win64; x64) AppleWebKit/537.36 (KHTML, like Gecko) Chrome/67.0.3396.99 Safari/537.36]
[2018-08-06T23:28:17.980] [INFO] default - [::1 GET /js/jquery.min.js 200 3ms][http://localhost:3000/ HTTP/1.1 Mozilla/5.0 (Windows NT 10.0; Win64; x64) AppleWebKit/537.36 (KHTML, like Gecko) Chrome/67.0.3396.99 Safari/537.36]
[2018-08-06T23:28:17.983] [INFO] default - [::1 GET /slider-2.jpg 200 2ms][http://localhost:3000/css/style.css HTTP/1.1 Mozilla/5.0 (Windows NT 10.0; Win64; x64) AppleWebKit/537.36 (KHTML, like Gecko) Chrome/67.0.3396.99 Safari/537.36]
[2018-08-06T23:28:18.533] [INFO] default - [::1 GET /favicon.ico 404 2ms][http://localhost:3000/ HTTP/1.1 Mozilla/5.0 (Windows NT 10.0; Win64; x64) AppleWebKit/537.36 (KHTML, like Gecko) Chrome/67.0.3396.99 Safari/537.36]
[2018-08-06T23:28:23.291] [INFO] default - [::1 POST /Login 200 1081ms][http://localhost:3000/ HTTP/1.1 Mozilla/5.0 (Windows NT 10.0; Win64; x64) AppleWebKit/537.36 (KHTML, like Gecko) Chrome/67.0.3396.99 Safari/537.36]
[2018-08-06T23:28:32.652] [INFO] default - [::1 GET / 304 2ms][ HTTP/1.1 Mozilla/5.0 (Windows NT 10.0; Win64; x64) AppleWebKit/537.36 (KHTML, like Gecko) Chrome/67.0.3396.99 Safari/537.36]
[2018-08-06T23:28:32.675] [INFO] default - [::1 GET /css/style.css 304 6ms][http://localhost:3000/ HTTP/1.1 Mozilla/5.0 (Windows NT 10.0; Win64; x64) AppleWebKit/537.36 (KHTML, like Gecko) Chrome/67.0.3396.99 Safari/537.36]
[2018-08-06T23:28:32.677] [INFO] default - [::1 GET /js/jquery.min.js 304 1ms][http://localhost:3000/ HTTP/1.1 Mozilla/5.0 (Windows NT 10.0; Win64; x64) AppleWebKit/537.36 (KHTML, like Gecko) Chrome/67.0.3396.99 Safari/537.36]
[2018-08-06T23:28:32.679] [INFO] default - [::1 GET /slider-2.jpg 304 1ms][http://localhost:3000/css/style.css HTTP/1.1 Mozilla/5.0 (Windows NT 10.0; Win64; x64) AppleWebKit/537.36 (KHTML, like Gecko) Chrome/67.0.3396.99 Safari/537.36]
[2018-08-06T23:28:32.681] [INFO] default - [::1 GET /js/index.js 200 5ms][http://localhost:3000/ HTTP/1.1 Mozilla/5.0 (Windows NT 10.0; Win64; x64) AppleWebKit/537.36 (KHTML, like Gecko) Chrome/67.0.3396.99 Safari/537.36]
[2018-08-06T23:28:36.432] [INFO] default - [::1 POST /Login 200 747ms][http://localhost:3000/ HTTP/1.1 Mozilla/5.0 (Windows NT 10.0; Win64; x64) AppleWebKit/537.36 (KHTML, like Gecko) Chrome/67.0.3396.99 Safari/537.36]
[2018-08-06T23:28:38.185] [INFO] default - [::1 GET / 304 8ms][http://localhost:3000/ HTTP/1.1 Mozilla/5.0 (Windows NT 10.0; Win64; x64) AppleWebKit/537.36 (KHTML, like Gecko) Chrome/67.0.3396.99 Safari/537.36]
[2018-08-06T23:28:38.192] [INFO] default - [::1 GET /css/style.css 304 1ms][http://localhost:3000/ HTTP/1.1 Mozilla/5.0 (Windows NT 10.0; Win64; x64) AppleWebKit/537.36 (KHTML, like Gecko) Chrome/67.0.3396.99 Safari/537.36]
[2018-08-06T23:28:38.196] [INFO] default - [::1 GET /js/jquery.min.js 304 1ms][http://localhost:3000/ HTTP/1.1 Mozilla/5.0 (Windows NT 10.0; Win64; x64) AppleWebKit/537.36 (KHTML, like Gecko) Chrome/67.0.3396.99 Safari/537.36]
[2018-08-06T23:28:38.197] [INFO] default - [::1 GET /js/index.js 304 1ms][http://localhost:3000/ HTTP/1.1 Mozilla/5.0 (Windows NT 10.0; Win64; x64) AppleWebKit/537.36 (KHTML, like Gecko) Chrome/67.0.3396.99 Safari/537.36]
[2018-08-06T23:28:38.205] [INFO] default - [::1 GET /slider-2.jpg 304 0ms][http://localhost:3000/css/style.css HTTP/1.1 Mozilla/5.0 (Windows NT 10.0; Win64; x64) AppleWebKit/537.36 (KHTML, like Gecko) Chrome/67.0.3396.99 Safari/537.36]
[2018-08-06T23:28:43.379] [INFO] default - [::1 POST /Login 200 1186ms][http://localhost:3000/ HTTP/1.1 Mozilla/5.0 (Windows NT 10.0; Win64; x64) AppleWebKit/537.36 (KHTML, like Gecko) Chrome/67.0.3396.99 Safari/537.36]
[2018-08-06T23:28:43.399] [INFO] default - [::1 GET / 200 10ms][http://localhost:3000/ HTTP/1.1 Mozilla/5.0 (Windows NT 10.0; Win64; x64) AppleWebKit/537.36 (KHTML, like Gecko) Chrome/67.0.3396.99 Safari/537.36]
[2018-08-06T23:28:43.413] [INFO] default - [::1 GET /layui/css/layui.css 200 6ms][http://localhost:3000/ HTTP/1.1 Mozilla/5.0 (Windows NT 10.0; Win64; x64) AppleWebKit/537.36 (KHTML, like Gecko) Chrome/67.0.3396.99 Safari/537.36]
[2018-08-06T23:28:43.415] [INFO] default - [::1 GET /css/order.css 200 5ms][http://localhost:3000/ HTTP/1.1 Mozilla/5.0 (Windows NT 10.0; Win64; x64) AppleWebKit/537.36 (KHTML, like Gecko) Chrome/67.0.3396.99 Safari/537.36]
[2018-08-06T23:28:43.417] [INFO] default - [::1 GET /ydui/js/ydui.flexible.js 200 6ms][http://localhost:3000/ HTTP/1.1 Mozilla/5.0 (Windows NT 10.0; Win64; x64) AppleWebKit/537.36 (KHTML, like Gecko) Chrome/67.0.3396.99 Safari/537.36]
[2018-08-06T23:28:43.417] [INFO] default - [::1 GET /jquery-weui/dist/lib/weui.min.css 200 7ms][http://localhost:3000/ HTTP/1.1 Mozilla/5.0 (Windows NT 10.0; Win64; x64) AppleWebKit/537.36 (KHTML, like Gecko) Chrome/67.0.3396.99 Safari/537.36]
[2018-08-06T23:28:43.422] [INFO] default - [::1 GET /layui/layui.js 200 12ms][http://localhost:3000/ HTTP/1.1 Mozilla/5.0 (Windows NT 10.0; Win64; x64) AppleWebKit/537.36 (KHTML, like Gecko) Chrome/67.0.3396.99 Safari/537.36]
[2018-08-06T23:28:43.425] [INFO] default - [::1 GET /ydui/css/ydui.css 200 16ms][http://localhost:3000/ HTTP/1.1 Mozilla/5.0 (Windows NT 10.0; Win64; x64) AppleWebKit/537.36 (KHTML, like Gecko) Chrome/67.0.3396.99 Safari/537.36]
[2018-08-06T23:28:43.427] [INFO] default - [::1 GET /jquery/jquery.min.js 200 12ms][http://localhost:3000/ HTTP/1.1 Mozilla/5.0 (Windows NT 10.0; Win64; x64) AppleWebKit/537.36 (KHTML, like Gecko) Chrome/67.0.3396.99 Safari/537.36]
[2018-08-06T23:28:43.429] [INFO] default - [::1 GET /jquery-weui/dist/js/jquery-weui.min.js 200 7ms][http://localhost:3000/ HTTP/1.1 Mozilla/5.0 (Windows NT 10.0; Win64; x64) AppleWebKit/537.36 (KHTML, like Gecko) Chrome/67.0.3396.99 Safari/537.36]
[2018-08-06T23:28:43.430] [INFO] default - [::1 GET /javascript/function.js 200 7ms][http://localhost:3000/ HTTP/1.1 Mozilla/5.0 (Windows NT 10.0; Win64; x64) AppleWebKit/537.36 (KHTML, like Gecko) Chrome/67.0.3396.99 Safari/537.36]
[2018-08-06T23:28:43.462] [INFO] default - [::1 GET /layui/lay/modules/layer.js 200 1ms][http://localhost:3000/ HTTP/1.1 Mozilla/5.0 (Windows NT 10.0; Win64; x64) AppleWebKit/537.36 (KHTML, like Gecko) Chrome/67.0.3396.99 Safari/537.36]
[2018-08-06T23:28:43.468] [INFO] default - [::1 GET /layui/css/modules/layer/default/layer.css?v=3.1.1 200 1ms][http://localhost:3000/ HTTP/1.1 Mozilla/5.0 (Windows NT 10.0; Win64; x64) AppleWebKit/537.36 (KHTML, like Gecko) Chrome/67.0.3396.99 Safari/537.36]
[2018-08-06T23:28:43.470] [INFO] default - [::1 GET /layui/lay/modules/form.js 200 3ms][http://localhost:3000/ HTTP/1.1 Mozilla/5.0 (Windows NT 10.0; Win64; x64) AppleWebKit/537.36 (KHTML, like Gecko) Chrome/67.0.3396.99 Safari/537.36]
[2018-08-06T23:28:43.477] [INFO] default - [::1 GET /layui/css/modules/layer/default/loading-2.gif 200 1ms][http://localhost:3000/layui/css/modules/layer/default/layer.css?v=3.1.1 HTTP/1.1 Mozilla/5.0 (Windows NT 10.0; Win64; x64) AppleWebKit/537.36 (KHTML, like Gecko) Chrome/67.0.3396.99 Safari/537.36]
[2018-08-06T23:28:43.485] [INFO] default - [::1 GET /javascript/index1.js?_=1533569323447 200 2ms][http://localhost:3000/ HTTP/1.1 Mozilla/5.0 (Windows NT 10.0; Win64; x64) AppleWebKit/537.36 (KHTML, like Gecko) Chrome/67.0.3396.99 Safari/537.36]
[2018-08-06T23:28:43.492] [INFO] default - [::1 GET /javascript/order.js?_=1533569323448 200 1ms][http://localhost:3000/ HTTP/1.1 Mozilla/5.0 (Windows NT 10.0; Win64; x64) AppleWebKit/537.36 (KHTML, like Gecko) Chrome/67.0.3396.99 Safari/537.36]
[2018-08-06T23:28:43.497] [INFO] default - [::1 GET /javascript/sales.js?_=1533569323449 200 1ms][http://localhost:3000/ HTTP/1.1 Mozilla/5.0 (Windows NT 10.0; Win64; x64) AppleWebKit/537.36 (KHTML, like Gecko) Chrome/67.0.3396.99 Safari/537.36]
[2018-08-06T23:28:43.502] [INFO] default - [::1 GET /javascript/pullSignal.js?_=1533569323450 200 1ms][http://localhost:3000/ HTTP/1.1 Mozilla/5.0 (Windows NT 10.0; Win64; x64) AppleWebKit/537.36 (KHTML, like Gecko) Chrome/67.0.3396.99 Safari/537.36]
[2018-08-06T23:28:43.507] [INFO] default - [::1 GET /javascript/addApplicationGoods.js?_=1533569323451 200 1ms][http://localhost:3000/ HTTP/1.1 Mozilla/5.0 (Windows NT 10.0; Win64; x64) AppleWebKit/537.36 (KHTML, like Gecko) Chrome/67.0.3396.99 Safari/537.36]
[2018-08-06T23:28:43.514] [INFO] default - [::1 GET /javascript/addReturnRequest.js?_=1533569323452 200 2ms][http://localhost:3000/ HTTP/1.1 Mozilla/5.0 (Windows NT 10.0; Win64; x64) AppleWebKit/537.36 (KHTML, like Gecko) Chrome/67.0.3396.99 Safari/537.36]
[2018-08-06T23:28:43.519] [INFO] default - [::1 GET /javascript/requireGoodsList.js?_=1533569323453 200 0ms][http://localhost:3000/ HTTP/1.1 Mozilla/5.0 (Windows NT 10.0; Win64; x64) AppleWebKit/537.36 (KHTML, like Gecko) Chrome/67.0.3396.99 Safari/537.36]
[2018-08-06T23:28:43.523] [INFO] default - [::1 GET /javascript/saleslist.js?_=1533569323454 200 0ms][http://localhost:3000/ HTTP/1.1 Mozilla/5.0 (Windows NT 10.0; Win64; x64) AppleWebKit/537.36 (KHTML, like Gecko) Chrome/67.0.3396.99 Safari/537.36]
[2018-08-06T23:28:43.528] [INFO] default - [::1 GET /javascript/saleslist_goods.js?_=1533569323455 200 1ms][http://localhost:3000/ HTTP/1.1 Mozilla/5.0 (Windows NT 10.0; Win64; x64) AppleWebKit/537.36 (KHTML, like Gecko) Chrome/67.0.3396.99 Safari/537.36]
[2018-08-06T23:28:43.534] [INFO] default - [::1 GET /javascript/productList.js?_=1533569323456 200 1ms][http://localhost:3000/ HTTP/1.1 Mozilla/5.0 (Windows NT 10.0; Win64; x64) AppleWebKit/537.36 (KHTML, like Gecko) Chrome/67.0.3396.99 Safari/537.36]
[2018-08-06T23:28:43.539] [INFO] default - [::1 GET /javascript/selectCustomer.js?_=1533569323457 200 1ms][http://localhost:3000/ HTTP/1.1 Mozilla/5.0 (Windows NT 10.0; Win64; x64) AppleWebKit/537.36 (KHTML, like Gecko) Chrome/67.0.3396.99 Safari/537.36]
[2018-08-06T23:28:43.543] [INFO] default - [::1 GET /javascript/productDetail.js?_=1533569323458 200 1ms][http://localhost:3000/ HTTP/1.1 Mozilla/5.0 (Windows NT 10.0; Win64; x64) AppleWebKit/537.36 (KHTML, like Gecko) Chrome/67.0.3396.99 Safari/537.36]
[2018-08-06T23:28:43.546] [INFO] default - [::1 GET /layui/lay/modules/laytpl.js 200 1ms][http://localhost:3000/ HTTP/1.1 Mozilla/5.0 (Windows NT 10.0; Win64; x64) AppleWebKit/537.36 (KHTML, like Gecko) Chrome/67.0.3396.99 Safari/537.36]
[2018-08-06T23:28:43.559] [INFO] default - [::1 GET /layui/font/iconfont.woff?v=230 200 1ms][http://localhost:3000/layui/css/layui.css HTTP/1.1 Mozilla/5.0 (Windows NT 10.0; Win64; x64) AppleWebKit/537.36 (KHTML, like Gecko) Chrome/67.0.3396.99 Safari/537.36]
[2018-08-06T23:28:48.308] [INFO] default - [::1 GET /partner 200 2003ms][http://localhost:3000/ HTTP/1.1 Mozilla/5.0 (Windows NT 10.0; Win64; x64) AppleWebKit/537.36 (KHTML, like Gecko) Chrome/67.0.3396.99 Safari/537.36]
[2018-08-06T23:28:50.453] [INFO] default - [::1 GET /layui/lay/modules/element.js 200 1ms][http://localhost:3000/ HTTP/1.1 Mozilla/5.0 (Windows NT 10.0; Win64; x64) AppleWebKit/537.36 (KHTML, like Gecko) Chrome/67.0.3396.99 Safari/537.36]
[2018-08-06T23:28:50.458] [INFO] default - [::1 GET /layui/css/modules/layer/default/loading-1.gif 200 1ms][http://localhost:3000/layui/css/modules/layer/default/layer.css?v=3.1.1 HTTP/1.1 Mozilla/5.0 (Windows NT 10.0; Win64; x64) AppleWebKit/537.36 (KHTML, like Gecko) Chrome/67.0.3396.99 Safari/537.36]
[2018-08-06T23:28:54.145] [INFO] default - [::1 POST /Project 200 4965ms][http://localhost:3000/ HTTP/1.1 Mozilla/5.0 (Windows NT 10.0; Win64; x64) AppleWebKit/537.36 (KHTML, like Gecko) Chrome/67.0.3396.99 Safari/537.36]
[2018-08-06T23:28:54.520] [INFO] default - [::1 GET /partner 304 5337ms][http://localhost:3000/ HTTP/1.1 Mozilla/5.0 (Windows NT 10.0; Win64; x64) AppleWebKit/537.36 (KHTML, like Gecko) Chrome/67.0.3396.99 Safari/537.36]
[2018-08-06T23:28:54.991] [INFO] default - [::1 POST /person 200 5808ms][http://localhost:3000/ HTTP/1.1 Mozilla/5.0 (Windows NT 10.0; Win64; x64) AppleWebKit/537.36 (KHTML, like Gecko) Chrome/67.0.3396.99 Safari/537.36]
[2018-08-06T23:28:56.331] [INFO] default - [::1 GET /warehouse 200 7148ms][http://localhost:3000/ HTTP/1.1 Mozilla/5.0 (Windows NT 10.0; Win64; x64) AppleWebKit/537.36 (KHTML, like Gecko) Chrome/67.0.3396.99 Safari/537.36]
[2018-08-06T23:28:56.772] [INFO] default - [::1 POST /inventory 200 6309ms][http://localhost:3000/ HTTP/1.1 Mozilla/5.0 (Windows NT 10.0; Win64; x64) AppleWebKit/537.36 (KHTML, like Gecko) Chrome/67.0.3396.99 Safari/537.36]
[2018-08-06T23:28:58.776] [INFO] default - [::1 POST /QueryInventoryPrice 200 1998ms][http://localhost:3000/ HTTP/1.1 Mozilla/5.0 (Windows NT 10.0; Win64; x64) AppleWebKit/537.36 (KHTML, like Gecko) Chrome/67.0.3396.99 Safari/537.36]
[2018-08-06T23:29:06.042] [INFO] default - [::1 POST /Project 200 4169ms][http://localhost:3000/ HTTP/1.1 Mozilla/5.0 (Windows NT 10.0; Win64; x64) AppleWebKit/537.36 (KHTML, like Gecko) Chrome/67.0.3396.99 Safari/537.36]
[2018-08-06T23:29:06.437] [INFO] default - [::1 GET /warehouse 304 4558ms][http://localhost:3000/ HTTP/1.1 Mozilla/5.0 (Windows NT 10.0; Win64; x64) AppleWebKit/537.36 (KHTML, like Gecko) Chrome/67.0.3396.99 Safari/537.36]
[2018-08-06T23:29:06.899] [INFO] default - [::1 POST /person 200 5022ms][http://localhost:3000/ HTTP/1.1 Mozilla/5.0 (Windows NT 10.0; Win64; x64) AppleWebKit/537.36 (KHTML, like Gecko) Chrome/67.0.3396.99 Safari/537.36]
[2018-08-06T23:29:06.908] [INFO] default - [::1 GET /layui/css/modules/layer/default/icon.png 200 2ms][http://localhost:3000/layui/css/modules/layer/default/layer.css?v=3.1.1 HTTP/1.1 Mozilla/5.0 (Windows NT 10.0; Win64; x64) AppleWebKit/537.36 (KHTML, like Gecko) Chrome/67.0.3396.99 Safari/537.36]
[2018-08-06T23:29:07.570] [INFO] default - [::1 GET /partner 304 5691ms][http://localhost:3000/ HTTP/1.1 Mozilla/5.0 (Windows NT 10.0; Win64; x64) AppleWebKit/537.36 (KHTML, like Gecko) Chrome/67.0.3396.99 Safari/537.36]
[2018-08-06T23:29:09.193] [INFO] default - [::1 POST /BankAccount 200 2280ms][http://localhost:3000/ HTTP/1.1 Mozilla/5.0 (Windows NT 10.0; Win64; x64) AppleWebKit/537.36 (KHTML, like Gecko) Chrome/67.0.3396.99 Safari/537.36]
[2018-08-06T23:29:09.347] [INFO] default - [::1 POST /SettleStyle 200 2436ms][http://localhost:3000/ HTTP/1.1 Mozilla/5.0 (Windows NT 10.0; Win64; x64) AppleWebKit/537.36 (KHTML, like Gecko) Chrome/67.0.3396.99 Safari/537.36]
[2018-08-06T23:29:10.731] [INFO] default - [::1 GET /layui/css/modules/layer/default/loading-0.gif 200 3ms][http://localhost:3000/layui/css/modules/layer/default/layer.css?v=3.1.1 HTTP/1.1 Mozilla/5.0 (Windows NT 10.0; Win64; x64) AppleWebKit/537.36 (KHTML, like Gecko) Chrome/67.0.3396.99 Safari/537.36]
[2018-08-06T23:29:13.573] [INFO] default - [::1 POST /saleDeliveryCreate 200 2844ms][http://localhost:3000/ HTTP/1.1 Mozilla/5.0 (Windows NT 10.0; Win64; x64) AppleWebKit/537.36 (KHTML, like Gecko) Chrome/67.0.3396.99 Safari/537.36]
[2018-08-06T23:31:05.089] [INFO] default - [::1 GET / 304 6ms][http://localhost:3000/ HTTP/1.1 Mozilla/5.0 (Windows NT 10.0; Win64; x64) AppleWebKit/537.36 (KHTML, like Gecko) Chrome/67.0.3396.99 Safari/537.36]
[2018-08-06T23:31:05.103] [INFO] default - [::1 GET /layui/css/layui.css 304 1ms][http://localhost:3000/ HTTP/1.1 Mozilla/5.0 (Windows NT 10.0; Win64; x64) AppleWebKit/537.36 (KHTML, like Gecko) Chrome/67.0.3396.99 Safari/537.36]
[2018-08-06T23:31:05.106] [INFO] default - [::1 GET /layui/layui.js 304 3ms][http://localhost:3000/ HTTP/1.1 Mozilla/5.0 (Windows NT 10.0; Win64; x64) AppleWebKit/537.36 (KHTML, like Gecko) Chrome/67.0.3396.99 Safari/537.36]
[2018-08-06T23:31:05.107] [INFO] default - [::1 GET /ydui/css/ydui.css 304 3ms][http://localhost:3000/ HTTP/1.1 Mozilla/5.0 (Windows NT 10.0; Win64; x64) AppleWebKit/537.36 (KHTML, like Gecko) Chrome/67.0.3396.99 Safari/537.36]
[2018-08-06T23:31:05.108] [INFO] default - [::1 GET /jquery-weui/dist/lib/weui.min.css 304 4ms][http://localhost:3000/ HTTP/1.1 Mozilla/5.0 (Windows NT 10.0; Win64; x64) AppleWebKit/537.36 (KHTML, like Gecko) Chrome/67.0.3396.99 Safari/537.36]
[2018-08-06T23:31:05.108] [INFO] default - [::1 GET /css/order.css 304 4ms][http://localhost:3000/ HTTP/1.1 Mozilla/5.0 (Windows NT 10.0; Win64; x64) AppleWebKit/537.36 (KHTML, like Gecko) Chrome/67.0.3396.99 Safari/537.36]
[2018-08-06T23:31:05.109] [INFO] default - [::1 GET /ydui/js/ydui.flexible.js 304 4ms][http://localhost:3000/ HTTP/1.1 Mozilla/5.0 (Windows NT 10.0; Win64; x64) AppleWebKit/537.36 (KHTML, like Gecko) Chrome/67.0.3396.99 Safari/537.36]
[2018-08-06T23:31:05.110] [INFO] default - [::1 GET /jquery/jquery.min.js 304 5ms][http://localhost:3000/ HTTP/1.1 Mozilla/5.0 (Windows NT 10.0; Win64; x64) AppleWebKit/537.36 (KHTML, like Gecko) Chrome/67.0.3396.99 Safari/537.36]
[2018-08-06T23:31:05.112] [INFO] default - [::1 GET /jquery-weui/dist/js/jquery-weui.min.js 304 1ms][http://localhost:3000/ HTTP/1.1 Mozilla/5.0 (Windows NT 10.0; Win64; x64) AppleWebKit/537.36 (KHTML, like Gecko) Chrome/67.0.3396.99 Safari/537.36]
[2018-08-06T23:31:05.113] [INFO] default - [::1 GET /javascript/function.js 304 2ms][http://localhost:3000/ HTTP/1.1 Mozilla/5.0 (Windows NT 10.0; Win64; x64) AppleWebKit/537.36 (KHTML, like Gecko) Chrome/67.0.3396.99 Safari/537.36]
[2018-08-06T23:31:05.131] [INFO] default - [::1 GET /layui/lay/modules/layer.js 304 1ms][http://localhost:3000/ HTTP/1.1 Mozilla/5.0 (Windows NT 10.0; Win64; x64) AppleWebKit/537.36 (KHTML, like Gecko) Chrome/67.0.3396.99 Safari/537.36]
[2018-08-06T23:31:05.135] [INFO] default - [::1 GET /layui/css/modules/layer/default/layer.css?v=3.1.1 304 1ms][http://localhost:3000/ HTTP/1.1 Mozilla/5.0 (Windows NT 10.0; Win64; x64) AppleWebKit/537.36 (KHTML, like Gecko) Chrome/67.0.3396.99 Safari/537.36]
[2018-08-06T23:31:05.138] [INFO] default - [::1 GET /layui/lay/modules/form.js 304 1ms][http://localhost:3000/ HTTP/1.1 Mozilla/5.0 (Windows NT 10.0; Win64; x64) AppleWebKit/537.36 (KHTML, like Gecko) Chrome/67.0.3396.99 Safari/537.36]
[2018-08-06T23:31:05.144] [INFO] default - [::1 GET /layui/css/modules/layer/default/loading-2.gif 304 1ms][http://localhost:3000/layui/css/modules/layer/default/layer.css?v=3.1.1 HTTP/1.1 Mozilla/5.0 (Windows NT 10.0; Win64; x64) AppleWebKit/537.36 (KHTML, like Gecko) Chrome/67.0.3396.99 Safari/537.36]
[2018-08-06T23:31:05.150] [INFO] default - [::1 GET /javascript/index1.js?_=1533569465121 200 1ms][http://localhost:3000/ HTTP/1.1 Mozilla/5.0 (Windows NT 10.0; Win64; x64) AppleWebKit/537.36 (KHTML, like Gecko) Chrome/67.0.3396.99 Safari/537.36]
[2018-08-06T23:31:05.155] [INFO] default - [::1 GET /javascript/order.js?_=1533569465122 200 1ms][http://localhost:3000/ HTTP/1.1 Mozilla/5.0 (Windows NT 10.0; Win64; x64) AppleWebKit/537.36 (KHTML, like Gecko) Chrome/67.0.3396.99 Safari/537.36]
[2018-08-06T23:31:05.160] [INFO] default - [::1 GET /javascript/sales.js?_=1533569465123 200 0ms][http://localhost:3000/ HTTP/1.1 Mozilla/5.0 (Windows NT 10.0; Win64; x64) AppleWebKit/537.36 (KHTML, like Gecko) Chrome/67.0.3396.99 Safari/537.36]
[2018-08-06T23:31:05.166] [INFO] default - [::1 GET /javascript/pullSignal.js?_=1533569465124 200 1ms][http://localhost:3000/ HTTP/1.1 Mozilla/5.0 (Windows NT 10.0; Win64; x64) AppleWebKit/537.36 (KHTML, like Gecko) Chrome/67.0.3396.99 Safari/537.36]
[2018-08-06T23:31:05.171] [INFO] default - [::1 GET /javascript/addApplicationGoods.js?_=1533569465125 200 0ms][http://localhost:3000/ HTTP/1.1 Mozilla/5.0 (Windows NT 10.0; Win64; x64) AppleWebKit/537.36 (KHTML, like Gecko) Chrome/67.0.3396.99 Safari/537.36]
[2018-08-06T23:31:05.175] [INFO] default - [::1 GET /javascript/addReturnRequest.js?_=1533569465126 200 1ms][http://localhost:3000/ HTTP/1.1 Mozilla/5.0 (Windows NT 10.0; Win64; x64) AppleWebKit/537.36 (KHTML, like Gecko) Chrome/67.0.3396.99 Safari/537.36]
[2018-08-06T23:31:05.181] [INFO] default - [::1 GET /javascript/requireGoodsList.js?_=1533569465127 200 1ms][http://localhost:3000/ HTTP/1.1 Mozilla/5.0 (Windows NT 10.0; Win64; x64) AppleWebKit/537.36 (KHTML, like Gecko) Chrome/67.0.3396.99 Safari/537.36]
[2018-08-06T23:31:05.186] [INFO] default - [::1 GET /javascript/saleslist.js?_=1533569465128 200 1ms][http://localhost:3000/ HTTP/1.1 Mozilla/5.0 (Windows NT 10.0; Win64; x64) AppleWebKit/537.36 (KHTML, like Gecko) Chrome/67.0.3396.99 Safari/537.36]
[2018-08-06T23:31:05.192] [INFO] default - [::1 GET /javascript/saleslist_goods.js?_=1533569465129 200 1ms][http://localhost:3000/ HTTP/1.1 Mozilla/5.0 (Windows NT 10.0; Win64; x64) AppleWebKit/537.36 (KHTML, like Gecko) Chrome/67.0.3396.99 Safari/537.36]
[2018-08-06T23:31:05.198] [INFO] default - [::1 GET /javascript/productList.js?_=1533569465130 200 1ms][http://localhost:3000/ HTTP/1.1 Mozilla/5.0 (Windows NT 10.0; Win64; x64) AppleWebKit/537.36 (KHTML, like Gecko) Chrome/67.0.3396.99 Safari/537.36]
[2018-08-06T23:31:05.203] [INFO] default - [::1 GET /javascript/selectCustomer.js?_=1533569465131 200 0ms][http://localhost:3000/ HTTP/1.1 Mozilla/5.0 (Windows NT 10.0; Win64; x64) AppleWebKit/537.36 (KHTML, like Gecko) Chrome/67.0.3396.99 Safari/537.36]
[2018-08-06T23:31:05.206] [INFO] default - [::1 GET /javascript/productDetail.js?_=1533569465132 200 0ms][http://localhost:3000/ HTTP/1.1 Mozilla/5.0 (Windows NT 10.0; Win64; x64) AppleWebKit/537.36 (KHTML, like Gecko) Chrome/67.0.3396.99 Safari/537.36]
[2018-08-06T23:31:05.209] [INFO] default - [::1 GET /layui/lay/modules/laytpl.js 304 1ms][http://localhost:3000/ HTTP/1.1 Mozilla/5.0 (Windows NT 10.0; Win64; x64) AppleWebKit/537.36 (KHTML, like Gecko) Chrome/67.0.3396.99 Safari/537.36]
[2018-08-06T23:31:05.216] [INFO] default - [::1 GET /layui/font/iconfont.woff?v=230 304 1ms][http://localhost:3000/layui/css/layui.css HTTP/1.1 Mozilla/5.0 (Windows NT 10.0; Win64; x64) AppleWebKit/537.36 (KHTML, like Gecko) Chrome/67.0.3396.99 Safari/537.36]
[2018-08-06T23:31:07.540] [INFO] default - [::1 GET /layui/css/modules/layer/default/icon.png 304 1ms][http://localhost:3000/layui/css/modules/layer/default/layer.css?v=3.1.1 HTTP/1.1 Mozilla/5.0 (Windows NT 10.0; Win64; x64) AppleWebKit/537.36 (KHTML, like Gecko) Chrome/67.0.3396.99 Safari/537.36]
[2018-08-06T23:31:11.051] [INFO] default - [::1 GET /partner 304 5840ms][http://localhost:3000/ HTTP/1.1 Mozilla/5.0 (Windows NT 10.0; Win64; x64) AppleWebKit/537.36 (KHTML, like Gecko) Chrome/67.0.3396.99 Safari/537.36]
[2018-08-06T23:31:11.053] [INFO] default - [::1 GET /layui/css/modules/layer/default/loading-0.gif 304 1ms][http://localhost:3000/layui/css/modules/layer/default/layer.css?v=3.1.1 HTTP/1.1 Mozilla/5.0 (Windows NT 10.0; Win64; x64) AppleWebKit/537.36 (KHTML, like Gecko) Chrome/67.0.3396.99 Safari/537.36]
[2018-08-06T23:31:11.653] [INFO] default - [::1 POST /Project 200 6441ms][http://localhost:3000/ HTTP/1.1 Mozilla/5.0 (Windows NT 10.0; Win64; x64) AppleWebKit/537.36 (KHTML, like Gecko) Chrome/67.0.3396.99 Safari/537.36]
[2018-08-06T23:31:12.059] [INFO] default - [::1 GET /warehouse 304 6846ms][http://localhost:3000/ HTTP/1.1 Mozilla/5.0 (Windows NT 10.0; Win64; x64) AppleWebKit/537.36 (KHTML, like Gecko) Chrome/67.0.3396.99 Safari/537.36]
[2018-08-06T23:31:12.527] [INFO] default - [::1 POST /person 200 7313ms][http://localhost:3000/ HTTP/1.1 Mozilla/5.0 (Windows NT 10.0; Win64; x64) AppleWebKit/537.36 (KHTML, like Gecko) Chrome/67.0.3396.99 Safari/537.36]
[2018-08-06T23:31:14.613] [INFO] default - [::1 POST /BankAccount 200 7070ms][http://localhost:3000/ HTTP/1.1 Mozilla/5.0 (Windows NT 10.0; Win64; x64) AppleWebKit/537.36 (KHTML, like Gecko) Chrome/67.0.3396.99 Safari/537.36]
[2018-08-06T23:31:15.026] [INFO] default - [::1 POST /SettleStyle 200 7485ms][http://localhost:3000/ HTTP/1.1 Mozilla/5.0 (Windows NT 10.0; Win64; x64) AppleWebKit/537.36 (KHTML, like Gecko) Chrome/67.0.3396.99 Safari/537.36]
[2018-08-06T23:31:15.996] [INFO] default - [::1 POST /saleDeliveryCreate 200 4942ms][http://localhost:3000/ HTTP/1.1 Mozilla/5.0 (Windows NT 10.0; Win64; x64) AppleWebKit/537.36 (KHTML, like Gecko) Chrome/67.0.3396.99 Safari/537.36]
[2018-08-06T23:31:18.628] [INFO] default - [::1 GET / 304 6ms][http://localhost:3000/ HTTP/1.1 Mozilla/5.0 (Windows NT 10.0; Win64; x64) AppleWebKit/537.36 (KHTML, like Gecko) Chrome/67.0.3396.99 Safari/537.36]
[2018-08-06T23:31:18.638] [INFO] default - [::1 GET /layui/css/layui.css 304 2ms][http://localhost:3000/ HTTP/1.1 Mozilla/5.0 (Windows NT 10.0; Win64; x64) AppleWebKit/537.36 (KHTML, like Gecko) Chrome/67.0.3396.99 Safari/537.36]
[2018-08-06T23:31:18.639] [INFO] default - [::1 GET /ydui/css/ydui.css 304 2ms][http://localhost:3000/ HTTP/1.1 Mozilla/5.0 (Windows NT 10.0; Win64; x64) AppleWebKit/537.36 (KHTML, like Gecko) Chrome/67.0.3396.99 Safari/537.36]
[2018-08-06T23:31:18.641] [INFO] default - [::1 GET /ydui/js/ydui.flexible.js 304 3ms][http://localhost:3000/ HTTP/1.1 Mozilla/5.0 (Windows NT 10.0; Win64; x64) AppleWebKit/537.36 (KHTML, like Gecko) Chrome/67.0.3396.99 Safari/537.36]
[2018-08-06T23:31:18.641] [INFO] default - [::1 GET /jquery-weui/dist/lib/weui.min.css 304 4ms][http://localhost:3000/ HTTP/1.1 Mozilla/5.0 (Windows NT 10.0; Win64; x64) AppleWebKit/537.36 (KHTML, like Gecko) Chrome/67.0.3396.99 Safari/537.36]
[2018-08-06T23:31:18.642] [INFO] default - [::1 GET /css/order.css 304 5ms][http://localhost:3000/ HTTP/1.1 Mozilla/5.0 (Windows NT 10.0; Win64; x64) AppleWebKit/537.36 (KHTML, like Gecko) Chrome/67.0.3396.99 Safari/537.36]
[2018-08-06T23:31:18.644] [INFO] default - [::1 GET /layui/layui.js 304 4ms][http://localhost:3000/ HTTP/1.1 Mozilla/5.0 (Windows NT 10.0; Win64; x64) AppleWebKit/537.36 (KHTML, like Gecko) Chrome/67.0.3396.99 Safari/537.36]
[2018-08-06T23:31:18.645] [INFO] default - [::1 GET /jquery/jquery.min.js 304 3ms][http://localhost:3000/ HTTP/1.1 Mozilla/5.0 (Windows NT 10.0; Win64; x64) AppleWebKit/537.36 (KHTML, like Gecko) Chrome/67.0.3396.99 Safari/537.36]
[2018-08-06T23:31:18.646] [INFO] default - [::1 GET /jquery-weui/dist/js/jquery-weui.min.js 304 2ms][http://localhost:3000/ HTTP/1.1 Mozilla/5.0 (Windows NT 10.0; Win64; x64) AppleWebKit/537.36 (KHTML, like Gecko) Chrome/67.0.3396.99 Safari/537.36]
[2018-08-06T23:31:18.646] [INFO] default - [::1 GET /javascript/function.js 304 3ms][http://localhost:3000/ HTTP/1.1 Mozilla/5.0 (Windows NT 10.0; Win64; x64) AppleWebKit/537.36 (KHTML, like Gecko) Chrome/67.0.3396.99 Safari/537.36]
[2018-08-06T23:31:18.656] [INFO] default - [::1 GET /layui/lay/modules/layer.js 304 1ms][http://localhost:3000/ HTTP/1.1 Mozilla/5.0 (Windows NT 10.0; Win64; x64) AppleWebKit/537.36 (KHTML, like Gecko) Chrome/67.0.3396.99 Safari/537.36]
[2018-08-06T23:31:18.666] [INFO] default - [::1 GET /layui/css/modules/layer/default/layer.css?v=3.1.1 304 1ms][http://localhost:3000/ HTTP/1.1 Mozilla/5.0 (Windows NT 10.0; Win64; x64) AppleWebKit/537.36 (KHTML, like Gecko) Chrome/67.0.3396.99 Safari/537.36]
[2018-08-06T23:31:18.667] [INFO] default - [::1 GET /layui/lay/modules/form.js 304 2ms][http://localhost:3000/ HTTP/1.1 Mozilla/5.0 (Windows NT 10.0; Win64; x64) AppleWebKit/537.36 (KHTML, like Gecko) Chrome/67.0.3396.99 Safari/537.36]
[2018-08-06T23:31:18.671] [INFO] default - [::1 GET /layui/css/modules/layer/default/loading-2.gif 304 0ms][http://localhost:3000/layui/css/modules/layer/default/layer.css?v=3.1.1 HTTP/1.1 Mozilla/5.0 (Windows NT 10.0; Win64; x64) AppleWebKit/537.36 (KHTML, like Gecko) Chrome/67.0.3396.99 Safari/537.36]
[2018-08-06T23:31:18.678] [INFO] default - [::1 GET /javascript/index1.js?_=1533569478649 200 1ms][http://localhost:3000/ HTTP/1.1 Mozilla/5.0 (Windows NT 10.0; Win64; x64) AppleWebKit/537.36 (KHTML, like Gecko) Chrome/67.0.3396.99 Safari/537.36]
[2018-08-06T23:31:18.684] [INFO] default - [::1 GET /javascript/order.js?_=1533569478650 200 1ms][http://localhost:3000/ HTTP/1.1 Mozilla/5.0 (Windows NT 10.0; Win64; x64) AppleWebKit/537.36 (KHTML, like Gecko) Chrome/67.0.3396.99 Safari/537.36]
[2018-08-06T23:31:18.689] [INFO] default - [::1 GET /javascript/sales.js?_=1533569478651 200 0ms][http://localhost:3000/ HTTP/1.1 Mozilla/5.0 (Windows NT 10.0; Win64; x64) AppleWebKit/537.36 (KHTML, like Gecko) Chrome/67.0.3396.99 Safari/537.36]
[2018-08-06T23:31:18.696] [INFO] default - [::1 GET /javascript/pullSignal.js?_=1533569478652 200 1ms][http://localhost:3000/ HTTP/1.1 Mozilla/5.0 (Windows NT 10.0; Win64; x64) AppleWebKit/537.36 (KHTML, like Gecko) Chrome/67.0.3396.99 Safari/537.36]
[2018-08-06T23:31:18.699] [INFO] default - [::1 GET /javascript/addApplicationGoods.js?_=1533569478653 200 0ms][http://localhost:3000/ HTTP/1.1 Mozilla/5.0 (Windows NT 10.0; Win64; x64) AppleWebKit/537.36 (KHTML, like Gecko) Chrome/67.0.3396.99 Safari/537.36]
[2018-08-06T23:31:18.703] [INFO] default - [::1 GET /javascript/addReturnRequest.js?_=1533569478654 200 1ms][http://localhost:3000/ HTTP/1.1 Mozilla/5.0 (Windows NT 10.0; Win64; x64) AppleWebKit/537.36 (KHTML, like Gecko) Chrome/67.0.3396.99 Safari/537.36]
[2018-08-06T23:31:18.707] [INFO] default - [::1 GET /javascript/requireGoodsList.js?_=1533569478655 200 0ms][http://localhost:3000/ HTTP/1.1 Mozilla/5.0 (Windows NT 10.0; Win64; x64) AppleWebKit/537.36 (KHTML, like Gecko) Chrome/67.0.3396.99 Safari/537.36]
[2018-08-06T23:31:18.713] [INFO] default - [::1 GET /javascript/saleslist.js?_=1533569478656 200 1ms][http://localhost:3000/ HTTP/1.1 Mozilla/5.0 (Windows NT 10.0; Win64; x64) AppleWebKit/537.36 (KHTML, like Gecko) Chrome/67.0.3396.99 Safari/537.36]
[2018-08-06T23:31:18.717] [INFO] default - [::1 GET /javascript/saleslist_goods.js?_=1533569478657 200 1ms][http://localhost:3000/ HTTP/1.1 Mozilla/5.0 (Windows NT 10.0; Win64; x64) AppleWebKit/537.36 (KHTML, like Gecko) Chrome/67.0.3396.99 Safari/537.36]
[2018-08-06T23:31:18.723] [INFO] default - [::1 GET /javascript/productList.js?_=1533569478658 200 1ms][http://localhost:3000/ HTTP/1.1 Mozilla/5.0 (Windows NT 10.0; Win64; x64) AppleWebKit/537.36 (KHTML, like Gecko) Chrome/67.0.3396.99 Safari/537.36]
[2018-08-06T23:31:18.728] [INFO] default - [::1 GET /javascript/selectCustomer.js?_=1533569478659 200 1ms][http://localhost:3000/ HTTP/1.1 Mozilla/5.0 (Windows NT 10.0; Win64; x64) AppleWebKit/537.36 (KHTML, like Gecko) Chrome/67.0.3396.99 Safari/537.36]
[2018-08-06T23:31:18.732] [INFO] default - [::1 GET /javascript/productDetail.js?_=1533569478660 200 1ms][http://localhost:3000/ HTTP/1.1 Mozilla/5.0 (Windows NT 10.0; Win64; x64) AppleWebKit/537.36 (KHTML, like Gecko) Chrome/67.0.3396.99 Safari/537.36]
[2018-08-06T23:31:18.735] [INFO] default - [::1 GET /layui/lay/modules/laytpl.js 304 1ms][http://localhost:3000/ HTTP/1.1 Mozilla/5.0 (Windows NT 10.0; Win64; x64) AppleWebKit/537.36 (KHTML, like Gecko) Chrome/67.0.3396.99 Safari/537.36]
[2018-08-06T23:31:18.745] [INFO] default - [::1 GET /layui/font/iconfont.woff?v=230 304 1ms][http://localhost:3000/layui/css/layui.css HTTP/1.1 Mozilla/5.0 (Windows NT 10.0; Win64; x64) AppleWebKit/537.36 (KHTML, like Gecko) Chrome/67.0.3396.99 Safari/537.36]
[2018-08-06T23:31:21.784] [INFO] default - [::1 GET /layui/css/modules/layer/default/icon.png 304 0ms][http://localhost:3000/layui/css/modules/layer/default/layer.css?v=3.1.1 HTTP/1.1 Mozilla/5.0 (Windows NT 10.0; Win64; x64) AppleWebKit/537.36 (KHTML, like Gecko) Chrome/67.0.3396.99 Safari/537.36]
[2018-08-06T23:31:22.424] [INFO] default - [::1 POST /Project 200 3686ms][http://localhost:3000/ HTTP/1.1 Mozilla/5.0 (Windows NT 10.0; Win64; x64) AppleWebKit/537.36 (KHTML, like Gecko) Chrome/67.0.3396.99 Safari/537.36]
[2018-08-06T23:31:22.512] [INFO] default - [::1 GET /partner 304 3772ms][http://localhost:3000/ HTTP/1.1 Mozilla/5.0 (Windows NT 10.0; Win64; x64) AppleWebKit/537.36 (KHTML, like Gecko) Chrome/67.0.3396.99 Safari/537.36]
[2018-08-06T23:31:23.827] [INFO] default - [::1 GET /warehouse 304 5087ms][http://localhost:3000/ HTTP/1.1 Mozilla/5.0 (Windows NT 10.0; Win64; x64) AppleWebKit/537.36 (KHTML, like Gecko) Chrome/67.0.3396.99 Safari/537.36]
[2018-08-06T23:31:23.828] [INFO] default - [::1 POST /person 200 5088ms][http://localhost:3000/ HTTP/1.1 Mozilla/5.0 (Windows NT 10.0; Win64; x64) AppleWebKit/537.36 (KHTML, like Gecko) Chrome/67.0.3396.99 Safari/537.36]
[2018-08-06T23:31:24.561] [INFO] default - [::1 POST /BankAccount 200 2773ms][http://localhost:3000/ HTTP/1.1 Mozilla/5.0 (Windows NT 10.0; Win64; x64) AppleWebKit/537.36 (KHTML, like Gecko) Chrome/67.0.3396.99 Safari/537.36]
[2018-08-06T23:31:25.105] [INFO] default - [::1 POST /SettleStyle 200 3319ms][http://localhost:3000/ HTTP/1.1 Mozilla/5.0 (Windows NT 10.0; Win64; x64) AppleWebKit/537.36 (KHTML, like Gecko) Chrome/67.0.3396.99 Safari/537.36]
[2018-08-06T23:31:25.372] [INFO] default - [::1 GET /layui/css/modules/layer/default/loading-0.gif 304 1ms][http://localhost:3000/layui/css/modules/layer/default/layer.css?v=3.1.1 HTTP/1.1 Mozilla/5.0 (Windows NT 10.0; Win64; x64) AppleWebKit/537.36 (KHTML, like Gecko) Chrome/67.0.3396.99 Safari/537.36]
[2018-08-06T23:31:26.935] [INFO] default - [::1 POST /BankAccount 200 2453ms][http://localhost:3000/ HTTP/1.1 Mozilla/5.0 (Windows NT 10.0; Win64; x64) AppleWebKit/537.36 (KHTML, like Gecko) Chrome/67.0.3396.99 Safari/537.36]
[2018-08-06T23:31:27.532] [INFO] default - [::1 POST /SettleStyle 200 3052ms][http://localhost:3000/ HTTP/1.1 Mozilla/5.0 (Windows NT 10.0; Win64; x64) AppleWebKit/537.36 (KHTML, like Gecko) Chrome/67.0.3396.99 Safari/537.36]
[2018-08-06T23:31:28.424] [INFO] default - [::1 POST /saleDeliveryCreate 200 3051ms][http://localhost:3000/ HTTP/1.1 Mozilla/5.0 (Windows NT 10.0; Win64; x64) AppleWebKit/537.36 (KHTML, like Gecko) Chrome/67.0.3396.99 Safari/537.36]
[2018-08-06T23:32:11.103] [INFO] default - [::1 GET / 304 5ms][http://localhost:3000/ HTTP/1.1 Mozilla/5.0 (Windows NT 10.0; Win64; x64) AppleWebKit/537.36 (KHTML, like Gecko) Chrome/67.0.3396.99 Safari/537.36]
[2018-08-06T23:32:11.111] [INFO] default - [::1 GET /layui/css/layui.css 304 1ms][http://localhost:3000/ HTTP/1.1 Mozilla/5.0 (Windows NT 10.0; Win64; x64) AppleWebKit/537.36 (KHTML, like Gecko) Chrome/67.0.3396.99 Safari/537.36]
[2018-08-06T23:32:11.112] [INFO] default - [::1 GET /ydui/css/ydui.css 304 2ms][http://localhost:3000/ HTTP/1.1 Mozilla/5.0 (Windows NT 10.0; Win64; x64) AppleWebKit/537.36 (KHTML, like Gecko) Chrome/67.0.3396.99 Safari/537.36]
[2018-08-06T23:32:11.114] [INFO] default - [::1 GET /jquery-weui/dist/lib/weui.min.css 304 2ms][http://localhost:3000/ HTTP/1.1 Mozilla/5.0 (Windows NT 10.0; Win64; x64) AppleWebKit/537.36 (KHTML, like Gecko) Chrome/67.0.3396.99 Safari/537.36]
[2018-08-06T23:32:11.115] [INFO] default - [::1 GET /css/order.css 304 3ms][http://localhost:3000/ HTTP/1.1 Mozilla/5.0 (Windows NT 10.0; Win64; x64) AppleWebKit/537.36 (KHTML, like Gecko) Chrome/67.0.3396.99 Safari/537.36]
[2018-08-06T23:32:11.115] [INFO] default - [::1 GET /ydui/js/ydui.flexible.js 304 2ms][http://localhost:3000/ HTTP/1.1 Mozilla/5.0 (Windows NT 10.0; Win64; x64) AppleWebKit/537.36 (KHTML, like Gecko) Chrome/67.0.3396.99 Safari/537.36]
[2018-08-06T23:32:11.116] [INFO] default - [::1 GET /layui/layui.js 304 3ms][http://localhost:3000/ HTTP/1.1 Mozilla/5.0 (Windows NT 10.0; Win64; x64) AppleWebKit/537.36 (KHTML, like Gecko) Chrome/67.0.3396.99 Safari/537.36]
[2018-08-06T23:32:11.116] [INFO] default - [::1 GET /jquery/jquery.min.js 304 3ms][http://localhost:3000/ HTTP/1.1 Mozilla/5.0 (Windows NT 10.0; Win64; x64) AppleWebKit/537.36 (KHTML, like Gecko) Chrome/67.0.3396.99 Safari/537.36]
[2018-08-06T23:32:11.117] [INFO] default - [::1 GET /jquery-weui/dist/js/jquery-weui.min.js 304 4ms][http://localhost:3000/ HTTP/1.1 Mozilla/5.0 (Windows NT 10.0; Win64; x64) AppleWebKit/537.36 (KHTML, like Gecko) Chrome/67.0.3396.99 Safari/537.36]
[2018-08-06T23:32:11.119] [INFO] default - [::1 GET /javascript/function.js 304 1ms][http://localhost:3000/ HTTP/1.1 Mozilla/5.0 (Windows NT 10.0; Win64; x64) AppleWebKit/537.36 (KHTML, like Gecko) Chrome/67.0.3396.99 Safari/537.36]
[2018-08-06T23:32:11.127] [INFO] default - [::1 GET /layui/lay/modules/layer.js 304 0ms][http://localhost:3000/ HTTP/1.1 Mozilla/5.0 (Windows NT 10.0; Win64; x64) AppleWebKit/537.36 (KHTML, like Gecko) Chrome/67.0.3396.99 Safari/537.36]
[2018-08-06T23:32:11.131] [INFO] default - [::1 GET /layui/css/modules/layer/default/layer.css?v=3.1.1 304 1ms][http://localhost:3000/ HTTP/1.1 Mozilla/5.0 (Windows NT 10.0; Win64; x64) AppleWebKit/537.36 (KHTML, like Gecko) Chrome/67.0.3396.99 Safari/537.36]
[2018-08-06T23:32:11.132] [INFO] default - [::1 GET /layui/lay/modules/form.js 304 1ms][http://localhost:3000/ HTTP/1.1 Mozilla/5.0 (Windows NT 10.0; Win64; x64) AppleWebKit/537.36 (KHTML, like Gecko) Chrome/67.0.3396.99 Safari/537.36]
[2018-08-06T23:32:11.135] [INFO] default - [::1 GET /layui/css/modules/layer/default/loading-2.gif 304 0ms][http://localhost:3000/layui/css/modules/layer/default/layer.css?v=3.1.1 HTTP/1.1 Mozilla/5.0 (Windows NT 10.0; Win64; x64) AppleWebKit/537.36 (KHTML, like Gecko) Chrome/67.0.3396.99 Safari/537.36]
[2018-08-06T23:32:11.139] [INFO] default - [::1 GET /javascript/index1.js?_=1533569531122 200 0ms][http://localhost:3000/ HTTP/1.1 Mozilla/5.0 (Windows NT 10.0; Win64; x64) AppleWebKit/537.36 (KHTML, like Gecko) Chrome/67.0.3396.99 Safari/537.36]
[2018-08-06T23:32:11.144] [INFO] default - [::1 GET /javascript/order.js?_=1533569531123 200 1ms][http://localhost:3000/ HTTP/1.1 Mozilla/5.0 (Windows NT 10.0; Win64; x64) AppleWebKit/537.36 (KHTML, like Gecko) Chrome/67.0.3396.99 Safari/537.36]
[2018-08-06T23:32:11.147] [INFO] default - [::1 GET /javascript/sales.js?_=1533569531124 200 1ms][http://localhost:3000/ HTTP/1.1 Mozilla/5.0 (Windows NT 10.0; Win64; x64) AppleWebKit/537.36 (KHTML, like Gecko) Chrome/67.0.3396.99 Safari/537.36]
[2018-08-06T23:32:11.151] [INFO] default - [::1 GET /javascript/pullSignal.js?_=1533569531125 200 0ms][http://localhost:3000/ HTTP/1.1 Mozilla/5.0 (Windows NT 10.0; Win64; x64) AppleWebKit/537.36 (KHTML, like Gecko) Chrome/67.0.3396.99 Safari/537.36]
[2018-08-06T23:32:11.155] [INFO] default - [::1 GET /javascript/addApplicationGoods.js?_=1533569531126 200 1ms][http://localhost:3000/ HTTP/1.1 Mozilla/5.0 (Windows NT 10.0; Win64; x64) AppleWebKit/537.36 (KHTML, like Gecko) Chrome/67.0.3396.99 Safari/537.36]
[2018-08-06T23:32:11.160] [INFO] default - [::1 GET /javascript/addReturnRequest.js?_=1533569531127 200 1ms][http://localhost:3000/ HTTP/1.1 Mozilla/5.0 (Windows NT 10.0; Win64; x64) AppleWebKit/537.36 (KHTML, like Gecko) Chrome/67.0.3396.99 Safari/537.36]
[2018-08-06T23:32:11.163] [INFO] default - [::1 GET /javascript/requireGoodsList.js?_=1533569531128 200 1ms][http://localhost:3000/ HTTP/1.1 Mozilla/5.0 (Windows NT 10.0; Win64; x64) AppleWebKit/537.36 (KHTML, like Gecko) Chrome/67.0.3396.99 Safari/537.36]
[2018-08-06T23:32:11.167] [INFO] default - [::1 GET /javascript/saleslist.js?_=1533569531129 200 1ms][http://localhost:3000/ HTTP/1.1 Mozilla/5.0 (Windows NT 10.0; Win64; x64) AppleWebKit/537.36 (KHTML, like Gecko) Chrome/67.0.3396.99 Safari/537.36]
[2018-08-06T23:32:11.172] [INFO] default - [::1 GET /javascript/saleslist_goods.js?_=1533569531130 200 0ms][http://localhost:3000/ HTTP/1.1 Mozilla/5.0 (Windows NT 10.0; Win64; x64) AppleWebKit/537.36 (KHTML, like Gecko) Chrome/67.0.3396.99 Safari/537.36]
[2018-08-06T23:32:11.176] [INFO] default - [::1 GET /javascript/productList.js?_=1533569531131 200 0ms][http://localhost:3000/ HTTP/1.1 Mozilla/5.0 (Windows NT 10.0; Win64; x64) AppleWebKit/537.36 (KHTML, like Gecko) Chrome/67.0.3396.99 Safari/537.36]
[2018-08-06T23:32:11.180] [INFO] default - [::1 GET /javascript/selectCustomer.js?_=1533569531132 200 1ms][http://localhost:3000/ HTTP/1.1 Mozilla/5.0 (Windows NT 10.0; Win64; x64) AppleWebKit/537.36 (KHTML, like Gecko) Chrome/67.0.3396.99 Safari/537.36]
[2018-08-06T23:32:11.184] [INFO] default - [::1 GET /javascript/productDetail.js?_=1533569531133 200 1ms][http://localhost:3000/ HTTP/1.1 Mozilla/5.0 (Windows NT 10.0; Win64; x64) AppleWebKit/537.36 (KHTML, like Gecko) Chrome/67.0.3396.99 Safari/537.36]
[2018-08-06T23:32:11.187] [INFO] default - [::1 GET /layui/lay/modules/laytpl.js 304 1ms][http://localhost:3000/ HTTP/1.1 Mozilla/5.0 (Windows NT 10.0; Win64; x64) AppleWebKit/537.36 (KHTML, like Gecko) Chrome/67.0.3396.99 Safari/537.36]
[2018-08-06T23:32:11.206] [INFO] default - [::1 GET /layui/font/iconfont.woff?v=230 304 1ms][http://localhost:3000/layui/css/layui.css HTTP/1.1 Mozilla/5.0 (Windows NT 10.0; Win64; x64) AppleWebKit/537.36 (KHTML, like Gecko) Chrome/67.0.3396.99 Safari/537.36]
[2018-08-06T23:32:14.543] [INFO] default - [::1 GET /partner 304 3352ms][http://localhost:3000/ HTTP/1.1 Mozilla/5.0 (Windows NT 10.0; Win64; x64) AppleWebKit/537.36 (KHTML, like Gecko) Chrome/67.0.3396.99 Safari/537.36]
[2018-08-06T23:32:14.911] [INFO] default - [::1 POST /Project 200 3721ms][http://localhost:3000/ HTTP/1.1 Mozilla/5.0 (Windows NT 10.0; Win64; x64) AppleWebKit/537.36 (KHTML, like Gecko) Chrome/67.0.3396.99 Safari/537.36]
[2018-08-06T23:32:15.334] [INFO] default - [::1 GET /warehouse 304 4143ms][http://localhost:3000/ HTTP/1.1 Mozilla/5.0 (Windows NT 10.0; Win64; x64) AppleWebKit/537.36 (KHTML, like Gecko) Chrome/67.0.3396.99 Safari/537.36]
[2018-08-06T23:32:15.695] [INFO] default - [::1 POST /person 200 4504ms][http://localhost:3000/ HTTP/1.1 Mozilla/5.0 (Windows NT 10.0; Win64; x64) AppleWebKit/537.36 (KHTML, like Gecko) Chrome/67.0.3396.99 Safari/537.36]
[2018-08-06T23:32:20.622] [INFO] default - [::1 GET /layui/css/modules/layer/default/icon.png 304 1ms][http://localhost:3000/layui/css/modules/layer/default/layer.css?v=3.1.1 HTTP/1.1 Mozilla/5.0 (Windows NT 10.0; Win64; x64) AppleWebKit/537.36 (KHTML, like Gecko) Chrome/67.0.3396.99 Safari/537.36]
[2018-08-06T23:32:22.868] [INFO] default - [::1 POST /SettleStyle 200 2244ms][http://localhost:3000/ HTTP/1.1 Mozilla/5.0 (Windows NT 10.0; Win64; x64) AppleWebKit/537.36 (KHTML, like Gecko) Chrome/67.0.3396.99 Safari/537.36]
[2018-08-06T23:32:23.346] [INFO] default - [::1 POST /BankAccount 200 2721ms][http://localhost:3000/ HTTP/1.1 Mozilla/5.0 (Windows NT 10.0; Win64; x64) AppleWebKit/537.36 (KHTML, like Gecko) Chrome/67.0.3396.99 Safari/537.36]
[2018-08-06T23:32:29.723] [INFO] default - [::1 GET /layui/css/modules/layer/default/loading-0.gif 304 2ms][http://localhost:3000/layui/css/modules/layer/default/layer.css?v=3.1.1 HTTP/1.1 Mozilla/5.0 (Windows NT 10.0; Win64; x64) AppleWebKit/537.36 (KHTML, like Gecko) Chrome/67.0.3396.99 Safari/537.36]
[2018-08-06T23:32:31.304] [INFO] default - [::1 POST /saleDeliveryCreate 200 1583ms][http://localhost:3000/ HTTP/1.1 Mozilla/5.0 (Windows NT 10.0; Win64; x64) AppleWebKit/537.36 (KHTML, like Gecko) Chrome/67.0.3396.99 Safari/537.36]
[2018-08-06T23:33:47.651] [INFO] default - [::1 GET / 304 4ms][http://localhost:3000/ HTTP/1.1 Mozilla/5.0 (Windows NT 10.0; Win64; x64) AppleWebKit/537.36 (KHTML, like Gecko) Chrome/67.0.3396.99 Safari/537.36]
[2018-08-06T23:33:47.664] [INFO] default - [::1 GET /layui/css/layui.css 304 2ms][http://localhost:3000/ HTTP/1.1 Mozilla/5.0 (Windows NT 10.0; Win64; x64) AppleWebKit/537.36 (KHTML, like Gecko) Chrome/67.0.3396.99 Safari/537.36]
[2018-08-06T23:33:47.667] [INFO] default - [::1 GET /ydui/css/ydui.css 304 4ms][http://localhost:3000/ HTTP/1.1 Mozilla/5.0 (Windows NT 10.0; Win64; x64) AppleWebKit/537.36 (KHTML, like Gecko) Chrome/67.0.3396.99 Safari/537.36]
[2018-08-06T23:33:47.667] [INFO] default - [::1 GET /jquery-weui/dist/lib/weui.min.css 304 3ms][http://localhost:3000/ HTTP/1.1 Mozilla/5.0 (Windows NT 10.0; Win64; x64) AppleWebKit/537.36 (KHTML, like Gecko) Chrome/67.0.3396.99 Safari/537.36]
[2018-08-06T23:33:47.668] [INFO] default - [::1 GET /css/order.css 304 3ms][http://localhost:3000/ HTTP/1.1 Mozilla/5.0 (Windows NT 10.0; Win64; x64) AppleWebKit/537.36 (KHTML, like Gecko) Chrome/67.0.3396.99 Safari/537.36]
[2018-08-06T23:33:47.669] [INFO] default - [::1 GET /ydui/js/ydui.flexible.js 304 4ms][http://localhost:3000/ HTTP/1.1 Mozilla/5.0 (Windows NT 10.0; Win64; x64) AppleWebKit/537.36 (KHTML, like Gecko) Chrome/67.0.3396.99 Safari/537.36]
[2018-08-06T23:33:47.671] [INFO] default - [::1 GET /layui/layui.js 304 4ms][http://localhost:3000/ HTTP/1.1 Mozilla/5.0 (Windows NT 10.0; Win64; x64) AppleWebKit/537.36 (KHTML, like Gecko) Chrome/67.0.3396.99 Safari/537.36]
[2018-08-06T23:33:47.671] [INFO] default - [::1 GET /jquery/jquery.min.js 304 5ms][http://localhost:3000/ HTTP/1.1 Mozilla/5.0 (Windows NT 10.0; Win64; x64) AppleWebKit/537.36 (KHTML, like Gecko) Chrome/67.0.3396.99 Safari/537.36]
[2018-08-06T23:33:47.672] [INFO] default - [::1 GET /jquery-weui/dist/js/jquery-weui.min.js 304 0ms][http://localhost:3000/ HTTP/1.1 Mozilla/5.0 (Windows NT 10.0; Win64; x64) AppleWebKit/537.36 (KHTML, like Gecko) Chrome/67.0.3396.99 Safari/537.36]
[2018-08-06T23:33:47.674] [INFO] default - [::1 GET /javascript/function.js 304 2ms][http://localhost:3000/ HTTP/1.1 Mozilla/5.0 (Windows NT 10.0; Win64; x64) AppleWebKit/537.36 (KHTML, like Gecko) Chrome/67.0.3396.99 Safari/537.36]
[2018-08-06T23:33:47.700] [INFO] default - [::1 GET /layui/lay/modules/layer.js 304 1ms][http://localhost:3000/ HTTP/1.1 Mozilla/5.0 (Windows NT 10.0; Win64; x64) AppleWebKit/537.36 (KHTML, like Gecko) Chrome/67.0.3396.99 Safari/537.36]
[2018-08-06T23:33:47.703] [INFO] default - [::1 GET /layui/css/modules/layer/default/layer.css?v=3.1.1 304 0ms][http://localhost:3000/ HTTP/1.1 Mozilla/5.0 (Windows NT 10.0; Win64; x64) AppleWebKit/537.36 (KHTML, like Gecko) Chrome/67.0.3396.99 Safari/537.36]
[2018-08-06T23:33:47.705] [INFO] default - [::1 GET /layui/lay/modules/form.js 304 1ms][http://localhost:3000/ HTTP/1.1 Mozilla/5.0 (Windows NT 10.0; Win64; x64) AppleWebKit/537.36 (KHTML, like Gecko) Chrome/67.0.3396.99 Safari/537.36]
[2018-08-06T23:33:47.709] [INFO] default - [::1 GET /layui/css/modules/layer/default/loading-2.gif 304 0ms][http://localhost:3000/layui/css/modules/layer/default/layer.css?v=3.1.1 HTTP/1.1 Mozilla/5.0 (Windows NT 10.0; Win64; x64) AppleWebKit/537.36 (KHTML, like Gecko) Chrome/67.0.3396.99 Safari/537.36]
[2018-08-06T23:33:47.714] [INFO] default - [::1 GET /javascript/index1.js?_=1533569627695 200 1ms][http://localhost:3000/ HTTP/1.1 Mozilla/5.0 (Windows NT 10.0; Win64; x64) AppleWebKit/537.36 (KHTML, like Gecko) Chrome/67.0.3396.99 Safari/537.36]
[2018-08-06T23:33:47.718] [INFO] default - [::1 GET /javascript/order.js?_=1533569627696 200 0ms][http://localhost:3000/ HTTP/1.1 Mozilla/5.0 (Windows NT 10.0; Win64; x64) AppleWebKit/537.36 (KHTML, like Gecko) Chrome/67.0.3396.99 Safari/537.36]
[2018-08-06T23:33:47.722] [INFO] default - [::1 GET /javascript/sales.js?_=1533569627697 200 1ms][http://localhost:3000/ HTTP/1.1 Mozilla/5.0 (Windows NT 10.0; Win64; x64) AppleWebKit/537.36 (KHTML, like Gecko) Chrome/67.0.3396.99 Safari/537.36]
[2018-08-06T23:33:47.726] [INFO] default - [::1 GET /javascript/pullSignal.js?_=1533569627698 200 1ms][http://localhost:3000/ HTTP/1.1 Mozilla/5.0 (Windows NT 10.0; Win64; x64) AppleWebKit/537.36 (KHTML, like Gecko) Chrome/67.0.3396.99 Safari/537.36]
[2018-08-06T23:33:47.730] [INFO] default - [::1 GET /javascript/addApplicationGoods.js?_=1533569627699 200 1ms][http://localhost:3000/ HTTP/1.1 Mozilla/5.0 (Windows NT 10.0; Win64; x64) AppleWebKit/537.36 (KHTML, like Gecko) Chrome/67.0.3396.99 Safari/537.36]
[2018-08-06T23:33:47.734] [INFO] default - [::1 GET /javascript/addReturnRequest.js?_=1533569627700 200 1ms][http://localhost:3000/ HTTP/1.1 Mozilla/5.0 (Windows NT 10.0; Win64; x64) AppleWebKit/537.36 (KHTML, like Gecko) Chrome/67.0.3396.99 Safari/537.36]
[2018-08-06T23:33:47.738] [INFO] default - [::1 GET /javascript/requireGoodsList.js?_=1533569627701 200 0ms][http://localhost:3000/ HTTP/1.1 Mozilla/5.0 (Windows NT 10.0; Win64; x64) AppleWebKit/537.36 (KHTML, like Gecko) Chrome/67.0.3396.99 Safari/537.36]
[2018-08-06T23:33:47.742] [INFO] default - [::1 GET /javascript/saleslist.js?_=1533569627702 200 0ms][http://localhost:3000/ HTTP/1.1 Mozilla/5.0 (Windows NT 10.0; Win64; x64) AppleWebKit/537.36 (KHTML, like Gecko) Chrome/67.0.3396.99 Safari/537.36]
[2018-08-06T23:33:47.746] [INFO] default - [::1 GET /javascript/saleslist_goods.js?_=1533569627703 200 0ms][http://localhost:3000/ HTTP/1.1 Mozilla/5.0 (Windows NT 10.0; Win64; x64) AppleWebKit/537.36 (KHTML, like Gecko) Chrome/67.0.3396.99 Safari/537.36]
[2018-08-06T23:33:47.750] [INFO] default - [::1 GET /javascript/productList.js?_=1533569627704 200 1ms][http://localhost:3000/ HTTP/1.1 Mozilla/5.0 (Windows NT 10.0; Win64; x64) AppleWebKit/537.36 (KHTML, like Gecko) Chrome/67.0.3396.99 Safari/537.36]
[2018-08-06T23:33:47.755] [INFO] default - [::1 GET /javascript/selectCustomer.js?_=1533569627705 200 1ms][http://localhost:3000/ HTTP/1.1 Mozilla/5.0 (Windows NT 10.0; Win64; x64) AppleWebKit/537.36 (KHTML, like Gecko) Chrome/67.0.3396.99 Safari/537.36]
[2018-08-06T23:33:47.759] [INFO] default - [::1 GET /javascript/productDetail.js?_=1533569627706 200 0ms][http://localhost:3000/ HTTP/1.1 Mozilla/5.0 (Windows NT 10.0; Win64; x64) AppleWebKit/537.36 (KHTML, like Gecko) Chrome/67.0.3396.99 Safari/537.36]
[2018-08-06T23:33:47.761] [INFO] default - [::1 GET /layui/lay/modules/laytpl.js 304 0ms][http://localhost:3000/ HTTP/1.1 Mozilla/5.0 (Windows NT 10.0; Win64; x64) AppleWebKit/537.36 (KHTML, like Gecko) Chrome/67.0.3396.99 Safari/537.36]
[2018-08-06T23:33:47.772] [INFO] default - [::1 GET /layui/font/iconfont.woff?v=230 304 0ms][http://localhost:3000/layui/css/layui.css HTTP/1.1 Mozilla/5.0 (Windows NT 10.0; Win64; x64) AppleWebKit/537.36 (KHTML, like Gecko) Chrome/67.0.3396.99 Safari/537.36]
[2018-08-06T23:33:50.434] [INFO] default - [::1 POST /Project 200 2668ms][http://localhost:3000/ HTTP/1.1 Mozilla/5.0 (Windows NT 10.0; Win64; x64) AppleWebKit/537.36 (KHTML, like Gecko) Chrome/67.0.3396.99 Safari/537.36]
[2018-08-06T23:33:50.448] [INFO] default - [::1 GET /warehouse 304 2682ms][http://localhost:3000/ HTTP/1.1 Mozilla/5.0 (Windows NT 10.0; Win64; x64) AppleWebKit/537.36 (KHTML, like Gecko) Chrome/67.0.3396.99 Safari/537.36]
[2018-08-06T23:33:50.941] [INFO] default - [::1 GET /partner 304 3176ms][http://localhost:3000/ HTTP/1.1 Mozilla/5.0 (Windows NT 10.0; Win64; x64) AppleWebKit/537.36 (KHTML, like Gecko) Chrome/67.0.3396.99 Safari/537.36]
[2018-08-06T23:33:51.010] [INFO] default - [::1 POST /person 200 3242ms][http://localhost:3000/ HTTP/1.1 Mozilla/5.0 (Windows NT 10.0; Win64; x64) AppleWebKit/537.36 (KHTML, like Gecko) Chrome/67.0.3396.99 Safari/537.36]
[2018-08-06T23:33:53.668] [INFO] default - [::1 GET /layui/css/modules/layer/default/icon.png 304 1ms][http://localhost:3000/layui/css/modules/layer/default/layer.css?v=3.1.1 HTTP/1.1 Mozilla/5.0 (Windows NT 10.0; Win64; x64) AppleWebKit/537.36 (KHTML, like Gecko) Chrome/67.0.3396.99 Safari/537.36]
[2018-08-06T23:33:55.560] [INFO] default - [::1 POST /BankAccount 200 1889ms][http://localhost:3000/ HTTP/1.1 Mozilla/5.0 (Windows NT 10.0; Win64; x64) AppleWebKit/537.36 (KHTML, like Gecko) Chrome/67.0.3396.99 Safari/537.36]
[2018-08-06T23:33:55.582] [INFO] default - [::1 POST /SettleStyle 200 1911ms][http://localhost:3000/ HTTP/1.1 Mozilla/5.0 (Windows NT 10.0; Win64; x64) AppleWebKit/537.36 (KHTML, like Gecko) Chrome/67.0.3396.99 Safari/537.36]
[2018-08-06T23:33:56.825] [INFO] default - [::1 GET /layui/css/modules/layer/default/loading-0.gif 304 0ms][http://localhost:3000/layui/css/modules/layer/default/layer.css?v=3.1.1 HTTP/1.1 Mozilla/5.0 (Windows NT 10.0; Win64; x64) AppleWebKit/537.36 (KHTML, like Gecko) Chrome/67.0.3396.99 Safari/537.36]
[2018-08-06T23:33:58.349] [INFO] default - [::1 POST /saleDeliveryCreate 200 1523ms][http://localhost:3000/ HTTP/1.1 Mozilla/5.0 (Windows NT 10.0; Win64; x64) AppleWebKit/537.36 (KHTML, like Gecko) Chrome/67.0.3396.99 Safari/537.36]
[2018-08-06T23:35:31.622] [INFO] default - [::1 GET /layui/css/layui.css 304 1ms][http://localhost:3000/ HTTP/1.1 Mozilla/5.0 (Windows NT 10.0; Win64; x64) AppleWebKit/537.36 (KHTML, like Gecko) Chrome/67.0.3396.99 Safari/537.36]
[2018-08-06T23:35:31.623] [INFO] default - [::1 GET /ydui/css/ydui.css 304 2ms][http://localhost:3000/ HTTP/1.1 Mozilla/5.0 (Windows NT 10.0; Win64; x64) AppleWebKit/537.36 (KHTML, like Gecko) Chrome/67.0.3396.99 Safari/537.36]
[2018-08-06T23:35:31.624] [INFO] default - [::1 GET /layui/css/modules/layer/default/layer.css?v=3.1.1 304 2ms][http://localhost:3000/ HTTP/1.1 Mozilla/5.0 (Windows NT 10.0; Win64; x64) AppleWebKit/537.36 (KHTML, like Gecko) Chrome/67.0.3396.99 Safari/537.36]
[2018-08-06T23:35:31.625] [INFO] default - [::1 GET /jquery-weui/dist/lib/weui.min.css 304 2ms][http://localhost:3000/ HTTP/1.1 Mozilla/5.0 (Windows NT 10.0; Win64; x64) AppleWebKit/537.36 (KHTML, like Gecko) Chrome/67.0.3396.99 Safari/537.36]
[2018-08-06T23:35:31.625] [INFO] default - [::1 GET /css/order.css 304 3ms][http://localhost:3000/ HTTP/1.1 Mozilla/5.0 (Windows NT 10.0; Win64; x64) AppleWebKit/537.36 (KHTML, like Gecko) Chrome/67.0.3396.99 Safari/537.36]
[2018-08-06T23:35:57.717] [INFO] default - [::1 GET / 304 4ms][http://localhost:3000/ HTTP/1.1 Mozilla/5.0 (iPhone; CPU iPhone OS 11_0 like Mac OS X) AppleWebKit/604.1.38 (KHTML, like Gecko) Version/11.0 Mobile/15A372 Safari/604.1]
[2018-08-06T23:35:57.728] [INFO] default - [::1 GET /layui/css/layui.css 304 2ms][http://localhost:3000/ HTTP/1.1 Mozilla/5.0 (iPhone; CPU iPhone OS 11_0 like Mac OS X) AppleWebKit/604.1.38 (KHTML, like Gecko) Version/11.0 Mobile/15A372 Safari/604.1]
[2018-08-06T23:35:57.728] [INFO] default - [::1 GET /ydui/css/ydui.css 304 1ms][http://localhost:3000/ HTTP/1.1 Mozilla/5.0 (iPhone; CPU iPhone OS 11_0 like Mac OS X) AppleWebKit/604.1.38 (KHTML, like Gecko) Version/11.0 Mobile/15A372 Safari/604.1]
[2018-08-06T23:35:57.730] [INFO] default - [::1 GET /jquery-weui/dist/lib/weui.min.css 304 3ms][http://localhost:3000/ HTTP/1.1 Mozilla/5.0 (iPhone; CPU iPhone OS 11_0 like Mac OS X) AppleWebKit/604.1.38 (KHTML, like Gecko) Version/11.0 Mobile/15A372 Safari/604.1]
[2018-08-06T23:35:57.730] [INFO] default - [::1 GET /css/order.css 304 3ms][http://localhost:3000/ HTTP/1.1 Mozilla/5.0 (iPhone; CPU iPhone OS 11_0 like Mac OS X) AppleWebKit/604.1.38 (KHTML, like Gecko) Version/11.0 Mobile/15A372 Safari/604.1]
[2018-08-06T23:35:57.730] [INFO] default - [::1 GET /ydui/js/ydui.flexible.js 304 3ms][http://localhost:3000/ HTTP/1.1 Mozilla/5.0 (iPhone; CPU iPhone OS 11_0 like Mac OS X) AppleWebKit/604.1.38 (KHTML, like Gecko) Version/11.0 Mobile/15A372 Safari/604.1]
[2018-08-06T23:35:57.731] [INFO] default - [::1 GET /layui/layui.js 304 4ms][http://localhost:3000/ HTTP/1.1 Mozilla/5.0 (iPhone; CPU iPhone OS 11_0 like Mac OS X) AppleWebKit/604.1.38 (KHTML, like Gecko) Version/11.0 Mobile/15A372 Safari/604.1]
[2018-08-06T23:35:57.731] [INFO] default - [::1 GET /jquery/jquery.min.js 304 2ms][http://localhost:3000/ HTTP/1.1 Mozilla/5.0 (iPhone; CPU iPhone OS 11_0 like Mac OS X) AppleWebKit/604.1.38 (KHTML, like Gecko) Version/11.0 Mobile/15A372 Safari/604.1]
[2018-08-06T23:35:57.732] [INFO] default - [::1 GET /jquery-weui/dist/js/jquery-weui.min.js 304 3ms][http://localhost:3000/ HTTP/1.1 Mozilla/5.0 (iPhone; CPU iPhone OS 11_0 like Mac OS X) AppleWebKit/604.1.38 (KHTML, like Gecko) Version/11.0 Mobile/15A372 Safari/604.1]
[2018-08-06T23:35:57.733] [INFO] default - [::1 GET /javascript/function.js 304 0ms][http://localhost:3000/ HTTP/1.1 Mozilla/5.0 (iPhone; CPU iPhone OS 11_0 like Mac OS X) AppleWebKit/604.1.38 (KHTML, like Gecko) Version/11.0 Mobile/15A372 Safari/604.1]
[2018-08-06T23:35:57.775] [INFO] default - [::1 GET /layui/lay/modules/layer.js 304 0ms][http://localhost:3000/ HTTP/1.1 Mozilla/5.0 (iPhone; CPU iPhone OS 11_0 like Mac OS X) AppleWebKit/604.1.38 (KHTML, like Gecko) Version/11.0 Mobile/15A372 Safari/604.1]
[2018-08-06T23:35:57.790] [INFO] default - [::1 GET /layui/css/modules/layer/default/layer.css?v=3.1.1 304 1ms][http://localhost:3000/ HTTP/1.1 Mozilla/5.0 (iPhone; CPU iPhone OS 11_0 like Mac OS X) AppleWebKit/604.1.38 (KHTML, like Gecko) Version/11.0 Mobile/15A372 Safari/604.1]
[2018-08-06T23:35:57.790] [INFO] default - [::1 GET /layui/lay/modules/form.js 304 0ms][http://localhost:3000/ HTTP/1.1 Mozilla/5.0 (iPhone; CPU iPhone OS 11_0 like Mac OS X) AppleWebKit/604.1.38 (KHTML, like Gecko) Version/11.0 Mobile/15A372 Safari/604.1]
[2018-08-06T23:35:57.797] [INFO] default - [::1 GET /layui/css/modules/layer/default/loading-2.gif 304 1ms][http://localhost:3000/layui/css/modules/layer/default/layer.css?v=3.1.1 HTTP/1.1 Mozilla/5.0 (iPhone; CPU iPhone OS 11_0 like Mac OS X) AppleWebKit/604.1.38 (KHTML, like Gecko) Version/11.0 Mobile/15A372 Safari/604.1]
[2018-08-06T23:35:57.806] [INFO] default - [::1 GET /javascript/index1.js?_=1533569757764 200 1ms][http://localhost:3000/ HTTP/1.1 Mozilla/5.0 (iPhone; CPU iPhone OS 11_0 like Mac OS X) AppleWebKit/604.1.38 (KHTML, like Gecko) Version/11.0 Mobile/15A372 Safari/604.1]
[2018-08-06T23:35:57.813] [INFO] default - [::1 GET /javascript/order.js?_=1533569757765 200 1ms][http://localhost:3000/ HTTP/1.1 Mozilla/5.0 (iPhone; CPU iPhone OS 11_0 like Mac OS X) AppleWebKit/604.1.38 (KHTML, like Gecko) Version/11.0 Mobile/15A372 Safari/604.1]
[2018-08-06T23:35:57.820] [INFO] default - [::1 GET /javascript/sales.js?_=1533569757766 200 2ms][http://localhost:3000/ HTTP/1.1 Mozilla/5.0 (iPhone; CPU iPhone OS 11_0 like Mac OS X) AppleWebKit/604.1.38 (KHTML, like Gecko) Version/11.0 Mobile/15A372 Safari/604.1]
[2018-08-06T23:35:57.829] [INFO] default - [::1 GET /javascript/pullSignal.js?_=1533569757767 200 2ms][http://localhost:3000/ HTTP/1.1 Mozilla/5.0 (iPhone; CPU iPhone OS 11_0 like Mac OS X) AppleWebKit/604.1.38 (KHTML, like Gecko) Version/11.0 Mobile/15A372 Safari/604.1]
[2018-08-06T23:35:57.835] [INFO] default - [::1 GET /javascript/addApplicationGoods.js?_=1533569757768 200 1ms][http://localhost:3000/ HTTP/1.1 Mozilla/5.0 (iPhone; CPU iPhone OS 11_0 like Mac OS X) AppleWebKit/604.1.38 (KHTML, like Gecko) Version/11.0 Mobile/15A372 Safari/604.1]
[2018-08-06T23:35:57.840] [INFO] default - [::1 GET /javascript/addReturnRequest.js?_=1533569757769 200 0ms][http://localhost:3000/ HTTP/1.1 Mozilla/5.0 (iPhone; CPU iPhone OS 11_0 like Mac OS X) AppleWebKit/604.1.38 (KHTML, like Gecko) Version/11.0 Mobile/15A372 Safari/604.1]
[2018-08-06T23:35:57.847] [INFO] default - [::1 GET /javascript/requireGoodsList.js?_=1533569757770 200 2ms][http://localhost:3000/ HTTP/1.1 Mozilla/5.0 (iPhone; CPU iPhone OS 11_0 like Mac OS X) AppleWebKit/604.1.38 (KHTML, like Gecko) Version/11.0 Mobile/15A372 Safari/604.1]
[2018-08-06T23:35:57.852] [INFO] default - [::1 GET /javascript/saleslist.js?_=1533569757771 200 1ms][http://localhost:3000/ HTTP/1.1 Mozilla/5.0 (iPhone; CPU iPhone OS 11_0 like Mac OS X) AppleWebKit/604.1.38 (KHTML, like Gecko) Version/11.0 Mobile/15A372 Safari/604.1]
[2018-08-06T23:35:57.856] [INFO] default - [::1 GET /javascript/saleslist_goods.js?_=1533569757772 200 0ms][http://localhost:3000/ HTTP/1.1 Mozilla/5.0 (iPhone; CPU iPhone OS 11_0 like Mac OS X) AppleWebKit/604.1.38 (KHTML, like Gecko) Version/11.0 Mobile/15A372 Safari/604.1]
[2018-08-06T23:35:57.863] [INFO] default - [::1 GET /javascript/productList.js?_=1533569757773 200 1ms][http://localhost:3000/ HTTP/1.1 Mozilla/5.0 (iPhone; CPU iPhone OS 11_0 like Mac OS X) AppleWebKit/604.1.38 (KHTML, like Gecko) Version/11.0 Mobile/15A372 Safari/604.1]
[2018-08-06T23:35:57.869] [INFO] default - [::1 GET /javascript/selectCustomer.js?_=1533569757774 200 1ms][http://localhost:3000/ HTTP/1.1 Mozilla/5.0 (iPhone; CPU iPhone OS 11_0 like Mac OS X) AppleWebKit/604.1.38 (KHTML, like Gecko) Version/11.0 Mobile/15A372 Safari/604.1]
[2018-08-06T23:35:57.874] [INFO] default - [::1 GET /javascript/productDetail.js?_=1533569757775 200 0ms][http://localhost:3000/ HTTP/1.1 Mozilla/5.0 (iPhone; CPU iPhone OS 11_0 like Mac OS X) AppleWebKit/604.1.38 (KHTML, like Gecko) Version/11.0 Mobile/15A372 Safari/604.1]
[2018-08-06T23:35:57.876] [INFO] default - [::1 GET /layui/lay/modules/laytpl.js 304 0ms][http://localhost:3000/ HTTP/1.1 Mozilla/5.0 (iPhone; CPU iPhone OS 11_0 like Mac OS X) AppleWebKit/604.1.38 (KHTML, like Gecko) Version/11.0 Mobile/15A372 Safari/604.1]
[2018-08-06T23:35:57.893] [INFO] default - [::1 GET /layui/font/iconfont.woff?v=230 304 1ms][http://localhost:3000/layui/css/layui.css HTTP/1.1 Mozilla/5.0 (iPhone; CPU iPhone OS 11_0 like Mac OS X) AppleWebKit/604.1.38 (KHTML, like Gecko) Version/11.0 Mobile/15A372 Safari/604.1]
[2018-08-06T23:35:59.828] [INFO] default - [::1 GET /layui/css/modules/layer/default/icon.png 304 1ms][http://localhost:3000/layui/css/modules/layer/default/layer.css?v=3.1.1 HTTP/1.1 Mozilla/5.0 (iPhone; CPU iPhone OS 11_0 like Mac OS X) AppleWebKit/604.1.38 (KHTML, like Gecko) Version/11.0 Mobile/15A372 Safari/604.1]
[2018-08-06T23:36:01.000] [INFO] default - [::1 GET /partner 304 3120ms][http://localhost:3000/ HTTP/1.1 Mozilla/5.0 (iPhone; CPU iPhone OS 11_0 like Mac OS X) AppleWebKit/604.1.38 (KHTML, like Gecko) Version/11.0 Mobile/15A372 Safari/604.1]
[2018-08-06T23:36:01.501] [INFO] default - [::1 POST /Project 200 3620ms][http://localhost:3000/ HTTP/1.1 Mozilla/5.0 (iPhone; CPU iPhone OS 11_0 like Mac OS X) AppleWebKit/604.1.38 (KHTML, like Gecko) Version/11.0 Mobile/15A372 Safari/604.1]
[2018-08-06T23:36:01.880] [INFO] default - [::1 GET /warehouse 304 3997ms][http://localhost:3000/ HTTP/1.1 Mozilla/5.0 (iPhone; CPU iPhone OS 11_0 like Mac OS X) AppleWebKit/604.1.38 (KHTML, like Gecko) Version/11.0 Mobile/15A372 Safari/604.1]
[2018-08-06T23:36:02.282] [INFO] default - [::1 POST /person 200 4400ms][http://localhost:3000/ HTTP/1.1 Mozilla/5.0 (iPhone; CPU iPhone OS 11_0 like Mac OS X) AppleWebKit/604.1.38 (KHTML, like Gecko) Version/11.0 Mobile/15A372 Safari/604.1]
[2018-08-06T23:36:03.292] [INFO] default - [::1 POST /SettleStyle 200 3461ms][http://localhost:3000/ HTTP/1.1 Mozilla/5.0 (iPhone; CPU iPhone OS 11_0 like Mac OS X) AppleWebKit/604.1.38 (KHTML, like Gecko) Version/11.0 Mobile/15A372 Safari/604.1]
[2018-08-06T23:36:03.296] [INFO] default - [::1 POST /BankAccount 200 3464ms][http://localhost:3000/ HTTP/1.1 Mozilla/5.0 (iPhone; CPU iPhone OS 11_0 like Mac OS X) AppleWebKit/604.1.38 (KHTML, like Gecko) Version/11.0 Mobile/15A372 Safari/604.1]
[2018-08-06T23:36:04.397] [INFO] default - [::1 GET /layui/css/modules/layer/default/loading-0.gif 304 1ms][http://localhost:3000/layui/css/modules/layer/default/layer.css?v=3.1.1 HTTP/1.1 Mozilla/5.0 (iPhone; CPU iPhone OS 11_0 like Mac OS X) AppleWebKit/604.1.38 (KHTML, like Gecko) Version/11.0 Mobile/15A372 Safari/604.1]
[2018-08-06T23:36:05.854] [INFO] default - [::1 POST /saleDeliveryCreate 200 1457ms][http://localhost:3000/ HTTP/1.1 Mozilla/5.0 (iPhone; CPU iPhone OS 11_0 like Mac OS X) AppleWebKit/604.1.38 (KHTML, like Gecko) Version/11.0 Mobile/15A372 Safari/604.1]
[2018-08-06T23:40:43.479] [INFO] default - [::1 GET /javascript/index1.js?_=1533570043436 200 1ms][http://localhost:3000/ HTTP/1.1 Mozilla/5.0 (iPhone; CPU iPhone OS 11_0 like Mac OS X) AppleWebKit/604.1.38 (KHTML, like Gecko) Version/11.0 Mobile/15A372 Safari/604.1]
[2018-08-06T23:40:43.486] [INFO] default - [::1 GET /javascript/order.js?_=1533570043437 200 1ms][http://localhost:3000/ HTTP/1.1 Mozilla/5.0 (iPhone; CPU iPhone OS 11_0 like Mac OS X) AppleWebKit/604.1.38 (KHTML, like Gecko) Version/11.0 Mobile/15A372 Safari/604.1]
[2018-08-06T23:40:43.491] [INFO] default - [::1 GET /javascript/sales.js?_=1533570043438 200 0ms][http://localhost:3000/ HTTP/1.1 Mozilla/5.0 (iPhone; CPU iPhone OS 11_0 like Mac OS X) AppleWebKit/604.1.38 (KHTML, like Gecko) Version/11.0 Mobile/15A372 Safari/604.1]
[2018-08-06T23:40:43.496] [INFO] default - [::1 GET /javascript/pullSignal.js?_=1533570043439 200 0ms][http://localhost:3000/ HTTP/1.1 Mozilla/5.0 (iPhone; CPU iPhone OS 11_0 like Mac OS X) AppleWebKit/604.1.38 (KHTML, like Gecko) Version/11.0 Mobile/15A372 Safari/604.1]
[2018-08-06T23:40:43.499] [INFO] default - [::1 GET /javascript/addApplicationGoods.js?_=1533570043440 200 1ms][http://localhost:3000/ HTTP/1.1 Mozilla/5.0 (iPhone; CPU iPhone OS 11_0 like Mac OS X) AppleWebKit/604.1.38 (KHTML, like Gecko) Version/11.0 Mobile/15A372 Safari/604.1]
[2018-08-06T23:40:43.505] [INFO] default - [::1 GET /javascript/addReturnRequest.js?_=1533570043441 200 0ms][http://localhost:3000/ HTTP/1.1 Mozilla/5.0 (iPhone; CPU iPhone OS 11_0 like Mac OS X) AppleWebKit/604.1.38 (KHTML, like Gecko) Version/11.0 Mobile/15A372 Safari/604.1]
[2018-08-06T23:40:43.509] [INFO] default - [::1 GET /javascript/requireGoodsList.js?_=1533570043442 200 1ms][http://localhost:3000/ HTTP/1.1 Mozilla/5.0 (iPhone; CPU iPhone OS 11_0 like Mac OS X) AppleWebKit/604.1.38 (KHTML, like Gecko) Version/11.0 Mobile/15A372 Safari/604.1]
[2018-08-06T23:40:43.514] [INFO] default - [::1 GET /javascript/saleslist.js?_=1533570043443 200 0ms][http://localhost:3000/ HTTP/1.1 Mozilla/5.0 (iPhone; CPU iPhone OS 11_0 like Mac OS X) AppleWebKit/604.1.38 (KHTML, like Gecko) Version/11.0 Mobile/15A372 Safari/604.1]
[2018-08-06T23:40:43.518] [INFO] default - [::1 GET /javascript/saleslist_goods.js?_=1533570043444 200 1ms][http://localhost:3000/ HTTP/1.1 Mozilla/5.0 (iPhone; CPU iPhone OS 11_0 like Mac OS X) AppleWebKit/604.1.38 (KHTML, like Gecko) Version/11.0 Mobile/15A372 Safari/604.1]
[2018-08-06T23:40:43.524] [INFO] default - [::1 GET /javascript/productList.js?_=1533570043445 200 1ms][http://localhost:3000/ HTTP/1.1 Mozilla/5.0 (iPhone; CPU iPhone OS 11_0 like Mac OS X) AppleWebKit/604.1.38 (KHTML, like Gecko) Version/11.0 Mobile/15A372 Safari/604.1]
[2018-08-06T23:40:43.530] [INFO] default - [::1 GET /javascript/selectCustomer.js?_=1533570043446 200 0ms][http://localhost:3000/ HTTP/1.1 Mozilla/5.0 (iPhone; CPU iPhone OS 11_0 like Mac OS X) AppleWebKit/604.1.38 (KHTML, like Gecko) Version/11.0 Mobile/15A372 Safari/604.1]
[2018-08-06T23:40:43.535] [INFO] default - [::1 GET /javascript/productDetail.js?_=1533570043447 200 0ms][http://localhost:3000/ HTTP/1.1 Mozilla/5.0 (iPhone; CPU iPhone OS 11_0 like Mac OS X) AppleWebKit/604.1.38 (KHTML, like Gecko) Version/11.0 Mobile/15A372 Safari/604.1]
[2018-08-06T23:40:43.537] [INFO] default - [::1 GET /layui/lay/modules/laytpl.js 304 0ms][http://localhost:3000/ HTTP/1.1 Mozilla/5.0 (iPhone; CPU iPhone OS 11_0 like Mac OS X) AppleWebKit/604.1.38 (KHTML, like Gecko) Version/11.0 Mobile/15A372 Safari/604.1]
[2018-08-06T23:40:46.190] [INFO] default - [::1 POST /person 200 2645ms][http://localhost:3000/ HTTP/1.1 Mozilla/5.0 (iPhone; CPU iPhone OS 11_0 like Mac OS X) AppleWebKit/604.1.38 (KHTML, like Gecko) Version/11.0 Mobile/15A372 Safari/604.1]
[2018-08-06T23:40:46.288] [INFO] default - [::1 GET /partner 304 2746ms][http://localhost:3000/ HTTP/1.1 Mozilla/5.0 (iPhone; CPU iPhone OS 11_0 like Mac OS X) AppleWebKit/604.1.38 (KHTML, like Gecko) Version/11.0 Mobile/15A372 Safari/604.1]
[2018-08-06T23:40:46.714] [INFO] default - [::1 POST /Project 200 3170ms][http://localhost:3000/ HTTP/1.1 Mozilla/5.0 (iPhone; CPU iPhone OS 11_0 like Mac OS X) AppleWebKit/604.1.38 (KHTML, like Gecko) Version/11.0 Mobile/15A372 Safari/604.1]
[2018-08-06T23:40:46.714] [INFO] default - [::1 GET /warehouse 304 3170ms][http://localhost:3000/ HTTP/1.1 Mozilla/5.0 (iPhone; CPU iPhone OS 11_0 like Mac OS X) AppleWebKit/604.1.38 (KHTML, like Gecko) Version/11.0 Mobile/15A372 Safari/604.1]
